19:49:06.168 [main                     ] DEBUG Logger               - Configured Logger
19:49:06.196 [main                     ] DEBUG GameApplication      - Logging settings
Title: DemoImage
Version: 0.0
Width: 800
Height: 600
Fullscreen: false
Intro: false
Profiling: false
Single step:false
App Mode: DEVELOPER
Menu Key: ESCAPE
Stage Style: DECORATED
Scene Factory: class com.almasb.fxgl.app.scene.SceneFactory

19:49:06.598 [JavaFX Application Thread] DEBUG FXGLApplication      - Initializing FXGL
19:49:06.602 [JavaFX Application Thread] INFO  Engine               - FXGL-21 (28.12.2023 13.35) on WINDOWS (J:21.0.1 FX:21.0.1)
19:49:06.602 [JavaFX Application Thread] DEBUG Engine               - JRE Vendor Name: Oracle Corporation
19:49:06.603 [JavaFX Application Thread] DEBUG Engine               - Running on OS: Windows 10 version 10.0
19:49:06.603 [JavaFX Application Thread] DEBUG Engine               - Architecture: amd64
19:49:06.603 [JavaFX Application Thread] INFO  Engine               - Source code and latest versions at: https://github.com/AlmasB/FXGL
19:49:06.603 [JavaFX Application Thread] INFO  Engine               -       Ask questions and discuss at: https://github.com/AlmasB/FXGL/discussions
19:49:06.603 [JavaFX Application Thread] INFO  Engine               -              Join the FXGL chat at: https://gitter.im/AlmasB/FXGL
19:49:06.730 [JavaFX Application Thread] DEBUG PrimaryStageWindow   - Creating a JavaFX scene
19:49:06.787 [JavaFX Application Thread] DEBUG PrimaryStageWindow   - Target settings size: 800.0 x 600.0
19:49:06.788 [JavaFX Application Thread] DEBUG PrimaryStageWindow   - Scaled scene size:    800.0 x 600.0
19:49:06.788 [JavaFX Application Thread] DEBUG PrimaryStageWindow   - Scaled ratio: (1.0, 1.0)
19:49:06.789 [JavaFX Application Thread] DEBUG PrimaryStageWindow   - Set initial scene to FXGLStartupScene
19:49:06.792 [JavaFX Application Thread] DEBUG PrimaryStageWindow   - Opening main window
19:49:06.898 [JavaFX Application Thread] DEBUG PrimaryStageWindow   - Window border size: (14.4000244140625, 37.5999755859375)
19:49:06.899 [JavaFX Application Thread] DEBUG PrimaryStageWindow   - Scaled size: 800.0 x 600.0
19:49:06.899 [JavaFX Application Thread] DEBUG PrimaryStageWindow   - Scaled ratio: (1.0, 1.0)
19:49:06.900 [JavaFX Application Thread] DEBUG PrimaryStageWindow   - Scene size: 800.0 x 600.0
19:49:06.900 [JavaFX Application Thread] DEBUG PrimaryStageWindow   - Stage size: 814.4000244140625 x 637.5999755859375
19:49:06.908 [FXGL Background Thread 1 ] DEBUG Engine               - Initializing environment variables
19:49:06.988 [FXGL Background Thread 1 ] DEBUG FXGLAssetLoaderServi - User app class for loading assets: class AppFinal
19:49:06.989 [FXGL Background Thread 1 ] DEBUG GameApplicationServi - Applying CSS: fxgl_dark.css
19:49:06.989 [FXGL Background Thread 1 ] DEBUG FXGLAssetLoaderServi - Loading from file system: jar:file:/C:/Users/Usuario/.m2/repository/com/github/almasb/fxgl/21/fxgl-21.jar!/fxglassets/ui/css/fxgl_dark.css
19:49:07.044 [FXGL Background Thread 1 ] DEBUG GameApplicationServi - Initializing application scenes
19:49:07.095 [FXGL Background Thread 1 ] DEBUG GameWorld            - Game world initialized
19:49:07.186 [FXGL Background Thread 1 ] DEBUG PhysicsWorld         - Physics world initialized: appHeight=600, physics.ppm=50,0
19:49:07.186 [FXGL Background Thread 1 ] DEBUG PhysicsWorld         - Using strategy: BRUTE_FORCE
19:49:07.191 [FXGL Background Thread 1 ] DEBUG GameScene            - Game scene initialized: 800x600
19:49:07.208 [FXGL Background Thread 1 ] DEBUG FXGL.DefaultMenu     - createMenuBodyGameMenu()
19:49:07.224 [FXGL Background Thread 1 ] DEBUG FXGL.DefaultMenu     - createOptionsMenu()
19:49:07.234 [FXGL Background Thread 1 ] DEBUG FXGLAssetLoaderServi - Loading from file system: jar:file:/C:/Users/Usuario/.m2/repository/com/github/almasb/fxgl/21/fxgl-21.jar!/fxglassets/textures/particles/smoke.png
19:49:07.349 [FXGL Background Thread 1 ] DEBUG FXGLAssetLoaderServi - Loading from file system: jar:file:/C:/Users/Usuario/.m2/repository/com/github/almasb/fxgl/21/fxgl-21.jar!/fxglassets/textures/particles/trace_horizontal.png
19:49:07.384 [FXGL Background Thread 1 ] DEBUG GameApplicationServi - Application scenes initialized
19:49:07.399 [FXGL Background Thread 1 ] DEBUG SystemBundleService  - Loading FXGL system data
19:49:07.403 [FXGL Background Thread 1 ] DEBUG FileSystemAccess     - Reading from: F:\Proyectos javafx\javafxgl\demoImageAnim\system\fxgl.bundle
19:49:07.412 [FXGL Background Thread 1 ] DEBUG SystemBundleService  - Bundle FXGL: {}
19:49:07.412 [FXGL Background Thread 1 ] DEBUG UpdaterService       - Checking for updates
19:49:07.417 [FXGL Background Thread 4 ] DEBUG FXGLApplication      - Loading fonts
19:49:07.417 [FXGL Background Thread 4 ] DEBUG FXGLAssetLoaderServi - Loading from file system: jar:file:/C:/Users/Usuario/.m2/repository/com/github/almasb/fxgl/21/fxgl-21.jar!/fxglassets/ui/fonts/VarelaRound-Regular.ttf
19:49:07.418 [FXGL Background Thread 1 ] DEBUG FXGLApplication      - Loading default localization
19:49:07.419 [FXGL Background Thread 1 ] DEBUG FXGLAssetLoaderServi - Loading from file system: jar:file:/C:/Users/Usuario/.m2/repository/com/github/almasb/fxgl/21/fxgl-21.jar!/fxglassets/languages/english.lang
19:49:07.462 [FXGL Background Thread 4 ] DEBUG FXGLAssetLoaderServi - Loading from file system: jar:file:/C:/Users/Usuario/.m2/repository/com/github/almasb/fxgl/21/fxgl-21.jar!/fxglassets/ui/fonts/Abel-Regular.ttf
19:49:07.464 [FXGL Background Thread 1 ] INFO  FXGLApplication      - FXGL initialization took: 0,556 sec
19:49:07.475 [FXGL Background Thread 4 ] DEBUG FXGLAssetLoaderServi - Loading from file system: jar:file:/C:/Users/Usuario/.m2/repository/com/github/almasb/fxgl/21/fxgl-21.jar!/fxglassets/ui/fonts/TerminalLandMono-Regular.otf
19:49:07.479 [JavaFX Application Thread] DEBUG Input                - Registered new binding: Move Left - A
19:49:07.480 [JavaFX Application Thread] DEBUG Input                - Registered new binding: Move Right - D
19:49:07.480 [JavaFX Application Thread] DEBUG Input                - Registered new binding: Move Up - W
19:49:07.481 [JavaFX Application Thread] DEBUG Input                - Registered new binding: Move Down - S
19:49:07.481 [JavaFX Application Thread] DEBUG FXGLAssetLoaderServi - Loading from file system: jar:file:/C:/Users/Usuario/.m2/repository/com/github/almasb/fxgl/21/fxgl-21.jar!/fxglassets/textures/fxgl_icon.png
19:49:07.487 [FXGL Background Thread 4 ] DEBUG FXGLAssetLoaderServi - Loading from file system: jar:file:/C:/Users/Usuario/.m2/repository/com/github/almasb/fxgl/21/fxgl-21.jar!/fxglassets/ui/fonts/Courier-Prime.ttf
19:49:07.508 [JavaFX Application Thread] DEBUG FXGLAssetLoaderServi - Loading from file system: jar:file:/C:/Users/Usuario/.m2/repository/com/github/almasb/fxgl/21/fxgl-21.jar!/fxglassets/textures/fxgl_default_cursor.png
19:49:07.510 [JavaFX Application Thread] DEBUG Input                - Registered new binding: Screenshot - CTRL+8
19:49:07.510 [JavaFX Application Thread] DEBUG Input                - Registered new binding: System info dump - CTRL+9
19:49:07.511 [JavaFX Application Thread] DEBUG Input                - Registered new binding: Restart - CTRL+R
19:49:07.511 [JavaFX Application Thread] DEBUG Input                - Registered new binding: Toggle Debug Camera - CTRL+7
19:49:07.515 [JavaFX Application Thread] DEBUG LoopRunner           - Starting loop
19:49:07.515 [JavaFX Application Thread] DEBUG LoopRunner           - Initializing JavaFX AnimationTimerLoop
19:49:07.517 [JavaFX Application Thread] DEBUG GameApplicationServi - Starting new game
19:49:07.518 [JavaFX Application Thread] DEBUG Input                - Clearing active input actions
19:49:07.529 [JavaFX Application Thread] DEBUG GameApplicationServi - Removing overlay from FXGLStartupScene and adding to FXGLLoadingScene
19:49:07.529 [JavaFX Application Thread] DEBUG PrimaryStageWindow   - FXGLStartupScene -> FXGLLoadingScene
19:49:07.529 [JavaFX Application Thread] DEBUG GameApplicationServi - Clearing previous game
19:49:07.529 [JavaFX Application Thread] DEBUG GameScene            - Clearing game scene
19:49:07.529 [JavaFX Application Thread] DEBUG GameWorld            - Clearing game world
19:49:07.529 [JavaFX Application Thread] DEBUG PhysicsWorld         - Clearing physics world
19:49:07.532 [JavaFX Application Thread] DEBUG FXGLApplication      - Registering font factories with UI factory
19:49:07.532 [FXGL Background Thread 4 ] DEBUG FXGLApplication      - Initializing game
19:49:07.545 [FXGL Background Thread 4 ] DEBUG FXGLAssetLoaderServi - Loading from file system: file:/F:/Proyectos%20javafx/javafxgl/demoImageAnim/target/classes/assets/textures/bosque.jpg
19:49:07.654 [FXGL Background Thread 4 ] DEBUG FXGLAssetLoaderServi - Loading from file system: file:/F:/Proyectos%20javafx/javafxgl/demoImageAnim/target/classes/assets/textures/sprite_pug.png
19:49:07.678 [FXGL Background Thread 4 ] INFO  FXGLApplication      - Game initialization took: 0,146 sec
19:49:07.684 [JavaFX Application Thread] DEBUG Input                - Clearing active input actions
19:49:07.700 [JavaFX Application Thread] DEBUG GameApplicationServi - Removing overlay from FXGLLoadingScene and adding to GameScene
19:49:07.700 [JavaFX Application Thread] DEBUG PrimaryStageWindow   - FXGLLoadingScene -> GameScene
19:49:09.561 [JavaFX Application Thread] DEBUG LoopRunner           - Stopping loop
19:49:09.566 [JavaFX Application Thread] FATAL FXGLApplication      - Uncaught Exception:
java.lang.NullPointerException: Cannot invoke "com.almasb.fxgl.texture.AnimatedTexture.set(com.almasb.fxgl.texture.Texture)" because "this.animTexture" is null
	at PlayerComponentFinal.onUpdate(PlayerComponentFinal.java:105)
	at com.almasb.fxgl.entity.Entity$ComponentMap.update(Entity.java:60)
	at com.almasb.fxgl.entity.Entity.update(Entity.java:248)
	at com.almasb.fxgl.entity.GameWorld.onUpdate(GameWorld.kt:177)
	at com.almasb.fxgl.app.scene.GameScene.step(GameScene.kt:228)
	at com.almasb.fxgl.app.scene.GameScene.onUpdate(GameScene.kt:224)
	at com.almasb.fxgl.scene.Scene.update(Scene.kt:105)
	at com.almasb.fxgl.app.MainWindow$update$1.invoke(MainWindow.kt:121)
	at com.almasb.fxgl.app.MainWindow$update$1.invoke(MainWindow.kt:121)
	at com.almasb.fxgl.core.fsm.StateMachine.runOnActiveStates(StateMachine.kt:69)
	at com.almasb.fxgl.app.MainWindow.update(MainWindow.kt:121)
	at com.almasb.fxgl.app.FXGLApplication$GameApplicationService.onUpdate(FXGLApplication.kt:426)
	at com.almasb.fxgl.app.Engine.loop(Engine.kt:134)
	at com.almasb.fxgl.app.Engine.access$loop(Engine.kt:24)
	at com.almasb.fxgl.app.Engine$loop$1.invoke(Engine.kt:28)
	at com.almasb.fxgl.app.Engine$loop$1.invoke(Engine.kt:28)
	at com.almasb.fxgl.app.LoopRunner.frame(LoopRunner.kt:103)
	at com.almasb.fxgl.app.LoopRunner.access$frame(LoopRunner.kt:23)
	at com.almasb.fxgl.app.LoopRunner$impl$2$1.onTick(LoopRunner.kt:57)
	at com.almasb.fxgl.app.AnimationTimerLoop$timer$1.handle(LoopRunner.kt:137)
	at javafx.animation.AnimationTimer$AnimationTimerReceiver.lambda$handle$0(AnimationTimer.java:58)
	at java.base/java.security.AccessController.doPrivileged(AccessController.java:400)
	at javafx.animation.AnimationTimer$AnimationTimerReceiver.handle(AnimationTimer.java:57)
	at com.sun.scenario.animation.AbstractPrimaryTimer.timePulseImpl(AbstractPrimaryTimer.java:356)
	at com.sun.scenario.animation.AbstractPrimaryTimer$MainLoop.run(AbstractPrimaryTimer.java:266)
	at com.sun.javafx.tk.quantum.QuantumToolkit.pulse(QuantumToolkit.java:588)
	at com.sun.javafx.tk.quantum.QuantumToolkit.pulse(QuantumToolkit.java:572)
	at com.sun.javafx.tk.quantum.QuantumToolkit.pulseFromQueue(QuantumToolkit.java:565)
	at com.sun.javafx.tk.quantum.QuantumToolkit.lambda$runToolkit$11(QuantumToolkit.java:352)
	at com.sun.glass.ui.InvokeLaterDispatcher$Future.run(InvokeLaterDispatcher.java:95)
	at com.sun.glass.ui.win.WinApplication._runLoop(Native Method)
	at com.sun.glass.ui.win.WinApplication.lambda$runLoop$3(WinApplication.java:185)
	at java.base/java.lang.Thread.run(Thread.java:1583)

19:49:09.567 [JavaFX Application Thread] FATAL FXGLApplication      - Application will now exit
19:49:09.599 [JavaFX Application Thread] DEBUG PrimaryStageWindow   - Push state: ErrorSubScene
19:49:09.599 [JavaFX Application Thread] DEBUG Input                - Clearing active input actions
19:49:09.606 [JavaFX Application Thread] DEBUG GameApplicationServi - Removing overlay from GameScene and adding to ErrorSubScene
19:49:09.606 [JavaFX Application Thread] DEBUG PrimaryStageWindow   - GameScene -> ErrorSubScene
19:49:10.415 [FXGL Background Thread 3 ] DEBUG Engine               - Logging environment variables
19:49:10.417 [FXGL Background Thread 3 ] DEBUG Engine               - achievements: []
19:49:10.417 [FXGL Background Thread 3 ] DEBUG Engine               - actualHeight: 600.0
19:49:10.418 [FXGL Background Thread 3 ] DEBUG Engine               - actualHeightProperty: ReadOnlyDoubleProperty [value: 600.0]
19:49:10.418 [FXGL Background Thread 3 ] DEBUG Engine               - actualWidth: 800.0
19:49:10.418 [FXGL Background Thread 3 ] DEBUG Engine               - actualWidthProperty: ReadOnlyDoubleProperty [value: 800.0]
19:49:10.418 [FXGL Background Thread 3 ] DEBUG Engine               - appIcon: fxgl_icon.png
19:49:10.419 [FXGL Background Thread 3 ] DEBUG Engine               - applicationMode: DEVELOPER
19:49:10.419 [FXGL Background Thread 3 ] DEBUG Engine               - cSSList: [fxgl_dark.css]
19:49:10.419 [FXGL Background Thread 3 ] DEBUG Engine               - collisionDetectionStrategy: BRUTE_FORCE
19:49:10.419 [FXGL Background Thread 3 ] DEBUG Engine               - configClass: Optional.empty
19:49:10.419 [FXGL Background Thread 3 ] DEBUG Engine               - credits: []
19:49:10.420 [FXGL Background Thread 3 ] DEBUG Engine               - defaultCursor: CursorInfo(imageName=fxgl_default_cursor.png, hotspotX=7.0, hotspotY=6.0)
19:49:10.421 [FXGL Background Thread 3 ] DEBUG Engine               - devBBoxColorProperty: ObjectProperty [value: 0xff0000ff]
19:49:10.421 [FXGL Background Thread 3 ] DEBUG Engine               - devEnableDebugCameraProperty: BooleanProperty [value: false]
19:49:10.422 [FXGL Background Thread 3 ] DEBUG Engine               - devSensorColorProperty: ObjectProperty [value: 0xffff00ff]
19:49:10.422 [FXGL Background Thread 3 ] DEBUG Engine               - devShowBBoxProperty: BooleanProperty [value: false]
19:49:10.422 [FXGL Background Thread 3 ] DEBUG Engine               - devShowPositionProperty: BooleanProperty [value: false]
19:49:10.422 [FXGL Background Thread 3 ] DEBUG Engine               - enabledMenuItems: []
19:49:10.423 [FXGL Background Thread 3 ] DEBUG Engine               - engineServices: [class com.almasb.fxgl.app.services.FXGLAssetLoaderService, class com.almasb.fxgl.app.FXGLApplication$GameApplicationService, class com.almasb.fxgl.app.services.FXGLDialogService, class com.almasb.fxgl.app.services.IOTaskExecutorService, class com.almasb.fxgl.io.FileSystemService, class com.almasb.fxgl.localization.LocalizationService, class com.almasb.fxgl.app.services.SystemBundleService, class com.almasb.fxgl.profile.SaveLoadService, class com.almasb.fxgl.ui.FXGLUIFactoryServiceProvider, class com.almasb.fxgl.ui.FXGLDialogFactoryServiceProvider, class com.almasb.fxgl.audio.AudioPlayer, class com.almasb.fxgl.notification.impl.NotificationServiceProvider, class com.almasb.fxgl.achievement.AchievementService, class com.almasb.fxgl.cutscene.CutsceneService, class com.almasb.fxgl.minigames.MiniGameService, class com.almasb.fxgl.net.NetService, class com.almasb.fxgl.app.services.UpdaterService, class com.almasb.fxgl.dev.DevService]
19:49:10.423 [FXGL Background Thread 3 ] DEBUG Engine               - fontGame: Abel-Regular.ttf
19:49:10.423 [FXGL Background Thread 3 ] DEBUG Engine               - fontMono: TerminalLandMono-Regular.otf
19:49:10.423 [FXGL Background Thread 3 ] DEBUG Engine               - fontSizeScaleUI: 1.0
19:49:10.424 [FXGL Background Thread 3 ] DEBUG Engine               - fontText: Courier-Prime.ttf
19:49:10.424 [FXGL Background Thread 3 ] DEBUG Engine               - fontUI: VarelaRound-Regular.ttf
19:49:10.424 [FXGL Background Thread 3 ] DEBUG Engine               - fullScreen: BooleanProperty [value: false]
19:49:10.424 [FXGL Background Thread 3 ] DEBUG Engine               - gameDifficulty: MEDIUM
19:49:10.424 [FXGL Background Thread 3 ] DEBUG Engine               - gameDifficultyProperty: ObjectProperty [value: MEDIUM]
19:49:10.425 [FXGL Background Thread 3 ] DEBUG Engine               - globalMusicVolume: 0.5
19:49:10.425 [FXGL Background Thread 3 ] DEBUG Engine               - globalMusicVolumeProperty: DoubleProperty [value: 0.5]
19:49:10.425 [FXGL Background Thread 3 ] DEBUG Engine               - globalSoundVolume: 0.5
19:49:10.426 [FXGL Background Thread 3 ] DEBUG Engine               - globalSoundVolumeProperty: DoubleProperty [value: 0.5]
19:49:10.426 [FXGL Background Thread 3 ] DEBUG Engine               - height: 600
19:49:10.426 [FXGL Background Thread 3 ] DEBUG Engine               - is3D: false
19:49:10.426 [FXGL Background Thread 3 ] DEBUG Engine               - isAndroid: false
19:49:10.426 [FXGL Background Thread 3 ] DEBUG Engine               - isBrowser: false
19:49:10.427 [FXGL Background Thread 3 ] DEBUG Engine               - isClickFeedbackEnabled: false
19:49:10.427 [FXGL Background Thread 3 ] DEBUG Engine               - isCloseConfirmation: false
19:49:10.427 [FXGL Background Thread 3 ] DEBUG Engine               - isDesktop: true
19:49:10.427 [FXGL Background Thread 3 ] DEBUG Engine               - isDeveloperMenuEnabled: false
19:49:10.428 [FXGL Background Thread 3 ] DEBUG Engine               - isEmbedded: false
19:49:10.428 [FXGL Background Thread 3 ] DEBUG Engine               - isEntityPreloadEnabled: true
19:49:10.428 [FXGL Background Thread 3 ] DEBUG Engine               - isExperimentalTiledLargeMap: false
19:49:10.428 [FXGL Background Thread 3 ] DEBUG Engine               - isFileSystemWriteAllowed: true
19:49:10.428 [FXGL Background Thread 3 ] DEBUG Engine               - isFullScreenAllowed: false
19:49:10.429 [FXGL Background Thread 3 ] DEBUG Engine               - isFullScreenFromStart: false
19:49:10.429 [FXGL Background Thread 3 ] DEBUG Engine               - isGameMenuEnabled: true
19:49:10.430 [FXGL Background Thread 3 ] DEBUG Engine               - isIOS: false
19:49:10.430 [FXGL Background Thread 3 ] DEBUG Engine               - isIntroEnabled: false
19:49:10.430 [FXGL Background Thread 3 ] DEBUG Engine               - isLinux: false
19:49:10.430 [FXGL Background Thread 3 ] DEBUG Engine               - isMac: false
19:49:10.430 [FXGL Background Thread 3 ] DEBUG Engine               - isMainMenuEnabled: false
19:49:10.431 [FXGL Background Thread 3 ] DEBUG Engine               - isManualResizeEnabled: false
19:49:10.431 [FXGL Background Thread 3 ] DEBUG Engine               - isMobile: false
19:49:10.431 [FXGL Background Thread 3 ] DEBUG Engine               - isNative: false
19:49:10.431 [FXGL Background Thread 3 ] DEBUG Engine               - isPauseMusicWhenMinimized: true
19:49:10.431 [FXGL Background Thread 3 ] DEBUG Engine               - isPreserveResizeRatio: false
19:49:10.432 [FXGL Background Thread 3 ] DEBUG Engine               - isProfilingEnabled: false
19:49:10.432 [FXGL Background Thread 3 ] DEBUG Engine               - isScaleAffectedOnResize: true
19:49:10.432 [FXGL Background Thread 3 ] DEBUG Engine               - isSingleStep: false
19:49:10.432 [FXGL Background Thread 3 ] DEBUG Engine               - isUserProfileEnabled: false
19:49:10.432 [FXGL Background Thread 3 ] DEBUG Engine               - isWindows: true
19:49:10.433 [FXGL Background Thread 3 ] DEBUG Engine               - language: ObjectProperty [value: ENGLISH]
19:49:10.433 [FXGL Background Thread 3 ] DEBUG Engine               - menuKey: ESCAPE
19:49:10.433 [FXGL Background Thread 3 ] DEBUG Engine               - mouseSensitivity: 0.2
19:49:10.433 [FXGL Background Thread 3 ] DEBUG Engine               - notificationViewClass: class com.almasb.fxgl.notification.view.XboxNotificationView
19:49:10.434 [FXGL Background Thread 3 ] DEBUG Engine               - pixelsPerMeter: 50.0
19:49:10.434 [FXGL Background Thread 3 ] DEBUG Engine               - platform: WINDOWS
19:49:10.434 [FXGL Background Thread 3 ] DEBUG Engine               - prefHeightProperty: ReadOnlyDoubleProperty [value: 600.0]
19:49:10.434 [FXGL Background Thread 3 ] DEBUG Engine               - prefWidthProperty: ReadOnlyDoubleProperty [value: 800.0]
19:49:10.434 [FXGL Background Thread 3 ] DEBUG Engine               - profileDir: profiles/
19:49:10.435 [FXGL Background Thread 3 ] DEBUG Engine               - profileName: StringProperty [value: DEFAULT]
19:49:10.435 [FXGL Background Thread 3 ] DEBUG Engine               - randomSeed: -1
19:49:10.436 [FXGL Background Thread 3 ] DEBUG Engine               - runtimeInfo: RuntimeInfo(platform=WINDOWS, version=21, build=28.12.2023 13.35)
19:49:10.436 [FXGL Background Thread 3 ] DEBUG Engine               - saveFileExt: sav
19:49:10.436 [FXGL Background Thread 3 ] DEBUG Engine               - scaledHeightProp$fxgl: DoubleProperty [bound, value: 600.0]
19:49:10.436 [FXGL Background Thread 3 ] DEBUG Engine               - scaledWidthProp$fxgl: DoubleProperty [bound, value: 800.0]
19:49:10.436 [FXGL Background Thread 3 ] DEBUG Engine               - sceneFactory: com.almasb.fxgl.app.scene.SceneFactory@5f3e0d4a
19:49:10.436 [FXGL Background Thread 3 ] DEBUG Engine               - secondsIn24h: 60
19:49:10.437 [FXGL Background Thread 3 ] DEBUG Engine               - soundMenuBack: menu/back.wav
19:49:10.437 [FXGL Background Thread 3 ] DEBUG Engine               - soundMenuPress: menu/press.wav
19:49:10.437 [FXGL Background Thread 3 ] DEBUG Engine               - soundMenuSelect: menu/select.wav
19:49:10.437 [FXGL Background Thread 3 ] DEBUG Engine               - soundNotification: core/notification.wav
19:49:10.437 [FXGL Background Thread 3 ] DEBUG Engine               - stageStyle: DECORATED
19:49:10.437 [FXGL Background Thread 3 ] DEBUG Engine               - supportedLanguages: [ENGLISH, FRENCH, GERMAN, HUNGARIAN, RUSSIAN]
19:49:10.437 [FXGL Background Thread 3 ] DEBUG Engine               - ticksPerSecond: -1
19:49:10.437 [FXGL Background Thread 3 ] DEBUG Engine               - title: DemoImage
19:49:10.438 [FXGL Background Thread 3 ] DEBUG Engine               - urlGithub: https://github.com/AlmasB/FXGL
19:49:10.438 [FXGL Background Thread 3 ] DEBUG Engine               - urlLeaderboard: http://fxgl-top.herokuapp.com/
19:49:10.438 [FXGL Background Thread 3 ] DEBUG Engine               - urlPOM: https://raw.githubusercontent.com/AlmasB/FXGL/release/README.md
19:49:10.438 [FXGL Background Thread 3 ] DEBUG Engine               - userAppClass: class AppFinal
19:49:10.438 [FXGL Background Thread 3 ] DEBUG Engine               - version: 0.0
19:49:10.438 [FXGL Background Thread 3 ] DEBUG Engine               - versionCheckDays: 7
19:49:10.438 [FXGL Background Thread 3 ] DEBUG Engine               - width: 800
19:49:10.438 [FXGL Background Thread 3 ] DEBUG Engine               - Logging services
19:49:10.438 [FXGL Background Thread 3 ] DEBUG Engine               - class com.almasb.fxgl.app.services.FXGLAssetLoaderService
19:49:10.439 [FXGL Background Thread 3 ] DEBUG Engine               - class com.almasb.fxgl.app.FXGLApplication$GameApplicationService
19:49:10.439 [FXGL Background Thread 3 ] DEBUG Engine               - class com.almasb.fxgl.app.services.FXGLDialogService
19:49:10.439 [FXGL Background Thread 3 ] DEBUG Engine               - class com.almasb.fxgl.app.services.IOTaskExecutorService
19:49:10.439 [FXGL Background Thread 3 ] DEBUG Engine               - class com.almasb.fxgl.io.FileSystemService
19:49:10.439 [FXGL Background Thread 3 ] DEBUG Engine               - class com.almasb.fxgl.localization.LocalizationService
19:49:10.439 [FXGL Background Thread 3 ] DEBUG Engine               - class com.almasb.fxgl.app.services.SystemBundleService
19:49:10.439 [FXGL Background Thread 3 ] DEBUG Engine               - class com.almasb.fxgl.profile.SaveLoadService
19:49:10.439 [FXGL Background Thread 3 ] DEBUG Engine               - class com.almasb.fxgl.ui.FXGLUIFactoryServiceProvider
19:49:10.439 [FXGL Background Thread 3 ] DEBUG Engine               - class com.almasb.fxgl.ui.FXGLDialogFactoryServiceProvider
19:49:10.439 [FXGL Background Thread 3 ] DEBUG Engine               - class com.almasb.fxgl.audio.AudioPlayer
19:49:10.440 [FXGL Background Thread 3 ] DEBUG Engine               - class com.almasb.fxgl.notification.impl.NotificationServiceProvider
19:49:10.440 [FXGL Background Thread 3 ] DEBUG Engine               - class com.almasb.fxgl.achievement.AchievementService
19:49:10.440 [FXGL Background Thread 3 ] DEBUG Engine               - class com.almasb.fxgl.cutscene.CutsceneService
19:49:10.440 [FXGL Background Thread 3 ] DEBUG Engine               - class com.almasb.fxgl.minigames.MiniGameService
19:49:10.440 [FXGL Background Thread 3 ] DEBUG Engine               - class com.almasb.fxgl.net.NetService
19:49:10.440 [FXGL Background Thread 3 ] DEBUG Engine               - class com.almasb.fxgl.app.services.UpdaterService
19:49:10.440 [FXGL Background Thread 3 ] DEBUG Engine               - class com.almasb.fxgl.dev.DevService
19:49:11.325 [JavaFX Application Thread] DEBUG FXGLApplication      - Exiting FXGL
19:49:11.325 [JavaFX Application Thread] DEBUG Async                - Shutting down background threads
19:49:11.325 [JavaFX Application Thread] DEBUG PrimaryStageWindow   - Closing main window
19:49:11.344 [JavaFX Application Thread] DEBUG Logger               - Closing Logger
