06:46:47.386 [main                     ] DEBUG Logger               - Configured Logger
06:46:47.412 [main                     ] DEBUG GameApplication      - Logging settings
Title: Untitled
Version: 0.0
Width: 1480
Height: 1020
Fullscreen: false
Intro: false
Profiling: false
Single step:false
App Mode: DEVELOPER
Menu Key: ESCAPE
Stage Style: DECORATED
Scene Factory: class com.almasb.fxgl.app.scene.SceneFactory

06:46:47.783 [JavaFX Application Thread] DEBUG FXGLApplication      - Initializing FXGL
06:46:47.794 [JavaFX Application Thread] INFO  Engine               - FXGL-21 (28.12.2023 13.35) on WINDOWS (J:21.0.1 FX:21.0.1)
06:46:47.795 [JavaFX Application Thread] DEBUG Engine               - JRE Vendor Name: Oracle Corporation
06:46:47.795 [JavaFX Application Thread] DEBUG Engine               - Running on OS: Windows 10 version 10.0
06:46:47.795 [JavaFX Application Thread] DEBUG Engine               - Architecture: amd64
06:46:47.795 [JavaFX Application Thread] INFO  Engine               - Source code and latest versions at: https://github.com/AlmasB/FXGL
06:46:47.795 [JavaFX Application Thread] INFO  Engine               -       Ask questions and discuss at: https://github.com/AlmasB/FXGL/discussions
06:46:47.795 [JavaFX Application Thread] INFO  Engine               -              Join the FXGL chat at: https://gitter.im/AlmasB/FXGL
06:46:47.917 [JavaFX Application Thread] DEBUG PrimaryStageWindow   - Creating a JavaFX scene
06:46:47.918 [JavaFX Application Thread] DEBUG PrimaryStageWindow   - Target size > screen size
06:46:47.969 [JavaFX Application Thread] DEBUG PrimaryStageWindow   - Target settings size: 1480.0 x 1020.0
06:46:47.969 [JavaFX Application Thread] DEBUG PrimaryStageWindow   - Scaled scene size:    1185.0 x 833.0
06:46:47.970 [JavaFX Application Thread] DEBUG PrimaryStageWindow   - Scaled ratio: (0.8006756756756757, 0.8166666666666667)
06:46:47.971 [JavaFX Application Thread] DEBUG PrimaryStageWindow   - Set initial scene to FXGLStartupScene
06:46:47.975 [JavaFX Application Thread] DEBUG PrimaryStageWindow   - Opening main window
06:46:48.083 [JavaFX Application Thread] DEBUG PrimaryStageWindow   - Window border size: (15.0, 38.20001220703125)
06:46:48.084 [JavaFX Application Thread] DEBUG PrimaryStageWindow   - Scaled size: 1185.0 x 833.0
06:46:48.085 [JavaFX Application Thread] DEBUG PrimaryStageWindow   - Scaled ratio: (0.8006756756756757, 0.8166666666666667)
06:46:48.085 [JavaFX Application Thread] DEBUG PrimaryStageWindow   - Scene size: 1185.0 x 833.0
06:46:48.085 [JavaFX Application Thread] DEBUG PrimaryStageWindow   - Stage size: 1200.0 x 871.2000122070312
06:46:48.098 [FXGL Background Thread 1 ] DEBUG Engine               - Initializing environment variables
06:46:48.210 [FXGL Background Thread 1 ] DEBUG FXGLAssetLoaderServi - User app class for loading assets: class App3
06:46:48.211 [FXGL Background Thread 1 ] DEBUG GameApplicationServi - Applying CSS: fxgl_dark.css
06:46:48.211 [FXGL Background Thread 1 ] DEBUG FXGLAssetLoaderServi - Loading from file system: jar:file:/C:/Users/Usuario/.m2/repository/com/github/almasb/fxgl/21/fxgl-21.jar!/fxglassets/ui/css/fxgl_dark.css
06:46:48.270 [FXGL Background Thread 1 ] DEBUG GameApplicationServi - Initializing application scenes
06:46:48.330 [FXGL Background Thread 1 ] DEBUG GameWorld            - Game world initialized
06:46:48.424 [FXGL Background Thread 1 ] DEBUG PhysicsWorld         - Physics world initialized: appHeight=1020, physics.ppm=50,0
06:46:48.425 [FXGL Background Thread 1 ] DEBUG PhysicsWorld         - Using strategy: BRUTE_FORCE
06:46:48.431 [FXGL Background Thread 1 ] DEBUG GameScene            - Game scene initialized: 1480x1020
06:46:48.451 [FXGL Background Thread 1 ] DEBUG FXGL.DefaultMenu     - createMenuBodyGameMenu()
06:46:48.466 [FXGL Background Thread 1 ] DEBUG FXGL.DefaultMenu     - createOptionsMenu()
06:46:48.475 [FXGL Background Thread 1 ] DEBUG FXGLAssetLoaderServi - Loading from file system: jar:file:/C:/Users/Usuario/.m2/repository/com/github/almasb/fxgl/21/fxgl-21.jar!/fxglassets/textures/particles/smoke.png
06:46:48.593 [FXGL Background Thread 1 ] DEBUG FXGLAssetLoaderServi - Loading from file system: jar:file:/C:/Users/Usuario/.m2/repository/com/github/almasb/fxgl/21/fxgl-21.jar!/fxglassets/textures/particles/trace_horizontal.png
06:46:48.620 [FXGL Background Thread 1 ] DEBUG GameApplicationServi - Application scenes initialized
06:46:48.635 [FXGL Background Thread 1 ] DEBUG SystemBundleService  - Loading FXGL system data
06:46:48.640 [FXGL Background Thread 1 ] DEBUG FileSystemAccess     - Reading from: F:\Proyectos javafx\javafxgl\demoImageAnim\system\fxgl.bundle
06:46:48.650 [FXGL Background Thread 1 ] DEBUG SystemBundleService  - Bundle FXGL: {}
06:46:48.651 [FXGL Background Thread 1 ] DEBUG UpdaterService       - Checking for updates
06:46:48.656 [FXGL Background Thread 4 ] DEBUG FXGLApplication      - Loading fonts
06:46:48.657 [FXGL Background Thread 4 ] DEBUG FXGLAssetLoaderServi - Loading from file system: jar:file:/C:/Users/Usuario/.m2/repository/com/github/almasb/fxgl/21/fxgl-21.jar!/fxglassets/ui/fonts/VarelaRound-Regular.ttf
06:46:48.659 [FXGL Background Thread 1 ] DEBUG FXGLApplication      - Loading default localization
06:46:48.659 [FXGL Background Thread 1 ] DEBUG FXGLAssetLoaderServi - Loading from file system: jar:file:/C:/Users/Usuario/.m2/repository/com/github/almasb/fxgl/21/fxgl-21.jar!/fxglassets/languages/english.lang
06:46:48.711 [FXGL Background Thread 1 ] INFO  FXGLApplication      - FXGL initialization took: 0,613 sec
06:46:48.711 [FXGL Background Thread 4 ] DEBUG FXGLAssetLoaderServi - Loading from file system: jar:file:/C:/Users/Usuario/.m2/repository/com/github/almasb/fxgl/21/fxgl-21.jar!/fxglassets/ui/fonts/Abel-Regular.ttf
06:46:48.712 [JavaFX Application Thread] DEBUG FXGLAssetLoaderServi - Loading from file system: jar:file:/C:/Users/Usuario/.m2/repository/com/github/almasb/fxgl/21/fxgl-21.jar!/fxglassets/textures/fxgl_icon.png
06:46:48.721 [FXGL Background Thread 4 ] DEBUG FXGLAssetLoaderServi - Loading from file system: jar:file:/C:/Users/Usuario/.m2/repository/com/github/almasb/fxgl/21/fxgl-21.jar!/fxglassets/ui/fonts/TerminalLandMono-Regular.otf
06:46:48.732 [FXGL Background Thread 4 ] DEBUG FXGLAssetLoaderServi - Loading from file system: jar:file:/C:/Users/Usuario/.m2/repository/com/github/almasb/fxgl/21/fxgl-21.jar!/fxglassets/ui/fonts/Courier-Prime.ttf
06:46:48.736 [JavaFX Application Thread] DEBUG FXGLAssetLoaderServi - Loading from file system: jar:file:/C:/Users/Usuario/.m2/repository/com/github/almasb/fxgl/21/fxgl-21.jar!/fxglassets/textures/fxgl_default_cursor.png
06:46:48.751 [JavaFX Application Thread] DEBUG Input                - Registered new binding: Screenshot - CTRL+8
06:46:48.751 [JavaFX Application Thread] DEBUG Input                - Registered new binding: System info dump - CTRL+9
06:46:48.752 [JavaFX Application Thread] DEBUG Input                - Registered new binding: Restart - CTRL+R
06:46:48.753 [JavaFX Application Thread] DEBUG Input                - Registered new binding: Toggle Debug Camera - CTRL+7
06:46:48.757 [JavaFX Application Thread] DEBUG LoopRunner           - Starting loop
06:46:48.757 [JavaFX Application Thread] DEBUG LoopRunner           - Initializing JavaFX AnimationTimerLoop
06:46:48.760 [JavaFX Application Thread] DEBUG GameApplicationServi - Starting new game
06:46:48.761 [JavaFX Application Thread] DEBUG Input                - Clearing active input actions
06:46:48.775 [JavaFX Application Thread] DEBUG GameApplicationServi - Removing overlay from FXGLStartupScene and adding to FXGLLoadingScene
06:46:48.776 [JavaFX Application Thread] DEBUG PrimaryStageWindow   - FXGLStartupScene -> FXGLLoadingScene
06:46:48.776 [JavaFX Application Thread] DEBUG GameApplicationServi - Clearing previous game
06:46:48.776 [JavaFX Application Thread] DEBUG GameScene            - Clearing game scene
06:46:48.776 [JavaFX Application Thread] DEBUG GameWorld            - Clearing game world
06:46:48.776 [JavaFX Application Thread] DEBUG PhysicsWorld         - Clearing physics world
06:46:48.778 [JavaFX Application Thread] DEBUG FXGLApplication      - Registering font factories with UI factory
06:46:48.778 [FXGL Background Thread 4 ] DEBUG FXGLApplication      - Initializing game
06:46:48.779 [FXGL Background Thread 4 ] DEBUG FXGLAssetLoaderServi - Loading from file system: file:/F:/Proyectos%20javafx/javafxgl/demoImageAnim/target/classes/assets/textures/sprite_pug.png
06:46:48.846 [FXGL Background Thread 4 ] INFO  FXGLApplication      - Game initialization took: 0,068 sec
06:46:48.912 [JavaFX Application Thread] DEBUG Input                - Clearing active input actions
06:46:48.938 [JavaFX Application Thread] DEBUG GameApplicationServi - Removing overlay from FXGLLoadingScene and adding to GameScene
06:46:48.939 [JavaFX Application Thread] DEBUG PrimaryStageWindow   - FXGLLoadingScene -> GameScene
06:46:51.654 [FXGL Background Thread 3 ] DEBUG Engine               - Logging environment variables
06:46:51.656 [FXGL Background Thread 3 ] DEBUG Engine               - achievements: []
06:46:51.656 [FXGL Background Thread 3 ] DEBUG Engine               - actualHeight: 833.0
06:46:51.657 [FXGL Background Thread 3 ] DEBUG Engine               - actualHeightProperty: ReadOnlyDoubleProperty [value: 833.0]
06:46:51.657 [FXGL Background Thread 3 ] DEBUG Engine               - actualWidth: 1185.0
06:46:51.657 [FXGL Background Thread 3 ] DEBUG Engine               - actualWidthProperty: ReadOnlyDoubleProperty [value: 1185.0]
06:46:51.658 [FXGL Background Thread 3 ] DEBUG Engine               - appIcon: fxgl_icon.png
06:46:51.658 [FXGL Background Thread 3 ] DEBUG Engine               - applicationMode: DEVELOPER
06:46:51.658 [FXGL Background Thread 3 ] DEBUG Engine               - cSSList: [fxgl_dark.css]
06:46:51.658 [FXGL Background Thread 3 ] DEBUG Engine               - collisionDetectionStrategy: BRUTE_FORCE
06:46:51.658 [FXGL Background Thread 3 ] DEBUG Engine               - configClass: Optional.empty
06:46:51.659 [FXGL Background Thread 3 ] DEBUG Engine               - credits: []
06:46:51.660 [FXGL Background Thread 3 ] DEBUG Engine               - defaultCursor: CursorInfo(imageName=fxgl_default_cursor.png, hotspotX=7.0, hotspotY=6.0)
06:46:51.661 [FXGL Background Thread 3 ] DEBUG Engine               - devBBoxColorProperty: ObjectProperty [value: 0xff0000ff]
06:46:51.661 [FXGL Background Thread 3 ] DEBUG Engine               - devEnableDebugCameraProperty: BooleanProperty [value: false]
06:46:51.661 [FXGL Background Thread 3 ] DEBUG Engine               - devSensorColorProperty: ObjectProperty [value: 0xffff00ff]
06:46:51.662 [FXGL Background Thread 3 ] DEBUG Engine               - devShowBBoxProperty: BooleanProperty [value: false]
06:46:51.662 [FXGL Background Thread 3 ] DEBUG Engine               - devShowPositionProperty: BooleanProperty [value: false]
06:46:51.662 [FXGL Background Thread 3 ] DEBUG Engine               - enabledMenuItems: []
06:46:51.662 [FXGL Background Thread 3 ] DEBUG Engine               - engineServices: [class com.almasb.fxgl.app.services.FXGLAssetLoaderService, class com.almasb.fxgl.app.FXGLApplication$GameApplicationService, class com.almasb.fxgl.app.services.FXGLDialogService, class com.almasb.fxgl.app.services.IOTaskExecutorService, class com.almasb.fxgl.io.FileSystemService, class com.almasb.fxgl.localization.LocalizationService, class com.almasb.fxgl.app.services.SystemBundleService, class com.almasb.fxgl.profile.SaveLoadService, class com.almasb.fxgl.ui.FXGLUIFactoryServiceProvider, class com.almasb.fxgl.ui.FXGLDialogFactoryServiceProvider, class com.almasb.fxgl.audio.AudioPlayer, class com.almasb.fxgl.notification.impl.NotificationServiceProvider, class com.almasb.fxgl.achievement.AchievementService, class com.almasb.fxgl.cutscene.CutsceneService, class com.almasb.fxgl.minigames.MiniGameService, class com.almasb.fxgl.net.NetService, class com.almasb.fxgl.app.services.UpdaterService, class com.almasb.fxgl.dev.DevService]
06:46:51.663 [FXGL Background Thread 3 ] DEBUG Engine               - fontGame: Abel-Regular.ttf
06:46:51.663 [FXGL Background Thread 3 ] DEBUG Engine               - fontMono: TerminalLandMono-Regular.otf
06:46:51.663 [FXGL Background Thread 3 ] DEBUG Engine               - fontSizeScaleUI: 1.0
06:46:51.663 [FXGL Background Thread 3 ] DEBUG Engine               - fontText: Courier-Prime.ttf
06:46:51.663 [FXGL Background Thread 3 ] DEBUG Engine               - fontUI: VarelaRound-Regular.ttf
06:46:51.664 [FXGL Background Thread 3 ] DEBUG Engine               - fullScreen: BooleanProperty [value: false]
06:46:51.664 [FXGL Background Thread 3 ] DEBUG Engine               - gameDifficulty: MEDIUM
06:46:51.664 [FXGL Background Thread 3 ] DEBUG Engine               - gameDifficultyProperty: ObjectProperty [value: MEDIUM]
06:46:51.665 [FXGL Background Thread 3 ] DEBUG Engine               - globalMusicVolume: 0.5
06:46:51.665 [FXGL Background Thread 3 ] DEBUG Engine               - globalMusicVolumeProperty: DoubleProperty [value: 0.5]
06:46:51.666 [FXGL Background Thread 3 ] DEBUG Engine               - globalSoundVolume: 0.5
06:46:51.666 [FXGL Background Thread 3 ] DEBUG Engine               - globalSoundVolumeProperty: DoubleProperty [value: 0.5]
06:46:51.666 [FXGL Background Thread 3 ] DEBUG Engine               - height: 1020
06:46:51.666 [FXGL Background Thread 3 ] DEBUG Engine               - is3D: false
06:46:51.666 [FXGL Background Thread 3 ] DEBUG Engine               - isAndroid: false
06:46:51.667 [FXGL Background Thread 3 ] DEBUG Engine               - isBrowser: false
06:46:51.667 [FXGL Background Thread 3 ] DEBUG Engine               - isClickFeedbackEnabled: false
06:46:51.667 [FXGL Background Thread 3 ] DEBUG Engine               - isCloseConfirmation: false
06:46:51.667 [FXGL Background Thread 3 ] DEBUG Engine               - isDesktop: true
06:46:51.668 [FXGL Background Thread 3 ] DEBUG Engine               - isDeveloperMenuEnabled: false
06:46:51.668 [FXGL Background Thread 3 ] DEBUG Engine               - isEmbedded: false
06:46:51.668 [FXGL Background Thread 3 ] DEBUG Engine               - isEntityPreloadEnabled: true
06:46:51.668 [FXGL Background Thread 3 ] DEBUG Engine               - isExperimentalTiledLargeMap: false
06:46:51.669 [FXGL Background Thread 3 ] DEBUG Engine               - isFileSystemWriteAllowed: true
06:46:51.669 [FXGL Background Thread 3 ] DEBUG Engine               - isFullScreenAllowed: false
06:46:51.669 [FXGL Background Thread 3 ] DEBUG Engine               - isFullScreenFromStart: false
06:46:51.669 [FXGL Background Thread 3 ] DEBUG Engine               - isGameMenuEnabled: true
06:46:51.669 [FXGL Background Thread 3 ] DEBUG Engine               - isIOS: false
06:46:51.670 [FXGL Background Thread 3 ] DEBUG Engine               - isIntroEnabled: false
06:46:51.670 [FXGL Background Thread 3 ] DEBUG Engine               - isLinux: false
06:46:51.670 [FXGL Background Thread 3 ] DEBUG Engine               - isMac: false
06:46:51.670 [FXGL Background Thread 3 ] DEBUG Engine               - isMainMenuEnabled: false
06:46:51.671 [FXGL Background Thread 3 ] DEBUG Engine               - isManualResizeEnabled: false
06:46:51.671 [FXGL Background Thread 3 ] DEBUG Engine               - isMobile: false
06:46:51.671 [FXGL Background Thread 3 ] DEBUG Engine               - isNative: false
06:46:51.671 [FXGL Background Thread 3 ] DEBUG Engine               - isPauseMusicWhenMinimized: true
06:46:51.672 [FXGL Background Thread 3 ] DEBUG Engine               - isPreserveResizeRatio: false
06:46:51.672 [FXGL Background Thread 3 ] DEBUG Engine               - isProfilingEnabled: false
06:46:51.672 [FXGL Background Thread 3 ] DEBUG Engine               - isScaleAffectedOnResize: true
06:46:51.673 [FXGL Background Thread 3 ] DEBUG Engine               - isSingleStep: false
06:46:51.673 [FXGL Background Thread 3 ] DEBUG Engine               - isUserProfileEnabled: false
06:46:51.673 [FXGL Background Thread 3 ] DEBUG Engine               - isWindows: true
06:46:51.673 [FXGL Background Thread 3 ] DEBUG Engine               - language: ObjectProperty [value: ENGLISH]
06:46:51.673 [FXGL Background Thread 3 ] DEBUG Engine               - menuKey: ESCAPE
06:46:51.673 [FXGL Background Thread 3 ] DEBUG Engine               - mouseSensitivity: 0.2
06:46:51.674 [FXGL Background Thread 3 ] DEBUG Engine               - notificationViewClass: class com.almasb.fxgl.notification.view.XboxNotificationView
06:46:51.674 [FXGL Background Thread 3 ] DEBUG Engine               - pixelsPerMeter: 50.0
06:46:51.674 [FXGL Background Thread 3 ] DEBUG Engine               - platform: WINDOWS
06:46:51.674 [FXGL Background Thread 3 ] DEBUG Engine               - prefHeightProperty: ReadOnlyDoubleProperty [value: 1020.0]
06:46:51.674 [FXGL Background Thread 3 ] DEBUG Engine               - prefWidthProperty: ReadOnlyDoubleProperty [value: 1480.0]
06:46:51.674 [FXGL Background Thread 3 ] DEBUG Engine               - profileDir: profiles/
06:46:51.675 [FXGL Background Thread 3 ] DEBUG Engine               - profileName: StringProperty [value: DEFAULT]
06:46:51.675 [FXGL Background Thread 3 ] DEBUG Engine               - randomSeed: -1
06:46:51.675 [FXGL Background Thread 3 ] DEBUG Engine               - runtimeInfo: RuntimeInfo(platform=WINDOWS, version=21, build=28.12.2023 13.35)
06:46:51.675 [FXGL Background Thread 3 ] DEBUG Engine               - saveFileExt: sav
06:46:51.676 [FXGL Background Thread 3 ] DEBUG Engine               - scaledHeightProp$fxgl: DoubleProperty [bound, value: 833.0]
06:46:51.676 [FXGL Background Thread 3 ] DEBUG Engine               - scaledWidthProp$fxgl: DoubleProperty [bound, value: 1185.0]
06:46:51.676 [FXGL Background Thread 3 ] DEBUG Engine               - sceneFactory: com.almasb.fxgl.app.scene.SceneFactory@46d086cc
06:46:51.676 [FXGL Background Thread 3 ] DEBUG Engine               - secondsIn24h: 60
06:46:51.676 [FXGL Background Thread 3 ] DEBUG Engine               - soundMenuBack: menu/back.wav
06:46:51.676 [FXGL Background Thread 3 ] DEBUG Engine               - soundMenuPress: menu/press.wav
06:46:51.676 [FXGL Background Thread 3 ] DEBUG Engine               - soundMenuSelect: menu/select.wav
06:46:51.676 [FXGL Background Thread 3 ] DEBUG Engine               - soundNotification: core/notification.wav
06:46:51.677 [FXGL Background Thread 3 ] DEBUG Engine               - stageStyle: DECORATED
06:46:51.677 [FXGL Background Thread 3 ] DEBUG Engine               - supportedLanguages: [ENGLISH, FRENCH, GERMAN, HUNGARIAN, RUSSIAN]
06:46:51.677 [FXGL Background Thread 3 ] DEBUG Engine               - ticksPerSecond: -1
06:46:51.677 [FXGL Background Thread 3 ] DEBUG Engine               - title: Untitled
06:46:51.677 [FXGL Background Thread 3 ] DEBUG Engine               - urlGithub: https://github.com/AlmasB/FXGL
06:46:51.677 [FXGL Background Thread 3 ] DEBUG Engine               - urlLeaderboard: http://fxgl-top.herokuapp.com/
06:46:51.677 [FXGL Background Thread 3 ] DEBUG Engine               - urlPOM: https://raw.githubusercontent.com/AlmasB/FXGL/release/README.md
06:46:51.677 [FXGL Background Thread 3 ] DEBUG Engine               - userAppClass: class App3
06:46:51.678 [FXGL Background Thread 3 ] DEBUG Engine               - version: 0.0
06:46:51.678 [FXGL Background Thread 3 ] DEBUG Engine               - versionCheckDays: 7
06:46:51.678 [FXGL Background Thread 3 ] DEBUG Engine               - width: 1480
06:46:51.678 [FXGL Background Thread 3 ] DEBUG Engine               - Logging services
06:46:51.678 [FXGL Background Thread 3 ] DEBUG Engine               - class com.almasb.fxgl.app.services.FXGLAssetLoaderService
06:46:51.678 [FXGL Background Thread 3 ] DEBUG Engine               - class com.almasb.fxgl.app.FXGLApplication$GameApplicationService
06:46:51.678 [FXGL Background Thread 3 ] DEBUG Engine               - class com.almasb.fxgl.app.services.FXGLDialogService
06:46:51.679 [FXGL Background Thread 3 ] DEBUG Engine               - class com.almasb.fxgl.app.services.IOTaskExecutorService
06:46:51.679 [FXGL Background Thread 3 ] DEBUG Engine               - class com.almasb.fxgl.io.FileSystemService
06:46:51.679 [FXGL Background Thread 3 ] DEBUG Engine               - class com.almasb.fxgl.localization.LocalizationService
06:46:51.679 [FXGL Background Thread 3 ] DEBUG Engine               - class com.almasb.fxgl.app.services.SystemBundleService
06:46:51.679 [FXGL Background Thread 3 ] DEBUG Engine               - class com.almasb.fxgl.profile.SaveLoadService
06:46:51.679 [FXGL Background Thread 3 ] DEBUG Engine               - class com.almasb.fxgl.ui.FXGLUIFactoryServiceProvider
06:46:51.679 [FXGL Background Thread 3 ] DEBUG Engine               - class com.almasb.fxgl.ui.FXGLDialogFactoryServiceProvider
06:46:51.679 [FXGL Background Thread 3 ] DEBUG Engine               - class com.almasb.fxgl.audio.AudioPlayer
06:46:51.679 [FXGL Background Thread 3 ] DEBUG Engine               - class com.almasb.fxgl.notification.impl.NotificationServiceProvider
06:46:51.680 [FXGL Background Thread 3 ] DEBUG Engine               - class com.almasb.fxgl.achievement.AchievementService
06:46:51.680 [FXGL Background Thread 3 ] DEBUG Engine               - class com.almasb.fxgl.cutscene.CutsceneService
06:46:51.680 [FXGL Background Thread 3 ] DEBUG Engine               - class com.almasb.fxgl.minigames.MiniGameService
06:46:51.680 [FXGL Background Thread 3 ] DEBUG Engine               - class com.almasb.fxgl.net.NetService
06:46:51.680 [FXGL Background Thread 3 ] DEBUG Engine               - class com.almasb.fxgl.app.services.UpdaterService
06:46:51.680 [FXGL Background Thread 3 ] DEBUG Engine               - class com.almasb.fxgl.dev.DevService
06:47:01.455 [JavaFX Application Thread] DEBUG FXGLApplication      - Exiting FXGL
06:47:01.456 [JavaFX Application Thread] DEBUG LoopRunner           - Stopping loop
06:47:01.456 [JavaFX Application Thread] DEBUG SystemBundleService  - Saving FXGL system data
06:47:01.457 [JavaFX Application Thread] DEBUG FileSystemAccess     - Writing to: F:\Proyectos javafx\javafxgl\demoImageAnim\system\fxgl.bundle
06:47:01.460 [JavaFX Application Thread] DEBUG Async                - Shutting down background threads
06:47:01.460 [JavaFX Application Thread] DEBUG PrimaryStageWindow   - Closing main window
06:47:01.478 [JavaFX Application Thread] DEBUG Logger               - Closing Logger
