08:16:53.061 [main                     ] DEBUG Logger               - Configured Logger
08:16:53.089 [main                     ] DEBUG GameApplication      - Logging settings
Title: DemoImage
Version: 0.0
Width: 800
Height: 600
Fullscreen: false
Intro: false
Profiling: false
Single step:false
App Mode: DEVELOPER
Menu Key: ESCAPE
Stage Style: DECORATED
Scene Factory: class com.almasb.fxgl.app.scene.SceneFactory

08:16:53.476 [JavaFX Application Thread] DEBUG FXGLApplication      - Initializing FXGL
08:16:53.486 [JavaFX Application Thread] INFO  Engine               - FXGL-21 (28.12.2023 13.35) on WINDOWS (J:21.0.1 FX:21.0.1)
08:16:53.486 [JavaFX Application Thread] DEBUG Engine               - JRE Vendor Name: Oracle Corporation
08:16:53.486 [JavaFX Application Thread] DEBUG Engine               - Running on OS: Windows 10 version 10.0
08:16:53.487 [JavaFX Application Thread] DEBUG Engine               - Architecture: amd64
08:16:53.487 [JavaFX Application Thread] INFO  Engine               - Source code and latest versions at: https://github.com/AlmasB/FXGL
08:16:53.487 [JavaFX Application Thread] INFO  Engine               -       Ask questions and discuss at: https://github.com/AlmasB/FXGL/discussions
08:16:53.487 [JavaFX Application Thread] INFO  Engine               -              Join the FXGL chat at: https://gitter.im/AlmasB/FXGL
08:16:53.614 [JavaFX Application Thread] DEBUG PrimaryStageWindow   - Creating a JavaFX scene
08:16:53.671 [JavaFX Application Thread] DEBUG PrimaryStageWindow   - Target settings size: 800.0 x 600.0
08:16:53.672 [JavaFX Application Thread] DEBUG PrimaryStageWindow   - Scaled scene size:    800.0 x 600.0
08:16:53.672 [JavaFX Application Thread] DEBUG PrimaryStageWindow   - Scaled ratio: (1.0, 1.0)
08:16:53.674 [JavaFX Application Thread] DEBUG PrimaryStageWindow   - Set initial scene to FXGLStartupScene
08:16:53.678 [JavaFX Application Thread] DEBUG PrimaryStageWindow   - Opening main window
08:16:53.783 [JavaFX Application Thread] DEBUG PrimaryStageWindow   - Window border size: (14.4000244140625, 37.5999755859375)
08:16:53.784 [JavaFX Application Thread] DEBUG PrimaryStageWindow   - Scaled size: 800.0 x 600.0
08:16:53.784 [JavaFX Application Thread] DEBUG PrimaryStageWindow   - Scaled ratio: (1.0, 1.0)
08:16:53.784 [JavaFX Application Thread] DEBUG PrimaryStageWindow   - Scene size: 800.0 x 600.0
08:16:53.785 [JavaFX Application Thread] DEBUG PrimaryStageWindow   - Stage size: 814.4000244140625 x 637.5999755859375
08:16:53.797 [FXGL Background Thread 1 ] DEBUG Engine               - Initializing environment variables
08:16:53.890 [FXGL Background Thread 1 ] DEBUG FXGLAssetLoaderServi - User app class for loading assets: class App
08:16:53.890 [FXGL Background Thread 1 ] DEBUG GameApplicationServi - Applying CSS: fxgl_dark.css
08:16:53.891 [FXGL Background Thread 1 ] DEBUG FXGLAssetLoaderServi - Loading from file system: jar:file:/C:/Users/Usuario/.m2/repository/com/github/almasb/fxgl/21/fxgl-21.jar!/fxglassets/ui/css/fxgl_dark.css
08:16:53.948 [FXGL Background Thread 1 ] DEBUG GameApplicationServi - Initializing application scenes
08:16:53.998 [FXGL Background Thread 1 ] DEBUG GameWorld            - Game world initialized
08:16:54.088 [FXGL Background Thread 1 ] DEBUG PhysicsWorld         - Physics world initialized: appHeight=600, physics.ppm=50,0
08:16:54.088 [FXGL Background Thread 1 ] DEBUG PhysicsWorld         - Using strategy: BRUTE_FORCE
08:16:54.096 [FXGL Background Thread 1 ] DEBUG GameScene            - Game scene initialized: 800x600
08:16:54.116 [FXGL Background Thread 1 ] DEBUG FXGL.DefaultMenu     - createMenuBodyGameMenu()
08:16:54.135 [FXGL Background Thread 1 ] DEBUG FXGL.DefaultMenu     - createOptionsMenu()
08:16:54.145 [FXGL Background Thread 1 ] DEBUG FXGLAssetLoaderServi - Loading from file system: jar:file:/C:/Users/Usuario/.m2/repository/com/github/almasb/fxgl/21/fxgl-21.jar!/fxglassets/textures/particles/smoke.png
08:16:54.264 [FXGL Background Thread 1 ] DEBUG FXGLAssetLoaderServi - Loading from file system: jar:file:/C:/Users/Usuario/.m2/repository/com/github/almasb/fxgl/21/fxgl-21.jar!/fxglassets/textures/particles/trace_horizontal.png
08:16:54.293 [FXGL Background Thread 1 ] DEBUG GameApplicationServi - Application scenes initialized
08:16:54.306 [FXGL Background Thread 1 ] DEBUG SystemBundleService  - Loading FXGL system data
08:16:54.309 [FXGL Background Thread 1 ] DEBUG FileSystemAccess     - Reading from: F:\Proyectos javafx\javafxgl\demoImageAnim\system\fxgl.bundle
08:16:54.319 [FXGL Background Thread 1 ] DEBUG SystemBundleService  - Bundle FXGL: {}
08:16:54.319 [FXGL Background Thread 1 ] DEBUG UpdaterService       - Checking for updates
08:16:54.324 [FXGL Background Thread 4 ] DEBUG FXGLApplication      - Loading fonts
08:16:54.325 [FXGL Background Thread 4 ] DEBUG FXGLAssetLoaderServi - Loading from file system: jar:file:/C:/Users/Usuario/.m2/repository/com/github/almasb/fxgl/21/fxgl-21.jar!/fxglassets/ui/fonts/VarelaRound-Regular.ttf
08:16:54.326 [FXGL Background Thread 1 ] DEBUG FXGLApplication      - Loading default localization
08:16:54.327 [FXGL Background Thread 1 ] DEBUG FXGLAssetLoaderServi - Loading from file system: jar:file:/C:/Users/Usuario/.m2/repository/com/github/almasb/fxgl/21/fxgl-21.jar!/fxglassets/languages/english.lang
08:16:54.384 [FXGL Background Thread 4 ] DEBUG FXGLAssetLoaderServi - Loading from file system: jar:file:/C:/Users/Usuario/.m2/repository/com/github/almasb/fxgl/21/fxgl-21.jar!/fxglassets/ui/fonts/Abel-Regular.ttf
08:16:54.386 [FXGL Background Thread 1 ] INFO  FXGLApplication      - FXGL initialization took: 0,588 sec
08:16:54.393 [FXGL Background Thread 4 ] DEBUG FXGLAssetLoaderServi - Loading from file system: jar:file:/C:/Users/Usuario/.m2/repository/com/github/almasb/fxgl/21/fxgl-21.jar!/fxglassets/ui/fonts/TerminalLandMono-Regular.otf
08:16:54.398 [JavaFX Application Thread] DEBUG Input                - Registered new binding: action0 - A
08:16:54.399 [JavaFX Application Thread] DEBUG Input                - Registered new binding: action1 - D
08:16:54.400 [JavaFX Application Thread] DEBUG Input                - Registered new binding: action2 - W
08:16:54.400 [JavaFX Application Thread] DEBUG Input                - Registered new binding: action3 - S
08:16:54.401 [JavaFX Application Thread] DEBUG FXGLAssetLoaderServi - Loading from file system: jar:file:/C:/Users/Usuario/.m2/repository/com/github/almasb/fxgl/21/fxgl-21.jar!/fxglassets/textures/fxgl_icon.png
08:16:54.405 [FXGL Background Thread 4 ] DEBUG FXGLAssetLoaderServi - Loading from file system: jar:file:/C:/Users/Usuario/.m2/repository/com/github/almasb/fxgl/21/fxgl-21.jar!/fxglassets/ui/fonts/Courier-Prime.ttf
08:16:54.433 [JavaFX Application Thread] DEBUG FXGLAssetLoaderServi - Loading from file system: jar:file:/C:/Users/Usuario/.m2/repository/com/github/almasb/fxgl/21/fxgl-21.jar!/fxglassets/textures/fxgl_default_cursor.png
08:16:54.435 [JavaFX Application Thread] DEBUG Input                - Registered new binding: Screenshot - CTRL+8
08:16:54.436 [JavaFX Application Thread] DEBUG Input                - Registered new binding: System info dump - CTRL+9
08:16:54.436 [JavaFX Application Thread] DEBUG Input                - Registered new binding: Restart - CTRL+R
08:16:54.437 [JavaFX Application Thread] DEBUG Input                - Registered new binding: Toggle Debug Camera - CTRL+7
08:16:54.442 [JavaFX Application Thread] DEBUG LoopRunner           - Starting loop
08:16:54.442 [JavaFX Application Thread] DEBUG LoopRunner           - Initializing JavaFX AnimationTimerLoop
08:16:54.444 [JavaFX Application Thread] DEBUG GameApplicationServi - Starting new game
08:16:54.444 [JavaFX Application Thread] DEBUG Input                - Clearing active input actions
08:16:54.457 [JavaFX Application Thread] DEBUG GameApplicationServi - Removing overlay from FXGLStartupScene and adding to FXGLLoadingScene
08:16:54.457 [JavaFX Application Thread] DEBUG PrimaryStageWindow   - FXGLStartupScene -> FXGLLoadingScene
08:16:54.457 [JavaFX Application Thread] DEBUG GameApplicationServi - Clearing previous game
08:16:54.457 [JavaFX Application Thread] DEBUG GameScene            - Clearing game scene
08:16:54.457 [JavaFX Application Thread] DEBUG GameWorld            - Clearing game world
08:16:54.457 [JavaFX Application Thread] DEBUG PhysicsWorld         - Clearing physics world
08:16:54.460 [JavaFX Application Thread] DEBUG FXGLApplication      - Registering font factories with UI factory
08:16:54.473 [FXGL Background Thread 4 ] DEBUG FXGLAssetLoaderServi - Loading from file system: file:/F:/Proyectos%20javafx/javafxgl/demoImageAnim/target/classes/assets/textures/bosque.jpg
08:16:54.578 [FXGL Background Thread 4 ] INFO  FXGLApplication      - Game initialization took: 0,118 sec
08:16:54.606 [JavaFX Application Thread] DEBUG Input                - Clearing active input actions
08:16:54.619 [JavaFX Application Thread] DEBUG GameApplicationServi - Removing overlay from FXGLLoadingScene and adding to GameScene
08:16:54.619 [JavaFX Application Thread] DEBUG PrimaryStageWindow   - FXGLLoadingScene -> GameScene
08:16:57.323 [FXGL Background Thread 3 ] DEBUG Engine               - Logging environment variables
08:16:57.325 [FXGL Background Thread 3 ] DEBUG Engine               - achievements: []
08:16:57.325 [FXGL Background Thread 3 ] DEBUG Engine               - actualHeight: 600.0
08:16:57.326 [FXGL Background Thread 3 ] DEBUG Engine               - actualHeightProperty: ReadOnlyDoubleProperty [value: 600.0]
08:16:57.326 [FXGL Background Thread 3 ] DEBUG Engine               - actualWidth: 800.0
08:16:57.326 [FXGL Background Thread 3 ] DEBUG Engine               - actualWidthProperty: ReadOnlyDoubleProperty [value: 800.0]
08:16:57.326 [FXGL Background Thread 3 ] DEBUG Engine               - appIcon: fxgl_icon.png
08:16:57.327 [FXGL Background Thread 3 ] DEBUG Engine               - applicationMode: DEVELOPER
08:16:57.327 [FXGL Background Thread 3 ] DEBUG Engine               - cSSList: [fxgl_dark.css]
08:16:57.327 [FXGL Background Thread 3 ] DEBUG Engine               - collisionDetectionStrategy: BRUTE_FORCE
08:16:57.327 [FXGL Background Thread 3 ] DEBUG Engine               - configClass: Optional.empty
08:16:57.328 [FXGL Background Thread 3 ] DEBUG Engine               - credits: []
08:16:57.329 [FXGL Background Thread 3 ] DEBUG Engine               - defaultCursor: CursorInfo(imageName=fxgl_default_cursor.png, hotspotX=7.0, hotspotY=6.0)
08:16:57.329 [FXGL Background Thread 3 ] DEBUG Engine               - devBBoxColorProperty: ObjectProperty [value: 0xff0000ff]
08:16:57.330 [FXGL Background Thread 3 ] DEBUG Engine               - devEnableDebugCameraProperty: BooleanProperty [value: false]
08:16:57.330 [FXGL Background Thread 3 ] DEBUG Engine               - devSensorColorProperty: ObjectProperty [value: 0xffff00ff]
08:16:57.330 [FXGL Background Thread 3 ] DEBUG Engine               - devShowBBoxProperty: BooleanProperty [value: false]
08:16:57.331 [FXGL Background Thread 3 ] DEBUG Engine               - devShowPositionProperty: BooleanProperty [value: false]
08:16:57.331 [FXGL Background Thread 3 ] DEBUG Engine               - enabledMenuItems: []
08:16:57.331 [FXGL Background Thread 3 ] DEBUG Engine               - engineServices: [class com.almasb.fxgl.app.services.FXGLAssetLoaderService, class com.almasb.fxgl.app.FXGLApplication$GameApplicationService, class com.almasb.fxgl.app.services.FXGLDialogService, class com.almasb.fxgl.app.services.IOTaskExecutorService, class com.almasb.fxgl.io.FileSystemService, class com.almasb.fxgl.localization.LocalizationService, class com.almasb.fxgl.app.services.SystemBundleService, class com.almasb.fxgl.profile.SaveLoadService, class com.almasb.fxgl.ui.FXGLUIFactoryServiceProvider, class com.almasb.fxgl.ui.FXGLDialogFactoryServiceProvider, class com.almasb.fxgl.audio.AudioPlayer, class com.almasb.fxgl.notification.impl.NotificationServiceProvider, class com.almasb.fxgl.achievement.AchievementService, class com.almasb.fxgl.cutscene.CutsceneService, class com.almasb.fxgl.minigames.MiniGameService, class com.almasb.fxgl.net.NetService, class com.almasb.fxgl.app.services.UpdaterService, class com.almasb.fxgl.dev.DevService]
08:16:57.331 [FXGL Background Thread 3 ] DEBUG Engine               - fontGame: Abel-Regular.ttf
08:16:57.332 [FXGL Background Thread 3 ] DEBUG Engine               - fontMono: TerminalLandMono-Regular.otf
08:16:57.332 [FXGL Background Thread 3 ] DEBUG Engine               - fontSizeScaleUI: 1.0
08:16:57.332 [FXGL Background Thread 3 ] DEBUG Engine               - fontText: Courier-Prime.ttf
08:16:57.332 [FXGL Background Thread 3 ] DEBUG Engine               - fontUI: VarelaRound-Regular.ttf
08:16:57.333 [FXGL Background Thread 3 ] DEBUG Engine               - fullScreen: BooleanProperty [value: false]
08:16:57.333 [FXGL Background Thread 3 ] DEBUG Engine               - gameDifficulty: MEDIUM
08:16:57.333 [FXGL Background Thread 3 ] DEBUG Engine               - gameDifficultyProperty: ObjectProperty [value: MEDIUM]
08:16:57.333 [FXGL Background Thread 3 ] DEBUG Engine               - globalMusicVolume: 0.5
08:16:57.334 [FXGL Background Thread 3 ] DEBUG Engine               - globalMusicVolumeProperty: DoubleProperty [value: 0.5]
08:16:57.334 [FXGL Background Thread 3 ] DEBUG Engine               - globalSoundVolume: 0.5
08:16:57.335 [FXGL Background Thread 3 ] DEBUG Engine               - globalSoundVolumeProperty: DoubleProperty [value: 0.5]
08:16:57.335 [FXGL Background Thread 3 ] DEBUG Engine               - height: 600
08:16:57.335 [FXGL Background Thread 3 ] DEBUG Engine               - is3D: false
08:16:57.336 [FXGL Background Thread 3 ] DEBUG Engine               - isAndroid: false
08:16:57.336 [FXGL Background Thread 3 ] DEBUG Engine               - isBrowser: false
08:16:57.336 [FXGL Background Thread 3 ] DEBUG Engine               - isClickFeedbackEnabled: false
08:16:57.336 [FXGL Background Thread 3 ] DEBUG Engine               - isCloseConfirmation: false
08:16:57.336 [FXGL Background Thread 3 ] DEBUG Engine               - isDesktop: true
08:16:57.337 [FXGL Background Thread 3 ] DEBUG Engine               - isDeveloperMenuEnabled: false
08:16:57.337 [FXGL Background Thread 3 ] DEBUG Engine               - isEmbedded: false
08:16:57.337 [FXGL Background Thread 3 ] DEBUG Engine               - isEntityPreloadEnabled: true
08:16:57.337 [FXGL Background Thread 3 ] DEBUG Engine               - isExperimentalTiledLargeMap: false
08:16:57.337 [FXGL Background Thread 3 ] DEBUG Engine               - isFileSystemWriteAllowed: true
08:16:57.338 [FXGL Background Thread 3 ] DEBUG Engine               - isFullScreenAllowed: false
08:16:57.338 [FXGL Background Thread 3 ] DEBUG Engine               - isFullScreenFromStart: false
08:16:57.338 [FXGL Background Thread 3 ] DEBUG Engine               - isGameMenuEnabled: true
08:16:57.338 [FXGL Background Thread 3 ] DEBUG Engine               - isIOS: false
08:16:57.339 [FXGL Background Thread 3 ] DEBUG Engine               - isIntroEnabled: false
08:16:57.339 [FXGL Background Thread 3 ] DEBUG Engine               - isLinux: false
08:16:57.339 [FXGL Background Thread 3 ] DEBUG Engine               - isMac: false
08:16:57.339 [FXGL Background Thread 3 ] DEBUG Engine               - isMainMenuEnabled: false
08:16:57.340 [FXGL Background Thread 3 ] DEBUG Engine               - isManualResizeEnabled: false
08:16:57.340 [FXGL Background Thread 3 ] DEBUG Engine               - isMobile: false
08:16:57.340 [FXGL Background Thread 3 ] DEBUG Engine               - isNative: false
08:16:57.341 [FXGL Background Thread 3 ] DEBUG Engine               - isPauseMusicWhenMinimized: true
08:16:57.341 [FXGL Background Thread 3 ] DEBUG Engine               - isPreserveResizeRatio: false
08:16:57.341 [FXGL Background Thread 3 ] DEBUG Engine               - isProfilingEnabled: false
08:16:57.341 [FXGL Background Thread 3 ] DEBUG Engine               - isScaleAffectedOnResize: true
08:16:57.342 [FXGL Background Thread 3 ] DEBUG Engine               - isSingleStep: false
08:16:57.342 [FXGL Background Thread 3 ] DEBUG Engine               - isUserProfileEnabled: false
08:16:57.342 [FXGL Background Thread 3 ] DEBUG Engine               - isWindows: true
08:16:57.342 [FXGL Background Thread 3 ] DEBUG Engine               - language: ObjectProperty [value: ENGLISH]
08:16:57.343 [FXGL Background Thread 3 ] DEBUG Engine               - menuKey: ESCAPE
08:16:57.343 [FXGL Background Thread 3 ] DEBUG Engine               - mouseSensitivity: 0.2
08:16:57.343 [FXGL Background Thread 3 ] DEBUG Engine               - notificationViewClass: class com.almasb.fxgl.notification.view.XboxNotificationView
08:16:57.343 [FXGL Background Thread 3 ] DEBUG Engine               - pixelsPerMeter: 50.0
08:16:57.343 [FXGL Background Thread 3 ] DEBUG Engine               - platform: WINDOWS
08:16:57.344 [FXGL Background Thread 3 ] DEBUG Engine               - prefHeightProperty: ReadOnlyDoubleProperty [value: 600.0]
08:16:57.344 [FXGL Background Thread 3 ] DEBUG Engine               - prefWidthProperty: ReadOnlyDoubleProperty [value: 800.0]
08:16:57.344 [FXGL Background Thread 3 ] DEBUG Engine               - profileDir: profiles/
08:16:57.345 [FXGL Background Thread 3 ] DEBUG Engine               - profileName: StringProperty [value: DEFAULT]
08:16:57.345 [FXGL Background Thread 3 ] DEBUG Engine               - randomSeed: -1
08:16:57.346 [FXGL Background Thread 3 ] DEBUG Engine               - runtimeInfo: RuntimeInfo(platform=WINDOWS, version=21, build=28.12.2023 13.35)
08:16:57.346 [FXGL Background Thread 3 ] DEBUG Engine               - saveFileExt: sav
08:16:57.346 [FXGL Background Thread 3 ] DEBUG Engine               - scaledHeightProp$fxgl: DoubleProperty [bound, value: 600.0]
08:16:57.346 [FXGL Background Thread 3 ] DEBUG Engine               - scaledWidthProp$fxgl: DoubleProperty [bound, value: 800.0]
08:16:57.347 [FXGL Background Thread 3 ] DEBUG Engine               - sceneFactory: com.almasb.fxgl.app.scene.SceneFactory@5b6e8d92
08:16:57.347 [FXGL Background Thread 3 ] DEBUG Engine               - secondsIn24h: 60
08:16:57.347 [FXGL Background Thread 3 ] DEBUG Engine               - soundMenuBack: menu/back.wav
08:16:57.347 [FXGL Background Thread 3 ] DEBUG Engine               - soundMenuPress: menu/press.wav
08:16:57.348 [FXGL Background Thread 3 ] DEBUG Engine               - soundMenuSelect: menu/select.wav
08:16:57.348 [FXGL Background Thread 3 ] DEBUG Engine               - soundNotification: core/notification.wav
08:16:57.348 [FXGL Background Thread 3 ] DEBUG Engine               - stageStyle: DECORATED
08:16:57.348 [FXGL Background Thread 3 ] DEBUG Engine               - supportedLanguages: [ENGLISH, FRENCH, GERMAN, HUNGARIAN, RUSSIAN]
08:16:57.348 [FXGL Background Thread 3 ] DEBUG Engine               - ticksPerSecond: -1
08:16:57.349 [FXGL Background Thread 3 ] DEBUG Engine               - title: DemoImage
08:16:57.349 [FXGL Background Thread 3 ] DEBUG Engine               - urlGithub: https://github.com/AlmasB/FXGL
08:16:57.349 [FXGL Background Thread 3 ] DEBUG Engine               - urlLeaderboard: http://fxgl-top.herokuapp.com/
08:16:57.349 [FXGL Background Thread 3 ] DEBUG Engine               - urlPOM: https://raw.githubusercontent.com/AlmasB/FXGL/release/README.md
08:16:57.350 [FXGL Background Thread 3 ] DEBUG Engine               - userAppClass: class App
08:16:57.350 [FXGL Background Thread 3 ] DEBUG Engine               - version: 0.0
08:16:57.350 [FXGL Background Thread 3 ] DEBUG Engine               - versionCheckDays: 7
08:16:57.350 [FXGL Background Thread 3 ] DEBUG Engine               - width: 800
08:16:57.350 [FXGL Background Thread 3 ] DEBUG Engine               - Logging services
08:16:57.350 [FXGL Background Thread 3 ] DEBUG Engine               - class com.almasb.fxgl.app.services.FXGLAssetLoaderService
08:16:57.350 [FXGL Background Thread 3 ] DEBUG Engine               - class com.almasb.fxgl.app.FXGLApplication$GameApplicationService
08:16:57.351 [FXGL Background Thread 3 ] DEBUG Engine               - class com.almasb.fxgl.app.services.FXGLDialogService
08:16:57.351 [FXGL Background Thread 3 ] DEBUG Engine               - class com.almasb.fxgl.app.services.IOTaskExecutorService
08:16:57.351 [FXGL Background Thread 3 ] DEBUG Engine               - class com.almasb.fxgl.io.FileSystemService
08:16:57.351 [FXGL Background Thread 3 ] DEBUG Engine               - class com.almasb.fxgl.localization.LocalizationService
08:16:57.351 [FXGL Background Thread 3 ] DEBUG Engine               - class com.almasb.fxgl.app.services.SystemBundleService
08:16:57.351 [FXGL Background Thread 3 ] DEBUG Engine               - class com.almasb.fxgl.profile.SaveLoadService
08:16:57.351 [FXGL Background Thread 3 ] DEBUG Engine               - class com.almasb.fxgl.ui.FXGLUIFactoryServiceProvider
08:16:57.351 [FXGL Background Thread 3 ] DEBUG Engine               - class com.almasb.fxgl.ui.FXGLDialogFactoryServiceProvider
08:16:57.351 [FXGL Background Thread 3 ] DEBUG Engine               - class com.almasb.fxgl.audio.AudioPlayer
08:16:57.351 [FXGL Background Thread 3 ] DEBUG Engine               - class com.almasb.fxgl.notification.impl.NotificationServiceProvider
08:16:57.351 [FXGL Background Thread 3 ] DEBUG Engine               - class com.almasb.fxgl.achievement.AchievementService
08:16:57.351 [FXGL Background Thread 3 ] DEBUG Engine               - class com.almasb.fxgl.cutscene.CutsceneService
08:16:57.351 [FXGL Background Thread 3 ] DEBUG Engine               - class com.almasb.fxgl.minigames.MiniGameService
08:16:57.351 [FXGL Background Thread 3 ] DEBUG Engine               - class com.almasb.fxgl.net.NetService
08:16:57.352 [FXGL Background Thread 3 ] DEBUG Engine               - class com.almasb.fxgl.app.services.UpdaterService
08:16:57.352 [FXGL Background Thread 3 ] DEBUG Engine               - class com.almasb.fxgl.dev.DevService
08:17:08.328 [JavaFX Application Thread] DEBUG FXGLApplication      - Exiting FXGL
08:17:08.329 [JavaFX Application Thread] DEBUG LoopRunner           - Stopping loop
08:17:08.329 [JavaFX Application Thread] DEBUG SystemBundleService  - Saving FXGL system data
08:17:08.331 [JavaFX Application Thread] DEBUG FileSystemAccess     - Writing to: F:\Proyectos javafx\javafxgl\demoImageAnim\system\fxgl.bundle
08:17:08.333 [JavaFX Application Thread] DEBUG Async                - Shutting down background threads
08:17:08.333 [JavaFX Application Thread] DEBUG PrimaryStageWindow   - Closing main window
08:17:08.350 [JavaFX Application Thread] DEBUG Logger               - Closing Logger
