10:07:24.865 [main                     ] DEBUG Logger               - Configured Logger
10:07:24.887 [main                     ] DEBUG GameApplication      - Logging settings
Title: DemoImage
Version: 0.0
Width: 800
Height: 600
Fullscreen: false
Intro: false
Profiling: false
Single step:false
App Mode: DEVELOPER
Menu Key: ESCAPE
Stage Style: DECORATED
Scene Factory: class com.almasb.fxgl.app.scene.SceneFactory

10:07:25.267 [JavaFX Application Thread] DEBUG FXGLApplication      - Initializing FXGL
10:07:25.271 [JavaFX Application Thread] INFO  Engine               - FXGL-21 (28.12.2023 13.35) on WINDOWS (J:21.0.1 FX:21.0.1)
10:07:25.271 [JavaFX Application Thread] DEBUG Engine               - JRE Vendor Name: Oracle Corporation
10:07:25.272 [JavaFX Application Thread] DEBUG Engine               - Running on OS: Windows 10 version 10.0
10:07:25.272 [JavaFX Application Thread] DEBUG Engine               - Architecture: amd64
10:07:25.272 [JavaFX Application Thread] INFO  Engine               - Source code and latest versions at: https://github.com/AlmasB/FXGL
10:07:25.272 [JavaFX Application Thread] INFO  Engine               -       Ask questions and discuss at: https://github.com/AlmasB/FXGL/discussions
10:07:25.272 [JavaFX Application Thread] INFO  Engine               -              Join the FXGL chat at: https://gitter.im/AlmasB/FXGL
10:07:25.402 [JavaFX Application Thread] DEBUG PrimaryStageWindow   - Creating a JavaFX scene
10:07:25.459 [JavaFX Application Thread] DEBUG PrimaryStageWindow   - Target settings size: 800.0 x 600.0
10:07:25.459 [JavaFX Application Thread] DEBUG PrimaryStageWindow   - Scaled scene size:    800.0 x 600.0
10:07:25.460 [JavaFX Application Thread] DEBUG PrimaryStageWindow   - Scaled ratio: (1.0, 1.0)
10:07:25.461 [JavaFX Application Thread] DEBUG PrimaryStageWindow   - Set initial scene to FXGLStartupScene
10:07:25.464 [JavaFX Application Thread] DEBUG PrimaryStageWindow   - Opening main window
10:07:25.572 [JavaFX Application Thread] DEBUG PrimaryStageWindow   - Window border size: (14.4000244140625, 37.5999755859375)
10:07:25.573 [JavaFX Application Thread] DEBUG PrimaryStageWindow   - Scaled size: 800.0 x 600.0
10:07:25.573 [JavaFX Application Thread] DEBUG PrimaryStageWindow   - Scaled ratio: (1.0, 1.0)
10:07:25.574 [JavaFX Application Thread] DEBUG PrimaryStageWindow   - Scene size: 800.0 x 600.0
10:07:25.574 [JavaFX Application Thread] DEBUG PrimaryStageWindow   - Stage size: 814.4000244140625 x 637.5999755859375
10:07:25.584 [FXGL Background Thread 1 ] DEBUG Engine               - Initializing environment variables
10:07:25.681 [FXGL Background Thread 1 ] DEBUG FXGLAssetLoaderServi - User app class for loading assets: class App
10:07:25.681 [FXGL Background Thread 1 ] DEBUG GameApplicationServi - Applying CSS: fxgl_dark.css
10:07:25.682 [FXGL Background Thread 1 ] DEBUG FXGLAssetLoaderServi - Loading from file system: jar:file:/C:/Users/Usuario/.m2/repository/com/github/almasb/fxgl/21/fxgl-21.jar!/fxglassets/ui/css/fxgl_dark.css
10:07:25.736 [FXGL Background Thread 1 ] DEBUG GameApplicationServi - Initializing application scenes
10:07:25.796 [FXGL Background Thread 1 ] DEBUG GameWorld            - Game world initialized
10:07:25.884 [FXGL Background Thread 1 ] DEBUG PhysicsWorld         - Physics world initialized: appHeight=600, physics.ppm=50,0
10:07:25.884 [FXGL Background Thread 1 ] DEBUG PhysicsWorld         - Using strategy: BRUTE_FORCE
10:07:25.891 [FXGL Background Thread 1 ] DEBUG GameScene            - Game scene initialized: 800x600
10:07:25.911 [FXGL Background Thread 1 ] DEBUG FXGL.DefaultMenu     - createMenuBodyGameMenu()
10:07:25.928 [FXGL Background Thread 1 ] DEBUG FXGL.DefaultMenu     - createOptionsMenu()
10:07:25.938 [FXGL Background Thread 1 ] DEBUG FXGLAssetLoaderServi - Loading from file system: jar:file:/C:/Users/Usuario/.m2/repository/com/github/almasb/fxgl/21/fxgl-21.jar!/fxglassets/textures/particles/smoke.png
10:07:26.047 [FXGL Background Thread 1 ] DEBUG FXGLAssetLoaderServi - Loading from file system: jar:file:/C:/Users/Usuario/.m2/repository/com/github/almasb/fxgl/21/fxgl-21.jar!/fxglassets/textures/particles/trace_horizontal.png
10:07:26.082 [FXGL Background Thread 1 ] DEBUG GameApplicationServi - Application scenes initialized
10:07:26.097 [FXGL Background Thread 1 ] DEBUG SystemBundleService  - Loading FXGL system data
10:07:26.100 [FXGL Background Thread 1 ] DEBUG FileSystemAccess     - Reading from: F:\Proyectos javafx\javafxgl\demoImageAnim\system\fxgl.bundle
10:07:26.111 [FXGL Background Thread 1 ] DEBUG SystemBundleService  - Bundle FXGL: {}
10:07:26.111 [FXGL Background Thread 1 ] DEBUG UpdaterService       - Checking for updates
10:07:26.116 [FXGL Background Thread 4 ] DEBUG FXGLApplication      - Loading fonts
10:07:26.116 [FXGL Background Thread 4 ] DEBUG FXGLAssetLoaderServi - Loading from file system: jar:file:/C:/Users/Usuario/.m2/repository/com/github/almasb/fxgl/21/fxgl-21.jar!/fxglassets/ui/fonts/VarelaRound-Regular.ttf
10:07:26.117 [FXGL Background Thread 1 ] DEBUG FXGLApplication      - Loading default localization
10:07:26.118 [FXGL Background Thread 1 ] DEBUG FXGLAssetLoaderServi - Loading from file system: jar:file:/C:/Users/Usuario/.m2/repository/com/github/almasb/fxgl/21/fxgl-21.jar!/fxglassets/languages/english.lang
10:07:26.161 [FXGL Background Thread 1 ] INFO  FXGLApplication      - FXGL initialization took: 0,577 sec
10:07:26.167 [FXGL Background Thread 4 ] DEBUG FXGLAssetLoaderServi - Loading from file system: jar:file:/C:/Users/Usuario/.m2/repository/com/github/almasb/fxgl/21/fxgl-21.jar!/fxglassets/ui/fonts/Abel-Regular.ttf
10:07:26.178 [FXGL Background Thread 4 ] DEBUG FXGLAssetLoaderServi - Loading from file system: jar:file:/C:/Users/Usuario/.m2/repository/com/github/almasb/fxgl/21/fxgl-21.jar!/fxglassets/ui/fonts/TerminalLandMono-Regular.otf
10:07:26.179 [JavaFX Application Thread] DEBUG Input                - Registered new binding: action0 - A
10:07:26.180 [JavaFX Application Thread] DEBUG Input                - Registered new binding: action1 - D
10:07:26.180 [JavaFX Application Thread] DEBUG Input                - Registered new binding: action2 - W
10:07:26.181 [JavaFX Application Thread] DEBUG Input                - Registered new binding: action3 - S
10:07:26.181 [JavaFX Application Thread] DEBUG FXGLAssetLoaderServi - Loading from file system: jar:file:/C:/Users/Usuario/.m2/repository/com/github/almasb/fxgl/21/fxgl-21.jar!/fxglassets/textures/fxgl_icon.png
10:07:26.189 [FXGL Background Thread 4 ] DEBUG FXGLAssetLoaderServi - Loading from file system: jar:file:/C:/Users/Usuario/.m2/repository/com/github/almasb/fxgl/21/fxgl-21.jar!/fxglassets/ui/fonts/Courier-Prime.ttf
10:07:26.209 [JavaFX Application Thread] DEBUG FXGLAssetLoaderServi - Loading from file system: jar:file:/C:/Users/Usuario/.m2/repository/com/github/almasb/fxgl/21/fxgl-21.jar!/fxglassets/textures/fxgl_default_cursor.png
10:07:26.212 [JavaFX Application Thread] DEBUG Input                - Registered new binding: Screenshot - CTRL+8
10:07:26.213 [JavaFX Application Thread] DEBUG Input                - Registered new binding: System info dump - CTRL+9
10:07:26.213 [JavaFX Application Thread] DEBUG Input                - Registered new binding: Restart - CTRL+R
10:07:26.214 [JavaFX Application Thread] DEBUG Input                - Registered new binding: Toggle Debug Camera - CTRL+7
10:07:26.218 [JavaFX Application Thread] DEBUG LoopRunner           - Starting loop
10:07:26.219 [JavaFX Application Thread] DEBUG LoopRunner           - Initializing JavaFX AnimationTimerLoop
10:07:26.222 [JavaFX Application Thread] DEBUG GameApplicationServi - Starting new game
10:07:26.223 [JavaFX Application Thread] DEBUG Input                - Clearing active input actions
10:07:26.236 [JavaFX Application Thread] DEBUG GameApplicationServi - Removing overlay from FXGLStartupScene and adding to FXGLLoadingScene
10:07:26.236 [JavaFX Application Thread] DEBUG PrimaryStageWindow   - FXGLStartupScene -> FXGLLoadingScene
10:07:26.237 [JavaFX Application Thread] DEBUG GameApplicationServi - Clearing previous game
10:07:26.237 [JavaFX Application Thread] DEBUG GameScene            - Clearing game scene
10:07:26.237 [JavaFX Application Thread] DEBUG GameWorld            - Clearing game world
10:07:26.237 [JavaFX Application Thread] DEBUG PhysicsWorld         - Clearing physics world
10:07:26.239 [FXGL Background Thread 4 ] DEBUG FXGLApplication      - Initializing game
10:07:26.239 [JavaFX Application Thread] DEBUG FXGLApplication      - Registering font factories with UI factory
10:07:26.253 [FXGL Background Thread 4 ] DEBUG FXGLAssetLoaderServi - Loading from file system: file:/F:/Proyectos%20javafx/javafxgl/demoImageAnim/target/classes/assets/textures/bosque.jpg
10:07:26.331 [FXGL Background Thread 4 ] DEBUG FXGLAssetLoaderServi - Loading from file system: file:/F:/Proyectos%20javafx/javafxgl/demoImageAnim/target/classes/assets/textures/sprite_pug.png
10:07:26.368 [FXGL Background Thread 4 ] INFO  FXGLApplication      - Game initialization took: 0,129 sec
10:07:26.374 [JavaFX Application Thread] DEBUG Input                - Clearing active input actions
10:07:26.392 [JavaFX Application Thread] DEBUG GameApplicationServi - Removing overlay from FXGLLoadingScene and adding to GameScene
10:07:26.392 [JavaFX Application Thread] DEBUG PrimaryStageWindow   - FXGLLoadingScene -> GameScene
10:07:28.472 [JavaFX Application Thread] DEBUG FXGLApplication      - Exiting FXGL
10:07:28.472 [JavaFX Application Thread] DEBUG LoopRunner           - Stopping loop
10:07:28.472 [JavaFX Application Thread] DEBUG SystemBundleService  - Saving FXGL system data
10:07:28.474 [JavaFX Application Thread] DEBUG FileSystemAccess     - Writing to: F:\Proyectos javafx\javafxgl\demoImageAnim\system\fxgl.bundle
10:07:28.476 [JavaFX Application Thread] DEBUG Async                - Shutting down background threads
10:07:28.476 [JavaFX Application Thread] DEBUG PrimaryStageWindow   - Closing main window
10:07:28.493 [JavaFX Application Thread] DEBUG Logger               - Closing Logger
