17:02:02.257 [main                     ] DEBUG Logger               - Configured Logger
17:02:02.282 [main                     ] DEBUG GameApplication      - Logging settings
Title: DemoImage
Version: 0.0
Width: 800
Height: 600
Fullscreen: false
Intro: false
Profiling: false
Single step:false
App Mode: DEVELOPER
Menu Key: ESCAPE
Stage Style: DECORATED
Scene Factory: class com.almasb.fxgl.app.scene.SceneFactory

17:02:02.645 [JavaFX Application Thread] DEBUG FXGLApplication      - Initializing FXGL
17:02:02.655 [JavaFX Application Thread] INFO  Engine               - FXGL-21 (28.12.2023 13.35) on WINDOWS (J:21.0.1 FX:21.0.1)
17:02:02.656 [JavaFX Application Thread] DEBUG Engine               - JRE Vendor Name: Oracle Corporation
17:02:02.656 [JavaFX Application Thread] DEBUG Engine               - Running on OS: Windows 10 version 10.0
17:02:02.656 [JavaFX Application Thread] DEBUG Engine               - Architecture: amd64
17:02:02.656 [JavaFX Application Thread] INFO  Engine               - Source code and latest versions at: https://github.com/AlmasB/FXGL
17:02:02.657 [JavaFX Application Thread] INFO  Engine               -       Ask questions and discuss at: https://github.com/AlmasB/FXGL/discussions
17:02:02.657 [JavaFX Application Thread] INFO  Engine               -              Join the FXGL chat at: https://gitter.im/AlmasB/FXGL
17:02:02.783 [JavaFX Application Thread] DEBUG PrimaryStageWindow   - Creating a JavaFX scene
17:02:02.839 [JavaFX Application Thread] DEBUG PrimaryStageWindow   - Target settings size: 800.0 x 600.0
17:02:02.839 [JavaFX Application Thread] DEBUG PrimaryStageWindow   - Scaled scene size:    800.0 x 600.0
17:02:02.839 [JavaFX Application Thread] DEBUG PrimaryStageWindow   - Scaled ratio: (1.0, 1.0)
17:02:02.840 [JavaFX Application Thread] DEBUG PrimaryStageWindow   - Set initial scene to FXGLStartupScene
17:02:02.843 [JavaFX Application Thread] DEBUG PrimaryStageWindow   - Opening main window
17:02:02.952 [JavaFX Application Thread] DEBUG PrimaryStageWindow   - Window border size: (14.4000244140625, 37.5999755859375)
17:02:02.952 [JavaFX Application Thread] DEBUG PrimaryStageWindow   - Scaled size: 800.0 x 600.0
17:02:02.953 [JavaFX Application Thread] DEBUG PrimaryStageWindow   - Scaled ratio: (1.0, 1.0)
17:02:02.953 [JavaFX Application Thread] DEBUG PrimaryStageWindow   - Scene size: 800.0 x 600.0
17:02:02.953 [JavaFX Application Thread] DEBUG PrimaryStageWindow   - Stage size: 814.4000244140625 x 637.5999755859375
17:02:02.966 [FXGL Background Thread 1 ] DEBUG Engine               - Initializing environment variables
17:02:03.069 [FXGL Background Thread 1 ] DEBUG FXGLAssetLoaderServi - User app class for loading assets: class App
17:02:03.069 [FXGL Background Thread 1 ] DEBUG GameApplicationServi - Applying CSS: fxgl_dark.css
17:02:03.070 [FXGL Background Thread 1 ] DEBUG FXGLAssetLoaderServi - Loading from file system: jar:file:/C:/Users/Usuario/.m2/repository/com/github/almasb/fxgl/21/fxgl-21.jar!/fxglassets/ui/css/fxgl_dark.css
17:02:03.124 [FXGL Background Thread 1 ] DEBUG GameApplicationServi - Initializing application scenes
17:02:03.184 [FXGL Background Thread 1 ] DEBUG GameWorld            - Game world initialized
17:02:03.282 [FXGL Background Thread 1 ] DEBUG PhysicsWorld         - Physics world initialized: appHeight=600, physics.ppm=50,0
17:02:03.282 [FXGL Background Thread 1 ] DEBUG PhysicsWorld         - Using strategy: BRUTE_FORCE
17:02:03.287 [FXGL Background Thread 1 ] DEBUG GameScene            - Game scene initialized: 800x600
17:02:03.303 [FXGL Background Thread 1 ] DEBUG FXGL.DefaultMenu     - createMenuBodyGameMenu()
17:02:03.322 [FXGL Background Thread 1 ] DEBUG FXGL.DefaultMenu     - createOptionsMenu()
17:02:03.335 [FXGL Background Thread 1 ] DEBUG FXGLAssetLoaderServi - Loading from file system: jar:file:/C:/Users/Usuario/.m2/repository/com/github/almasb/fxgl/21/fxgl-21.jar!/fxglassets/textures/particles/smoke.png
17:02:03.458 [FXGL Background Thread 1 ] DEBUG FXGLAssetLoaderServi - Loading from file system: jar:file:/C:/Users/Usuario/.m2/repository/com/github/almasb/fxgl/21/fxgl-21.jar!/fxglassets/textures/particles/trace_horizontal.png
17:02:03.488 [FXGL Background Thread 1 ] DEBUG GameApplicationServi - Application scenes initialized
17:02:03.501 [FXGL Background Thread 1 ] DEBUG SystemBundleService  - Loading FXGL system data
17:02:03.505 [FXGL Background Thread 1 ] DEBUG FileSystemAccess     - Reading from: F:\Proyectos javafx\javafxgl\demoImageAnim\system\fxgl.bundle
17:02:03.514 [FXGL Background Thread 1 ] DEBUG SystemBundleService  - Bundle FXGL: {}
17:02:03.514 [FXGL Background Thread 1 ] DEBUG UpdaterService       - Checking for updates
17:02:03.519 [FXGL Background Thread 4 ] DEBUG FXGLApplication      - Loading fonts
17:02:03.519 [FXGL Background Thread 4 ] DEBUG FXGLAssetLoaderServi - Loading from file system: jar:file:/C:/Users/Usuario/.m2/repository/com/github/almasb/fxgl/21/fxgl-21.jar!/fxglassets/ui/fonts/VarelaRound-Regular.ttf
17:02:03.520 [FXGL Background Thread 1 ] DEBUG FXGLApplication      - Loading default localization
17:02:03.521 [FXGL Background Thread 1 ] DEBUG FXGLAssetLoaderServi - Loading from file system: jar:file:/C:/Users/Usuario/.m2/repository/com/github/almasb/fxgl/21/fxgl-21.jar!/fxglassets/languages/english.lang
17:02:03.561 [FXGL Background Thread 1 ] INFO  FXGLApplication      - FXGL initialization took: 0,596 sec
17:02:03.566 [FXGL Background Thread 4 ] DEBUG FXGLAssetLoaderServi - Loading from file system: jar:file:/C:/Users/Usuario/.m2/repository/com/github/almasb/fxgl/21/fxgl-21.jar!/fxglassets/ui/fonts/Abel-Regular.ttf
17:02:03.575 [FXGL Background Thread 4 ] DEBUG FXGLAssetLoaderServi - Loading from file system: jar:file:/C:/Users/Usuario/.m2/repository/com/github/almasb/fxgl/21/fxgl-21.jar!/fxglassets/ui/fonts/TerminalLandMono-Regular.otf
17:02:03.577 [JavaFX Application Thread] DEBUG Input                - Registered new binding: action0 - A
17:02:03.577 [JavaFX Application Thread] DEBUG Input                - Registered new binding: action1 - D
17:02:03.578 [JavaFX Application Thread] DEBUG Input                - Registered new binding: action2 - W
17:02:03.578 [JavaFX Application Thread] DEBUG Input                - Registered new binding: action3 - S
17:02:03.579 [JavaFX Application Thread] DEBUG Input                - Registered new binding: action4 - G
17:02:03.580 [JavaFX Application Thread] DEBUG Input                - Registered new binding: Move Down - H
17:02:03.580 [JavaFX Application Thread] DEBUG FXGLAssetLoaderServi - Loading from file system: jar:file:/C:/Users/Usuario/.m2/repository/com/github/almasb/fxgl/21/fxgl-21.jar!/fxglassets/textures/fxgl_icon.png
17:02:03.587 [FXGL Background Thread 4 ] DEBUG FXGLAssetLoaderServi - Loading from file system: jar:file:/C:/Users/Usuario/.m2/repository/com/github/almasb/fxgl/21/fxgl-21.jar!/fxglassets/ui/fonts/Courier-Prime.ttf
17:02:03.608 [JavaFX Application Thread] DEBUG FXGLAssetLoaderServi - Loading from file system: jar:file:/C:/Users/Usuario/.m2/repository/com/github/almasb/fxgl/21/fxgl-21.jar!/fxglassets/textures/fxgl_default_cursor.png
17:02:03.612 [JavaFX Application Thread] DEBUG Input                - Registered new binding: Screenshot - CTRL+8
17:02:03.613 [JavaFX Application Thread] DEBUG Input                - Registered new binding: System info dump - CTRL+9
17:02:03.613 [JavaFX Application Thread] DEBUG Input                - Registered new binding: Restart - CTRL+R
17:02:03.614 [JavaFX Application Thread] DEBUG Input                - Registered new binding: Toggle Debug Camera - CTRL+7
17:02:03.618 [JavaFX Application Thread] DEBUG LoopRunner           - Starting loop
17:02:03.618 [JavaFX Application Thread] DEBUG LoopRunner           - Initializing JavaFX AnimationTimerLoop
17:02:03.621 [JavaFX Application Thread] DEBUG GameApplicationServi - Starting new game
17:02:03.621 [JavaFX Application Thread] DEBUG Input                - Clearing active input actions
17:02:03.639 [JavaFX Application Thread] DEBUG GameApplicationServi - Removing overlay from FXGLStartupScene and adding to FXGLLoadingScene
17:02:03.639 [JavaFX Application Thread] DEBUG PrimaryStageWindow   - FXGLStartupScene -> FXGLLoadingScene
17:02:03.639 [JavaFX Application Thread] DEBUG GameApplicationServi - Clearing previous game
17:02:03.639 [JavaFX Application Thread] DEBUG GameScene            - Clearing game scene
17:02:03.639 [JavaFX Application Thread] DEBUG GameWorld            - Clearing game world
17:02:03.640 [JavaFX Application Thread] DEBUG PhysicsWorld         - Clearing physics world
17:02:03.641 [FXGL Background Thread 4 ] DEBUG FXGLApplication      - Initializing game
17:02:03.641 [JavaFX Application Thread] DEBUG FXGLApplication      - Registering font factories with UI factory
17:02:03.653 [FXGL Background Thread 4 ] DEBUG FXGLAssetLoaderServi - Loading from file system: file:/F:/Proyectos%20javafx/javafxgl/demoImageAnim/target/classes/assets/textures/bosque.jpg
17:02:03.738 [FXGL Background Thread 4 ] DEBUG FXGLAssetLoaderServi - Loading from file system: file:/F:/Proyectos%20javafx/javafxgl/demoImageAnim/target/classes/assets/textures/sprite_pug.png
17:02:03.769 [FXGL Background Thread 4 ] INFO  FXGLApplication      - Game initialization took: 0,127 sec
17:02:03.789 [JavaFX Application Thread] DEBUG Input                - Clearing active input actions
17:02:03.804 [JavaFX Application Thread] DEBUG GameApplicationServi - Removing overlay from FXGLLoadingScene and adding to GameScene
17:02:03.804 [JavaFX Application Thread] DEBUG PrimaryStageWindow   - FXGLLoadingScene -> GameScene
17:02:06.518 [FXGL Background Thread 3 ] DEBUG Engine               - Logging environment variables
17:02:06.520 [FXGL Background Thread 3 ] DEBUG Engine               - achievements: []
17:02:06.520 [FXGL Background Thread 3 ] DEBUG Engine               - actualHeight: 600.0
17:02:06.521 [FXGL Background Thread 3 ] DEBUG Engine               - actualHeightProperty: ReadOnlyDoubleProperty [value: 600.0]
17:02:06.521 [FXGL Background Thread 3 ] DEBUG Engine               - actualWidth: 800.0
17:02:06.521 [FXGL Background Thread 3 ] DEBUG Engine               - actualWidthProperty: ReadOnlyDoubleProperty [value: 800.0]
17:02:06.521 [FXGL Background Thread 3 ] DEBUG Engine               - appIcon: fxgl_icon.png
17:02:06.522 [FXGL Background Thread 3 ] DEBUG Engine               - applicationMode: DEVELOPER
17:02:06.522 [FXGL Background Thread 3 ] DEBUG Engine               - cSSList: [fxgl_dark.css]
17:02:06.522 [FXGL Background Thread 3 ] DEBUG Engine               - collisionDetectionStrategy: BRUTE_FORCE
17:02:06.522 [FXGL Background Thread 3 ] DEBUG Engine               - configClass: Optional.empty
17:02:06.523 [FXGL Background Thread 3 ] DEBUG Engine               - credits: []
17:02:06.524 [FXGL Background Thread 3 ] DEBUG Engine               - defaultCursor: CursorInfo(imageName=fxgl_default_cursor.png, hotspotX=7.0, hotspotY=6.0)
17:02:06.524 [FXGL Background Thread 3 ] DEBUG Engine               - devBBoxColorProperty: ObjectProperty [value: 0xff0000ff]
17:02:06.525 [FXGL Background Thread 3 ] DEBUG Engine               - devEnableDebugCameraProperty: BooleanProperty [value: false]
17:02:06.525 [FXGL Background Thread 3 ] DEBUG Engine               - devSensorColorProperty: ObjectProperty [value: 0xffff00ff]
17:02:06.525 [FXGL Background Thread 3 ] DEBUG Engine               - devShowBBoxProperty: BooleanProperty [value: false]
17:02:06.525 [FXGL Background Thread 3 ] DEBUG Engine               - devShowPositionProperty: BooleanProperty [value: false]
17:02:06.526 [FXGL Background Thread 3 ] DEBUG Engine               - enabledMenuItems: []
17:02:06.526 [FXGL Background Thread 3 ] DEBUG Engine               - engineServices: [class com.almasb.fxgl.app.services.FXGLAssetLoaderService, class com.almasb.fxgl.app.FXGLApplication$GameApplicationService, class com.almasb.fxgl.app.services.FXGLDialogService, class com.almasb.fxgl.app.services.IOTaskExecutorService, class com.almasb.fxgl.io.FileSystemService, class com.almasb.fxgl.localization.LocalizationService, class com.almasb.fxgl.app.services.SystemBundleService, class com.almasb.fxgl.profile.SaveLoadService, class com.almasb.fxgl.ui.FXGLUIFactoryServiceProvider, class com.almasb.fxgl.ui.FXGLDialogFactoryServiceProvider, class com.almasb.fxgl.audio.AudioPlayer, class com.almasb.fxgl.notification.impl.NotificationServiceProvider, class com.almasb.fxgl.achievement.AchievementService, class com.almasb.fxgl.cutscene.CutsceneService, class com.almasb.fxgl.minigames.MiniGameService, class com.almasb.fxgl.net.NetService, class com.almasb.fxgl.app.services.UpdaterService, class com.almasb.fxgl.dev.DevService]
17:02:06.526 [FXGL Background Thread 3 ] DEBUG Engine               - fontGame: Abel-Regular.ttf
17:02:06.527 [FXGL Background Thread 3 ] DEBUG Engine               - fontMono: TerminalLandMono-Regular.otf
17:02:06.527 [FXGL Background Thread 3 ] DEBUG Engine               - fontSizeScaleUI: 1.0
17:02:06.527 [FXGL Background Thread 3 ] DEBUG Engine               - fontText: Courier-Prime.ttf
17:02:06.528 [FXGL Background Thread 3 ] DEBUG Engine               - fontUI: VarelaRound-Regular.ttf
17:02:06.528 [FXGL Background Thread 3 ] DEBUG Engine               - fullScreen: BooleanProperty [value: false]
17:02:06.528 [FXGL Background Thread 3 ] DEBUG Engine               - gameDifficulty: MEDIUM
17:02:06.528 [FXGL Background Thread 3 ] DEBUG Engine               - gameDifficultyProperty: ObjectProperty [value: MEDIUM]
17:02:06.529 [FXGL Background Thread 3 ] DEBUG Engine               - globalMusicVolume: 0.5
17:02:06.529 [FXGL Background Thread 3 ] DEBUG Engine               - globalMusicVolumeProperty: DoubleProperty [value: 0.5]
17:02:06.529 [FXGL Background Thread 3 ] DEBUG Engine               - globalSoundVolume: 0.5
17:02:06.530 [FXGL Background Thread 3 ] DEBUG Engine               - globalSoundVolumeProperty: DoubleProperty [value: 0.5]
17:02:06.530 [FXGL Background Thread 3 ] DEBUG Engine               - height: 600
17:02:06.530 [FXGL Background Thread 3 ] DEBUG Engine               - is3D: false
17:02:06.530 [FXGL Background Thread 3 ] DEBUG Engine               - isAndroid: false
17:02:06.531 [FXGL Background Thread 3 ] DEBUG Engine               - isBrowser: false
17:02:06.531 [FXGL Background Thread 3 ] DEBUG Engine               - isClickFeedbackEnabled: false
17:02:06.531 [FXGL Background Thread 3 ] DEBUG Engine               - isCloseConfirmation: false
17:02:06.531 [FXGL Background Thread 3 ] DEBUG Engine               - isDesktop: true
17:02:06.532 [FXGL Background Thread 3 ] DEBUG Engine               - isDeveloperMenuEnabled: false
17:02:06.532 [FXGL Background Thread 3 ] DEBUG Engine               - isEmbedded: false
17:02:06.532 [FXGL Background Thread 3 ] DEBUG Engine               - isEntityPreloadEnabled: true
17:02:06.532 [FXGL Background Thread 3 ] DEBUG Engine               - isExperimentalTiledLargeMap: false
17:02:06.532 [FXGL Background Thread 3 ] DEBUG Engine               - isFileSystemWriteAllowed: true
17:02:06.533 [FXGL Background Thread 3 ] DEBUG Engine               - isFullScreenAllowed: false
17:02:06.533 [FXGL Background Thread 3 ] DEBUG Engine               - isFullScreenFromStart: false
17:02:06.533 [FXGL Background Thread 3 ] DEBUG Engine               - isGameMenuEnabled: true
17:02:06.534 [FXGL Background Thread 3 ] DEBUG Engine               - isIOS: false
17:02:06.534 [FXGL Background Thread 3 ] DEBUG Engine               - isIntroEnabled: false
17:02:06.534 [FXGL Background Thread 3 ] DEBUG Engine               - isLinux: false
17:02:06.534 [FXGL Background Thread 3 ] DEBUG Engine               - isMac: false
17:02:06.535 [FXGL Background Thread 3 ] DEBUG Engine               - isMainMenuEnabled: false
17:02:06.535 [FXGL Background Thread 3 ] DEBUG Engine               - isManualResizeEnabled: false
17:02:06.535 [FXGL Background Thread 3 ] DEBUG Engine               - isMobile: false
17:02:06.535 [FXGL Background Thread 3 ] DEBUG Engine               - isNative: false
17:02:06.536 [FXGL Background Thread 3 ] DEBUG Engine               - isPauseMusicWhenMinimized: true
17:02:06.536 [FXGL Background Thread 3 ] DEBUG Engine               - isPreserveResizeRatio: false
17:02:06.536 [FXGL Background Thread 3 ] DEBUG Engine               - isProfilingEnabled: false
17:02:06.536 [FXGL Background Thread 3 ] DEBUG Engine               - isScaleAffectedOnResize: true
17:02:06.536 [FXGL Background Thread 3 ] DEBUG Engine               - isSingleStep: false
17:02:06.537 [FXGL Background Thread 3 ] DEBUG Engine               - isUserProfileEnabled: false
17:02:06.537 [FXGL Background Thread 3 ] DEBUG Engine               - isWindows: true
17:02:06.537 [FXGL Background Thread 3 ] DEBUG Engine               - language: ObjectProperty [value: ENGLISH]
17:02:06.537 [FXGL Background Thread 3 ] DEBUG Engine               - menuKey: ESCAPE
17:02:06.538 [FXGL Background Thread 3 ] DEBUG Engine               - mouseSensitivity: 0.2
17:02:06.538 [FXGL Background Thread 3 ] DEBUG Engine               - notificationViewClass: class com.almasb.fxgl.notification.view.XboxNotificationView
17:02:06.538 [FXGL Background Thread 3 ] DEBUG Engine               - pixelsPerMeter: 50.0
17:02:06.538 [FXGL Background Thread 3 ] DEBUG Engine               - platform: WINDOWS
17:02:06.539 [FXGL Background Thread 3 ] DEBUG Engine               - prefHeightProperty: ReadOnlyDoubleProperty [value: 600.0]
17:02:06.539 [FXGL Background Thread 3 ] DEBUG Engine               - prefWidthProperty: ReadOnlyDoubleProperty [value: 800.0]
17:02:06.539 [FXGL Background Thread 3 ] DEBUG Engine               - profileDir: profiles/
17:02:06.539 [FXGL Background Thread 3 ] DEBUG Engine               - profileName: StringProperty [value: DEFAULT]
17:02:06.539 [FXGL Background Thread 3 ] DEBUG Engine               - randomSeed: -1
17:02:06.540 [FXGL Background Thread 3 ] DEBUG Engine               - runtimeInfo: RuntimeInfo(platform=WINDOWS, version=21, build=28.12.2023 13.35)
17:02:06.541 [FXGL Background Thread 3 ] DEBUG Engine               - saveFileExt: sav
17:02:06.541 [FXGL Background Thread 3 ] DEBUG Engine               - scaledHeightProp$fxgl: DoubleProperty [bound, value: 600.0]
17:02:06.541 [FXGL Background Thread 3 ] DEBUG Engine               - scaledWidthProp$fxgl: DoubleProperty [bound, value: 800.0]
17:02:06.541 [FXGL Background Thread 3 ] DEBUG Engine               - sceneFactory: com.almasb.fxgl.app.scene.SceneFactory@783d44d9
17:02:06.542 [FXGL Background Thread 3 ] DEBUG Engine               - secondsIn24h: 60
17:02:06.542 [FXGL Background Thread 3 ] DEBUG Engine               - soundMenuBack: menu/back.wav
17:02:06.542 [FXGL Background Thread 3 ] DEBUG Engine               - soundMenuPress: menu/press.wav
17:02:06.542 [FXGL Background Thread 3 ] DEBUG Engine               - soundMenuSelect: menu/select.wav
17:02:06.542 [FXGL Background Thread 3 ] DEBUG Engine               - soundNotification: core/notification.wav
17:02:06.543 [FXGL Background Thread 3 ] DEBUG Engine               - stageStyle: DECORATED
17:02:06.543 [FXGL Background Thread 3 ] DEBUG Engine               - supportedLanguages: [ENGLISH, FRENCH, GERMAN, HUNGARIAN, RUSSIAN]
17:02:06.543 [FXGL Background Thread 3 ] DEBUG Engine               - ticksPerSecond: -1
17:02:06.543 [FXGL Background Thread 3 ] DEBUG Engine               - title: DemoImage
17:02:06.544 [FXGL Background Thread 3 ] DEBUG Engine               - urlGithub: https://github.com/AlmasB/FXGL
17:02:06.544 [FXGL Background Thread 3 ] DEBUG Engine               - urlLeaderboard: http://fxgl-top.herokuapp.com/
17:02:06.544 [FXGL Background Thread 3 ] DEBUG Engine               - urlPOM: https://raw.githubusercontent.com/AlmasB/FXGL/release/README.md
17:02:06.544 [FXGL Background Thread 3 ] DEBUG Engine               - userAppClass: class App
17:02:06.545 [FXGL Background Thread 3 ] DEBUG Engine               - version: 0.0
17:02:06.545 [FXGL Background Thread 3 ] DEBUG Engine               - versionCheckDays: 7
17:02:06.545 [FXGL Background Thread 3 ] DEBUG Engine               - width: 800
17:02:06.546 [FXGL Background Thread 3 ] DEBUG Engine               - Logging services
17:02:06.546 [FXGL Background Thread 3 ] DEBUG Engine               - class com.almasb.fxgl.app.services.FXGLAssetLoaderService
17:02:06.546 [FXGL Background Thread 3 ] DEBUG Engine               - class com.almasb.fxgl.app.FXGLApplication$GameApplicationService
17:02:06.546 [FXGL Background Thread 3 ] DEBUG Engine               - class com.almasb.fxgl.app.services.FXGLDialogService
17:02:06.546 [FXGL Background Thread 3 ] DEBUG Engine               - class com.almasb.fxgl.app.services.IOTaskExecutorService
17:02:06.547 [FXGL Background Thread 3 ] DEBUG Engine               - class com.almasb.fxgl.io.FileSystemService
17:02:06.547 [FXGL Background Thread 3 ] DEBUG Engine               - class com.almasb.fxgl.localization.LocalizationService
17:02:06.547 [FXGL Background Thread 3 ] DEBUG Engine               - class com.almasb.fxgl.app.services.SystemBundleService
17:02:06.547 [FXGL Background Thread 3 ] DEBUG Engine               - class com.almasb.fxgl.profile.SaveLoadService
17:02:06.547 [FXGL Background Thread 3 ] DEBUG Engine               - class com.almasb.fxgl.ui.FXGLUIFactoryServiceProvider
17:02:06.547 [FXGL Background Thread 3 ] DEBUG Engine               - class com.almasb.fxgl.ui.FXGLDialogFactoryServiceProvider
17:02:06.548 [FXGL Background Thread 3 ] DEBUG Engine               - class com.almasb.fxgl.audio.AudioPlayer
17:02:06.548 [FXGL Background Thread 3 ] DEBUG Engine               - class com.almasb.fxgl.notification.impl.NotificationServiceProvider
17:02:06.548 [FXGL Background Thread 3 ] DEBUG Engine               - class com.almasb.fxgl.achievement.AchievementService
17:02:06.548 [FXGL Background Thread 3 ] DEBUG Engine               - class com.almasb.fxgl.cutscene.CutsceneService
17:02:06.548 [FXGL Background Thread 3 ] DEBUG Engine               - class com.almasb.fxgl.minigames.MiniGameService
17:02:06.549 [FXGL Background Thread 3 ] DEBUG Engine               - class com.almasb.fxgl.net.NetService
17:02:06.549 [FXGL Background Thread 3 ] DEBUG Engine               - class com.almasb.fxgl.app.services.UpdaterService
17:02:06.549 [FXGL Background Thread 3 ] DEBUG Engine               - class com.almasb.fxgl.dev.DevService
17:02:13.420 [JavaFX Application Thread] DEBUG FXGLApplication      - Exiting FXGL
17:02:13.420 [JavaFX Application Thread] DEBUG LoopRunner           - Stopping loop
17:02:13.420 [JavaFX Application Thread] DEBUG SystemBundleService  - Saving FXGL system data
17:02:13.422 [JavaFX Application Thread] DEBUG FileSystemAccess     - Writing to: F:\Proyectos javafx\javafxgl\demoImageAnim\system\fxgl.bundle
17:02:13.424 [JavaFX Application Thread] DEBUG Async                - Shutting down background threads
17:02:13.424 [JavaFX Application Thread] DEBUG PrimaryStageWindow   - Closing main window
17:02:13.443 [JavaFX Application Thread] DEBUG Logger               - Closing Logger
