16:44:32.271 [main                     ] DEBUG Logger               - Configured Logger
16:44:32.295 [main                     ] DEBUG GameApplication      - Logging settings
Title: DemoImage
Version: 0.0
Width: 800
Height: 600
Fullscreen: false
Intro: false
Profiling: false
Single step:false
App Mode: DEVELOPER
Menu Key: ESCAPE
Stage Style: DECORATED
Scene Factory: class com.almasb.fxgl.app.scene.SceneFactory

16:44:32.662 [JavaFX Application Thread] DEBUG FXGLApplication      - Initializing FXGL
16:44:32.673 [JavaFX Application Thread] INFO  Engine               - FXGL-21 (28.12.2023 13.35) on WINDOWS (J:21.0.1 FX:21.0.1)
16:44:32.674 [JavaFX Application Thread] DEBUG Engine               - JRE Vendor Name: Oracle Corporation
16:44:32.674 [JavaFX Application Thread] DEBUG Engine               - Running on OS: Windows 10 version 10.0
16:44:32.674 [JavaFX Application Thread] DEBUG Engine               - Architecture: amd64
16:44:32.674 [JavaFX Application Thread] INFO  Engine               - Source code and latest versions at: https://github.com/AlmasB/FXGL
16:44:32.675 [JavaFX Application Thread] INFO  Engine               -       Ask questions and discuss at: https://github.com/AlmasB/FXGL/discussions
16:44:32.675 [JavaFX Application Thread] INFO  Engine               -              Join the FXGL chat at: https://gitter.im/AlmasB/FXGL
16:44:32.794 [JavaFX Application Thread] DEBUG PrimaryStageWindow   - Creating a JavaFX scene
16:44:32.845 [JavaFX Application Thread] DEBUG PrimaryStageWindow   - Target settings size: 800.0 x 600.0
16:44:32.846 [JavaFX Application Thread] DEBUG PrimaryStageWindow   - Scaled scene size:    800.0 x 600.0
16:44:32.846 [JavaFX Application Thread] DEBUG PrimaryStageWindow   - Scaled ratio: (1.0, 1.0)
16:44:32.847 [JavaFX Application Thread] DEBUG PrimaryStageWindow   - Set initial scene to FXGLStartupScene
16:44:32.850 [JavaFX Application Thread] DEBUG PrimaryStageWindow   - Opening main window
16:44:32.958 [JavaFX Application Thread] DEBUG PrimaryStageWindow   - Window border size: (14.4000244140625, 37.5999755859375)
16:44:32.959 [JavaFX Application Thread] DEBUG PrimaryStageWindow   - Scaled size: 800.0 x 600.0
16:44:32.959 [JavaFX Application Thread] DEBUG PrimaryStageWindow   - Scaled ratio: (1.0, 1.0)
16:44:32.960 [JavaFX Application Thread] DEBUG PrimaryStageWindow   - Scene size: 800.0 x 600.0
16:44:32.960 [JavaFX Application Thread] DEBUG PrimaryStageWindow   - Stage size: 814.4000244140625 x 637.5999755859375
16:44:32.974 [FXGL Background Thread 1 ] DEBUG Engine               - Initializing environment variables
16:44:33.088 [FXGL Background Thread 1 ] DEBUG FXGLAssetLoaderServi - User app class for loading assets: class App
16:44:33.088 [FXGL Background Thread 1 ] DEBUG GameApplicationServi - Applying CSS: fxgl_dark.css
16:44:33.089 [FXGL Background Thread 1 ] DEBUG FXGLAssetLoaderServi - Loading from file system: jar:file:/C:/Users/Usuario/.m2/repository/com/github/almasb/fxgl/21/fxgl-21.jar!/fxglassets/ui/css/fxgl_dark.css
16:44:33.162 [FXGL Background Thread 1 ] DEBUG GameApplicationServi - Initializing application scenes
16:44:33.235 [FXGL Background Thread 1 ] DEBUG GameWorld            - Game world initialized
16:44:33.332 [FXGL Background Thread 1 ] DEBUG PhysicsWorld         - Physics world initialized: appHeight=600, physics.ppm=50,0
16:44:33.332 [FXGL Background Thread 1 ] DEBUG PhysicsWorld         - Using strategy: BRUTE_FORCE
16:44:33.336 [FXGL Background Thread 1 ] DEBUG GameScene            - Game scene initialized: 800x600
16:44:33.353 [FXGL Background Thread 1 ] DEBUG FXGL.DefaultMenu     - createMenuBodyGameMenu()
16:44:33.371 [FXGL Background Thread 1 ] DEBUG FXGL.DefaultMenu     - createOptionsMenu()
16:44:33.383 [FXGL Background Thread 1 ] DEBUG FXGLAssetLoaderServi - Loading from file system: jar:file:/C:/Users/Usuario/.m2/repository/com/github/almasb/fxgl/21/fxgl-21.jar!/fxglassets/textures/particles/smoke.png
16:44:33.507 [FXGL Background Thread 1 ] DEBUG FXGLAssetLoaderServi - Loading from file system: jar:file:/C:/Users/Usuario/.m2/repository/com/github/almasb/fxgl/21/fxgl-21.jar!/fxglassets/textures/particles/trace_horizontal.png
16:44:33.534 [FXGL Background Thread 1 ] DEBUG GameApplicationServi - Application scenes initialized
16:44:33.547 [FXGL Background Thread 1 ] DEBUG SystemBundleService  - Loading FXGL system data
16:44:33.551 [FXGL Background Thread 1 ] DEBUG FileSystemAccess     - Reading from: F:\Proyectos javafx\javafxgl\demoImageAnim\system\fxgl.bundle
16:44:33.562 [FXGL Background Thread 1 ] DEBUG SystemBundleService  - Bundle FXGL: {}
16:44:33.562 [FXGL Background Thread 1 ] DEBUG UpdaterService       - Checking for updates
16:44:33.566 [FXGL Background Thread 4 ] DEBUG FXGLApplication      - Loading fonts
16:44:33.567 [FXGL Background Thread 4 ] DEBUG FXGLAssetLoaderServi - Loading from file system: jar:file:/C:/Users/Usuario/.m2/repository/com/github/almasb/fxgl/21/fxgl-21.jar!/fxglassets/ui/fonts/VarelaRound-Regular.ttf
16:44:33.567 [FXGL Background Thread 1 ] DEBUG FXGLApplication      - Loading default localization
16:44:33.568 [FXGL Background Thread 1 ] DEBUG FXGLAssetLoaderServi - Loading from file system: jar:file:/C:/Users/Usuario/.m2/repository/com/github/almasb/fxgl/21/fxgl-21.jar!/fxglassets/languages/english.lang
16:44:33.621 [FXGL Background Thread 4 ] DEBUG FXGLAssetLoaderServi - Loading from file system: jar:file:/C:/Users/Usuario/.m2/repository/com/github/almasb/fxgl/21/fxgl-21.jar!/fxglassets/ui/fonts/Abel-Regular.ttf
16:44:33.622 [FXGL Background Thread 1 ] INFO  FXGLApplication      - FXGL initialization took: 0,647 sec
16:44:33.636 [FXGL Background Thread 4 ] DEBUG FXGLAssetLoaderServi - Loading from file system: jar:file:/C:/Users/Usuario/.m2/repository/com/github/almasb/fxgl/21/fxgl-21.jar!/fxglassets/ui/fonts/TerminalLandMono-Regular.otf
16:44:33.639 [JavaFX Application Thread] DEBUG Input                - Registered new binding: action0 - A
16:44:33.640 [JavaFX Application Thread] DEBUG Input                - Registered new binding: action1 - D
16:44:33.640 [JavaFX Application Thread] DEBUG Input                - Registered new binding: action2 - W
16:44:33.641 [JavaFX Application Thread] DEBUG Input                - Registered new binding: action3 - S
16:44:33.641 [JavaFX Application Thread] DEBUG Input                - Registered new binding: action4 - G
16:44:33.642 [JavaFX Application Thread] DEBUG Input                - Registered new binding: Move Down - H
16:44:33.643 [JavaFX Application Thread] DEBUG FXGLAssetLoaderServi - Loading from file system: jar:file:/C:/Users/Usuario/.m2/repository/com/github/almasb/fxgl/21/fxgl-21.jar!/fxglassets/textures/fxgl_icon.png
16:44:33.651 [FXGL Background Thread 4 ] DEBUG FXGLAssetLoaderServi - Loading from file system: jar:file:/C:/Users/Usuario/.m2/repository/com/github/almasb/fxgl/21/fxgl-21.jar!/fxglassets/ui/fonts/Courier-Prime.ttf
16:44:33.673 [JavaFX Application Thread] DEBUG FXGLAssetLoaderServi - Loading from file system: jar:file:/C:/Users/Usuario/.m2/repository/com/github/almasb/fxgl/21/fxgl-21.jar!/fxglassets/textures/fxgl_default_cursor.png
16:44:33.675 [JavaFX Application Thread] DEBUG Input                - Registered new binding: Screenshot - CTRL+8
16:44:33.676 [JavaFX Application Thread] DEBUG Input                - Registered new binding: System info dump - CTRL+9
16:44:33.677 [JavaFX Application Thread] DEBUG Input                - Registered new binding: Restart - CTRL+R
16:44:33.678 [JavaFX Application Thread] DEBUG Input                - Registered new binding: Toggle Debug Camera - CTRL+7
16:44:33.682 [JavaFX Application Thread] DEBUG LoopRunner           - Starting loop
16:44:33.683 [JavaFX Application Thread] DEBUG LoopRunner           - Initializing JavaFX AnimationTimerLoop
16:44:33.686 [JavaFX Application Thread] DEBUG GameApplicationServi - Starting new game
16:44:33.686 [JavaFX Application Thread] DEBUG Input                - Clearing active input actions
16:44:33.701 [JavaFX Application Thread] DEBUG GameApplicationServi - Removing overlay from FXGLStartupScene and adding to FXGLLoadingScene
16:44:33.701 [JavaFX Application Thread] DEBUG PrimaryStageWindow   - FXGLStartupScene -> FXGLLoadingScene
16:44:33.702 [JavaFX Application Thread] DEBUG GameApplicationServi - Clearing previous game
16:44:33.702 [JavaFX Application Thread] DEBUG GameScene            - Clearing game scene
16:44:33.702 [JavaFX Application Thread] DEBUG GameWorld            - Clearing game world
16:44:33.702 [JavaFX Application Thread] DEBUG PhysicsWorld         - Clearing physics world
16:44:33.704 [FXGL Background Thread 4 ] DEBUG FXGLApplication      - Initializing game
16:44:33.716 [FXGL Background Thread 4 ] DEBUG FXGLAssetLoaderServi - Loading from file system: file:/F:/Proyectos%20javafx/javafxgl/demoImageAnim/target/classes/assets/textures/bosque.jpg
16:44:33.822 [FXGL Background Thread 4 ] DEBUG FXGLAssetLoaderServi - Loading from file system: file:/F:/Proyectos%20javafx/javafxgl/demoImageAnim/target/classes/assets/textures/sprite_pug.png
16:44:33.842 [FXGL Background Thread 4 ] INFO  FXGLApplication      - Game initialization took: 0,138 sec
16:44:33.852 [JavaFX Application Thread] DEBUG Input                - Clearing active input actions
16:44:33.868 [JavaFX Application Thread] DEBUG GameApplicationServi - Removing overlay from FXGLLoadingScene and adding to GameScene
16:44:33.868 [JavaFX Application Thread] DEBUG PrimaryStageWindow   - FXGLLoadingScene -> GameScene
16:44:35.851 [JavaFX Application Thread] DEBUG FXGLApplication      - Exiting FXGL
16:44:35.851 [JavaFX Application Thread] DEBUG LoopRunner           - Stopping loop
16:44:35.851 [JavaFX Application Thread] DEBUG SystemBundleService  - Saving FXGL system data
16:44:35.853 [JavaFX Application Thread] DEBUG FileSystemAccess     - Writing to: F:\Proyectos javafx\javafxgl\demoImageAnim\system\fxgl.bundle
16:44:35.855 [JavaFX Application Thread] DEBUG Async                - Shutting down background threads
16:44:35.855 [JavaFX Application Thread] DEBUG PrimaryStageWindow   - Closing main window
16:44:35.876 [JavaFX Application Thread] DEBUG Logger               - Closing Logger
