07:44:16.890 [main                     ] DEBUG Logger               - Configured Logger
07:44:16.925 [main                     ] DEBUG GameApplication      - Logging settings
Title: DemoImage
Version: 0.0
Width: 800
Height: 600
Fullscreen: false
Intro: false
Profiling: false
Single step:false
App Mode: DEVELOPER
Menu Key: ESCAPE
Stage Style: DECORATED
Scene Factory: class com.almasb.fxgl.app.scene.SceneFactory

07:44:19.688 [JavaFX Application Thread] DEBUG FXGLApplication      - Initializing FXGL
07:44:19.698 [JavaFX Application Thread] INFO  Engine               - FXGL-21 (28.12.2023 13.35) on WINDOWS (J:21.0.1 FX:21.0.1)
07:44:19.698 [JavaFX Application Thread] DEBUG Engine               - JRE Vendor Name: Oracle Corporation
07:44:19.698 [JavaFX Application Thread] DEBUG Engine               - Running on OS: Windows 10 version 10.0
07:44:19.698 [JavaFX Application Thread] DEBUG Engine               - Architecture: amd64
07:44:19.699 [JavaFX Application Thread] INFO  Engine               - Source code and latest versions at: https://github.com/AlmasB/FXGL
07:44:19.699 [JavaFX Application Thread] INFO  Engine               -       Ask questions and discuss at: https://github.com/AlmasB/FXGL/discussions
07:44:19.699 [JavaFX Application Thread] INFO  Engine               -              Join the FXGL chat at: https://gitter.im/AlmasB/FXGL
07:44:19.835 [JavaFX Application Thread] DEBUG PrimaryStageWindow   - Creating a JavaFX scene
07:44:20.392 [JavaFX Application Thread] DEBUG PrimaryStageWindow   - Target settings size: 800.0 x 600.0
07:44:20.392 [JavaFX Application Thread] DEBUG PrimaryStageWindow   - Scaled scene size:    800.0 x 600.0
07:44:20.393 [JavaFX Application Thread] DEBUG PrimaryStageWindow   - Scaled ratio: (1.0, 1.0)
07:44:20.394 [JavaFX Application Thread] DEBUG PrimaryStageWindow   - Set initial scene to FXGLStartupScene
07:44:20.397 [JavaFX Application Thread] DEBUG PrimaryStageWindow   - Opening main window
07:44:20.534 [JavaFX Application Thread] DEBUG PrimaryStageWindow   - Window border size: (14.4000244140625, 37.5999755859375)
07:44:20.534 [JavaFX Application Thread] DEBUG PrimaryStageWindow   - Scaled size: 800.0 x 600.0
07:44:20.535 [JavaFX Application Thread] DEBUG PrimaryStageWindow   - Scaled ratio: (1.0, 1.0)
07:44:20.535 [JavaFX Application Thread] DEBUG PrimaryStageWindow   - Scene size: 800.0 x 600.0
07:44:20.535 [JavaFX Application Thread] DEBUG PrimaryStageWindow   - Stage size: 814.4000244140625 x 637.5999755859375
07:44:20.542 [FXGL Background Thread 1 ] DEBUG Engine               - Initializing environment variables
07:44:20.633 [FXGL Background Thread 1 ] DEBUG FXGLAssetLoaderServi - User app class for loading assets: class App
07:44:20.633 [FXGL Background Thread 1 ] DEBUG GameApplicationServi - Applying CSS: fxgl_dark.css
07:44:20.634 [FXGL Background Thread 1 ] DEBUG FXGLAssetLoaderServi - Loading from file system: jar:file:/C:/Users/Usuario/.m2/repository/com/github/almasb/fxgl/21/fxgl-21.jar!/fxglassets/ui/css/fxgl_dark.css
07:44:20.683 [FXGL Background Thread 1 ] DEBUG GameApplicationServi - Initializing application scenes
07:44:20.737 [FXGL Background Thread 1 ] DEBUG GameWorld            - Game world initialized
07:44:20.836 [FXGL Background Thread 1 ] DEBUG PhysicsWorld         - Physics world initialized: appHeight=600, physics.ppm=50,0
07:44:20.837 [FXGL Background Thread 1 ] DEBUG PhysicsWorld         - Using strategy: BRUTE_FORCE
07:44:20.845 [FXGL Background Thread 1 ] DEBUG GameScene            - Game scene initialized: 800x600
07:44:20.869 [FXGL Background Thread 1 ] DEBUG FXGL.DefaultMenu     - createMenuBodyGameMenu()
07:44:20.892 [FXGL Background Thread 1 ] DEBUG FXGL.DefaultMenu     - createOptionsMenu()
07:44:20.903 [FXGL Background Thread 1 ] DEBUG FXGLAssetLoaderServi - Loading from file system: jar:file:/C:/Users/Usuario/.m2/repository/com/github/almasb/fxgl/21/fxgl-21.jar!/fxglassets/textures/particles/smoke.png
07:44:21.016 [FXGL Background Thread 1 ] DEBUG FXGLAssetLoaderServi - Loading from file system: jar:file:/C:/Users/Usuario/.m2/repository/com/github/almasb/fxgl/21/fxgl-21.jar!/fxglassets/textures/particles/trace_horizontal.png
07:44:21.044 [FXGL Background Thread 1 ] DEBUG GameApplicationServi - Application scenes initialized
07:44:21.065 [FXGL Background Thread 1 ] DEBUG SystemBundleService  - Loading default FXGL system data
07:44:21.065 [FXGL Background Thread 1 ] DEBUG UpdaterService       - Checking for updates
07:44:21.071 [FXGL Background Thread 4 ] DEBUG FXGLApplication      - Loading fonts
07:44:21.071 [FXGL Background Thread 4 ] DEBUG FXGLAssetLoaderServi - Loading from file system: jar:file:/C:/Users/Usuario/.m2/repository/com/github/almasb/fxgl/21/fxgl-21.jar!/fxglassets/ui/fonts/VarelaRound-Regular.ttf
07:44:21.072 [FXGL Background Thread 1 ] DEBUG FXGLApplication      - Loading default localization
07:44:21.072 [FXGL Background Thread 1 ] DEBUG FXGLAssetLoaderServi - Loading from file system: jar:file:/C:/Users/Usuario/.m2/repository/com/github/almasb/fxgl/21/fxgl-21.jar!/fxglassets/languages/english.lang
07:44:21.101 [FXGL Background Thread 1 ] INFO  FXGLApplication      - FXGL initialization took: 0,558 sec
07:44:21.102 [JavaFX Application Thread] DEBUG FXGLAssetLoaderServi - Loading from file system: jar:file:/C:/Users/Usuario/.m2/repository/com/github/almasb/fxgl/21/fxgl-21.jar!/fxglassets/textures/fxgl_icon.png
07:44:21.125 [JavaFX Application Thread] DEBUG FXGLAssetLoaderServi - Loading from file system: jar:file:/C:/Users/Usuario/.m2/repository/com/github/almasb/fxgl/21/fxgl-21.jar!/fxglassets/textures/fxgl_default_cursor.png
07:44:21.137 [FXGL Background Thread 4 ] DEBUG FXGLAssetLoaderServi - Loading from file system: jar:file:/C:/Users/Usuario/.m2/repository/com/github/almasb/fxgl/21/fxgl-21.jar!/fxglassets/ui/fonts/Abel-Regular.ttf
07:44:21.139 [JavaFX Application Thread] DEBUG Input                - Registered new binding: Screenshot - CTRL+8
07:44:21.141 [JavaFX Application Thread] DEBUG Input                - Registered new binding: System info dump - CTRL+9
07:44:21.142 [JavaFX Application Thread] DEBUG Input                - Registered new binding: Restart - CTRL+R
07:44:21.143 [JavaFX Application Thread] DEBUG Input                - Registered new binding: Toggle Debug Camera - CTRL+7
07:44:21.147 [JavaFX Application Thread] DEBUG LoopRunner           - Starting loop
07:44:21.148 [JavaFX Application Thread] DEBUG LoopRunner           - Initializing JavaFX AnimationTimerLoop
07:44:21.150 [JavaFX Application Thread] DEBUG GameApplicationServi - Starting new game
07:44:21.151 [JavaFX Application Thread] DEBUG Input                - Clearing active input actions
07:44:21.161 [JavaFX Application Thread] DEBUG GameApplicationServi - Removing overlay from FXGLStartupScene and adding to FXGLLoadingScene
07:44:21.162 [JavaFX Application Thread] DEBUG PrimaryStageWindow   - FXGLStartupScene -> FXGLLoadingScene
07:44:21.162 [JavaFX Application Thread] DEBUG GameApplicationServi - Clearing previous game
07:44:21.162 [JavaFX Application Thread] DEBUG GameScene            - Clearing game scene
07:44:21.162 [JavaFX Application Thread] DEBUG GameWorld            - Clearing game world
07:44:21.162 [JavaFX Application Thread] DEBUG PhysicsWorld         - Clearing physics world
07:44:21.164 [FXGL Background Thread 1 ] DEBUG FXGLApplication      - Initializing game
07:44:21.166 [FXGL Background Thread 1 ] INFO  FXGLApplication      - Game initialization took: 0,002 sec
07:44:21.178 [FXGL Background Thread 4 ] DEBUG FXGLAssetLoaderServi - Loading from file system: jar:file:/C:/Users/Usuario/.m2/repository/com/github/almasb/fxgl/21/fxgl-21.jar!/fxglassets/ui/fonts/TerminalLandMono-Regular.otf
07:44:21.188 [FXGL Background Thread 4 ] DEBUG FXGLAssetLoaderServi - Loading from file system: jar:file:/C:/Users/Usuario/.m2/repository/com/github/almasb/fxgl/21/fxgl-21.jar!/fxglassets/ui/fonts/Courier-Prime.ttf
07:44:21.230 [JavaFX Application Thread] DEBUG Input                - Clearing active input actions
07:44:21.238 [JavaFX Application Thread] DEBUG GameApplicationServi - Removing overlay from FXGLLoadingScene and adding to GameScene
07:44:21.238 [JavaFX Application Thread] DEBUG PrimaryStageWindow   - FXGLLoadingScene -> GameScene
07:44:21.238 [JavaFX Application Thread] DEBUG FXGLApplication      - Registering font factories with UI factory
07:44:23.902 [JavaFX Application Thread] DEBUG FXGLApplication      - Exiting FXGL
07:44:23.902 [JavaFX Application Thread] DEBUG LoopRunner           - Stopping loop
07:44:23.902 [JavaFX Application Thread] DEBUG SystemBundleService  - Saving FXGL system data
07:44:23.904 [JavaFX Application Thread] DEBUG FileSystemAccess     - Writing to: F:\Proyectos javafx\javafxgl\demoImageAnim\system\fxgl.bundle
07:44:23.914 [JavaFX Application Thread] DEBUG Async                - Shutting down background threads
07:44:23.914 [JavaFX Application Thread] DEBUG PrimaryStageWindow   - Closing main window
07:44:23.927 [JavaFX Application Thread] DEBUG Logger               - Closing Logger
