08:42:21.411 [main                     ] DEBUG Logger               - Configured Logger
08:42:21.437 [main                     ] DEBUG GameApplication      - Logging settings
Title: Untitled
Version: 0.0
Width: 1480
Height: 1020
Fullscreen: false
Intro: false
Profiling: false
Single step:false
App Mode: DEVELOPER
Menu Key: ESCAPE
Stage Style: DECORATED
Scene Factory: class com.almasb.fxgl.app.scene.SceneFactory

08:42:21.806 [JavaFX Application Thread] DEBUG FXGLApplication      - Initializing FXGL
08:42:21.817 [JavaFX Application Thread] INFO  Engine               - FXGL-21 (28.12.2023 13.35) on WINDOWS (J:21.0.1 FX:21.0.1)
08:42:21.817 [JavaFX Application Thread] DEBUG Engine               - JRE Vendor Name: Oracle Corporation
08:42:21.817 [JavaFX Application Thread] DEBUG Engine               - Running on OS: Windows 10 version 10.0
08:42:21.818 [JavaFX Application Thread] DEBUG Engine               - Architecture: amd64
08:42:21.818 [JavaFX Application Thread] INFO  Engine               - Source code and latest versions at: https://github.com/AlmasB/FXGL
08:42:21.818 [JavaFX Application Thread] INFO  Engine               -       Ask questions and discuss at: https://github.com/AlmasB/FXGL/discussions
08:42:21.818 [JavaFX Application Thread] INFO  Engine               -              Join the FXGL chat at: https://gitter.im/AlmasB/FXGL
08:42:21.943 [JavaFX Application Thread] DEBUG PrimaryStageWindow   - Creating a JavaFX scene
08:42:21.944 [JavaFX Application Thread] DEBUG PrimaryStageWindow   - Target size > screen size
08:42:21.997 [JavaFX Application Thread] DEBUG PrimaryStageWindow   - Target settings size: 1480.0 x 1020.0
08:42:21.997 [JavaFX Application Thread] DEBUG PrimaryStageWindow   - Scaled scene size:    1185.0 x 833.0
08:42:21.998 [JavaFX Application Thread] DEBUG PrimaryStageWindow   - Scaled ratio: (0.8006756756756757, 0.8166666666666667)
08:42:21.999 [JavaFX Application Thread] DEBUG PrimaryStageWindow   - Set initial scene to FXGLStartupScene
08:42:22.003 [JavaFX Application Thread] DEBUG PrimaryStageWindow   - Opening main window
08:42:22.110 [JavaFX Application Thread] DEBUG PrimaryStageWindow   - Window border size: (15.0, 38.20001220703125)
08:42:22.110 [JavaFX Application Thread] DEBUG PrimaryStageWindow   - Scaled size: 1185.0 x 833.0
08:42:22.111 [JavaFX Application Thread] DEBUG PrimaryStageWindow   - Scaled ratio: (0.8006756756756757, 0.8166666666666667)
08:42:22.111 [JavaFX Application Thread] DEBUG PrimaryStageWindow   - Scene size: 1185.0 x 833.0
08:42:22.111 [JavaFX Application Thread] DEBUG PrimaryStageWindow   - Stage size: 1200.0 x 871.2000122070312
08:42:22.121 [FXGL Background Thread 1 ] DEBUG Engine               - Initializing environment variables
08:42:22.230 [FXGL Background Thread 1 ] DEBUG FXGLAssetLoaderServi - User app class for loading assets: class App3
08:42:22.230 [FXGL Background Thread 1 ] DEBUG GameApplicationServi - Applying CSS: fxgl_dark.css
08:42:22.230 [FXGL Background Thread 1 ] DEBUG FXGLAssetLoaderServi - Loading from file system: jar:file:/C:/Users/Usuario/.m2/repository/com/github/almasb/fxgl/21/fxgl-21.jar!/fxglassets/ui/css/fxgl_dark.css
08:42:22.287 [FXGL Background Thread 1 ] DEBUG GameApplicationServi - Initializing application scenes
08:42:22.341 [FXGL Background Thread 1 ] DEBUG GameWorld            - Game world initialized
08:42:22.434 [FXGL Background Thread 1 ] DEBUG PhysicsWorld         - Physics world initialized: appHeight=1020, physics.ppm=50,0
08:42:22.435 [FXGL Background Thread 1 ] DEBUG PhysicsWorld         - Using strategy: BRUTE_FORCE
08:42:22.438 [FXGL Background Thread 1 ] DEBUG GameScene            - Game scene initialized: 1480x1020
08:42:22.454 [FXGL Background Thread 1 ] DEBUG FXGL.DefaultMenu     - createMenuBodyGameMenu()
08:42:22.472 [FXGL Background Thread 1 ] DEBUG FXGL.DefaultMenu     - createOptionsMenu()
08:42:22.480 [FXGL Background Thread 1 ] DEBUG FXGLAssetLoaderServi - Loading from file system: jar:file:/C:/Users/Usuario/.m2/repository/com/github/almasb/fxgl/21/fxgl-21.jar!/fxglassets/textures/particles/smoke.png
08:42:22.594 [FXGL Background Thread 1 ] DEBUG FXGLAssetLoaderServi - Loading from file system: jar:file:/C:/Users/Usuario/.m2/repository/com/github/almasb/fxgl/21/fxgl-21.jar!/fxglassets/textures/particles/trace_horizontal.png
08:42:22.622 [FXGL Background Thread 1 ] DEBUG GameApplicationServi - Application scenes initialized
08:42:22.635 [FXGL Background Thread 1 ] DEBUG SystemBundleService  - Loading FXGL system data
08:42:22.639 [FXGL Background Thread 1 ] DEBUG FileSystemAccess     - Reading from: F:\Proyectos javafx\javafxgl\demoImageAnim\system\fxgl.bundle
08:42:22.648 [FXGL Background Thread 1 ] DEBUG SystemBundleService  - Bundle FXGL: {}
08:42:22.648 [FXGL Background Thread 1 ] DEBUG UpdaterService       - Checking for updates
08:42:22.653 [FXGL Background Thread 4 ] DEBUG FXGLApplication      - Loading fonts
08:42:22.654 [FXGL Background Thread 4 ] DEBUG FXGLAssetLoaderServi - Loading from file system: jar:file:/C:/Users/Usuario/.m2/repository/com/github/almasb/fxgl/21/fxgl-21.jar!/fxglassets/ui/fonts/VarelaRound-Regular.ttf
08:42:22.655 [FXGL Background Thread 1 ] DEBUG FXGLApplication      - Loading default localization
08:42:22.655 [FXGL Background Thread 1 ] DEBUG FXGLAssetLoaderServi - Loading from file system: jar:file:/C:/Users/Usuario/.m2/repository/com/github/almasb/fxgl/21/fxgl-21.jar!/fxglassets/languages/english.lang
08:42:22.713 [FXGL Background Thread 4 ] DEBUG FXGLAssetLoaderServi - Loading from file system: jar:file:/C:/Users/Usuario/.m2/repository/com/github/almasb/fxgl/21/fxgl-21.jar!/fxglassets/ui/fonts/Abel-Regular.ttf
08:42:22.718 [FXGL Background Thread 1 ] INFO  FXGLApplication      - FXGL initialization took: 0,597 sec
08:42:22.719 [JavaFX Application Thread] DEBUG FXGLAssetLoaderServi - Loading from file system: jar:file:/C:/Users/Usuario/.m2/repository/com/github/almasb/fxgl/21/fxgl-21.jar!/fxglassets/textures/fxgl_icon.png
08:42:22.724 [FXGL Background Thread 4 ] DEBUG FXGLAssetLoaderServi - Loading from file system: jar:file:/C:/Users/Usuario/.m2/repository/com/github/almasb/fxgl/21/fxgl-21.jar!/fxglassets/ui/fonts/TerminalLandMono-Regular.otf
08:42:22.736 [FXGL Background Thread 4 ] DEBUG FXGLAssetLoaderServi - Loading from file system: jar:file:/C:/Users/Usuario/.m2/repository/com/github/almasb/fxgl/21/fxgl-21.jar!/fxglassets/ui/fonts/Courier-Prime.ttf
08:42:22.746 [JavaFX Application Thread] DEBUG FXGLAssetLoaderServi - Loading from file system: jar:file:/C:/Users/Usuario/.m2/repository/com/github/almasb/fxgl/21/fxgl-21.jar!/fxglassets/textures/fxgl_default_cursor.png
08:42:22.760 [JavaFX Application Thread] DEBUG Input                - Registered new binding: Screenshot - CTRL+8
08:42:22.761 [JavaFX Application Thread] DEBUG Input                - Registered new binding: System info dump - CTRL+9
08:42:22.762 [JavaFX Application Thread] DEBUG Input                - Registered new binding: Restart - CTRL+R
08:42:22.763 [JavaFX Application Thread] DEBUG Input                - Registered new binding: Toggle Debug Camera - CTRL+7
08:42:22.766 [JavaFX Application Thread] DEBUG LoopRunner           - Starting loop
08:42:22.767 [JavaFX Application Thread] DEBUG LoopRunner           - Initializing JavaFX AnimationTimerLoop
08:42:22.768 [JavaFX Application Thread] DEBUG GameApplicationServi - Starting new game
08:42:22.769 [JavaFX Application Thread] DEBUG Input                - Clearing active input actions
08:42:22.781 [JavaFX Application Thread] DEBUG GameApplicationServi - Removing overlay from FXGLStartupScene and adding to FXGLLoadingScene
08:42:22.782 [JavaFX Application Thread] DEBUG PrimaryStageWindow   - FXGLStartupScene -> FXGLLoadingScene
08:42:22.782 [JavaFX Application Thread] DEBUG GameApplicationServi - Clearing previous game
08:42:22.782 [JavaFX Application Thread] DEBUG GameScene            - Clearing game scene
08:42:22.782 [JavaFX Application Thread] DEBUG GameWorld            - Clearing game world
08:42:22.782 [JavaFX Application Thread] DEBUG PhysicsWorld         - Clearing physics world
08:42:22.784 [FXGL Background Thread 4 ] DEBUG FXGLApplication      - Initializing game
08:42:22.786 [FXGL Background Thread 4 ] DEBUG FXGLAssetLoaderServi - Loading from file system: file:/F:/Proyectos%20javafx/javafxgl/demoImageAnim/target/classes/assets/textures/sprite_pug.png
08:42:22.896 [FXGL Background Thread 4 ] INFO  FXGLApplication      - Game initialization took: 0,112 sec
08:42:22.937 [JavaFX Application Thread] DEBUG Input                - Clearing active input actions
08:42:22.956 [JavaFX Application Thread] DEBUG GameApplicationServi - Removing overlay from FXGLLoadingScene and adding to GameScene
08:42:22.957 [JavaFX Application Thread] DEBUG PrimaryStageWindow   - FXGLLoadingScene -> GameScene
08:42:25.653 [FXGL Background Thread 3 ] DEBUG Engine               - Logging environment variables
08:42:25.655 [FXGL Background Thread 3 ] DEBUG Engine               - achievements: []
08:42:25.655 [FXGL Background Thread 3 ] DEBUG Engine               - actualHeight: 833.0
08:42:25.656 [FXGL Background Thread 3 ] DEBUG Engine               - actualHeightProperty: ReadOnlyDoubleProperty [value: 833.0]
08:42:25.656 [FXGL Background Thread 3 ] DEBUG Engine               - actualWidth: 1185.0
08:42:25.656 [FXGL Background Thread 3 ] DEBUG Engine               - actualWidthProperty: ReadOnlyDoubleProperty [value: 1185.0]
08:42:25.656 [FXGL Background Thread 3 ] DEBUG Engine               - appIcon: fxgl_icon.png
08:42:25.656 [FXGL Background Thread 3 ] DEBUG Engine               - applicationMode: DEVELOPER
08:42:25.657 [FXGL Background Thread 3 ] DEBUG Engine               - cSSList: [fxgl_dark.css]
08:42:25.657 [FXGL Background Thread 3 ] DEBUG Engine               - collisionDetectionStrategy: BRUTE_FORCE
08:42:25.657 [FXGL Background Thread 3 ] DEBUG Engine               - configClass: Optional.empty
08:42:25.657 [FXGL Background Thread 3 ] DEBUG Engine               - credits: []
08:42:25.658 [FXGL Background Thread 3 ] DEBUG Engine               - defaultCursor: CursorInfo(imageName=fxgl_default_cursor.png, hotspotX=7.0, hotspotY=6.0)
08:42:25.658 [FXGL Background Thread 3 ] DEBUG Engine               - devBBoxColorProperty: ObjectProperty [value: 0xff0000ff]
08:42:25.659 [FXGL Background Thread 3 ] DEBUG Engine               - devEnableDebugCameraProperty: BooleanProperty [value: false]
08:42:25.659 [FXGL Background Thread 3 ] DEBUG Engine               - devSensorColorProperty: ObjectProperty [value: 0xffff00ff]
08:42:25.659 [FXGL Background Thread 3 ] DEBUG Engine               - devShowBBoxProperty: BooleanProperty [value: false]
08:42:25.659 [FXGL Background Thread 3 ] DEBUG Engine               - devShowPositionProperty: BooleanProperty [value: false]
08:42:25.660 [FXGL Background Thread 3 ] DEBUG Engine               - enabledMenuItems: []
08:42:25.660 [FXGL Background Thread 3 ] DEBUG Engine               - engineServices: [class com.almasb.fxgl.app.services.FXGLAssetLoaderService, class com.almasb.fxgl.app.FXGLApplication$GameApplicationService, class com.almasb.fxgl.app.services.FXGLDialogService, class com.almasb.fxgl.app.services.IOTaskExecutorService, class com.almasb.fxgl.io.FileSystemService, class com.almasb.fxgl.localization.LocalizationService, class com.almasb.fxgl.app.services.SystemBundleService, class com.almasb.fxgl.profile.SaveLoadService, class com.almasb.fxgl.ui.FXGLUIFactoryServiceProvider, class com.almasb.fxgl.ui.FXGLDialogFactoryServiceProvider, class com.almasb.fxgl.audio.AudioPlayer, class com.almasb.fxgl.notification.impl.NotificationServiceProvider, class com.almasb.fxgl.achievement.AchievementService, class com.almasb.fxgl.cutscene.CutsceneService, class com.almasb.fxgl.minigames.MiniGameService, class com.almasb.fxgl.net.NetService, class com.almasb.fxgl.app.services.UpdaterService, class com.almasb.fxgl.dev.DevService]
08:42:25.660 [FXGL Background Thread 3 ] DEBUG Engine               - fontGame: Abel-Regular.ttf
08:42:25.660 [FXGL Background Thread 3 ] DEBUG Engine               - fontMono: TerminalLandMono-Regular.otf
08:42:25.660 [FXGL Background Thread 3 ] DEBUG Engine               - fontSizeScaleUI: 1.0
08:42:25.661 [FXGL Background Thread 3 ] DEBUG Engine               - fontText: Courier-Prime.ttf
08:42:25.661 [FXGL Background Thread 3 ] DEBUG Engine               - fontUI: VarelaRound-Regular.ttf
08:42:25.661 [FXGL Background Thread 3 ] DEBUG Engine               - fullScreen: BooleanProperty [value: false]
08:42:25.661 [FXGL Background Thread 3 ] DEBUG Engine               - gameDifficulty: MEDIUM
08:42:25.661 [FXGL Background Thread 3 ] DEBUG Engine               - gameDifficultyProperty: ObjectProperty [value: MEDIUM]
08:42:25.661 [FXGL Background Thread 3 ] DEBUG Engine               - globalMusicVolume: 0.5
08:42:25.662 [FXGL Background Thread 3 ] DEBUG Engine               - globalMusicVolumeProperty: DoubleProperty [value: 0.5]
08:42:25.662 [FXGL Background Thread 3 ] DEBUG Engine               - globalSoundVolume: 0.5
08:42:25.662 [FXGL Background Thread 3 ] DEBUG Engine               - globalSoundVolumeProperty: DoubleProperty [value: 0.5]
08:42:25.662 [FXGL Background Thread 3 ] DEBUG Engine               - height: 1020
08:42:25.663 [FXGL Background Thread 3 ] DEBUG Engine               - is3D: false
08:42:25.663 [FXGL Background Thread 3 ] DEBUG Engine               - isAndroid: false
08:42:25.663 [FXGL Background Thread 3 ] DEBUG Engine               - isBrowser: false
08:42:25.663 [FXGL Background Thread 3 ] DEBUG Engine               - isClickFeedbackEnabled: false
08:42:25.663 [FXGL Background Thread 3 ] DEBUG Engine               - isCloseConfirmation: false
08:42:25.663 [FXGL Background Thread 3 ] DEBUG Engine               - isDesktop: true
08:42:25.664 [FXGL Background Thread 3 ] DEBUG Engine               - isDeveloperMenuEnabled: false
08:42:25.664 [FXGL Background Thread 3 ] DEBUG Engine               - isEmbedded: false
08:42:25.664 [FXGL Background Thread 3 ] DEBUG Engine               - isEntityPreloadEnabled: true
08:42:25.664 [FXGL Background Thread 3 ] DEBUG Engine               - isExperimentalTiledLargeMap: false
08:42:25.664 [FXGL Background Thread 3 ] DEBUG Engine               - isFileSystemWriteAllowed: true
08:42:25.665 [FXGL Background Thread 3 ] DEBUG Engine               - isFullScreenAllowed: false
08:42:25.665 [FXGL Background Thread 3 ] DEBUG Engine               - isFullScreenFromStart: false
08:42:25.665 [FXGL Background Thread 3 ] DEBUG Engine               - isGameMenuEnabled: true
08:42:25.665 [FXGL Background Thread 3 ] DEBUG Engine               - isIOS: false
08:42:25.665 [FXGL Background Thread 3 ] DEBUG Engine               - isIntroEnabled: false
08:42:25.666 [FXGL Background Thread 3 ] DEBUG Engine               - isLinux: false
08:42:25.666 [FXGL Background Thread 3 ] DEBUG Engine               - isMac: false
08:42:25.666 [FXGL Background Thread 3 ] DEBUG Engine               - isMainMenuEnabled: false
08:42:25.666 [FXGL Background Thread 3 ] DEBUG Engine               - isManualResizeEnabled: false
08:42:25.666 [FXGL Background Thread 3 ] DEBUG Engine               - isMobile: false
08:42:25.666 [FXGL Background Thread 3 ] DEBUG Engine               - isNative: false
08:42:25.667 [FXGL Background Thread 3 ] DEBUG Engine               - isPauseMusicWhenMinimized: true
08:42:25.667 [FXGL Background Thread 3 ] DEBUG Engine               - isPreserveResizeRatio: false
08:42:25.667 [FXGL Background Thread 3 ] DEBUG Engine               - isProfilingEnabled: false
08:42:25.667 [FXGL Background Thread 3 ] DEBUG Engine               - isScaleAffectedOnResize: true
08:42:25.667 [FXGL Background Thread 3 ] DEBUG Engine               - isSingleStep: false
08:42:25.668 [FXGL Background Thread 3 ] DEBUG Engine               - isUserProfileEnabled: false
08:42:25.668 [FXGL Background Thread 3 ] DEBUG Engine               - isWindows: true
08:42:25.668 [FXGL Background Thread 3 ] DEBUG Engine               - language: ObjectProperty [value: ENGLISH]
08:42:25.668 [FXGL Background Thread 3 ] DEBUG Engine               - menuKey: ESCAPE
08:42:25.668 [FXGL Background Thread 3 ] DEBUG Engine               - mouseSensitivity: 0.2
08:42:25.668 [FXGL Background Thread 3 ] DEBUG Engine               - notificationViewClass: class com.almasb.fxgl.notification.view.XboxNotificationView
08:42:25.669 [FXGL Background Thread 3 ] DEBUG Engine               - pixelsPerMeter: 50.0
08:42:25.669 [FXGL Background Thread 3 ] DEBUG Engine               - platform: WINDOWS
08:42:25.669 [FXGL Background Thread 3 ] DEBUG Engine               - prefHeightProperty: ReadOnlyDoubleProperty [value: 1020.0]
08:42:25.669 [FXGL Background Thread 3 ] DEBUG Engine               - prefWidthProperty: ReadOnlyDoubleProperty [value: 1480.0]
08:42:25.669 [FXGL Background Thread 3 ] DEBUG Engine               - profileDir: profiles/
08:42:25.670 [FXGL Background Thread 3 ] DEBUG Engine               - profileName: StringProperty [value: DEFAULT]
08:42:25.670 [FXGL Background Thread 3 ] DEBUG Engine               - randomSeed: -1
08:42:25.670 [FXGL Background Thread 3 ] DEBUG Engine               - runtimeInfo: RuntimeInfo(platform=WINDOWS, version=21, build=28.12.2023 13.35)
08:42:25.671 [FXGL Background Thread 3 ] DEBUG Engine               - saveFileExt: sav
08:42:25.671 [FXGL Background Thread 3 ] DEBUG Engine               - scaledHeightProp$fxgl: DoubleProperty [bound, value: 833.0]
08:42:25.671 [FXGL Background Thread 3 ] DEBUG Engine               - scaledWidthProp$fxgl: DoubleProperty [bound, value: 1185.0]
08:42:25.671 [FXGL Background Thread 3 ] DEBUG Engine               - sceneFactory: com.almasb.fxgl.app.scene.SceneFactory@6977c667
08:42:25.671 [FXGL Background Thread 3 ] DEBUG Engine               - secondsIn24h: 60
08:42:25.671 [FXGL Background Thread 3 ] DEBUG Engine               - soundMenuBack: menu/back.wav
08:42:25.672 [FXGL Background Thread 3 ] DEBUG Engine               - soundMenuPress: menu/press.wav
08:42:25.672 [FXGL Background Thread 3 ] DEBUG Engine               - soundMenuSelect: menu/select.wav
08:42:25.672 [FXGL Background Thread 3 ] DEBUG Engine               - soundNotification: core/notification.wav
08:42:25.672 [FXGL Background Thread 3 ] DEBUG Engine               - stageStyle: DECORATED
08:42:25.672 [FXGL Background Thread 3 ] DEBUG Engine               - supportedLanguages: [ENGLISH, FRENCH, GERMAN, HUNGARIAN, RUSSIAN]
08:42:25.672 [FXGL Background Thread 3 ] DEBUG Engine               - ticksPerSecond: -1
08:42:25.672 [FXGL Background Thread 3 ] DEBUG Engine               - title: Untitled
08:42:25.673 [FXGL Background Thread 3 ] DEBUG Engine               - urlGithub: https://github.com/AlmasB/FXGL
08:42:25.673 [FXGL Background Thread 3 ] DEBUG Engine               - urlLeaderboard: http://fxgl-top.herokuapp.com/
08:42:25.673 [FXGL Background Thread 3 ] DEBUG Engine               - urlPOM: https://raw.githubusercontent.com/AlmasB/FXGL/release/README.md
08:42:25.673 [FXGL Background Thread 3 ] DEBUG Engine               - userAppClass: class App3
08:42:25.673 [FXGL Background Thread 3 ] DEBUG Engine               - version: 0.0
08:42:25.673 [FXGL Background Thread 3 ] DEBUG Engine               - versionCheckDays: 7
08:42:25.674 [FXGL Background Thread 3 ] DEBUG Engine               - width: 1480
08:42:25.674 [FXGL Background Thread 3 ] DEBUG Engine               - Logging services
08:42:25.674 [FXGL Background Thread 3 ] DEBUG Engine               - class com.almasb.fxgl.app.services.FXGLAssetLoaderService
08:42:25.674 [FXGL Background Thread 3 ] DEBUG Engine               - class com.almasb.fxgl.app.FXGLApplication$GameApplicationService
08:42:25.674 [FXGL Background Thread 3 ] DEBUG Engine               - class com.almasb.fxgl.app.services.FXGLDialogService
08:42:25.674 [FXGL Background Thread 3 ] DEBUG Engine               - class com.almasb.fxgl.app.services.IOTaskExecutorService
08:42:25.674 [FXGL Background Thread 3 ] DEBUG Engine               - class com.almasb.fxgl.io.FileSystemService
08:42:25.675 [FXGL Background Thread 3 ] DEBUG Engine               - class com.almasb.fxgl.localization.LocalizationService
08:42:25.675 [FXGL Background Thread 3 ] DEBUG Engine               - class com.almasb.fxgl.app.services.SystemBundleService
08:42:25.675 [FXGL Background Thread 3 ] DEBUG Engine               - class com.almasb.fxgl.profile.SaveLoadService
08:42:25.675 [FXGL Background Thread 3 ] DEBUG Engine               - class com.almasb.fxgl.ui.FXGLUIFactoryServiceProvider
08:42:25.675 [FXGL Background Thread 3 ] DEBUG Engine               - class com.almasb.fxgl.ui.FXGLDialogFactoryServiceProvider
08:42:25.675 [FXGL Background Thread 3 ] DEBUG Engine               - class com.almasb.fxgl.audio.AudioPlayer
08:42:25.675 [FXGL Background Thread 3 ] DEBUG Engine               - class com.almasb.fxgl.notification.impl.NotificationServiceProvider
08:42:25.676 [FXGL Background Thread 3 ] DEBUG Engine               - class com.almasb.fxgl.achievement.AchievementService
08:42:25.676 [FXGL Background Thread 3 ] DEBUG Engine               - class com.almasb.fxgl.cutscene.CutsceneService
08:42:25.676 [FXGL Background Thread 3 ] DEBUG Engine               - class com.almasb.fxgl.minigames.MiniGameService
08:42:25.676 [FXGL Background Thread 3 ] DEBUG Engine               - class com.almasb.fxgl.net.NetService
08:42:25.676 [FXGL Background Thread 3 ] DEBUG Engine               - class com.almasb.fxgl.app.services.UpdaterService
08:42:25.676 [FXGL Background Thread 3 ] DEBUG Engine               - class com.almasb.fxgl.dev.DevService
08:42:31.470 [JavaFX Application Thread] DEBUG FXGLApplication      - Exiting FXGL
08:42:31.470 [JavaFX Application Thread] DEBUG LoopRunner           - Stopping loop
08:42:31.470 [JavaFX Application Thread] DEBUG SystemBundleService  - Saving FXGL system data
08:42:31.472 [JavaFX Application Thread] DEBUG FileSystemAccess     - Writing to: F:\Proyectos javafx\javafxgl\demoImageAnim\system\fxgl.bundle
08:42:31.474 [JavaFX Application Thread] DEBUG Async                - Shutting down background threads
08:42:31.474 [JavaFX Application Thread] DEBUG PrimaryStageWindow   - Closing main window
08:42:31.495 [JavaFX Application Thread] DEBUG Logger               - Closing Logger
