08:20:30.708 [main                     ] DEBUG Logger               - Configured Logger
08:20:30.735 [main                     ] DEBUG GameApplication      - Logging settings
Title: DemoImage
Version: 0.0
Width: 800
Height: 600
Fullscreen: false
Intro: false
Profiling: false
Single step:false
App Mode: DEVELOPER
Menu Key: ESCAPE
Stage Style: DECORATED
Scene Factory: class com.almasb.fxgl.app.scene.SceneFactory

08:20:31.110 [JavaFX Application Thread] DEBUG FXGLApplication      - Initializing FXGL
08:20:31.120 [JavaFX Application Thread] INFO  Engine               - FXGL-21 (28.12.2023 13.35) on WINDOWS (J:21.0.1 FX:21.0.1)
08:20:31.120 [JavaFX Application Thread] DEBUG Engine               - JRE Vendor Name: Oracle Corporation
08:20:31.121 [JavaFX Application Thread] DEBUG Engine               - Running on OS: Windows 10 version 10.0
08:20:31.121 [JavaFX Application Thread] DEBUG Engine               - Architecture: amd64
08:20:31.121 [JavaFX Application Thread] INFO  Engine               - Source code and latest versions at: https://github.com/AlmasB/FXGL
08:20:31.121 [JavaFX Application Thread] INFO  Engine               -       Ask questions and discuss at: https://github.com/AlmasB/FXGL/discussions
08:20:31.121 [JavaFX Application Thread] INFO  Engine               -              Join the FXGL chat at: https://gitter.im/AlmasB/FXGL
08:20:31.243 [JavaFX Application Thread] DEBUG PrimaryStageWindow   - Creating a JavaFX scene
08:20:31.302 [JavaFX Application Thread] DEBUG PrimaryStageWindow   - Target settings size: 800.0 x 600.0
08:20:31.303 [JavaFX Application Thread] DEBUG PrimaryStageWindow   - Scaled scene size:    800.0 x 600.0
08:20:31.303 [JavaFX Application Thread] DEBUG PrimaryStageWindow   - Scaled ratio: (1.0, 1.0)
08:20:31.304 [JavaFX Application Thread] DEBUG PrimaryStageWindow   - Set initial scene to FXGLStartupScene
08:20:31.308 [JavaFX Application Thread] DEBUG PrimaryStageWindow   - Opening main window
08:20:31.417 [JavaFX Application Thread] DEBUG PrimaryStageWindow   - Window border size: (14.4000244140625, 37.5999755859375)
08:20:31.417 [JavaFX Application Thread] DEBUG PrimaryStageWindow   - Scaled size: 800.0 x 600.0
08:20:31.418 [JavaFX Application Thread] DEBUG PrimaryStageWindow   - Scaled ratio: (1.0, 1.0)
08:20:31.418 [JavaFX Application Thread] DEBUG PrimaryStageWindow   - Scene size: 800.0 x 600.0
08:20:31.418 [JavaFX Application Thread] DEBUG PrimaryStageWindow   - Stage size: 814.4000244140625 x 637.5999755859375
08:20:31.430 [FXGL Background Thread 1 ] DEBUG Engine               - Initializing environment variables
08:20:31.529 [FXGL Background Thread 1 ] DEBUG FXGLAssetLoaderServi - User app class for loading assets: class App
08:20:31.530 [FXGL Background Thread 1 ] DEBUG GameApplicationServi - Applying CSS: fxgl_dark.css
08:20:31.531 [FXGL Background Thread 1 ] DEBUG FXGLAssetLoaderServi - Loading from file system: jar:file:/C:/Users/Usuario/.m2/repository/com/github/almasb/fxgl/21/fxgl-21.jar!/fxglassets/ui/css/fxgl_dark.css
08:20:31.583 [FXGL Background Thread 1 ] DEBUG GameApplicationServi - Initializing application scenes
08:20:31.634 [FXGL Background Thread 1 ] DEBUG GameWorld            - Game world initialized
08:20:31.717 [FXGL Background Thread 1 ] DEBUG PhysicsWorld         - Physics world initialized: appHeight=600, physics.ppm=50,0
08:20:31.717 [FXGL Background Thread 1 ] DEBUG PhysicsWorld         - Using strategy: BRUTE_FORCE
08:20:31.721 [FXGL Background Thread 1 ] DEBUG GameScene            - Game scene initialized: 800x600
08:20:31.737 [FXGL Background Thread 1 ] DEBUG FXGL.DefaultMenu     - createMenuBodyGameMenu()
08:20:31.753 [FXGL Background Thread 1 ] DEBUG FXGL.DefaultMenu     - createOptionsMenu()
08:20:31.763 [FXGL Background Thread 1 ] DEBUG FXGLAssetLoaderServi - Loading from file system: jar:file:/C:/Users/Usuario/.m2/repository/com/github/almasb/fxgl/21/fxgl-21.jar!/fxglassets/textures/particles/smoke.png
08:20:31.874 [FXGL Background Thread 1 ] DEBUG FXGLAssetLoaderServi - Loading from file system: jar:file:/C:/Users/Usuario/.m2/repository/com/github/almasb/fxgl/21/fxgl-21.jar!/fxglassets/textures/particles/trace_horizontal.png
08:20:31.903 [FXGL Background Thread 1 ] DEBUG GameApplicationServi - Application scenes initialized
08:20:31.917 [FXGL Background Thread 1 ] DEBUG SystemBundleService  - Loading FXGL system data
08:20:31.921 [FXGL Background Thread 1 ] DEBUG FileSystemAccess     - Reading from: F:\Proyectos javafx\javafxgl\demoImageAnim\system\fxgl.bundle
08:20:31.930 [FXGL Background Thread 1 ] DEBUG SystemBundleService  - Bundle FXGL: {}
08:20:31.930 [FXGL Background Thread 1 ] DEBUG UpdaterService       - Checking for updates
08:20:31.934 [FXGL Background Thread 4 ] DEBUG FXGLApplication      - Loading fonts
08:20:31.935 [FXGL Background Thread 4 ] DEBUG FXGLAssetLoaderServi - Loading from file system: jar:file:/C:/Users/Usuario/.m2/repository/com/github/almasb/fxgl/21/fxgl-21.jar!/fxglassets/ui/fonts/VarelaRound-Regular.ttf
08:20:31.936 [FXGL Background Thread 1 ] DEBUG FXGLApplication      - Loading default localization
08:20:31.936 [FXGL Background Thread 1 ] DEBUG FXGLAssetLoaderServi - Loading from file system: jar:file:/C:/Users/Usuario/.m2/repository/com/github/almasb/fxgl/21/fxgl-21.jar!/fxglassets/languages/english.lang
08:20:31.981 [FXGL Background Thread 4 ] DEBUG FXGLAssetLoaderServi - Loading from file system: jar:file:/C:/Users/Usuario/.m2/repository/com/github/almasb/fxgl/21/fxgl-21.jar!/fxglassets/ui/fonts/Abel-Regular.ttf
08:20:31.986 [FXGL Background Thread 1 ] INFO  FXGLApplication      - FXGL initialization took: 0,556 sec
08:20:31.992 [FXGL Background Thread 4 ] DEBUG FXGLAssetLoaderServi - Loading from file system: jar:file:/C:/Users/Usuario/.m2/repository/com/github/almasb/fxgl/21/fxgl-21.jar!/fxglassets/ui/fonts/TerminalLandMono-Regular.otf
08:20:31.999 [JavaFX Application Thread] DEBUG Input                - Registered new binding: action0 - A
08:20:32.000 [JavaFX Application Thread] DEBUG Input                - Registered new binding: action1 - D
08:20:32.000 [JavaFX Application Thread] DEBUG Input                - Registered new binding: action2 - W
08:20:32.001 [JavaFX Application Thread] DEBUG Input                - Registered new binding: action3 - S
08:20:32.002 [JavaFX Application Thread] DEBUG FXGLAssetLoaderServi - Loading from file system: jar:file:/C:/Users/Usuario/.m2/repository/com/github/almasb/fxgl/21/fxgl-21.jar!/fxglassets/textures/fxgl_icon.png
08:20:32.023 [JavaFX Application Thread] DEBUG FXGLAssetLoaderServi - Loading from file system: jar:file:/C:/Users/Usuario/.m2/repository/com/github/almasb/fxgl/21/fxgl-21.jar!/fxglassets/textures/fxgl_default_cursor.png
08:20:32.025 [JavaFX Application Thread] DEBUG Input                - Registered new binding: Screenshot - CTRL+8
08:20:32.025 [JavaFX Application Thread] DEBUG Input                - Registered new binding: System info dump - CTRL+9
08:20:32.026 [JavaFX Application Thread] DEBUG Input                - Registered new binding: Restart - CTRL+R
08:20:32.028 [JavaFX Application Thread] DEBUG Input                - Registered new binding: Toggle Debug Camera - CTRL+7
08:20:32.033 [JavaFX Application Thread] DEBUG LoopRunner           - Starting loop
08:20:32.033 [FXGL Background Thread 4 ] DEBUG FXGLAssetLoaderServi - Loading from file system: jar:file:/C:/Users/Usuario/.m2/repository/com/github/almasb/fxgl/21/fxgl-21.jar!/fxglassets/ui/fonts/Courier-Prime.ttf
08:20:32.033 [JavaFX Application Thread] DEBUG LoopRunner           - Initializing JavaFX AnimationTimerLoop
08:20:32.036 [JavaFX Application Thread] DEBUG GameApplicationServi - Starting new game
08:20:32.036 [JavaFX Application Thread] DEBUG Input                - Clearing active input actions
08:20:32.051 [JavaFX Application Thread] DEBUG GameApplicationServi - Removing overlay from FXGLStartupScene and adding to FXGLLoadingScene
08:20:32.051 [JavaFX Application Thread] DEBUG PrimaryStageWindow   - FXGLStartupScene -> FXGLLoadingScene
08:20:32.051 [JavaFX Application Thread] DEBUG GameApplicationServi - Clearing previous game
08:20:32.051 [JavaFX Application Thread] DEBUG GameScene            - Clearing game scene
08:20:32.051 [JavaFX Application Thread] DEBUG GameWorld            - Clearing game world
08:20:32.051 [JavaFX Application Thread] DEBUG PhysicsWorld         - Clearing physics world
08:20:32.053 [FXGL Background Thread 1 ] DEBUG FXGLApplication      - Initializing game
08:20:32.064 [FXGL Background Thread 1 ] DEBUG FXGLAssetLoaderServi - Loading from file system: file:/F:/Proyectos%20javafx/javafxgl/demoImageAnim/target/classes/assets/textures/bosque.jpg
08:20:32.114 [JavaFX Application Thread] DEBUG FXGLApplication      - Registering font factories with UI factory
08:20:32.151 [FXGL Background Thread 1 ] DEBUG FXGLAssetLoaderServi - Loading from file system: file:/F:/Proyectos%20javafx/javafxgl/demoImageAnim/target/classes/assets/textures/sprite_pug.png
08:20:32.162 [FXGL Background Thread 1 ] INFO  FXGLApplication      - Game initialization took: 0,109 sec
08:20:32.192 [JavaFX Application Thread] DEBUG Input                - Clearing active input actions
08:20:32.211 [JavaFX Application Thread] DEBUG GameApplicationServi - Removing overlay from FXGLLoadingScene and adding to GameScene
08:20:32.212 [JavaFX Application Thread] DEBUG PrimaryStageWindow   - FXGLLoadingScene -> GameScene
08:20:34.934 [FXGL Background Thread 3 ] DEBUG Engine               - Logging environment variables
08:20:34.936 [FXGL Background Thread 3 ] DEBUG Engine               - achievements: []
08:20:34.936 [FXGL Background Thread 3 ] DEBUG Engine               - actualHeight: 600.0
08:20:34.937 [FXGL Background Thread 3 ] DEBUG Engine               - actualHeightProperty: ReadOnlyDoubleProperty [value: 600.0]
08:20:34.937 [FXGL Background Thread 3 ] DEBUG Engine               - actualWidth: 800.0
08:20:34.937 [FXGL Background Thread 3 ] DEBUG Engine               - actualWidthProperty: ReadOnlyDoubleProperty [value: 800.0]
08:20:34.937 [FXGL Background Thread 3 ] DEBUG Engine               - appIcon: fxgl_icon.png
08:20:34.938 [FXGL Background Thread 3 ] DEBUG Engine               - applicationMode: DEVELOPER
08:20:34.938 [FXGL Background Thread 3 ] DEBUG Engine               - cSSList: [fxgl_dark.css]
08:20:34.938 [FXGL Background Thread 3 ] DEBUG Engine               - collisionDetectionStrategy: BRUTE_FORCE
08:20:34.938 [FXGL Background Thread 3 ] DEBUG Engine               - configClass: Optional.empty
08:20:34.939 [FXGL Background Thread 3 ] DEBUG Engine               - credits: []
08:20:34.940 [FXGL Background Thread 3 ] DEBUG Engine               - defaultCursor: CursorInfo(imageName=fxgl_default_cursor.png, hotspotX=7.0, hotspotY=6.0)
08:20:34.940 [FXGL Background Thread 3 ] DEBUG Engine               - devBBoxColorProperty: ObjectProperty [value: 0xff0000ff]
08:20:34.940 [FXGL Background Thread 3 ] DEBUG Engine               - devEnableDebugCameraProperty: BooleanProperty [value: false]
08:20:34.940 [FXGL Background Thread 3 ] DEBUG Engine               - devSensorColorProperty: ObjectProperty [value: 0xffff00ff]
08:20:34.941 [FXGL Background Thread 3 ] DEBUG Engine               - devShowBBoxProperty: BooleanProperty [value: false]
08:20:34.941 [FXGL Background Thread 3 ] DEBUG Engine               - devShowPositionProperty: BooleanProperty [value: false]
08:20:34.941 [FXGL Background Thread 3 ] DEBUG Engine               - enabledMenuItems: []
08:20:34.941 [FXGL Background Thread 3 ] DEBUG Engine               - engineServices: [class com.almasb.fxgl.app.services.FXGLAssetLoaderService, class com.almasb.fxgl.app.FXGLApplication$GameApplicationService, class com.almasb.fxgl.app.services.FXGLDialogService, class com.almasb.fxgl.app.services.IOTaskExecutorService, class com.almasb.fxgl.io.FileSystemService, class com.almasb.fxgl.localization.LocalizationService, class com.almasb.fxgl.app.services.SystemBundleService, class com.almasb.fxgl.profile.SaveLoadService, class com.almasb.fxgl.ui.FXGLUIFactoryServiceProvider, class com.almasb.fxgl.ui.FXGLDialogFactoryServiceProvider, class com.almasb.fxgl.audio.AudioPlayer, class com.almasb.fxgl.notification.impl.NotificationServiceProvider, class com.almasb.fxgl.achievement.AchievementService, class com.almasb.fxgl.cutscene.CutsceneService, class com.almasb.fxgl.minigames.MiniGameService, class com.almasb.fxgl.net.NetService, class com.almasb.fxgl.app.services.UpdaterService, class com.almasb.fxgl.dev.DevService]
08:20:34.941 [FXGL Background Thread 3 ] DEBUG Engine               - fontGame: Abel-Regular.ttf
08:20:34.941 [FXGL Background Thread 3 ] DEBUG Engine               - fontMono: TerminalLandMono-Regular.otf
08:20:34.941 [FXGL Background Thread 3 ] DEBUG Engine               - fontSizeScaleUI: 1.0
08:20:34.941 [FXGL Background Thread 3 ] DEBUG Engine               - fontText: Courier-Prime.ttf
08:20:34.942 [FXGL Background Thread 3 ] DEBUG Engine               - fontUI: VarelaRound-Regular.ttf
08:20:34.942 [FXGL Background Thread 3 ] DEBUG Engine               - fullScreen: BooleanProperty [value: false]
08:20:34.942 [FXGL Background Thread 3 ] DEBUG Engine               - gameDifficulty: MEDIUM
08:20:34.942 [FXGL Background Thread 3 ] DEBUG Engine               - gameDifficultyProperty: ObjectProperty [value: MEDIUM]
08:20:34.942 [FXGL Background Thread 3 ] DEBUG Engine               - globalMusicVolume: 0.5
08:20:34.942 [FXGL Background Thread 3 ] DEBUG Engine               - globalMusicVolumeProperty: DoubleProperty [value: 0.5]
08:20:34.943 [FXGL Background Thread 3 ] DEBUG Engine               - globalSoundVolume: 0.5
08:20:34.943 [FXGL Background Thread 3 ] DEBUG Engine               - globalSoundVolumeProperty: DoubleProperty [value: 0.5]
08:20:34.943 [FXGL Background Thread 3 ] DEBUG Engine               - height: 600
08:20:34.943 [FXGL Background Thread 3 ] DEBUG Engine               - is3D: false
08:20:34.943 [FXGL Background Thread 3 ] DEBUG Engine               - isAndroid: false
08:20:34.943 [FXGL Background Thread 3 ] DEBUG Engine               - isBrowser: false
08:20:34.943 [FXGL Background Thread 3 ] DEBUG Engine               - isClickFeedbackEnabled: false
08:20:34.944 [FXGL Background Thread 3 ] DEBUG Engine               - isCloseConfirmation: false
08:20:34.944 [FXGL Background Thread 3 ] DEBUG Engine               - isDesktop: true
08:20:34.944 [FXGL Background Thread 3 ] DEBUG Engine               - isDeveloperMenuEnabled: false
08:20:34.944 [FXGL Background Thread 3 ] DEBUG Engine               - isEmbedded: false
08:20:34.944 [FXGL Background Thread 3 ] DEBUG Engine               - isEntityPreloadEnabled: true
08:20:34.944 [FXGL Background Thread 3 ] DEBUG Engine               - isExperimentalTiledLargeMap: false
08:20:34.944 [FXGL Background Thread 3 ] DEBUG Engine               - isFileSystemWriteAllowed: true
08:20:34.945 [FXGL Background Thread 3 ] DEBUG Engine               - isFullScreenAllowed: false
08:20:34.945 [FXGL Background Thread 3 ] DEBUG Engine               - isFullScreenFromStart: false
08:20:34.945 [FXGL Background Thread 3 ] DEBUG Engine               - isGameMenuEnabled: true
08:20:34.945 [FXGL Background Thread 3 ] DEBUG Engine               - isIOS: false
08:20:34.945 [FXGL Background Thread 3 ] DEBUG Engine               - isIntroEnabled: false
08:20:34.946 [FXGL Background Thread 3 ] DEBUG Engine               - isLinux: false
08:20:34.946 [FXGL Background Thread 3 ] DEBUG Engine               - isMac: false
08:20:34.946 [FXGL Background Thread 3 ] DEBUG Engine               - isMainMenuEnabled: false
08:20:34.947 [FXGL Background Thread 3 ] DEBUG Engine               - isManualResizeEnabled: false
08:20:34.947 [FXGL Background Thread 3 ] DEBUG Engine               - isMobile: false
08:20:34.947 [FXGL Background Thread 3 ] DEBUG Engine               - isNative: false
08:20:34.947 [FXGL Background Thread 3 ] DEBUG Engine               - isPauseMusicWhenMinimized: true
08:20:34.948 [FXGL Background Thread 3 ] DEBUG Engine               - isPreserveResizeRatio: false
08:20:34.948 [FXGL Background Thread 3 ] DEBUG Engine               - isProfilingEnabled: false
08:20:34.948 [FXGL Background Thread 3 ] DEBUG Engine               - isScaleAffectedOnResize: true
08:20:34.948 [FXGL Background Thread 3 ] DEBUG Engine               - isSingleStep: false
08:20:34.948 [FXGL Background Thread 3 ] DEBUG Engine               - isUserProfileEnabled: false
08:20:34.949 [FXGL Background Thread 3 ] DEBUG Engine               - isWindows: true
08:20:34.949 [FXGL Background Thread 3 ] DEBUG Engine               - language: ObjectProperty [value: ENGLISH]
08:20:34.949 [FXGL Background Thread 3 ] DEBUG Engine               - menuKey: ESCAPE
08:20:34.949 [FXGL Background Thread 3 ] DEBUG Engine               - mouseSensitivity: 0.2
08:20:34.949 [FXGL Background Thread 3 ] DEBUG Engine               - notificationViewClass: class com.almasb.fxgl.notification.view.XboxNotificationView
08:20:34.950 [FXGL Background Thread 3 ] DEBUG Engine               - pixelsPerMeter: 50.0
08:20:34.950 [FXGL Background Thread 3 ] DEBUG Engine               - platform: WINDOWS
08:20:34.950 [FXGL Background Thread 3 ] DEBUG Engine               - prefHeightProperty: ReadOnlyDoubleProperty [value: 600.0]
08:20:34.950 [FXGL Background Thread 3 ] DEBUG Engine               - prefWidthProperty: ReadOnlyDoubleProperty [value: 800.0]
08:20:34.951 [FXGL Background Thread 3 ] DEBUG Engine               - profileDir: profiles/
08:20:34.951 [FXGL Background Thread 3 ] DEBUG Engine               - profileName: StringProperty [value: DEFAULT]
08:20:34.951 [FXGL Background Thread 3 ] DEBUG Engine               - randomSeed: -1
08:20:34.952 [FXGL Background Thread 3 ] DEBUG Engine               - runtimeInfo: RuntimeInfo(platform=WINDOWS, version=21, build=28.12.2023 13.35)
08:20:34.952 [FXGL Background Thread 3 ] DEBUG Engine               - saveFileExt: sav
08:20:34.952 [FXGL Background Thread 3 ] DEBUG Engine               - scaledHeightProp$fxgl: DoubleProperty [bound, value: 600.0]
08:20:34.952 [FXGL Background Thread 3 ] DEBUG Engine               - scaledWidthProp$fxgl: DoubleProperty [bound, value: 800.0]
08:20:34.953 [FXGL Background Thread 3 ] DEBUG Engine               - sceneFactory: com.almasb.fxgl.app.scene.SceneFactory@3507843e
08:20:34.953 [FXGL Background Thread 3 ] DEBUG Engine               - secondsIn24h: 60
08:20:34.953 [FXGL Background Thread 3 ] DEBUG Engine               - soundMenuBack: menu/back.wav
08:20:34.953 [FXGL Background Thread 3 ] DEBUG Engine               - soundMenuPress: menu/press.wav
08:20:34.953 [FXGL Background Thread 3 ] DEBUG Engine               - soundMenuSelect: menu/select.wav
08:20:34.953 [FXGL Background Thread 3 ] DEBUG Engine               - soundNotification: core/notification.wav
08:20:34.953 [FXGL Background Thread 3 ] DEBUG Engine               - stageStyle: DECORATED
08:20:34.953 [FXGL Background Thread 3 ] DEBUG Engine               - supportedLanguages: [ENGLISH, FRENCH, GERMAN, HUNGARIAN, RUSSIAN]
08:20:34.954 [FXGL Background Thread 3 ] DEBUG Engine               - ticksPerSecond: -1
08:20:34.954 [FXGL Background Thread 3 ] DEBUG Engine               - title: DemoImage
08:20:34.954 [FXGL Background Thread 3 ] DEBUG Engine               - urlGithub: https://github.com/AlmasB/FXGL
08:20:34.954 [FXGL Background Thread 3 ] DEBUG Engine               - urlLeaderboard: http://fxgl-top.herokuapp.com/
08:20:34.954 [FXGL Background Thread 3 ] DEBUG Engine               - urlPOM: https://raw.githubusercontent.com/AlmasB/FXGL/release/README.md
08:20:34.954 [FXGL Background Thread 3 ] DEBUG Engine               - userAppClass: class App
08:20:34.955 [FXGL Background Thread 3 ] DEBUG Engine               - version: 0.0
08:20:34.955 [FXGL Background Thread 3 ] DEBUG Engine               - versionCheckDays: 7
08:20:34.955 [FXGL Background Thread 3 ] DEBUG Engine               - width: 800
08:20:34.955 [FXGL Background Thread 3 ] DEBUG Engine               - Logging services
08:20:34.955 [FXGL Background Thread 3 ] DEBUG Engine               - class com.almasb.fxgl.app.services.FXGLAssetLoaderService
08:20:34.955 [FXGL Background Thread 3 ] DEBUG Engine               - class com.almasb.fxgl.app.FXGLApplication$GameApplicationService
08:20:34.955 [FXGL Background Thread 3 ] DEBUG Engine               - class com.almasb.fxgl.app.services.FXGLDialogService
08:20:34.955 [FXGL Background Thread 3 ] DEBUG Engine               - class com.almasb.fxgl.app.services.IOTaskExecutorService
08:20:34.956 [FXGL Background Thread 3 ] DEBUG Engine               - class com.almasb.fxgl.io.FileSystemService
08:20:34.956 [FXGL Background Thread 3 ] DEBUG Engine               - class com.almasb.fxgl.localization.LocalizationService
08:20:34.956 [FXGL Background Thread 3 ] DEBUG Engine               - class com.almasb.fxgl.app.services.SystemBundleService
08:20:34.956 [FXGL Background Thread 3 ] DEBUG Engine               - class com.almasb.fxgl.profile.SaveLoadService
08:20:34.956 [FXGL Background Thread 3 ] DEBUG Engine               - class com.almasb.fxgl.ui.FXGLUIFactoryServiceProvider
08:20:34.956 [FXGL Background Thread 3 ] DEBUG Engine               - class com.almasb.fxgl.ui.FXGLDialogFactoryServiceProvider
08:20:34.956 [FXGL Background Thread 3 ] DEBUG Engine               - class com.almasb.fxgl.audio.AudioPlayer
08:20:34.956 [FXGL Background Thread 3 ] DEBUG Engine               - class com.almasb.fxgl.notification.impl.NotificationServiceProvider
08:20:34.956 [FXGL Background Thread 3 ] DEBUG Engine               - class com.almasb.fxgl.achievement.AchievementService
08:20:34.956 [FXGL Background Thread 3 ] DEBUG Engine               - class com.almasb.fxgl.cutscene.CutsceneService
08:20:34.957 [FXGL Background Thread 3 ] DEBUG Engine               - class com.almasb.fxgl.minigames.MiniGameService
08:20:34.957 [FXGL Background Thread 3 ] DEBUG Engine               - class com.almasb.fxgl.net.NetService
08:20:34.957 [FXGL Background Thread 3 ] DEBUG Engine               - class com.almasb.fxgl.app.services.UpdaterService
08:20:34.957 [FXGL Background Thread 3 ] DEBUG Engine               - class com.almasb.fxgl.dev.DevService
08:20:37.097 [JavaFX Application Thread] DEBUG FXGLApplication      - Exiting FXGL
08:20:37.097 [JavaFX Application Thread] DEBUG LoopRunner           - Stopping loop
08:20:37.097 [JavaFX Application Thread] DEBUG SystemBundleService  - Saving FXGL system data
08:20:37.099 [JavaFX Application Thread] DEBUG FileSystemAccess     - Writing to: F:\Proyectos javafx\javafxgl\demoImageAnim\system\fxgl.bundle
08:20:37.101 [JavaFX Application Thread] DEBUG Async                - Shutting down background threads
08:20:37.101 [JavaFX Application Thread] DEBUG PrimaryStageWindow   - Closing main window
08:20:37.123 [JavaFX Application Thread] DEBUG Logger               - Closing Logger
