16:50:48.956 [main                     ] DEBUG Logger               - Configured Logger
16:50:48.981 [main                     ] DEBUG GameApplication      - Logging settings
Title: DemoImage
Version: 0.0
Width: 800
Height: 600
Fullscreen: false
Intro: false
Profiling: false
Single step:false
App Mode: DEVELOPER
Menu Key: ESCAPE
Stage Style: DECORATED
Scene Factory: class com.almasb.fxgl.app.scene.SceneFactory

16:50:49.352 [JavaFX Application Thread] DEBUG FXGLApplication      - Initializing FXGL
16:50:49.361 [JavaFX Application Thread] INFO  Engine               - FXGL-21 (28.12.2023 13.35) on WINDOWS (J:21.0.1 FX:21.0.1)
16:50:49.362 [JavaFX Application Thread] DEBUG Engine               - JRE Vendor Name: Oracle Corporation
16:50:49.362 [JavaFX Application Thread] DEBUG Engine               - Running on OS: Windows 10 version 10.0
16:50:49.362 [JavaFX Application Thread] DEBUG Engine               - Architecture: amd64
16:50:49.362 [JavaFX Application Thread] INFO  Engine               - Source code and latest versions at: https://github.com/AlmasB/FXGL
16:50:49.363 [JavaFX Application Thread] INFO  Engine               -       Ask questions and discuss at: https://github.com/AlmasB/FXGL/discussions
16:50:49.363 [JavaFX Application Thread] INFO  Engine               -              Join the FXGL chat at: https://gitter.im/AlmasB/FXGL
16:50:49.491 [JavaFX Application Thread] DEBUG PrimaryStageWindow   - Creating a JavaFX scene
16:50:49.543 [JavaFX Application Thread] DEBUG PrimaryStageWindow   - Target settings size: 800.0 x 600.0
16:50:49.543 [JavaFX Application Thread] DEBUG PrimaryStageWindow   - Scaled scene size:    800.0 x 600.0
16:50:49.543 [JavaFX Application Thread] DEBUG PrimaryStageWindow   - Scaled ratio: (1.0, 1.0)
16:50:49.545 [JavaFX Application Thread] DEBUG PrimaryStageWindow   - Set initial scene to FXGLStartupScene
16:50:49.548 [JavaFX Application Thread] DEBUG PrimaryStageWindow   - Opening main window
16:50:49.651 [JavaFX Application Thread] DEBUG PrimaryStageWindow   - Window border size: (14.4000244140625, 37.5999755859375)
16:50:49.651 [JavaFX Application Thread] DEBUG PrimaryStageWindow   - Scaled size: 800.0 x 600.0
16:50:49.651 [JavaFX Application Thread] DEBUG PrimaryStageWindow   - Scaled ratio: (1.0, 1.0)
16:50:49.652 [JavaFX Application Thread] DEBUG PrimaryStageWindow   - Scene size: 800.0 x 600.0
16:50:49.652 [JavaFX Application Thread] DEBUG PrimaryStageWindow   - Stage size: 814.4000244140625 x 637.5999755859375
16:50:49.661 [FXGL Background Thread 1 ] DEBUG Engine               - Initializing environment variables
16:50:49.769 [FXGL Background Thread 1 ] DEBUG FXGLAssetLoaderServi - User app class for loading assets: class App
16:50:49.770 [FXGL Background Thread 1 ] DEBUG GameApplicationServi - Applying CSS: fxgl_dark.css
16:50:49.771 [FXGL Background Thread 1 ] DEBUG FXGLAssetLoaderServi - Loading from file system: jar:file:/C:/Users/Usuario/.m2/repository/com/github/almasb/fxgl/21/fxgl-21.jar!/fxglassets/ui/css/fxgl_dark.css
16:50:49.828 [FXGL Background Thread 1 ] DEBUG GameApplicationServi - Initializing application scenes
16:50:49.881 [FXGL Background Thread 1 ] DEBUG GameWorld            - Game world initialized
16:50:49.980 [FXGL Background Thread 1 ] DEBUG PhysicsWorld         - Physics world initialized: appHeight=600, physics.ppm=50,0
16:50:49.980 [FXGL Background Thread 1 ] DEBUG PhysicsWorld         - Using strategy: BRUTE_FORCE
16:50:49.986 [FXGL Background Thread 1 ] DEBUG GameScene            - Game scene initialized: 800x600
16:50:50.004 [FXGL Background Thread 1 ] DEBUG FXGL.DefaultMenu     - createMenuBodyGameMenu()
16:50:50.020 [FXGL Background Thread 1 ] DEBUG FXGL.DefaultMenu     - createOptionsMenu()
16:50:50.030 [FXGL Background Thread 1 ] DEBUG FXGLAssetLoaderServi - Loading from file system: jar:file:/C:/Users/Usuario/.m2/repository/com/github/almasb/fxgl/21/fxgl-21.jar!/fxglassets/textures/particles/smoke.png
16:50:50.149 [FXGL Background Thread 1 ] DEBUG FXGLAssetLoaderServi - Loading from file system: jar:file:/C:/Users/Usuario/.m2/repository/com/github/almasb/fxgl/21/fxgl-21.jar!/fxglassets/textures/particles/trace_horizontal.png
16:50:50.176 [FXGL Background Thread 1 ] DEBUG GameApplicationServi - Application scenes initialized
16:50:50.191 [FXGL Background Thread 1 ] DEBUG SystemBundleService  - Loading FXGL system data
16:50:50.194 [FXGL Background Thread 1 ] DEBUG FileSystemAccess     - Reading from: F:\Proyectos javafx\javafxgl\demoImageAnim\system\fxgl.bundle
16:50:50.207 [FXGL Background Thread 1 ] DEBUG SystemBundleService  - Bundle FXGL: {}
16:50:50.207 [FXGL Background Thread 1 ] DEBUG UpdaterService       - Checking for updates
16:50:50.212 [FXGL Background Thread 4 ] DEBUG FXGLApplication      - Loading fonts
16:50:50.213 [FXGL Background Thread 4 ] DEBUG FXGLAssetLoaderServi - Loading from file system: jar:file:/C:/Users/Usuario/.m2/repository/com/github/almasb/fxgl/21/fxgl-21.jar!/fxglassets/ui/fonts/VarelaRound-Regular.ttf
16:50:50.213 [FXGL Background Thread 1 ] DEBUG FXGLApplication      - Loading default localization
16:50:50.214 [FXGL Background Thread 1 ] DEBUG FXGLAssetLoaderServi - Loading from file system: jar:file:/C:/Users/Usuario/.m2/repository/com/github/almasb/fxgl/21/fxgl-21.jar!/fxglassets/languages/english.lang
16:50:50.258 [FXGL Background Thread 1 ] INFO  FXGLApplication      - FXGL initialization took: 0,597 sec
16:50:50.260 [FXGL Background Thread 4 ] DEBUG FXGLAssetLoaderServi - Loading from file system: jar:file:/C:/Users/Usuario/.m2/repository/com/github/almasb/fxgl/21/fxgl-21.jar!/fxglassets/ui/fonts/Abel-Regular.ttf
16:50:50.270 [FXGL Background Thread 4 ] DEBUG FXGLAssetLoaderServi - Loading from file system: jar:file:/C:/Users/Usuario/.m2/repository/com/github/almasb/fxgl/21/fxgl-21.jar!/fxglassets/ui/fonts/TerminalLandMono-Regular.otf
16:50:50.274 [JavaFX Application Thread] DEBUG Input                - Registered new binding: action0 - A
16:50:50.275 [JavaFX Application Thread] DEBUG Input                - Registered new binding: action1 - D
16:50:50.275 [JavaFX Application Thread] DEBUG Input                - Registered new binding: action2 - W
16:50:50.276 [JavaFX Application Thread] DEBUG Input                - Registered new binding: action3 - S
16:50:50.276 [JavaFX Application Thread] DEBUG Input                - Registered new binding: action4 - G
16:50:50.276 [JavaFX Application Thread] DEBUG Input                - Registered new binding: Move Down - H
16:50:50.277 [JavaFX Application Thread] DEBUG FXGLAssetLoaderServi - Loading from file system: jar:file:/C:/Users/Usuario/.m2/repository/com/github/almasb/fxgl/21/fxgl-21.jar!/fxglassets/textures/fxgl_icon.png
16:50:50.281 [FXGL Background Thread 4 ] DEBUG FXGLAssetLoaderServi - Loading from file system: jar:file:/C:/Users/Usuario/.m2/repository/com/github/almasb/fxgl/21/fxgl-21.jar!/fxglassets/ui/fonts/Courier-Prime.ttf
16:50:50.300 [JavaFX Application Thread] DEBUG FXGLAssetLoaderServi - Loading from file system: jar:file:/C:/Users/Usuario/.m2/repository/com/github/almasb/fxgl/21/fxgl-21.jar!/fxglassets/textures/fxgl_default_cursor.png
16:50:50.302 [JavaFX Application Thread] DEBUG Input                - Registered new binding: Screenshot - CTRL+8
16:50:50.303 [JavaFX Application Thread] DEBUG Input                - Registered new binding: System info dump - CTRL+9
16:50:50.303 [JavaFX Application Thread] DEBUG Input                - Registered new binding: Restart - CTRL+R
16:50:50.304 [JavaFX Application Thread] DEBUG Input                - Registered new binding: Toggle Debug Camera - CTRL+7
16:50:50.308 [JavaFX Application Thread] DEBUG LoopRunner           - Starting loop
16:50:50.308 [JavaFX Application Thread] DEBUG LoopRunner           - Initializing JavaFX AnimationTimerLoop
16:50:50.310 [JavaFX Application Thread] DEBUG GameApplicationServi - Starting new game
16:50:50.310 [JavaFX Application Thread] DEBUG Input                - Clearing active input actions
16:50:50.324 [JavaFX Application Thread] DEBUG GameApplicationServi - Removing overlay from FXGLStartupScene and adding to FXGLLoadingScene
16:50:50.324 [JavaFX Application Thread] DEBUG PrimaryStageWindow   - FXGLStartupScene -> FXGLLoadingScene
16:50:50.325 [JavaFX Application Thread] DEBUG GameApplicationServi - Clearing previous game
16:50:50.325 [JavaFX Application Thread] DEBUG GameScene            - Clearing game scene
16:50:50.325 [JavaFX Application Thread] DEBUG GameWorld            - Clearing game world
16:50:50.325 [JavaFX Application Thread] DEBUG PhysicsWorld         - Clearing physics world
16:50:50.326 [JavaFX Application Thread] DEBUG FXGLApplication      - Registering font factories with UI factory
16:50:50.326 [FXGL Background Thread 4 ] DEBUG FXGLApplication      - Initializing game
16:50:50.341 [FXGL Background Thread 4 ] DEBUG FXGLAssetLoaderServi - Loading from file system: file:/F:/Proyectos%20javafx/javafxgl/demoImageAnim/target/classes/assets/textures/bosque.jpg
16:50:50.428 [FXGL Background Thread 4 ] DEBUG FXGLAssetLoaderServi - Loading from file system: file:/F:/Proyectos%20javafx/javafxgl/demoImageAnim/target/classes/assets/textures/sprite_pug.png
16:50:50.460 [FXGL Background Thread 4 ] INFO  FXGLApplication      - Game initialization took: 0,134 sec
16:50:50.479 [JavaFX Application Thread] DEBUG Input                - Clearing active input actions
16:50:50.493 [JavaFX Application Thread] DEBUG GameApplicationServi - Removing overlay from FXGLLoadingScene and adding to GameScene
16:50:50.494 [JavaFX Application Thread] DEBUG PrimaryStageWindow   - FXGLLoadingScene -> GameScene
16:50:53.211 [FXGL Background Thread 3 ] DEBUG Engine               - Logging environment variables
16:50:53.213 [FXGL Background Thread 3 ] DEBUG Engine               - achievements: []
16:50:53.213 [FXGL Background Thread 3 ] DEBUG Engine               - actualHeight: 600.0
16:50:53.214 [FXGL Background Thread 3 ] DEBUG Engine               - actualHeightProperty: ReadOnlyDoubleProperty [value: 600.0]
16:50:53.214 [FXGL Background Thread 3 ] DEBUG Engine               - actualWidth: 800.0
16:50:53.214 [FXGL Background Thread 3 ] DEBUG Engine               - actualWidthProperty: ReadOnlyDoubleProperty [value: 800.0]
16:50:53.214 [FXGL Background Thread 3 ] DEBUG Engine               - appIcon: fxgl_icon.png
16:50:53.215 [FXGL Background Thread 3 ] DEBUG Engine               - applicationMode: DEVELOPER
16:50:53.215 [FXGL Background Thread 3 ] DEBUG Engine               - cSSList: [fxgl_dark.css]
16:50:53.215 [FXGL Background Thread 3 ] DEBUG Engine               - collisionDetectionStrategy: BRUTE_FORCE
16:50:53.215 [FXGL Background Thread 3 ] DEBUG Engine               - configClass: Optional.empty
16:50:53.216 [FXGL Background Thread 3 ] DEBUG Engine               - credits: []
16:50:53.217 [FXGL Background Thread 3 ] DEBUG Engine               - defaultCursor: CursorInfo(imageName=fxgl_default_cursor.png, hotspotX=7.0, hotspotY=6.0)
16:50:53.218 [FXGL Background Thread 3 ] DEBUG Engine               - devBBoxColorProperty: ObjectProperty [value: 0xff0000ff]
16:50:53.219 [FXGL Background Thread 3 ] DEBUG Engine               - devEnableDebugCameraProperty: BooleanProperty [value: false]
16:50:53.219 [FXGL Background Thread 3 ] DEBUG Engine               - devSensorColorProperty: ObjectProperty [value: 0xffff00ff]
16:50:53.219 [FXGL Background Thread 3 ] DEBUG Engine               - devShowBBoxProperty: BooleanProperty [value: false]
16:50:53.219 [FXGL Background Thread 3 ] DEBUG Engine               - devShowPositionProperty: BooleanProperty [value: false]
16:50:53.220 [FXGL Background Thread 3 ] DEBUG Engine               - enabledMenuItems: []
16:50:53.220 [FXGL Background Thread 3 ] DEBUG Engine               - engineServices: [class com.almasb.fxgl.app.services.FXGLAssetLoaderService, class com.almasb.fxgl.app.FXGLApplication$GameApplicationService, class com.almasb.fxgl.app.services.FXGLDialogService, class com.almasb.fxgl.app.services.IOTaskExecutorService, class com.almasb.fxgl.io.FileSystemService, class com.almasb.fxgl.localization.LocalizationService, class com.almasb.fxgl.app.services.SystemBundleService, class com.almasb.fxgl.profile.SaveLoadService, class com.almasb.fxgl.ui.FXGLUIFactoryServiceProvider, class com.almasb.fxgl.ui.FXGLDialogFactoryServiceProvider, class com.almasb.fxgl.audio.AudioPlayer, class com.almasb.fxgl.notification.impl.NotificationServiceProvider, class com.almasb.fxgl.achievement.AchievementService, class com.almasb.fxgl.cutscene.CutsceneService, class com.almasb.fxgl.minigames.MiniGameService, class com.almasb.fxgl.net.NetService, class com.almasb.fxgl.app.services.UpdaterService, class com.almasb.fxgl.dev.DevService]
16:50:53.221 [FXGL Background Thread 3 ] DEBUG Engine               - fontGame: Abel-Regular.ttf
16:50:53.221 [FXGL Background Thread 3 ] DEBUG Engine               - fontMono: TerminalLandMono-Regular.otf
16:50:53.221 [FXGL Background Thread 3 ] DEBUG Engine               - fontSizeScaleUI: 1.0
16:50:53.222 [FXGL Background Thread 3 ] DEBUG Engine               - fontText: Courier-Prime.ttf
16:50:53.222 [FXGL Background Thread 3 ] DEBUG Engine               - fontUI: VarelaRound-Regular.ttf
16:50:53.222 [FXGL Background Thread 3 ] DEBUG Engine               - fullScreen: BooleanProperty [value: false]
16:50:53.223 [FXGL Background Thread 3 ] DEBUG Engine               - gameDifficulty: MEDIUM
16:50:53.223 [FXGL Background Thread 3 ] DEBUG Engine               - gameDifficultyProperty: ObjectProperty [value: MEDIUM]
16:50:53.223 [FXGL Background Thread 3 ] DEBUG Engine               - globalMusicVolume: 0.5
16:50:53.224 [FXGL Background Thread 3 ] DEBUG Engine               - globalMusicVolumeProperty: DoubleProperty [value: 0.5]
16:50:53.224 [FXGL Background Thread 3 ] DEBUG Engine               - globalSoundVolume: 0.5
16:50:53.224 [FXGL Background Thread 3 ] DEBUG Engine               - globalSoundVolumeProperty: DoubleProperty [value: 0.5]
16:50:53.224 [FXGL Background Thread 3 ] DEBUG Engine               - height: 600
16:50:53.225 [FXGL Background Thread 3 ] DEBUG Engine               - is3D: false
16:50:53.225 [FXGL Background Thread 3 ] DEBUG Engine               - isAndroid: false
16:50:53.225 [FXGL Background Thread 3 ] DEBUG Engine               - isBrowser: false
16:50:53.226 [FXGL Background Thread 3 ] DEBUG Engine               - isClickFeedbackEnabled: false
16:50:53.226 [FXGL Background Thread 3 ] DEBUG Engine               - isCloseConfirmation: false
16:50:53.226 [FXGL Background Thread 3 ] DEBUG Engine               - isDesktop: true
16:50:53.226 [FXGL Background Thread 3 ] DEBUG Engine               - isDeveloperMenuEnabled: false
16:50:53.227 [FXGL Background Thread 3 ] DEBUG Engine               - isEmbedded: false
16:50:53.227 [FXGL Background Thread 3 ] DEBUG Engine               - isEntityPreloadEnabled: true
16:50:53.227 [FXGL Background Thread 3 ] DEBUG Engine               - isExperimentalTiledLargeMap: false
16:50:53.227 [FXGL Background Thread 3 ] DEBUG Engine               - isFileSystemWriteAllowed: true
16:50:53.228 [FXGL Background Thread 3 ] DEBUG Engine               - isFullScreenAllowed: false
16:50:53.228 [FXGL Background Thread 3 ] DEBUG Engine               - isFullScreenFromStart: false
16:50:53.228 [FXGL Background Thread 3 ] DEBUG Engine               - isGameMenuEnabled: true
16:50:53.228 [FXGL Background Thread 3 ] DEBUG Engine               - isIOS: false
16:50:53.228 [FXGL Background Thread 3 ] DEBUG Engine               - isIntroEnabled: false
16:50:53.229 [FXGL Background Thread 3 ] DEBUG Engine               - isLinux: false
16:50:53.229 [FXGL Background Thread 3 ] DEBUG Engine               - isMac: false
16:50:53.229 [FXGL Background Thread 3 ] DEBUG Engine               - isMainMenuEnabled: false
16:50:53.230 [FXGL Background Thread 3 ] DEBUG Engine               - isManualResizeEnabled: false
16:50:53.230 [FXGL Background Thread 3 ] DEBUG Engine               - isMobile: false
16:50:53.230 [FXGL Background Thread 3 ] DEBUG Engine               - isNative: false
16:50:53.230 [FXGL Background Thread 3 ] DEBUG Engine               - isPauseMusicWhenMinimized: true
16:50:53.231 [FXGL Background Thread 3 ] DEBUG Engine               - isPreserveResizeRatio: false
16:50:53.231 [FXGL Background Thread 3 ] DEBUG Engine               - isProfilingEnabled: false
16:50:53.231 [FXGL Background Thread 3 ] DEBUG Engine               - isScaleAffectedOnResize: true
16:50:53.231 [FXGL Background Thread 3 ] DEBUG Engine               - isSingleStep: false
16:50:53.231 [FXGL Background Thread 3 ] DEBUG Engine               - isUserProfileEnabled: false
16:50:53.232 [FXGL Background Thread 3 ] DEBUG Engine               - isWindows: true
16:50:53.232 [FXGL Background Thread 3 ] DEBUG Engine               - language: ObjectProperty [value: ENGLISH]
16:50:53.232 [FXGL Background Thread 3 ] DEBUG Engine               - menuKey: ESCAPE
16:50:53.232 [FXGL Background Thread 3 ] DEBUG Engine               - mouseSensitivity: 0.2
16:50:53.233 [FXGL Background Thread 3 ] DEBUG Engine               - notificationViewClass: class com.almasb.fxgl.notification.view.XboxNotificationView
16:50:53.233 [FXGL Background Thread 3 ] DEBUG Engine               - pixelsPerMeter: 50.0
16:50:53.233 [FXGL Background Thread 3 ] DEBUG Engine               - platform: WINDOWS
16:50:53.233 [FXGL Background Thread 3 ] DEBUG Engine               - prefHeightProperty: ReadOnlyDoubleProperty [value: 600.0]
16:50:53.234 [FXGL Background Thread 3 ] DEBUG Engine               - prefWidthProperty: ReadOnlyDoubleProperty [value: 800.0]
16:50:53.234 [FXGL Background Thread 3 ] DEBUG Engine               - profileDir: profiles/
16:50:53.234 [FXGL Background Thread 3 ] DEBUG Engine               - profileName: StringProperty [value: DEFAULT]
16:50:53.234 [FXGL Background Thread 3 ] DEBUG Engine               - randomSeed: -1
16:50:53.236 [FXGL Background Thread 3 ] DEBUG Engine               - runtimeInfo: RuntimeInfo(platform=WINDOWS, version=21, build=28.12.2023 13.35)
16:50:53.236 [FXGL Background Thread 3 ] DEBUG Engine               - saveFileExt: sav
16:50:53.236 [FXGL Background Thread 3 ] DEBUG Engine               - scaledHeightProp$fxgl: DoubleProperty [bound, value: 600.0]
16:50:53.236 [FXGL Background Thread 3 ] DEBUG Engine               - scaledWidthProp$fxgl: DoubleProperty [bound, value: 800.0]
16:50:53.237 [FXGL Background Thread 3 ] DEBUG Engine               - sceneFactory: com.almasb.fxgl.app.scene.SceneFactory@3badcd60
16:50:53.237 [FXGL Background Thread 3 ] DEBUG Engine               - secondsIn24h: 60
16:50:53.237 [FXGL Background Thread 3 ] DEBUG Engine               - soundMenuBack: menu/back.wav
16:50:53.237 [FXGL Background Thread 3 ] DEBUG Engine               - soundMenuPress: menu/press.wav
16:50:53.238 [FXGL Background Thread 3 ] DEBUG Engine               - soundMenuSelect: menu/select.wav
16:50:53.238 [FXGL Background Thread 3 ] DEBUG Engine               - soundNotification: core/notification.wav
16:50:53.238 [FXGL Background Thread 3 ] DEBUG Engine               - stageStyle: DECORATED
16:50:53.238 [FXGL Background Thread 3 ] DEBUG Engine               - supportedLanguages: [ENGLISH, FRENCH, GERMAN, HUNGARIAN, RUSSIAN]
16:50:53.238 [FXGL Background Thread 3 ] DEBUG Engine               - ticksPerSecond: -1
16:50:53.238 [FXGL Background Thread 3 ] DEBUG Engine               - title: DemoImage
16:50:53.238 [FXGL Background Thread 3 ] DEBUG Engine               - urlGithub: https://github.com/AlmasB/FXGL
16:50:53.239 [FXGL Background Thread 3 ] DEBUG Engine               - urlLeaderboard: http://fxgl-top.herokuapp.com/
16:50:53.239 [FXGL Background Thread 3 ] DEBUG Engine               - urlPOM: https://raw.githubusercontent.com/AlmasB/FXGL/release/README.md
16:50:53.239 [FXGL Background Thread 3 ] DEBUG Engine               - userAppClass: class App
16:50:53.239 [FXGL Background Thread 3 ] DEBUG Engine               - version: 0.0
16:50:53.239 [FXGL Background Thread 3 ] DEBUG Engine               - versionCheckDays: 7
16:50:53.239 [FXGL Background Thread 3 ] DEBUG Engine               - width: 800
16:50:53.239 [FXGL Background Thread 3 ] DEBUG Engine               - Logging services
16:50:53.239 [FXGL Background Thread 3 ] DEBUG Engine               - class com.almasb.fxgl.app.services.FXGLAssetLoaderService
16:50:53.240 [FXGL Background Thread 3 ] DEBUG Engine               - class com.almasb.fxgl.app.FXGLApplication$GameApplicationService
16:50:53.240 [FXGL Background Thread 3 ] DEBUG Engine               - class com.almasb.fxgl.app.services.FXGLDialogService
16:50:53.240 [FXGL Background Thread 3 ] DEBUG Engine               - class com.almasb.fxgl.app.services.IOTaskExecutorService
16:50:53.240 [FXGL Background Thread 3 ] DEBUG Engine               - class com.almasb.fxgl.io.FileSystemService
16:50:53.240 [FXGL Background Thread 3 ] DEBUG Engine               - class com.almasb.fxgl.localization.LocalizationService
16:50:53.240 [FXGL Background Thread 3 ] DEBUG Engine               - class com.almasb.fxgl.app.services.SystemBundleService
16:50:53.240 [FXGL Background Thread 3 ] DEBUG Engine               - class com.almasb.fxgl.profile.SaveLoadService
16:50:53.240 [FXGL Background Thread 3 ] DEBUG Engine               - class com.almasb.fxgl.ui.FXGLUIFactoryServiceProvider
16:50:53.240 [FXGL Background Thread 3 ] DEBUG Engine               - class com.almasb.fxgl.ui.FXGLDialogFactoryServiceProvider
16:50:53.240 [FXGL Background Thread 3 ] DEBUG Engine               - class com.almasb.fxgl.audio.AudioPlayer
16:50:53.240 [FXGL Background Thread 3 ] DEBUG Engine               - class com.almasb.fxgl.notification.impl.NotificationServiceProvider
16:50:53.240 [FXGL Background Thread 3 ] DEBUG Engine               - class com.almasb.fxgl.achievement.AchievementService
16:50:53.241 [FXGL Background Thread 3 ] DEBUG Engine               - class com.almasb.fxgl.cutscene.CutsceneService
16:50:53.241 [FXGL Background Thread 3 ] DEBUG Engine               - class com.almasb.fxgl.minigames.MiniGameService
16:50:53.241 [FXGL Background Thread 3 ] DEBUG Engine               - class com.almasb.fxgl.net.NetService
16:50:53.241 [FXGL Background Thread 3 ] DEBUG Engine               - class com.almasb.fxgl.app.services.UpdaterService
16:50:53.241 [FXGL Background Thread 3 ] DEBUG Engine               - class com.almasb.fxgl.dev.DevService
16:50:56.236 [JavaFX Application Thread] DEBUG FXGLApplication      - Exiting FXGL
16:50:56.236 [JavaFX Application Thread] DEBUG LoopRunner           - Stopping loop
16:50:56.236 [JavaFX Application Thread] DEBUG SystemBundleService  - Saving FXGL system data
16:50:56.238 [JavaFX Application Thread] DEBUG FileSystemAccess     - Writing to: F:\Proyectos javafx\javafxgl\demoImageAnim\system\fxgl.bundle
16:50:56.240 [JavaFX Application Thread] DEBUG Async                - Shutting down background threads
16:50:56.240 [JavaFX Application Thread] DEBUG PrimaryStageWindow   - Closing main window
16:50:56.264 [JavaFX Application Thread] DEBUG Logger               - Closing Logger
