10:09:27.658 [main                     ] DEBUG Logger               - Configured Logger
10:09:27.680 [main                     ] DEBUG GameApplication      - Logging settings
Title: DemoImage
Version: 0.0
Width: 800
Height: 600
Fullscreen: false
Intro: false
Profiling: false
Single step:false
App Mode: DEVELOPER
Menu Key: ESCAPE
Stage Style: DECORATED
Scene Factory: class com.almasb.fxgl.app.scene.SceneFactory

10:09:28.046 [JavaFX Application Thread] DEBUG FXGLApplication      - Initializing FXGL
10:09:28.056 [JavaFX Application Thread] INFO  Engine               - FXGL-21 (28.12.2023 13.35) on WINDOWS (J:21.0.1 FX:21.0.1)
10:09:28.057 [JavaFX Application Thread] DEBUG Engine               - JRE Vendor Name: Oracle Corporation
10:09:28.057 [JavaFX Application Thread] DEBUG Engine               - Running on OS: Windows 10 version 10.0
10:09:28.057 [JavaFX Application Thread] DEBUG Engine               - Architecture: amd64
10:09:28.057 [JavaFX Application Thread] INFO  Engine               - Source code and latest versions at: https://github.com/AlmasB/FXGL
10:09:28.057 [JavaFX Application Thread] INFO  Engine               -       Ask questions and discuss at: https://github.com/AlmasB/FXGL/discussions
10:09:28.057 [JavaFX Application Thread] INFO  Engine               -              Join the FXGL chat at: https://gitter.im/AlmasB/FXGL
10:09:28.179 [JavaFX Application Thread] DEBUG PrimaryStageWindow   - Creating a JavaFX scene
10:09:28.231 [JavaFX Application Thread] DEBUG PrimaryStageWindow   - Target settings size: 800.0 x 600.0
10:09:28.231 [JavaFX Application Thread] DEBUG PrimaryStageWindow   - Scaled scene size:    800.0 x 600.0
10:09:28.231 [JavaFX Application Thread] DEBUG PrimaryStageWindow   - Scaled ratio: (1.0, 1.0)
10:09:28.232 [JavaFX Application Thread] DEBUG PrimaryStageWindow   - Set initial scene to FXGLStartupScene
10:09:28.235 [JavaFX Application Thread] DEBUG PrimaryStageWindow   - Opening main window
10:09:28.339 [JavaFX Application Thread] DEBUG PrimaryStageWindow   - Window border size: (14.4000244140625, 37.5999755859375)
10:09:28.340 [JavaFX Application Thread] DEBUG PrimaryStageWindow   - Scaled size: 800.0 x 600.0
10:09:28.340 [JavaFX Application Thread] DEBUG PrimaryStageWindow   - Scaled ratio: (1.0, 1.0)
10:09:28.340 [JavaFX Application Thread] DEBUG PrimaryStageWindow   - Scene size: 800.0 x 600.0
10:09:28.340 [JavaFX Application Thread] DEBUG PrimaryStageWindow   - Stage size: 814.4000244140625 x 637.5999755859375
10:09:28.351 [FXGL Background Thread 1 ] DEBUG Engine               - Initializing environment variables
10:09:28.456 [FXGL Background Thread 1 ] DEBUG FXGLAssetLoaderServi - User app class for loading assets: class App
10:09:28.456 [FXGL Background Thread 1 ] DEBUG GameApplicationServi - Applying CSS: fxgl_dark.css
10:09:28.457 [FXGL Background Thread 1 ] DEBUG FXGLAssetLoaderServi - Loading from file system: jar:file:/C:/Users/Usuario/.m2/repository/com/github/almasb/fxgl/21/fxgl-21.jar!/fxglassets/ui/css/fxgl_dark.css
10:09:28.518 [FXGL Background Thread 1 ] DEBUG GameApplicationServi - Initializing application scenes
10:09:28.573 [FXGL Background Thread 1 ] DEBUG GameWorld            - Game world initialized
10:09:28.671 [FXGL Background Thread 1 ] DEBUG PhysicsWorld         - Physics world initialized: appHeight=600, physics.ppm=50,0
10:09:28.672 [FXGL Background Thread 1 ] DEBUG PhysicsWorld         - Using strategy: BRUTE_FORCE
10:09:28.677 [FXGL Background Thread 1 ] DEBUG GameScene            - Game scene initialized: 800x600
10:09:28.697 [FXGL Background Thread 1 ] DEBUG FXGL.DefaultMenu     - createMenuBodyGameMenu()
10:09:28.714 [FXGL Background Thread 1 ] DEBUG FXGL.DefaultMenu     - createOptionsMenu()
10:09:28.724 [FXGL Background Thread 1 ] DEBUG FXGLAssetLoaderServi - Loading from file system: jar:file:/C:/Users/Usuario/.m2/repository/com/github/almasb/fxgl/21/fxgl-21.jar!/fxglassets/textures/particles/smoke.png
10:09:28.829 [FXGL Background Thread 1 ] DEBUG FXGLAssetLoaderServi - Loading from file system: jar:file:/C:/Users/Usuario/.m2/repository/com/github/almasb/fxgl/21/fxgl-21.jar!/fxglassets/textures/particles/trace_horizontal.png
10:09:28.855 [FXGL Background Thread 1 ] DEBUG GameApplicationServi - Application scenes initialized
10:09:28.868 [FXGL Background Thread 1 ] DEBUG SystemBundleService  - Loading FXGL system data
10:09:28.872 [FXGL Background Thread 1 ] DEBUG FileSystemAccess     - Reading from: F:\Proyectos javafx\javafxgl\demoImageAnim\system\fxgl.bundle
10:09:28.883 [FXGL Background Thread 1 ] DEBUG SystemBundleService  - Bundle FXGL: {}
10:09:28.883 [FXGL Background Thread 1 ] DEBUG UpdaterService       - Checking for updates
10:09:28.887 [FXGL Background Thread 4 ] DEBUG FXGLApplication      - Loading fonts
10:09:28.888 [FXGL Background Thread 4 ] DEBUG FXGLAssetLoaderServi - Loading from file system: jar:file:/C:/Users/Usuario/.m2/repository/com/github/almasb/fxgl/21/fxgl-21.jar!/fxglassets/ui/fonts/VarelaRound-Regular.ttf
10:09:28.888 [FXGL Background Thread 1 ] DEBUG FXGLApplication      - Loading default localization
10:09:28.889 [FXGL Background Thread 1 ] DEBUG FXGLAssetLoaderServi - Loading from file system: jar:file:/C:/Users/Usuario/.m2/repository/com/github/almasb/fxgl/21/fxgl-21.jar!/fxglassets/languages/english.lang
10:09:28.931 [FXGL Background Thread 1 ] INFO  FXGLApplication      - FXGL initialization took: 0,579 sec
10:09:28.931 [FXGL Background Thread 4 ] DEBUG FXGLAssetLoaderServi - Loading from file system: jar:file:/C:/Users/Usuario/.m2/repository/com/github/almasb/fxgl/21/fxgl-21.jar!/fxglassets/ui/fonts/Abel-Regular.ttf
10:09:28.942 [FXGL Background Thread 4 ] DEBUG FXGLAssetLoaderServi - Loading from file system: jar:file:/C:/Users/Usuario/.m2/repository/com/github/almasb/fxgl/21/fxgl-21.jar!/fxglassets/ui/fonts/TerminalLandMono-Regular.otf
10:09:28.944 [JavaFX Application Thread] DEBUG Input                - Registered new binding: action0 - A
10:09:28.944 [JavaFX Application Thread] DEBUG Input                - Registered new binding: action1 - D
10:09:28.945 [JavaFX Application Thread] DEBUG Input                - Registered new binding: action2 - W
10:09:28.945 [JavaFX Application Thread] DEBUG Input                - Registered new binding: action3 - S
10:09:28.946 [JavaFX Application Thread] DEBUG FXGLAssetLoaderServi - Loading from file system: jar:file:/C:/Users/Usuario/.m2/repository/com/github/almasb/fxgl/21/fxgl-21.jar!/fxglassets/textures/fxgl_icon.png
10:09:28.952 [FXGL Background Thread 4 ] DEBUG FXGLAssetLoaderServi - Loading from file system: jar:file:/C:/Users/Usuario/.m2/repository/com/github/almasb/fxgl/21/fxgl-21.jar!/fxglassets/ui/fonts/Courier-Prime.ttf
10:09:28.971 [JavaFX Application Thread] DEBUG FXGLAssetLoaderServi - Loading from file system: jar:file:/C:/Users/Usuario/.m2/repository/com/github/almasb/fxgl/21/fxgl-21.jar!/fxglassets/textures/fxgl_default_cursor.png
10:09:28.975 [JavaFX Application Thread] DEBUG Input                - Registered new binding: Screenshot - CTRL+8
10:09:28.976 [JavaFX Application Thread] DEBUG Input                - Registered new binding: System info dump - CTRL+9
10:09:28.976 [JavaFX Application Thread] DEBUG Input                - Registered new binding: Restart - CTRL+R
10:09:28.979 [JavaFX Application Thread] DEBUG Input                - Registered new binding: Toggle Debug Camera - CTRL+7
10:09:28.983 [JavaFX Application Thread] DEBUG LoopRunner           - Starting loop
10:09:28.983 [JavaFX Application Thread] DEBUG LoopRunner           - Initializing JavaFX AnimationTimerLoop
10:09:28.985 [JavaFX Application Thread] DEBUG GameApplicationServi - Starting new game
10:09:28.986 [JavaFX Application Thread] DEBUG Input                - Clearing active input actions
10:09:28.998 [JavaFX Application Thread] DEBUG GameApplicationServi - Removing overlay from FXGLStartupScene and adding to FXGLLoadingScene
10:09:28.999 [JavaFX Application Thread] DEBUG PrimaryStageWindow   - FXGLStartupScene -> FXGLLoadingScene
10:09:28.999 [JavaFX Application Thread] DEBUG GameApplicationServi - Clearing previous game
10:09:28.999 [JavaFX Application Thread] DEBUG GameScene            - Clearing game scene
10:09:28.999 [JavaFX Application Thread] DEBUG GameWorld            - Clearing game world
10:09:29.000 [JavaFX Application Thread] DEBUG PhysicsWorld         - Clearing physics world
10:09:29.002 [JavaFX Application Thread] DEBUG FXGLApplication      - Registering font factories with UI factory
10:09:29.002 [FXGL Background Thread 4 ] DEBUG FXGLApplication      - Initializing game
10:09:29.013 [FXGL Background Thread 4 ] DEBUG FXGLAssetLoaderServi - Loading from file system: file:/F:/Proyectos%20javafx/javafxgl/demoImageAnim/target/classes/assets/textures/bosque.jpg
10:09:29.104 [FXGL Background Thread 4 ] DEBUG FXGLAssetLoaderServi - Loading from file system: file:/F:/Proyectos%20javafx/javafxgl/demoImageAnim/target/classes/assets/textures/sprite_pug.png
10:09:29.141 [FXGL Background Thread 4 ] INFO  FXGLApplication      - Game initialization took: 0,139 sec
10:09:29.158 [JavaFX Application Thread] DEBUG Input                - Clearing active input actions
10:09:29.175 [JavaFX Application Thread] DEBUG GameApplicationServi - Removing overlay from FXGLLoadingScene and adding to GameScene
10:09:29.176 [JavaFX Application Thread] DEBUG PrimaryStageWindow   - FXGLLoadingScene -> GameScene
10:09:31.032 [JavaFX Application Thread] DEBUG FXGLApplication      - Exiting FXGL
10:09:31.032 [JavaFX Application Thread] DEBUG LoopRunner           - Stopping loop
10:09:31.032 [JavaFX Application Thread] DEBUG SystemBundleService  - Saving FXGL system data
10:09:31.034 [JavaFX Application Thread] DEBUG FileSystemAccess     - Writing to: F:\Proyectos javafx\javafxgl\demoImageAnim\system\fxgl.bundle
10:09:31.036 [JavaFX Application Thread] DEBUG Async                - Shutting down background threads
10:09:31.036 [JavaFX Application Thread] DEBUG PrimaryStageWindow   - Closing main window
10:09:31.057 [JavaFX Application Thread] DEBUG Logger               - Closing Logger
