06:35:12.997 [main                     ] DEBUG Logger               - Configured Logger
06:35:13.025 [main                     ] DEBUG GameApplication      - Logging settings
Title: Untitled
Version: 0.0
Width: 1480
Height: 1020
Fullscreen: false
Intro: false
Profiling: false
Single step:false
App Mode: DEVELOPER
Menu Key: ESCAPE
Stage Style: DECORATED
Scene Factory: class com.almasb.fxgl.app.scene.SceneFactory

06:35:13.394 [JavaFX Application Thread] DEBUG FXGLApplication      - Initializing FXGL
06:35:13.399 [JavaFX Application Thread] INFO  Engine               - FXGL-21 (28.12.2023 13.35) on WINDOWS (J:21.0.1 FX:21.0.1)
06:35:13.400 [JavaFX Application Thread] DEBUG Engine               - JRE Vendor Name: Oracle Corporation
06:35:13.400 [JavaFX Application Thread] DEBUG Engine               - Running on OS: Windows 10 version 10.0
06:35:13.400 [JavaFX Application Thread] DEBUG Engine               - Architecture: amd64
06:35:13.400 [JavaFX Application Thread] INFO  Engine               - Source code and latest versions at: https://github.com/AlmasB/FXGL
06:35:13.400 [JavaFX Application Thread] INFO  Engine               -       Ask questions and discuss at: https://github.com/AlmasB/FXGL/discussions
06:35:13.401 [JavaFX Application Thread] INFO  Engine               -              Join the FXGL chat at: https://gitter.im/AlmasB/FXGL
06:35:13.530 [JavaFX Application Thread] DEBUG PrimaryStageWindow   - Creating a JavaFX scene
06:35:13.531 [JavaFX Application Thread] DEBUG PrimaryStageWindow   - Target size > screen size
06:35:13.583 [JavaFX Application Thread] DEBUG PrimaryStageWindow   - Target settings size: 1480.0 x 1020.0
06:35:13.583 [JavaFX Application Thread] DEBUG PrimaryStageWindow   - Scaled scene size:    1185.0 x 833.0
06:35:13.584 [JavaFX Application Thread] DEBUG PrimaryStageWindow   - Scaled ratio: (0.8006756756756757, 0.8166666666666667)
06:35:13.585 [JavaFX Application Thread] DEBUG PrimaryStageWindow   - Set initial scene to FXGLStartupScene
06:35:13.588 [JavaFX Application Thread] DEBUG PrimaryStageWindow   - Opening main window
06:35:13.709 [JavaFX Application Thread] DEBUG PrimaryStageWindow   - Window border size: (15.0, 38.20001220703125)
06:35:13.709 [JavaFX Application Thread] DEBUG PrimaryStageWindow   - Scaled size: 1185.0 x 833.0
06:35:13.709 [JavaFX Application Thread] DEBUG PrimaryStageWindow   - Scaled ratio: (0.8006756756756757, 0.8166666666666667)
06:35:13.709 [JavaFX Application Thread] DEBUG PrimaryStageWindow   - Scene size: 1185.0 x 833.0
06:35:13.710 [JavaFX Application Thread] DEBUG PrimaryStageWindow   - Stage size: 1200.0 x 871.2000122070312
06:35:13.721 [FXGL Background Thread 1 ] DEBUG Engine               - Initializing environment variables
06:35:13.828 [FXGL Background Thread 1 ] DEBUG FXGLAssetLoaderServi - User app class for loading assets: class App3
06:35:13.829 [FXGL Background Thread 1 ] DEBUG GameApplicationServi - Applying CSS: fxgl_dark.css
06:35:13.829 [FXGL Background Thread 1 ] DEBUG FXGLAssetLoaderServi - Loading from file system: jar:file:/C:/Users/Usuario/.m2/repository/com/github/almasb/fxgl/21/fxgl-21.jar!/fxglassets/ui/css/fxgl_dark.css
06:35:13.885 [FXGL Background Thread 1 ] DEBUG GameApplicationServi - Initializing application scenes
06:35:13.943 [FXGL Background Thread 1 ] DEBUG GameWorld            - Game world initialized
06:35:14.047 [FXGL Background Thread 1 ] DEBUG PhysicsWorld         - Physics world initialized: appHeight=1020, physics.ppm=50,0
06:35:14.048 [FXGL Background Thread 1 ] DEBUG PhysicsWorld         - Using strategy: BRUTE_FORCE
06:35:14.054 [FXGL Background Thread 1 ] DEBUG GameScene            - Game scene initialized: 1480x1020
06:35:14.072 [FXGL Background Thread 1 ] DEBUG FXGL.DefaultMenu     - createMenuBodyGameMenu()
06:35:14.091 [FXGL Background Thread 1 ] DEBUG FXGL.DefaultMenu     - createOptionsMenu()
06:35:14.101 [FXGL Background Thread 1 ] DEBUG FXGLAssetLoaderServi - Loading from file system: jar:file:/C:/Users/Usuario/.m2/repository/com/github/almasb/fxgl/21/fxgl-21.jar!/fxglassets/textures/particles/smoke.png
06:35:14.211 [FXGL Background Thread 1 ] DEBUG FXGLAssetLoaderServi - Loading from file system: jar:file:/C:/Users/Usuario/.m2/repository/com/github/almasb/fxgl/21/fxgl-21.jar!/fxglassets/textures/particles/trace_horizontal.png
06:35:14.239 [FXGL Background Thread 1 ] DEBUG GameApplicationServi - Application scenes initialized
06:35:14.252 [FXGL Background Thread 1 ] DEBUG SystemBundleService  - Loading FXGL system data
06:35:14.256 [FXGL Background Thread 1 ] DEBUG FileSystemAccess     - Reading from: F:\Proyectos javafx\javafxgl\demoImageAnim\system\fxgl.bundle
06:35:14.265 [FXGL Background Thread 1 ] DEBUG SystemBundleService  - Bundle FXGL: {}
06:35:14.266 [FXGL Background Thread 1 ] DEBUG UpdaterService       - Checking for updates
06:35:14.270 [FXGL Background Thread 4 ] DEBUG FXGLApplication      - Loading fonts
06:35:14.271 [FXGL Background Thread 4 ] DEBUG FXGLAssetLoaderServi - Loading from file system: jar:file:/C:/Users/Usuario/.m2/repository/com/github/almasb/fxgl/21/fxgl-21.jar!/fxglassets/ui/fonts/VarelaRound-Regular.ttf
06:35:14.273 [FXGL Background Thread 1 ] DEBUG FXGLApplication      - Loading default localization
06:35:14.274 [FXGL Background Thread 1 ] DEBUG FXGLAssetLoaderServi - Loading from file system: jar:file:/C:/Users/Usuario/.m2/repository/com/github/almasb/fxgl/21/fxgl-21.jar!/fxglassets/languages/english.lang
06:35:14.316 [FXGL Background Thread 1 ] INFO  FXGLApplication      - FXGL initialization took: 0,595 sec
06:35:14.317 [FXGL Background Thread 4 ] DEBUG FXGLAssetLoaderServi - Loading from file system: jar:file:/C:/Users/Usuario/.m2/repository/com/github/almasb/fxgl/21/fxgl-21.jar!/fxglassets/ui/fonts/Abel-Regular.ttf
06:35:14.317 [JavaFX Application Thread] DEBUG FXGLAssetLoaderServi - Loading from file system: jar:file:/C:/Users/Usuario/.m2/repository/com/github/almasb/fxgl/21/fxgl-21.jar!/fxglassets/textures/fxgl_icon.png
06:35:14.329 [FXGL Background Thread 4 ] DEBUG FXGLAssetLoaderServi - Loading from file system: jar:file:/C:/Users/Usuario/.m2/repository/com/github/almasb/fxgl/21/fxgl-21.jar!/fxglassets/ui/fonts/TerminalLandMono-Regular.otf
06:35:14.338 [FXGL Background Thread 4 ] DEBUG FXGLAssetLoaderServi - Loading from file system: jar:file:/C:/Users/Usuario/.m2/repository/com/github/almasb/fxgl/21/fxgl-21.jar!/fxglassets/ui/fonts/Courier-Prime.ttf
06:35:14.346 [JavaFX Application Thread] DEBUG FXGLAssetLoaderServi - Loading from file system: jar:file:/C:/Users/Usuario/.m2/repository/com/github/almasb/fxgl/21/fxgl-21.jar!/fxglassets/textures/fxgl_default_cursor.png
06:35:14.363 [JavaFX Application Thread] DEBUG Input                - Registered new binding: Screenshot - CTRL+8
06:35:14.364 [JavaFX Application Thread] DEBUG Input                - Registered new binding: System info dump - CTRL+9
06:35:14.364 [JavaFX Application Thread] DEBUG Input                - Registered new binding: Restart - CTRL+R
06:35:14.365 [JavaFX Application Thread] DEBUG Input                - Registered new binding: Toggle Debug Camera - CTRL+7
06:35:14.369 [JavaFX Application Thread] DEBUG LoopRunner           - Starting loop
06:35:14.369 [JavaFX Application Thread] DEBUG LoopRunner           - Initializing JavaFX AnimationTimerLoop
06:35:14.371 [JavaFX Application Thread] DEBUG GameApplicationServi - Starting new game
06:35:14.372 [JavaFX Application Thread] DEBUG Input                - Clearing active input actions
06:35:14.383 [JavaFX Application Thread] DEBUG GameApplicationServi - Removing overlay from FXGLStartupScene and adding to FXGLLoadingScene
06:35:14.384 [JavaFX Application Thread] DEBUG PrimaryStageWindow   - FXGLStartupScene -> FXGLLoadingScene
06:35:14.384 [JavaFX Application Thread] DEBUG GameApplicationServi - Clearing previous game
06:35:14.384 [JavaFX Application Thread] DEBUG GameScene            - Clearing game scene
06:35:14.384 [JavaFX Application Thread] DEBUG GameWorld            - Clearing game world
06:35:14.384 [JavaFX Application Thread] DEBUG PhysicsWorld         - Clearing physics world
06:35:14.386 [FXGL Background Thread 4 ] DEBUG FXGLApplication      - Initializing game
06:35:14.388 [FXGL Background Thread 4 ] DEBUG FXGLAssetLoaderServi - Loading from file system: file:/F:/Proyectos%20javafx/javafxgl/demoImageAnim/target/classes/assets/textures/sprite_pug.png
06:35:14.470 [FXGL Background Thread 4 ] INFO  FXGLApplication      - Game initialization took: 0,084 sec
06:35:14.528 [JavaFX Application Thread] DEBUG Input                - Clearing active input actions
06:35:14.555 [JavaFX Application Thread] DEBUG GameApplicationServi - Removing overlay from FXGLLoadingScene and adding to GameScene
06:35:14.555 [JavaFX Application Thread] DEBUG PrimaryStageWindow   - FXGLLoadingScene -> GameScene
06:35:17.269 [FXGL Background Thread 3 ] DEBUG Engine               - Logging environment variables
06:35:17.271 [FXGL Background Thread 3 ] DEBUG Engine               - achievements: []
06:35:17.272 [FXGL Background Thread 3 ] DEBUG Engine               - actualHeight: 833.0
06:35:17.272 [FXGL Background Thread 3 ] DEBUG Engine               - actualHeightProperty: ReadOnlyDoubleProperty [value: 833.0]
06:35:17.272 [FXGL Background Thread 3 ] DEBUG Engine               - actualWidth: 1185.0
06:35:17.273 [FXGL Background Thread 3 ] DEBUG Engine               - actualWidthProperty: ReadOnlyDoubleProperty [value: 1185.0]
06:35:17.273 [FXGL Background Thread 3 ] DEBUG Engine               - appIcon: fxgl_icon.png
06:35:17.273 [FXGL Background Thread 3 ] DEBUG Engine               - applicationMode: DEVELOPER
06:35:17.273 [FXGL Background Thread 3 ] DEBUG Engine               - cSSList: [fxgl_dark.css]
06:35:17.273 [FXGL Background Thread 3 ] DEBUG Engine               - collisionDetectionStrategy: BRUTE_FORCE
06:35:17.274 [FXGL Background Thread 3 ] DEBUG Engine               - configClass: Optional.empty
06:35:17.274 [FXGL Background Thread 3 ] DEBUG Engine               - credits: []
06:35:17.275 [FXGL Background Thread 3 ] DEBUG Engine               - defaultCursor: CursorInfo(imageName=fxgl_default_cursor.png, hotspotX=7.0, hotspotY=6.0)
06:35:17.276 [FXGL Background Thread 3 ] DEBUG Engine               - devBBoxColorProperty: ObjectProperty [value: 0xff0000ff]
06:35:17.276 [FXGL Background Thread 3 ] DEBUG Engine               - devEnableDebugCameraProperty: BooleanProperty [value: false]
06:35:17.276 [FXGL Background Thread 3 ] DEBUG Engine               - devSensorColorProperty: ObjectProperty [value: 0xffff00ff]
06:35:17.277 [FXGL Background Thread 3 ] DEBUG Engine               - devShowBBoxProperty: BooleanProperty [value: false]
06:35:17.277 [FXGL Background Thread 3 ] DEBUG Engine               - devShowPositionProperty: BooleanProperty [value: false]
06:35:17.277 [FXGL Background Thread 3 ] DEBUG Engine               - enabledMenuItems: []
06:35:17.277 [FXGL Background Thread 3 ] DEBUG Engine               - engineServices: [class com.almasb.fxgl.app.services.FXGLAssetLoaderService, class com.almasb.fxgl.app.FXGLApplication$GameApplicationService, class com.almasb.fxgl.app.services.FXGLDialogService, class com.almasb.fxgl.app.services.IOTaskExecutorService, class com.almasb.fxgl.io.FileSystemService, class com.almasb.fxgl.localization.LocalizationService, class com.almasb.fxgl.app.services.SystemBundleService, class com.almasb.fxgl.profile.SaveLoadService, class com.almasb.fxgl.ui.FXGLUIFactoryServiceProvider, class com.almasb.fxgl.ui.FXGLDialogFactoryServiceProvider, class com.almasb.fxgl.audio.AudioPlayer, class com.almasb.fxgl.notification.impl.NotificationServiceProvider, class com.almasb.fxgl.achievement.AchievementService, class com.almasb.fxgl.cutscene.CutsceneService, class com.almasb.fxgl.minigames.MiniGameService, class com.almasb.fxgl.net.NetService, class com.almasb.fxgl.app.services.UpdaterService, class com.almasb.fxgl.dev.DevService]
06:35:17.278 [FXGL Background Thread 3 ] DEBUG Engine               - fontGame: Abel-Regular.ttf
06:35:17.278 [FXGL Background Thread 3 ] DEBUG Engine               - fontMono: TerminalLandMono-Regular.otf
06:35:17.278 [FXGL Background Thread 3 ] DEBUG Engine               - fontSizeScaleUI: 1.0
06:35:17.278 [FXGL Background Thread 3 ] DEBUG Engine               - fontText: Courier-Prime.ttf
06:35:17.279 [FXGL Background Thread 3 ] DEBUG Engine               - fontUI: VarelaRound-Regular.ttf
06:35:17.279 [FXGL Background Thread 3 ] DEBUG Engine               - fullScreen: BooleanProperty [value: false]
06:35:17.279 [FXGL Background Thread 3 ] DEBUG Engine               - gameDifficulty: MEDIUM
06:35:17.279 [FXGL Background Thread 3 ] DEBUG Engine               - gameDifficultyProperty: ObjectProperty [value: MEDIUM]
06:35:17.280 [FXGL Background Thread 3 ] DEBUG Engine               - globalMusicVolume: 0.5
06:35:17.280 [FXGL Background Thread 3 ] DEBUG Engine               - globalMusicVolumeProperty: DoubleProperty [value: 0.5]
06:35:17.281 [FXGL Background Thread 3 ] DEBUG Engine               - globalSoundVolume: 0.5
06:35:17.281 [FXGL Background Thread 3 ] DEBUG Engine               - globalSoundVolumeProperty: DoubleProperty [value: 0.5]
06:35:17.281 [FXGL Background Thread 3 ] DEBUG Engine               - height: 1020
06:35:17.282 [FXGL Background Thread 3 ] DEBUG Engine               - is3D: false
06:35:17.282 [FXGL Background Thread 3 ] DEBUG Engine               - isAndroid: false
06:35:17.282 [FXGL Background Thread 3 ] DEBUG Engine               - isBrowser: false
06:35:17.282 [FXGL Background Thread 3 ] DEBUG Engine               - isClickFeedbackEnabled: false
06:35:17.283 [FXGL Background Thread 3 ] DEBUG Engine               - isCloseConfirmation: false
06:35:17.283 [FXGL Background Thread 3 ] DEBUG Engine               - isDesktop: true
06:35:17.283 [FXGL Background Thread 3 ] DEBUG Engine               - isDeveloperMenuEnabled: false
06:35:17.283 [FXGL Background Thread 3 ] DEBUG Engine               - isEmbedded: false
06:35:17.284 [FXGL Background Thread 3 ] DEBUG Engine               - isEntityPreloadEnabled: true
06:35:17.284 [FXGL Background Thread 3 ] DEBUG Engine               - isExperimentalTiledLargeMap: false
06:35:17.284 [FXGL Background Thread 3 ] DEBUG Engine               - isFileSystemWriteAllowed: true
06:35:17.284 [FXGL Background Thread 3 ] DEBUG Engine               - isFullScreenAllowed: false
06:35:17.284 [FXGL Background Thread 3 ] DEBUG Engine               - isFullScreenFromStart: false
06:35:17.285 [FXGL Background Thread 3 ] DEBUG Engine               - isGameMenuEnabled: true
06:35:17.285 [FXGL Background Thread 3 ] DEBUG Engine               - isIOS: false
06:35:17.285 [FXGL Background Thread 3 ] DEBUG Engine               - isIntroEnabled: false
06:35:17.286 [FXGL Background Thread 3 ] DEBUG Engine               - isLinux: false
06:35:17.286 [FXGL Background Thread 3 ] DEBUG Engine               - isMac: false
06:35:17.286 [FXGL Background Thread 3 ] DEBUG Engine               - isMainMenuEnabled: false
06:35:17.286 [FXGL Background Thread 3 ] DEBUG Engine               - isManualResizeEnabled: false
06:35:17.287 [FXGL Background Thread 3 ] DEBUG Engine               - isMobile: false
06:35:17.287 [FXGL Background Thread 3 ] DEBUG Engine               - isNative: false
06:35:17.287 [FXGL Background Thread 3 ] DEBUG Engine               - isPauseMusicWhenMinimized: true
06:35:17.287 [FXGL Background Thread 3 ] DEBUG Engine               - isPreserveResizeRatio: false
06:35:17.288 [FXGL Background Thread 3 ] DEBUG Engine               - isProfilingEnabled: false
06:35:17.288 [FXGL Background Thread 3 ] DEBUG Engine               - isScaleAffectedOnResize: true
06:35:17.288 [FXGL Background Thread 3 ] DEBUG Engine               - isSingleStep: false
06:35:17.289 [FXGL Background Thread 3 ] DEBUG Engine               - isUserProfileEnabled: false
06:35:17.289 [FXGL Background Thread 3 ] DEBUG Engine               - isWindows: true
06:35:17.289 [FXGL Background Thread 3 ] DEBUG Engine               - language: ObjectProperty [value: ENGLISH]
06:35:17.289 [FXGL Background Thread 3 ] DEBUG Engine               - menuKey: ESCAPE
06:35:17.289 [FXGL Background Thread 3 ] DEBUG Engine               - mouseSensitivity: 0.2
06:35:17.290 [FXGL Background Thread 3 ] DEBUG Engine               - notificationViewClass: class com.almasb.fxgl.notification.view.XboxNotificationView
06:35:17.290 [FXGL Background Thread 3 ] DEBUG Engine               - pixelsPerMeter: 50.0
06:35:17.290 [FXGL Background Thread 3 ] DEBUG Engine               - platform: WINDOWS
06:35:17.290 [FXGL Background Thread 3 ] DEBUG Engine               - prefHeightProperty: ReadOnlyDoubleProperty [value: 1020.0]
06:35:17.291 [FXGL Background Thread 3 ] DEBUG Engine               - prefWidthProperty: ReadOnlyDoubleProperty [value: 1480.0]
06:35:17.291 [FXGL Background Thread 3 ] DEBUG Engine               - profileDir: profiles/
06:35:17.291 [FXGL Background Thread 3 ] DEBUG Engine               - profileName: StringProperty [value: DEFAULT]
06:35:17.291 [FXGL Background Thread 3 ] DEBUG Engine               - randomSeed: -1
06:35:17.292 [FXGL Background Thread 3 ] DEBUG Engine               - runtimeInfo: RuntimeInfo(platform=WINDOWS, version=21, build=28.12.2023 13.35)
06:35:17.293 [FXGL Background Thread 3 ] DEBUG Engine               - saveFileExt: sav
06:35:17.293 [FXGL Background Thread 3 ] DEBUG Engine               - scaledHeightProp$fxgl: DoubleProperty [bound, value: 833.0]
06:35:17.293 [FXGL Background Thread 3 ] DEBUG Engine               - scaledWidthProp$fxgl: DoubleProperty [bound, value: 1185.0]
06:35:17.293 [FXGL Background Thread 3 ] DEBUG Engine               - sceneFactory: com.almasb.fxgl.app.scene.SceneFactory@3df65fc7
06:35:17.293 [FXGL Background Thread 3 ] DEBUG Engine               - secondsIn24h: 60
06:35:17.293 [FXGL Background Thread 3 ] DEBUG Engine               - soundMenuBack: menu/back.wav
06:35:17.293 [FXGL Background Thread 3 ] DEBUG Engine               - soundMenuPress: menu/press.wav
06:35:17.293 [FXGL Background Thread 3 ] DEBUG Engine               - soundMenuSelect: menu/select.wav
06:35:17.293 [FXGL Background Thread 3 ] DEBUG Engine               - soundNotification: core/notification.wav
06:35:17.294 [FXGL Background Thread 3 ] DEBUG Engine               - stageStyle: DECORATED
06:35:17.294 [FXGL Background Thread 3 ] DEBUG Engine               - supportedLanguages: [ENGLISH, FRENCH, GERMAN, HUNGARIAN, RUSSIAN]
06:35:17.294 [FXGL Background Thread 3 ] DEBUG Engine               - ticksPerSecond: -1
06:35:17.294 [FXGL Background Thread 3 ] DEBUG Engine               - title: Untitled
06:35:17.294 [FXGL Background Thread 3 ] DEBUG Engine               - urlGithub: https://github.com/AlmasB/FXGL
06:35:17.294 [FXGL Background Thread 3 ] DEBUG Engine               - urlLeaderboard: http://fxgl-top.herokuapp.com/
06:35:17.294 [FXGL Background Thread 3 ] DEBUG Engine               - urlPOM: https://raw.githubusercontent.com/AlmasB/FXGL/release/README.md
06:35:17.294 [FXGL Background Thread 3 ] DEBUG Engine               - userAppClass: class App3
06:35:17.294 [FXGL Background Thread 3 ] DEBUG Engine               - version: 0.0
06:35:17.294 [FXGL Background Thread 3 ] DEBUG Engine               - versionCheckDays: 7
06:35:17.295 [FXGL Background Thread 3 ] DEBUG Engine               - width: 1480
06:35:17.295 [FXGL Background Thread 3 ] DEBUG Engine               - Logging services
06:35:17.295 [FXGL Background Thread 3 ] DEBUG Engine               - class com.almasb.fxgl.app.services.FXGLAssetLoaderService
06:35:17.295 [FXGL Background Thread 3 ] DEBUG Engine               - class com.almasb.fxgl.app.FXGLApplication$GameApplicationService
06:35:17.295 [FXGL Background Thread 3 ] DEBUG Engine               - class com.almasb.fxgl.app.services.FXGLDialogService
06:35:17.295 [FXGL Background Thread 3 ] DEBUG Engine               - class com.almasb.fxgl.app.services.IOTaskExecutorService
06:35:17.296 [FXGL Background Thread 3 ] DEBUG Engine               - class com.almasb.fxgl.io.FileSystemService
06:35:17.296 [FXGL Background Thread 3 ] DEBUG Engine               - class com.almasb.fxgl.localization.LocalizationService
06:35:17.296 [FXGL Background Thread 3 ] DEBUG Engine               - class com.almasb.fxgl.app.services.SystemBundleService
06:35:17.296 [FXGL Background Thread 3 ] DEBUG Engine               - class com.almasb.fxgl.profile.SaveLoadService
06:35:17.296 [FXGL Background Thread 3 ] DEBUG Engine               - class com.almasb.fxgl.ui.FXGLUIFactoryServiceProvider
06:35:17.296 [FXGL Background Thread 3 ] DEBUG Engine               - class com.almasb.fxgl.ui.FXGLDialogFactoryServiceProvider
06:35:17.296 [FXGL Background Thread 3 ] DEBUG Engine               - class com.almasb.fxgl.audio.AudioPlayer
06:35:17.296 [FXGL Background Thread 3 ] DEBUG Engine               - class com.almasb.fxgl.notification.impl.NotificationServiceProvider
06:35:17.296 [FXGL Background Thread 3 ] DEBUG Engine               - class com.almasb.fxgl.achievement.AchievementService
06:35:17.296 [FXGL Background Thread 3 ] DEBUG Engine               - class com.almasb.fxgl.cutscene.CutsceneService
06:35:17.296 [FXGL Background Thread 3 ] DEBUG Engine               - class com.almasb.fxgl.minigames.MiniGameService
06:35:17.297 [FXGL Background Thread 3 ] DEBUG Engine               - class com.almasb.fxgl.net.NetService
06:35:17.297 [FXGL Background Thread 3 ] DEBUG Engine               - class com.almasb.fxgl.app.services.UpdaterService
06:35:17.297 [FXGL Background Thread 3 ] DEBUG Engine               - class com.almasb.fxgl.dev.DevService
06:35:29.359 [JavaFX Application Thread] DEBUG FXGLApplication      - Exiting FXGL
06:35:29.359 [JavaFX Application Thread] DEBUG LoopRunner           - Stopping loop
06:35:29.360 [JavaFX Application Thread] DEBUG SystemBundleService  - Saving FXGL system data
06:35:29.362 [JavaFX Application Thread] DEBUG FileSystemAccess     - Writing to: F:\Proyectos javafx\javafxgl\demoImageAnim\system\fxgl.bundle
06:35:29.364 [JavaFX Application Thread] DEBUG Async                - Shutting down background threads
06:35:29.364 [JavaFX Application Thread] DEBUG PrimaryStageWindow   - Closing main window
06:35:29.385 [JavaFX Application Thread] DEBUG Logger               - Closing Logger
