15:11:24.910 [main                     ] DEBUG Logger               - Configured Logger
15:11:24.937 [main                     ] DEBUG GameApplication      - Logging settings
Title: Untitled
Version: 0.0
Width: 1480
Height: 1020
Fullscreen: false
Intro: false
Profiling: false
Single step:false
App Mode: DEVELOPER
Menu Key: ESCAPE
Stage Style: DECORATED
Scene Factory: class com.almasb.fxgl.app.scene.SceneFactory

15:11:25.356 [JavaFX Application Thread] DEBUG FXGLApplication      - Initializing FXGL
15:11:25.367 [JavaFX Application Thread] INFO  Engine               - FXGL-21 (28.12.2023 13.35) on WINDOWS (J:21.0.1 FX:21.0.1)
15:11:25.368 [JavaFX Application Thread] DEBUG Engine               - JRE Vendor Name: Oracle Corporation
15:11:25.368 [JavaFX Application Thread] DEBUG Engine               - Running on OS: Windows 10 version 10.0
15:11:25.368 [JavaFX Application Thread] DEBUG Engine               - Architecture: amd64
15:11:25.368 [JavaFX Application Thread] INFO  Engine               - Source code and latest versions at: https://github.com/AlmasB/FXGL
15:11:25.368 [JavaFX Application Thread] INFO  Engine               -       Ask questions and discuss at: https://github.com/AlmasB/FXGL/discussions
15:11:25.368 [JavaFX Application Thread] INFO  Engine               -              Join the FXGL chat at: https://gitter.im/AlmasB/FXGL
15:11:25.491 [JavaFX Application Thread] DEBUG PrimaryStageWindow   - Creating a JavaFX scene
15:11:25.492 [JavaFX Application Thread] DEBUG PrimaryStageWindow   - Target size > screen size
15:11:25.545 [JavaFX Application Thread] DEBUG PrimaryStageWindow   - Target settings size: 1480.0 x 1020.0
15:11:25.545 [JavaFX Application Thread] DEBUG PrimaryStageWindow   - Scaled scene size:    1185.0 x 833.0
15:11:25.545 [JavaFX Application Thread] DEBUG PrimaryStageWindow   - Scaled ratio: (0.8006756756756757, 0.8166666666666667)
15:11:25.546 [JavaFX Application Thread] DEBUG PrimaryStageWindow   - Set initial scene to FXGLStartupScene
15:11:25.550 [JavaFX Application Thread] DEBUG PrimaryStageWindow   - Opening main window
15:11:25.669 [JavaFX Application Thread] DEBUG PrimaryStageWindow   - Window border size: (15.0, 38.20001220703125)
15:11:25.669 [JavaFX Application Thread] DEBUG PrimaryStageWindow   - Scaled size: 1185.0 x 833.0
15:11:25.670 [JavaFX Application Thread] DEBUG PrimaryStageWindow   - Scaled ratio: (0.8006756756756757, 0.8166666666666667)
15:11:25.670 [JavaFX Application Thread] DEBUG PrimaryStageWindow   - Scene size: 1185.0 x 833.0
15:11:25.670 [JavaFX Application Thread] DEBUG PrimaryStageWindow   - Stage size: 1200.0 x 871.2000122070312
15:11:25.678 [FXGL Background Thread 1 ] DEBUG Engine               - Initializing environment variables
15:11:25.782 [FXGL Background Thread 1 ] DEBUG FXGLAssetLoaderServi - User app class for loading assets: class App2
15:11:25.783 [FXGL Background Thread 1 ] DEBUG GameApplicationServi - Applying CSS: fxgl_dark.css
15:11:25.785 [FXGL Background Thread 1 ] DEBUG FXGLAssetLoaderServi - Loading from file system: jar:file:/C:/Users/Usuario/.m2/repository/com/github/almasb/fxgl/21/fxgl-21.jar!/fxglassets/ui/css/fxgl_dark.css
15:11:25.839 [FXGL Background Thread 1 ] DEBUG GameApplicationServi - Initializing application scenes
15:11:25.894 [FXGL Background Thread 1 ] DEBUG GameWorld            - Game world initialized
15:11:25.995 [FXGL Background Thread 1 ] DEBUG PhysicsWorld         - Physics world initialized: appHeight=1020, physics.ppm=50,0
15:11:25.996 [FXGL Background Thread 1 ] DEBUG PhysicsWorld         - Using strategy: BRUTE_FORCE
15:11:26.002 [FXGL Background Thread 1 ] DEBUG GameScene            - Game scene initialized: 1480x1020
15:11:26.016 [FXGL Background Thread 1 ] DEBUG FXGL.DefaultMenu     - createMenuBodyGameMenu()
15:11:26.035 [FXGL Background Thread 1 ] DEBUG FXGL.DefaultMenu     - createOptionsMenu()
15:11:26.045 [FXGL Background Thread 1 ] DEBUG FXGLAssetLoaderServi - Loading from file system: jar:file:/C:/Users/Usuario/.m2/repository/com/github/almasb/fxgl/21/fxgl-21.jar!/fxglassets/textures/particles/smoke.png
15:11:26.161 [FXGL Background Thread 1 ] DEBUG FXGLAssetLoaderServi - Loading from file system: jar:file:/C:/Users/Usuario/.m2/repository/com/github/almasb/fxgl/21/fxgl-21.jar!/fxglassets/textures/particles/trace_horizontal.png
15:11:26.192 [FXGL Background Thread 1 ] DEBUG GameApplicationServi - Application scenes initialized
15:11:26.206 [FXGL Background Thread 1 ] DEBUG SystemBundleService  - Loading FXGL system data
15:11:26.209 [FXGL Background Thread 1 ] DEBUG FileSystemAccess     - Reading from: F:\Proyectos javafx\javafxgl\demoImageAnim\system\fxgl.bundle
15:11:26.219 [FXGL Background Thread 1 ] DEBUG SystemBundleService  - Bundle FXGL: {}
15:11:26.219 [FXGL Background Thread 1 ] DEBUG UpdaterService       - Checking for updates
15:11:26.224 [FXGL Background Thread 4 ] DEBUG FXGLApplication      - Loading fonts
15:11:26.224 [FXGL Background Thread 4 ] DEBUG FXGLAssetLoaderServi - Loading from file system: jar:file:/C:/Users/Usuario/.m2/repository/com/github/almasb/fxgl/21/fxgl-21.jar!/fxglassets/ui/fonts/VarelaRound-Regular.ttf
15:11:26.226 [FXGL Background Thread 1 ] DEBUG FXGLApplication      - Loading default localization
15:11:26.227 [FXGL Background Thread 1 ] DEBUG FXGLAssetLoaderServi - Loading from file system: jar:file:/C:/Users/Usuario/.m2/repository/com/github/almasb/fxgl/21/fxgl-21.jar!/fxglassets/languages/english.lang
15:11:26.274 [FXGL Background Thread 1 ] INFO  FXGLApplication      - FXGL initialization took: 0,597 sec
15:11:26.275 [JavaFX Application Thread] DEBUG FXGLAssetLoaderServi - Loading from file system: jar:file:/C:/Users/Usuario/.m2/repository/com/github/almasb/fxgl/21/fxgl-21.jar!/fxglassets/textures/fxgl_icon.png
15:11:26.280 [FXGL Background Thread 4 ] DEBUG FXGLAssetLoaderServi - Loading from file system: jar:file:/C:/Users/Usuario/.m2/repository/com/github/almasb/fxgl/21/fxgl-21.jar!/fxglassets/ui/fonts/Abel-Regular.ttf
15:11:26.292 [FXGL Background Thread 4 ] DEBUG FXGLAssetLoaderServi - Loading from file system: jar:file:/C:/Users/Usuario/.m2/repository/com/github/almasb/fxgl/21/fxgl-21.jar!/fxglassets/ui/fonts/TerminalLandMono-Regular.otf
15:11:26.305 [JavaFX Application Thread] DEBUG FXGLAssetLoaderServi - Loading from file system: jar:file:/C:/Users/Usuario/.m2/repository/com/github/almasb/fxgl/21/fxgl-21.jar!/fxglassets/textures/fxgl_default_cursor.png
15:11:26.305 [FXGL Background Thread 4 ] DEBUG FXGLAssetLoaderServi - Loading from file system: jar:file:/C:/Users/Usuario/.m2/repository/com/github/almasb/fxgl/21/fxgl-21.jar!/fxglassets/ui/fonts/Courier-Prime.ttf
15:11:26.321 [JavaFX Application Thread] DEBUG Input                - Registered new binding: Screenshot - CTRL+8
15:11:26.322 [JavaFX Application Thread] DEBUG Input                - Registered new binding: System info dump - CTRL+9
15:11:26.322 [JavaFX Application Thread] DEBUG Input                - Registered new binding: Restart - CTRL+R
15:11:26.323 [JavaFX Application Thread] DEBUG Input                - Registered new binding: Toggle Debug Camera - CTRL+7
15:11:26.326 [JavaFX Application Thread] DEBUG LoopRunner           - Starting loop
15:11:26.326 [JavaFX Application Thread] DEBUG LoopRunner           - Initializing JavaFX AnimationTimerLoop
15:11:26.328 [JavaFX Application Thread] DEBUG GameApplicationServi - Starting new game
15:11:26.329 [JavaFX Application Thread] DEBUG Input                - Clearing active input actions
15:11:26.344 [JavaFX Application Thread] DEBUG GameApplicationServi - Removing overlay from FXGLStartupScene and adding to FXGLLoadingScene
15:11:26.345 [JavaFX Application Thread] DEBUG PrimaryStageWindow   - FXGLStartupScene -> FXGLLoadingScene
15:11:26.345 [JavaFX Application Thread] DEBUG GameApplicationServi - Clearing previous game
15:11:26.345 [JavaFX Application Thread] DEBUG GameScene            - Clearing game scene
15:11:26.345 [JavaFX Application Thread] DEBUG GameWorld            - Clearing game world
15:11:26.345 [JavaFX Application Thread] DEBUG PhysicsWorld         - Clearing physics world
15:11:26.347 [JavaFX Application Thread] DEBUG FXGLApplication      - Registering font factories with UI factory
15:11:26.347 [FXGL Background Thread 4 ] DEBUG FXGLApplication      - Initializing game
15:11:26.351 [FXGL Background Thread 4 ] DEBUG FXGLAssetLoaderServi - Loading from file system: file:/F:/Proyectos%20javafx/javafxgl/demoImageAnim/target/classes/assets/textures/robot_roll.png
15:11:26.557 [FXGL Background Thread 4 ] DEBUG FXGLAssetLoaderServi - Loading from file system: file:/F:/Proyectos%20javafx/javafxgl/demoImageAnim/target/classes/assets/textures/robot_death.png
15:11:26.705 [FXGL Background Thread 4 ] INFO  FXGLApplication      - Game initialization took: 0,357 sec
15:11:26.705 [JavaFX Application Thread] DEBUG Input                - Clearing active input actions
15:11:26.726 [JavaFX Application Thread] DEBUG GameApplicationServi - Removing overlay from FXGLLoadingScene and adding to GameScene
15:11:26.727 [JavaFX Application Thread] DEBUG PrimaryStageWindow   - FXGLLoadingScene -> GameScene
15:11:29.223 [FXGL Background Thread 3 ] DEBUG Engine               - Logging environment variables
15:11:29.225 [FXGL Background Thread 3 ] DEBUG Engine               - achievements: []
15:11:29.226 [FXGL Background Thread 3 ] DEBUG Engine               - actualHeight: 833.0
15:11:29.226 [FXGL Background Thread 3 ] DEBUG Engine               - actualHeightProperty: ReadOnlyDoubleProperty [value: 833.0]
15:11:29.227 [FXGL Background Thread 3 ] DEBUG Engine               - actualWidth: 1185.0
15:11:29.227 [FXGL Background Thread 3 ] DEBUG Engine               - actualWidthProperty: ReadOnlyDoubleProperty [value: 1185.0]
15:11:29.227 [FXGL Background Thread 3 ] DEBUG Engine               - appIcon: fxgl_icon.png
15:11:29.227 [FXGL Background Thread 3 ] DEBUG Engine               - applicationMode: DEVELOPER
15:11:29.228 [FXGL Background Thread 3 ] DEBUG Engine               - cSSList: [fxgl_dark.css]
15:11:29.228 [FXGL Background Thread 3 ] DEBUG Engine               - collisionDetectionStrategy: BRUTE_FORCE
15:11:29.228 [FXGL Background Thread 3 ] DEBUG Engine               - configClass: Optional.empty
15:11:29.228 [FXGL Background Thread 3 ] DEBUG Engine               - credits: []
15:11:29.229 [FXGL Background Thread 3 ] DEBUG Engine               - defaultCursor: CursorInfo(imageName=fxgl_default_cursor.png, hotspotX=7.0, hotspotY=6.0)
15:11:29.230 [FXGL Background Thread 3 ] DEBUG Engine               - devBBoxColorProperty: ObjectProperty [value: 0xff0000ff]
15:11:29.230 [FXGL Background Thread 3 ] DEBUG Engine               - devEnableDebugCameraProperty: BooleanProperty [value: false]
15:11:29.231 [FXGL Background Thread 3 ] DEBUG Engine               - devSensorColorProperty: ObjectProperty [value: 0xffff00ff]
15:11:29.231 [FXGL Background Thread 3 ] DEBUG Engine               - devShowBBoxProperty: BooleanProperty [value: false]
15:11:29.231 [FXGL Background Thread 3 ] DEBUG Engine               - devShowPositionProperty: BooleanProperty [value: false]
15:11:29.232 [FXGL Background Thread 3 ] DEBUG Engine               - enabledMenuItems: []
15:11:29.232 [FXGL Background Thread 3 ] DEBUG Engine               - engineServices: [class com.almasb.fxgl.app.services.FXGLAssetLoaderService, class com.almasb.fxgl.app.FXGLApplication$GameApplicationService, class com.almasb.fxgl.app.services.FXGLDialogService, class com.almasb.fxgl.app.services.IOTaskExecutorService, class com.almasb.fxgl.io.FileSystemService, class com.almasb.fxgl.localization.LocalizationService, class com.almasb.fxgl.app.services.SystemBundleService, class com.almasb.fxgl.profile.SaveLoadService, class com.almasb.fxgl.ui.FXGLUIFactoryServiceProvider, class com.almasb.fxgl.ui.FXGLDialogFactoryServiceProvider, class com.almasb.fxgl.audio.AudioPlayer, class com.almasb.fxgl.notification.impl.NotificationServiceProvider, class com.almasb.fxgl.achievement.AchievementService, class com.almasb.fxgl.cutscene.CutsceneService, class com.almasb.fxgl.minigames.MiniGameService, class com.almasb.fxgl.net.NetService, class com.almasb.fxgl.app.services.UpdaterService, class com.almasb.fxgl.dev.DevService]
15:11:29.232 [FXGL Background Thread 3 ] DEBUG Engine               - fontGame: Abel-Regular.ttf
15:11:29.232 [FXGL Background Thread 3 ] DEBUG Engine               - fontMono: TerminalLandMono-Regular.otf
15:11:29.233 [FXGL Background Thread 3 ] DEBUG Engine               - fontSizeScaleUI: 1.0
15:11:29.233 [FXGL Background Thread 3 ] DEBUG Engine               - fontText: Courier-Prime.ttf
15:11:29.233 [FXGL Background Thread 3 ] DEBUG Engine               - fontUI: VarelaRound-Regular.ttf
15:11:29.233 [FXGL Background Thread 3 ] DEBUG Engine               - fullScreen: BooleanProperty [value: false]
15:11:29.234 [FXGL Background Thread 3 ] DEBUG Engine               - gameDifficulty: MEDIUM
15:11:29.234 [FXGL Background Thread 3 ] DEBUG Engine               - gameDifficultyProperty: ObjectProperty [value: MEDIUM]
15:11:29.234 [FXGL Background Thread 3 ] DEBUG Engine               - globalMusicVolume: 0.5
15:11:29.235 [FXGL Background Thread 3 ] DEBUG Engine               - globalMusicVolumeProperty: DoubleProperty [value: 0.5]
15:11:29.235 [FXGL Background Thread 3 ] DEBUG Engine               - globalSoundVolume: 0.5
15:11:29.236 [FXGL Background Thread 3 ] DEBUG Engine               - globalSoundVolumeProperty: DoubleProperty [value: 0.5]
15:11:29.236 [FXGL Background Thread 3 ] DEBUG Engine               - height: 1020
15:11:29.237 [FXGL Background Thread 3 ] DEBUG Engine               - is3D: false
15:11:29.237 [FXGL Background Thread 3 ] DEBUG Engine               - isAndroid: false
15:11:29.237 [FXGL Background Thread 3 ] DEBUG Engine               - isBrowser: false
15:11:29.237 [FXGL Background Thread 3 ] DEBUG Engine               - isClickFeedbackEnabled: false
15:11:29.238 [FXGL Background Thread 3 ] DEBUG Engine               - isCloseConfirmation: false
15:11:29.238 [FXGL Background Thread 3 ] DEBUG Engine               - isDesktop: true
15:11:29.238 [FXGL Background Thread 3 ] DEBUG Engine               - isDeveloperMenuEnabled: false
15:11:29.238 [FXGL Background Thread 3 ] DEBUG Engine               - isEmbedded: false
15:11:29.239 [FXGL Background Thread 3 ] DEBUG Engine               - isEntityPreloadEnabled: true
15:11:29.239 [FXGL Background Thread 3 ] DEBUG Engine               - isExperimentalTiledLargeMap: false
15:11:29.239 [FXGL Background Thread 3 ] DEBUG Engine               - isFileSystemWriteAllowed: true
15:11:29.239 [FXGL Background Thread 3 ] DEBUG Engine               - isFullScreenAllowed: false
15:11:29.240 [FXGL Background Thread 3 ] DEBUG Engine               - isFullScreenFromStart: false
15:11:29.240 [FXGL Background Thread 3 ] DEBUG Engine               - isGameMenuEnabled: true
15:11:29.240 [FXGL Background Thread 3 ] DEBUG Engine               - isIOS: false
15:11:29.240 [FXGL Background Thread 3 ] DEBUG Engine               - isIntroEnabled: false
15:11:29.241 [FXGL Background Thread 3 ] DEBUG Engine               - isLinux: false
15:11:29.241 [FXGL Background Thread 3 ] DEBUG Engine               - isMac: false
15:11:29.241 [FXGL Background Thread 3 ] DEBUG Engine               - isMainMenuEnabled: false
15:11:29.241 [FXGL Background Thread 3 ] DEBUG Engine               - isManualResizeEnabled: false
15:11:29.242 [FXGL Background Thread 3 ] DEBUG Engine               - isMobile: false
15:11:29.242 [FXGL Background Thread 3 ] DEBUG Engine               - isNative: false
15:11:29.242 [FXGL Background Thread 3 ] DEBUG Engine               - isPauseMusicWhenMinimized: true
15:11:29.243 [FXGL Background Thread 3 ] DEBUG Engine               - isPreserveResizeRatio: false
15:11:29.243 [FXGL Background Thread 3 ] DEBUG Engine               - isProfilingEnabled: false
15:11:29.243 [FXGL Background Thread 3 ] DEBUG Engine               - isScaleAffectedOnResize: true
15:11:29.243 [FXGL Background Thread 3 ] DEBUG Engine               - isSingleStep: false
15:11:29.243 [FXGL Background Thread 3 ] DEBUG Engine               - isUserProfileEnabled: false
15:11:29.244 [FXGL Background Thread 3 ] DEBUG Engine               - isWindows: true
15:11:29.244 [FXGL Background Thread 3 ] DEBUG Engine               - language: ObjectProperty [value: ENGLISH]
15:11:29.244 [FXGL Background Thread 3 ] DEBUG Engine               - menuKey: ESCAPE
15:11:29.244 [FXGL Background Thread 3 ] DEBUG Engine               - mouseSensitivity: 0.2
15:11:29.244 [FXGL Background Thread 3 ] DEBUG Engine               - notificationViewClass: class com.almasb.fxgl.notification.view.XboxNotificationView
15:11:29.244 [FXGL Background Thread 3 ] DEBUG Engine               - pixelsPerMeter: 50.0
15:11:29.244 [FXGL Background Thread 3 ] DEBUG Engine               - platform: WINDOWS
15:11:29.244 [FXGL Background Thread 3 ] DEBUG Engine               - prefHeightProperty: ReadOnlyDoubleProperty [value: 1020.0]
15:11:29.245 [FXGL Background Thread 3 ] DEBUG Engine               - prefWidthProperty: ReadOnlyDoubleProperty [value: 1480.0]
15:11:29.245 [FXGL Background Thread 3 ] DEBUG Engine               - profileDir: profiles/
15:11:29.245 [FXGL Background Thread 3 ] DEBUG Engine               - profileName: StringProperty [value: DEFAULT]
15:11:29.245 [FXGL Background Thread 3 ] DEBUG Engine               - randomSeed: -1
15:11:29.246 [FXGL Background Thread 3 ] DEBUG Engine               - runtimeInfo: RuntimeInfo(platform=WINDOWS, version=21, build=28.12.2023 13.35)
15:11:29.246 [FXGL Background Thread 3 ] DEBUG Engine               - saveFileExt: sav
15:11:29.246 [FXGL Background Thread 3 ] DEBUG Engine               - scaledHeightProp$fxgl: DoubleProperty [bound, value: 833.0]
15:11:29.246 [FXGL Background Thread 3 ] DEBUG Engine               - scaledWidthProp$fxgl: DoubleProperty [bound, value: 1185.0]
15:11:29.246 [FXGL Background Thread 3 ] DEBUG Engine               - sceneFactory: com.almasb.fxgl.app.scene.SceneFactory@508176e8
15:11:29.246 [FXGL Background Thread 3 ] DEBUG Engine               - secondsIn24h: 60
15:11:29.246 [FXGL Background Thread 3 ] DEBUG Engine               - soundMenuBack: menu/back.wav
15:11:29.247 [FXGL Background Thread 3 ] DEBUG Engine               - soundMenuPress: menu/press.wav
15:11:29.247 [FXGL Background Thread 3 ] DEBUG Engine               - soundMenuSelect: menu/select.wav
15:11:29.247 [FXGL Background Thread 3 ] DEBUG Engine               - soundNotification: core/notification.wav
15:11:29.247 [FXGL Background Thread 3 ] DEBUG Engine               - stageStyle: DECORATED
15:11:29.247 [FXGL Background Thread 3 ] DEBUG Engine               - supportedLanguages: [ENGLISH, FRENCH, GERMAN, HUNGARIAN, RUSSIAN]
15:11:29.247 [FXGL Background Thread 3 ] DEBUG Engine               - ticksPerSecond: -1
15:11:29.247 [FXGL Background Thread 3 ] DEBUG Engine               - title: Untitled
15:11:29.247 [FXGL Background Thread 3 ] DEBUG Engine               - urlGithub: https://github.com/AlmasB/FXGL
15:11:29.247 [FXGL Background Thread 3 ] DEBUG Engine               - urlLeaderboard: http://fxgl-top.herokuapp.com/
15:11:29.248 [FXGL Background Thread 3 ] DEBUG Engine               - urlPOM: https://raw.githubusercontent.com/AlmasB/FXGL/release/README.md
15:11:29.248 [FXGL Background Thread 3 ] DEBUG Engine               - userAppClass: class App2
15:11:29.248 [FXGL Background Thread 3 ] DEBUG Engine               - version: 0.0
15:11:29.248 [FXGL Background Thread 3 ] DEBUG Engine               - versionCheckDays: 7
15:11:29.248 [FXGL Background Thread 3 ] DEBUG Engine               - width: 1480
15:11:29.248 [FXGL Background Thread 3 ] DEBUG Engine               - Logging services
15:11:29.248 [FXGL Background Thread 3 ] DEBUG Engine               - class com.almasb.fxgl.app.services.FXGLAssetLoaderService
15:11:29.249 [FXGL Background Thread 3 ] DEBUG Engine               - class com.almasb.fxgl.app.FXGLApplication$GameApplicationService
15:11:29.249 [FXGL Background Thread 3 ] DEBUG Engine               - class com.almasb.fxgl.app.services.FXGLDialogService
15:11:29.249 [FXGL Background Thread 3 ] DEBUG Engine               - class com.almasb.fxgl.app.services.IOTaskExecutorService
15:11:29.249 [FXGL Background Thread 3 ] DEBUG Engine               - class com.almasb.fxgl.io.FileSystemService
15:11:29.249 [FXGL Background Thread 3 ] DEBUG Engine               - class com.almasb.fxgl.localization.LocalizationService
15:11:29.249 [FXGL Background Thread 3 ] DEBUG Engine               - class com.almasb.fxgl.app.services.SystemBundleService
15:11:29.249 [FXGL Background Thread 3 ] DEBUG Engine               - class com.almasb.fxgl.profile.SaveLoadService
15:11:29.249 [FXGL Background Thread 3 ] DEBUG Engine               - class com.almasb.fxgl.ui.FXGLUIFactoryServiceProvider
15:11:29.249 [FXGL Background Thread 3 ] DEBUG Engine               - class com.almasb.fxgl.ui.FXGLDialogFactoryServiceProvider
15:11:29.249 [FXGL Background Thread 3 ] DEBUG Engine               - class com.almasb.fxgl.audio.AudioPlayer
15:11:29.250 [FXGL Background Thread 3 ] DEBUG Engine               - class com.almasb.fxgl.notification.impl.NotificationServiceProvider
15:11:29.250 [FXGL Background Thread 3 ] DEBUG Engine               - class com.almasb.fxgl.achievement.AchievementService
15:11:29.250 [FXGL Background Thread 3 ] DEBUG Engine               - class com.almasb.fxgl.cutscene.CutsceneService
15:11:29.250 [FXGL Background Thread 3 ] DEBUG Engine               - class com.almasb.fxgl.minigames.MiniGameService
15:11:29.250 [FXGL Background Thread 3 ] DEBUG Engine               - class com.almasb.fxgl.net.NetService
15:11:29.250 [FXGL Background Thread 3 ] DEBUG Engine               - class com.almasb.fxgl.app.services.UpdaterService
15:11:29.250 [FXGL Background Thread 3 ] DEBUG Engine               - class com.almasb.fxgl.dev.DevService
15:11:41.157 [JavaFX Application Thread] DEBUG FXGLApplication      - Exiting FXGL
15:11:41.157 [JavaFX Application Thread] DEBUG LoopRunner           - Stopping loop
15:11:41.157 [JavaFX Application Thread] DEBUG SystemBundleService  - Saving FXGL system data
15:11:41.159 [JavaFX Application Thread] DEBUG FileSystemAccess     - Writing to: F:\Proyectos javafx\javafxgl\demoImageAnim\system\fxgl.bundle
15:11:41.161 [JavaFX Application Thread] DEBUG Async                - Shutting down background threads
15:11:41.161 [JavaFX Application Thread] DEBUG PrimaryStageWindow   - Closing main window
15:11:41.181 [JavaFX Application Thread] DEBUG Logger               - Closing Logger
