17:26:19.903 [main                     ] DEBUG Logger               - Configured Logger
17:26:19.932 [main                     ] DEBUG GameApplication      - Logging settings
Title: Untitled
Version: 0.0
Width: 1480
Height: 1020
Fullscreen: false
Intro: false
Profiling: false
Single step:false
App Mode: DEVELOPER
Menu Key: ESCAPE
Stage Style: DECORATED
Scene Factory: class com.almasb.fxgl.app.scene.SceneFactory

17:26:20.302 [JavaFX Application Thread] DEBUG FXGLApplication      - Initializing FXGL
17:26:20.306 [JavaFX Application Thread] INFO  Engine               - FXGL-21 (28.12.2023 13.35) on WINDOWS (J:21.0.1 FX:21.0.1)
17:26:20.306 [JavaFX Application Thread] DEBUG Engine               - JRE Vendor Name: Oracle Corporation
17:26:20.306 [JavaFX Application Thread] DEBUG Engine               - Running on OS: Windows 10 version 10.0
17:26:20.307 [JavaFX Application Thread] DEBUG Engine               - Architecture: amd64
17:26:20.307 [JavaFX Application Thread] INFO  Engine               - Source code and latest versions at: https://github.com/AlmasB/FXGL
17:26:20.307 [JavaFX Application Thread] INFO  Engine               -       Ask questions and discuss at: https://github.com/AlmasB/FXGL/discussions
17:26:20.307 [JavaFX Application Thread] INFO  Engine               -              Join the FXGL chat at: https://gitter.im/AlmasB/FXGL
17:26:20.436 [JavaFX Application Thread] DEBUG PrimaryStageWindow   - Creating a JavaFX scene
17:26:20.436 [JavaFX Application Thread] DEBUG PrimaryStageWindow   - Target size > screen size
17:26:20.491 [JavaFX Application Thread] DEBUG PrimaryStageWindow   - Target settings size: 1480.0 x 1020.0
17:26:20.492 [JavaFX Application Thread] DEBUG PrimaryStageWindow   - Scaled scene size:    1185.0 x 833.0
17:26:20.492 [JavaFX Application Thread] DEBUG PrimaryStageWindow   - Scaled ratio: (0.8006756756756757, 0.8166666666666667)
17:26:20.493 [JavaFX Application Thread] DEBUG PrimaryStageWindow   - Set initial scene to FXGLStartupScene
17:26:20.497 [JavaFX Application Thread] DEBUG PrimaryStageWindow   - Opening main window
17:26:20.606 [JavaFX Application Thread] DEBUG PrimaryStageWindow   - Window border size: (15.0, 38.20001220703125)
17:26:20.607 [JavaFX Application Thread] DEBUG PrimaryStageWindow   - Scaled size: 1185.0 x 833.0
17:26:20.607 [JavaFX Application Thread] DEBUG PrimaryStageWindow   - Scaled ratio: (0.8006756756756757, 0.8166666666666667)
17:26:20.607 [JavaFX Application Thread] DEBUG PrimaryStageWindow   - Scene size: 1185.0 x 833.0
17:26:20.607 [JavaFX Application Thread] DEBUG PrimaryStageWindow   - Stage size: 1200.0 x 871.2000122070312
17:26:20.618 [FXGL Background Thread 1 ] DEBUG Engine               - Initializing environment variables
17:26:20.755 [FXGL Background Thread 1 ] DEBUG FXGLAssetLoaderServi - User app class for loading assets: class App2
17:26:20.755 [FXGL Background Thread 1 ] DEBUG GameApplicationServi - Applying CSS: fxgl_dark.css
17:26:20.757 [FXGL Background Thread 1 ] DEBUG FXGLAssetLoaderServi - Loading from file system: jar:file:/C:/Users/Usuario/.m2/repository/com/github/almasb/fxgl/21/fxgl-21.jar!/fxglassets/ui/css/fxgl_dark.css
17:26:20.819 [FXGL Background Thread 1 ] DEBUG GameApplicationServi - Initializing application scenes
17:26:20.872 [FXGL Background Thread 1 ] DEBUG GameWorld            - Game world initialized
17:26:20.964 [FXGL Background Thread 1 ] DEBUG PhysicsWorld         - Physics world initialized: appHeight=1020, physics.ppm=50,0
17:26:20.964 [FXGL Background Thread 1 ] DEBUG PhysicsWorld         - Using strategy: BRUTE_FORCE
17:26:20.970 [FXGL Background Thread 1 ] DEBUG GameScene            - Game scene initialized: 1480x1020
17:26:20.986 [FXGL Background Thread 1 ] DEBUG FXGL.DefaultMenu     - createMenuBodyGameMenu()
17:26:21.004 [FXGL Background Thread 1 ] DEBUG FXGL.DefaultMenu     - createOptionsMenu()
17:26:21.012 [FXGL Background Thread 1 ] DEBUG FXGLAssetLoaderServi - Loading from file system: jar:file:/C:/Users/Usuario/.m2/repository/com/github/almasb/fxgl/21/fxgl-21.jar!/fxglassets/textures/particles/smoke.png
17:26:21.131 [FXGL Background Thread 1 ] DEBUG FXGLAssetLoaderServi - Loading from file system: jar:file:/C:/Users/Usuario/.m2/repository/com/github/almasb/fxgl/21/fxgl-21.jar!/fxglassets/textures/particles/trace_horizontal.png
17:26:21.167 [FXGL Background Thread 1 ] DEBUG GameApplicationServi - Application scenes initialized
17:26:21.182 [FXGL Background Thread 1 ] DEBUG SystemBundleService  - Loading FXGL system data
17:26:21.186 [FXGL Background Thread 1 ] DEBUG FileSystemAccess     - Reading from: F:\Proyectos javafx\javafxgl\demoImageAnim\system\fxgl.bundle
17:26:21.195 [FXGL Background Thread 1 ] DEBUG SystemBundleService  - Bundle FXGL: {}
17:26:21.195 [FXGL Background Thread 1 ] DEBUG UpdaterService       - Checking for updates
17:26:21.199 [FXGL Background Thread 4 ] DEBUG FXGLApplication      - Loading fonts
17:26:21.200 [FXGL Background Thread 4 ] DEBUG FXGLAssetLoaderServi - Loading from file system: jar:file:/C:/Users/Usuario/.m2/repository/com/github/almasb/fxgl/21/fxgl-21.jar!/fxglassets/ui/fonts/VarelaRound-Regular.ttf
17:26:21.201 [FXGL Background Thread 1 ] DEBUG FXGLApplication      - Loading default localization
17:26:21.202 [FXGL Background Thread 1 ] DEBUG FXGLAssetLoaderServi - Loading from file system: jar:file:/C:/Users/Usuario/.m2/repository/com/github/almasb/fxgl/21/fxgl-21.jar!/fxglassets/languages/english.lang
17:26:21.242 [FXGL Background Thread 1 ] INFO  FXGLApplication      - FXGL initialization took: 0,623 sec
17:26:21.243 [JavaFX Application Thread] DEBUG FXGLAssetLoaderServi - Loading from file system: jar:file:/C:/Users/Usuario/.m2/repository/com/github/almasb/fxgl/21/fxgl-21.jar!/fxglassets/textures/fxgl_icon.png
17:26:21.247 [FXGL Background Thread 4 ] DEBUG FXGLAssetLoaderServi - Loading from file system: jar:file:/C:/Users/Usuario/.m2/repository/com/github/almasb/fxgl/21/fxgl-21.jar!/fxglassets/ui/fonts/Abel-Regular.ttf
17:26:21.259 [FXGL Background Thread 4 ] DEBUG FXGLAssetLoaderServi - Loading from file system: jar:file:/C:/Users/Usuario/.m2/repository/com/github/almasb/fxgl/21/fxgl-21.jar!/fxglassets/ui/fonts/TerminalLandMono-Regular.otf
17:26:21.268 [FXGL Background Thread 4 ] DEBUG FXGLAssetLoaderServi - Loading from file system: jar:file:/C:/Users/Usuario/.m2/repository/com/github/almasb/fxgl/21/fxgl-21.jar!/fxglassets/ui/fonts/Courier-Prime.ttf
17:26:21.277 [JavaFX Application Thread] DEBUG FXGLAssetLoaderServi - Loading from file system: jar:file:/C:/Users/Usuario/.m2/repository/com/github/almasb/fxgl/21/fxgl-21.jar!/fxglassets/textures/fxgl_default_cursor.png
17:26:21.293 [JavaFX Application Thread] DEBUG Input                - Registered new binding: Screenshot - CTRL+8
17:26:21.294 [JavaFX Application Thread] DEBUG Input                - Registered new binding: System info dump - CTRL+9
17:26:21.294 [JavaFX Application Thread] DEBUG Input                - Registered new binding: Restart - CTRL+R
17:26:21.295 [JavaFX Application Thread] DEBUG Input                - Registered new binding: Toggle Debug Camera - CTRL+7
17:26:21.298 [JavaFX Application Thread] DEBUG LoopRunner           - Starting loop
17:26:21.298 [JavaFX Application Thread] DEBUG LoopRunner           - Initializing JavaFX AnimationTimerLoop
17:26:21.299 [JavaFX Application Thread] DEBUG GameApplicationServi - Starting new game
17:26:21.300 [JavaFX Application Thread] DEBUG Input                - Clearing active input actions
17:26:21.312 [JavaFX Application Thread] DEBUG GameApplicationServi - Removing overlay from FXGLStartupScene and adding to FXGLLoadingScene
17:26:21.312 [JavaFX Application Thread] DEBUG PrimaryStageWindow   - FXGLStartupScene -> FXGLLoadingScene
17:26:21.312 [JavaFX Application Thread] DEBUG GameApplicationServi - Clearing previous game
17:26:21.312 [JavaFX Application Thread] DEBUG GameScene            - Clearing game scene
17:26:21.312 [JavaFX Application Thread] DEBUG GameWorld            - Clearing game world
17:26:21.313 [JavaFX Application Thread] DEBUG PhysicsWorld         - Clearing physics world
17:26:21.314 [FXGL Background Thread 4 ] DEBUG FXGLApplication      - Initializing game
17:26:21.319 [FXGL Background Thread 4 ] DEBUG FXGLAssetLoaderServi - Loading from file system: file:/F:/Proyectos%20javafx/javafxgl/demoImageAnim/target/classes/assets/textures/robot_roll.png
17:26:21.538 [FXGL Background Thread 4 ] DEBUG FXGLAssetLoaderServi - Loading from file system: file:/F:/Proyectos%20javafx/javafxgl/demoImageAnim/target/classes/assets/textures/robot_death.png
17:26:21.692 [FXGL Background Thread 4 ] INFO  FXGLApplication      - Game initialization took: 0,378 sec
17:26:21.693 [JavaFX Application Thread] DEBUG Input                - Clearing active input actions
17:26:21.721 [JavaFX Application Thread] DEBUG GameApplicationServi - Removing overlay from FXGLLoadingScene and adding to GameScene
17:26:21.722 [JavaFX Application Thread] DEBUG PrimaryStageWindow   - FXGLLoadingScene -> GameScene
17:26:22.723 [JavaFX Application Thread] DEBUG FXGLApplication      - Exiting FXGL
17:26:22.723 [JavaFX Application Thread] DEBUG LoopRunner           - Stopping loop
17:26:22.723 [JavaFX Application Thread] DEBUG SystemBundleService  - Saving FXGL system data
17:26:22.725 [JavaFX Application Thread] DEBUG FileSystemAccess     - Writing to: F:\Proyectos javafx\javafxgl\demoImageAnim\system\fxgl.bundle
17:26:22.727 [JavaFX Application Thread] DEBUG Async                - Shutting down background threads
17:26:22.728 [JavaFX Application Thread] DEBUG PrimaryStageWindow   - Closing main window
17:26:22.742 [JavaFX Application Thread] DEBUG Logger               - Closing Logger
