08:41:07.997 [main                     ] DEBUG Logger               - Configured Logger
08:41:08.021 [main                     ] DEBUG GameApplication      - Logging settings
Title: Untitled
Version: 0.0
Width: 600
Height: 600
Fullscreen: false
Intro: false
Profiling: false
Single step:false
App Mode: DEVELOPER
Menu Key: ESCAPE
Stage Style: DECORATED
Scene Factory: class com.almasb.fxgl.app.scene.SceneFactory

08:41:08.382 [JavaFX Application Thread] DEBUG FXGLApplication      - Initializing FXGL
08:41:08.386 [JavaFX Application Thread] INFO  Engine               - FXGL-21 (28.12.2023 13.35) on WINDOWS (J:21.0.1 FX:21.0.1)
08:41:08.387 [JavaFX Application Thread] DEBUG Engine               - JRE Vendor Name: Oracle Corporation
08:41:08.387 [JavaFX Application Thread] DEBUG Engine               - Running on OS: Windows 10 version 10.0
08:41:08.387 [JavaFX Application Thread] DEBUG Engine               - Architecture: amd64
08:41:08.387 [JavaFX Application Thread] INFO  Engine               - Source code and latest versions at: https://github.com/AlmasB/FXGL
08:41:08.388 [JavaFX Application Thread] INFO  Engine               -       Ask questions and discuss at: https://github.com/AlmasB/FXGL/discussions
08:41:08.388 [JavaFX Application Thread] INFO  Engine               -              Join the FXGL chat at: https://gitter.im/AlmasB/FXGL
08:41:08.517 [JavaFX Application Thread] DEBUG PrimaryStageWindow   - Creating a JavaFX scene
08:41:08.572 [JavaFX Application Thread] DEBUG PrimaryStageWindow   - Target settings size: 600.0 x 600.0
08:41:08.573 [JavaFX Application Thread] DEBUG PrimaryStageWindow   - Scaled scene size:    600.0 x 600.0
08:41:08.573 [JavaFX Application Thread] DEBUG PrimaryStageWindow   - Scaled ratio: (1.0, 1.0)
08:41:08.574 [JavaFX Application Thread] DEBUG PrimaryStageWindow   - Set initial scene to FXGLStartupScene
08:41:08.578 [JavaFX Application Thread] DEBUG PrimaryStageWindow   - Opening main window
08:41:08.687 [JavaFX Application Thread] DEBUG PrimaryStageWindow   - Window border size: (14.4000244140625, 37.5999755859375)
08:41:08.687 [JavaFX Application Thread] DEBUG PrimaryStageWindow   - Scaled size: 600.0 x 600.0
08:41:08.688 [JavaFX Application Thread] DEBUG PrimaryStageWindow   - Scaled ratio: (1.0, 1.0)
08:41:08.688 [JavaFX Application Thread] DEBUG PrimaryStageWindow   - Scene size: 600.0 x 600.0
08:41:08.689 [JavaFX Application Thread] DEBUG PrimaryStageWindow   - Stage size: 614.4000244140625 x 637.5999755859375
08:41:08.699 [FXGL Background Thread 1 ] DEBUG Engine               - Initializing environment variables
08:41:08.792 [FXGL Background Thread 1 ] DEBUG FXGLAssetLoaderServi - User app class for loading assets: class App3
08:41:08.793 [FXGL Background Thread 1 ] DEBUG GameApplicationServi - Applying CSS: fxgl_dark.css
08:41:08.795 [FXGL Background Thread 1 ] DEBUG FXGLAssetLoaderServi - Loading from file system: jar:file:/C:/Users/Usuario/.m2/repository/com/github/almasb/fxgl/21/fxgl-21.jar!/fxglassets/ui/css/fxgl_dark.css
08:41:08.847 [FXGL Background Thread 1 ] DEBUG GameApplicationServi - Initializing application scenes
08:41:08.899 [FXGL Background Thread 1 ] DEBUG GameWorld            - Game world initialized
08:41:08.985 [FXGL Background Thread 1 ] DEBUG PhysicsWorld         - Physics world initialized: appHeight=600, physics.ppm=50,0
08:41:08.985 [FXGL Background Thread 1 ] DEBUG PhysicsWorld         - Using strategy: BRUTE_FORCE
08:41:08.991 [FXGL Background Thread 1 ] DEBUG GameScene            - Game scene initialized: 600x600
08:41:09.009 [FXGL Background Thread 1 ] WARN  FXGL.DefaultMenu     - FXGLDefaultMenu is not designed for resolutions < 800x600
08:41:09.009 [FXGL Background Thread 1 ] DEBUG FXGL.DefaultMenu     - createMenuBodyGameMenu()
08:41:09.026 [FXGL Background Thread 1 ] DEBUG FXGL.DefaultMenu     - createOptionsMenu()
08:41:09.035 [FXGL Background Thread 1 ] DEBUG FXGLAssetLoaderServi - Loading from file system: jar:file:/C:/Users/Usuario/.m2/repository/com/github/almasb/fxgl/21/fxgl-21.jar!/fxglassets/textures/particles/smoke.png
08:41:09.149 [FXGL Background Thread 1 ] DEBUG FXGLAssetLoaderServi - Loading from file system: jar:file:/C:/Users/Usuario/.m2/repository/com/github/almasb/fxgl/21/fxgl-21.jar!/fxglassets/textures/particles/trace_horizontal.png
08:41:09.183 [FXGL Background Thread 1 ] DEBUG GameApplicationServi - Application scenes initialized
08:41:09.197 [FXGL Background Thread 1 ] DEBUG SystemBundleService  - Loading FXGL system data
08:41:09.200 [FXGL Background Thread 1 ] DEBUG FileSystemAccess     - Reading from: F:\Proyectos javafx\javafxgl\demoImageAnim\system\fxgl.bundle
08:41:09.211 [FXGL Background Thread 1 ] DEBUG SystemBundleService  - Bundle FXGL: {}
08:41:09.212 [FXGL Background Thread 1 ] DEBUG UpdaterService       - Checking for updates
08:41:09.217 [FXGL Background Thread 4 ] DEBUG FXGLApplication      - Loading fonts
08:41:09.218 [FXGL Background Thread 4 ] DEBUG FXGLAssetLoaderServi - Loading from file system: jar:file:/C:/Users/Usuario/.m2/repository/com/github/almasb/fxgl/21/fxgl-21.jar!/fxglassets/ui/fonts/VarelaRound-Regular.ttf
08:41:09.218 [FXGL Background Thread 1 ] DEBUG FXGLApplication      - Loading default localization
08:41:09.219 [FXGL Background Thread 1 ] DEBUG FXGLAssetLoaderServi - Loading from file system: jar:file:/C:/Users/Usuario/.m2/repository/com/github/almasb/fxgl/21/fxgl-21.jar!/fxglassets/languages/english.lang
08:41:09.267 [FXGL Background Thread 4 ] DEBUG FXGLAssetLoaderServi - Loading from file system: jar:file:/C:/Users/Usuario/.m2/repository/com/github/almasb/fxgl/21/fxgl-21.jar!/fxglassets/ui/fonts/Abel-Regular.ttf
08:41:09.272 [FXGL Background Thread 1 ] INFO  FXGLApplication      - FXGL initialization took: 0,572 sec
08:41:09.273 [JavaFX Application Thread] DEBUG FXGLAssetLoaderServi - Loading from file system: jar:file:/C:/Users/Usuario/.m2/repository/com/github/almasb/fxgl/21/fxgl-21.jar!/fxglassets/textures/fxgl_icon.png
08:41:09.302 [JavaFX Application Thread] DEBUG FXGLAssetLoaderServi - Loading from file system: jar:file:/C:/Users/Usuario/.m2/repository/com/github/almasb/fxgl/21/fxgl-21.jar!/fxglassets/textures/fxgl_default_cursor.png
08:41:09.303 [FXGL Background Thread 4 ] DEBUG FXGLAssetLoaderServi - Loading from file system: jar:file:/C:/Users/Usuario/.m2/repository/com/github/almasb/fxgl/21/fxgl-21.jar!/fxglassets/ui/fonts/TerminalLandMono-Regular.otf
08:41:09.317 [JavaFX Application Thread] DEBUG Input                - Registered new binding: Screenshot - CTRL+8
08:41:09.318 [JavaFX Application Thread] DEBUG Input                - Registered new binding: System info dump - CTRL+9
08:41:09.318 [JavaFX Application Thread] DEBUG Input                - Registered new binding: Restart - CTRL+R
08:41:09.319 [JavaFX Application Thread] DEBUG Input                - Registered new binding: Toggle Debug Camera - CTRL+7
08:41:09.324 [JavaFX Application Thread] DEBUG LoopRunner           - Starting loop
08:41:09.324 [JavaFX Application Thread] DEBUG LoopRunner           - Initializing JavaFX AnimationTimerLoop
08:41:09.326 [JavaFX Application Thread] DEBUG GameApplicationServi - Starting new game
08:41:09.327 [FXGL Background Thread 4 ] DEBUG FXGLAssetLoaderServi - Loading from file system: jar:file:/C:/Users/Usuario/.m2/repository/com/github/almasb/fxgl/21/fxgl-21.jar!/fxglassets/ui/fonts/Courier-Prime.ttf
08:41:09.327 [JavaFX Application Thread] DEBUG Input                - Clearing active input actions
08:41:09.344 [JavaFX Application Thread] DEBUG GameApplicationServi - Removing overlay from FXGLStartupScene and adding to FXGLLoadingScene
08:41:09.344 [JavaFX Application Thread] DEBUG PrimaryStageWindow   - FXGLStartupScene -> FXGLLoadingScene
08:41:09.344 [JavaFX Application Thread] DEBUG GameApplicationServi - Clearing previous game
08:41:09.344 [JavaFX Application Thread] DEBUG GameScene            - Clearing game scene
08:41:09.344 [JavaFX Application Thread] DEBUG GameWorld            - Clearing game world
08:41:09.345 [JavaFX Application Thread] DEBUG PhysicsWorld         - Clearing physics world
08:41:09.347 [FXGL Background Thread 4 ] DEBUG FXGLApplication      - Initializing game
08:41:09.350 [FXGL Background Thread 4 ] DEBUG FXGLAssetLoaderServi - Loading from file system: file:/F:/Proyectos%20javafx/javafxgl/demoImageAnim/target/classes/assets/textures/sprite_pug.png
08:41:09.423 [JavaFX Application Thread] DEBUG FXGLApplication      - Registering font factories with UI factory
08:41:09.452 [FXGL Background Thread 4 ] INFO  FXGLApplication      - Game initialization took: 0,105 sec
08:41:09.502 [JavaFX Application Thread] DEBUG Input                - Clearing active input actions
08:41:09.524 [JavaFX Application Thread] DEBUG GameApplicationServi - Removing overlay from FXGLLoadingScene and adding to GameScene
08:41:09.524 [JavaFX Application Thread] DEBUG PrimaryStageWindow   - FXGLLoadingScene -> GameScene
08:41:11.797 [JavaFX Application Thread] DEBUG FXGLApplication      - Exiting FXGL
08:41:11.797 [JavaFX Application Thread] DEBUG LoopRunner           - Stopping loop
08:41:11.798 [JavaFX Application Thread] DEBUG SystemBundleService  - Saving FXGL system data
08:41:11.799 [JavaFX Application Thread] DEBUG FileSystemAccess     - Writing to: F:\Proyectos javafx\javafxgl\demoImageAnim\system\fxgl.bundle
08:41:11.801 [JavaFX Application Thread] DEBUG Async                - Shutting down background threads
08:41:11.802 [JavaFX Application Thread] DEBUG PrimaryStageWindow   - Closing main window
08:41:11.820 [JavaFX Application Thread] DEBUG Logger               - Closing Logger
