07:08:22.405 [main                     ] DEBUG Logger               - Configured Logger
07:08:22.434 [main                     ] DEBUG GameApplication      - Logging settings
Title: Untitled
Version: 0.0
Width: 1480
Height: 1020
Fullscreen: false
Intro: false
Profiling: false
Single step:false
App Mode: DEVELOPER
Menu Key: ESCAPE
Stage Style: DECORATED
Scene Factory: class com.almasb.fxgl.app.scene.SceneFactory

07:08:22.808 [JavaFX Application Thread] DEBUG FXGLApplication      - Initializing FXGL
07:08:22.820 [JavaFX Application Thread] INFO  Engine               - FXGL-21 (28.12.2023 13.35) on WINDOWS (J:21.0.1 FX:21.0.1)
07:08:22.821 [JavaFX Application Thread] DEBUG Engine               - JRE Vendor Name: Oracle Corporation
07:08:22.821 [JavaFX Application Thread] DEBUG Engine               - Running on OS: Windows 10 version 10.0
07:08:22.821 [JavaFX Application Thread] DEBUG Engine               - Architecture: amd64
07:08:22.821 [JavaFX Application Thread] INFO  Engine               - Source code and latest versions at: https://github.com/AlmasB/FXGL
07:08:22.822 [JavaFX Application Thread] INFO  Engine               -       Ask questions and discuss at: https://github.com/AlmasB/FXGL/discussions
07:08:22.822 [JavaFX Application Thread] INFO  Engine               -              Join the FXGL chat at: https://gitter.im/AlmasB/FXGL
07:08:22.943 [JavaFX Application Thread] DEBUG PrimaryStageWindow   - Creating a JavaFX scene
07:08:22.943 [JavaFX Application Thread] DEBUG PrimaryStageWindow   - Target size > screen size
07:08:22.996 [JavaFX Application Thread] DEBUG PrimaryStageWindow   - Target settings size: 1480.0 x 1020.0
07:08:22.996 [JavaFX Application Thread] DEBUG PrimaryStageWindow   - Scaled scene size:    1185.0 x 833.0
07:08:22.997 [JavaFX Application Thread] DEBUG PrimaryStageWindow   - Scaled ratio: (0.8006756756756757, 0.8166666666666667)
07:08:22.998 [JavaFX Application Thread] DEBUG PrimaryStageWindow   - Set initial scene to FXGLStartupScene
07:08:23.001 [JavaFX Application Thread] DEBUG PrimaryStageWindow   - Opening main window
07:08:23.112 [JavaFX Application Thread] DEBUG PrimaryStageWindow   - Window border size: (15.0, 38.20001220703125)
07:08:23.113 [JavaFX Application Thread] DEBUG PrimaryStageWindow   - Scaled size: 1185.0 x 833.0
07:08:23.113 [JavaFX Application Thread] DEBUG PrimaryStageWindow   - Scaled ratio: (0.8006756756756757, 0.8166666666666667)
07:08:23.113 [JavaFX Application Thread] DEBUG PrimaryStageWindow   - Scene size: 1185.0 x 833.0
07:08:23.114 [JavaFX Application Thread] DEBUG PrimaryStageWindow   - Stage size: 1200.0 x 871.2000122070312
07:08:23.122 [FXGL Background Thread 1 ] DEBUG Engine               - Initializing environment variables
07:08:23.234 [FXGL Background Thread 1 ] DEBUG FXGLAssetLoaderServi - User app class for loading assets: class App3
07:08:23.234 [FXGL Background Thread 1 ] DEBUG GameApplicationServi - Applying CSS: fxgl_dark.css
07:08:23.235 [FXGL Background Thread 1 ] DEBUG FXGLAssetLoaderServi - Loading from file system: jar:file:/C:/Users/Usuario/.m2/repository/com/github/almasb/fxgl/21/fxgl-21.jar!/fxglassets/ui/css/fxgl_dark.css
07:08:23.292 [FXGL Background Thread 1 ] DEBUG GameApplicationServi - Initializing application scenes
07:08:23.351 [FXGL Background Thread 1 ] DEBUG GameWorld            - Game world initialized
07:08:23.453 [FXGL Background Thread 1 ] DEBUG PhysicsWorld         - Physics world initialized: appHeight=1020, physics.ppm=50,0
07:08:23.453 [FXGL Background Thread 1 ] DEBUG PhysicsWorld         - Using strategy: BRUTE_FORCE
07:08:23.460 [FXGL Background Thread 1 ] DEBUG GameScene            - Game scene initialized: 1480x1020
07:08:23.481 [FXGL Background Thread 1 ] DEBUG FXGL.DefaultMenu     - createMenuBodyGameMenu()
07:08:23.501 [FXGL Background Thread 1 ] DEBUG FXGL.DefaultMenu     - createOptionsMenu()
07:08:23.513 [FXGL Background Thread 1 ] DEBUG FXGLAssetLoaderServi - Loading from file system: jar:file:/C:/Users/Usuario/.m2/repository/com/github/almasb/fxgl/21/fxgl-21.jar!/fxglassets/textures/particles/smoke.png
07:08:23.639 [FXGL Background Thread 1 ] DEBUG FXGLAssetLoaderServi - Loading from file system: jar:file:/C:/Users/Usuario/.m2/repository/com/github/almasb/fxgl/21/fxgl-21.jar!/fxglassets/textures/particles/trace_horizontal.png
07:08:23.668 [FXGL Background Thread 1 ] DEBUG GameApplicationServi - Application scenes initialized
07:08:23.684 [FXGL Background Thread 1 ] DEBUG SystemBundleService  - Loading FXGL system data
07:08:23.688 [FXGL Background Thread 1 ] DEBUG FileSystemAccess     - Reading from: F:\Proyectos javafx\javafxgl\demoImageAnim\system\fxgl.bundle
07:08:23.700 [FXGL Background Thread 1 ] DEBUG SystemBundleService  - Bundle FXGL: {}
07:08:23.701 [FXGL Background Thread 1 ] DEBUG UpdaterService       - Checking for updates
07:08:23.706 [FXGL Background Thread 4 ] DEBUG FXGLApplication      - Loading fonts
07:08:23.707 [FXGL Background Thread 4 ] DEBUG FXGLAssetLoaderServi - Loading from file system: jar:file:/C:/Users/Usuario/.m2/repository/com/github/almasb/fxgl/21/fxgl-21.jar!/fxglassets/ui/fonts/VarelaRound-Regular.ttf
07:08:23.708 [FXGL Background Thread 1 ] DEBUG FXGLApplication      - Loading default localization
07:08:23.709 [FXGL Background Thread 1 ] DEBUG FXGLAssetLoaderServi - Loading from file system: jar:file:/C:/Users/Usuario/.m2/repository/com/github/almasb/fxgl/21/fxgl-21.jar!/fxglassets/languages/english.lang
07:08:23.754 [FXGL Background Thread 1 ] INFO  FXGLApplication      - FXGL initialization took: 0,632 sec
07:08:23.755 [JavaFX Application Thread] DEBUG FXGLAssetLoaderServi - Loading from file system: jar:file:/C:/Users/Usuario/.m2/repository/com/github/almasb/fxgl/21/fxgl-21.jar!/fxglassets/textures/fxgl_icon.png
07:08:23.761 [FXGL Background Thread 4 ] DEBUG FXGLAssetLoaderServi - Loading from file system: jar:file:/C:/Users/Usuario/.m2/repository/com/github/almasb/fxgl/21/fxgl-21.jar!/fxglassets/ui/fonts/Abel-Regular.ttf
07:08:23.772 [FXGL Background Thread 4 ] DEBUG FXGLAssetLoaderServi - Loading from file system: jar:file:/C:/Users/Usuario/.m2/repository/com/github/almasb/fxgl/21/fxgl-21.jar!/fxglassets/ui/fonts/TerminalLandMono-Regular.otf
07:08:23.783 [JavaFX Application Thread] DEBUG FXGLAssetLoaderServi - Loading from file system: jar:file:/C:/Users/Usuario/.m2/repository/com/github/almasb/fxgl/21/fxgl-21.jar!/fxglassets/textures/fxgl_default_cursor.png
07:08:23.785 [FXGL Background Thread 4 ] DEBUG FXGLAssetLoaderServi - Loading from file system: jar:file:/C:/Users/Usuario/.m2/repository/com/github/almasb/fxgl/21/fxgl-21.jar!/fxglassets/ui/fonts/Courier-Prime.ttf
07:08:23.802 [JavaFX Application Thread] DEBUG Input                - Registered new binding: Screenshot - CTRL+8
07:08:23.803 [JavaFX Application Thread] DEBUG Input                - Registered new binding: System info dump - CTRL+9
07:08:23.803 [JavaFX Application Thread] DEBUG Input                - Registered new binding: Restart - CTRL+R
07:08:23.804 [JavaFX Application Thread] DEBUG Input                - Registered new binding: Toggle Debug Camera - CTRL+7
07:08:23.809 [JavaFX Application Thread] DEBUG LoopRunner           - Starting loop
07:08:23.809 [JavaFX Application Thread] DEBUG LoopRunner           - Initializing JavaFX AnimationTimerLoop
07:08:23.811 [JavaFX Application Thread] DEBUG GameApplicationServi - Starting new game
07:08:23.812 [JavaFX Application Thread] DEBUG Input                - Clearing active input actions
07:08:23.828 [JavaFX Application Thread] DEBUG GameApplicationServi - Removing overlay from FXGLStartupScene and adding to FXGLLoadingScene
07:08:23.829 [JavaFX Application Thread] DEBUG PrimaryStageWindow   - FXGLStartupScene -> FXGLLoadingScene
07:08:23.829 [JavaFX Application Thread] DEBUG GameApplicationServi - Clearing previous game
07:08:23.829 [JavaFX Application Thread] DEBUG GameScene            - Clearing game scene
07:08:23.829 [JavaFX Application Thread] DEBUG GameWorld            - Clearing game world
07:08:23.829 [JavaFX Application Thread] DEBUG PhysicsWorld         - Clearing physics world
07:08:23.832 [JavaFX Application Thread] DEBUG FXGLApplication      - Registering font factories with UI factory
07:08:23.832 [FXGL Background Thread 4 ] DEBUG FXGLApplication      - Initializing game
07:08:23.863 [FXGL Background Thread 4 ] INFO  FXGLApplication      - Game initialization took: 0,031 sec
07:08:23.890 [JavaFX Application Thread] DEBUG Input                - Clearing active input actions
07:08:23.912 [JavaFX Application Thread] DEBUG GameApplicationServi - Removing overlay from FXGLLoadingScene and adding to GameScene
07:08:23.913 [JavaFX Application Thread] DEBUG PrimaryStageWindow   - FXGLLoadingScene -> GameScene
07:08:26.704 [FXGL Background Thread 3 ] DEBUG Engine               - Logging environment variables
07:08:26.706 [FXGL Background Thread 3 ] DEBUG Engine               - achievements: []
07:08:26.706 [FXGL Background Thread 3 ] DEBUG Engine               - actualHeight: 833.0
07:08:26.707 [FXGL Background Thread 3 ] DEBUG Engine               - actualHeightProperty: ReadOnlyDoubleProperty [value: 833.0]
07:08:26.707 [FXGL Background Thread 3 ] DEBUG Engine               - actualWidth: 1185.0
07:08:26.707 [FXGL Background Thread 3 ] DEBUG Engine               - actualWidthProperty: ReadOnlyDoubleProperty [value: 1185.0]
07:08:26.708 [FXGL Background Thread 3 ] DEBUG Engine               - appIcon: fxgl_icon.png
07:08:26.708 [FXGL Background Thread 3 ] DEBUG Engine               - applicationMode: DEVELOPER
07:08:26.708 [FXGL Background Thread 3 ] DEBUG Engine               - cSSList: [fxgl_dark.css]
07:08:26.708 [FXGL Background Thread 3 ] DEBUG Engine               - collisionDetectionStrategy: BRUTE_FORCE
07:08:26.708 [FXGL Background Thread 3 ] DEBUG Engine               - configClass: Optional.empty
07:08:26.709 [FXGL Background Thread 3 ] DEBUG Engine               - credits: []
07:08:26.710 [FXGL Background Thread 3 ] DEBUG Engine               - defaultCursor: CursorInfo(imageName=fxgl_default_cursor.png, hotspotX=7.0, hotspotY=6.0)
07:08:26.710 [FXGL Background Thread 3 ] DEBUG Engine               - devBBoxColorProperty: ObjectProperty [value: 0xff0000ff]
07:08:26.711 [FXGL Background Thread 3 ] DEBUG Engine               - devEnableDebugCameraProperty: BooleanProperty [value: false]
07:08:26.711 [FXGL Background Thread 3 ] DEBUG Engine               - devSensorColorProperty: ObjectProperty [value: 0xffff00ff]
07:08:26.711 [FXGL Background Thread 3 ] DEBUG Engine               - devShowBBoxProperty: BooleanProperty [value: false]
07:08:26.712 [FXGL Background Thread 3 ] DEBUG Engine               - devShowPositionProperty: BooleanProperty [value: false]
07:08:26.712 [FXGL Background Thread 3 ] DEBUG Engine               - enabledMenuItems: []
07:08:26.712 [FXGL Background Thread 3 ] DEBUG Engine               - engineServices: [class com.almasb.fxgl.app.services.FXGLAssetLoaderService, class com.almasb.fxgl.app.FXGLApplication$GameApplicationService, class com.almasb.fxgl.app.services.FXGLDialogService, class com.almasb.fxgl.app.services.IOTaskExecutorService, class com.almasb.fxgl.io.FileSystemService, class com.almasb.fxgl.localization.LocalizationService, class com.almasb.fxgl.app.services.SystemBundleService, class com.almasb.fxgl.profile.SaveLoadService, class com.almasb.fxgl.ui.FXGLUIFactoryServiceProvider, class com.almasb.fxgl.ui.FXGLDialogFactoryServiceProvider, class com.almasb.fxgl.audio.AudioPlayer, class com.almasb.fxgl.notification.impl.NotificationServiceProvider, class com.almasb.fxgl.achievement.AchievementService, class com.almasb.fxgl.cutscene.CutsceneService, class com.almasb.fxgl.minigames.MiniGameService, class com.almasb.fxgl.net.NetService, class com.almasb.fxgl.app.services.UpdaterService, class com.almasb.fxgl.dev.DevService]
07:08:26.713 [FXGL Background Thread 3 ] DEBUG Engine               - fontGame: Abel-Regular.ttf
07:08:26.713 [FXGL Background Thread 3 ] DEBUG Engine               - fontMono: TerminalLandMono-Regular.otf
07:08:26.713 [FXGL Background Thread 3 ] DEBUG Engine               - fontSizeScaleUI: 1.0
07:08:26.713 [FXGL Background Thread 3 ] DEBUG Engine               - fontText: Courier-Prime.ttf
07:08:26.713 [FXGL Background Thread 3 ] DEBUG Engine               - fontUI: VarelaRound-Regular.ttf
07:08:26.714 [FXGL Background Thread 3 ] DEBUG Engine               - fullScreen: BooleanProperty [value: false]
07:08:26.714 [FXGL Background Thread 3 ] DEBUG Engine               - gameDifficulty: MEDIUM
07:08:26.714 [FXGL Background Thread 3 ] DEBUG Engine               - gameDifficultyProperty: ObjectProperty [value: MEDIUM]
07:08:26.715 [FXGL Background Thread 3 ] DEBUG Engine               - globalMusicVolume: 0.5
07:08:26.715 [FXGL Background Thread 3 ] DEBUG Engine               - globalMusicVolumeProperty: DoubleProperty [value: 0.5]
07:08:26.715 [FXGL Background Thread 3 ] DEBUG Engine               - globalSoundVolume: 0.5
07:08:26.716 [FXGL Background Thread 3 ] DEBUG Engine               - globalSoundVolumeProperty: DoubleProperty [value: 0.5]
07:08:26.716 [FXGL Background Thread 3 ] DEBUG Engine               - height: 1020
07:08:26.716 [FXGL Background Thread 3 ] DEBUG Engine               - is3D: false
07:08:26.716 [FXGL Background Thread 3 ] DEBUG Engine               - isAndroid: false
07:08:26.717 [FXGL Background Thread 3 ] DEBUG Engine               - isBrowser: false
07:08:26.717 [FXGL Background Thread 3 ] DEBUG Engine               - isClickFeedbackEnabled: false
07:08:26.717 [FXGL Background Thread 3 ] DEBUG Engine               - isCloseConfirmation: false
07:08:26.717 [FXGL Background Thread 3 ] DEBUG Engine               - isDesktop: true
07:08:26.718 [FXGL Background Thread 3 ] DEBUG Engine               - isDeveloperMenuEnabled: false
07:08:26.718 [FXGL Background Thread 3 ] DEBUG Engine               - isEmbedded: false
07:08:26.718 [FXGL Background Thread 3 ] DEBUG Engine               - isEntityPreloadEnabled: true
07:08:26.718 [FXGL Background Thread 3 ] DEBUG Engine               - isExperimentalTiledLargeMap: false
07:08:26.718 [FXGL Background Thread 3 ] DEBUG Engine               - isFileSystemWriteAllowed: true
07:08:26.719 [FXGL Background Thread 3 ] DEBUG Engine               - isFullScreenAllowed: false
07:08:26.719 [FXGL Background Thread 3 ] DEBUG Engine               - isFullScreenFromStart: false
07:08:26.719 [FXGL Background Thread 3 ] DEBUG Engine               - isGameMenuEnabled: true
07:08:26.719 [FXGL Background Thread 3 ] DEBUG Engine               - isIOS: false
07:08:26.719 [FXGL Background Thread 3 ] DEBUG Engine               - isIntroEnabled: false
07:08:26.720 [FXGL Background Thread 3 ] DEBUG Engine               - isLinux: false
07:08:26.720 [FXGL Background Thread 3 ] DEBUG Engine               - isMac: false
07:08:26.720 [FXGL Background Thread 3 ] DEBUG Engine               - isMainMenuEnabled: false
07:08:26.720 [FXGL Background Thread 3 ] DEBUG Engine               - isManualResizeEnabled: false
07:08:26.721 [FXGL Background Thread 3 ] DEBUG Engine               - isMobile: false
07:08:26.721 [FXGL Background Thread 3 ] DEBUG Engine               - isNative: false
07:08:26.721 [FXGL Background Thread 3 ] DEBUG Engine               - isPauseMusicWhenMinimized: true
07:08:26.721 [FXGL Background Thread 3 ] DEBUG Engine               - isPreserveResizeRatio: false
07:08:26.722 [FXGL Background Thread 3 ] DEBUG Engine               - isProfilingEnabled: false
07:08:26.722 [FXGL Background Thread 3 ] DEBUG Engine               - isScaleAffectedOnResize: true
07:08:26.722 [FXGL Background Thread 3 ] DEBUG Engine               - isSingleStep: false
07:08:26.723 [FXGL Background Thread 3 ] DEBUG Engine               - isUserProfileEnabled: false
07:08:26.723 [FXGL Background Thread 3 ] DEBUG Engine               - isWindows: true
07:08:26.723 [FXGL Background Thread 3 ] DEBUG Engine               - language: ObjectProperty [value: ENGLISH]
07:08:26.723 [FXGL Background Thread 3 ] DEBUG Engine               - menuKey: ESCAPE
07:08:26.724 [FXGL Background Thread 3 ] DEBUG Engine               - mouseSensitivity: 0.2
07:08:26.724 [FXGL Background Thread 3 ] DEBUG Engine               - notificationViewClass: class com.almasb.fxgl.notification.view.XboxNotificationView
07:08:26.724 [FXGL Background Thread 3 ] DEBUG Engine               - pixelsPerMeter: 50.0
07:08:26.724 [FXGL Background Thread 3 ] DEBUG Engine               - platform: WINDOWS
07:08:26.725 [FXGL Background Thread 3 ] DEBUG Engine               - prefHeightProperty: ReadOnlyDoubleProperty [value: 1020.0]
07:08:26.725 [FXGL Background Thread 3 ] DEBUG Engine               - prefWidthProperty: ReadOnlyDoubleProperty [value: 1480.0]
07:08:26.725 [FXGL Background Thread 3 ] DEBUG Engine               - profileDir: profiles/
07:08:26.726 [FXGL Background Thread 3 ] DEBUG Engine               - profileName: StringProperty [value: DEFAULT]
07:08:26.726 [FXGL Background Thread 3 ] DEBUG Engine               - randomSeed: -1
07:08:26.727 [FXGL Background Thread 3 ] DEBUG Engine               - runtimeInfo: RuntimeInfo(platform=WINDOWS, version=21, build=28.12.2023 13.35)
07:08:26.727 [FXGL Background Thread 3 ] DEBUG Engine               - saveFileExt: sav
07:08:26.727 [FXGL Background Thread 3 ] DEBUG Engine               - scaledHeightProp$fxgl: DoubleProperty [bound, value: 833.0]
07:08:26.727 [FXGL Background Thread 3 ] DEBUG Engine               - scaledWidthProp$fxgl: DoubleProperty [bound, value: 1185.0]
07:08:26.728 [FXGL Background Thread 3 ] DEBUG Engine               - sceneFactory: com.almasb.fxgl.app.scene.SceneFactory@45f8c897
07:08:26.728 [FXGL Background Thread 3 ] DEBUG Engine               - secondsIn24h: 60
07:08:26.728 [FXGL Background Thread 3 ] DEBUG Engine               - soundMenuBack: menu/back.wav
07:08:26.728 [FXGL Background Thread 3 ] DEBUG Engine               - soundMenuPress: menu/press.wav
07:08:26.728 [FXGL Background Thread 3 ] DEBUG Engine               - soundMenuSelect: menu/select.wav
07:08:26.729 [FXGL Background Thread 3 ] DEBUG Engine               - soundNotification: core/notification.wav
07:08:26.729 [FXGL Background Thread 3 ] DEBUG Engine               - stageStyle: DECORATED
07:08:26.729 [FXGL Background Thread 3 ] DEBUG Engine               - supportedLanguages: [ENGLISH, FRENCH, GERMAN, HUNGARIAN, RUSSIAN]
07:08:26.729 [FXGL Background Thread 3 ] DEBUG Engine               - ticksPerSecond: -1
07:08:26.730 [FXGL Background Thread 3 ] DEBUG Engine               - title: Untitled
07:08:26.730 [FXGL Background Thread 3 ] DEBUG Engine               - urlGithub: https://github.com/AlmasB/FXGL
07:08:26.730 [FXGL Background Thread 3 ] DEBUG Engine               - urlLeaderboard: http://fxgl-top.herokuapp.com/
07:08:26.730 [FXGL Background Thread 3 ] DEBUG Engine               - urlPOM: https://raw.githubusercontent.com/AlmasB/FXGL/release/README.md
07:08:26.730 [FXGL Background Thread 3 ] DEBUG Engine               - userAppClass: class App3
07:08:26.731 [FXGL Background Thread 3 ] DEBUG Engine               - version: 0.0
07:08:26.731 [FXGL Background Thread 3 ] DEBUG Engine               - versionCheckDays: 7
07:08:26.731 [FXGL Background Thread 3 ] DEBUG Engine               - width: 1480
07:08:26.731 [FXGL Background Thread 3 ] DEBUG Engine               - Logging services
07:08:26.732 [FXGL Background Thread 3 ] DEBUG Engine               - class com.almasb.fxgl.app.services.FXGLAssetLoaderService
07:08:26.732 [FXGL Background Thread 3 ] DEBUG Engine               - class com.almasb.fxgl.app.FXGLApplication$GameApplicationService
07:08:26.732 [FXGL Background Thread 3 ] DEBUG Engine               - class com.almasb.fxgl.app.services.FXGLDialogService
07:08:26.732 [FXGL Background Thread 3 ] DEBUG Engine               - class com.almasb.fxgl.app.services.IOTaskExecutorService
07:08:26.732 [FXGL Background Thread 3 ] DEBUG Engine               - class com.almasb.fxgl.io.FileSystemService
07:08:26.733 [FXGL Background Thread 3 ] DEBUG Engine               - class com.almasb.fxgl.localization.LocalizationService
07:08:26.733 [FXGL Background Thread 3 ] DEBUG Engine               - class com.almasb.fxgl.app.services.SystemBundleService
07:08:26.733 [FXGL Background Thread 3 ] DEBUG Engine               - class com.almasb.fxgl.profile.SaveLoadService
07:08:26.733 [FXGL Background Thread 3 ] DEBUG Engine               - class com.almasb.fxgl.ui.FXGLUIFactoryServiceProvider
07:08:26.733 [FXGL Background Thread 3 ] DEBUG Engine               - class com.almasb.fxgl.ui.FXGLDialogFactoryServiceProvider
07:08:26.734 [FXGL Background Thread 3 ] DEBUG Engine               - class com.almasb.fxgl.audio.AudioPlayer
07:08:26.734 [FXGL Background Thread 3 ] DEBUG Engine               - class com.almasb.fxgl.notification.impl.NotificationServiceProvider
07:08:26.734 [FXGL Background Thread 3 ] DEBUG Engine               - class com.almasb.fxgl.achievement.AchievementService
07:08:26.734 [FXGL Background Thread 3 ] DEBUG Engine               - class com.almasb.fxgl.cutscene.CutsceneService
07:08:26.734 [FXGL Background Thread 3 ] DEBUG Engine               - class com.almasb.fxgl.minigames.MiniGameService
07:08:26.735 [FXGL Background Thread 3 ] DEBUG Engine               - class com.almasb.fxgl.net.NetService
07:08:26.735 [FXGL Background Thread 3 ] DEBUG Engine               - class com.almasb.fxgl.app.services.UpdaterService
07:08:26.735 [FXGL Background Thread 3 ] DEBUG Engine               - class com.almasb.fxgl.dev.DevService
07:08:26.891 [JavaFX Application Thread] DEBUG FXGLAssetLoaderServi - Loading from file system: file:/F:/Proyectos%20javafx/javafxgl/demoImageAnim/target/classes/assets/textures/sprite_pug.png
07:08:35.235 [JavaFX Application Thread] DEBUG FXGLApplication      - Exiting FXGL
07:08:35.235 [JavaFX Application Thread] DEBUG LoopRunner           - Stopping loop
07:08:35.235 [JavaFX Application Thread] DEBUG SystemBundleService  - Saving FXGL system data
07:08:35.236 [JavaFX Application Thread] DEBUG FileSystemAccess     - Writing to: F:\Proyectos javafx\javafxgl\demoImageAnim\system\fxgl.bundle
07:08:35.239 [JavaFX Application Thread] DEBUG Async                - Shutting down background threads
07:08:35.239 [JavaFX Application Thread] DEBUG PrimaryStageWindow   - Closing main window
07:08:35.258 [JavaFX Application Thread] DEBUG Logger               - Closing Logger
