20:01:03.638 [main                     ] DEBUG Logger               - Configured Logger
20:01:03.667 [main                     ] DEBUG GameApplication      - Logging settings
Title: DemoImage
Version: 0.0
Width: 800
Height: 600
Fullscreen: false
Intro: false
Profiling: false
Single step:false
App Mode: DEVELOPER
Menu Key: ESCAPE
Stage Style: DECORATED
Scene Factory: class com.almasb.fxgl.app.scene.SceneFactory

20:01:04.084 [JavaFX Application Thread] DEBUG FXGLApplication      - Initializing FXGL
20:01:04.096 [JavaFX Application Thread] INFO  Engine               - FXGL-21 (28.12.2023 13.35) on WINDOWS (J:21.0.1 FX:21.0.1)
20:01:04.096 [JavaFX Application Thread] DEBUG Engine               - JRE Vendor Name: Oracle Corporation
20:01:04.097 [JavaFX Application Thread] DEBUG Engine               - Running on OS: Windows 10 version 10.0
20:01:04.097 [JavaFX Application Thread] DEBUG Engine               - Architecture: amd64
20:01:04.097 [JavaFX Application Thread] INFO  Engine               - Source code and latest versions at: https://github.com/AlmasB/FXGL
20:01:04.097 [JavaFX Application Thread] INFO  Engine               -       Ask questions and discuss at: https://github.com/AlmasB/FXGL/discussions
20:01:04.098 [JavaFX Application Thread] INFO  Engine               -              Join the FXGL chat at: https://gitter.im/AlmasB/FXGL
20:01:04.235 [JavaFX Application Thread] DEBUG PrimaryStageWindow   - Creating a JavaFX scene
20:01:04.301 [JavaFX Application Thread] DEBUG PrimaryStageWindow   - Target settings size: 800.0 x 600.0
20:01:04.301 [JavaFX Application Thread] DEBUG PrimaryStageWindow   - Scaled scene size:    800.0 x 600.0
20:01:04.302 [JavaFX Application Thread] DEBUG PrimaryStageWindow   - Scaled ratio: (1.0, 1.0)
20:01:04.304 [JavaFX Application Thread] DEBUG PrimaryStageWindow   - Set initial scene to FXGLStartupScene
20:01:04.308 [JavaFX Application Thread] DEBUG PrimaryStageWindow   - Opening main window
20:01:04.414 [JavaFX Application Thread] DEBUG PrimaryStageWindow   - Window border size: (14.4000244140625, 37.5999755859375)
20:01:04.415 [JavaFX Application Thread] DEBUG PrimaryStageWindow   - Scaled size: 800.0 x 600.0
20:01:04.415 [JavaFX Application Thread] DEBUG PrimaryStageWindow   - Scaled ratio: (1.0, 1.0)
20:01:04.415 [JavaFX Application Thread] DEBUG PrimaryStageWindow   - Scene size: 800.0 x 600.0
20:01:04.416 [JavaFX Application Thread] DEBUG PrimaryStageWindow   - Stage size: 814.4000244140625 x 637.5999755859375
20:01:04.428 [FXGL Background Thread 1 ] DEBUG Engine               - Initializing environment variables
20:01:04.519 [FXGL Background Thread 1 ] DEBUG FXGLAssetLoaderServi - User app class for loading assets: class App
20:01:04.520 [FXGL Background Thread 1 ] DEBUG GameApplicationServi - Applying CSS: fxgl_dark.css
20:01:04.521 [FXGL Background Thread 1 ] DEBUG FXGLAssetLoaderServi - Loading from file system: jar:file:/C:/Users/Usuario/.m2/repository/com/github/almasb/fxgl/21/fxgl-21.jar!/fxglassets/ui/css/fxgl_dark.css
20:01:04.595 [FXGL Background Thread 1 ] DEBUG GameApplicationServi - Initializing application scenes
20:01:04.645 [FXGL Background Thread 1 ] DEBUG GameWorld            - Game world initialized
20:01:04.743 [FXGL Background Thread 1 ] DEBUG PhysicsWorld         - Physics world initialized: appHeight=600, physics.ppm=50,0
20:01:04.743 [FXGL Background Thread 1 ] DEBUG PhysicsWorld         - Using strategy: BRUTE_FORCE
20:01:04.749 [FXGL Background Thread 1 ] DEBUG GameScene            - Game scene initialized: 800x600
20:01:04.769 [FXGL Background Thread 1 ] DEBUG FXGL.DefaultMenu     - createMenuBodyGameMenu()
20:01:04.788 [FXGL Background Thread 1 ] DEBUG FXGL.DefaultMenu     - createOptionsMenu()
20:01:04.799 [FXGL Background Thread 1 ] DEBUG FXGLAssetLoaderServi - Loading from file system: jar:file:/C:/Users/Usuario/.m2/repository/com/github/almasb/fxgl/21/fxgl-21.jar!/fxglassets/textures/particles/smoke.png
20:01:04.919 [FXGL Background Thread 1 ] DEBUG FXGLAssetLoaderServi - Loading from file system: jar:file:/C:/Users/Usuario/.m2/repository/com/github/almasb/fxgl/21/fxgl-21.jar!/fxglassets/textures/particles/trace_horizontal.png
20:01:04.951 [FXGL Background Thread 1 ] DEBUG GameApplicationServi - Application scenes initialized
20:01:04.964 [FXGL Background Thread 1 ] DEBUG SystemBundleService  - Loading FXGL system data
20:01:04.968 [FXGL Background Thread 1 ] DEBUG FileSystemAccess     - Reading from: F:\Proyectos javafx\javafxgl\demoImageAnim\system\fxgl.bundle
20:01:04.978 [FXGL Background Thread 1 ] DEBUG SystemBundleService  - Bundle FXGL: {}
20:01:04.978 [FXGL Background Thread 1 ] DEBUG UpdaterService       - Checking for updates
20:01:04.983 [FXGL Background Thread 4 ] DEBUG FXGLApplication      - Loading fonts
20:01:04.984 [FXGL Background Thread 4 ] DEBUG FXGLAssetLoaderServi - Loading from file system: jar:file:/C:/Users/Usuario/.m2/repository/com/github/almasb/fxgl/21/fxgl-21.jar!/fxglassets/ui/fonts/VarelaRound-Regular.ttf
20:01:04.984 [FXGL Background Thread 1 ] DEBUG FXGLApplication      - Loading default localization
20:01:04.985 [FXGL Background Thread 1 ] DEBUG FXGLAssetLoaderServi - Loading from file system: jar:file:/C:/Users/Usuario/.m2/repository/com/github/almasb/fxgl/21/fxgl-21.jar!/fxglassets/languages/english.lang
20:01:05.030 [FXGL Background Thread 1 ] INFO  FXGLApplication      - FXGL initialization took: 0,602 sec
20:01:05.032 [FXGL Background Thread 4 ] DEBUG FXGLAssetLoaderServi - Loading from file system: jar:file:/C:/Users/Usuario/.m2/repository/com/github/almasb/fxgl/21/fxgl-21.jar!/fxglassets/ui/fonts/Abel-Regular.ttf
20:01:05.043 [FXGL Background Thread 4 ] DEBUG FXGLAssetLoaderServi - Loading from file system: jar:file:/C:/Users/Usuario/.m2/repository/com/github/almasb/fxgl/21/fxgl-21.jar!/fxglassets/ui/fonts/TerminalLandMono-Regular.otf
20:01:05.044 [JavaFX Application Thread] DEBUG Input                - Registered new binding: Move Left - A
20:01:05.044 [JavaFX Application Thread] DEBUG Input                - Registered new binding: Move Right - D
20:01:05.045 [JavaFX Application Thread] DEBUG Input                - Registered new binding: Move Up - W
20:01:05.045 [JavaFX Application Thread] DEBUG Input                - Registered new binding: Move Down - S
20:01:05.045 [JavaFX Application Thread] DEBUG FXGLAssetLoaderServi - Loading from file system: jar:file:/C:/Users/Usuario/.m2/repository/com/github/almasb/fxgl/21/fxgl-21.jar!/fxglassets/textures/fxgl_icon.png
20:01:05.055 [FXGL Background Thread 4 ] DEBUG FXGLAssetLoaderServi - Loading from file system: jar:file:/C:/Users/Usuario/.m2/repository/com/github/almasb/fxgl/21/fxgl-21.jar!/fxglassets/ui/fonts/Courier-Prime.ttf
20:01:05.075 [JavaFX Application Thread] DEBUG FXGLAssetLoaderServi - Loading from file system: jar:file:/C:/Users/Usuario/.m2/repository/com/github/almasb/fxgl/21/fxgl-21.jar!/fxglassets/textures/fxgl_default_cursor.png
20:01:05.078 [JavaFX Application Thread] DEBUG Input                - Registered new binding: Screenshot - CTRL+8
20:01:05.079 [JavaFX Application Thread] DEBUG Input                - Registered new binding: System info dump - CTRL+9
20:01:05.079 [JavaFX Application Thread] DEBUG Input                - Registered new binding: Restart - CTRL+R
20:01:05.081 [JavaFX Application Thread] DEBUG Input                - Registered new binding: Toggle Debug Camera - CTRL+7
20:01:05.084 [JavaFX Application Thread] DEBUG LoopRunner           - Starting loop
20:01:05.084 [JavaFX Application Thread] DEBUG LoopRunner           - Initializing JavaFX AnimationTimerLoop
20:01:05.086 [JavaFX Application Thread] DEBUG GameApplicationServi - Starting new game
20:01:05.087 [JavaFX Application Thread] DEBUG Input                - Clearing active input actions
20:01:05.101 [JavaFX Application Thread] DEBUG GameApplicationServi - Removing overlay from FXGLStartupScene and adding to FXGLLoadingScene
20:01:05.102 [JavaFX Application Thread] DEBUG PrimaryStageWindow   - FXGLStartupScene -> FXGLLoadingScene
20:01:05.102 [JavaFX Application Thread] DEBUG GameApplicationServi - Clearing previous game
20:01:05.102 [JavaFX Application Thread] DEBUG GameScene            - Clearing game scene
20:01:05.102 [JavaFX Application Thread] DEBUG GameWorld            - Clearing game world
20:01:05.102 [JavaFX Application Thread] DEBUG PhysicsWorld         - Clearing physics world
20:01:05.104 [FXGL Background Thread 4 ] DEBUG FXGLApplication      - Initializing game
20:01:05.118 [FXGL Background Thread 4 ] DEBUG FXGLAssetLoaderServi - Loading from file system: file:/F:/Proyectos%20javafx/javafxgl/demoImageAnim/target/classes/assets/textures/bosque.jpg
20:01:05.241 [FXGL Background Thread 4 ] DEBUG FXGLAssetLoaderServi - Loading from file system: file:/F:/Proyectos%20javafx/javafxgl/demoImageAnim/target/classes/assets/textures/pugFrente.png
20:01:05.243 [FXGL Background Thread 4 ] DEBUG FXGLAssetLoaderServi - Loading from file system: file:/F:/Proyectos%20javafx/javafxgl/demoImageAnim/target/classes/assets/textures/pugEspalda.png
20:01:05.245 [FXGL Background Thread 4 ] DEBUG FXGLAssetLoaderServi - Loading from file system: file:/F:/Proyectos%20javafx/javafxgl/demoImageAnim/target/classes/assets/textures/pudDerecha.png
20:01:05.246 [FXGL Background Thread 4 ] DEBUG FXGLAssetLoaderServi - Loading from file system: file:/F:/Proyectos%20javafx/javafxgl/demoImageAnim/target/classes/assets/textures/pugIzquierda.png
20:01:05.261 [FXGL Background Thread 4 ] INFO  FXGLApplication      - Game initialization took: 0,157 sec
20:01:05.265 [JavaFX Application Thread] DEBUG Input                - Clearing active input actions
20:01:05.279 [JavaFX Application Thread] DEBUG GameApplicationServi - Removing overlay from FXGLLoadingScene and adding to GameScene
20:01:05.279 [JavaFX Application Thread] DEBUG PrimaryStageWindow   - FXGLLoadingScene -> GameScene
20:01:07.983 [FXGL Background Thread 3 ] DEBUG Engine               - Logging environment variables
20:01:07.985 [FXGL Background Thread 3 ] DEBUG Engine               - achievements: []
20:01:07.985 [FXGL Background Thread 3 ] DEBUG Engine               - actualHeight: 600.0
20:01:07.986 [FXGL Background Thread 3 ] DEBUG Engine               - actualHeightProperty: ReadOnlyDoubleProperty [value: 600.0]
20:01:07.986 [FXGL Background Thread 3 ] DEBUG Engine               - actualWidth: 800.0
20:01:07.986 [FXGL Background Thread 3 ] DEBUG Engine               - actualWidthProperty: ReadOnlyDoubleProperty [value: 800.0]
20:01:07.986 [FXGL Background Thread 3 ] DEBUG Engine               - appIcon: fxgl_icon.png
20:01:07.987 [FXGL Background Thread 3 ] DEBUG Engine               - applicationMode: DEVELOPER
20:01:07.987 [FXGL Background Thread 3 ] DEBUG Engine               - cSSList: [fxgl_dark.css]
20:01:07.987 [FXGL Background Thread 3 ] DEBUG Engine               - collisionDetectionStrategy: BRUTE_FORCE
20:01:07.987 [FXGL Background Thread 3 ] DEBUG Engine               - configClass: Optional.empty
20:01:07.987 [FXGL Background Thread 3 ] DEBUG Engine               - credits: []
20:01:07.988 [FXGL Background Thread 3 ] DEBUG Engine               - defaultCursor: CursorInfo(imageName=fxgl_default_cursor.png, hotspotX=7.0, hotspotY=6.0)
20:01:07.989 [FXGL Background Thread 3 ] DEBUG Engine               - devBBoxColorProperty: ObjectProperty [value: 0xff0000ff]
20:01:07.989 [FXGL Background Thread 3 ] DEBUG Engine               - devEnableDebugCameraProperty: BooleanProperty [value: false]
20:01:07.990 [FXGL Background Thread 3 ] DEBUG Engine               - devSensorColorProperty: ObjectProperty [value: 0xffff00ff]
20:01:07.990 [FXGL Background Thread 3 ] DEBUG Engine               - devShowBBoxProperty: BooleanProperty [value: false]
20:01:07.990 [FXGL Background Thread 3 ] DEBUG Engine               - devShowPositionProperty: BooleanProperty [value: false]
20:01:07.990 [FXGL Background Thread 3 ] DEBUG Engine               - enabledMenuItems: []
20:01:07.991 [FXGL Background Thread 3 ] DEBUG Engine               - engineServices: [class com.almasb.fxgl.app.services.FXGLAssetLoaderService, class com.almasb.fxgl.app.FXGLApplication$GameApplicationService, class com.almasb.fxgl.app.services.FXGLDialogService, class com.almasb.fxgl.app.services.IOTaskExecutorService, class com.almasb.fxgl.io.FileSystemService, class com.almasb.fxgl.localization.LocalizationService, class com.almasb.fxgl.app.services.SystemBundleService, class com.almasb.fxgl.profile.SaveLoadService, class com.almasb.fxgl.ui.FXGLUIFactoryServiceProvider, class com.almasb.fxgl.ui.FXGLDialogFactoryServiceProvider, class com.almasb.fxgl.audio.AudioPlayer, class com.almasb.fxgl.notification.impl.NotificationServiceProvider, class com.almasb.fxgl.achievement.AchievementService, class com.almasb.fxgl.cutscene.CutsceneService, class com.almasb.fxgl.minigames.MiniGameService, class com.almasb.fxgl.net.NetService, class com.almasb.fxgl.app.services.UpdaterService, class com.almasb.fxgl.dev.DevService]
20:01:07.991 [FXGL Background Thread 3 ] DEBUG Engine               - fontGame: Abel-Regular.ttf
20:01:07.991 [FXGL Background Thread 3 ] DEBUG Engine               - fontMono: TerminalLandMono-Regular.otf
20:01:07.992 [FXGL Background Thread 3 ] DEBUG Engine               - fontSizeScaleUI: 1.0
20:01:07.992 [FXGL Background Thread 3 ] DEBUG Engine               - fontText: Courier-Prime.ttf
20:01:07.992 [FXGL Background Thread 3 ] DEBUG Engine               - fontUI: VarelaRound-Regular.ttf
20:01:07.992 [FXGL Background Thread 3 ] DEBUG Engine               - fullScreen: BooleanProperty [value: false]
20:01:07.993 [FXGL Background Thread 3 ] DEBUG Engine               - gameDifficulty: MEDIUM
20:01:07.993 [FXGL Background Thread 3 ] DEBUG Engine               - gameDifficultyProperty: ObjectProperty [value: MEDIUM]
20:01:07.993 [FXGL Background Thread 3 ] DEBUG Engine               - globalMusicVolume: 0.5
20:01:07.993 [FXGL Background Thread 3 ] DEBUG Engine               - globalMusicVolumeProperty: DoubleProperty [value: 0.5]
20:01:07.994 [FXGL Background Thread 3 ] DEBUG Engine               - globalSoundVolume: 0.5
20:01:07.994 [FXGL Background Thread 3 ] DEBUG Engine               - globalSoundVolumeProperty: DoubleProperty [value: 0.5]
20:01:07.994 [FXGL Background Thread 3 ] DEBUG Engine               - height: 600
20:01:07.994 [FXGL Background Thread 3 ] DEBUG Engine               - is3D: false
20:01:07.995 [FXGL Background Thread 3 ] DEBUG Engine               - isAndroid: false
20:01:07.995 [FXGL Background Thread 3 ] DEBUG Engine               - isBrowser: false
20:01:07.995 [FXGL Background Thread 3 ] DEBUG Engine               - isClickFeedbackEnabled: false
20:01:07.995 [FXGL Background Thread 3 ] DEBUG Engine               - isCloseConfirmation: false
20:01:07.995 [FXGL Background Thread 3 ] DEBUG Engine               - isDesktop: true
20:01:07.996 [FXGL Background Thread 3 ] DEBUG Engine               - isDeveloperMenuEnabled: false
20:01:07.996 [FXGL Background Thread 3 ] DEBUG Engine               - isEmbedded: false
20:01:07.996 [FXGL Background Thread 3 ] DEBUG Engine               - isEntityPreloadEnabled: true
20:01:07.996 [FXGL Background Thread 3 ] DEBUG Engine               - isExperimentalTiledLargeMap: false
20:01:07.996 [FXGL Background Thread 3 ] DEBUG Engine               - isFileSystemWriteAllowed: true
20:01:07.997 [FXGL Background Thread 3 ] DEBUG Engine               - isFullScreenAllowed: false
20:01:07.997 [FXGL Background Thread 3 ] DEBUG Engine               - isFullScreenFromStart: false
20:01:07.997 [FXGL Background Thread 3 ] DEBUG Engine               - isGameMenuEnabled: true
20:01:07.997 [FXGL Background Thread 3 ] DEBUG Engine               - isIOS: false
20:01:07.998 [FXGL Background Thread 3 ] DEBUG Engine               - isIntroEnabled: false
20:01:07.998 [FXGL Background Thread 3 ] DEBUG Engine               - isLinux: false
20:01:07.998 [FXGL Background Thread 3 ] DEBUG Engine               - isMac: false
20:01:07.998 [FXGL Background Thread 3 ] DEBUG Engine               - isMainMenuEnabled: false
20:01:07.999 [FXGL Background Thread 3 ] DEBUG Engine               - isManualResizeEnabled: false
20:01:07.999 [FXGL Background Thread 3 ] DEBUG Engine               - isMobile: false
20:01:07.999 [FXGL Background Thread 3 ] DEBUG Engine               - isNative: false
20:01:07.999 [FXGL Background Thread 3 ] DEBUG Engine               - isPauseMusicWhenMinimized: true
20:01:07.999 [FXGL Background Thread 3 ] DEBUG Engine               - isPreserveResizeRatio: false
20:01:08.000 [FXGL Background Thread 3 ] DEBUG Engine               - isProfilingEnabled: false
20:01:08.000 [FXGL Background Thread 3 ] DEBUG Engine               - isScaleAffectedOnResize: true
20:01:08.000 [FXGL Background Thread 3 ] DEBUG Engine               - isSingleStep: false
20:01:08.000 [FXGL Background Thread 3 ] DEBUG Engine               - isUserProfileEnabled: false
20:01:08.001 [FXGL Background Thread 3 ] DEBUG Engine               - isWindows: true
20:01:08.001 [FXGL Background Thread 3 ] DEBUG Engine               - language: ObjectProperty [value: ENGLISH]
20:01:08.001 [FXGL Background Thread 3 ] DEBUG Engine               - menuKey: ESCAPE
20:01:08.002 [FXGL Background Thread 3 ] DEBUG Engine               - mouseSensitivity: 0.2
20:01:08.002 [FXGL Background Thread 3 ] DEBUG Engine               - notificationViewClass: class com.almasb.fxgl.notification.view.XboxNotificationView
20:01:08.002 [FXGL Background Thread 3 ] DEBUG Engine               - pixelsPerMeter: 50.0
20:01:08.003 [FXGL Background Thread 3 ] DEBUG Engine               - platform: WINDOWS
20:01:08.003 [FXGL Background Thread 3 ] DEBUG Engine               - prefHeightProperty: ReadOnlyDoubleProperty [value: 600.0]
20:01:08.003 [FXGL Background Thread 3 ] DEBUG Engine               - prefWidthProperty: ReadOnlyDoubleProperty [value: 800.0]
20:01:08.003 [FXGL Background Thread 3 ] DEBUG Engine               - profileDir: profiles/
20:01:08.004 [FXGL Background Thread 3 ] DEBUG Engine               - profileName: StringProperty [value: DEFAULT]
20:01:08.004 [FXGL Background Thread 3 ] DEBUG Engine               - randomSeed: -1
20:01:08.004 [FXGL Background Thread 3 ] DEBUG Engine               - runtimeInfo: RuntimeInfo(platform=WINDOWS, version=21, build=28.12.2023 13.35)
20:01:08.005 [FXGL Background Thread 3 ] DEBUG Engine               - saveFileExt: sav
20:01:08.005 [FXGL Background Thread 3 ] DEBUG Engine               - scaledHeightProp$fxgl: DoubleProperty [bound, value: 600.0]
20:01:08.005 [FXGL Background Thread 3 ] DEBUG Engine               - scaledWidthProp$fxgl: DoubleProperty [bound, value: 800.0]
20:01:08.005 [FXGL Background Thread 3 ] DEBUG Engine               - sceneFactory: com.almasb.fxgl.app.scene.SceneFactory@5f41e83f
20:01:08.005 [FXGL Background Thread 3 ] DEBUG Engine               - secondsIn24h: 60
20:01:08.005 [FXGL Background Thread 3 ] DEBUG Engine               - soundMenuBack: menu/back.wav
20:01:08.005 [FXGL Background Thread 3 ] DEBUG Engine               - soundMenuPress: menu/press.wav
20:01:08.005 [FXGL Background Thread 3 ] DEBUG Engine               - soundMenuSelect: menu/select.wav
20:01:08.005 [FXGL Background Thread 3 ] DEBUG Engine               - soundNotification: core/notification.wav
20:01:08.006 [FXGL Background Thread 3 ] DEBUG Engine               - stageStyle: DECORATED
20:01:08.006 [FXGL Background Thread 3 ] DEBUG Engine               - supportedLanguages: [ENGLISH, FRENCH, GERMAN, HUNGARIAN, RUSSIAN]
20:01:08.006 [FXGL Background Thread 3 ] DEBUG Engine               - ticksPerSecond: -1
20:01:08.006 [FXGL Background Thread 3 ] DEBUG Engine               - title: DemoImage
20:01:08.006 [FXGL Background Thread 3 ] DEBUG Engine               - urlGithub: https://github.com/AlmasB/FXGL
20:01:08.006 [FXGL Background Thread 3 ] DEBUG Engine               - urlLeaderboard: http://fxgl-top.herokuapp.com/
20:01:08.006 [FXGL Background Thread 3 ] DEBUG Engine               - urlPOM: https://raw.githubusercontent.com/AlmasB/FXGL/release/README.md
20:01:08.006 [FXGL Background Thread 3 ] DEBUG Engine               - userAppClass: class App
20:01:08.006 [FXGL Background Thread 3 ] DEBUG Engine               - version: 0.0
20:01:08.007 [FXGL Background Thread 3 ] DEBUG Engine               - versionCheckDays: 7
20:01:08.007 [FXGL Background Thread 3 ] DEBUG Engine               - width: 800
20:01:08.007 [FXGL Background Thread 3 ] DEBUG Engine               - Logging services
20:01:08.007 [FXGL Background Thread 3 ] DEBUG Engine               - class com.almasb.fxgl.app.services.FXGLAssetLoaderService
20:01:08.007 [FXGL Background Thread 3 ] DEBUG Engine               - class com.almasb.fxgl.app.FXGLApplication$GameApplicationService
20:01:08.007 [FXGL Background Thread 3 ] DEBUG Engine               - class com.almasb.fxgl.app.services.FXGLDialogService
20:01:08.007 [FXGL Background Thread 3 ] DEBUG Engine               - class com.almasb.fxgl.app.services.IOTaskExecutorService
20:01:08.007 [FXGL Background Thread 3 ] DEBUG Engine               - class com.almasb.fxgl.io.FileSystemService
20:01:08.008 [FXGL Background Thread 3 ] DEBUG Engine               - class com.almasb.fxgl.localization.LocalizationService
20:01:08.008 [FXGL Background Thread 3 ] DEBUG Engine               - class com.almasb.fxgl.app.services.SystemBundleService
20:01:08.008 [FXGL Background Thread 3 ] DEBUG Engine               - class com.almasb.fxgl.profile.SaveLoadService
20:01:08.008 [FXGL Background Thread 3 ] DEBUG Engine               - class com.almasb.fxgl.ui.FXGLUIFactoryServiceProvider
20:01:08.008 [FXGL Background Thread 3 ] DEBUG Engine               - class com.almasb.fxgl.ui.FXGLDialogFactoryServiceProvider
20:01:08.008 [FXGL Background Thread 3 ] DEBUG Engine               - class com.almasb.fxgl.audio.AudioPlayer
20:01:08.008 [FXGL Background Thread 3 ] DEBUG Engine               - class com.almasb.fxgl.notification.impl.NotificationServiceProvider
20:01:08.008 [FXGL Background Thread 3 ] DEBUG Engine               - class com.almasb.fxgl.achievement.AchievementService
20:01:08.008 [FXGL Background Thread 3 ] DEBUG Engine               - class com.almasb.fxgl.cutscene.CutsceneService
20:01:08.009 [FXGL Background Thread 3 ] DEBUG Engine               - class com.almasb.fxgl.minigames.MiniGameService
20:01:08.009 [FXGL Background Thread 3 ] DEBUG Engine               - class com.almasb.fxgl.net.NetService
20:01:08.009 [FXGL Background Thread 3 ] DEBUG Engine               - class com.almasb.fxgl.app.services.UpdaterService
20:01:08.009 [FXGL Background Thread 3 ] DEBUG Engine               - class com.almasb.fxgl.dev.DevService
20:02:11.781 [JavaFX Application Thread] DEBUG FXGLApplication      - Exiting FXGL
20:02:11.781 [JavaFX Application Thread] DEBUG LoopRunner           - Stopping loop
20:02:11.781 [JavaFX Application Thread] DEBUG SystemBundleService  - Saving FXGL system data
20:02:11.783 [JavaFX Application Thread] DEBUG FileSystemAccess     - Writing to: F:\Proyectos javafx\javafxgl\demoImageAnim\system\fxgl.bundle
20:02:11.785 [JavaFX Application Thread] DEBUG Async                - Shutting down background threads
20:02:11.786 [JavaFX Application Thread] DEBUG PrimaryStageWindow   - Closing main window
20:02:11.806 [JavaFX Application Thread] DEBUG Logger               - Closing Logger
