08:13:00.328 [main                     ] DEBUG Logger               - Configured Logger
08:13:00.352 [main                     ] DEBUG GameApplication      - Logging settings
Title: DemoImage
Version: 0.0
Width: 800
Height: 600
Fullscreen: false
Intro: false
Profiling: false
Single step:false
App Mode: DEVELOPER
Menu Key: ESCAPE
Stage Style: DECORATED
Scene Factory: class com.almasb.fxgl.app.scene.SceneFactory

08:13:00.710 [JavaFX Application Thread] DEBUG FXGLApplication      - Initializing FXGL
08:13:00.720 [JavaFX Application Thread] INFO  Engine               - FXGL-21 (28.12.2023 13.35) on WINDOWS (J:21.0.1 FX:21.0.1)
08:13:00.721 [JavaFX Application Thread] DEBUG Engine               - JRE Vendor Name: Oracle Corporation
08:13:00.721 [JavaFX Application Thread] DEBUG Engine               - Running on OS: Windows 10 version 10.0
08:13:00.721 [JavaFX Application Thread] DEBUG Engine               - Architecture: amd64
08:13:00.721 [JavaFX Application Thread] INFO  Engine               - Source code and latest versions at: https://github.com/AlmasB/FXGL
08:13:00.721 [JavaFX Application Thread] INFO  Engine               -       Ask questions and discuss at: https://github.com/AlmasB/FXGL/discussions
08:13:00.722 [JavaFX Application Thread] INFO  Engine               -              Join the FXGL chat at: https://gitter.im/AlmasB/FXGL
08:13:00.843 [JavaFX Application Thread] DEBUG PrimaryStageWindow   - Creating a JavaFX scene
08:13:00.897 [JavaFX Application Thread] DEBUG PrimaryStageWindow   - Target settings size: 800.0 x 600.0
08:13:00.897 [JavaFX Application Thread] DEBUG PrimaryStageWindow   - Scaled scene size:    800.0 x 600.0
08:13:00.898 [JavaFX Application Thread] DEBUG PrimaryStageWindow   - Scaled ratio: (1.0, 1.0)
08:13:00.899 [JavaFX Application Thread] DEBUG PrimaryStageWindow   - Set initial scene to FXGLStartupScene
08:13:00.902 [JavaFX Application Thread] DEBUG PrimaryStageWindow   - Opening main window
08:13:01.016 [JavaFX Application Thread] DEBUG PrimaryStageWindow   - Window border size: (14.4000244140625, 37.5999755859375)
08:13:01.016 [JavaFX Application Thread] DEBUG PrimaryStageWindow   - Scaled size: 800.0 x 600.0
08:13:01.016 [JavaFX Application Thread] DEBUG PrimaryStageWindow   - Scaled ratio: (1.0, 1.0)
08:13:01.017 [JavaFX Application Thread] DEBUG PrimaryStageWindow   - Scene size: 800.0 x 600.0
08:13:01.018 [JavaFX Application Thread] DEBUG PrimaryStageWindow   - Stage size: 814.4000244140625 x 637.5999755859375
08:13:01.030 [FXGL Background Thread 1 ] DEBUG Engine               - Initializing environment variables
08:13:01.120 [FXGL Background Thread 1 ] DEBUG FXGLAssetLoaderServi - User app class for loading assets: class App
08:13:01.120 [FXGL Background Thread 1 ] DEBUG GameApplicationServi - Applying CSS: fxgl_dark.css
08:13:01.122 [FXGL Background Thread 1 ] DEBUG FXGLAssetLoaderServi - Loading from file system: jar:file:/C:/Users/Usuario/.m2/repository/com/github/almasb/fxgl/21/fxgl-21.jar!/fxglassets/ui/css/fxgl_dark.css
08:13:01.184 [FXGL Background Thread 1 ] DEBUG GameApplicationServi - Initializing application scenes
08:13:01.258 [FXGL Background Thread 1 ] DEBUG GameWorld            - Game world initialized
08:13:01.343 [FXGL Background Thread 1 ] DEBUG PhysicsWorld         - Physics world initialized: appHeight=600, physics.ppm=50,0
08:13:01.344 [FXGL Background Thread 1 ] DEBUG PhysicsWorld         - Using strategy: BRUTE_FORCE
08:13:01.349 [FXGL Background Thread 1 ] DEBUG GameScene            - Game scene initialized: 800x600
08:13:01.364 [FXGL Background Thread 1 ] DEBUG FXGL.DefaultMenu     - createMenuBodyGameMenu()
08:13:01.380 [FXGL Background Thread 1 ] DEBUG FXGL.DefaultMenu     - createOptionsMenu()
08:13:01.390 [FXGL Background Thread 1 ] DEBUG FXGLAssetLoaderServi - Loading from file system: jar:file:/C:/Users/Usuario/.m2/repository/com/github/almasb/fxgl/21/fxgl-21.jar!/fxglassets/textures/particles/smoke.png
08:13:01.497 [FXGL Background Thread 1 ] DEBUG FXGLAssetLoaderServi - Loading from file system: jar:file:/C:/Users/Usuario/.m2/repository/com/github/almasb/fxgl/21/fxgl-21.jar!/fxglassets/textures/particles/trace_horizontal.png
08:13:01.523 [FXGL Background Thread 1 ] DEBUG GameApplicationServi - Application scenes initialized
08:13:01.536 [FXGL Background Thread 1 ] DEBUG SystemBundleService  - Loading FXGL system data
08:13:01.540 [FXGL Background Thread 1 ] DEBUG FileSystemAccess     - Reading from: F:\Proyectos javafx\javafxgl\demoImageAnim\system\fxgl.bundle
08:13:01.550 [FXGL Background Thread 1 ] DEBUG SystemBundleService  - Bundle FXGL: {}
08:13:01.551 [FXGL Background Thread 1 ] DEBUG UpdaterService       - Checking for updates
08:13:01.555 [FXGL Background Thread 4 ] DEBUG FXGLApplication      - Loading fonts
08:13:01.556 [FXGL Background Thread 4 ] DEBUG FXGLAssetLoaderServi - Loading from file system: jar:file:/C:/Users/Usuario/.m2/repository/com/github/almasb/fxgl/21/fxgl-21.jar!/fxglassets/ui/fonts/VarelaRound-Regular.ttf
08:13:01.557 [FXGL Background Thread 1 ] DEBUG FXGLApplication      - Loading default localization
08:13:01.558 [FXGL Background Thread 1 ] DEBUG FXGLAssetLoaderServi - Loading from file system: jar:file:/C:/Users/Usuario/.m2/repository/com/github/almasb/fxgl/21/fxgl-21.jar!/fxglassets/languages/english.lang
08:13:01.604 [FXGL Background Thread 1 ] INFO  FXGLApplication      - FXGL initialization took: 0,574 sec
08:13:01.607 [FXGL Background Thread 4 ] DEBUG FXGLAssetLoaderServi - Loading from file system: jar:file:/C:/Users/Usuario/.m2/repository/com/github/almasb/fxgl/21/fxgl-21.jar!/fxglassets/ui/fonts/Abel-Regular.ttf
08:13:01.616 [FXGL Background Thread 4 ] DEBUG FXGLAssetLoaderServi - Loading from file system: jar:file:/C:/Users/Usuario/.m2/repository/com/github/almasb/fxgl/21/fxgl-21.jar!/fxglassets/ui/fonts/TerminalLandMono-Regular.otf
08:13:01.619 [JavaFX Application Thread] DEBUG Input                - Registered new binding: action0 - A
08:13:01.620 [JavaFX Application Thread] DEBUG Input                - Registered new binding: action1 - D
08:13:01.620 [JavaFX Application Thread] DEBUG Input                - Registered new binding: action2 - W
08:13:01.621 [JavaFX Application Thread] DEBUG Input                - Registered new binding: action3 - S
08:13:01.621 [JavaFX Application Thread] DEBUG FXGLAssetLoaderServi - Loading from file system: jar:file:/C:/Users/Usuario/.m2/repository/com/github/almasb/fxgl/21/fxgl-21.jar!/fxglassets/textures/fxgl_icon.png
08:13:01.626 [FXGL Background Thread 4 ] DEBUG FXGLAssetLoaderServi - Loading from file system: jar:file:/C:/Users/Usuario/.m2/repository/com/github/almasb/fxgl/21/fxgl-21.jar!/fxglassets/ui/fonts/Courier-Prime.ttf
08:13:01.648 [JavaFX Application Thread] DEBUG FXGLAssetLoaderServi - Loading from file system: jar:file:/C:/Users/Usuario/.m2/repository/com/github/almasb/fxgl/21/fxgl-21.jar!/fxglassets/textures/fxgl_default_cursor.png
08:13:01.651 [JavaFX Application Thread] DEBUG Input                - Registered new binding: Screenshot - CTRL+8
08:13:01.653 [JavaFX Application Thread] DEBUG Input                - Registered new binding: System info dump - CTRL+9
08:13:01.653 [JavaFX Application Thread] DEBUG Input                - Registered new binding: Restart - CTRL+R
08:13:01.654 [JavaFX Application Thread] DEBUG Input                - Registered new binding: Toggle Debug Camera - CTRL+7
08:13:01.658 [JavaFX Application Thread] DEBUG LoopRunner           - Starting loop
08:13:01.658 [JavaFX Application Thread] DEBUG LoopRunner           - Initializing JavaFX AnimationTimerLoop
08:13:01.659 [JavaFX Application Thread] DEBUG GameApplicationServi - Starting new game
08:13:01.660 [JavaFX Application Thread] DEBUG Input                - Clearing active input actions
08:13:01.676 [JavaFX Application Thread] DEBUG GameApplicationServi - Removing overlay from FXGLStartupScene and adding to FXGLLoadingScene
08:13:01.677 [JavaFX Application Thread] DEBUG PrimaryStageWindow   - FXGLStartupScene -> FXGLLoadingScene
08:13:01.677 [JavaFX Application Thread] DEBUG GameApplicationServi - Clearing previous game
08:13:01.677 [JavaFX Application Thread] DEBUG GameScene            - Clearing game scene
08:13:01.677 [JavaFX Application Thread] DEBUG GameWorld            - Clearing game world
08:13:01.678 [JavaFX Application Thread] DEBUG PhysicsWorld         - Clearing physics world
08:13:01.680 [JavaFX Application Thread] DEBUG FXGLApplication      - Registering font factories with UI factory
08:13:01.680 [FXGL Background Thread 4 ] DEBUG FXGLApplication      - Initializing game
08:13:01.692 [FXGL Background Thread 4 ] WARN  FXGLAssetLoaderServi - Asset "/assets/textures/assets/textures/bosque.jpg" was not found!
08:13:01.692 [FXGL Background Thread 4 ] WARN  FXGLAssetLoaderServi - Failed to load IMAGE
08:13:01.845 [FXGL Background Thread 4 ] INFO  FXGLApplication      - Game initialization took: 0,165 sec
08:13:01.854 [JavaFX Application Thread] DEBUG Input                - Clearing active input actions
08:13:01.864 [JavaFX Application Thread] DEBUG GameApplicationServi - Removing overlay from FXGLLoadingScene and adding to GameScene
08:13:01.864 [JavaFX Application Thread] DEBUG PrimaryStageWindow   - FXGLLoadingScene -> GameScene
08:13:04.400 [JavaFX Application Thread] DEBUG FXGLApplication      - Exiting FXGL
08:13:04.400 [JavaFX Application Thread] DEBUG LoopRunner           - Stopping loop
08:13:04.400 [JavaFX Application Thread] DEBUG SystemBundleService  - Saving FXGL system data
08:13:04.402 [JavaFX Application Thread] DEBUG FileSystemAccess     - Writing to: F:\Proyectos javafx\javafxgl\demoImageAnim\system\fxgl.bundle
08:13:04.404 [JavaFX Application Thread] DEBUG Async                - Shutting down background threads
08:13:04.404 [JavaFX Application Thread] DEBUG PrimaryStageWindow   - Closing main window
08:13:04.424 [JavaFX Application Thread] DEBUG Logger               - Closing Logger
