01:18:21.704 [main                     ] DEBUG Logger               - Configured Logger
01:18:21.736 [main                     ] DEBUG GameApplication      - Logging settings
Title: Untitled
Version: 0.0
Width: 1480
Height: 1020
Fullscreen: false
Intro: false
Profiling: false
Single step:false
App Mode: DEVELOPER
Menu Key: ESCAPE
Stage Style: DECORATED
Scene Factory: class com.almasb.fxgl.app.scene.SceneFactory

01:18:22.142 [JavaFX Application Thread] DEBUG FXGLApplication      - Initializing FXGL
01:18:22.153 [JavaFX Application Thread] INFO  Engine               - FXGL-21 (28.12.2023 13.35) on WINDOWS (J:21.0.1 FX:21.0.1)
01:18:22.154 [JavaFX Application Thread] DEBUG Engine               - JRE Vendor Name: Oracle Corporation
01:18:22.154 [JavaFX Application Thread] DEBUG Engine               - Running on OS: Windows 10 version 10.0
01:18:22.154 [JavaFX Application Thread] DEBUG Engine               - Architecture: amd64
01:18:22.154 [JavaFX Application Thread] INFO  Engine               - Source code and latest versions at: https://github.com/AlmasB/FXGL
01:18:22.155 [JavaFX Application Thread] INFO  Engine               -       Ask questions and discuss at: https://github.com/AlmasB/FXGL/discussions
01:18:22.155 [JavaFX Application Thread] INFO  Engine               -              Join the FXGL chat at: https://gitter.im/AlmasB/FXGL
01:18:22.288 [JavaFX Application Thread] DEBUG PrimaryStageWindow   - Creating a JavaFX scene
01:18:22.288 [JavaFX Application Thread] DEBUG PrimaryStageWindow   - Target size > screen size
01:18:22.373 [JavaFX Application Thread] DEBUG PrimaryStageWindow   - Target settings size: 1480.0 x 1020.0
01:18:22.373 [JavaFX Application Thread] DEBUG PrimaryStageWindow   - Scaled scene size:    1185.0 x 833.0
01:18:22.374 [JavaFX Application Thread] DEBUG PrimaryStageWindow   - Scaled ratio: (0.8006756756756757, 0.8166666666666667)
01:18:22.375 [JavaFX Application Thread] DEBUG PrimaryStageWindow   - Set initial scene to FXGLStartupScene
01:18:22.380 [JavaFX Application Thread] DEBUG PrimaryStageWindow   - Opening main window
01:18:22.491 [JavaFX Application Thread] DEBUG PrimaryStageWindow   - Window border size: (15.0, 38.20001220703125)
01:18:22.492 [JavaFX Application Thread] DEBUG PrimaryStageWindow   - Scaled size: 1185.0 x 833.0
01:18:22.492 [JavaFX Application Thread] DEBUG PrimaryStageWindow   - Scaled ratio: (0.8006756756756757, 0.8166666666666667)
01:18:22.492 [JavaFX Application Thread] DEBUG PrimaryStageWindow   - Scene size: 1185.0 x 833.0
01:18:22.492 [JavaFX Application Thread] DEBUG PrimaryStageWindow   - Stage size: 1200.0 x 871.2000122070312
01:18:22.505 [FXGL Background Thread 1 ] DEBUG Engine               - Initializing environment variables
01:18:22.597 [FXGL Background Thread 1 ] DEBUG FXGLAssetLoaderServi - User app class for loading assets: class AppPruMov
01:18:22.597 [FXGL Background Thread 1 ] DEBUG GameApplicationServi - Applying CSS: fxgl_dark.css
01:18:22.599 [FXGL Background Thread 1 ] DEBUG FXGLAssetLoaderServi - Loading from file system: jar:file:/C:/Users/Usuario/.m2/repository/com/github/almasb/fxgl/21/fxgl-21.jar!/fxglassets/ui/css/fxgl_dark.css
01:18:22.667 [FXGL Background Thread 1 ] DEBUG GameApplicationServi - Initializing application scenes
01:18:22.722 [FXGL Background Thread 1 ] DEBUG GameWorld            - Game world initialized
01:18:22.818 [FXGL Background Thread 1 ] DEBUG PhysicsWorld         - Physics world initialized: appHeight=1020, physics.ppm=50,0
01:18:22.818 [FXGL Background Thread 1 ] DEBUG PhysicsWorld         - Using strategy: BRUTE_FORCE
01:18:22.826 [FXGL Background Thread 1 ] DEBUG GameScene            - Game scene initialized: 1480x1020
01:18:22.845 [FXGL Background Thread 1 ] DEBUG FXGL.DefaultMenu     - createMenuBodyGameMenu()
01:18:22.864 [FXGL Background Thread 1 ] DEBUG FXGL.DefaultMenu     - createOptionsMenu()
01:18:22.873 [FXGL Background Thread 1 ] DEBUG FXGLAssetLoaderServi - Loading from file system: jar:file:/C:/Users/Usuario/.m2/repository/com/github/almasb/fxgl/21/fxgl-21.jar!/fxglassets/textures/particles/smoke.png
01:18:22.979 [FXGL Background Thread 1 ] DEBUG FXGLAssetLoaderServi - Loading from file system: jar:file:/C:/Users/Usuario/.m2/repository/com/github/almasb/fxgl/21/fxgl-21.jar!/fxglassets/textures/particles/trace_horizontal.png
01:18:23.006 [FXGL Background Thread 1 ] DEBUG GameApplicationServi - Application scenes initialized
01:18:23.019 [FXGL Background Thread 1 ] DEBUG SystemBundleService  - Loading FXGL system data
01:18:23.023 [FXGL Background Thread 1 ] DEBUG FileSystemAccess     - Reading from: F:\Proyectos javafx\javafxgl\demoImageAnim\system\fxgl.bundle
01:18:23.035 [FXGL Background Thread 1 ] DEBUG SystemBundleService  - Bundle FXGL: {}
01:18:23.035 [FXGL Background Thread 1 ] DEBUG UpdaterService       - Checking for updates
01:18:23.040 [FXGL Background Thread 4 ] DEBUG FXGLApplication      - Loading fonts
01:18:23.042 [FXGL Background Thread 4 ] DEBUG FXGLAssetLoaderServi - Loading from file system: jar:file:/C:/Users/Usuario/.m2/repository/com/github/almasb/fxgl/21/fxgl-21.jar!/fxglassets/ui/fonts/VarelaRound-Regular.ttf
01:18:23.043 [FXGL Background Thread 1 ] DEBUG FXGLApplication      - Loading default localization
01:18:23.044 [FXGL Background Thread 1 ] DEBUG FXGLAssetLoaderServi - Loading from file system: jar:file:/C:/Users/Usuario/.m2/repository/com/github/almasb/fxgl/21/fxgl-21.jar!/fxglassets/languages/english.lang
01:18:23.089 [FXGL Background Thread 1 ] INFO  FXGLApplication      - FXGL initialization took: 0,584 sec
01:18:23.090 [JavaFX Application Thread] DEBUG FXGLAssetLoaderServi - Loading from file system: jar:file:/C:/Users/Usuario/.m2/repository/com/github/almasb/fxgl/21/fxgl-21.jar!/fxglassets/textures/fxgl_icon.png
01:18:23.095 [FXGL Background Thread 4 ] DEBUG FXGLAssetLoaderServi - Loading from file system: jar:file:/C:/Users/Usuario/.m2/repository/com/github/almasb/fxgl/21/fxgl-21.jar!/fxglassets/ui/fonts/Abel-Regular.ttf
01:18:23.108 [FXGL Background Thread 4 ] DEBUG FXGLAssetLoaderServi - Loading from file system: jar:file:/C:/Users/Usuario/.m2/repository/com/github/almasb/fxgl/21/fxgl-21.jar!/fxglassets/ui/fonts/TerminalLandMono-Regular.otf
01:18:23.119 [JavaFX Application Thread] DEBUG FXGLAssetLoaderServi - Loading from file system: jar:file:/C:/Users/Usuario/.m2/repository/com/github/almasb/fxgl/21/fxgl-21.jar!/fxglassets/textures/fxgl_default_cursor.png
01:18:23.123 [FXGL Background Thread 4 ] DEBUG FXGLAssetLoaderServi - Loading from file system: jar:file:/C:/Users/Usuario/.m2/repository/com/github/almasb/fxgl/21/fxgl-21.jar!/fxglassets/ui/fonts/Courier-Prime.ttf
01:18:23.138 [JavaFX Application Thread] DEBUG Input                - Registered new binding: Screenshot - CTRL+8
01:18:23.139 [JavaFX Application Thread] DEBUG Input                - Registered new binding: System info dump - CTRL+9
01:18:23.139 [JavaFX Application Thread] DEBUG Input                - Registered new binding: Restart - CTRL+R
01:18:23.140 [JavaFX Application Thread] DEBUG Input                - Registered new binding: Toggle Debug Camera - CTRL+7
01:18:23.143 [JavaFX Application Thread] DEBUG LoopRunner           - Starting loop
01:18:23.143 [JavaFX Application Thread] DEBUG LoopRunner           - Initializing JavaFX AnimationTimerLoop
01:18:23.145 [JavaFX Application Thread] DEBUG GameApplicationServi - Starting new game
01:18:23.146 [JavaFX Application Thread] DEBUG Input                - Clearing active input actions
01:18:23.160 [JavaFX Application Thread] DEBUG GameApplicationServi - Removing overlay from FXGLStartupScene and adding to FXGLLoadingScene
01:18:23.160 [JavaFX Application Thread] DEBUG PrimaryStageWindow   - FXGLStartupScene -> FXGLLoadingScene
01:18:23.161 [JavaFX Application Thread] DEBUG GameApplicationServi - Clearing previous game
01:18:23.161 [JavaFX Application Thread] DEBUG GameScene            - Clearing game scene
01:18:23.161 [JavaFX Application Thread] DEBUG GameWorld            - Clearing game world
01:18:23.161 [JavaFX Application Thread] DEBUG PhysicsWorld         - Clearing physics world
01:18:23.163 [FXGL Background Thread 4 ] DEBUG FXGLApplication      - Initializing game
01:18:23.163 [JavaFX Application Thread] DEBUG FXGLApplication      - Registering font factories with UI factory
01:18:23.166 [FXGL Background Thread 4 ] DEBUG FXGLAssetLoaderServi - Loading from file system: file:/F:/Proyectos%20javafx/javafxgl/demoImageAnim/target/classes/assets/textures/character_base_16x16.png
01:18:23.186 [FXGL Background Thread 4 ] INFO  FXGLApplication      - Game initialization took: 0,024 sec
01:18:23.219 [JavaFX Application Thread] DEBUG Input                - Clearing active input actions
01:18:23.237 [JavaFX Application Thread] DEBUG GameApplicationServi - Removing overlay from FXGLLoadingScene and adding to GameScene
01:18:23.237 [JavaFX Application Thread] DEBUG PrimaryStageWindow   - FXGLLoadingScene -> GameScene
01:18:26.039 [FXGL Background Thread 3 ] DEBUG Engine               - Logging environment variables
01:18:26.041 [FXGL Background Thread 3 ] DEBUG Engine               - achievements: []
01:18:26.042 [FXGL Background Thread 3 ] DEBUG Engine               - actualHeight: 833.0
01:18:26.042 [FXGL Background Thread 3 ] DEBUG Engine               - actualHeightProperty: ReadOnlyDoubleProperty [value: 833.0]
01:18:26.043 [FXGL Background Thread 3 ] DEBUG Engine               - actualWidth: 1185.0
01:18:26.043 [FXGL Background Thread 3 ] DEBUG Engine               - actualWidthProperty: ReadOnlyDoubleProperty [value: 1185.0]
01:18:26.043 [FXGL Background Thread 3 ] DEBUG Engine               - appIcon: fxgl_icon.png
01:18:26.043 [FXGL Background Thread 3 ] DEBUG Engine               - applicationMode: DEVELOPER
01:18:26.044 [FXGL Background Thread 3 ] DEBUG Engine               - cSSList: [fxgl_dark.css]
01:18:26.044 [FXGL Background Thread 3 ] DEBUG Engine               - collisionDetectionStrategy: BRUTE_FORCE
01:18:26.044 [FXGL Background Thread 3 ] DEBUG Engine               - configClass: Optional.empty
01:18:26.044 [FXGL Background Thread 3 ] DEBUG Engine               - credits: []
01:18:26.045 [FXGL Background Thread 3 ] DEBUG Engine               - defaultCursor: CursorInfo(imageName=fxgl_default_cursor.png, hotspotX=7.0, hotspotY=6.0)
01:18:26.046 [FXGL Background Thread 3 ] DEBUG Engine               - devBBoxColorProperty: ObjectProperty [value: 0xff0000ff]
01:18:26.047 [FXGL Background Thread 3 ] DEBUG Engine               - devEnableDebugCameraProperty: BooleanProperty [value: false]
01:18:26.047 [FXGL Background Thread 3 ] DEBUG Engine               - devSensorColorProperty: ObjectProperty [value: 0xffff00ff]
01:18:26.047 [FXGL Background Thread 3 ] DEBUG Engine               - devShowBBoxProperty: BooleanProperty [value: false]
01:18:26.047 [FXGL Background Thread 3 ] DEBUG Engine               - devShowPositionProperty: BooleanProperty [value: false]
01:18:26.048 [FXGL Background Thread 3 ] DEBUG Engine               - enabledMenuItems: []
01:18:26.048 [FXGL Background Thread 3 ] DEBUG Engine               - engineServices: [class com.almasb.fxgl.app.services.FXGLAssetLoaderService, class com.almasb.fxgl.app.FXGLApplication$GameApplicationService, class com.almasb.fxgl.app.services.FXGLDialogService, class com.almasb.fxgl.app.services.IOTaskExecutorService, class com.almasb.fxgl.io.FileSystemService, class com.almasb.fxgl.localization.LocalizationService, class com.almasb.fxgl.app.services.SystemBundleService, class com.almasb.fxgl.profile.SaveLoadService, class com.almasb.fxgl.ui.FXGLUIFactoryServiceProvider, class com.almasb.fxgl.ui.FXGLDialogFactoryServiceProvider, class com.almasb.fxgl.audio.AudioPlayer, class com.almasb.fxgl.notification.impl.NotificationServiceProvider, class com.almasb.fxgl.achievement.AchievementService, class com.almasb.fxgl.cutscene.CutsceneService, class com.almasb.fxgl.minigames.MiniGameService, class com.almasb.fxgl.net.NetService, class com.almasb.fxgl.app.services.UpdaterService, class com.almasb.fxgl.dev.DevService]
01:18:26.048 [FXGL Background Thread 3 ] DEBUG Engine               - fontGame: Abel-Regular.ttf
01:18:26.048 [FXGL Background Thread 3 ] DEBUG Engine               - fontMono: TerminalLandMono-Regular.otf
01:18:26.049 [FXGL Background Thread 3 ] DEBUG Engine               - fontSizeScaleUI: 1.0
01:18:26.049 [FXGL Background Thread 3 ] DEBUG Engine               - fontText: Courier-Prime.ttf
01:18:26.049 [FXGL Background Thread 3 ] DEBUG Engine               - fontUI: VarelaRound-Regular.ttf
01:18:26.049 [FXGL Background Thread 3 ] DEBUG Engine               - fullScreen: BooleanProperty [value: false]
01:18:26.050 [FXGL Background Thread 3 ] DEBUG Engine               - gameDifficulty: MEDIUM
01:18:26.050 [FXGL Background Thread 3 ] DEBUG Engine               - gameDifficultyProperty: ObjectProperty [value: MEDIUM]
01:18:26.050 [FXGL Background Thread 3 ] DEBUG Engine               - globalMusicVolume: 0.5
01:18:26.051 [FXGL Background Thread 3 ] DEBUG Engine               - globalMusicVolumeProperty: DoubleProperty [value: 0.5]
01:18:26.051 [FXGL Background Thread 3 ] DEBUG Engine               - globalSoundVolume: 0.5
01:18:26.051 [FXGL Background Thread 3 ] DEBUG Engine               - globalSoundVolumeProperty: DoubleProperty [value: 0.5]
01:18:26.052 [FXGL Background Thread 3 ] DEBUG Engine               - height: 1020
01:18:26.052 [FXGL Background Thread 3 ] DEBUG Engine               - is3D: false
01:18:26.052 [FXGL Background Thread 3 ] DEBUG Engine               - isAndroid: false
01:18:26.052 [FXGL Background Thread 3 ] DEBUG Engine               - isBrowser: false
01:18:26.053 [FXGL Background Thread 3 ] DEBUG Engine               - isClickFeedbackEnabled: false
01:18:26.053 [FXGL Background Thread 3 ] DEBUG Engine               - isCloseConfirmation: false
01:18:26.053 [FXGL Background Thread 3 ] DEBUG Engine               - isDesktop: true
01:18:26.053 [FXGL Background Thread 3 ] DEBUG Engine               - isDeveloperMenuEnabled: false
01:18:26.053 [FXGL Background Thread 3 ] DEBUG Engine               - isEmbedded: false
01:18:26.054 [FXGL Background Thread 3 ] DEBUG Engine               - isEntityPreloadEnabled: true
01:18:26.054 [FXGL Background Thread 3 ] DEBUG Engine               - isExperimentalTiledLargeMap: false
01:18:26.054 [FXGL Background Thread 3 ] DEBUG Engine               - isFileSystemWriteAllowed: true
01:18:26.054 [FXGL Background Thread 3 ] DEBUG Engine               - isFullScreenAllowed: false
01:18:26.054 [FXGL Background Thread 3 ] DEBUG Engine               - isFullScreenFromStart: false
01:18:26.055 [FXGL Background Thread 3 ] DEBUG Engine               - isGameMenuEnabled: true
01:18:26.055 [FXGL Background Thread 3 ] DEBUG Engine               - isIOS: false
01:18:26.055 [FXGL Background Thread 3 ] DEBUG Engine               - isIntroEnabled: false
01:18:26.055 [FXGL Background Thread 3 ] DEBUG Engine               - isLinux: false
01:18:26.056 [FXGL Background Thread 3 ] DEBUG Engine               - isMac: false
01:18:26.056 [FXGL Background Thread 3 ] DEBUG Engine               - isMainMenuEnabled: false
01:18:26.056 [FXGL Background Thread 3 ] DEBUG Engine               - isManualResizeEnabled: false
01:18:26.056 [FXGL Background Thread 3 ] DEBUG Engine               - isMobile: false
01:18:26.057 [FXGL Background Thread 3 ] DEBUG Engine               - isNative: false
01:18:26.057 [FXGL Background Thread 3 ] DEBUG Engine               - isPauseMusicWhenMinimized: true
01:18:26.057 [FXGL Background Thread 3 ] DEBUG Engine               - isPreserveResizeRatio: false
01:18:26.058 [FXGL Background Thread 3 ] DEBUG Engine               - isProfilingEnabled: false
01:18:26.058 [FXGL Background Thread 3 ] DEBUG Engine               - isScaleAffectedOnResize: true
01:18:26.058 [FXGL Background Thread 3 ] DEBUG Engine               - isSingleStep: false
01:18:26.058 [FXGL Background Thread 3 ] DEBUG Engine               - isUserProfileEnabled: false
01:18:26.059 [FXGL Background Thread 3 ] DEBUG Engine               - isWindows: true
01:18:26.059 [FXGL Background Thread 3 ] DEBUG Engine               - language: ObjectProperty [value: ENGLISH]
01:18:26.059 [FXGL Background Thread 3 ] DEBUG Engine               - menuKey: ESCAPE
01:18:26.059 [FXGL Background Thread 3 ] DEBUG Engine               - mouseSensitivity: 0.2
01:18:26.059 [FXGL Background Thread 3 ] DEBUG Engine               - notificationViewClass: class com.almasb.fxgl.notification.view.XboxNotificationView
01:18:26.060 [FXGL Background Thread 3 ] DEBUG Engine               - pixelsPerMeter: 50.0
01:18:26.060 [FXGL Background Thread 3 ] DEBUG Engine               - platform: WINDOWS
01:18:26.060 [FXGL Background Thread 3 ] DEBUG Engine               - prefHeightProperty: ReadOnlyDoubleProperty [value: 1020.0]
01:18:26.060 [FXGL Background Thread 3 ] DEBUG Engine               - prefWidthProperty: ReadOnlyDoubleProperty [value: 1480.0]
01:18:26.061 [FXGL Background Thread 3 ] DEBUG Engine               - profileDir: profiles/
01:18:26.061 [FXGL Background Thread 3 ] DEBUG Engine               - profileName: StringProperty [value: DEFAULT]
01:18:26.061 [FXGL Background Thread 3 ] DEBUG Engine               - randomSeed: -1
01:18:26.062 [FXGL Background Thread 3 ] DEBUG Engine               - runtimeInfo: RuntimeInfo(platform=WINDOWS, version=21, build=28.12.2023 13.35)
01:18:26.062 [FXGL Background Thread 3 ] DEBUG Engine               - saveFileExt: sav
01:18:26.062 [FXGL Background Thread 3 ] DEBUG Engine               - scaledHeightProp$fxgl: DoubleProperty [bound, value: 833.0]
01:18:26.063 [FXGL Background Thread 3 ] DEBUG Engine               - scaledWidthProp$fxgl: DoubleProperty [bound, value: 1185.0]
01:18:26.063 [FXGL Background Thread 3 ] DEBUG Engine               - sceneFactory: com.almasb.fxgl.app.scene.SceneFactory@7f2af5bb
01:18:26.063 [FXGL Background Thread 3 ] DEBUG Engine               - secondsIn24h: 60
01:18:26.063 [FXGL Background Thread 3 ] DEBUG Engine               - soundMenuBack: menu/back.wav
01:18:26.063 [FXGL Background Thread 3 ] DEBUG Engine               - soundMenuPress: menu/press.wav
01:18:26.063 [FXGL Background Thread 3 ] DEBUG Engine               - soundMenuSelect: menu/select.wav
01:18:26.063 [FXGL Background Thread 3 ] DEBUG Engine               - soundNotification: core/notification.wav
01:18:26.063 [FXGL Background Thread 3 ] DEBUG Engine               - stageStyle: DECORATED
01:18:26.064 [FXGL Background Thread 3 ] DEBUG Engine               - supportedLanguages: [ENGLISH, FRENCH, GERMAN, HUNGARIAN, RUSSIAN]
01:18:26.064 [FXGL Background Thread 3 ] DEBUG Engine               - ticksPerSecond: -1
01:18:26.064 [FXGL Background Thread 3 ] DEBUG Engine               - title: Untitled
01:18:26.064 [FXGL Background Thread 3 ] DEBUG Engine               - urlGithub: https://github.com/AlmasB/FXGL
01:18:26.064 [FXGL Background Thread 3 ] DEBUG Engine               - urlLeaderboard: http://fxgl-top.herokuapp.com/
01:18:26.064 [FXGL Background Thread 3 ] DEBUG Engine               - urlPOM: https://raw.githubusercontent.com/AlmasB/FXGL/release/README.md
01:18:26.064 [FXGL Background Thread 3 ] DEBUG Engine               - userAppClass: class AppPruMov
01:18:26.064 [FXGL Background Thread 3 ] DEBUG Engine               - version: 0.0
01:18:26.065 [FXGL Background Thread 3 ] DEBUG Engine               - versionCheckDays: 7
01:18:26.065 [FXGL Background Thread 3 ] DEBUG Engine               - width: 1480
01:18:26.065 [FXGL Background Thread 3 ] DEBUG Engine               - Logging services
01:18:26.065 [FXGL Background Thread 3 ] DEBUG Engine               - class com.almasb.fxgl.app.services.FXGLAssetLoaderService
01:18:26.065 [FXGL Background Thread 3 ] DEBUG Engine               - class com.almasb.fxgl.app.FXGLApplication$GameApplicationService
01:18:26.065 [FXGL Background Thread 3 ] DEBUG Engine               - class com.almasb.fxgl.app.services.FXGLDialogService
01:18:26.065 [FXGL Background Thread 3 ] DEBUG Engine               - class com.almasb.fxgl.app.services.IOTaskExecutorService
01:18:26.065 [FXGL Background Thread 3 ] DEBUG Engine               - class com.almasb.fxgl.io.FileSystemService
01:18:26.066 [FXGL Background Thread 3 ] DEBUG Engine               - class com.almasb.fxgl.localization.LocalizationService
01:18:26.066 [FXGL Background Thread 3 ] DEBUG Engine               - class com.almasb.fxgl.app.services.SystemBundleService
01:18:26.066 [FXGL Background Thread 3 ] DEBUG Engine               - class com.almasb.fxgl.profile.SaveLoadService
01:18:26.066 [FXGL Background Thread 3 ] DEBUG Engine               - class com.almasb.fxgl.ui.FXGLUIFactoryServiceProvider
01:18:26.066 [FXGL Background Thread 3 ] DEBUG Engine               - class com.almasb.fxgl.ui.FXGLDialogFactoryServiceProvider
01:18:26.066 [FXGL Background Thread 3 ] DEBUG Engine               - class com.almasb.fxgl.audio.AudioPlayer
01:18:26.066 [FXGL Background Thread 3 ] DEBUG Engine               - class com.almasb.fxgl.notification.impl.NotificationServiceProvider
01:18:26.066 [FXGL Background Thread 3 ] DEBUG Engine               - class com.almasb.fxgl.achievement.AchievementService
01:18:26.066 [FXGL Background Thread 3 ] DEBUG Engine               - class com.almasb.fxgl.cutscene.CutsceneService
01:18:26.067 [FXGL Background Thread 3 ] DEBUG Engine               - class com.almasb.fxgl.minigames.MiniGameService
01:18:26.067 [FXGL Background Thread 3 ] DEBUG Engine               - class com.almasb.fxgl.net.NetService
01:18:26.067 [FXGL Background Thread 3 ] DEBUG Engine               - class com.almasb.fxgl.app.services.UpdaterService
01:18:26.067 [FXGL Background Thread 3 ] DEBUG Engine               - class com.almasb.fxgl.dev.DevService
01:18:29.429 [JavaFX Application Thread] DEBUG FXGLApplication      - Exiting FXGL
01:18:29.430 [JavaFX Application Thread] DEBUG LoopRunner           - Stopping loop
01:18:29.430 [JavaFX Application Thread] DEBUG SystemBundleService  - Saving FXGL system data
01:18:29.433 [JavaFX Application Thread] DEBUG FileSystemAccess     - Writing to: F:\Proyectos javafx\javafxgl\demoImageAnim\system\fxgl.bundle
01:18:29.435 [JavaFX Application Thread] DEBUG Async                - Shutting down background threads
01:18:29.435 [JavaFX Application Thread] DEBUG PrimaryStageWindow   - Closing main window
01:18:29.462 [JavaFX Application Thread] DEBUG Logger               - Closing Logger
