07:48:28.190 [main                     ] DEBUG Logger               - Configured Logger
07:48:28.220 [main                     ] DEBUG GameApplication      - Logging settings
Title: Untitled
Version: 0.0
Width: 1480
Height: 1020
Fullscreen: false
Intro: false
Profiling: false
Single step:false
App Mode: DEVELOPER
Menu Key: ESCAPE
Stage Style: DECORATED
Scene Factory: class com.almasb.fxgl.app.scene.SceneFactory

07:48:28.596 [JavaFX Application Thread] DEBUG FXGLApplication      - Initializing FXGL
07:48:28.607 [JavaFX Application Thread] INFO  Engine               - FXGL-21 (28.12.2023 13.35) on WINDOWS (J:21.0.1 FX:21.0.1)
07:48:28.607 [JavaFX Application Thread] DEBUG Engine               - JRE Vendor Name: Oracle Corporation
07:48:28.607 [JavaFX Application Thread] DEBUG Engine               - Running on OS: Windows 10 version 10.0
07:48:28.608 [JavaFX Application Thread] DEBUG Engine               - Architecture: amd64
07:48:28.608 [JavaFX Application Thread] INFO  Engine               - Source code and latest versions at: https://github.com/AlmasB/FXGL
07:48:28.608 [JavaFX Application Thread] INFO  Engine               -       Ask questions and discuss at: https://github.com/AlmasB/FXGL/discussions
07:48:28.608 [JavaFX Application Thread] INFO  Engine               -              Join the FXGL chat at: https://gitter.im/AlmasB/FXGL
07:48:28.727 [JavaFX Application Thread] DEBUG PrimaryStageWindow   - Creating a JavaFX scene
07:48:28.728 [JavaFX Application Thread] DEBUG PrimaryStageWindow   - Target size > screen size
07:48:28.781 [JavaFX Application Thread] DEBUG PrimaryStageWindow   - Target settings size: 1480.0 x 1020.0
07:48:28.781 [JavaFX Application Thread] DEBUG PrimaryStageWindow   - Scaled scene size:    1185.0 x 833.0
07:48:28.781 [JavaFX Application Thread] DEBUG PrimaryStageWindow   - Scaled ratio: (0.8006756756756757, 0.8166666666666667)
07:48:28.783 [JavaFX Application Thread] DEBUG PrimaryStageWindow   - Set initial scene to FXGLStartupScene
07:48:28.786 [JavaFX Application Thread] DEBUG PrimaryStageWindow   - Opening main window
07:48:28.891 [JavaFX Application Thread] DEBUG PrimaryStageWindow   - Window border size: (15.0, 38.20001220703125)
07:48:28.891 [JavaFX Application Thread] DEBUG PrimaryStageWindow   - Scaled size: 1185.0 x 833.0
07:48:28.892 [JavaFX Application Thread] DEBUG PrimaryStageWindow   - Scaled ratio: (0.8006756756756757, 0.8166666666666667)
07:48:28.892 [JavaFX Application Thread] DEBUG PrimaryStageWindow   - Scene size: 1185.0 x 833.0
07:48:28.892 [JavaFX Application Thread] DEBUG PrimaryStageWindow   - Stage size: 1200.0 x 871.2000122070312
07:48:28.902 [FXGL Background Thread 1 ] DEBUG Engine               - Initializing environment variables
07:48:29.002 [FXGL Background Thread 1 ] DEBUG FXGLAssetLoaderServi - User app class for loading assets: class App3
07:48:29.003 [FXGL Background Thread 1 ] DEBUG GameApplicationServi - Applying CSS: fxgl_dark.css
07:48:29.004 [FXGL Background Thread 1 ] DEBUG FXGLAssetLoaderServi - Loading from file system: jar:file:/C:/Users/Usuario/.m2/repository/com/github/almasb/fxgl/21/fxgl-21.jar!/fxglassets/ui/css/fxgl_dark.css
07:48:29.065 [FXGL Background Thread 1 ] DEBUG GameApplicationServi - Initializing application scenes
07:48:29.131 [FXGL Background Thread 1 ] DEBUG GameWorld            - Game world initialized
07:48:29.238 [FXGL Background Thread 1 ] DEBUG PhysicsWorld         - Physics world initialized: appHeight=1020, physics.ppm=50,0
07:48:29.239 [FXGL Background Thread 1 ] DEBUG PhysicsWorld         - Using strategy: BRUTE_FORCE
07:48:29.245 [FXGL Background Thread 1 ] DEBUG GameScene            - Game scene initialized: 1480x1020
07:48:29.264 [FXGL Background Thread 1 ] DEBUG FXGL.DefaultMenu     - createMenuBodyGameMenu()
07:48:29.280 [FXGL Background Thread 1 ] DEBUG FXGL.DefaultMenu     - createOptionsMenu()
07:48:29.289 [FXGL Background Thread 1 ] DEBUG FXGLAssetLoaderServi - Loading from file system: jar:file:/C:/Users/Usuario/.m2/repository/com/github/almasb/fxgl/21/fxgl-21.jar!/fxglassets/textures/particles/smoke.png
07:48:29.427 [FXGL Background Thread 1 ] DEBUG FXGLAssetLoaderServi - Loading from file system: jar:file:/C:/Users/Usuario/.m2/repository/com/github/almasb/fxgl/21/fxgl-21.jar!/fxglassets/textures/particles/trace_horizontal.png
07:48:29.454 [FXGL Background Thread 1 ] DEBUG GameApplicationServi - Application scenes initialized
07:48:29.468 [FXGL Background Thread 1 ] DEBUG SystemBundleService  - Loading FXGL system data
07:48:29.473 [FXGL Background Thread 1 ] DEBUG FileSystemAccess     - Reading from: F:\Proyectos javafx\javafxgl\demoImageAnim\system\fxgl.bundle
07:48:29.491 [FXGL Background Thread 1 ] DEBUG SystemBundleService  - Bundle FXGL: {}
07:48:29.491 [FXGL Background Thread 1 ] DEBUG UpdaterService       - Checking for updates
07:48:29.497 [FXGL Background Thread 4 ] DEBUG FXGLApplication      - Loading fonts
07:48:29.498 [FXGL Background Thread 4 ] DEBUG FXGLAssetLoaderServi - Loading from file system: jar:file:/C:/Users/Usuario/.m2/repository/com/github/almasb/fxgl/21/fxgl-21.jar!/fxglassets/ui/fonts/VarelaRound-Regular.ttf
07:48:29.500 [FXGL Background Thread 1 ] DEBUG FXGLApplication      - Loading default localization
07:48:29.501 [FXGL Background Thread 1 ] DEBUG FXGLAssetLoaderServi - Loading from file system: jar:file:/C:/Users/Usuario/.m2/repository/com/github/almasb/fxgl/21/fxgl-21.jar!/fxglassets/languages/english.lang
07:48:29.561 [FXGL Background Thread 4 ] DEBUG FXGLAssetLoaderServi - Loading from file system: jar:file:/C:/Users/Usuario/.m2/repository/com/github/almasb/fxgl/21/fxgl-21.jar!/fxglassets/ui/fonts/Abel-Regular.ttf
07:48:29.571 [FXGL Background Thread 1 ] INFO  FXGLApplication      - FXGL initialization took: 0,668 sec
07:48:29.573 [JavaFX Application Thread] DEBUG FXGLAssetLoaderServi - Loading from file system: jar:file:/C:/Users/Usuario/.m2/repository/com/github/almasb/fxgl/21/fxgl-21.jar!/fxglassets/textures/fxgl_icon.png
07:48:29.573 [FXGL Background Thread 4 ] DEBUG FXGLAssetLoaderServi - Loading from file system: jar:file:/C:/Users/Usuario/.m2/repository/com/github/almasb/fxgl/21/fxgl-21.jar!/fxglassets/ui/fonts/TerminalLandMono-Regular.otf
07:48:29.585 [FXGL Background Thread 4 ] DEBUG FXGLAssetLoaderServi - Loading from file system: jar:file:/C:/Users/Usuario/.m2/repository/com/github/almasb/fxgl/21/fxgl-21.jar!/fxglassets/ui/fonts/Courier-Prime.ttf
07:48:29.599 [JavaFX Application Thread] DEBUG FXGLAssetLoaderServi - Loading from file system: jar:file:/C:/Users/Usuario/.m2/repository/com/github/almasb/fxgl/21/fxgl-21.jar!/fxglassets/textures/fxgl_default_cursor.png
07:48:29.615 [JavaFX Application Thread] DEBUG Input                - Registered new binding: Screenshot - CTRL+8
07:48:29.616 [JavaFX Application Thread] DEBUG Input                - Registered new binding: System info dump - CTRL+9
07:48:29.618 [JavaFX Application Thread] DEBUG Input                - Registered new binding: Restart - CTRL+R
07:48:29.619 [JavaFX Application Thread] DEBUG Input                - Registered new binding: Toggle Debug Camera - CTRL+7
07:48:29.625 [JavaFX Application Thread] DEBUG LoopRunner           - Starting loop
07:48:29.625 [JavaFX Application Thread] DEBUG LoopRunner           - Initializing JavaFX AnimationTimerLoop
07:48:29.627 [JavaFX Application Thread] DEBUG GameApplicationServi - Starting new game
07:48:29.628 [JavaFX Application Thread] DEBUG Input                - Clearing active input actions
07:48:29.639 [JavaFX Application Thread] DEBUG GameApplicationServi - Removing overlay from FXGLStartupScene and adding to FXGLLoadingScene
07:48:29.639 [JavaFX Application Thread] DEBUG PrimaryStageWindow   - FXGLStartupScene -> FXGLLoadingScene
07:48:29.639 [JavaFX Application Thread] DEBUG GameApplicationServi - Clearing previous game
07:48:29.639 [JavaFX Application Thread] DEBUG GameScene            - Clearing game scene
07:48:29.639 [JavaFX Application Thread] DEBUG GameWorld            - Clearing game world
07:48:29.640 [JavaFX Application Thread] DEBUG PhysicsWorld         - Clearing physics world
07:48:29.641 [FXGL Background Thread 4 ] DEBUG FXGLApplication      - Initializing game
07:48:29.675 [FXGL Background Thread 4 ] INFO  FXGLApplication      - Game initialization took: 0,034 sec
07:48:29.706 [JavaFX Application Thread] DEBUG Input                - Clearing active input actions
07:48:29.725 [JavaFX Application Thread] DEBUG GameApplicationServi - Removing overlay from FXGLLoadingScene and adding to GameScene
07:48:29.725 [JavaFX Application Thread] DEBUG PrimaryStageWindow   - FXGLLoadingScene -> GameScene
07:48:32.407 [JavaFX Application Thread] DEBUG FXGLAssetLoaderServi - Loading from file system: file:/F:/Proyectos%20javafx/javafxgl/demoImageAnim/target/classes/assets/textures/sprite_pug.png
07:48:32.495 [FXGL Background Thread 3 ] DEBUG Engine               - Logging environment variables
07:48:32.495 [FXGL Background Thread 3 ] DEBUG Engine               - achievements: []
07:48:32.495 [FXGL Background Thread 3 ] DEBUG Engine               - actualHeight: 833.0
07:48:32.496 [FXGL Background Thread 3 ] DEBUG Engine               - actualHeightProperty: ReadOnlyDoubleProperty [value: 833.0]
07:48:32.496 [FXGL Background Thread 3 ] DEBUG Engine               - actualWidth: 1185.0
07:48:32.496 [FXGL Background Thread 3 ] DEBUG Engine               - actualWidthProperty: ReadOnlyDoubleProperty [value: 1185.0]
07:48:32.496 [FXGL Background Thread 3 ] DEBUG Engine               - appIcon: fxgl_icon.png
07:48:32.496 [FXGL Background Thread 3 ] DEBUG Engine               - applicationMode: DEVELOPER
07:48:32.496 [FXGL Background Thread 3 ] DEBUG Engine               - cSSList: [fxgl_dark.css]
07:48:32.496 [FXGL Background Thread 3 ] DEBUG Engine               - collisionDetectionStrategy: BRUTE_FORCE
07:48:32.496 [FXGL Background Thread 3 ] DEBUG Engine               - configClass: Optional.empty
07:48:32.496 [FXGL Background Thread 3 ] DEBUG Engine               - credits: []
07:48:32.496 [FXGL Background Thread 3 ] DEBUG Engine               - defaultCursor: CursorInfo(imageName=fxgl_default_cursor.png, hotspotX=7.0, hotspotY=6.0)
07:48:32.497 [FXGL Background Thread 3 ] DEBUG Engine               - devBBoxColorProperty: ObjectProperty [value: 0xff0000ff]
07:48:32.497 [FXGL Background Thread 3 ] DEBUG Engine               - devEnableDebugCameraProperty: BooleanProperty [value: false]
07:48:32.497 [FXGL Background Thread 3 ] DEBUG Engine               - devSensorColorProperty: ObjectProperty [value: 0xffff00ff]
07:48:32.497 [FXGL Background Thread 3 ] DEBUG Engine               - devShowBBoxProperty: BooleanProperty [value: false]
07:48:32.497 [FXGL Background Thread 3 ] DEBUG Engine               - devShowPositionProperty: BooleanProperty [value: false]
07:48:32.497 [FXGL Background Thread 3 ] DEBUG Engine               - enabledMenuItems: []
07:48:32.497 [FXGL Background Thread 3 ] DEBUG Engine               - engineServices: [class com.almasb.fxgl.app.services.FXGLAssetLoaderService, class com.almasb.fxgl.app.FXGLApplication$GameApplicationService, class com.almasb.fxgl.app.services.FXGLDialogService, class com.almasb.fxgl.app.services.IOTaskExecutorService, class com.almasb.fxgl.io.FileSystemService, class com.almasb.fxgl.localization.LocalizationService, class com.almasb.fxgl.app.services.SystemBundleService, class com.almasb.fxgl.profile.SaveLoadService, class com.almasb.fxgl.ui.FXGLUIFactoryServiceProvider, class com.almasb.fxgl.ui.FXGLDialogFactoryServiceProvider, class com.almasb.fxgl.audio.AudioPlayer, class com.almasb.fxgl.notification.impl.NotificationServiceProvider, class com.almasb.fxgl.achievement.AchievementService, class com.almasb.fxgl.cutscene.CutsceneService, class com.almasb.fxgl.minigames.MiniGameService, class com.almasb.fxgl.net.NetService, class com.almasb.fxgl.app.services.UpdaterService, class com.almasb.fxgl.dev.DevService]
07:48:32.497 [FXGL Background Thread 3 ] DEBUG Engine               - fontGame: Abel-Regular.ttf
07:48:32.497 [FXGL Background Thread 3 ] DEBUG Engine               - fontMono: TerminalLandMono-Regular.otf
07:48:32.497 [FXGL Background Thread 3 ] DEBUG Engine               - fontSizeScaleUI: 1.0
07:48:32.497 [FXGL Background Thread 3 ] DEBUG Engine               - fontText: Courier-Prime.ttf
07:48:32.497 [FXGL Background Thread 3 ] DEBUG Engine               - fontUI: VarelaRound-Regular.ttf
07:48:32.497 [FXGL Background Thread 3 ] DEBUG Engine               - fullScreen: BooleanProperty [value: false]
07:48:32.497 [FXGL Background Thread 3 ] DEBUG Engine               - gameDifficulty: MEDIUM
07:48:32.497 [FXGL Background Thread 3 ] DEBUG Engine               - gameDifficultyProperty: ObjectProperty [value: MEDIUM]
07:48:32.498 [FXGL Background Thread 3 ] DEBUG Engine               - globalMusicVolume: 0.5
07:48:32.498 [FXGL Background Thread 3 ] DEBUG Engine               - globalMusicVolumeProperty: DoubleProperty [value: 0.5]
07:48:32.498 [FXGL Background Thread 3 ] DEBUG Engine               - globalSoundVolume: 0.5
07:48:32.498 [FXGL Background Thread 3 ] DEBUG Engine               - globalSoundVolumeProperty: DoubleProperty [value: 0.5]
07:48:32.498 [FXGL Background Thread 3 ] DEBUG Engine               - height: 1020
07:48:32.498 [FXGL Background Thread 3 ] DEBUG Engine               - is3D: false
07:48:32.498 [FXGL Background Thread 3 ] DEBUG Engine               - isAndroid: false
07:48:32.498 [FXGL Background Thread 3 ] DEBUG Engine               - isBrowser: false
07:48:32.498 [FXGL Background Thread 3 ] DEBUG Engine               - isClickFeedbackEnabled: false
07:48:32.498 [FXGL Background Thread 3 ] DEBUG Engine               - isCloseConfirmation: false
07:48:32.498 [FXGL Background Thread 3 ] DEBUG Engine               - isDesktop: true
07:48:32.498 [FXGL Background Thread 3 ] DEBUG Engine               - isDeveloperMenuEnabled: false
07:48:32.498 [FXGL Background Thread 3 ] DEBUG Engine               - isEmbedded: false
07:48:32.499 [FXGL Background Thread 3 ] DEBUG Engine               - isEntityPreloadEnabled: true
07:48:32.499 [FXGL Background Thread 3 ] DEBUG Engine               - isExperimentalTiledLargeMap: false
07:48:32.499 [FXGL Background Thread 3 ] DEBUG Engine               - isFileSystemWriteAllowed: true
07:48:32.499 [FXGL Background Thread 3 ] DEBUG Engine               - isFullScreenAllowed: false
07:48:32.499 [FXGL Background Thread 3 ] DEBUG Engine               - isFullScreenFromStart: false
07:48:32.499 [FXGL Background Thread 3 ] DEBUG Engine               - isGameMenuEnabled: true
07:48:32.499 [FXGL Background Thread 3 ] DEBUG Engine               - isIOS: false
07:48:32.499 [FXGL Background Thread 3 ] DEBUG Engine               - isIntroEnabled: false
07:48:32.499 [FXGL Background Thread 3 ] DEBUG Engine               - isLinux: false
07:48:32.499 [FXGL Background Thread 3 ] DEBUG Engine               - isMac: false
07:48:32.499 [FXGL Background Thread 3 ] DEBUG Engine               - isMainMenuEnabled: false
07:48:32.500 [FXGL Background Thread 3 ] DEBUG Engine               - isManualResizeEnabled: false
07:48:32.500 [FXGL Background Thread 3 ] DEBUG Engine               - isMobile: false
07:48:32.500 [FXGL Background Thread 3 ] DEBUG Engine               - isNative: false
07:48:32.500 [FXGL Background Thread 3 ] DEBUG Engine               - isPauseMusicWhenMinimized: true
07:48:32.500 [FXGL Background Thread 3 ] DEBUG Engine               - isPreserveResizeRatio: false
07:48:32.500 [FXGL Background Thread 3 ] DEBUG Engine               - isProfilingEnabled: false
07:48:32.500 [FXGL Background Thread 3 ] DEBUG Engine               - isScaleAffectedOnResize: true
07:48:32.500 [FXGL Background Thread 3 ] DEBUG Engine               - isSingleStep: false
07:48:32.500 [FXGL Background Thread 3 ] DEBUG Engine               - isUserProfileEnabled: false
07:48:32.500 [FXGL Background Thread 3 ] DEBUG Engine               - isWindows: true
07:48:32.500 [FXGL Background Thread 3 ] DEBUG Engine               - language: ObjectProperty [value: ENGLISH]
07:48:32.500 [FXGL Background Thread 3 ] DEBUG Engine               - menuKey: ESCAPE
07:48:32.500 [FXGL Background Thread 3 ] DEBUG Engine               - mouseSensitivity: 0.2
07:48:32.500 [FXGL Background Thread 3 ] DEBUG Engine               - notificationViewClass: class com.almasb.fxgl.notification.view.XboxNotificationView
07:48:32.501 [FXGL Background Thread 3 ] DEBUG Engine               - pixelsPerMeter: 50.0
07:48:32.501 [FXGL Background Thread 3 ] DEBUG Engine               - platform: WINDOWS
07:48:32.501 [FXGL Background Thread 3 ] DEBUG Engine               - prefHeightProperty: ReadOnlyDoubleProperty [value: 1020.0]
07:48:32.501 [FXGL Background Thread 3 ] DEBUG Engine               - prefWidthProperty: ReadOnlyDoubleProperty [value: 1480.0]
07:48:32.501 [FXGL Background Thread 3 ] DEBUG Engine               - profileDir: profiles/
07:48:32.501 [FXGL Background Thread 3 ] DEBUG Engine               - profileName: StringProperty [value: DEFAULT]
07:48:32.501 [FXGL Background Thread 3 ] DEBUG Engine               - randomSeed: -1
07:48:32.501 [FXGL Background Thread 3 ] DEBUG Engine               - runtimeInfo: RuntimeInfo(platform=WINDOWS, version=21, build=28.12.2023 13.35)
07:48:32.501 [FXGL Background Thread 3 ] DEBUG Engine               - saveFileExt: sav
07:48:32.501 [FXGL Background Thread 3 ] DEBUG Engine               - scaledHeightProp$fxgl: DoubleProperty [bound, value: 833.0]
07:48:32.501 [FXGL Background Thread 3 ] DEBUG Engine               - scaledWidthProp$fxgl: DoubleProperty [bound, value: 1185.0]
07:48:32.502 [FXGL Background Thread 3 ] DEBUG Engine               - sceneFactory: com.almasb.fxgl.app.scene.SceneFactory@7b891017
07:48:32.502 [FXGL Background Thread 3 ] DEBUG Engine               - secondsIn24h: 60
07:48:32.502 [FXGL Background Thread 3 ] DEBUG Engine               - soundMenuBack: menu/back.wav
07:48:32.502 [FXGL Background Thread 3 ] DEBUG Engine               - soundMenuPress: menu/press.wav
07:48:32.502 [FXGL Background Thread 3 ] DEBUG Engine               - soundMenuSelect: menu/select.wav
07:48:32.502 [FXGL Background Thread 3 ] DEBUG Engine               - soundNotification: core/notification.wav
07:48:32.502 [FXGL Background Thread 3 ] DEBUG Engine               - stageStyle: DECORATED
07:48:32.502 [FXGL Background Thread 3 ] DEBUG Engine               - supportedLanguages: [ENGLISH, FRENCH, GERMAN, HUNGARIAN, RUSSIAN]
07:48:32.502 [FXGL Background Thread 3 ] DEBUG Engine               - ticksPerSecond: -1
07:48:32.502 [FXGL Background Thread 3 ] DEBUG Engine               - title: Untitled
07:48:32.502 [FXGL Background Thread 3 ] DEBUG Engine               - urlGithub: https://github.com/AlmasB/FXGL
07:48:32.502 [FXGL Background Thread 3 ] DEBUG Engine               - urlLeaderboard: http://fxgl-top.herokuapp.com/
07:48:32.502 [FXGL Background Thread 3 ] DEBUG Engine               - urlPOM: https://raw.githubusercontent.com/AlmasB/FXGL/release/README.md
07:48:32.502 [FXGL Background Thread 3 ] DEBUG Engine               - userAppClass: class App3
07:48:32.503 [FXGL Background Thread 3 ] DEBUG Engine               - version: 0.0
07:48:32.503 [FXGL Background Thread 3 ] DEBUG Engine               - versionCheckDays: 7
07:48:32.503 [FXGL Background Thread 3 ] DEBUG Engine               - width: 1480
07:48:32.503 [FXGL Background Thread 3 ] DEBUG Engine               - Logging services
07:48:32.503 [FXGL Background Thread 3 ] DEBUG Engine               - class com.almasb.fxgl.app.services.FXGLAssetLoaderService
07:48:32.503 [FXGL Background Thread 3 ] DEBUG Engine               - class com.almasb.fxgl.app.FXGLApplication$GameApplicationService
07:48:32.503 [FXGL Background Thread 3 ] DEBUG Engine               - class com.almasb.fxgl.app.services.FXGLDialogService
07:48:32.503 [FXGL Background Thread 3 ] DEBUG Engine               - class com.almasb.fxgl.app.services.IOTaskExecutorService
07:48:32.503 [FXGL Background Thread 3 ] DEBUG Engine               - class com.almasb.fxgl.io.FileSystemService
07:48:32.503 [FXGL Background Thread 3 ] DEBUG Engine               - class com.almasb.fxgl.localization.LocalizationService
07:48:32.503 [FXGL Background Thread 3 ] DEBUG Engine               - class com.almasb.fxgl.app.services.SystemBundleService
07:48:32.503 [FXGL Background Thread 3 ] DEBUG Engine               - class com.almasb.fxgl.profile.SaveLoadService
07:48:32.503 [FXGL Background Thread 3 ] DEBUG Engine               - class com.almasb.fxgl.ui.FXGLUIFactoryServiceProvider
07:48:32.503 [FXGL Background Thread 3 ] DEBUG Engine               - class com.almasb.fxgl.ui.FXGLDialogFactoryServiceProvider
07:48:32.503 [FXGL Background Thread 3 ] DEBUG Engine               - class com.almasb.fxgl.audio.AudioPlayer
07:48:32.504 [FXGL Background Thread 3 ] DEBUG Engine               - class com.almasb.fxgl.notification.impl.NotificationServiceProvider
07:48:32.504 [FXGL Background Thread 3 ] DEBUG Engine               - class com.almasb.fxgl.achievement.AchievementService
07:48:32.504 [FXGL Background Thread 3 ] DEBUG Engine               - class com.almasb.fxgl.cutscene.CutsceneService
07:48:32.504 [FXGL Background Thread 3 ] DEBUG Engine               - class com.almasb.fxgl.minigames.MiniGameService
07:48:32.504 [FXGL Background Thread 3 ] DEBUG Engine               - class com.almasb.fxgl.net.NetService
07:48:32.504 [FXGL Background Thread 3 ] DEBUG Engine               - class com.almasb.fxgl.app.services.UpdaterService
07:48:32.504 [FXGL Background Thread 3 ] DEBUG Engine               - class com.almasb.fxgl.dev.DevService
07:48:37.151 [JavaFX Application Thread] DEBUG FXGLApplication      - Exiting FXGL
07:48:37.151 [JavaFX Application Thread] DEBUG LoopRunner           - Stopping loop
07:48:37.151 [JavaFX Application Thread] DEBUG SystemBundleService  - Saving FXGL system data
07:48:37.153 [JavaFX Application Thread] DEBUG FileSystemAccess     - Writing to: F:\Proyectos javafx\javafxgl\demoImageAnim\system\fxgl.bundle
07:48:37.155 [JavaFX Application Thread] DEBUG Async                - Shutting down background threads
07:48:37.155 [JavaFX Application Thread] DEBUG PrimaryStageWindow   - Closing main window
07:48:37.172 [JavaFX Application Thread] DEBUG Logger               - Closing Logger
