16:42:59.770 [main                     ] DEBUG Logger               - Configured Logger
16:42:59.808 [main                     ] DEBUG GameApplication      - Logging settings
Title: Untitled
Version: 0.0
Width: 1480
Height: 1020
Fullscreen: false
Intro: false
Profiling: false
Single step:false
App Mode: DEVELOPER
Menu Key: ESCAPE
Stage Style: DECORATED
Scene Factory: class com.almasb.fxgl.app.scene.SceneFactory

16:43:00.402 [JavaFX Application Thread] DEBUG FXGLApplication      - Initializing FXGL
16:43:00.413 [JavaFX Application Thread] INFO  Engine               - FXGL-21 (28.12.2023 13.35) on WINDOWS (J:21.0.1 FX:21.0.1)
16:43:00.413 [JavaFX Application Thread] DEBUG Engine               - JRE Vendor Name: Oracle Corporation
16:43:00.413 [JavaFX Application Thread] DEBUG Engine               - Running on OS: Windows 10 version 10.0
16:43:00.414 [JavaFX Application Thread] DEBUG Engine               - Architecture: amd64
16:43:00.414 [JavaFX Application Thread] INFO  Engine               - Source code and latest versions at: https://github.com/AlmasB/FXGL
16:43:00.414 [JavaFX Application Thread] INFO  Engine               -       Ask questions and discuss at: https://github.com/AlmasB/FXGL/discussions
16:43:00.414 [JavaFX Application Thread] INFO  Engine               -              Join the FXGL chat at: https://gitter.im/AlmasB/FXGL
16:43:00.574 [JavaFX Application Thread] DEBUG PrimaryStageWindow   - Creating a JavaFX scene
16:43:00.574 [JavaFX Application Thread] DEBUG PrimaryStageWindow   - Target size > screen size
16:43:00.669 [JavaFX Application Thread] DEBUG PrimaryStageWindow   - Target settings size: 1480.0 x 1020.0
16:43:00.669 [JavaFX Application Thread] DEBUG PrimaryStageWindow   - Scaled scene size:    1185.0 x 833.0
16:43:00.669 [JavaFX Application Thread] DEBUG PrimaryStageWindow   - Scaled ratio: (0.8006756756756757, 0.8166666666666667)
16:43:00.671 [JavaFX Application Thread] DEBUG PrimaryStageWindow   - Set initial scene to FXGLStartupScene
16:43:00.674 [JavaFX Application Thread] DEBUG PrimaryStageWindow   - Opening main window
16:43:00.795 [JavaFX Application Thread] DEBUG PrimaryStageWindow   - Window border size: (15.0, 38.20001220703125)
16:43:00.795 [JavaFX Application Thread] DEBUG PrimaryStageWindow   - Scaled size: 1185.0 x 833.0
16:43:00.796 [JavaFX Application Thread] DEBUG PrimaryStageWindow   - Scaled ratio: (0.8006756756756757, 0.8166666666666667)
16:43:00.796 [JavaFX Application Thread] DEBUG PrimaryStageWindow   - Scene size: 1185.0 x 833.0
16:43:00.797 [JavaFX Application Thread] DEBUG PrimaryStageWindow   - Stage size: 1200.0 x 871.2000122070312
16:43:00.807 [FXGL Background Thread 1 ] DEBUG Engine               - Initializing environment variables
16:43:00.894 [FXGL Background Thread 1 ] DEBUG FXGLAssetLoaderServi - User app class for loading assets: class App2
16:43:00.894 [FXGL Background Thread 1 ] DEBUG GameApplicationServi - Applying CSS: fxgl_dark.css
16:43:00.895 [FXGL Background Thread 1 ] DEBUG FXGLAssetLoaderServi - Loading from file system: jar:file:/C:/Users/Usuario/.m2/repository/com/github/almasb/fxgl/21/fxgl-21.jar!/fxglassets/ui/css/fxgl_dark.css
16:43:00.946 [FXGL Background Thread 1 ] DEBUG GameApplicationServi - Initializing application scenes
16:43:00.996 [FXGL Background Thread 1 ] DEBUG GameWorld            - Game world initialized
16:43:01.085 [FXGL Background Thread 1 ] DEBUG PhysicsWorld         - Physics world initialized: appHeight=1020, physics.ppm=50,0
16:43:01.085 [FXGL Background Thread 1 ] DEBUG PhysicsWorld         - Using strategy: BRUTE_FORCE
16:43:01.089 [FXGL Background Thread 1 ] DEBUG GameScene            - Game scene initialized: 1480x1020
16:43:01.102 [FXGL Background Thread 1 ] DEBUG FXGL.DefaultMenu     - createMenuBodyGameMenu()
16:43:01.119 [FXGL Background Thread 1 ] DEBUG FXGL.DefaultMenu     - createOptionsMenu()
16:43:01.128 [FXGL Background Thread 1 ] DEBUG FXGLAssetLoaderServi - Loading from file system: jar:file:/C:/Users/Usuario/.m2/repository/com/github/almasb/fxgl/21/fxgl-21.jar!/fxglassets/textures/particles/smoke.png
16:43:01.262 [FXGL Background Thread 1 ] DEBUG FXGLAssetLoaderServi - Loading from file system: jar:file:/C:/Users/Usuario/.m2/repository/com/github/almasb/fxgl/21/fxgl-21.jar!/fxglassets/textures/particles/trace_horizontal.png
16:43:01.294 [FXGL Background Thread 1 ] DEBUG GameApplicationServi - Application scenes initialized
16:43:01.308 [FXGL Background Thread 1 ] DEBUG SystemBundleService  - Loading FXGL system data
16:43:01.313 [FXGL Background Thread 1 ] DEBUG FileSystemAccess     - Reading from: F:\Proyectos javafx\javafxgl\demoImageAnim\system\fxgl.bundle
16:43:01.322 [FXGL Background Thread 1 ] DEBUG SystemBundleService  - Bundle FXGL: {}
16:43:01.323 [FXGL Background Thread 1 ] DEBUG UpdaterService       - Checking for updates
16:43:01.327 [FXGL Background Thread 4 ] DEBUG FXGLApplication      - Loading fonts
16:43:01.328 [FXGL Background Thread 4 ] DEBUG FXGLAssetLoaderServi - Loading from file system: jar:file:/C:/Users/Usuario/.m2/repository/com/github/almasb/fxgl/21/fxgl-21.jar!/fxglassets/ui/fonts/VarelaRound-Regular.ttf
16:43:01.328 [FXGL Background Thread 1 ] DEBUG FXGLApplication      - Loading default localization
16:43:01.329 [FXGL Background Thread 1 ] DEBUG FXGLAssetLoaderServi - Loading from file system: jar:file:/C:/Users/Usuario/.m2/repository/com/github/almasb/fxgl/21/fxgl-21.jar!/fxglassets/languages/english.lang
16:43:01.367 [FXGL Background Thread 1 ] INFO  FXGLApplication      - FXGL initialization took: 0,561 sec
16:43:01.369 [JavaFX Application Thread] DEBUG FXGLAssetLoaderServi - Loading from file system: jar:file:/C:/Users/Usuario/.m2/repository/com/github/almasb/fxgl/21/fxgl-21.jar!/fxglassets/textures/fxgl_icon.png
16:43:01.373 [FXGL Background Thread 4 ] DEBUG FXGLAssetLoaderServi - Loading from file system: jar:file:/C:/Users/Usuario/.m2/repository/com/github/almasb/fxgl/21/fxgl-21.jar!/fxglassets/ui/fonts/Abel-Regular.ttf
16:43:01.385 [FXGL Background Thread 4 ] DEBUG FXGLAssetLoaderServi - Loading from file system: jar:file:/C:/Users/Usuario/.m2/repository/com/github/almasb/fxgl/21/fxgl-21.jar!/fxglassets/ui/fonts/TerminalLandMono-Regular.otf
16:43:01.397 [FXGL Background Thread 4 ] DEBUG FXGLAssetLoaderServi - Loading from file system: jar:file:/C:/Users/Usuario/.m2/repository/com/github/almasb/fxgl/21/fxgl-21.jar!/fxglassets/ui/fonts/Courier-Prime.ttf
16:43:01.398 [JavaFX Application Thread] DEBUG FXGLAssetLoaderServi - Loading from file system: jar:file:/C:/Users/Usuario/.m2/repository/com/github/almasb/fxgl/21/fxgl-21.jar!/fxglassets/textures/fxgl_default_cursor.png
16:43:01.411 [JavaFX Application Thread] DEBUG Input                - Registered new binding: Screenshot - CTRL+8
16:43:01.412 [JavaFX Application Thread] DEBUG Input                - Registered new binding: System info dump - CTRL+9
16:43:01.412 [JavaFX Application Thread] DEBUG Input                - Registered new binding: Restart - CTRL+R
16:43:01.413 [JavaFX Application Thread] DEBUG Input                - Registered new binding: Toggle Debug Camera - CTRL+7
16:43:01.417 [JavaFX Application Thread] DEBUG LoopRunner           - Starting loop
16:43:01.417 [JavaFX Application Thread] DEBUG LoopRunner           - Initializing JavaFX AnimationTimerLoop
16:43:01.421 [JavaFX Application Thread] DEBUG GameApplicationServi - Starting new game
16:43:01.421 [JavaFX Application Thread] DEBUG Input                - Clearing active input actions
16:43:01.433 [JavaFX Application Thread] DEBUG GameApplicationServi - Removing overlay from FXGLStartupScene and adding to FXGLLoadingScene
16:43:01.433 [JavaFX Application Thread] DEBUG PrimaryStageWindow   - FXGLStartupScene -> FXGLLoadingScene
16:43:01.433 [JavaFX Application Thread] DEBUG GameApplicationServi - Clearing previous game
16:43:01.433 [JavaFX Application Thread] DEBUG GameScene            - Clearing game scene
16:43:01.433 [JavaFX Application Thread] DEBUG GameWorld            - Clearing game world
16:43:01.434 [JavaFX Application Thread] DEBUG PhysicsWorld         - Clearing physics world
16:43:01.436 [JavaFX Application Thread] DEBUG FXGLApplication      - Registering font factories with UI factory
16:43:01.439 [FXGL Background Thread 4 ] DEBUG FXGLAssetLoaderServi - Loading from file system: file:/F:/Proyectos%20javafx/javafxgl/demoImageAnim/target/classes/assets/textures/robot_roll.png
16:43:01.645 [FXGL Background Thread 4 ] DEBUG FXGLAssetLoaderServi - Loading from file system: file:/F:/Proyectos%20javafx/javafxgl/demoImageAnim/target/classes/assets/textures/robot_death.png
16:43:01.812 [FXGL Background Thread 4 ] INFO  FXGLApplication      - Game initialization took: 0,376 sec
16:43:01.816 [JavaFX Application Thread] DEBUG Input                - Clearing active input actions
16:43:01.837 [JavaFX Application Thread] DEBUG GameApplicationServi - Removing overlay from FXGLLoadingScene and adding to GameScene
16:43:01.837 [JavaFX Application Thread] DEBUG PrimaryStageWindow   - FXGLLoadingScene -> GameScene
16:43:04.326 [FXGL Background Thread 3 ] DEBUG Engine               - Logging environment variables
16:43:04.328 [FXGL Background Thread 3 ] DEBUG Engine               - achievements: []
16:43:04.328 [FXGL Background Thread 3 ] DEBUG Engine               - actualHeight: 833.0
16:43:04.329 [FXGL Background Thread 3 ] DEBUG Engine               - actualHeightProperty: ReadOnlyDoubleProperty [value: 833.0]
16:43:04.329 [FXGL Background Thread 3 ] DEBUG Engine               - actualWidth: 1185.0
16:43:04.329 [FXGL Background Thread 3 ] DEBUG Engine               - actualWidthProperty: ReadOnlyDoubleProperty [value: 1185.0]
16:43:04.330 [FXGL Background Thread 3 ] DEBUG Engine               - appIcon: fxgl_icon.png
16:43:04.330 [FXGL Background Thread 3 ] DEBUG Engine               - applicationMode: DEVELOPER
16:43:04.330 [FXGL Background Thread 3 ] DEBUG Engine               - cSSList: [fxgl_dark.css]
16:43:04.330 [FXGL Background Thread 3 ] DEBUG Engine               - collisionDetectionStrategy: BRUTE_FORCE
16:43:04.330 [FXGL Background Thread 3 ] DEBUG Engine               - configClass: Optional.empty
16:43:04.331 [FXGL Background Thread 3 ] DEBUG Engine               - credits: []
16:43:04.332 [FXGL Background Thread 3 ] DEBUG Engine               - defaultCursor: CursorInfo(imageName=fxgl_default_cursor.png, hotspotX=7.0, hotspotY=6.0)
16:43:04.333 [FXGL Background Thread 3 ] DEBUG Engine               - devBBoxColorProperty: ObjectProperty [value: 0xff0000ff]
16:43:04.334 [FXGL Background Thread 3 ] DEBUG Engine               - devEnableDebugCameraProperty: BooleanProperty [value: false]
16:43:04.334 [FXGL Background Thread 3 ] DEBUG Engine               - devSensorColorProperty: ObjectProperty [value: 0xffff00ff]
16:43:04.335 [FXGL Background Thread 3 ] DEBUG Engine               - devShowBBoxProperty: BooleanProperty [value: false]
16:43:04.335 [FXGL Background Thread 3 ] DEBUG Engine               - devShowPositionProperty: BooleanProperty [value: false]
16:43:04.335 [FXGL Background Thread 3 ] DEBUG Engine               - enabledMenuItems: []
16:43:04.336 [FXGL Background Thread 3 ] DEBUG Engine               - engineServices: [class com.almasb.fxgl.app.services.FXGLAssetLoaderService, class com.almasb.fxgl.app.FXGLApplication$GameApplicationService, class com.almasb.fxgl.app.services.FXGLDialogService, class com.almasb.fxgl.app.services.IOTaskExecutorService, class com.almasb.fxgl.io.FileSystemService, class com.almasb.fxgl.localization.LocalizationService, class com.almasb.fxgl.app.services.SystemBundleService, class com.almasb.fxgl.profile.SaveLoadService, class com.almasb.fxgl.ui.FXGLUIFactoryServiceProvider, class com.almasb.fxgl.ui.FXGLDialogFactoryServiceProvider, class com.almasb.fxgl.audio.AudioPlayer, class com.almasb.fxgl.notification.impl.NotificationServiceProvider, class com.almasb.fxgl.achievement.AchievementService, class com.almasb.fxgl.cutscene.CutsceneService, class com.almasb.fxgl.minigames.MiniGameService, class com.almasb.fxgl.net.NetService, class com.almasb.fxgl.app.services.UpdaterService, class com.almasb.fxgl.dev.DevService]
16:43:04.336 [FXGL Background Thread 3 ] DEBUG Engine               - fontGame: Abel-Regular.ttf
16:43:04.336 [FXGL Background Thread 3 ] DEBUG Engine               - fontMono: TerminalLandMono-Regular.otf
16:43:04.337 [FXGL Background Thread 3 ] DEBUG Engine               - fontSizeScaleUI: 1.0
16:43:04.337 [FXGL Background Thread 3 ] DEBUG Engine               - fontText: Courier-Prime.ttf
16:43:04.337 [FXGL Background Thread 3 ] DEBUG Engine               - fontUI: VarelaRound-Regular.ttf
16:43:04.338 [FXGL Background Thread 3 ] DEBUG Engine               - fullScreen: BooleanProperty [value: false]
16:43:04.338 [FXGL Background Thread 3 ] DEBUG Engine               - gameDifficulty: MEDIUM
16:43:04.339 [FXGL Background Thread 3 ] DEBUG Engine               - gameDifficultyProperty: ObjectProperty [value: MEDIUM]
16:43:04.339 [FXGL Background Thread 3 ] DEBUG Engine               - globalMusicVolume: 0.5
16:43:04.339 [FXGL Background Thread 3 ] DEBUG Engine               - globalMusicVolumeProperty: DoubleProperty [value: 0.5]
16:43:04.340 [FXGL Background Thread 3 ] DEBUG Engine               - globalSoundVolume: 0.5
16:43:04.340 [FXGL Background Thread 3 ] DEBUG Engine               - globalSoundVolumeProperty: DoubleProperty [value: 0.5]
16:43:04.340 [FXGL Background Thread 3 ] DEBUG Engine               - height: 1020
16:43:04.340 [FXGL Background Thread 3 ] DEBUG Engine               - is3D: false
16:43:04.340 [FXGL Background Thread 3 ] DEBUG Engine               - isAndroid: false
16:43:04.341 [FXGL Background Thread 3 ] DEBUG Engine               - isBrowser: false
16:43:04.341 [FXGL Background Thread 3 ] DEBUG Engine               - isClickFeedbackEnabled: false
16:43:04.341 [FXGL Background Thread 3 ] DEBUG Engine               - isCloseConfirmation: false
16:43:04.341 [FXGL Background Thread 3 ] DEBUG Engine               - isDesktop: true
16:43:04.341 [FXGL Background Thread 3 ] DEBUG Engine               - isDeveloperMenuEnabled: false
16:43:04.342 [FXGL Background Thread 3 ] DEBUG Engine               - isEmbedded: false
16:43:04.342 [FXGL Background Thread 3 ] DEBUG Engine               - isEntityPreloadEnabled: true
16:43:04.342 [FXGL Background Thread 3 ] DEBUG Engine               - isExperimentalTiledLargeMap: false
16:43:04.342 [FXGL Background Thread 3 ] DEBUG Engine               - isFileSystemWriteAllowed: true
16:43:04.343 [FXGL Background Thread 3 ] DEBUG Engine               - isFullScreenAllowed: false
16:43:04.343 [FXGL Background Thread 3 ] DEBUG Engine               - isFullScreenFromStart: false
16:43:04.343 [FXGL Background Thread 3 ] DEBUG Engine               - isGameMenuEnabled: true
16:43:04.343 [FXGL Background Thread 3 ] DEBUG Engine               - isIOS: false
16:43:04.343 [FXGL Background Thread 3 ] DEBUG Engine               - isIntroEnabled: false
16:43:04.344 [FXGL Background Thread 3 ] DEBUG Engine               - isLinux: false
16:43:04.344 [FXGL Background Thread 3 ] DEBUG Engine               - isMac: false
16:43:04.344 [FXGL Background Thread 3 ] DEBUG Engine               - isMainMenuEnabled: false
16:43:04.344 [FXGL Background Thread 3 ] DEBUG Engine               - isManualResizeEnabled: false
16:43:04.345 [FXGL Background Thread 3 ] DEBUG Engine               - isMobile: false
16:43:04.345 [FXGL Background Thread 3 ] DEBUG Engine               - isNative: false
16:43:04.345 [FXGL Background Thread 3 ] DEBUG Engine               - isPauseMusicWhenMinimized: true
16:43:04.345 [FXGL Background Thread 3 ] DEBUG Engine               - isPreserveResizeRatio: false
16:43:04.346 [FXGL Background Thread 3 ] DEBUG Engine               - isProfilingEnabled: false
16:43:04.346 [FXGL Background Thread 3 ] DEBUG Engine               - isScaleAffectedOnResize: true
16:43:04.347 [FXGL Background Thread 3 ] DEBUG Engine               - isSingleStep: false
16:43:04.347 [FXGL Background Thread 3 ] DEBUG Engine               - isUserProfileEnabled: false
16:43:04.347 [FXGL Background Thread 3 ] DEBUG Engine               - isWindows: true
16:43:04.347 [FXGL Background Thread 3 ] DEBUG Engine               - language: ObjectProperty [value: ENGLISH]
16:43:04.347 [FXGL Background Thread 3 ] DEBUG Engine               - menuKey: ESCAPE
16:43:04.348 [FXGL Background Thread 3 ] DEBUG Engine               - mouseSensitivity: 0.2
16:43:04.348 [FXGL Background Thread 3 ] DEBUG Engine               - notificationViewClass: class com.almasb.fxgl.notification.view.XboxNotificationView
16:43:04.348 [FXGL Background Thread 3 ] DEBUG Engine               - pixelsPerMeter: 50.0
16:43:04.348 [FXGL Background Thread 3 ] DEBUG Engine               - platform: WINDOWS
16:43:04.349 [FXGL Background Thread 3 ] DEBUG Engine               - prefHeightProperty: ReadOnlyDoubleProperty [value: 1020.0]
16:43:04.349 [FXGL Background Thread 3 ] DEBUG Engine               - prefWidthProperty: ReadOnlyDoubleProperty [value: 1480.0]
16:43:04.349 [FXGL Background Thread 3 ] DEBUG Engine               - profileDir: profiles/
16:43:04.349 [FXGL Background Thread 3 ] DEBUG Engine               - profileName: StringProperty [value: DEFAULT]
16:43:04.349 [FXGL Background Thread 3 ] DEBUG Engine               - randomSeed: -1
16:43:04.350 [FXGL Background Thread 3 ] DEBUG Engine               - runtimeInfo: RuntimeInfo(platform=WINDOWS, version=21, build=28.12.2023 13.35)
16:43:04.351 [FXGL Background Thread 3 ] DEBUG Engine               - saveFileExt: sav
16:43:04.351 [FXGL Background Thread 3 ] DEBUG Engine               - scaledHeightProp$fxgl: DoubleProperty [bound, value: 833.0]
16:43:04.351 [FXGL Background Thread 3 ] DEBUG Engine               - scaledWidthProp$fxgl: DoubleProperty [bound, value: 1185.0]
16:43:04.352 [FXGL Background Thread 3 ] DEBUG Engine               - sceneFactory: com.almasb.fxgl.app.scene.SceneFactory@431e4fa8
16:43:04.352 [FXGL Background Thread 3 ] DEBUG Engine               - secondsIn24h: 60
16:43:04.352 [FXGL Background Thread 3 ] DEBUG Engine               - soundMenuBack: menu/back.wav
16:43:04.352 [FXGL Background Thread 3 ] DEBUG Engine               - soundMenuPress: menu/press.wav
16:43:04.353 [FXGL Background Thread 3 ] DEBUG Engine               - soundMenuSelect: menu/select.wav
16:43:04.353 [FXGL Background Thread 3 ] DEBUG Engine               - soundNotification: core/notification.wav
16:43:04.353 [FXGL Background Thread 3 ] DEBUG Engine               - stageStyle: DECORATED
16:43:04.353 [FXGL Background Thread 3 ] DEBUG Engine               - supportedLanguages: [ENGLISH, FRENCH, GERMAN, HUNGARIAN, RUSSIAN]
16:43:04.353 [FXGL Background Thread 3 ] DEBUG Engine               - ticksPerSecond: -1
16:43:04.354 [FXGL Background Thread 3 ] DEBUG Engine               - title: Untitled
16:43:04.354 [FXGL Background Thread 3 ] DEBUG Engine               - urlGithub: https://github.com/AlmasB/FXGL
16:43:04.354 [FXGL Background Thread 3 ] DEBUG Engine               - urlLeaderboard: http://fxgl-top.herokuapp.com/
16:43:04.354 [FXGL Background Thread 3 ] DEBUG Engine               - urlPOM: https://raw.githubusercontent.com/AlmasB/FXGL/release/README.md
16:43:04.354 [FXGL Background Thread 3 ] DEBUG Engine               - userAppClass: class App2
16:43:04.354 [FXGL Background Thread 3 ] DEBUG Engine               - version: 0.0
16:43:04.355 [FXGL Background Thread 3 ] DEBUG Engine               - versionCheckDays: 7
16:43:04.355 [FXGL Background Thread 3 ] DEBUG Engine               - width: 1480
16:43:04.355 [FXGL Background Thread 3 ] DEBUG Engine               - Logging services
16:43:04.355 [FXGL Background Thread 3 ] DEBUG Engine               - class com.almasb.fxgl.app.services.FXGLAssetLoaderService
16:43:04.355 [FXGL Background Thread 3 ] DEBUG Engine               - class com.almasb.fxgl.app.FXGLApplication$GameApplicationService
16:43:04.355 [FXGL Background Thread 3 ] DEBUG Engine               - class com.almasb.fxgl.app.services.FXGLDialogService
16:43:04.355 [FXGL Background Thread 3 ] DEBUG Engine               - class com.almasb.fxgl.app.services.IOTaskExecutorService
16:43:04.356 [FXGL Background Thread 3 ] DEBUG Engine               - class com.almasb.fxgl.io.FileSystemService
16:43:04.356 [FXGL Background Thread 3 ] DEBUG Engine               - class com.almasb.fxgl.localization.LocalizationService
16:43:04.356 [FXGL Background Thread 3 ] DEBUG Engine               - class com.almasb.fxgl.app.services.SystemBundleService
16:43:04.356 [FXGL Background Thread 3 ] DEBUG Engine               - class com.almasb.fxgl.profile.SaveLoadService
16:43:04.356 [FXGL Background Thread 3 ] DEBUG Engine               - class com.almasb.fxgl.ui.FXGLUIFactoryServiceProvider
16:43:04.356 [FXGL Background Thread 3 ] DEBUG Engine               - class com.almasb.fxgl.ui.FXGLDialogFactoryServiceProvider
16:43:04.356 [FXGL Background Thread 3 ] DEBUG Engine               - class com.almasb.fxgl.audio.AudioPlayer
16:43:04.356 [FXGL Background Thread 3 ] DEBUG Engine               - class com.almasb.fxgl.notification.impl.NotificationServiceProvider
16:43:04.356 [FXGL Background Thread 3 ] DEBUG Engine               - class com.almasb.fxgl.achievement.AchievementService
16:43:04.356 [FXGL Background Thread 3 ] DEBUG Engine               - class com.almasb.fxgl.cutscene.CutsceneService
16:43:04.356 [FXGL Background Thread 3 ] DEBUG Engine               - class com.almasb.fxgl.minigames.MiniGameService
16:43:04.357 [FXGL Background Thread 3 ] DEBUG Engine               - class com.almasb.fxgl.net.NetService
16:43:04.357 [FXGL Background Thread 3 ] DEBUG Engine               - class com.almasb.fxgl.app.services.UpdaterService
16:43:04.357 [FXGL Background Thread 3 ] DEBUG Engine               - class com.almasb.fxgl.dev.DevService
16:43:12.585 [JavaFX Application Thread] DEBUG FXGLApplication      - Exiting FXGL
16:43:12.585 [JavaFX Application Thread] DEBUG LoopRunner           - Stopping loop
16:43:12.585 [JavaFX Application Thread] DEBUG SystemBundleService  - Saving FXGL system data
16:43:12.587 [JavaFX Application Thread] DEBUG FileSystemAccess     - Writing to: F:\Proyectos javafx\javafxgl\demoImageAnim\system\fxgl.bundle
16:43:12.589 [JavaFX Application Thread] DEBUG Async                - Shutting down background threads
16:43:12.589 [JavaFX Application Thread] DEBUG PrimaryStageWindow   - Closing main window
16:43:12.604 [JavaFX Application Thread] DEBUG Logger               - Closing Logger
