19:48:47.032 [main                     ] DEBUG Logger               - Configured Logger
19:48:47.058 [main                     ] DEBUG GameApplication      - Logging settings
Title: DemoImage
Version: 0.0
Width: 800
Height: 600
Fullscreen: false
Intro: false
Profiling: false
Single step:false
App Mode: DEVELOPER
Menu Key: ESCAPE
Stage Style: DECORATED
Scene Factory: class com.almasb.fxgl.app.scene.SceneFactory

19:48:47.432 [JavaFX Application Thread] DEBUG FXGLApplication      - Initializing FXGL
19:48:47.442 [JavaFX Application Thread] INFO  Engine               - FXGL-21 (28.12.2023 13.35) on WINDOWS (J:21.0.1 FX:21.0.1)
19:48:47.442 [JavaFX Application Thread] DEBUG Engine               - JRE Vendor Name: Oracle Corporation
19:48:47.443 [JavaFX Application Thread] DEBUG Engine               - Running on OS: Windows 10 version 10.0
19:48:47.443 [JavaFX Application Thread] DEBUG Engine               - Architecture: amd64
19:48:47.443 [JavaFX Application Thread] INFO  Engine               - Source code and latest versions at: https://github.com/AlmasB/FXGL
19:48:47.443 [JavaFX Application Thread] INFO  Engine               -       Ask questions and discuss at: https://github.com/AlmasB/FXGL/discussions
19:48:47.443 [JavaFX Application Thread] INFO  Engine               -              Join the FXGL chat at: https://gitter.im/AlmasB/FXGL
19:48:47.573 [JavaFX Application Thread] DEBUG PrimaryStageWindow   - Creating a JavaFX scene
19:48:47.627 [JavaFX Application Thread] DEBUG PrimaryStageWindow   - Target settings size: 800.0 x 600.0
19:48:47.627 [JavaFX Application Thread] DEBUG PrimaryStageWindow   - Scaled scene size:    800.0 x 600.0
19:48:47.628 [JavaFX Application Thread] DEBUG PrimaryStageWindow   - Scaled ratio: (1.0, 1.0)
19:48:47.629 [JavaFX Application Thread] DEBUG PrimaryStageWindow   - Set initial scene to FXGLStartupScene
19:48:47.632 [JavaFX Application Thread] DEBUG PrimaryStageWindow   - Opening main window
19:48:47.738 [JavaFX Application Thread] DEBUG PrimaryStageWindow   - Window border size: (14.4000244140625, 37.5999755859375)
19:48:47.738 [JavaFX Application Thread] DEBUG PrimaryStageWindow   - Scaled size: 800.0 x 600.0
19:48:47.739 [JavaFX Application Thread] DEBUG PrimaryStageWindow   - Scaled ratio: (1.0, 1.0)
19:48:47.739 [JavaFX Application Thread] DEBUG PrimaryStageWindow   - Scene size: 800.0 x 600.0
19:48:47.740 [JavaFX Application Thread] DEBUG PrimaryStageWindow   - Stage size: 814.4000244140625 x 637.5999755859375
19:48:47.748 [FXGL Background Thread 1 ] DEBUG Engine               - Initializing environment variables
19:48:47.833 [FXGL Background Thread 1 ] DEBUG FXGLAssetLoaderServi - User app class for loading assets: class AppFinal
19:48:47.833 [FXGL Background Thread 1 ] DEBUG GameApplicationServi - Applying CSS: fxgl_dark.css
19:48:47.834 [FXGL Background Thread 1 ] DEBUG FXGLAssetLoaderServi - Loading from file system: jar:file:/C:/Users/Usuario/.m2/repository/com/github/almasb/fxgl/21/fxgl-21.jar!/fxglassets/ui/css/fxgl_dark.css
19:48:47.890 [FXGL Background Thread 1 ] DEBUG GameApplicationServi - Initializing application scenes
19:48:47.950 [FXGL Background Thread 1 ] DEBUG GameWorld            - Game world initialized
19:48:48.041 [FXGL Background Thread 1 ] DEBUG PhysicsWorld         - Physics world initialized: appHeight=600, physics.ppm=50,0
19:48:48.041 [FXGL Background Thread 1 ] DEBUG PhysicsWorld         - Using strategy: BRUTE_FORCE
19:48:48.046 [FXGL Background Thread 1 ] DEBUG GameScene            - Game scene initialized: 800x600
19:48:48.063 [FXGL Background Thread 1 ] DEBUG FXGL.DefaultMenu     - createMenuBodyGameMenu()
19:48:48.080 [FXGL Background Thread 1 ] DEBUG FXGL.DefaultMenu     - createOptionsMenu()
19:48:48.089 [FXGL Background Thread 1 ] DEBUG FXGLAssetLoaderServi - Loading from file system: jar:file:/C:/Users/Usuario/.m2/repository/com/github/almasb/fxgl/21/fxgl-21.jar!/fxglassets/textures/particles/smoke.png
19:48:48.199 [FXGL Background Thread 1 ] DEBUG FXGLAssetLoaderServi - Loading from file system: jar:file:/C:/Users/Usuario/.m2/repository/com/github/almasb/fxgl/21/fxgl-21.jar!/fxglassets/textures/particles/trace_horizontal.png
19:48:48.225 [FXGL Background Thread 1 ] DEBUG GameApplicationServi - Application scenes initialized
19:48:48.239 [FXGL Background Thread 1 ] DEBUG SystemBundleService  - Loading FXGL system data
19:48:48.242 [FXGL Background Thread 1 ] DEBUG FileSystemAccess     - Reading from: F:\Proyectos javafx\javafxgl\demoImageAnim\system\fxgl.bundle
19:48:48.251 [FXGL Background Thread 1 ] DEBUG SystemBundleService  - Bundle FXGL: {}
19:48:48.251 [FXGL Background Thread 1 ] DEBUG UpdaterService       - Checking for updates
19:48:48.255 [FXGL Background Thread 4 ] DEBUG FXGLApplication      - Loading fonts
19:48:48.256 [FXGL Background Thread 4 ] DEBUG FXGLAssetLoaderServi - Loading from file system: jar:file:/C:/Users/Usuario/.m2/repository/com/github/almasb/fxgl/21/fxgl-21.jar!/fxglassets/ui/fonts/VarelaRound-Regular.ttf
19:48:48.257 [FXGL Background Thread 1 ] DEBUG FXGLApplication      - Loading default localization
19:48:48.258 [FXGL Background Thread 1 ] DEBUG FXGLAssetLoaderServi - Loading from file system: jar:file:/C:/Users/Usuario/.m2/repository/com/github/almasb/fxgl/21/fxgl-21.jar!/fxglassets/languages/english.lang
19:48:48.302 [FXGL Background Thread 1 ] INFO  FXGLApplication      - FXGL initialization took: 0,554 sec
19:48:48.303 [FXGL Background Thread 4 ] DEBUG FXGLAssetLoaderServi - Loading from file system: jar:file:/C:/Users/Usuario/.m2/repository/com/github/almasb/fxgl/21/fxgl-21.jar!/fxglassets/ui/fonts/Abel-Regular.ttf
19:48:48.315 [FXGL Background Thread 4 ] DEBUG FXGLAssetLoaderServi - Loading from file system: jar:file:/C:/Users/Usuario/.m2/repository/com/github/almasb/fxgl/21/fxgl-21.jar!/fxglassets/ui/fonts/TerminalLandMono-Regular.otf
19:48:48.315 [JavaFX Application Thread] DEBUG Input                - Registered new binding: Move Left - A
19:48:48.315 [JavaFX Application Thread] DEBUG Input                - Registered new binding: Move Right - D
19:48:48.316 [JavaFX Application Thread] DEBUG Input                - Registered new binding: Move Up - W
19:48:48.317 [JavaFX Application Thread] DEBUG Input                - Registered new binding: Move Down - S
19:48:48.317 [JavaFX Application Thread] DEBUG FXGLAssetLoaderServi - Loading from file system: jar:file:/C:/Users/Usuario/.m2/repository/com/github/almasb/fxgl/21/fxgl-21.jar!/fxglassets/textures/fxgl_icon.png
19:48:48.327 [FXGL Background Thread 4 ] DEBUG FXGLAssetLoaderServi - Loading from file system: jar:file:/C:/Users/Usuario/.m2/repository/com/github/almasb/fxgl/21/fxgl-21.jar!/fxglassets/ui/fonts/Courier-Prime.ttf
19:48:48.344 [JavaFX Application Thread] DEBUG FXGLAssetLoaderServi - Loading from file system: jar:file:/C:/Users/Usuario/.m2/repository/com/github/almasb/fxgl/21/fxgl-21.jar!/fxglassets/textures/fxgl_default_cursor.png
19:48:48.348 [JavaFX Application Thread] DEBUG Input                - Registered new binding: Screenshot - CTRL+8
19:48:48.348 [JavaFX Application Thread] DEBUG Input                - Registered new binding: System info dump - CTRL+9
19:48:48.348 [JavaFX Application Thread] DEBUG Input                - Registered new binding: Restart - CTRL+R
19:48:48.349 [JavaFX Application Thread] DEBUG Input                - Registered new binding: Toggle Debug Camera - CTRL+7
19:48:48.353 [JavaFX Application Thread] DEBUG LoopRunner           - Starting loop
19:48:48.353 [JavaFX Application Thread] DEBUG LoopRunner           - Initializing JavaFX AnimationTimerLoop
19:48:48.354 [JavaFX Application Thread] DEBUG GameApplicationServi - Starting new game
19:48:48.354 [JavaFX Application Thread] DEBUG Input                - Clearing active input actions
19:48:48.368 [JavaFX Application Thread] DEBUG GameApplicationServi - Removing overlay from FXGLStartupScene and adding to FXGLLoadingScene
19:48:48.369 [JavaFX Application Thread] DEBUG PrimaryStageWindow   - FXGLStartupScene -> FXGLLoadingScene
19:48:48.369 [JavaFX Application Thread] DEBUG GameApplicationServi - Clearing previous game
19:48:48.369 [JavaFX Application Thread] DEBUG GameScene            - Clearing game scene
19:48:48.369 [JavaFX Application Thread] DEBUG GameWorld            - Clearing game world
19:48:48.369 [JavaFX Application Thread] DEBUG PhysicsWorld         - Clearing physics world
19:48:48.371 [FXGL Background Thread 4 ] DEBUG FXGLApplication      - Initializing game
19:48:48.386 [FXGL Background Thread 4 ] DEBUG FXGLAssetLoaderServi - Loading from file system: file:/F:/Proyectos%20javafx/javafxgl/demoImageAnim/target/classes/assets/textures/bosque.jpg
19:48:48.501 [FXGL Background Thread 4 ] DEBUG FXGLAssetLoaderServi - Loading from file system: file:/F:/Proyectos%20javafx/javafxgl/demoImageAnim/target/classes/assets/textures/sprite_pug.png
19:48:48.525 [FXGL Background Thread 4 ] INFO  FXGLApplication      - Game initialization took: 0,154 sec
19:48:48.526 [JavaFX Application Thread] DEBUG Input                - Clearing active input actions
19:48:48.540 [JavaFX Application Thread] DEBUG GameApplicationServi - Removing overlay from FXGLLoadingScene and adding to GameScene
19:48:48.540 [JavaFX Application Thread] DEBUG PrimaryStageWindow   - FXGLLoadingScene -> GameScene
19:48:50.805 [JavaFX Application Thread] DEBUG FXGLApplication      - Exiting FXGL
19:48:50.805 [JavaFX Application Thread] DEBUG LoopRunner           - Stopping loop
19:48:50.805 [JavaFX Application Thread] DEBUG SystemBundleService  - Saving FXGL system data
19:48:50.807 [JavaFX Application Thread] DEBUG FileSystemAccess     - Writing to: F:\Proyectos javafx\javafxgl\demoImageAnim\system\fxgl.bundle
19:48:50.809 [JavaFX Application Thread] DEBUG Async                - Shutting down background threads
19:48:50.810 [JavaFX Application Thread] DEBUG PrimaryStageWindow   - Closing main window
19:48:50.823 [JavaFX Application Thread] DEBUG Logger               - Closing Logger
