07:54:15.103 [main                     ] DEBUG Logger               - Configured Logger
07:54:15.125 [main                     ] DEBUG GameApplication      - Logging settings
Title: DemoImage
Version: 0.0
Width: 800
Height: 600
Fullscreen: false
Intro: false
Profiling: false
Single step:false
App Mode: DEVELOPER
Menu Key: ESCAPE
Stage Style: DECORATED
Scene Factory: class com.almasb.fxgl.app.scene.SceneFactory

07:54:15.656 [JavaFX Application Thread] DEBUG FXGLApplication      - Initializing FXGL
07:54:15.661 [JavaFX Application Thread] INFO  Engine               - FXGL-21 (28.12.2023 13.35) on WINDOWS (J:21.0.1 FX:21.0.1)
07:54:15.662 [JavaFX Application Thread] DEBUG Engine               - JRE Vendor Name: Oracle Corporation
07:54:15.662 [JavaFX Application Thread] DEBUG Engine               - Running on OS: Windows 10 version 10.0
07:54:15.662 [JavaFX Application Thread] DEBUG Engine               - Architecture: amd64
07:54:15.662 [JavaFX Application Thread] INFO  Engine               - Source code and latest versions at: https://github.com/AlmasB/FXGL
07:54:15.662 [JavaFX Application Thread] INFO  Engine               -       Ask questions and discuss at: https://github.com/AlmasB/FXGL/discussions
07:54:15.663 [JavaFX Application Thread] INFO  Engine               -              Join the FXGL chat at: https://gitter.im/AlmasB/FXGL
07:54:15.828 [JavaFX Application Thread] DEBUG PrimaryStageWindow   - Creating a JavaFX scene
07:54:15.890 [JavaFX Application Thread] DEBUG PrimaryStageWindow   - Target settings size: 800.0 x 600.0
07:54:15.891 [JavaFX Application Thread] DEBUG PrimaryStageWindow   - Scaled scene size:    800.0 x 600.0
07:54:15.891 [JavaFX Application Thread] DEBUG PrimaryStageWindow   - Scaled ratio: (1.0, 1.0)
07:54:15.892 [JavaFX Application Thread] DEBUG PrimaryStageWindow   - Set initial scene to FXGLStartupScene
07:54:15.895 [JavaFX Application Thread] DEBUG PrimaryStageWindow   - Opening main window
07:54:16.020 [JavaFX Application Thread] DEBUG PrimaryStageWindow   - Window border size: (14.4000244140625, 37.5999755859375)
07:54:16.020 [JavaFX Application Thread] DEBUG PrimaryStageWindow   - Scaled size: 800.0 x 600.0
07:54:16.021 [JavaFX Application Thread] DEBUG PrimaryStageWindow   - Scaled ratio: (1.0, 1.0)
07:54:16.021 [JavaFX Application Thread] DEBUG PrimaryStageWindow   - Scene size: 800.0 x 600.0
07:54:16.021 [JavaFX Application Thread] DEBUG PrimaryStageWindow   - Stage size: 814.4000244140625 x 637.5999755859375
07:54:16.031 [FXGL Background Thread 1 ] DEBUG Engine               - Initializing environment variables
07:54:16.131 [FXGL Background Thread 1 ] DEBUG FXGLAssetLoaderServi - User app class for loading assets: class App
07:54:16.131 [FXGL Background Thread 1 ] DEBUG GameApplicationServi - Applying CSS: fxgl_dark.css
07:54:16.133 [FXGL Background Thread 1 ] DEBUG FXGLAssetLoaderServi - Loading from file system: jar:file:/C:/Users/Usuario/.m2/repository/com/github/almasb/fxgl/21/fxgl-21.jar!/fxglassets/ui/css/fxgl_dark.css
07:54:16.181 [FXGL Background Thread 1 ] DEBUG GameApplicationServi - Initializing application scenes
07:54:16.230 [FXGL Background Thread 1 ] DEBUG GameWorld            - Game world initialized
07:54:16.337 [FXGL Background Thread 1 ] DEBUG PhysicsWorld         - Physics world initialized: appHeight=600, physics.ppm=50,0
07:54:16.337 [FXGL Background Thread 1 ] DEBUG PhysicsWorld         - Using strategy: BRUTE_FORCE
07:54:16.342 [FXGL Background Thread 1 ] DEBUG GameScene            - Game scene initialized: 800x600
07:54:16.358 [FXGL Background Thread 1 ] DEBUG FXGL.DefaultMenu     - createMenuBodyGameMenu()
07:54:16.375 [FXGL Background Thread 1 ] DEBUG FXGL.DefaultMenu     - createOptionsMenu()
07:54:16.386 [FXGL Background Thread 1 ] DEBUG FXGLAssetLoaderServi - Loading from file system: jar:file:/C:/Users/Usuario/.m2/repository/com/github/almasb/fxgl/21/fxgl-21.jar!/fxglassets/textures/particles/smoke.png
07:54:16.507 [FXGL Background Thread 1 ] DEBUG FXGLAssetLoaderServi - Loading from file system: jar:file:/C:/Users/Usuario/.m2/repository/com/github/almasb/fxgl/21/fxgl-21.jar!/fxglassets/textures/particles/trace_horizontal.png
07:54:16.537 [FXGL Background Thread 1 ] DEBUG GameApplicationServi - Application scenes initialized
07:54:16.551 [FXGL Background Thread 1 ] DEBUG SystemBundleService  - Loading FXGL system data
07:54:16.555 [FXGL Background Thread 1 ] DEBUG FileSystemAccess     - Reading from: F:\Proyectos javafx\javafxgl\demoImageAnim\system\fxgl.bundle
07:54:16.567 [FXGL Background Thread 1 ] DEBUG SystemBundleService  - Bundle FXGL: {}
07:54:16.568 [FXGL Background Thread 1 ] DEBUG UpdaterService       - Checking for updates
07:54:16.572 [FXGL Background Thread 4 ] DEBUG FXGLApplication      - Loading fonts
07:54:16.573 [FXGL Background Thread 4 ] DEBUG FXGLAssetLoaderServi - Loading from file system: jar:file:/C:/Users/Usuario/.m2/repository/com/github/almasb/fxgl/21/fxgl-21.jar!/fxglassets/ui/fonts/VarelaRound-Regular.ttf
07:54:16.574 [FXGL Background Thread 1 ] DEBUG FXGLApplication      - Loading default localization
07:54:16.575 [FXGL Background Thread 1 ] DEBUG FXGLAssetLoaderServi - Loading from file system: jar:file:/C:/Users/Usuario/.m2/repository/com/github/almasb/fxgl/21/fxgl-21.jar!/fxglassets/languages/english.lang
07:54:16.636 [FXGL Background Thread 1 ] INFO  FXGLApplication      - FXGL initialization took: 0,605 sec
07:54:16.652 [JavaFX Application Thread] DEBUG Input                - Registered new binding: action0 - A
07:54:16.653 [JavaFX Application Thread] DEBUG Input                - Registered new binding: action1 - D
07:54:16.653 [JavaFX Application Thread] DEBUG Input                - Registered new binding: action2 - W
07:54:16.654 [JavaFX Application Thread] DEBUG Input                - Registered new binding: action3 - S
07:54:16.654 [JavaFX Application Thread] DEBUG FXGLAssetLoaderServi - Loading from file system: jar:file:/C:/Users/Usuario/.m2/repository/com/github/almasb/fxgl/21/fxgl-21.jar!/fxglassets/textures/fxgl_icon.png
07:54:16.672 [FXGL Background Thread 4 ] DEBUG FXGLAssetLoaderServi - Loading from file system: jar:file:/C:/Users/Usuario/.m2/repository/com/github/almasb/fxgl/21/fxgl-21.jar!/fxglassets/ui/fonts/Abel-Regular.ttf
07:54:16.684 [JavaFX Application Thread] DEBUG FXGLAssetLoaderServi - Loading from file system: jar:file:/C:/Users/Usuario/.m2/repository/com/github/almasb/fxgl/21/fxgl-21.jar!/fxglassets/textures/fxgl_default_cursor.png
07:54:16.688 [JavaFX Application Thread] DEBUG Input                - Registered new binding: Screenshot - CTRL+8
07:54:16.689 [JavaFX Application Thread] DEBUG Input                - Registered new binding: System info dump - CTRL+9
07:54:16.689 [JavaFX Application Thread] DEBUG Input                - Registered new binding: Restart - CTRL+R
07:54:16.690 [JavaFX Application Thread] DEBUG Input                - Registered new binding: Toggle Debug Camera - CTRL+7
07:54:16.694 [JavaFX Application Thread] DEBUG LoopRunner           - Starting loop
07:54:16.695 [JavaFX Application Thread] DEBUG LoopRunner           - Initializing JavaFX AnimationTimerLoop
07:54:16.697 [JavaFX Application Thread] DEBUG GameApplicationServi - Starting new game
07:54:16.698 [FXGL Background Thread 4 ] DEBUG FXGLAssetLoaderServi - Loading from file system: jar:file:/C:/Users/Usuario/.m2/repository/com/github/almasb/fxgl/21/fxgl-21.jar!/fxglassets/ui/fonts/TerminalLandMono-Regular.otf
07:54:16.697 [JavaFX Application Thread] DEBUG Input                - Clearing active input actions
07:54:16.717 [JavaFX Application Thread] DEBUG GameApplicationServi - Removing overlay from FXGLStartupScene and adding to FXGLLoadingScene
07:54:16.717 [JavaFX Application Thread] DEBUG PrimaryStageWindow   - FXGLStartupScene -> FXGLLoadingScene
07:54:16.718 [JavaFX Application Thread] DEBUG GameApplicationServi - Clearing previous game
07:54:16.718 [JavaFX Application Thread] DEBUG GameScene            - Clearing game scene
07:54:16.718 [JavaFX Application Thread] DEBUG GameWorld            - Clearing game world
07:54:16.718 [JavaFX Application Thread] DEBUG PhysicsWorld         - Clearing physics world
07:54:16.721 [FXGL Background Thread 1 ] DEBUG FXGLApplication      - Initializing game
07:54:16.723 [FXGL Background Thread 1 ] INFO  FXGLApplication      - Game initialization took: 0,002 sec
07:54:16.725 [FXGL Background Thread 4 ] DEBUG FXGLAssetLoaderServi - Loading from file system: jar:file:/C:/Users/Usuario/.m2/repository/com/github/almasb/fxgl/21/fxgl-21.jar!/fxglassets/ui/fonts/Courier-Prime.ttf
07:54:16.792 [JavaFX Application Thread] DEBUG Input                - Clearing active input actions
07:54:16.802 [JavaFX Application Thread] DEBUG GameApplicationServi - Removing overlay from FXGLLoadingScene and adding to GameScene
07:54:16.802 [JavaFX Application Thread] DEBUG PrimaryStageWindow   - FXGLLoadingScene -> GameScene
07:54:16.802 [JavaFX Application Thread] DEBUG FXGLApplication      - Registering font factories with UI factory
07:54:19.039 [JavaFX Application Thread] DEBUG FXGLApplication      - Exiting FXGL
07:54:19.039 [JavaFX Application Thread] DEBUG LoopRunner           - Stopping loop
07:54:19.039 [JavaFX Application Thread] DEBUG SystemBundleService  - Saving FXGL system data
07:54:19.042 [JavaFX Application Thread] DEBUG FileSystemAccess     - Writing to: F:\Proyectos javafx\javafxgl\demoImageAnim\system\fxgl.bundle
07:54:19.044 [JavaFX Application Thread] DEBUG Async                - Shutting down background threads
07:54:19.044 [JavaFX Application Thread] DEBUG PrimaryStageWindow   - Closing main window
07:54:19.066 [JavaFX Application Thread] DEBUG Logger               - Closing Logger
