01:21:28.124 [main                     ] DEBUG Logger               - Configured Logger
01:21:28.159 [main                     ] DEBUG GameApplication      - Logging settings
Title: Untitled
Version: 0.0
Width: 1480
Height: 1020
Fullscreen: false
Intro: false
Profiling: false
Single step:false
App Mode: DEVELOPER
Menu Key: ESCAPE
Stage Style: DECORATED
Scene Factory: class com.almasb.fxgl.app.scene.SceneFactory

01:21:28.590 [JavaFX Application Thread] DEBUG FXGLApplication      - Initializing FXGL
01:21:28.595 [JavaFX Application Thread] INFO  Engine               - FXGL-21 (28.12.2023 13.35) on WINDOWS (J:21.0.1 FX:21.0.1)
01:21:28.596 [JavaFX Application Thread] DEBUG Engine               - JRE Vendor Name: Oracle Corporation
01:21:28.596 [JavaFX Application Thread] DEBUG Engine               - Running on OS: Windows 10 version 10.0
01:21:28.596 [JavaFX Application Thread] DEBUG Engine               - Architecture: amd64
01:21:28.596 [JavaFX Application Thread] INFO  Engine               - Source code and latest versions at: https://github.com/AlmasB/FXGL
01:21:28.597 [JavaFX Application Thread] INFO  Engine               -       Ask questions and discuss at: https://github.com/AlmasB/FXGL/discussions
01:21:28.597 [JavaFX Application Thread] INFO  Engine               -              Join the FXGL chat at: https://gitter.im/AlmasB/FXGL
01:21:28.734 [JavaFX Application Thread] DEBUG PrimaryStageWindow   - Creating a JavaFX scene
01:21:28.735 [JavaFX Application Thread] DEBUG PrimaryStageWindow   - Target size > screen size
01:21:28.793 [JavaFX Application Thread] DEBUG PrimaryStageWindow   - Target settings size: 1480.0 x 1020.0
01:21:28.794 [JavaFX Application Thread] DEBUG PrimaryStageWindow   - Scaled scene size:    1185.0 x 833.0
01:21:28.794 [JavaFX Application Thread] DEBUG PrimaryStageWindow   - Scaled ratio: (0.8006756756756757, 0.8166666666666667)
01:21:28.795 [JavaFX Application Thread] DEBUG PrimaryStageWindow   - Set initial scene to FXGLStartupScene
01:21:28.800 [JavaFX Application Thread] DEBUG PrimaryStageWindow   - Opening main window
01:21:28.919 [JavaFX Application Thread] DEBUG PrimaryStageWindow   - Window border size: (15.0, 38.20001220703125)
01:21:28.920 [JavaFX Application Thread] DEBUG PrimaryStageWindow   - Scaled size: 1185.0 x 833.0
01:21:28.920 [JavaFX Application Thread] DEBUG PrimaryStageWindow   - Scaled ratio: (0.8006756756756757, 0.8166666666666667)
01:21:28.921 [JavaFX Application Thread] DEBUG PrimaryStageWindow   - Scene size: 1185.0 x 833.0
01:21:28.922 [JavaFX Application Thread] DEBUG PrimaryStageWindow   - Stage size: 1200.0 x 871.2000122070312
01:21:28.932 [FXGL Background Thread 1 ] DEBUG Engine               - Initializing environment variables
01:21:29.029 [FXGL Background Thread 1 ] DEBUG FXGLAssetLoaderServi - User app class for loading assets: class AppPruMov
01:21:29.030 [FXGL Background Thread 1 ] DEBUG GameApplicationServi - Applying CSS: fxgl_dark.css
01:21:29.031 [FXGL Background Thread 1 ] DEBUG FXGLAssetLoaderServi - Loading from file system: jar:file:/C:/Users/Usuario/.m2/repository/com/github/almasb/fxgl/21/fxgl-21.jar!/fxglassets/ui/css/fxgl_dark.css
01:21:29.084 [FXGL Background Thread 1 ] DEBUG GameApplicationServi - Initializing application scenes
01:21:29.145 [FXGL Background Thread 1 ] DEBUG GameWorld            - Game world initialized
01:21:29.236 [FXGL Background Thread 1 ] DEBUG PhysicsWorld         - Physics world initialized: appHeight=1020, physics.ppm=50,0
01:21:29.236 [FXGL Background Thread 1 ] DEBUG PhysicsWorld         - Using strategy: BRUTE_FORCE
01:21:29.242 [FXGL Background Thread 1 ] DEBUG GameScene            - Game scene initialized: 1480x1020
01:21:29.260 [FXGL Background Thread 1 ] DEBUG FXGL.DefaultMenu     - createMenuBodyGameMenu()
01:21:29.277 [FXGL Background Thread 1 ] DEBUG FXGL.DefaultMenu     - createOptionsMenu()
01:21:29.286 [FXGL Background Thread 1 ] DEBUG FXGLAssetLoaderServi - Loading from file system: jar:file:/C:/Users/Usuario/.m2/repository/com/github/almasb/fxgl/21/fxgl-21.jar!/fxglassets/textures/particles/smoke.png
01:21:29.398 [FXGL Background Thread 1 ] DEBUG FXGLAssetLoaderServi - Loading from file system: jar:file:/C:/Users/Usuario/.m2/repository/com/github/almasb/fxgl/21/fxgl-21.jar!/fxglassets/textures/particles/trace_horizontal.png
01:21:29.424 [FXGL Background Thread 1 ] DEBUG GameApplicationServi - Application scenes initialized
01:21:29.439 [FXGL Background Thread 1 ] DEBUG SystemBundleService  - Loading FXGL system data
01:21:29.443 [FXGL Background Thread 1 ] DEBUG FileSystemAccess     - Reading from: F:\Proyectos javafx\javafxgl\demoImageAnim\system\fxgl.bundle
01:21:29.452 [FXGL Background Thread 1 ] DEBUG SystemBundleService  - Bundle FXGL: {}
01:21:29.453 [FXGL Background Thread 1 ] DEBUG UpdaterService       - Checking for updates
01:21:29.457 [FXGL Background Thread 4 ] DEBUG FXGLApplication      - Loading fonts
01:21:29.458 [FXGL Background Thread 4 ] DEBUG FXGLAssetLoaderServi - Loading from file system: jar:file:/C:/Users/Usuario/.m2/repository/com/github/almasb/fxgl/21/fxgl-21.jar!/fxglassets/ui/fonts/VarelaRound-Regular.ttf
01:21:29.460 [FXGL Background Thread 1 ] DEBUG FXGLApplication      - Loading default localization
01:21:29.461 [FXGL Background Thread 1 ] DEBUG FXGLAssetLoaderServi - Loading from file system: jar:file:/C:/Users/Usuario/.m2/repository/com/github/almasb/fxgl/21/fxgl-21.jar!/fxglassets/languages/english.lang
01:21:29.504 [FXGL Background Thread 1 ] INFO  FXGLApplication      - FXGL initialization took: 0,573 sec
01:21:29.506 [JavaFX Application Thread] DEBUG FXGLAssetLoaderServi - Loading from file system: jar:file:/C:/Users/Usuario/.m2/repository/com/github/almasb/fxgl/21/fxgl-21.jar!/fxglassets/textures/fxgl_icon.png
01:21:29.511 [FXGL Background Thread 4 ] DEBUG FXGLAssetLoaderServi - Loading from file system: jar:file:/C:/Users/Usuario/.m2/repository/com/github/almasb/fxgl/21/fxgl-21.jar!/fxglassets/ui/fonts/Abel-Regular.ttf
01:21:29.521 [FXGL Background Thread 4 ] DEBUG FXGLAssetLoaderServi - Loading from file system: jar:file:/C:/Users/Usuario/.m2/repository/com/github/almasb/fxgl/21/fxgl-21.jar!/fxglassets/ui/fonts/TerminalLandMono-Regular.otf
01:21:29.534 [FXGL Background Thread 4 ] DEBUG FXGLAssetLoaderServi - Loading from file system: jar:file:/C:/Users/Usuario/.m2/repository/com/github/almasb/fxgl/21/fxgl-21.jar!/fxglassets/ui/fonts/Courier-Prime.ttf
01:21:29.536 [JavaFX Application Thread] DEBUG FXGLAssetLoaderServi - Loading from file system: jar:file:/C:/Users/Usuario/.m2/repository/com/github/almasb/fxgl/21/fxgl-21.jar!/fxglassets/textures/fxgl_default_cursor.png
01:21:29.557 [JavaFX Application Thread] DEBUG Input                - Registered new binding: Screenshot - CTRL+8
01:21:29.557 [JavaFX Application Thread] DEBUG Input                - Registered new binding: System info dump - CTRL+9
01:21:29.558 [JavaFX Application Thread] DEBUG Input                - Registered new binding: Restart - CTRL+R
01:21:29.558 [JavaFX Application Thread] DEBUG Input                - Registered new binding: Toggle Debug Camera - CTRL+7
01:21:29.562 [JavaFX Application Thread] DEBUG LoopRunner           - Starting loop
01:21:29.563 [JavaFX Application Thread] DEBUG LoopRunner           - Initializing JavaFX AnimationTimerLoop
01:21:29.565 [JavaFX Application Thread] DEBUG GameApplicationServi - Starting new game
01:21:29.565 [JavaFX Application Thread] DEBUG Input                - Clearing active input actions
01:21:29.577 [JavaFX Application Thread] DEBUG GameApplicationServi - Removing overlay from FXGLStartupScene and adding to FXGLLoadingScene
01:21:29.578 [JavaFX Application Thread] DEBUG PrimaryStageWindow   - FXGLStartupScene -> FXGLLoadingScene
01:21:29.578 [JavaFX Application Thread] DEBUG GameApplicationServi - Clearing previous game
01:21:29.578 [JavaFX Application Thread] DEBUG GameScene            - Clearing game scene
01:21:29.578 [JavaFX Application Thread] DEBUG GameWorld            - Clearing game world
01:21:29.578 [JavaFX Application Thread] DEBUG PhysicsWorld         - Clearing physics world
01:21:29.580 [FXGL Background Thread 4 ] DEBUG FXGLApplication      - Initializing game
01:21:29.580 [JavaFX Application Thread] DEBUG FXGLApplication      - Registering font factories with UI factory
01:21:29.582 [FXGL Background Thread 4 ] DEBUG FXGLAssetLoaderServi - Loading from file system: file:/F:/Proyectos%20javafx/javafxgl/demoImageAnim/target/classes/assets/textures/character_base_16x16.png
01:21:29.597 [FXGL Background Thread 4 ] WARN  FXGLAssetLoaderServi - Asset "/assets/textures/characterr_base_16x16.png" was not found!
01:21:29.597 [FXGL Background Thread 4 ] WARN  FXGLAssetLoaderServi - Failed to load IMAGE
01:21:29.736 [FXGL Background Thread 4 ] INFO  FXGLApplication      - Game initialization took: 0,156 sec
01:21:29.737 [JavaFX Application Thread] DEBUG Input                - Clearing active input actions
01:21:29.753 [JavaFX Application Thread] DEBUG GameApplicationServi - Removing overlay from FXGLLoadingScene and adding to GameScene
01:21:29.754 [JavaFX Application Thread] DEBUG PrimaryStageWindow   - FXGLLoadingScene -> GameScene
01:21:32.458 [FXGL Background Thread 3 ] DEBUG Engine               - Logging environment variables
01:21:32.459 [FXGL Background Thread 3 ] DEBUG Engine               - achievements: []
01:21:32.460 [FXGL Background Thread 3 ] DEBUG Engine               - actualHeight: 833.0
01:21:32.460 [FXGL Background Thread 3 ] DEBUG Engine               - actualHeightProperty: ReadOnlyDoubleProperty [value: 833.0]
01:21:32.460 [FXGL Background Thread 3 ] DEBUG Engine               - actualWidth: 1185.0
01:21:32.460 [FXGL Background Thread 3 ] DEBUG Engine               - actualWidthProperty: ReadOnlyDoubleProperty [value: 1185.0]
01:21:32.461 [FXGL Background Thread 3 ] DEBUG Engine               - appIcon: fxgl_icon.png
01:21:32.461 [FXGL Background Thread 3 ] DEBUG Engine               - applicationMode: DEVELOPER
01:21:32.461 [FXGL Background Thread 3 ] DEBUG Engine               - cSSList: [fxgl_dark.css]
01:21:32.461 [FXGL Background Thread 3 ] DEBUG Engine               - collisionDetectionStrategy: BRUTE_FORCE
01:21:32.461 [FXGL Background Thread 3 ] DEBUG Engine               - configClass: Optional.empty
01:21:32.461 [FXGL Background Thread 3 ] DEBUG Engine               - credits: []
01:21:32.462 [FXGL Background Thread 3 ] DEBUG Engine               - defaultCursor: CursorInfo(imageName=fxgl_default_cursor.png, hotspotX=7.0, hotspotY=6.0)
01:21:32.463 [FXGL Background Thread 3 ] DEBUG Engine               - devBBoxColorProperty: ObjectProperty [value: 0xff0000ff]
01:21:32.463 [FXGL Background Thread 3 ] DEBUG Engine               - devEnableDebugCameraProperty: BooleanProperty [value: false]
01:21:32.463 [FXGL Background Thread 3 ] DEBUG Engine               - devSensorColorProperty: ObjectProperty [value: 0xffff00ff]
01:21:32.463 [FXGL Background Thread 3 ] DEBUG Engine               - devShowBBoxProperty: BooleanProperty [value: false]
01:21:32.463 [FXGL Background Thread 3 ] DEBUG Engine               - devShowPositionProperty: BooleanProperty [value: false]
01:21:32.464 [FXGL Background Thread 3 ] DEBUG Engine               - enabledMenuItems: []
01:21:32.464 [FXGL Background Thread 3 ] DEBUG Engine               - engineServices: [class com.almasb.fxgl.app.services.FXGLAssetLoaderService, class com.almasb.fxgl.app.FXGLApplication$GameApplicationService, class com.almasb.fxgl.app.services.FXGLDialogService, class com.almasb.fxgl.app.services.IOTaskExecutorService, class com.almasb.fxgl.io.FileSystemService, class com.almasb.fxgl.localization.LocalizationService, class com.almasb.fxgl.app.services.SystemBundleService, class com.almasb.fxgl.profile.SaveLoadService, class com.almasb.fxgl.ui.FXGLUIFactoryServiceProvider, class com.almasb.fxgl.ui.FXGLDialogFactoryServiceProvider, class com.almasb.fxgl.audio.AudioPlayer, class com.almasb.fxgl.notification.impl.NotificationServiceProvider, class com.almasb.fxgl.achievement.AchievementService, class com.almasb.fxgl.cutscene.CutsceneService, class com.almasb.fxgl.minigames.MiniGameService, class com.almasb.fxgl.net.NetService, class com.almasb.fxgl.app.services.UpdaterService, class com.almasb.fxgl.dev.DevService]
01:21:32.464 [FXGL Background Thread 3 ] DEBUG Engine               - fontGame: Abel-Regular.ttf
01:21:32.464 [FXGL Background Thread 3 ] DEBUG Engine               - fontMono: TerminalLandMono-Regular.otf
01:21:32.464 [FXGL Background Thread 3 ] DEBUG Engine               - fontSizeScaleUI: 1.0
01:21:32.465 [FXGL Background Thread 3 ] DEBUG Engine               - fontText: Courier-Prime.ttf
01:21:32.465 [FXGL Background Thread 3 ] DEBUG Engine               - fontUI: VarelaRound-Regular.ttf
01:21:32.465 [FXGL Background Thread 3 ] DEBUG Engine               - fullScreen: BooleanProperty [value: false]
01:21:32.465 [FXGL Background Thread 3 ] DEBUG Engine               - gameDifficulty: MEDIUM
01:21:32.466 [FXGL Background Thread 3 ] DEBUG Engine               - gameDifficultyProperty: ObjectProperty [value: MEDIUM]
01:21:32.466 [FXGL Background Thread 3 ] DEBUG Engine               - globalMusicVolume: 0.5
01:21:32.466 [FXGL Background Thread 3 ] DEBUG Engine               - globalMusicVolumeProperty: DoubleProperty [value: 0.5]
01:21:32.466 [FXGL Background Thread 3 ] DEBUG Engine               - globalSoundVolume: 0.5
01:21:32.466 [FXGL Background Thread 3 ] DEBUG Engine               - globalSoundVolumeProperty: DoubleProperty [value: 0.5]
01:21:32.467 [FXGL Background Thread 3 ] DEBUG Engine               - height: 1020
01:21:32.467 [FXGL Background Thread 3 ] DEBUG Engine               - is3D: false
01:21:32.467 [FXGL Background Thread 3 ] DEBUG Engine               - isAndroid: false
01:21:32.467 [FXGL Background Thread 3 ] DEBUG Engine               - isBrowser: false
01:21:32.467 [FXGL Background Thread 3 ] DEBUG Engine               - isClickFeedbackEnabled: false
01:21:32.467 [FXGL Background Thread 3 ] DEBUG Engine               - isCloseConfirmation: false
01:21:32.468 [FXGL Background Thread 3 ] DEBUG Engine               - isDesktop: true
01:21:32.468 [FXGL Background Thread 3 ] DEBUG Engine               - isDeveloperMenuEnabled: false
01:21:32.468 [FXGL Background Thread 3 ] DEBUG Engine               - isEmbedded: false
01:21:32.468 [FXGL Background Thread 3 ] DEBUG Engine               - isEntityPreloadEnabled: true
01:21:32.468 [FXGL Background Thread 3 ] DEBUG Engine               - isExperimentalTiledLargeMap: false
01:21:32.468 [FXGL Background Thread 3 ] DEBUG Engine               - isFileSystemWriteAllowed: true
01:21:32.469 [FXGL Background Thread 3 ] DEBUG Engine               - isFullScreenAllowed: false
01:21:32.469 [FXGL Background Thread 3 ] DEBUG Engine               - isFullScreenFromStart: false
01:21:32.469 [FXGL Background Thread 3 ] DEBUG Engine               - isGameMenuEnabled: true
01:21:32.469 [FXGL Background Thread 3 ] DEBUG Engine               - isIOS: false
01:21:32.469 [FXGL Background Thread 3 ] DEBUG Engine               - isIntroEnabled: false
01:21:32.469 [FXGL Background Thread 3 ] DEBUG Engine               - isLinux: false
01:21:32.469 [FXGL Background Thread 3 ] DEBUG Engine               - isMac: false
01:21:32.470 [FXGL Background Thread 3 ] DEBUG Engine               - isMainMenuEnabled: false
01:21:32.470 [FXGL Background Thread 3 ] DEBUG Engine               - isManualResizeEnabled: false
01:21:32.470 [FXGL Background Thread 3 ] DEBUG Engine               - isMobile: false
01:21:32.470 [FXGL Background Thread 3 ] DEBUG Engine               - isNative: false
01:21:32.470 [FXGL Background Thread 3 ] DEBUG Engine               - isPauseMusicWhenMinimized: true
01:21:32.470 [FXGL Background Thread 3 ] DEBUG Engine               - isPreserveResizeRatio: false
01:21:32.471 [FXGL Background Thread 3 ] DEBUG Engine               - isProfilingEnabled: false
01:21:32.471 [FXGL Background Thread 3 ] DEBUG Engine               - isScaleAffectedOnResize: true
01:21:32.471 [FXGL Background Thread 3 ] DEBUG Engine               - isSingleStep: false
01:21:32.471 [FXGL Background Thread 3 ] DEBUG Engine               - isUserProfileEnabled: false
01:21:32.471 [FXGL Background Thread 3 ] DEBUG Engine               - isWindows: true
01:21:32.471 [FXGL Background Thread 3 ] DEBUG Engine               - language: ObjectProperty [value: ENGLISH]
01:21:32.472 [FXGL Background Thread 3 ] DEBUG Engine               - menuKey: ESCAPE
01:21:32.472 [FXGL Background Thread 3 ] DEBUG Engine               - mouseSensitivity: 0.2
01:21:32.472 [FXGL Background Thread 3 ] DEBUG Engine               - notificationViewClass: class com.almasb.fxgl.notification.view.XboxNotificationView
01:21:32.472 [FXGL Background Thread 3 ] DEBUG Engine               - pixelsPerMeter: 50.0
01:21:32.472 [FXGL Background Thread 3 ] DEBUG Engine               - platform: WINDOWS
01:21:32.472 [FXGL Background Thread 3 ] DEBUG Engine               - prefHeightProperty: ReadOnlyDoubleProperty [value: 1020.0]
01:21:32.473 [FXGL Background Thread 3 ] DEBUG Engine               - prefWidthProperty: ReadOnlyDoubleProperty [value: 1480.0]
01:21:32.473 [FXGL Background Thread 3 ] DEBUG Engine               - profileDir: profiles/
01:21:32.473 [FXGL Background Thread 3 ] DEBUG Engine               - profileName: StringProperty [value: DEFAULT]
01:21:32.473 [FXGL Background Thread 3 ] DEBUG Engine               - randomSeed: -1
01:21:32.474 [FXGL Background Thread 3 ] DEBUG Engine               - runtimeInfo: RuntimeInfo(platform=WINDOWS, version=21, build=28.12.2023 13.35)
01:21:32.474 [FXGL Background Thread 3 ] DEBUG Engine               - saveFileExt: sav
01:21:32.474 [FXGL Background Thread 3 ] DEBUG Engine               - scaledHeightProp$fxgl: DoubleProperty [bound, value: 833.0]
01:21:32.474 [FXGL Background Thread 3 ] DEBUG Engine               - scaledWidthProp$fxgl: DoubleProperty [bound, value: 1185.0]
01:21:32.474 [FXGL Background Thread 3 ] DEBUG Engine               - sceneFactory: com.almasb.fxgl.app.scene.SceneFactory@27795a7e
01:21:32.475 [FXGL Background Thread 3 ] DEBUG Engine               - secondsIn24h: 60
01:21:32.475 [FXGL Background Thread 3 ] DEBUG Engine               - soundMenuBack: menu/back.wav
01:21:32.475 [FXGL Background Thread 3 ] DEBUG Engine               - soundMenuPress: menu/press.wav
01:21:32.475 [FXGL Background Thread 3 ] DEBUG Engine               - soundMenuSelect: menu/select.wav
01:21:32.475 [FXGL Background Thread 3 ] DEBUG Engine               - soundNotification: core/notification.wav
01:21:32.475 [FXGL Background Thread 3 ] DEBUG Engine               - stageStyle: DECORATED
01:21:32.475 [FXGL Background Thread 3 ] DEBUG Engine               - supportedLanguages: [ENGLISH, FRENCH, GERMAN, HUNGARIAN, RUSSIAN]
01:21:32.475 [FXGL Background Thread 3 ] DEBUG Engine               - ticksPerSecond: -1
01:21:32.476 [FXGL Background Thread 3 ] DEBUG Engine               - title: Untitled
01:21:32.476 [FXGL Background Thread 3 ] DEBUG Engine               - urlGithub: https://github.com/AlmasB/FXGL
01:21:32.476 [FXGL Background Thread 3 ] DEBUG Engine               - urlLeaderboard: http://fxgl-top.herokuapp.com/
01:21:32.476 [FXGL Background Thread 3 ] DEBUG Engine               - urlPOM: https://raw.githubusercontent.com/AlmasB/FXGL/release/README.md
01:21:32.476 [FXGL Background Thread 3 ] DEBUG Engine               - userAppClass: class AppPruMov
01:21:32.477 [FXGL Background Thread 3 ] DEBUG Engine               - version: 0.0
01:21:32.477 [FXGL Background Thread 3 ] DEBUG Engine               - versionCheckDays: 7
01:21:32.477 [FXGL Background Thread 3 ] DEBUG Engine               - width: 1480
01:21:32.477 [FXGL Background Thread 3 ] DEBUG Engine               - Logging services
01:21:32.477 [FXGL Background Thread 3 ] DEBUG Engine               - class com.almasb.fxgl.app.services.FXGLAssetLoaderService
01:21:32.477 [FXGL Background Thread 3 ] DEBUG Engine               - class com.almasb.fxgl.app.FXGLApplication$GameApplicationService
01:21:32.477 [FXGL Background Thread 3 ] DEBUG Engine               - class com.almasb.fxgl.app.services.FXGLDialogService
01:21:32.478 [FXGL Background Thread 3 ] DEBUG Engine               - class com.almasb.fxgl.app.services.IOTaskExecutorService
01:21:32.478 [FXGL Background Thread 3 ] DEBUG Engine               - class com.almasb.fxgl.io.FileSystemService
01:21:32.478 [FXGL Background Thread 3 ] DEBUG Engine               - class com.almasb.fxgl.localization.LocalizationService
01:21:32.478 [FXGL Background Thread 3 ] DEBUG Engine               - class com.almasb.fxgl.app.services.SystemBundleService
01:21:32.478 [FXGL Background Thread 3 ] DEBUG Engine               - class com.almasb.fxgl.profile.SaveLoadService
01:21:32.478 [FXGL Background Thread 3 ] DEBUG Engine               - class com.almasb.fxgl.ui.FXGLUIFactoryServiceProvider
01:21:32.478 [FXGL Background Thread 3 ] DEBUG Engine               - class com.almasb.fxgl.ui.FXGLDialogFactoryServiceProvider
01:21:32.478 [FXGL Background Thread 3 ] DEBUG Engine               - class com.almasb.fxgl.audio.AudioPlayer
01:21:32.479 [FXGL Background Thread 3 ] DEBUG Engine               - class com.almasb.fxgl.notification.impl.NotificationServiceProvider
01:21:32.479 [FXGL Background Thread 3 ] DEBUG Engine               - class com.almasb.fxgl.achievement.AchievementService
01:21:32.479 [FXGL Background Thread 3 ] DEBUG Engine               - class com.almasb.fxgl.cutscene.CutsceneService
01:21:32.479 [FXGL Background Thread 3 ] DEBUG Engine               - class com.almasb.fxgl.minigames.MiniGameService
01:21:32.479 [FXGL Background Thread 3 ] DEBUG Engine               - class com.almasb.fxgl.net.NetService
01:21:32.479 [FXGL Background Thread 3 ] DEBUG Engine               - class com.almasb.fxgl.app.services.UpdaterService
01:21:32.479 [FXGL Background Thread 3 ] DEBUG Engine               - class com.almasb.fxgl.dev.DevService
01:21:32.724 [JavaFX Application Thread] DEBUG FXGLApplication      - Exiting FXGL
01:21:32.724 [JavaFX Application Thread] DEBUG LoopRunner           - Stopping loop
01:21:32.724 [JavaFX Application Thread] DEBUG SystemBundleService  - Saving FXGL system data
01:21:32.726 [JavaFX Application Thread] DEBUG FileSystemAccess     - Writing to: F:\Proyectos javafx\javafxgl\demoImageAnim\system\fxgl.bundle
01:21:32.728 [JavaFX Application Thread] DEBUG Async                - Shutting down background threads
01:21:32.729 [JavaFX Application Thread] DEBUG PrimaryStageWindow   - Closing main window
01:21:32.752 [JavaFX Application Thread] DEBUG Logger               - Closing Logger
