08:25:00.893 [main                     ] DEBUG Logger               - Configured Logger
08:25:00.920 [main                     ] DEBUG GameApplication      - Logging settings
Title: DemoImage
Version: 0.0
Width: 800
Height: 600
Fullscreen: false
Intro: false
Profiling: false
Single step:false
App Mode: DEVELOPER
Menu Key: ESCAPE
Stage Style: DECORATED
Scene Factory: class com.almasb.fxgl.app.scene.SceneFactory

08:25:01.418 [JavaFX Application Thread] DEBUG FXGLApplication      - Initializing FXGL
08:25:01.424 [JavaFX Application Thread] INFO  Engine               - FXGL-21 (28.12.2023 13.35) on WINDOWS (J:21.0.1 FX:21.0.1)
08:25:01.424 [JavaFX Application Thread] DEBUG Engine               - JRE Vendor Name: Oracle Corporation
08:25:01.424 [JavaFX Application Thread] DEBUG Engine               - Running on OS: Windows 10 version 10.0
08:25:01.424 [JavaFX Application Thread] DEBUG Engine               - Architecture: amd64
08:25:01.424 [JavaFX Application Thread] INFO  Engine               - Source code and latest versions at: https://github.com/AlmasB/FXGL
08:25:01.425 [JavaFX Application Thread] INFO  Engine               -       Ask questions and discuss at: https://github.com/AlmasB/FXGL/discussions
08:25:01.425 [JavaFX Application Thread] INFO  Engine               -              Join the FXGL chat at: https://gitter.im/AlmasB/FXGL
08:25:01.577 [JavaFX Application Thread] DEBUG PrimaryStageWindow   - Creating a JavaFX scene
08:25:01.643 [JavaFX Application Thread] DEBUG PrimaryStageWindow   - Target settings size: 800.0 x 600.0
08:25:01.643 [JavaFX Application Thread] DEBUG PrimaryStageWindow   - Scaled scene size:    800.0 x 600.0
08:25:01.644 [JavaFX Application Thread] DEBUG PrimaryStageWindow   - Scaled ratio: (1.0, 1.0)
08:25:01.645 [JavaFX Application Thread] DEBUG PrimaryStageWindow   - Set initial scene to FXGLStartupScene
08:25:01.648 [JavaFX Application Thread] DEBUG PrimaryStageWindow   - Opening main window
08:25:01.774 [JavaFX Application Thread] DEBUG PrimaryStageWindow   - Window border size: (14.4000244140625, 37.5999755859375)
08:25:01.775 [JavaFX Application Thread] DEBUG PrimaryStageWindow   - Scaled size: 800.0 x 600.0
08:25:01.775 [JavaFX Application Thread] DEBUG PrimaryStageWindow   - Scaled ratio: (1.0, 1.0)
08:25:01.775 [JavaFX Application Thread] DEBUG PrimaryStageWindow   - Scene size: 800.0 x 600.0
08:25:01.776 [JavaFX Application Thread] DEBUG PrimaryStageWindow   - Stage size: 814.4000244140625 x 637.5999755859375
08:25:01.784 [FXGL Background Thread 1 ] DEBUG Engine               - Initializing environment variables
08:25:01.867 [FXGL Background Thread 1 ] DEBUG FXGLAssetLoaderServi - User app class for loading assets: class App
08:25:01.868 [FXGL Background Thread 1 ] DEBUG GameApplicationServi - Applying CSS: fxgl_dark.css
08:25:01.868 [FXGL Background Thread 1 ] DEBUG FXGLAssetLoaderServi - Loading from file system: jar:file:/C:/Users/Usuario/.m2/repository/com/github/almasb/fxgl/21/fxgl-21.jar!/fxglassets/ui/css/fxgl_dark.css
08:25:01.915 [FXGL Background Thread 1 ] DEBUG GameApplicationServi - Initializing application scenes
08:25:01.966 [FXGL Background Thread 1 ] DEBUG GameWorld            - Game world initialized
08:25:02.059 [FXGL Background Thread 1 ] DEBUG PhysicsWorld         - Physics world initialized: appHeight=600, physics.ppm=50,0
08:25:02.059 [FXGL Background Thread 1 ] DEBUG PhysicsWorld         - Using strategy: BRUTE_FORCE
08:25:02.065 [FXGL Background Thread 1 ] DEBUG GameScene            - Game scene initialized: 800x600
08:25:02.081 [FXGL Background Thread 1 ] DEBUG FXGL.DefaultMenu     - createMenuBodyGameMenu()
08:25:02.098 [FXGL Background Thread 1 ] DEBUG FXGL.DefaultMenu     - createOptionsMenu()
08:25:02.108 [FXGL Background Thread 1 ] DEBUG FXGLAssetLoaderServi - Loading from file system: jar:file:/C:/Users/Usuario/.m2/repository/com/github/almasb/fxgl/21/fxgl-21.jar!/fxglassets/textures/particles/smoke.png
08:25:02.256 [FXGL Background Thread 1 ] DEBUG FXGLAssetLoaderServi - Loading from file system: jar:file:/C:/Users/Usuario/.m2/repository/com/github/almasb/fxgl/21/fxgl-21.jar!/fxglassets/textures/particles/trace_horizontal.png
08:25:02.285 [FXGL Background Thread 1 ] DEBUG GameApplicationServi - Application scenes initialized
08:25:02.299 [FXGL Background Thread 1 ] DEBUG SystemBundleService  - Loading FXGL system data
08:25:02.304 [FXGL Background Thread 1 ] DEBUG FileSystemAccess     - Reading from: F:\Proyectos javafx\javafxgl\demoImageAnim\system\fxgl.bundle
08:25:02.316 [FXGL Background Thread 1 ] DEBUG SystemBundleService  - Bundle FXGL: {}
08:25:02.316 [FXGL Background Thread 1 ] DEBUG UpdaterService       - Checking for updates
08:25:02.321 [FXGL Background Thread 4 ] DEBUG FXGLApplication      - Loading fonts
08:25:02.322 [FXGL Background Thread 4 ] DEBUG FXGLAssetLoaderServi - Loading from file system: jar:file:/C:/Users/Usuario/.m2/repository/com/github/almasb/fxgl/21/fxgl-21.jar!/fxglassets/ui/fonts/VarelaRound-Regular.ttf
08:25:02.323 [FXGL Background Thread 1 ] DEBUG FXGLApplication      - Loading default localization
08:25:02.324 [FXGL Background Thread 1 ] DEBUG FXGLAssetLoaderServi - Loading from file system: jar:file:/C:/Users/Usuario/.m2/repository/com/github/almasb/fxgl/21/fxgl-21.jar!/fxglassets/languages/english.lang
08:25:02.387 [FXGL Background Thread 1 ] INFO  FXGLApplication      - FXGL initialization took: 0,603 sec
08:25:02.391 [FXGL Background Thread 4 ] DEBUG FXGLAssetLoaderServi - Loading from file system: jar:file:/C:/Users/Usuario/.m2/repository/com/github/almasb/fxgl/21/fxgl-21.jar!/fxglassets/ui/fonts/Abel-Regular.ttf
08:25:02.401 [JavaFX Application Thread] DEBUG Input                - Registered new binding: Move Left - A
08:25:02.401 [JavaFX Application Thread] DEBUG Input                - Registered new binding: Move Right - D
08:25:02.402 [JavaFX Application Thread] DEBUG Input                - Registered new binding: Move Up - W
08:25:02.402 [JavaFX Application Thread] DEBUG Input                - Registered new binding: Move Down - S
08:25:02.403 [JavaFX Application Thread] DEBUG FXGLAssetLoaderServi - Loading from file system: jar:file:/C:/Users/Usuario/.m2/repository/com/github/almasb/fxgl/21/fxgl-21.jar!/fxglassets/textures/fxgl_icon.png
08:25:02.411 [FXGL Background Thread 4 ] DEBUG FXGLAssetLoaderServi - Loading from file system: jar:file:/C:/Users/Usuario/.m2/repository/com/github/almasb/fxgl/21/fxgl-21.jar!/fxglassets/ui/fonts/TerminalLandMono-Regular.otf
08:25:02.425 [FXGL Background Thread 4 ] DEBUG FXGLAssetLoaderServi - Loading from file system: jar:file:/C:/Users/Usuario/.m2/repository/com/github/almasb/fxgl/21/fxgl-21.jar!/fxglassets/ui/fonts/Courier-Prime.ttf
08:25:02.438 [JavaFX Application Thread] DEBUG FXGLAssetLoaderServi - Loading from file system: jar:file:/C:/Users/Usuario/.m2/repository/com/github/almasb/fxgl/21/fxgl-21.jar!/fxglassets/textures/fxgl_default_cursor.png
08:25:02.442 [JavaFX Application Thread] DEBUG Input                - Registered new binding: Screenshot - CTRL+8
08:25:02.443 [JavaFX Application Thread] DEBUG Input                - Registered new binding: System info dump - CTRL+9
08:25:02.443 [JavaFX Application Thread] DEBUG Input                - Registered new binding: Restart - CTRL+R
08:25:02.444 [JavaFX Application Thread] DEBUG Input                - Registered new binding: Toggle Debug Camera - CTRL+7
08:25:02.447 [JavaFX Application Thread] DEBUG LoopRunner           - Starting loop
08:25:02.448 [JavaFX Application Thread] DEBUG LoopRunner           - Initializing JavaFX AnimationTimerLoop
08:25:02.450 [JavaFX Application Thread] DEBUG GameApplicationServi - Starting new game
08:25:02.450 [JavaFX Application Thread] DEBUG Input                - Clearing active input actions
08:25:02.463 [JavaFX Application Thread] DEBUG GameApplicationServi - Removing overlay from FXGLStartupScene and adding to FXGLLoadingScene
08:25:02.463 [JavaFX Application Thread] DEBUG PrimaryStageWindow   - FXGLStartupScene -> FXGLLoadingScene
08:25:02.463 [JavaFX Application Thread] DEBUG GameApplicationServi - Clearing previous game
08:25:02.464 [JavaFX Application Thread] DEBUG GameScene            - Clearing game scene
08:25:02.464 [JavaFX Application Thread] DEBUG GameWorld            - Clearing game world
08:25:02.464 [JavaFX Application Thread] DEBUG PhysicsWorld         - Clearing physics world
08:25:02.466 [FXGL Background Thread 4 ] DEBUG FXGLApplication      - Initializing game
08:25:02.468 [JavaFX Application Thread] DEBUG FXGLApplication      - Registering font factories with UI factory
08:25:02.481 [FXGL Background Thread 4 ] DEBUG FXGLAssetLoaderServi - Loading from file system: file:/F:/Proyectos%20javafx/javafxgl/demoImageAnim/target/classes/assets/textures/bosque.jpg
08:25:02.610 [FXGL Background Thread 4 ] INFO  FXGLApplication      - Game initialization took: 0,145 sec
08:25:02.633 [JavaFX Application Thread] DEBUG Input                - Clearing active input actions
08:25:02.647 [JavaFX Application Thread] DEBUG GameApplicationServi - Removing overlay from FXGLLoadingScene and adding to GameScene
08:25:02.647 [JavaFX Application Thread] DEBUG PrimaryStageWindow   - FXGLLoadingScene -> GameScene
08:25:03.276 [JavaFX Application Thread] DEBUG LoopRunner           - Stopping loop
08:25:03.280 [JavaFX Application Thread] FATAL FXGLApplication      - Uncaught Exception:
java.lang.IllegalArgumentException: Component PlayerComponent not found!
	at com.almasb.fxgl.entity.Entity.getComponent(Entity.java:366)
	at App.lambda$initInput$1(App.java:43)
	at com.almasb.fxgl.dsl.FXGL$Companion$onKey$1.onAction(FXGL.kt:493)
	at com.almasb.fxgl.input.UserAction.action$fxgl_core(UserAction.kt:38)
	at com.almasb.fxgl.input.Input.update(Input.kt:288)
	at com.almasb.fxgl.scene.Scene.update(Scene.kt:103)
	at com.almasb.fxgl.app.MainWindow$update$1.invoke(MainWindow.kt:121)
	at com.almasb.fxgl.app.MainWindow$update$1.invoke(MainWindow.kt:121)
	at com.almasb.fxgl.core.fsm.StateMachine.runOnActiveStates(StateMachine.kt:69)
	at com.almasb.fxgl.app.MainWindow.update(MainWindow.kt:121)
	at com.almasb.fxgl.app.FXGLApplication$GameApplicationService.onUpdate(FXGLApplication.kt:426)
	at com.almasb.fxgl.app.Engine.loop(Engine.kt:134)
	at com.almasb.fxgl.app.Engine.access$loop(Engine.kt:24)
	at com.almasb.fxgl.app.Engine$loop$1.invoke(Engine.kt:28)
	at com.almasb.fxgl.app.Engine$loop$1.invoke(Engine.kt:28)
	at com.almasb.fxgl.app.LoopRunner.frame(LoopRunner.kt:103)
	at com.almasb.fxgl.app.LoopRunner.access$frame(LoopRunner.kt:23)
	at com.almasb.fxgl.app.LoopRunner$impl$2$1.onTick(LoopRunner.kt:57)
	at com.almasb.fxgl.app.AnimationTimerLoop$timer$1.handle(LoopRunner.kt:137)
	at javafx.animation.AnimationTimer$AnimationTimerReceiver.lambda$handle$0(AnimationTimer.java:58)
	at java.base/java.security.AccessController.doPrivileged(AccessController.java:400)
	at javafx.animation.AnimationTimer$AnimationTimerReceiver.handle(AnimationTimer.java:57)
	at com.sun.scenario.animation.AbstractPrimaryTimer.timePulseImpl(AbstractPrimaryTimer.java:356)
	at com.sun.scenario.animation.AbstractPrimaryTimer$MainLoop.run(AbstractPrimaryTimer.java:266)
	at com.sun.javafx.tk.quantum.QuantumToolkit.pulse(QuantumToolkit.java:588)
	at com.sun.javafx.tk.quantum.QuantumToolkit.pulse(QuantumToolkit.java:572)
	at com.sun.javafx.tk.quantum.QuantumToolkit.pulseFromQueue(QuantumToolkit.java:565)
	at com.sun.javafx.tk.quantum.QuantumToolkit.lambda$runToolkit$11(QuantumToolkit.java:352)
	at com.sun.glass.ui.InvokeLaterDispatcher$Future.run(InvokeLaterDispatcher.java:95)
	at com.sun.glass.ui.win.WinApplication._runLoop(Native Method)
	at com.sun.glass.ui.win.WinApplication.lambda$runLoop$3(WinApplication.java:185)
	at java.base/java.lang.Thread.run(Thread.java:1583)

08:25:03.280 [JavaFX Application Thread] FATAL FXGLApplication      - Application will now exit
08:25:03.309 [JavaFX Application Thread] DEBUG PrimaryStageWindow   - Push state: ErrorSubScene
08:25:03.310 [JavaFX Application Thread] DEBUG Input                - Clearing active input actions
08:25:03.317 [JavaFX Application Thread] DEBUG GameApplicationServi - Removing overlay from GameScene and adding to ErrorSubScene
08:25:03.317 [JavaFX Application Thread] DEBUG PrimaryStageWindow   - GameScene -> ErrorSubScene
08:25:05.193 [JavaFX Application Thread] DEBUG FXGLApplication      - Exiting FXGL
08:25:05.193 [JavaFX Application Thread] DEBUG Async                - Shutting down background threads
08:25:05.193 [JavaFX Application Thread] DEBUG PrimaryStageWindow   - Closing main window
08:25:05.211 [JavaFX Application Thread] DEBUG Logger               - Closing Logger
