10:14:08.899 [main                     ] DEBUG Logger               - Configured Logger
10:14:08.924 [main                     ] DEBUG GameApplication      - Logging settings
Title: DemoImage
Version: 0.0
Width: 800
Height: 600
Fullscreen: false
Intro: false
Profiling: false
Single step:false
App Mode: DEVELOPER
Menu Key: ESCAPE
Stage Style: DECORATED
Scene Factory: class com.almasb.fxgl.app.scene.SceneFactory

10:14:09.281 [JavaFX Application Thread] DEBUG FXGLApplication      - Initializing FXGL
10:14:09.290 [JavaFX Application Thread] INFO  Engine               - FXGL-21 (28.12.2023 13.35) on WINDOWS (J:21.0.1 FX:21.0.1)
10:14:09.291 [JavaFX Application Thread] DEBUG Engine               - JRE Vendor Name: Oracle Corporation
10:14:09.291 [JavaFX Application Thread] DEBUG Engine               - Running on OS: Windows 10 version 10.0
10:14:09.291 [JavaFX Application Thread] DEBUG Engine               - Architecture: amd64
10:14:09.292 [JavaFX Application Thread] INFO  Engine               - Source code and latest versions at: https://github.com/AlmasB/FXGL
10:14:09.292 [JavaFX Application Thread] INFO  Engine               -       Ask questions and discuss at: https://github.com/AlmasB/FXGL/discussions
10:14:09.292 [JavaFX Application Thread] INFO  Engine               -              Join the FXGL chat at: https://gitter.im/AlmasB/FXGL
10:14:09.417 [JavaFX Application Thread] DEBUG PrimaryStageWindow   - Creating a JavaFX scene
10:14:09.471 [JavaFX Application Thread] DEBUG PrimaryStageWindow   - Target settings size: 800.0 x 600.0
10:14:09.472 [JavaFX Application Thread] DEBUG PrimaryStageWindow   - Scaled scene size:    800.0 x 600.0
10:14:09.472 [JavaFX Application Thread] DEBUG PrimaryStageWindow   - Scaled ratio: (1.0, 1.0)
10:14:09.473 [JavaFX Application Thread] DEBUG PrimaryStageWindow   - Set initial scene to FXGLStartupScene
10:14:09.476 [JavaFX Application Thread] DEBUG PrimaryStageWindow   - Opening main window
10:14:09.588 [JavaFX Application Thread] DEBUG PrimaryStageWindow   - Window border size: (14.4000244140625, 37.5999755859375)
10:14:09.588 [JavaFX Application Thread] DEBUG PrimaryStageWindow   - Scaled size: 800.0 x 600.0
10:14:09.588 [JavaFX Application Thread] DEBUG PrimaryStageWindow   - Scaled ratio: (1.0, 1.0)
10:14:09.589 [JavaFX Application Thread] DEBUG PrimaryStageWindow   - Scene size: 800.0 x 600.0
10:14:09.589 [JavaFX Application Thread] DEBUG PrimaryStageWindow   - Stage size: 814.4000244140625 x 637.5999755859375
10:14:09.599 [FXGL Background Thread 1 ] DEBUG Engine               - Initializing environment variables
10:14:09.709 [FXGL Background Thread 1 ] DEBUG FXGLAssetLoaderServi - User app class for loading assets: class App
10:14:09.710 [FXGL Background Thread 1 ] DEBUG GameApplicationServi - Applying CSS: fxgl_dark.css
10:14:09.711 [FXGL Background Thread 1 ] DEBUG FXGLAssetLoaderServi - Loading from file system: jar:file:/C:/Users/Usuario/.m2/repository/com/github/almasb/fxgl/21/fxgl-21.jar!/fxglassets/ui/css/fxgl_dark.css
10:14:09.763 [FXGL Background Thread 1 ] DEBUG GameApplicationServi - Initializing application scenes
10:14:09.819 [FXGL Background Thread 1 ] DEBUG GameWorld            - Game world initialized
10:14:09.910 [FXGL Background Thread 1 ] DEBUG PhysicsWorld         - Physics world initialized: appHeight=600, physics.ppm=50,0
10:14:09.910 [FXGL Background Thread 1 ] DEBUG PhysicsWorld         - Using strategy: BRUTE_FORCE
10:14:09.915 [FXGL Background Thread 1 ] DEBUG GameScene            - Game scene initialized: 800x600
10:14:09.932 [FXGL Background Thread 1 ] DEBUG FXGL.DefaultMenu     - createMenuBodyGameMenu()
10:14:09.949 [FXGL Background Thread 1 ] DEBUG FXGL.DefaultMenu     - createOptionsMenu()
10:14:09.959 [FXGL Background Thread 1 ] DEBUG FXGLAssetLoaderServi - Loading from file system: jar:file:/C:/Users/Usuario/.m2/repository/com/github/almasb/fxgl/21/fxgl-21.jar!/fxglassets/textures/particles/smoke.png
10:14:10.088 [FXGL Background Thread 1 ] DEBUG FXGLAssetLoaderServi - Loading from file system: jar:file:/C:/Users/Usuario/.m2/repository/com/github/almasb/fxgl/21/fxgl-21.jar!/fxglassets/textures/particles/trace_horizontal.png
10:14:10.114 [FXGL Background Thread 1 ] DEBUG GameApplicationServi - Application scenes initialized
10:14:10.129 [FXGL Background Thread 1 ] DEBUG SystemBundleService  - Loading FXGL system data
10:14:10.133 [FXGL Background Thread 1 ] DEBUG FileSystemAccess     - Reading from: F:\Proyectos javafx\javafxgl\demoImageAnim\system\fxgl.bundle
10:14:10.144 [FXGL Background Thread 1 ] DEBUG SystemBundleService  - Bundle FXGL: {}
10:14:10.144 [FXGL Background Thread 1 ] DEBUG UpdaterService       - Checking for updates
10:14:10.149 [FXGL Background Thread 4 ] DEBUG FXGLApplication      - Loading fonts
10:14:10.149 [FXGL Background Thread 4 ] DEBUG FXGLAssetLoaderServi - Loading from file system: jar:file:/C:/Users/Usuario/.m2/repository/com/github/almasb/fxgl/21/fxgl-21.jar!/fxglassets/ui/fonts/VarelaRound-Regular.ttf
10:14:10.150 [FXGL Background Thread 1 ] DEBUG FXGLApplication      - Loading default localization
10:14:10.150 [FXGL Background Thread 1 ] DEBUG FXGLAssetLoaderServi - Loading from file system: jar:file:/C:/Users/Usuario/.m2/repository/com/github/almasb/fxgl/21/fxgl-21.jar!/fxglassets/languages/english.lang
10:14:10.195 [FXGL Background Thread 4 ] DEBUG FXGLAssetLoaderServi - Loading from file system: jar:file:/C:/Users/Usuario/.m2/repository/com/github/almasb/fxgl/21/fxgl-21.jar!/fxglassets/ui/fonts/Abel-Regular.ttf
10:14:10.196 [FXGL Background Thread 1 ] INFO  FXGLApplication      - FXGL initialization took: 0,597 sec
10:14:10.207 [JavaFX Application Thread] DEBUG Input                - Registered new binding: action0 - A
10:14:10.207 [JavaFX Application Thread] DEBUG Input                - Registered new binding: action1 - D
10:14:10.208 [JavaFX Application Thread] DEBUG Input                - Registered new binding: action2 - W
10:14:10.208 [JavaFX Application Thread] DEBUG Input                - Registered new binding: action3 - S
10:14:10.209 [JavaFX Application Thread] DEBUG FXGLAssetLoaderServi - Loading from file system: jar:file:/C:/Users/Usuario/.m2/repository/com/github/almasb/fxgl/21/fxgl-21.jar!/fxglassets/textures/fxgl_icon.png
10:14:10.228 [JavaFX Application Thread] DEBUG FXGLAssetLoaderServi - Loading from file system: jar:file:/C:/Users/Usuario/.m2/repository/com/github/almasb/fxgl/21/fxgl-21.jar!/fxglassets/textures/fxgl_default_cursor.png
10:14:10.232 [JavaFX Application Thread] DEBUG Input                - Registered new binding: Screenshot - CTRL+8
10:14:10.233 [JavaFX Application Thread] DEBUG Input                - Registered new binding: System info dump - CTRL+9
10:14:10.234 [JavaFX Application Thread] DEBUG Input                - Registered new binding: Restart - CTRL+R
10:14:10.235 [JavaFX Application Thread] DEBUG Input                - Registered new binding: Toggle Debug Camera - CTRL+7
10:14:10.237 [FXGL Background Thread 4 ] DEBUG FXGLAssetLoaderServi - Loading from file system: jar:file:/C:/Users/Usuario/.m2/repository/com/github/almasb/fxgl/21/fxgl-21.jar!/fxglassets/ui/fonts/TerminalLandMono-Regular.otf
10:14:10.238 [JavaFX Application Thread] DEBUG LoopRunner           - Starting loop
10:14:10.239 [JavaFX Application Thread] DEBUG LoopRunner           - Initializing JavaFX AnimationTimerLoop
10:14:10.242 [JavaFX Application Thread] DEBUG GameApplicationServi - Starting new game
10:14:10.242 [JavaFX Application Thread] DEBUG Input                - Clearing active input actions
10:14:10.255 [JavaFX Application Thread] DEBUG GameApplicationServi - Removing overlay from FXGLStartupScene and adding to FXGLLoadingScene
10:14:10.255 [JavaFX Application Thread] DEBUG PrimaryStageWindow   - FXGLStartupScene -> FXGLLoadingScene
10:14:10.255 [JavaFX Application Thread] DEBUG GameApplicationServi - Clearing previous game
10:14:10.255 [JavaFX Application Thread] DEBUG GameScene            - Clearing game scene
10:14:10.256 [JavaFX Application Thread] DEBUG GameWorld            - Clearing game world
10:14:10.256 [JavaFX Application Thread] DEBUG PhysicsWorld         - Clearing physics world
10:14:10.258 [FXGL Background Thread 1 ] DEBUG FXGLApplication      - Initializing game
10:14:10.262 [FXGL Background Thread 4 ] DEBUG FXGLAssetLoaderServi - Loading from file system: jar:file:/C:/Users/Usuario/.m2/repository/com/github/almasb/fxgl/21/fxgl-21.jar!/fxglassets/ui/fonts/Courier-Prime.ttf
10:14:10.273 [FXGL Background Thread 1 ] DEBUG FXGLAssetLoaderServi - Loading from file system: file:/F:/Proyectos%20javafx/javafxgl/demoImageAnim/target/classes/assets/textures/bosque.jpg
10:14:10.326 [JavaFX Application Thread] DEBUG FXGLApplication      - Registering font factories with UI factory
10:14:10.371 [FXGL Background Thread 1 ] DEBUG FXGLAssetLoaderServi - Loading from file system: file:/F:/Proyectos%20javafx/javafxgl/demoImageAnim/target/classes/assets/textures/sprite_pug.png
10:14:10.409 [FXGL Background Thread 1 ] INFO  FXGLApplication      - Game initialization took: 0,151 sec
10:14:10.414 [JavaFX Application Thread] DEBUG Input                - Clearing active input actions
10:14:10.425 [JavaFX Application Thread] DEBUG GameApplicationServi - Removing overlay from FXGLLoadingScene and adding to GameScene
10:14:10.426 [JavaFX Application Thread] DEBUG PrimaryStageWindow   - FXGLLoadingScene -> GameScene
10:14:12.440 [JavaFX Application Thread] DEBUG FXGLApplication      - Exiting FXGL
10:14:12.440 [JavaFX Application Thread] DEBUG LoopRunner           - Stopping loop
10:14:12.440 [JavaFX Application Thread] DEBUG SystemBundleService  - Saving FXGL system data
10:14:12.442 [JavaFX Application Thread] DEBUG FileSystemAccess     - Writing to: F:\Proyectos javafx\javafxgl\demoImageAnim\system\fxgl.bundle
10:14:12.444 [JavaFX Application Thread] DEBUG Async                - Shutting down background threads
10:14:12.444 [JavaFX Application Thread] DEBUG PrimaryStageWindow   - Closing main window
10:14:12.459 [JavaFX Application Thread] DEBUG Logger               - Closing Logger
