17:26:35.654 [main                     ] DEBUG Logger               - Configured Logger
17:26:35.678 [main                     ] DEBUG GameApplication      - Logging settings
Title: Untitled
Version: 0.0
Width: 1480
Height: 1020
Fullscreen: false
Intro: false
Profiling: false
Single step:false
App Mode: DEVELOPER
Menu Key: ESCAPE
Stage Style: DECORATED
Scene Factory: class com.almasb.fxgl.app.scene.SceneFactory

17:26:36.043 [JavaFX Application Thread] DEBUG FXGLApplication      - Initializing FXGL
17:26:36.053 [JavaFX Application Thread] INFO  Engine               - FXGL-21 (28.12.2023 13.35) on WINDOWS (J:21.0.1 FX:21.0.1)
17:26:36.053 [JavaFX Application Thread] DEBUG Engine               - JRE Vendor Name: Oracle Corporation
17:26:36.053 [JavaFX Application Thread] DEBUG Engine               - Running on OS: Windows 10 version 10.0
17:26:36.053 [JavaFX Application Thread] DEBUG Engine               - Architecture: amd64
17:26:36.054 [JavaFX Application Thread] INFO  Engine               - Source code and latest versions at: https://github.com/AlmasB/FXGL
17:26:36.054 [JavaFX Application Thread] INFO  Engine               -       Ask questions and discuss at: https://github.com/AlmasB/FXGL/discussions
17:26:36.054 [JavaFX Application Thread] INFO  Engine               -              Join the FXGL chat at: https://gitter.im/AlmasB/FXGL
17:26:36.181 [JavaFX Application Thread] DEBUG PrimaryStageWindow   - Creating a JavaFX scene
17:26:36.181 [JavaFX Application Thread] DEBUG PrimaryStageWindow   - Target size > screen size
17:26:36.238 [JavaFX Application Thread] DEBUG PrimaryStageWindow   - Target settings size: 1480.0 x 1020.0
17:26:36.239 [JavaFX Application Thread] DEBUG PrimaryStageWindow   - Scaled scene size:    1185.0 x 833.0
17:26:36.239 [JavaFX Application Thread] DEBUG PrimaryStageWindow   - Scaled ratio: (0.8006756756756757, 0.8166666666666667)
17:26:36.240 [JavaFX Application Thread] DEBUG PrimaryStageWindow   - Set initial scene to FXGLStartupScene
17:26:36.243 [JavaFX Application Thread] DEBUG PrimaryStageWindow   - Opening main window
17:26:36.348 [JavaFX Application Thread] DEBUG PrimaryStageWindow   - Window border size: (15.0, 38.20001220703125)
17:26:36.348 [JavaFX Application Thread] DEBUG PrimaryStageWindow   - Scaled size: 1185.0 x 833.0
17:26:36.349 [JavaFX Application Thread] DEBUG PrimaryStageWindow   - Scaled ratio: (0.8006756756756757, 0.8166666666666667)
17:26:36.350 [JavaFX Application Thread] DEBUG PrimaryStageWindow   - Scene size: 1185.0 x 833.0
17:26:36.351 [JavaFX Application Thread] DEBUG PrimaryStageWindow   - Stage size: 1200.0 x 871.2000122070312
17:26:36.359 [FXGL Background Thread 1 ] DEBUG Engine               - Initializing environment variables
17:26:36.464 [FXGL Background Thread 1 ] DEBUG FXGLAssetLoaderServi - User app class for loading assets: class App3
17:26:36.464 [FXGL Background Thread 1 ] DEBUG GameApplicationServi - Applying CSS: fxgl_dark.css
17:26:36.465 [FXGL Background Thread 1 ] DEBUG FXGLAssetLoaderServi - Loading from file system: jar:file:/C:/Users/Usuario/.m2/repository/com/github/almasb/fxgl/21/fxgl-21.jar!/fxglassets/ui/css/fxgl_dark.css
17:26:36.522 [FXGL Background Thread 1 ] DEBUG GameApplicationServi - Initializing application scenes
17:26:36.580 [FXGL Background Thread 1 ] DEBUG GameWorld            - Game world initialized
17:26:36.670 [FXGL Background Thread 1 ] DEBUG PhysicsWorld         - Physics world initialized: appHeight=1020, physics.ppm=50,0
17:26:36.671 [FXGL Background Thread 1 ] DEBUG PhysicsWorld         - Using strategy: BRUTE_FORCE
17:26:36.675 [FXGL Background Thread 1 ] DEBUG GameScene            - Game scene initialized: 1480x1020
17:26:36.689 [FXGL Background Thread 1 ] DEBUG FXGL.DefaultMenu     - createMenuBodyGameMenu()
17:26:36.704 [FXGL Background Thread 1 ] DEBUG FXGL.DefaultMenu     - createOptionsMenu()
17:26:36.713 [FXGL Background Thread 1 ] DEBUG FXGLAssetLoaderServi - Loading from file system: jar:file:/C:/Users/Usuario/.m2/repository/com/github/almasb/fxgl/21/fxgl-21.jar!/fxglassets/textures/particles/smoke.png
17:26:36.844 [FXGL Background Thread 1 ] DEBUG FXGLAssetLoaderServi - Loading from file system: jar:file:/C:/Users/Usuario/.m2/repository/com/github/almasb/fxgl/21/fxgl-21.jar!/fxglassets/textures/particles/trace_horizontal.png
17:26:36.872 [FXGL Background Thread 1 ] DEBUG GameApplicationServi - Application scenes initialized
17:26:36.887 [FXGL Background Thread 1 ] DEBUG SystemBundleService  - Loading FXGL system data
17:26:36.891 [FXGL Background Thread 1 ] DEBUG FileSystemAccess     - Reading from: F:\Proyectos javafx\javafxgl\demoImageAnim\system\fxgl.bundle
17:26:36.901 [FXGL Background Thread 1 ] DEBUG SystemBundleService  - Bundle FXGL: {}
17:26:36.901 [FXGL Background Thread 1 ] DEBUG UpdaterService       - Checking for updates
17:26:36.906 [FXGL Background Thread 4 ] DEBUG FXGLApplication      - Loading fonts
17:26:36.907 [FXGL Background Thread 4 ] DEBUG FXGLAssetLoaderServi - Loading from file system: jar:file:/C:/Users/Usuario/.m2/repository/com/github/almasb/fxgl/21/fxgl-21.jar!/fxglassets/ui/fonts/VarelaRound-Regular.ttf
17:26:36.910 [FXGL Background Thread 1 ] DEBUG FXGLApplication      - Loading default localization
17:26:36.910 [FXGL Background Thread 1 ] DEBUG FXGLAssetLoaderServi - Loading from file system: jar:file:/C:/Users/Usuario/.m2/repository/com/github/almasb/fxgl/21/fxgl-21.jar!/fxglassets/languages/english.lang
17:26:36.969 [FXGL Background Thread 1 ] INFO  FXGLApplication      - FXGL initialization took: 0,609 sec
17:26:36.970 [FXGL Background Thread 4 ] DEBUG FXGLAssetLoaderServi - Loading from file system: jar:file:/C:/Users/Usuario/.m2/repository/com/github/almasb/fxgl/21/fxgl-21.jar!/fxglassets/ui/fonts/Abel-Regular.ttf
17:26:36.970 [JavaFX Application Thread] DEBUG FXGLAssetLoaderServi - Loading from file system: jar:file:/C:/Users/Usuario/.m2/repository/com/github/almasb/fxgl/21/fxgl-21.jar!/fxglassets/textures/fxgl_icon.png
17:26:36.981 [FXGL Background Thread 4 ] DEBUG FXGLAssetLoaderServi - Loading from file system: jar:file:/C:/Users/Usuario/.m2/repository/com/github/almasb/fxgl/21/fxgl-21.jar!/fxglassets/ui/fonts/TerminalLandMono-Regular.otf
17:26:36.993 [FXGL Background Thread 4 ] DEBUG FXGLAssetLoaderServi - Loading from file system: jar:file:/C:/Users/Usuario/.m2/repository/com/github/almasb/fxgl/21/fxgl-21.jar!/fxglassets/ui/fonts/Courier-Prime.ttf
17:26:36.998 [JavaFX Application Thread] DEBUG FXGLAssetLoaderServi - Loading from file system: jar:file:/C:/Users/Usuario/.m2/repository/com/github/almasb/fxgl/21/fxgl-21.jar!/fxglassets/textures/fxgl_default_cursor.png
17:26:37.012 [JavaFX Application Thread] DEBUG Input                - Registered new binding: Screenshot - CTRL+8
17:26:37.013 [JavaFX Application Thread] DEBUG Input                - Registered new binding: System info dump - CTRL+9
17:26:37.013 [JavaFX Application Thread] DEBUG Input                - Registered new binding: Restart - CTRL+R
17:26:37.014 [JavaFX Application Thread] DEBUG Input                - Registered new binding: Toggle Debug Camera - CTRL+7
17:26:37.018 [JavaFX Application Thread] DEBUG LoopRunner           - Starting loop
17:26:37.018 [JavaFX Application Thread] DEBUG LoopRunner           - Initializing JavaFX AnimationTimerLoop
17:26:37.021 [JavaFX Application Thread] DEBUG GameApplicationServi - Starting new game
17:26:37.021 [JavaFX Application Thread] DEBUG Input                - Clearing active input actions
17:26:37.037 [JavaFX Application Thread] DEBUG GameApplicationServi - Removing overlay from FXGLStartupScene and adding to FXGLLoadingScene
17:26:37.038 [JavaFX Application Thread] DEBUG PrimaryStageWindow   - FXGLStartupScene -> FXGLLoadingScene
17:26:37.038 [JavaFX Application Thread] DEBUG GameApplicationServi - Clearing previous game
17:26:37.038 [JavaFX Application Thread] DEBUG GameScene            - Clearing game scene
17:26:37.038 [JavaFX Application Thread] DEBUG GameWorld            - Clearing game world
17:26:37.038 [JavaFX Application Thread] DEBUG PhysicsWorld         - Clearing physics world
17:26:37.040 [JavaFX Application Thread] DEBUG FXGLApplication      - Registering font factories with UI factory
17:26:37.040 [FXGL Background Thread 4 ] DEBUG FXGLApplication      - Initializing game
17:26:37.049 [FXGL Background Thread 4 ] DEBUG FXGLAssetLoaderServi - Loading from file system: file:/F:/Proyectos%20javafx/javafxgl/demoImageAnim/target/classes/assets/textures/sprite_pug.png
17:26:37.108 [FXGL Background Thread 4 ] INFO  FXGLApplication      - Game initialization took: 0,068 sec
17:26:37.179 [JavaFX Application Thread] DEBUG Input                - Clearing active input actions
17:26:37.202 [JavaFX Application Thread] DEBUG GameApplicationServi - Removing overlay from FXGLLoadingScene and adding to GameScene
17:26:37.203 [JavaFX Application Thread] DEBUG PrimaryStageWindow   - FXGLLoadingScene -> GameScene
17:26:39.905 [FXGL Background Thread 3 ] DEBUG Engine               - Logging environment variables
17:26:39.907 [FXGL Background Thread 3 ] DEBUG Engine               - achievements: []
17:26:39.907 [FXGL Background Thread 3 ] DEBUG Engine               - actualHeight: 833.0
17:26:39.908 [FXGL Background Thread 3 ] DEBUG Engine               - actualHeightProperty: ReadOnlyDoubleProperty [value: 833.0]
17:26:39.908 [FXGL Background Thread 3 ] DEBUG Engine               - actualWidth: 1185.0
17:26:39.908 [FXGL Background Thread 3 ] DEBUG Engine               - actualWidthProperty: ReadOnlyDoubleProperty [value: 1185.0]
17:26:39.908 [FXGL Background Thread 3 ] DEBUG Engine               - appIcon: fxgl_icon.png
17:26:39.908 [FXGL Background Thread 3 ] DEBUG Engine               - applicationMode: DEVELOPER
17:26:39.909 [FXGL Background Thread 3 ] DEBUG Engine               - cSSList: [fxgl_dark.css]
17:26:39.909 [FXGL Background Thread 3 ] DEBUG Engine               - collisionDetectionStrategy: BRUTE_FORCE
17:26:39.909 [FXGL Background Thread 3 ] DEBUG Engine               - configClass: Optional.empty
17:26:39.909 [FXGL Background Thread 3 ] DEBUG Engine               - credits: []
17:26:39.910 [FXGL Background Thread 3 ] DEBUG Engine               - defaultCursor: CursorInfo(imageName=fxgl_default_cursor.png, hotspotX=7.0, hotspotY=6.0)
17:26:39.911 [FXGL Background Thread 3 ] DEBUG Engine               - devBBoxColorProperty: ObjectProperty [value: 0xff0000ff]
17:26:39.911 [FXGL Background Thread 3 ] DEBUG Engine               - devEnableDebugCameraProperty: BooleanProperty [value: false]
17:26:39.912 [FXGL Background Thread 3 ] DEBUG Engine               - devSensorColorProperty: ObjectProperty [value: 0xffff00ff]
17:26:39.912 [FXGL Background Thread 3 ] DEBUG Engine               - devShowBBoxProperty: BooleanProperty [value: false]
17:26:39.912 [FXGL Background Thread 3 ] DEBUG Engine               - devShowPositionProperty: BooleanProperty [value: false]
17:26:39.912 [FXGL Background Thread 3 ] DEBUG Engine               - enabledMenuItems: []
17:26:39.913 [FXGL Background Thread 3 ] DEBUG Engine               - engineServices: [class com.almasb.fxgl.app.services.FXGLAssetLoaderService, class com.almasb.fxgl.app.FXGLApplication$GameApplicationService, class com.almasb.fxgl.app.services.FXGLDialogService, class com.almasb.fxgl.app.services.IOTaskExecutorService, class com.almasb.fxgl.io.FileSystemService, class com.almasb.fxgl.localization.LocalizationService, class com.almasb.fxgl.app.services.SystemBundleService, class com.almasb.fxgl.profile.SaveLoadService, class com.almasb.fxgl.ui.FXGLUIFactoryServiceProvider, class com.almasb.fxgl.ui.FXGLDialogFactoryServiceProvider, class com.almasb.fxgl.audio.AudioPlayer, class com.almasb.fxgl.notification.impl.NotificationServiceProvider, class com.almasb.fxgl.achievement.AchievementService, class com.almasb.fxgl.cutscene.CutsceneService, class com.almasb.fxgl.minigames.MiniGameService, class com.almasb.fxgl.net.NetService, class com.almasb.fxgl.app.services.UpdaterService, class com.almasb.fxgl.dev.DevService]
17:26:39.913 [FXGL Background Thread 3 ] DEBUG Engine               - fontGame: Abel-Regular.ttf
17:26:39.913 [FXGL Background Thread 3 ] DEBUG Engine               - fontMono: TerminalLandMono-Regular.otf
17:26:39.913 [FXGL Background Thread 3 ] DEBUG Engine               - fontSizeScaleUI: 1.0
17:26:39.914 [FXGL Background Thread 3 ] DEBUG Engine               - fontText: Courier-Prime.ttf
17:26:39.914 [FXGL Background Thread 3 ] DEBUG Engine               - fontUI: VarelaRound-Regular.ttf
17:26:39.914 [FXGL Background Thread 3 ] DEBUG Engine               - fullScreen: BooleanProperty [value: false]
17:26:39.914 [FXGL Background Thread 3 ] DEBUG Engine               - gameDifficulty: MEDIUM
17:26:39.915 [FXGL Background Thread 3 ] DEBUG Engine               - gameDifficultyProperty: ObjectProperty [value: MEDIUM]
17:26:39.915 [FXGL Background Thread 3 ] DEBUG Engine               - globalMusicVolume: 0.5
17:26:39.915 [FXGL Background Thread 3 ] DEBUG Engine               - globalMusicVolumeProperty: DoubleProperty [value: 0.5]
17:26:39.916 [FXGL Background Thread 3 ] DEBUG Engine               - globalSoundVolume: 0.5
17:26:39.916 [FXGL Background Thread 3 ] DEBUG Engine               - globalSoundVolumeProperty: DoubleProperty [value: 0.5]
17:26:39.916 [FXGL Background Thread 3 ] DEBUG Engine               - height: 1020
17:26:39.917 [FXGL Background Thread 3 ] DEBUG Engine               - is3D: false
17:26:39.917 [FXGL Background Thread 3 ] DEBUG Engine               - isAndroid: false
17:26:39.917 [FXGL Background Thread 3 ] DEBUG Engine               - isBrowser: false
17:26:39.917 [FXGL Background Thread 3 ] DEBUG Engine               - isClickFeedbackEnabled: false
17:26:39.917 [FXGL Background Thread 3 ] DEBUG Engine               - isCloseConfirmation: false
17:26:39.918 [FXGL Background Thread 3 ] DEBUG Engine               - isDesktop: true
17:26:39.918 [FXGL Background Thread 3 ] DEBUG Engine               - isDeveloperMenuEnabled: false
17:26:39.918 [FXGL Background Thread 3 ] DEBUG Engine               - isEmbedded: false
17:26:39.918 [FXGL Background Thread 3 ] DEBUG Engine               - isEntityPreloadEnabled: true
17:26:39.919 [FXGL Background Thread 3 ] DEBUG Engine               - isExperimentalTiledLargeMap: false
17:26:39.919 [FXGL Background Thread 3 ] DEBUG Engine               - isFileSystemWriteAllowed: true
17:26:39.919 [FXGL Background Thread 3 ] DEBUG Engine               - isFullScreenAllowed: false
17:26:39.919 [FXGL Background Thread 3 ] DEBUG Engine               - isFullScreenFromStart: false
17:26:39.920 [FXGL Background Thread 3 ] DEBUG Engine               - isGameMenuEnabled: true
17:26:39.920 [FXGL Background Thread 3 ] DEBUG Engine               - isIOS: false
17:26:39.920 [FXGL Background Thread 3 ] DEBUG Engine               - isIntroEnabled: false
17:26:39.920 [FXGL Background Thread 3 ] DEBUG Engine               - isLinux: false
17:26:39.920 [FXGL Background Thread 3 ] DEBUG Engine               - isMac: false
17:26:39.921 [FXGL Background Thread 3 ] DEBUG Engine               - isMainMenuEnabled: false
17:26:39.921 [FXGL Background Thread 3 ] DEBUG Engine               - isManualResizeEnabled: false
17:26:39.921 [FXGL Background Thread 3 ] DEBUG Engine               - isMobile: false
17:26:39.921 [FXGL Background Thread 3 ] DEBUG Engine               - isNative: false
17:26:39.922 [FXGL Background Thread 3 ] DEBUG Engine               - isPauseMusicWhenMinimized: true
17:26:39.922 [FXGL Background Thread 3 ] DEBUG Engine               - isPreserveResizeRatio: false
17:26:39.922 [FXGL Background Thread 3 ] DEBUG Engine               - isProfilingEnabled: false
17:26:39.922 [FXGL Background Thread 3 ] DEBUG Engine               - isScaleAffectedOnResize: true
17:26:39.923 [FXGL Background Thread 3 ] DEBUG Engine               - isSingleStep: false
17:26:39.923 [FXGL Background Thread 3 ] DEBUG Engine               - isUserProfileEnabled: false
17:26:39.923 [FXGL Background Thread 3 ] DEBUG Engine               - isWindows: true
17:26:39.924 [FXGL Background Thread 3 ] DEBUG Engine               - language: ObjectProperty [value: ENGLISH]
17:26:39.924 [FXGL Background Thread 3 ] DEBUG Engine               - menuKey: ESCAPE
17:26:39.924 [FXGL Background Thread 3 ] DEBUG Engine               - mouseSensitivity: 0.2
17:26:39.924 [FXGL Background Thread 3 ] DEBUG Engine               - notificationViewClass: class com.almasb.fxgl.notification.view.XboxNotificationView
17:26:39.925 [FXGL Background Thread 3 ] DEBUG Engine               - pixelsPerMeter: 50.0
17:26:39.925 [FXGL Background Thread 3 ] DEBUG Engine               - platform: WINDOWS
17:26:39.925 [FXGL Background Thread 3 ] DEBUG Engine               - prefHeightProperty: ReadOnlyDoubleProperty [value: 1020.0]
17:26:39.925 [FXGL Background Thread 3 ] DEBUG Engine               - prefWidthProperty: ReadOnlyDoubleProperty [value: 1480.0]
17:26:39.926 [FXGL Background Thread 3 ] DEBUG Engine               - profileDir: profiles/
17:26:39.926 [FXGL Background Thread 3 ] DEBUG Engine               - profileName: StringProperty [value: DEFAULT]
17:26:39.926 [FXGL Background Thread 3 ] DEBUG Engine               - randomSeed: -1
17:26:39.927 [FXGL Background Thread 3 ] DEBUG Engine               - runtimeInfo: RuntimeInfo(platform=WINDOWS, version=21, build=28.12.2023 13.35)
17:26:39.927 [FXGL Background Thread 3 ] DEBUG Engine               - saveFileExt: sav
17:26:39.928 [FXGL Background Thread 3 ] DEBUG Engine               - scaledHeightProp$fxgl: DoubleProperty [bound, value: 833.0]
17:26:39.928 [FXGL Background Thread 3 ] DEBUG Engine               - scaledWidthProp$fxgl: DoubleProperty [bound, value: 1185.0]
17:26:39.928 [FXGL Background Thread 3 ] DEBUG Engine               - sceneFactory: com.almasb.fxgl.app.scene.SceneFactory@3e8ebbdf
17:26:39.928 [FXGL Background Thread 3 ] DEBUG Engine               - secondsIn24h: 60
17:26:39.928 [FXGL Background Thread 3 ] DEBUG Engine               - soundMenuBack: menu/back.wav
17:26:39.929 [FXGL Background Thread 3 ] DEBUG Engine               - soundMenuPress: menu/press.wav
17:26:39.929 [FXGL Background Thread 3 ] DEBUG Engine               - soundMenuSelect: menu/select.wav
17:26:39.929 [FXGL Background Thread 3 ] DEBUG Engine               - soundNotification: core/notification.wav
17:26:39.929 [FXGL Background Thread 3 ] DEBUG Engine               - stageStyle: DECORATED
17:26:39.930 [FXGL Background Thread 3 ] DEBUG Engine               - supportedLanguages: [ENGLISH, FRENCH, GERMAN, HUNGARIAN, RUSSIAN]
17:26:39.930 [FXGL Background Thread 3 ] DEBUG Engine               - ticksPerSecond: -1
17:26:39.930 [FXGL Background Thread 3 ] DEBUG Engine               - title: Untitled
17:26:39.930 [FXGL Background Thread 3 ] DEBUG Engine               - urlGithub: https://github.com/AlmasB/FXGL
17:26:39.931 [FXGL Background Thread 3 ] DEBUG Engine               - urlLeaderboard: http://fxgl-top.herokuapp.com/
17:26:39.931 [FXGL Background Thread 3 ] DEBUG Engine               - urlPOM: https://raw.githubusercontent.com/AlmasB/FXGL/release/README.md
17:26:39.931 [FXGL Background Thread 3 ] DEBUG Engine               - userAppClass: class App3
17:26:39.931 [FXGL Background Thread 3 ] DEBUG Engine               - version: 0.0
17:26:39.931 [FXGL Background Thread 3 ] DEBUG Engine               - versionCheckDays: 7
17:26:39.932 [FXGL Background Thread 3 ] DEBUG Engine               - width: 1480
17:26:39.932 [FXGL Background Thread 3 ] DEBUG Engine               - Logging services
17:26:39.932 [FXGL Background Thread 3 ] DEBUG Engine               - class com.almasb.fxgl.app.services.FXGLAssetLoaderService
17:26:39.933 [FXGL Background Thread 3 ] DEBUG Engine               - class com.almasb.fxgl.app.FXGLApplication$GameApplicationService
17:26:39.933 [FXGL Background Thread 3 ] DEBUG Engine               - class com.almasb.fxgl.app.services.FXGLDialogService
17:26:39.933 [FXGL Background Thread 3 ] DEBUG Engine               - class com.almasb.fxgl.app.services.IOTaskExecutorService
17:26:39.933 [FXGL Background Thread 3 ] DEBUG Engine               - class com.almasb.fxgl.io.FileSystemService
17:26:39.933 [FXGL Background Thread 3 ] DEBUG Engine               - class com.almasb.fxgl.localization.LocalizationService
17:26:39.933 [FXGL Background Thread 3 ] DEBUG Engine               - class com.almasb.fxgl.app.services.SystemBundleService
17:26:39.933 [FXGL Background Thread 3 ] DEBUG Engine               - class com.almasb.fxgl.profile.SaveLoadService
17:26:39.933 [FXGL Background Thread 3 ] DEBUG Engine               - class com.almasb.fxgl.ui.FXGLUIFactoryServiceProvider
17:26:39.933 [FXGL Background Thread 3 ] DEBUG Engine               - class com.almasb.fxgl.ui.FXGLDialogFactoryServiceProvider
17:26:39.934 [FXGL Background Thread 3 ] DEBUG Engine               - class com.almasb.fxgl.audio.AudioPlayer
17:26:39.934 [FXGL Background Thread 3 ] DEBUG Engine               - class com.almasb.fxgl.notification.impl.NotificationServiceProvider
17:26:39.934 [FXGL Background Thread 3 ] DEBUG Engine               - class com.almasb.fxgl.achievement.AchievementService
17:26:39.934 [FXGL Background Thread 3 ] DEBUG Engine               - class com.almasb.fxgl.cutscene.CutsceneService
17:26:39.934 [FXGL Background Thread 3 ] DEBUG Engine               - class com.almasb.fxgl.minigames.MiniGameService
17:26:39.934 [FXGL Background Thread 3 ] DEBUG Engine               - class com.almasb.fxgl.net.NetService
17:26:39.934 [FXGL Background Thread 3 ] DEBUG Engine               - class com.almasb.fxgl.app.services.UpdaterService
17:26:39.934 [FXGL Background Thread 3 ] DEBUG Engine               - class com.almasb.fxgl.dev.DevService
17:26:43.963 [JavaFX Application Thread] DEBUG FXGLApplication      - Exiting FXGL
17:26:43.963 [JavaFX Application Thread] DEBUG LoopRunner           - Stopping loop
17:26:43.963 [JavaFX Application Thread] DEBUG SystemBundleService  - Saving FXGL system data
17:26:43.965 [JavaFX Application Thread] DEBUG FileSystemAccess     - Writing to: F:\Proyectos javafx\javafxgl\demoImageAnim\system\fxgl.bundle
17:26:43.967 [JavaFX Application Thread] DEBUG Async                - Shutting down background threads
17:26:43.967 [JavaFX Application Thread] DEBUG PrimaryStageWindow   - Closing main window
17:26:43.980 [JavaFX Application Thread] DEBUG Logger               - Closing Logger
