10:10:07.912 [main                     ] DEBUG Logger               - Configured Logger
10:10:07.937 [main                     ] DEBUG GameApplication      - Logging settings
Title: DemoImage
Version: 0.0
Width: 800
Height: 600
Fullscreen: false
Intro: false
Profiling: false
Single step:false
App Mode: DEVELOPER
Menu Key: ESCAPE
Stage Style: DECORATED
Scene Factory: class com.almasb.fxgl.app.scene.SceneFactory

10:10:08.324 [JavaFX Application Thread] DEBUG FXGLApplication      - Initializing FXGL
10:10:08.329 [JavaFX Application Thread] INFO  Engine               - FXGL-21 (28.12.2023 13.35) on WINDOWS (J:21.0.1 FX:21.0.1)
10:10:08.329 [JavaFX Application Thread] DEBUG Engine               - JRE Vendor Name: Oracle Corporation
10:10:08.329 [JavaFX Application Thread] DEBUG Engine               - Running on OS: Windows 10 version 10.0
10:10:08.330 [JavaFX Application Thread] DEBUG Engine               - Architecture: amd64
10:10:08.330 [JavaFX Application Thread] INFO  Engine               - Source code and latest versions at: https://github.com/AlmasB/FXGL
10:10:08.330 [JavaFX Application Thread] INFO  Engine               -       Ask questions and discuss at: https://github.com/AlmasB/FXGL/discussions
10:10:08.330 [JavaFX Application Thread] INFO  Engine               -              Join the FXGL chat at: https://gitter.im/AlmasB/FXGL
10:10:08.460 [JavaFX Application Thread] DEBUG PrimaryStageWindow   - Creating a JavaFX scene
10:10:08.519 [JavaFX Application Thread] DEBUG PrimaryStageWindow   - Target settings size: 800.0 x 600.0
10:10:08.520 [JavaFX Application Thread] DEBUG PrimaryStageWindow   - Scaled scene size:    800.0 x 600.0
10:10:08.520 [JavaFX Application Thread] DEBUG PrimaryStageWindow   - Scaled ratio: (1.0, 1.0)
10:10:08.521 [JavaFX Application Thread] DEBUG PrimaryStageWindow   - Set initial scene to FXGLStartupScene
10:10:08.524 [JavaFX Application Thread] DEBUG PrimaryStageWindow   - Opening main window
10:10:08.634 [JavaFX Application Thread] DEBUG PrimaryStageWindow   - Window border size: (14.4000244140625, 37.5999755859375)
10:10:08.635 [JavaFX Application Thread] DEBUG PrimaryStageWindow   - Scaled size: 800.0 x 600.0
10:10:08.635 [JavaFX Application Thread] DEBUG PrimaryStageWindow   - Scaled ratio: (1.0, 1.0)
10:10:08.635 [JavaFX Application Thread] DEBUG PrimaryStageWindow   - Scene size: 800.0 x 600.0
10:10:08.636 [JavaFX Application Thread] DEBUG PrimaryStageWindow   - Stage size: 814.4000244140625 x 637.5999755859375
10:10:08.648 [FXGL Background Thread 1 ] DEBUG Engine               - Initializing environment variables
10:10:08.748 [FXGL Background Thread 1 ] DEBUG FXGLAssetLoaderServi - User app class for loading assets: class App
10:10:08.748 [FXGL Background Thread 1 ] DEBUG GameApplicationServi - Applying CSS: fxgl_dark.css
10:10:08.749 [FXGL Background Thread 1 ] DEBUG FXGLAssetLoaderServi - Loading from file system: jar:file:/C:/Users/Usuario/.m2/repository/com/github/almasb/fxgl/21/fxgl-21.jar!/fxglassets/ui/css/fxgl_dark.css
10:10:08.803 [FXGL Background Thread 1 ] DEBUG GameApplicationServi - Initializing application scenes
10:10:08.853 [FXGL Background Thread 1 ] DEBUG GameWorld            - Game world initialized
10:10:08.945 [FXGL Background Thread 1 ] DEBUG PhysicsWorld         - Physics world initialized: appHeight=600, physics.ppm=50,0
10:10:08.945 [FXGL Background Thread 1 ] DEBUG PhysicsWorld         - Using strategy: BRUTE_FORCE
10:10:08.951 [FXGL Background Thread 1 ] DEBUG GameScene            - Game scene initialized: 800x600
10:10:08.965 [FXGL Background Thread 1 ] DEBUG FXGL.DefaultMenu     - createMenuBodyGameMenu()
10:10:08.982 [FXGL Background Thread 1 ] DEBUG FXGL.DefaultMenu     - createOptionsMenu()
10:10:08.991 [FXGL Background Thread 1 ] DEBUG FXGLAssetLoaderServi - Loading from file system: jar:file:/C:/Users/Usuario/.m2/repository/com/github/almasb/fxgl/21/fxgl-21.jar!/fxglassets/textures/particles/smoke.png
10:10:09.101 [FXGL Background Thread 1 ] DEBUG FXGLAssetLoaderServi - Loading from file system: jar:file:/C:/Users/Usuario/.m2/repository/com/github/almasb/fxgl/21/fxgl-21.jar!/fxglassets/textures/particles/trace_horizontal.png
10:10:09.128 [FXGL Background Thread 1 ] DEBUG GameApplicationServi - Application scenes initialized
10:10:09.142 [FXGL Background Thread 1 ] DEBUG SystemBundleService  - Loading FXGL system data
10:10:09.146 [FXGL Background Thread 1 ] DEBUG FileSystemAccess     - Reading from: F:\Proyectos javafx\javafxgl\demoImageAnim\system\fxgl.bundle
10:10:09.155 [FXGL Background Thread 1 ] DEBUG SystemBundleService  - Bundle FXGL: {}
10:10:09.155 [FXGL Background Thread 1 ] DEBUG UpdaterService       - Checking for updates
10:10:09.159 [FXGL Background Thread 4 ] DEBUG FXGLApplication      - Loading fonts
10:10:09.160 [FXGL Background Thread 4 ] DEBUG FXGLAssetLoaderServi - Loading from file system: jar:file:/C:/Users/Usuario/.m2/repository/com/github/almasb/fxgl/21/fxgl-21.jar!/fxglassets/ui/fonts/VarelaRound-Regular.ttf
10:10:09.161 [FXGL Background Thread 1 ] DEBUG FXGLApplication      - Loading default localization
10:10:09.161 [FXGL Background Thread 1 ] DEBUG FXGLAssetLoaderServi - Loading from file system: jar:file:/C:/Users/Usuario/.m2/repository/com/github/almasb/fxgl/21/fxgl-21.jar!/fxglassets/languages/english.lang
10:10:09.204 [FXGL Background Thread 1 ] INFO  FXGLApplication      - FXGL initialization took: 0,556 sec
10:10:09.207 [FXGL Background Thread 4 ] DEBUG FXGLAssetLoaderServi - Loading from file system: jar:file:/C:/Users/Usuario/.m2/repository/com/github/almasb/fxgl/21/fxgl-21.jar!/fxglassets/ui/fonts/Abel-Regular.ttf
10:10:09.218 [FXGL Background Thread 4 ] DEBUG FXGLAssetLoaderServi - Loading from file system: jar:file:/C:/Users/Usuario/.m2/repository/com/github/almasb/fxgl/21/fxgl-21.jar!/fxglassets/ui/fonts/TerminalLandMono-Regular.otf
10:10:09.221 [JavaFX Application Thread] DEBUG Input                - Registered new binding: action0 - A
10:10:09.222 [JavaFX Application Thread] DEBUG Input                - Registered new binding: action1 - D
10:10:09.222 [JavaFX Application Thread] DEBUG Input                - Registered new binding: action2 - W
10:10:09.223 [JavaFX Application Thread] DEBUG Input                - Registered new binding: action3 - S
10:10:09.223 [JavaFX Application Thread] DEBUG FXGLAssetLoaderServi - Loading from file system: jar:file:/C:/Users/Usuario/.m2/repository/com/github/almasb/fxgl/21/fxgl-21.jar!/fxglassets/textures/fxgl_icon.png
10:10:09.230 [FXGL Background Thread 4 ] DEBUG FXGLAssetLoaderServi - Loading from file system: jar:file:/C:/Users/Usuario/.m2/repository/com/github/almasb/fxgl/21/fxgl-21.jar!/fxglassets/ui/fonts/Courier-Prime.ttf
10:10:09.252 [JavaFX Application Thread] DEBUG FXGLAssetLoaderServi - Loading from file system: jar:file:/C:/Users/Usuario/.m2/repository/com/github/almasb/fxgl/21/fxgl-21.jar!/fxglassets/textures/fxgl_default_cursor.png
10:10:09.254 [JavaFX Application Thread] DEBUG Input                - Registered new binding: Screenshot - CTRL+8
10:10:09.255 [JavaFX Application Thread] DEBUG Input                - Registered new binding: System info dump - CTRL+9
10:10:09.256 [JavaFX Application Thread] DEBUG Input                - Registered new binding: Restart - CTRL+R
10:10:09.258 [JavaFX Application Thread] DEBUG Input                - Registered new binding: Toggle Debug Camera - CTRL+7
10:10:09.262 [JavaFX Application Thread] DEBUG LoopRunner           - Starting loop
10:10:09.262 [JavaFX Application Thread] DEBUG LoopRunner           - Initializing JavaFX AnimationTimerLoop
10:10:09.265 [JavaFX Application Thread] DEBUG GameApplicationServi - Starting new game
10:10:09.265 [JavaFX Application Thread] DEBUG Input                - Clearing active input actions
10:10:09.279 [JavaFX Application Thread] DEBUG GameApplicationServi - Removing overlay from FXGLStartupScene and adding to FXGLLoadingScene
10:10:09.279 [JavaFX Application Thread] DEBUG PrimaryStageWindow   - FXGLStartupScene -> FXGLLoadingScene
10:10:09.279 [JavaFX Application Thread] DEBUG GameApplicationServi - Clearing previous game
10:10:09.280 [JavaFX Application Thread] DEBUG GameScene            - Clearing game scene
10:10:09.280 [JavaFX Application Thread] DEBUG GameWorld            - Clearing game world
10:10:09.280 [JavaFX Application Thread] DEBUG PhysicsWorld         - Clearing physics world
10:10:09.281 [JavaFX Application Thread] DEBUG FXGLApplication      - Registering font factories with UI factory
10:10:09.281 [FXGL Background Thread 4 ] DEBUG FXGLApplication      - Initializing game
10:10:09.294 [FXGL Background Thread 4 ] DEBUG FXGLAssetLoaderServi - Loading from file system: file:/F:/Proyectos%20javafx/javafxgl/demoImageAnim/target/classes/assets/textures/bosque.jpg
10:10:09.383 [FXGL Background Thread 4 ] DEBUG FXGLAssetLoaderServi - Loading from file system: file:/F:/Proyectos%20javafx/javafxgl/demoImageAnim/target/classes/assets/textures/sprite_pug.png
10:10:09.420 [FXGL Background Thread 4 ] INFO  FXGLApplication      - Game initialization took: 0,139 sec
10:10:09.437 [JavaFX Application Thread] DEBUG Input                - Clearing active input actions
10:10:09.454 [JavaFX Application Thread] DEBUG GameApplicationServi - Removing overlay from FXGLLoadingScene and adding to GameScene
10:10:09.454 [JavaFX Application Thread] DEBUG PrimaryStageWindow   - FXGLLoadingScene -> GameScene
10:10:12.158 [FXGL Background Thread 3 ] DEBUG Engine               - Logging environment variables
10:10:12.160 [FXGL Background Thread 3 ] DEBUG Engine               - achievements: []
10:10:12.160 [FXGL Background Thread 3 ] DEBUG Engine               - actualHeight: 600.0
10:10:12.161 [FXGL Background Thread 3 ] DEBUG Engine               - actualHeightProperty: ReadOnlyDoubleProperty [value: 600.0]
10:10:12.161 [FXGL Background Thread 3 ] DEBUG Engine               - actualWidth: 800.0
10:10:12.161 [FXGL Background Thread 3 ] DEBUG Engine               - actualWidthProperty: ReadOnlyDoubleProperty [value: 800.0]
10:10:12.162 [FXGL Background Thread 3 ] DEBUG Engine               - appIcon: fxgl_icon.png
10:10:12.162 [FXGL Background Thread 3 ] DEBUG Engine               - applicationMode: DEVELOPER
10:10:12.162 [FXGL Background Thread 3 ] DEBUG Engine               - cSSList: [fxgl_dark.css]
10:10:12.162 [FXGL Background Thread 3 ] DEBUG Engine               - collisionDetectionStrategy: BRUTE_FORCE
10:10:12.163 [FXGL Background Thread 3 ] DEBUG Engine               - configClass: Optional.empty
10:10:12.163 [FXGL Background Thread 3 ] DEBUG Engine               - credits: []
10:10:12.164 [FXGL Background Thread 3 ] DEBUG Engine               - defaultCursor: CursorInfo(imageName=fxgl_default_cursor.png, hotspotX=7.0, hotspotY=6.0)
10:10:12.165 [FXGL Background Thread 3 ] DEBUG Engine               - devBBoxColorProperty: ObjectProperty [value: 0xff0000ff]
10:10:12.165 [FXGL Background Thread 3 ] DEBUG Engine               - devEnableDebugCameraProperty: BooleanProperty [value: false]
10:10:12.165 [FXGL Background Thread 3 ] DEBUG Engine               - devSensorColorProperty: ObjectProperty [value: 0xffff00ff]
10:10:12.166 [FXGL Background Thread 3 ] DEBUG Engine               - devShowBBoxProperty: BooleanProperty [value: false]
10:10:12.166 [FXGL Background Thread 3 ] DEBUG Engine               - devShowPositionProperty: BooleanProperty [value: false]
10:10:12.166 [FXGL Background Thread 3 ] DEBUG Engine               - enabledMenuItems: []
10:10:12.166 [FXGL Background Thread 3 ] DEBUG Engine               - engineServices: [class com.almasb.fxgl.app.services.FXGLAssetLoaderService, class com.almasb.fxgl.app.FXGLApplication$GameApplicationService, class com.almasb.fxgl.app.services.FXGLDialogService, class com.almasb.fxgl.app.services.IOTaskExecutorService, class com.almasb.fxgl.io.FileSystemService, class com.almasb.fxgl.localization.LocalizationService, class com.almasb.fxgl.app.services.SystemBundleService, class com.almasb.fxgl.profile.SaveLoadService, class com.almasb.fxgl.ui.FXGLUIFactoryServiceProvider, class com.almasb.fxgl.ui.FXGLDialogFactoryServiceProvider, class com.almasb.fxgl.audio.AudioPlayer, class com.almasb.fxgl.notification.impl.NotificationServiceProvider, class com.almasb.fxgl.achievement.AchievementService, class com.almasb.fxgl.cutscene.CutsceneService, class com.almasb.fxgl.minigames.MiniGameService, class com.almasb.fxgl.net.NetService, class com.almasb.fxgl.app.services.UpdaterService, class com.almasb.fxgl.dev.DevService]
10:10:12.167 [FXGL Background Thread 3 ] DEBUG Engine               - fontGame: Abel-Regular.ttf
10:10:12.167 [FXGL Background Thread 3 ] DEBUG Engine               - fontMono: TerminalLandMono-Regular.otf
10:10:12.167 [FXGL Background Thread 3 ] DEBUG Engine               - fontSizeScaleUI: 1.0
10:10:12.167 [FXGL Background Thread 3 ] DEBUG Engine               - fontText: Courier-Prime.ttf
10:10:12.168 [FXGL Background Thread 3 ] DEBUG Engine               - fontUI: VarelaRound-Regular.ttf
10:10:12.168 [FXGL Background Thread 3 ] DEBUG Engine               - fullScreen: BooleanProperty [value: false]
10:10:12.168 [FXGL Background Thread 3 ] DEBUG Engine               - gameDifficulty: MEDIUM
10:10:12.168 [FXGL Background Thread 3 ] DEBUG Engine               - gameDifficultyProperty: ObjectProperty [value: MEDIUM]
10:10:12.169 [FXGL Background Thread 3 ] DEBUG Engine               - globalMusicVolume: 0.5
10:10:12.169 [FXGL Background Thread 3 ] DEBUG Engine               - globalMusicVolumeProperty: DoubleProperty [value: 0.5]
10:10:12.169 [FXGL Background Thread 3 ] DEBUG Engine               - globalSoundVolume: 0.5
10:10:12.170 [FXGL Background Thread 3 ] DEBUG Engine               - globalSoundVolumeProperty: DoubleProperty [value: 0.5]
10:10:12.170 [FXGL Background Thread 3 ] DEBUG Engine               - height: 600
10:10:12.170 [FXGL Background Thread 3 ] DEBUG Engine               - is3D: false
10:10:12.170 [FXGL Background Thread 3 ] DEBUG Engine               - isAndroid: false
10:10:12.171 [FXGL Background Thread 3 ] DEBUG Engine               - isBrowser: false
10:10:12.171 [FXGL Background Thread 3 ] DEBUG Engine               - isClickFeedbackEnabled: false
10:10:12.171 [FXGL Background Thread 3 ] DEBUG Engine               - isCloseConfirmation: false
10:10:12.171 [FXGL Background Thread 3 ] DEBUG Engine               - isDesktop: true
10:10:12.172 [FXGL Background Thread 3 ] DEBUG Engine               - isDeveloperMenuEnabled: false
10:10:12.172 [FXGL Background Thread 3 ] DEBUG Engine               - isEmbedded: false
10:10:12.172 [FXGL Background Thread 3 ] DEBUG Engine               - isEntityPreloadEnabled: true
10:10:12.172 [FXGL Background Thread 3 ] DEBUG Engine               - isExperimentalTiledLargeMap: false
10:10:12.173 [FXGL Background Thread 3 ] DEBUG Engine               - isFileSystemWriteAllowed: true
10:10:12.173 [FXGL Background Thread 3 ] DEBUG Engine               - isFullScreenAllowed: false
10:10:12.173 [FXGL Background Thread 3 ] DEBUG Engine               - isFullScreenFromStart: false
10:10:12.173 [FXGL Background Thread 3 ] DEBUG Engine               - isGameMenuEnabled: true
10:10:12.173 [FXGL Background Thread 3 ] DEBUG Engine               - isIOS: false
10:10:12.174 [FXGL Background Thread 3 ] DEBUG Engine               - isIntroEnabled: false
10:10:12.174 [FXGL Background Thread 3 ] DEBUG Engine               - isLinux: false
10:10:12.174 [FXGL Background Thread 3 ] DEBUG Engine               - isMac: false
10:10:12.174 [FXGL Background Thread 3 ] DEBUG Engine               - isMainMenuEnabled: false
10:10:12.175 [FXGL Background Thread 3 ] DEBUG Engine               - isManualResizeEnabled: false
10:10:12.175 [FXGL Background Thread 3 ] DEBUG Engine               - isMobile: false
10:10:12.175 [FXGL Background Thread 3 ] DEBUG Engine               - isNative: false
10:10:12.176 [FXGL Background Thread 3 ] DEBUG Engine               - isPauseMusicWhenMinimized: true
10:10:12.176 [FXGL Background Thread 3 ] DEBUG Engine               - isPreserveResizeRatio: false
10:10:12.176 [FXGL Background Thread 3 ] DEBUG Engine               - isProfilingEnabled: false
10:10:12.176 [FXGL Background Thread 3 ] DEBUG Engine               - isScaleAffectedOnResize: true
10:10:12.177 [FXGL Background Thread 3 ] DEBUG Engine               - isSingleStep: false
10:10:12.177 [FXGL Background Thread 3 ] DEBUG Engine               - isUserProfileEnabled: false
10:10:12.177 [FXGL Background Thread 3 ] DEBUG Engine               - isWindows: true
10:10:12.178 [FXGL Background Thread 3 ] DEBUG Engine               - language: ObjectProperty [value: ENGLISH]
10:10:12.178 [FXGL Background Thread 3 ] DEBUG Engine               - menuKey: ESCAPE
10:10:12.178 [FXGL Background Thread 3 ] DEBUG Engine               - mouseSensitivity: 0.2
10:10:12.178 [FXGL Background Thread 3 ] DEBUG Engine               - notificationViewClass: class com.almasb.fxgl.notification.view.XboxNotificationView
10:10:12.178 [FXGL Background Thread 3 ] DEBUG Engine               - pixelsPerMeter: 50.0
10:10:12.179 [FXGL Background Thread 3 ] DEBUG Engine               - platform: WINDOWS
10:10:12.179 [FXGL Background Thread 3 ] DEBUG Engine               - prefHeightProperty: ReadOnlyDoubleProperty [value: 600.0]
10:10:12.180 [FXGL Background Thread 3 ] DEBUG Engine               - prefWidthProperty: ReadOnlyDoubleProperty [value: 800.0]
10:10:12.180 [FXGL Background Thread 3 ] DEBUG Engine               - profileDir: profiles/
10:10:12.181 [FXGL Background Thread 3 ] DEBUG Engine               - profileName: StringProperty [value: DEFAULT]
10:10:12.181 [FXGL Background Thread 3 ] DEBUG Engine               - randomSeed: -1
10:10:12.183 [FXGL Background Thread 3 ] DEBUG Engine               - runtimeInfo: RuntimeInfo(platform=WINDOWS, version=21, build=28.12.2023 13.35)
10:10:12.183 [FXGL Background Thread 3 ] DEBUG Engine               - saveFileExt: sav
10:10:12.183 [FXGL Background Thread 3 ] DEBUG Engine               - scaledHeightProp$fxgl: DoubleProperty [bound, value: 600.0]
10:10:12.184 [FXGL Background Thread 3 ] DEBUG Engine               - scaledWidthProp$fxgl: DoubleProperty [bound, value: 800.0]
10:10:12.184 [FXGL Background Thread 3 ] DEBUG Engine               - sceneFactory: com.almasb.fxgl.app.scene.SceneFactory@25be3441
10:10:12.184 [FXGL Background Thread 3 ] DEBUG Engine               - secondsIn24h: 60
10:10:12.184 [FXGL Background Thread 3 ] DEBUG Engine               - soundMenuBack: menu/back.wav
10:10:12.185 [FXGL Background Thread 3 ] DEBUG Engine               - soundMenuPress: menu/press.wav
10:10:12.185 [FXGL Background Thread 3 ] DEBUG Engine               - soundMenuSelect: menu/select.wav
10:10:12.185 [FXGL Background Thread 3 ] DEBUG Engine               - soundNotification: core/notification.wav
10:10:12.185 [FXGL Background Thread 3 ] DEBUG Engine               - stageStyle: DECORATED
10:10:12.185 [FXGL Background Thread 3 ] DEBUG Engine               - supportedLanguages: [ENGLISH, FRENCH, GERMAN, HUNGARIAN, RUSSIAN]
10:10:12.186 [FXGL Background Thread 3 ] DEBUG Engine               - ticksPerSecond: -1
10:10:12.186 [FXGL Background Thread 3 ] DEBUG Engine               - title: DemoImage
10:10:12.186 [FXGL Background Thread 3 ] DEBUG Engine               - urlGithub: https://github.com/AlmasB/FXGL
10:10:12.186 [FXGL Background Thread 3 ] DEBUG Engine               - urlLeaderboard: http://fxgl-top.herokuapp.com/
10:10:12.186 [FXGL Background Thread 3 ] DEBUG Engine               - urlPOM: https://raw.githubusercontent.com/AlmasB/FXGL/release/README.md
10:10:12.186 [FXGL Background Thread 3 ] DEBUG Engine               - userAppClass: class App
10:10:12.186 [FXGL Background Thread 3 ] DEBUG Engine               - version: 0.0
10:10:12.186 [FXGL Background Thread 3 ] DEBUG Engine               - versionCheckDays: 7
10:10:12.187 [FXGL Background Thread 3 ] DEBUG Engine               - width: 800
10:10:12.187 [FXGL Background Thread 3 ] DEBUG Engine               - Logging services
10:10:12.187 [FXGL Background Thread 3 ] DEBUG Engine               - class com.almasb.fxgl.app.services.FXGLAssetLoaderService
10:10:12.187 [FXGL Background Thread 3 ] DEBUG Engine               - class com.almasb.fxgl.app.FXGLApplication$GameApplicationService
10:10:12.187 [FXGL Background Thread 3 ] DEBUG Engine               - class com.almasb.fxgl.app.services.FXGLDialogService
10:10:12.187 [FXGL Background Thread 3 ] DEBUG Engine               - class com.almasb.fxgl.app.services.IOTaskExecutorService
10:10:12.187 [FXGL Background Thread 3 ] DEBUG Engine               - class com.almasb.fxgl.io.FileSystemService
10:10:12.187 [FXGL Background Thread 3 ] DEBUG Engine               - class com.almasb.fxgl.localization.LocalizationService
10:10:12.187 [FXGL Background Thread 3 ] DEBUG Engine               - class com.almasb.fxgl.app.services.SystemBundleService
10:10:12.187 [FXGL Background Thread 3 ] DEBUG Engine               - class com.almasb.fxgl.profile.SaveLoadService
10:10:12.187 [FXGL Background Thread 3 ] DEBUG Engine               - class com.almasb.fxgl.ui.FXGLUIFactoryServiceProvider
10:10:12.187 [FXGL Background Thread 3 ] DEBUG Engine               - class com.almasb.fxgl.ui.FXGLDialogFactoryServiceProvider
10:10:12.188 [FXGL Background Thread 3 ] DEBUG Engine               - class com.almasb.fxgl.audio.AudioPlayer
10:10:12.188 [FXGL Background Thread 3 ] DEBUG Engine               - class com.almasb.fxgl.notification.impl.NotificationServiceProvider
10:10:12.188 [FXGL Background Thread 3 ] DEBUG Engine               - class com.almasb.fxgl.achievement.AchievementService
10:10:12.188 [FXGL Background Thread 3 ] DEBUG Engine               - class com.almasb.fxgl.cutscene.CutsceneService
10:10:12.188 [FXGL Background Thread 3 ] DEBUG Engine               - class com.almasb.fxgl.minigames.MiniGameService
10:10:12.188 [FXGL Background Thread 3 ] DEBUG Engine               - class com.almasb.fxgl.net.NetService
10:10:12.188 [FXGL Background Thread 3 ] DEBUG Engine               - class com.almasb.fxgl.app.services.UpdaterService
10:10:12.188 [FXGL Background Thread 3 ] DEBUG Engine               - class com.almasb.fxgl.dev.DevService
10:10:19.680 [JavaFX Application Thread] DEBUG FXGLApplication      - Exiting FXGL
10:10:19.680 [JavaFX Application Thread] DEBUG LoopRunner           - Stopping loop
10:10:19.681 [JavaFX Application Thread] DEBUG SystemBundleService  - Saving FXGL system data
10:10:19.683 [JavaFX Application Thread] DEBUG FileSystemAccess     - Writing to: F:\Proyectos javafx\javafxgl\demoImageAnim\system\fxgl.bundle
10:10:19.685 [JavaFX Application Thread] DEBUG Async                - Shutting down background threads
10:10:19.685 [JavaFX Application Thread] DEBUG PrimaryStageWindow   - Closing main window
10:10:19.705 [JavaFX Application Thread] DEBUG Logger               - Closing Logger
