19:30:12.439 [main                     ] DEBUG Logger               - Configured Logger
19:30:12.468 [main                     ] DEBUG GameApplication      - Logging settings
Title: DemoImage
Version: 0.0
Width: 800
Height: 600
Fullscreen: false
Intro: false
Profiling: false
Single step:false
App Mode: DEVELOPER
Menu Key: ESCAPE
Stage Style: DECORATED
Scene Factory: class com.almasb.fxgl.app.scene.SceneFactory

19:30:12.844 [JavaFX Application Thread] DEBUG FXGLApplication      - Initializing FXGL
19:30:12.855 [JavaFX Application Thread] INFO  Engine               - FXGL-21 (28.12.2023 13.35) on WINDOWS (J:21.0.1 FX:21.0.1)
19:30:12.855 [JavaFX Application Thread] DEBUG Engine               - JRE Vendor Name: Oracle Corporation
19:30:12.856 [JavaFX Application Thread] DEBUG Engine               - Running on OS: Windows 10 version 10.0
19:30:12.856 [JavaFX Application Thread] DEBUG Engine               - Architecture: amd64
19:30:12.856 [JavaFX Application Thread] INFO  Engine               - Source code and latest versions at: https://github.com/AlmasB/FXGL
19:30:12.856 [JavaFX Application Thread] INFO  Engine               -       Ask questions and discuss at: https://github.com/AlmasB/FXGL/discussions
19:30:12.856 [JavaFX Application Thread] INFO  Engine               -              Join the FXGL chat at: https://gitter.im/AlmasB/FXGL
19:30:12.993 [JavaFX Application Thread] DEBUG PrimaryStageWindow   - Creating a JavaFX scene
19:30:13.046 [JavaFX Application Thread] DEBUG PrimaryStageWindow   - Target settings size: 800.0 x 600.0
19:30:13.046 [JavaFX Application Thread] DEBUG PrimaryStageWindow   - Scaled scene size:    800.0 x 600.0
19:30:13.046 [JavaFX Application Thread] DEBUG PrimaryStageWindow   - Scaled ratio: (1.0, 1.0)
19:30:13.047 [JavaFX Application Thread] DEBUG PrimaryStageWindow   - Set initial scene to FXGLStartupScene
19:30:13.051 [JavaFX Application Thread] DEBUG PrimaryStageWindow   - Opening main window
19:30:13.156 [JavaFX Application Thread] DEBUG PrimaryStageWindow   - Window border size: (14.4000244140625, 37.5999755859375)
19:30:13.156 [JavaFX Application Thread] DEBUG PrimaryStageWindow   - Scaled size: 800.0 x 600.0
19:30:13.157 [JavaFX Application Thread] DEBUG PrimaryStageWindow   - Scaled ratio: (1.0, 1.0)
19:30:13.157 [JavaFX Application Thread] DEBUG PrimaryStageWindow   - Scene size: 800.0 x 600.0
19:30:13.157 [JavaFX Application Thread] DEBUG PrimaryStageWindow   - Stage size: 814.4000244140625 x 637.5999755859375
19:30:13.169 [FXGL Background Thread 1 ] DEBUG Engine               - Initializing environment variables
19:30:13.268 [FXGL Background Thread 1 ] DEBUG FXGLAssetLoaderServi - User app class for loading assets: class App
19:30:13.269 [FXGL Background Thread 1 ] DEBUG GameApplicationServi - Applying CSS: fxgl_dark.css
19:30:13.269 [FXGL Background Thread 1 ] DEBUG FXGLAssetLoaderServi - Loading from file system: jar:file:/C:/Users/Usuario/.m2/repository/com/github/almasb/fxgl/21/fxgl-21.jar!/fxglassets/ui/css/fxgl_dark.css
19:30:13.333 [FXGL Background Thread 1 ] DEBUG GameApplicationServi - Initializing application scenes
19:30:13.389 [FXGL Background Thread 1 ] DEBUG GameWorld            - Game world initialized
19:30:13.485 [FXGL Background Thread 1 ] DEBUG PhysicsWorld         - Physics world initialized: appHeight=600, physics.ppm=50,0
19:30:13.486 [FXGL Background Thread 1 ] DEBUG PhysicsWorld         - Using strategy: BRUTE_FORCE
19:30:13.490 [FXGL Background Thread 1 ] DEBUG GameScene            - Game scene initialized: 800x600
19:30:13.509 [FXGL Background Thread 1 ] DEBUG FXGL.DefaultMenu     - createMenuBodyGameMenu()
19:30:13.529 [FXGL Background Thread 1 ] DEBUG FXGL.DefaultMenu     - createOptionsMenu()
19:30:13.545 [FXGL Background Thread 1 ] DEBUG FXGLAssetLoaderServi - Loading from file system: jar:file:/C:/Users/Usuario/.m2/repository/com/github/almasb/fxgl/21/fxgl-21.jar!/fxglassets/textures/particles/smoke.png
19:30:13.675 [FXGL Background Thread 1 ] DEBUG FXGLAssetLoaderServi - Loading from file system: jar:file:/C:/Users/Usuario/.m2/repository/com/github/almasb/fxgl/21/fxgl-21.jar!/fxglassets/textures/particles/trace_horizontal.png
19:30:13.706 [FXGL Background Thread 1 ] DEBUG GameApplicationServi - Application scenes initialized
19:30:13.721 [FXGL Background Thread 1 ] DEBUG SystemBundleService  - Loading FXGL system data
19:30:13.728 [FXGL Background Thread 1 ] DEBUG FileSystemAccess     - Reading from: F:\Proyectos javafx\javafxgl\demoImageAnim\system\fxgl.bundle
19:30:13.740 [FXGL Background Thread 1 ] DEBUG SystemBundleService  - Bundle FXGL: {}
19:30:13.740 [FXGL Background Thread 1 ] DEBUG UpdaterService       - Checking for updates
19:30:13.744 [FXGL Background Thread 4 ] DEBUG FXGLApplication      - Loading fonts
19:30:13.745 [FXGL Background Thread 4 ] DEBUG FXGLAssetLoaderServi - Loading from file system: jar:file:/C:/Users/Usuario/.m2/repository/com/github/almasb/fxgl/21/fxgl-21.jar!/fxglassets/ui/fonts/VarelaRound-Regular.ttf
19:30:13.745 [FXGL Background Thread 1 ] DEBUG FXGLApplication      - Loading default localization
19:30:13.746 [FXGL Background Thread 1 ] DEBUG FXGLAssetLoaderServi - Loading from file system: jar:file:/C:/Users/Usuario/.m2/repository/com/github/almasb/fxgl/21/fxgl-21.jar!/fxglassets/languages/english.lang
19:30:13.790 [FXGL Background Thread 1 ] INFO  FXGLApplication      - FXGL initialization took: 0,620 sec
19:30:13.804 [FXGL Background Thread 4 ] DEBUG FXGLAssetLoaderServi - Loading from file system: jar:file:/C:/Users/Usuario/.m2/repository/com/github/almasb/fxgl/21/fxgl-21.jar!/fxglassets/ui/fonts/Abel-Regular.ttf
19:30:13.805 [JavaFX Application Thread] DEBUG Input                - Registered new binding: Move Left - A
19:30:13.805 [JavaFX Application Thread] DEBUG Input                - Registered new binding: Move Right - D
19:30:13.806 [JavaFX Application Thread] DEBUG Input                - Registered new binding: Move Up - W
19:30:13.806 [JavaFX Application Thread] DEBUG Input                - Registered new binding: Move Down - S
19:30:13.807 [JavaFX Application Thread] DEBUG FXGLAssetLoaderServi - Loading from file system: jar:file:/C:/Users/Usuario/.m2/repository/com/github/almasb/fxgl/21/fxgl-21.jar!/fxglassets/textures/fxgl_icon.png
19:30:13.818 [FXGL Background Thread 4 ] DEBUG FXGLAssetLoaderServi - Loading from file system: jar:file:/C:/Users/Usuario/.m2/repository/com/github/almasb/fxgl/21/fxgl-21.jar!/fxglassets/ui/fonts/TerminalLandMono-Regular.otf
19:30:13.833 [FXGL Background Thread 4 ] DEBUG FXGLAssetLoaderServi - Loading from file system: jar:file:/C:/Users/Usuario/.m2/repository/com/github/almasb/fxgl/21/fxgl-21.jar!/fxglassets/ui/fonts/Courier-Prime.ttf
19:30:13.838 [JavaFX Application Thread] DEBUG FXGLAssetLoaderServi - Loading from file system: jar:file:/C:/Users/Usuario/.m2/repository/com/github/almasb/fxgl/21/fxgl-21.jar!/fxglassets/textures/fxgl_default_cursor.png
19:30:13.841 [JavaFX Application Thread] DEBUG Input                - Registered new binding: Screenshot - CTRL+8
19:30:13.841 [JavaFX Application Thread] DEBUG Input                - Registered new binding: System info dump - CTRL+9
19:30:13.841 [JavaFX Application Thread] DEBUG Input                - Registered new binding: Restart - CTRL+R
19:30:13.842 [JavaFX Application Thread] DEBUG Input                - Registered new binding: Toggle Debug Camera - CTRL+7
19:30:13.847 [JavaFX Application Thread] DEBUG LoopRunner           - Starting loop
19:30:13.847 [JavaFX Application Thread] DEBUG LoopRunner           - Initializing JavaFX AnimationTimerLoop
19:30:13.849 [JavaFX Application Thread] DEBUG GameApplicationServi - Starting new game
19:30:13.850 [JavaFX Application Thread] DEBUG Input                - Clearing active input actions
19:30:13.868 [JavaFX Application Thread] DEBUG GameApplicationServi - Removing overlay from FXGLStartupScene and adding to FXGLLoadingScene
19:30:13.868 [JavaFX Application Thread] DEBUG PrimaryStageWindow   - FXGLStartupScene -> FXGLLoadingScene
19:30:13.869 [JavaFX Application Thread] DEBUG GameApplicationServi - Clearing previous game
19:30:13.869 [JavaFX Application Thread] DEBUG GameScene            - Clearing game scene
19:30:13.869 [JavaFX Application Thread] DEBUG GameWorld            - Clearing game world
19:30:13.869 [JavaFX Application Thread] DEBUG PhysicsWorld         - Clearing physics world
19:30:13.872 [FXGL Background Thread 4 ] DEBUG FXGLApplication      - Initializing game
19:30:13.884 [FXGL Background Thread 4 ] DEBUG FXGLAssetLoaderServi - Loading from file system: file:/F:/Proyectos%20javafx/javafxgl/demoImageAnim/target/classes/assets/textures/bosque.jpg
19:30:13.937 [JavaFX Application Thread] DEBUG FXGLApplication      - Registering font factories with UI factory
19:30:14.020 [FXGL Background Thread 4 ] DEBUG FXGLAssetLoaderServi - Loading from file system: file:/F:/Proyectos%20javafx/javafxgl/demoImageAnim/target/classes/assets/textures/pugFrente.png
19:30:14.022 [FXGL Background Thread 4 ] DEBUG FXGLAssetLoaderServi - Loading from file system: file:/F:/Proyectos%20javafx/javafxgl/demoImageAnim/target/classes/assets/textures/pugEspalda.png
19:30:14.023 [FXGL Background Thread 4 ] DEBUG FXGLAssetLoaderServi - Loading from file system: file:/F:/Proyectos%20javafx/javafxgl/demoImageAnim/target/classes/assets/textures/pudDerecha.png
19:30:14.025 [FXGL Background Thread 4 ] DEBUG FXGLAssetLoaderServi - Loading from file system: file:/F:/Proyectos%20javafx/javafxgl/demoImageAnim/target/classes/assets/textures/pugIzquierda.png
19:30:14.048 [FXGL Background Thread 4 ] INFO  FXGLApplication      - Game initialization took: 0,176 sec
19:30:14.049 [JavaFX Application Thread] DEBUG Input                - Clearing active input actions
19:30:14.072 [JavaFX Application Thread] DEBUG GameApplicationServi - Removing overlay from FXGLLoadingScene and adding to GameScene
19:30:14.072 [JavaFX Application Thread] DEBUG PrimaryStageWindow   - FXGLLoadingScene -> GameScene
19:30:16.744 [FXGL Background Thread 3 ] DEBUG Engine               - Logging environment variables
19:30:16.746 [FXGL Background Thread 3 ] DEBUG Engine               - achievements: []
19:30:16.747 [FXGL Background Thread 3 ] DEBUG Engine               - actualHeight: 600.0
19:30:16.747 [FXGL Background Thread 3 ] DEBUG Engine               - actualHeightProperty: ReadOnlyDoubleProperty [value: 600.0]
19:30:16.747 [FXGL Background Thread 3 ] DEBUG Engine               - actualWidth: 800.0
19:30:16.748 [FXGL Background Thread 3 ] DEBUG Engine               - actualWidthProperty: ReadOnlyDoubleProperty [value: 800.0]
19:30:16.748 [FXGL Background Thread 3 ] DEBUG Engine               - appIcon: fxgl_icon.png
19:30:16.748 [FXGL Background Thread 3 ] DEBUG Engine               - applicationMode: DEVELOPER
19:30:16.748 [FXGL Background Thread 3 ] DEBUG Engine               - cSSList: [fxgl_dark.css]
19:30:16.749 [FXGL Background Thread 3 ] DEBUG Engine               - collisionDetectionStrategy: BRUTE_FORCE
19:30:16.749 [FXGL Background Thread 3 ] DEBUG Engine               - configClass: Optional.empty
19:30:16.749 [FXGL Background Thread 3 ] DEBUG Engine               - credits: []
19:30:16.750 [FXGL Background Thread 3 ] DEBUG Engine               - defaultCursor: CursorInfo(imageName=fxgl_default_cursor.png, hotspotX=7.0, hotspotY=6.0)
19:30:16.751 [FXGL Background Thread 3 ] DEBUG Engine               - devBBoxColorProperty: ObjectProperty [value: 0xff0000ff]
19:30:16.752 [FXGL Background Thread 3 ] DEBUG Engine               - devEnableDebugCameraProperty: BooleanProperty [value: false]
19:30:16.752 [FXGL Background Thread 3 ] DEBUG Engine               - devSensorColorProperty: ObjectProperty [value: 0xffff00ff]
19:30:16.753 [FXGL Background Thread 3 ] DEBUG Engine               - devShowBBoxProperty: BooleanProperty [value: false]
19:30:16.753 [FXGL Background Thread 3 ] DEBUG Engine               - devShowPositionProperty: BooleanProperty [value: false]
19:30:16.753 [FXGL Background Thread 3 ] DEBUG Engine               - enabledMenuItems: []
19:30:16.754 [FXGL Background Thread 3 ] DEBUG Engine               - engineServices: [class com.almasb.fxgl.app.services.FXGLAssetLoaderService, class com.almasb.fxgl.app.FXGLApplication$GameApplicationService, class com.almasb.fxgl.app.services.FXGLDialogService, class com.almasb.fxgl.app.services.IOTaskExecutorService, class com.almasb.fxgl.io.FileSystemService, class com.almasb.fxgl.localization.LocalizationService, class com.almasb.fxgl.app.services.SystemBundleService, class com.almasb.fxgl.profile.SaveLoadService, class com.almasb.fxgl.ui.FXGLUIFactoryServiceProvider, class com.almasb.fxgl.ui.FXGLDialogFactoryServiceProvider, class com.almasb.fxgl.audio.AudioPlayer, class com.almasb.fxgl.notification.impl.NotificationServiceProvider, class com.almasb.fxgl.achievement.AchievementService, class com.almasb.fxgl.cutscene.CutsceneService, class com.almasb.fxgl.minigames.MiniGameService, class com.almasb.fxgl.net.NetService, class com.almasb.fxgl.app.services.UpdaterService, class com.almasb.fxgl.dev.DevService]
19:30:16.754 [FXGL Background Thread 3 ] DEBUG Engine               - fontGame: Abel-Regular.ttf
19:30:16.755 [FXGL Background Thread 3 ] DEBUG Engine               - fontMono: TerminalLandMono-Regular.otf
19:30:16.755 [FXGL Background Thread 3 ] DEBUG Engine               - fontSizeScaleUI: 1.0
19:30:16.756 [FXGL Background Thread 3 ] DEBUG Engine               - fontText: Courier-Prime.ttf
19:30:16.756 [FXGL Background Thread 3 ] DEBUG Engine               - fontUI: VarelaRound-Regular.ttf
19:30:16.756 [FXGL Background Thread 3 ] DEBUG Engine               - fullScreen: BooleanProperty [value: false]
19:30:16.756 [FXGL Background Thread 3 ] DEBUG Engine               - gameDifficulty: MEDIUM
19:30:16.757 [FXGL Background Thread 3 ] DEBUG Engine               - gameDifficultyProperty: ObjectProperty [value: MEDIUM]
19:30:16.757 [FXGL Background Thread 3 ] DEBUG Engine               - globalMusicVolume: 0.5
19:30:16.757 [FXGL Background Thread 3 ] DEBUG Engine               - globalMusicVolumeProperty: DoubleProperty [value: 0.5]
19:30:16.758 [FXGL Background Thread 3 ] DEBUG Engine               - globalSoundVolume: 0.5
19:30:16.758 [FXGL Background Thread 3 ] DEBUG Engine               - globalSoundVolumeProperty: DoubleProperty [value: 0.5]
19:30:16.758 [FXGL Background Thread 3 ] DEBUG Engine               - height: 600
19:30:16.758 [FXGL Background Thread 3 ] DEBUG Engine               - is3D: false
19:30:16.759 [FXGL Background Thread 3 ] DEBUG Engine               - isAndroid: false
19:30:16.759 [FXGL Background Thread 3 ] DEBUG Engine               - isBrowser: false
19:30:16.759 [FXGL Background Thread 3 ] DEBUG Engine               - isClickFeedbackEnabled: false
19:30:16.759 [FXGL Background Thread 3 ] DEBUG Engine               - isCloseConfirmation: false
19:30:16.759 [FXGL Background Thread 3 ] DEBUG Engine               - isDesktop: true
19:30:16.760 [FXGL Background Thread 3 ] DEBUG Engine               - isDeveloperMenuEnabled: false
19:30:16.760 [FXGL Background Thread 3 ] DEBUG Engine               - isEmbedded: false
19:30:16.760 [FXGL Background Thread 3 ] DEBUG Engine               - isEntityPreloadEnabled: true
19:30:16.760 [FXGL Background Thread 3 ] DEBUG Engine               - isExperimentalTiledLargeMap: false
19:30:16.761 [FXGL Background Thread 3 ] DEBUG Engine               - isFileSystemWriteAllowed: true
19:30:16.761 [FXGL Background Thread 3 ] DEBUG Engine               - isFullScreenAllowed: false
19:30:16.761 [FXGL Background Thread 3 ] DEBUG Engine               - isFullScreenFromStart: false
19:30:16.761 [FXGL Background Thread 3 ] DEBUG Engine               - isGameMenuEnabled: true
19:30:16.761 [FXGL Background Thread 3 ] DEBUG Engine               - isIOS: false
19:30:16.762 [FXGL Background Thread 3 ] DEBUG Engine               - isIntroEnabled: false
19:30:16.763 [FXGL Background Thread 3 ] DEBUG Engine               - isLinux: false
19:30:16.763 [FXGL Background Thread 3 ] DEBUG Engine               - isMac: false
19:30:16.764 [FXGL Background Thread 3 ] DEBUG Engine               - isMainMenuEnabled: false
19:30:16.764 [FXGL Background Thread 3 ] DEBUG Engine               - isManualResizeEnabled: false
19:30:16.764 [FXGL Background Thread 3 ] DEBUG Engine               - isMobile: false
19:30:16.764 [FXGL Background Thread 3 ] DEBUG Engine               - isNative: false
19:30:16.764 [FXGL Background Thread 3 ] DEBUG Engine               - isPauseMusicWhenMinimized: true
19:30:16.765 [FXGL Background Thread 3 ] DEBUG Engine               - isPreserveResizeRatio: false
19:30:16.765 [FXGL Background Thread 3 ] DEBUG Engine               - isProfilingEnabled: false
19:30:16.765 [FXGL Background Thread 3 ] DEBUG Engine               - isScaleAffectedOnResize: true
19:30:16.765 [FXGL Background Thread 3 ] DEBUG Engine               - isSingleStep: false
19:30:16.765 [FXGL Background Thread 3 ] DEBUG Engine               - isUserProfileEnabled: false
19:30:16.766 [FXGL Background Thread 3 ] DEBUG Engine               - isWindows: true
19:30:16.766 [FXGL Background Thread 3 ] DEBUG Engine               - language: ObjectProperty [value: ENGLISH]
19:30:16.766 [FXGL Background Thread 3 ] DEBUG Engine               - menuKey: ESCAPE
19:30:16.766 [FXGL Background Thread 3 ] DEBUG Engine               - mouseSensitivity: 0.2
19:30:16.766 [FXGL Background Thread 3 ] DEBUG Engine               - notificationViewClass: class com.almasb.fxgl.notification.view.XboxNotificationView
19:30:16.767 [FXGL Background Thread 3 ] DEBUG Engine               - pixelsPerMeter: 50.0
19:30:16.767 [FXGL Background Thread 3 ] DEBUG Engine               - platform: WINDOWS
19:30:16.767 [FXGL Background Thread 3 ] DEBUG Engine               - prefHeightProperty: ReadOnlyDoubleProperty [value: 600.0]
19:30:16.767 [FXGL Background Thread 3 ] DEBUG Engine               - prefWidthProperty: ReadOnlyDoubleProperty [value: 800.0]
19:30:16.767 [FXGL Background Thread 3 ] DEBUG Engine               - profileDir: profiles/
19:30:16.767 [FXGL Background Thread 3 ] DEBUG Engine               - profileName: StringProperty [value: DEFAULT]
19:30:16.768 [FXGL Background Thread 3 ] DEBUG Engine               - randomSeed: -1
19:30:16.768 [FXGL Background Thread 3 ] DEBUG Engine               - runtimeInfo: RuntimeInfo(platform=WINDOWS, version=21, build=28.12.2023 13.35)
19:30:16.769 [FXGL Background Thread 3 ] DEBUG Engine               - saveFileExt: sav
19:30:16.769 [FXGL Background Thread 3 ] DEBUG Engine               - scaledHeightProp$fxgl: DoubleProperty [bound, value: 600.0]
19:30:16.769 [FXGL Background Thread 3 ] DEBUG Engine               - scaledWidthProp$fxgl: DoubleProperty [bound, value: 800.0]
19:30:16.769 [FXGL Background Thread 3 ] DEBUG Engine               - sceneFactory: com.almasb.fxgl.app.scene.SceneFactory@58d284ce
19:30:16.769 [FXGL Background Thread 3 ] DEBUG Engine               - secondsIn24h: 60
19:30:16.769 [FXGL Background Thread 3 ] DEBUG Engine               - soundMenuBack: menu/back.wav
19:30:16.769 [FXGL Background Thread 3 ] DEBUG Engine               - soundMenuPress: menu/press.wav
19:30:16.769 [FXGL Background Thread 3 ] DEBUG Engine               - soundMenuSelect: menu/select.wav
19:30:16.770 [FXGL Background Thread 3 ] DEBUG Engine               - soundNotification: core/notification.wav
19:30:16.770 [FXGL Background Thread 3 ] DEBUG Engine               - stageStyle: DECORATED
19:30:16.770 [FXGL Background Thread 3 ] DEBUG Engine               - supportedLanguages: [ENGLISH, FRENCH, GERMAN, HUNGARIAN, RUSSIAN]
19:30:16.770 [FXGL Background Thread 3 ] DEBUG Engine               - ticksPerSecond: -1
19:30:16.770 [FXGL Background Thread 3 ] DEBUG Engine               - title: DemoImage
19:30:16.770 [FXGL Background Thread 3 ] DEBUG Engine               - urlGithub: https://github.com/AlmasB/FXGL
19:30:16.771 [FXGL Background Thread 3 ] DEBUG Engine               - urlLeaderboard: http://fxgl-top.herokuapp.com/
19:30:16.771 [FXGL Background Thread 3 ] DEBUG Engine               - urlPOM: https://raw.githubusercontent.com/AlmasB/FXGL/release/README.md
19:30:16.771 [FXGL Background Thread 3 ] DEBUG Engine               - userAppClass: class App
19:30:16.771 [FXGL Background Thread 3 ] DEBUG Engine               - version: 0.0
19:30:16.771 [FXGL Background Thread 3 ] DEBUG Engine               - versionCheckDays: 7
19:30:16.771 [FXGL Background Thread 3 ] DEBUG Engine               - width: 800
19:30:16.771 [FXGL Background Thread 3 ] DEBUG Engine               - Logging services
19:30:16.772 [FXGL Background Thread 3 ] DEBUG Engine               - class com.almasb.fxgl.app.services.FXGLAssetLoaderService
19:30:16.772 [FXGL Background Thread 3 ] DEBUG Engine               - class com.almasb.fxgl.app.FXGLApplication$GameApplicationService
19:30:16.772 [FXGL Background Thread 3 ] DEBUG Engine               - class com.almasb.fxgl.app.services.FXGLDialogService
19:30:16.772 [FXGL Background Thread 3 ] DEBUG Engine               - class com.almasb.fxgl.app.services.IOTaskExecutorService
19:30:16.772 [FXGL Background Thread 3 ] DEBUG Engine               - class com.almasb.fxgl.io.FileSystemService
19:30:16.772 [FXGL Background Thread 3 ] DEBUG Engine               - class com.almasb.fxgl.localization.LocalizationService
19:30:16.772 [FXGL Background Thread 3 ] DEBUG Engine               - class com.almasb.fxgl.app.services.SystemBundleService
19:30:16.772 [FXGL Background Thread 3 ] DEBUG Engine               - class com.almasb.fxgl.profile.SaveLoadService
19:30:16.772 [FXGL Background Thread 3 ] DEBUG Engine               - class com.almasb.fxgl.ui.FXGLUIFactoryServiceProvider
19:30:16.772 [FXGL Background Thread 3 ] DEBUG Engine               - class com.almasb.fxgl.ui.FXGLDialogFactoryServiceProvider
19:30:16.773 [FXGL Background Thread 3 ] DEBUG Engine               - class com.almasb.fxgl.audio.AudioPlayer
19:30:16.773 [FXGL Background Thread 3 ] DEBUG Engine               - class com.almasb.fxgl.notification.impl.NotificationServiceProvider
19:30:16.773 [FXGL Background Thread 3 ] DEBUG Engine               - class com.almasb.fxgl.achievement.AchievementService
19:30:16.773 [FXGL Background Thread 3 ] DEBUG Engine               - class com.almasb.fxgl.cutscene.CutsceneService
19:30:16.773 [FXGL Background Thread 3 ] DEBUG Engine               - class com.almasb.fxgl.minigames.MiniGameService
19:30:16.773 [FXGL Background Thread 3 ] DEBUG Engine               - class com.almasb.fxgl.net.NetService
19:30:16.774 [FXGL Background Thread 3 ] DEBUG Engine               - class com.almasb.fxgl.app.services.UpdaterService
19:30:16.774 [FXGL Background Thread 3 ] DEBUG Engine               - class com.almasb.fxgl.dev.DevService
19:30:27.227 [JavaFX Application Thread] DEBUG FXGLApplication      - Exiting FXGL
19:30:27.227 [JavaFX Application Thread] DEBUG LoopRunner           - Stopping loop
19:30:27.228 [JavaFX Application Thread] DEBUG SystemBundleService  - Saving FXGL system data
19:30:27.229 [JavaFX Application Thread] DEBUG FileSystemAccess     - Writing to: F:\Proyectos javafx\javafxgl\demoImageAnim\system\fxgl.bundle
19:30:27.232 [JavaFX Application Thread] DEBUG Async                - Shutting down background threads
19:30:27.232 [JavaFX Application Thread] DEBUG PrimaryStageWindow   - Closing main window
19:30:27.248 [JavaFX Application Thread] DEBUG Logger               - Closing Logger
