07:18:53.466 [main                     ] DEBUG Logger               - Configured Logger
07:18:53.498 [main                     ] DEBUG GameApplication      - Logging settings
Title: Untitled
Version: 0.0
Width: 1480
Height: 1020
Fullscreen: false
Intro: false
Profiling: false
Single step:false
App Mode: DEVELOPER
Menu Key: ESCAPE
Stage Style: DECORATED
Scene Factory: class com.almasb.fxgl.app.scene.SceneFactory

07:18:53.874 [JavaFX Application Thread] DEBUG FXGLApplication      - Initializing FXGL
07:18:53.885 [JavaFX Application Thread] INFO  Engine               - FXGL-21 (28.12.2023 13.35) on WINDOWS (J:21.0.1 FX:21.0.1)
07:18:53.886 [JavaFX Application Thread] DEBUG Engine               - JRE Vendor Name: Oracle Corporation
07:18:53.886 [JavaFX Application Thread] DEBUG Engine               - Running on OS: Windows 10 version 10.0
07:18:53.886 [JavaFX Application Thread] DEBUG Engine               - Architecture: amd64
07:18:53.887 [JavaFX Application Thread] INFO  Engine               - Source code and latest versions at: https://github.com/AlmasB/FXGL
07:18:53.887 [JavaFX Application Thread] INFO  Engine               -       Ask questions and discuss at: https://github.com/AlmasB/FXGL/discussions
07:18:53.887 [JavaFX Application Thread] INFO  Engine               -              Join the FXGL chat at: https://gitter.im/AlmasB/FXGL
07:18:54.010 [JavaFX Application Thread] DEBUG PrimaryStageWindow   - Creating a JavaFX scene
07:18:54.010 [JavaFX Application Thread] DEBUG PrimaryStageWindow   - Target size > screen size
07:18:54.066 [JavaFX Application Thread] DEBUG PrimaryStageWindow   - Target settings size: 1480.0 x 1020.0
07:18:54.066 [JavaFX Application Thread] DEBUG PrimaryStageWindow   - Scaled scene size:    1185.0 x 833.0
07:18:54.066 [JavaFX Application Thread] DEBUG PrimaryStageWindow   - Scaled ratio: (0.8006756756756757, 0.8166666666666667)
07:18:54.067 [JavaFX Application Thread] DEBUG PrimaryStageWindow   - Set initial scene to FXGLStartupScene
07:18:54.070 [JavaFX Application Thread] DEBUG PrimaryStageWindow   - Opening main window
07:18:54.184 [JavaFX Application Thread] DEBUG PrimaryStageWindow   - Window border size: (15.0, 38.20001220703125)
07:18:54.184 [JavaFX Application Thread] DEBUG PrimaryStageWindow   - Scaled size: 1185.0 x 833.0
07:18:54.184 [JavaFX Application Thread] DEBUG PrimaryStageWindow   - Scaled ratio: (0.8006756756756757, 0.8166666666666667)
07:18:54.185 [JavaFX Application Thread] DEBUG PrimaryStageWindow   - Scene size: 1185.0 x 833.0
07:18:54.185 [JavaFX Application Thread] DEBUG PrimaryStageWindow   - Stage size: 1200.0 x 871.2000122070312
07:18:54.194 [FXGL Background Thread 1 ] DEBUG Engine               - Initializing environment variables
07:18:54.300 [FXGL Background Thread 1 ] DEBUG FXGLAssetLoaderServi - User app class for loading assets: class App3
07:18:54.300 [FXGL Background Thread 1 ] DEBUG GameApplicationServi - Applying CSS: fxgl_dark.css
07:18:54.300 [FXGL Background Thread 1 ] DEBUG FXGLAssetLoaderServi - Loading from file system: jar:file:/C:/Users/Usuario/.m2/repository/com/github/almasb/fxgl/21/fxgl-21.jar!/fxglassets/ui/css/fxgl_dark.css
07:18:54.363 [FXGL Background Thread 1 ] DEBUG GameApplicationServi - Initializing application scenes
07:18:54.422 [FXGL Background Thread 1 ] DEBUG GameWorld            - Game world initialized
07:18:54.515 [FXGL Background Thread 1 ] DEBUG PhysicsWorld         - Physics world initialized: appHeight=1020, physics.ppm=50,0
07:18:54.515 [FXGL Background Thread 1 ] DEBUG PhysicsWorld         - Using strategy: BRUTE_FORCE
07:18:54.520 [FXGL Background Thread 1 ] DEBUG GameScene            - Game scene initialized: 1480x1020
07:18:54.536 [FXGL Background Thread 1 ] DEBUG FXGL.DefaultMenu     - createMenuBodyGameMenu()
07:18:54.553 [FXGL Background Thread 1 ] DEBUG FXGL.DefaultMenu     - createOptionsMenu()
07:18:54.561 [FXGL Background Thread 1 ] DEBUG FXGLAssetLoaderServi - Loading from file system: jar:file:/C:/Users/Usuario/.m2/repository/com/github/almasb/fxgl/21/fxgl-21.jar!/fxglassets/textures/particles/smoke.png
07:18:54.675 [FXGL Background Thread 1 ] DEBUG FXGLAssetLoaderServi - Loading from file system: jar:file:/C:/Users/Usuario/.m2/repository/com/github/almasb/fxgl/21/fxgl-21.jar!/fxglassets/textures/particles/trace_horizontal.png
07:18:54.702 [FXGL Background Thread 1 ] DEBUG GameApplicationServi - Application scenes initialized
07:18:54.716 [FXGL Background Thread 1 ] DEBUG SystemBundleService  - Loading FXGL system data
07:18:54.720 [FXGL Background Thread 1 ] DEBUG FileSystemAccess     - Reading from: F:\Proyectos javafx\javafxgl\demoImageAnim\system\fxgl.bundle
07:18:54.731 [FXGL Background Thread 1 ] DEBUG SystemBundleService  - Bundle FXGL: {}
07:18:54.731 [FXGL Background Thread 1 ] DEBUG UpdaterService       - Checking for updates
07:18:54.736 [FXGL Background Thread 4 ] DEBUG FXGLApplication      - Loading fonts
07:18:54.736 [FXGL Background Thread 4 ] DEBUG FXGLAssetLoaderServi - Loading from file system: jar:file:/C:/Users/Usuario/.m2/repository/com/github/almasb/fxgl/21/fxgl-21.jar!/fxglassets/ui/fonts/VarelaRound-Regular.ttf
07:18:54.737 [FXGL Background Thread 1 ] DEBUG FXGLApplication      - Loading default localization
07:18:54.738 [FXGL Background Thread 1 ] DEBUG FXGLAssetLoaderServi - Loading from file system: jar:file:/C:/Users/Usuario/.m2/repository/com/github/almasb/fxgl/21/fxgl-21.jar!/fxglassets/languages/english.lang
07:18:54.774 [FXGL Background Thread 1 ] INFO  FXGLApplication      - FXGL initialization took: 0,580 sec
07:18:54.775 [JavaFX Application Thread] DEBUG FXGLAssetLoaderServi - Loading from file system: jar:file:/C:/Users/Usuario/.m2/repository/com/github/almasb/fxgl/21/fxgl-21.jar!/fxglassets/textures/fxgl_icon.png
07:18:54.784 [FXGL Background Thread 4 ] DEBUG FXGLAssetLoaderServi - Loading from file system: jar:file:/C:/Users/Usuario/.m2/repository/com/github/almasb/fxgl/21/fxgl-21.jar!/fxglassets/ui/fonts/Abel-Regular.ttf
07:18:54.797 [FXGL Background Thread 4 ] DEBUG FXGLAssetLoaderServi - Loading from file system: jar:file:/C:/Users/Usuario/.m2/repository/com/github/almasb/fxgl/21/fxgl-21.jar!/fxglassets/ui/fonts/TerminalLandMono-Regular.otf
07:18:54.811 [FXGL Background Thread 4 ] DEBUG FXGLAssetLoaderServi - Loading from file system: jar:file:/C:/Users/Usuario/.m2/repository/com/github/almasb/fxgl/21/fxgl-21.jar!/fxglassets/ui/fonts/Courier-Prime.ttf
07:18:54.813 [JavaFX Application Thread] DEBUG FXGLAssetLoaderServi - Loading from file system: jar:file:/C:/Users/Usuario/.m2/repository/com/github/almasb/fxgl/21/fxgl-21.jar!/fxglassets/textures/fxgl_default_cursor.png
07:18:54.831 [JavaFX Application Thread] DEBUG Input                - Registered new binding: Screenshot - CTRL+8
07:18:54.831 [JavaFX Application Thread] DEBUG Input                - Registered new binding: System info dump - CTRL+9
07:18:54.832 [JavaFX Application Thread] DEBUG Input                - Registered new binding: Restart - CTRL+R
07:18:54.832 [JavaFX Application Thread] DEBUG Input                - Registered new binding: Toggle Debug Camera - CTRL+7
07:18:54.836 [JavaFX Application Thread] DEBUG LoopRunner           - Starting loop
07:18:54.836 [JavaFX Application Thread] DEBUG LoopRunner           - Initializing JavaFX AnimationTimerLoop
07:18:54.838 [JavaFX Application Thread] DEBUG GameApplicationServi - Starting new game
07:18:54.839 [JavaFX Application Thread] DEBUG Input                - Clearing active input actions
07:18:54.857 [JavaFX Application Thread] DEBUG GameApplicationServi - Removing overlay from FXGLStartupScene and adding to FXGLLoadingScene
07:18:54.857 [JavaFX Application Thread] DEBUG PrimaryStageWindow   - FXGLStartupScene -> FXGLLoadingScene
07:18:54.857 [JavaFX Application Thread] DEBUG GameApplicationServi - Clearing previous game
07:18:54.858 [JavaFX Application Thread] DEBUG GameScene            - Clearing game scene
07:18:54.858 [JavaFX Application Thread] DEBUG GameWorld            - Clearing game world
07:18:54.858 [JavaFX Application Thread] DEBUG PhysicsWorld         - Clearing physics world
07:18:54.860 [JavaFX Application Thread] DEBUG FXGLApplication      - Registering font factories with UI factory
07:18:54.860 [FXGL Background Thread 4 ] DEBUG FXGLApplication      - Initializing game
07:18:54.891 [FXGL Background Thread 4 ] INFO  FXGLApplication      - Game initialization took: 0,031 sec
07:18:54.930 [JavaFX Application Thread] DEBUG Input                - Clearing active input actions
07:18:54.944 [JavaFX Application Thread] DEBUG GameApplicationServi - Removing overlay from FXGLLoadingScene and adding to GameScene
07:18:54.945 [JavaFX Application Thread] DEBUG PrimaryStageWindow   - FXGLLoadingScene -> GameScene
07:18:56.499 [JavaFX Application Thread] DEBUG FXGLAssetLoaderServi - Loading from file system: file:/F:/Proyectos%20javafx/javafxgl/demoImageAnim/target/classes/assets/textures/sprite_pug.png
07:18:56.529 [JavaFX Application Thread] DEBUG LoopRunner           - Stopping loop
07:18:56.533 [JavaFX Application Thread] FATAL FXGLApplication      - Uncaught Exception:
java.lang.NullPointerException: Parameter specified as non-null is null: method com.almasb.fxgl.dsl.EntityBuilder.view, parameter node
	at com.almasb.fxgl.dsl.EntityBuilder.view(EntityBuilder.kt)
	at App3.newPlayerAnimado(App3.java:137)
	at App3.lambda$initUI$3(App3.java:188)
	at com.sun.javafx.event.CompositeEventHandler.dispatchBubblingEvent(CompositeEventHandler.java:86)
	at com.sun.javafx.event.EventHandlerManager.dispatchBubblingEvent(EventHandlerManager.java:232)
	at com.sun.javafx.event.EventHandlerManager.dispatchBubblingEvent(EventHandlerManager.java:189)
	at com.sun.javafx.event.CompositeEventDispatcher.dispatchBubblingEvent(CompositeEventDispatcher.java:59)
	at com.sun.javafx.event.BasicEventDispatcher.dispatchEvent(BasicEventDispatcher.java:58)
	at com.sun.javafx.event.EventDispatchChainImpl.dispatchEvent(EventDispatchChainImpl.java:114)
	at com.sun.javafx.event.BasicEventDispatcher.dispatchEvent(BasicEventDispatcher.java:56)
	at com.sun.javafx.event.EventDispatchChainImpl.dispatchEvent(EventDispatchChainImpl.java:114)
	at com.sun.javafx.event.BasicEventDispatcher.dispatchEvent(BasicEventDispatcher.java:56)
	at com.sun.javafx.event.EventDispatchChainImpl.dispatchEvent(EventDispatchChainImpl.java:114)
	at com.sun.javafx.event.EventUtil.fireEventImpl(EventUtil.java:74)
	at com.sun.javafx.event.EventUtil.fireEvent(EventUtil.java:49)
	at javafx.event.Event.fireEvent(Event.java:198)
	at javafx.scene.Node.fireEvent(Node.java:8875)
	at javafx.scene.control.Button.fire(Button.java:203)
	at com.sun.javafx.scene.control.behavior.ButtonBehavior.mouseReleased(ButtonBehavior.java:207)
	at com.sun.javafx.scene.control.inputmap.InputMap.handle(InputMap.java:274)
	at com.sun.javafx.event.CompositeEventHandler$NormalEventHandlerRecord.handleBubblingEvent(CompositeEventHandler.java:247)
	at com.sun.javafx.event.CompositeEventHandler.dispatchBubblingEvent(CompositeEventHandler.java:80)
	at com.sun.javafx.event.EventHandlerManager.dispatchBubblingEvent(EventHandlerManager.java:232)
	at com.sun.javafx.event.EventHandlerManager.dispatchBubblingEvent(EventHandlerManager.java:189)
	at com.sun.javafx.event.CompositeEventDispatcher.dispatchBubblingEvent(CompositeEventDispatcher.java:59)
	at com.sun.javafx.event.BasicEventDispatcher.dispatchEvent(BasicEventDispatcher.java:58)
	at com.sun.javafx.event.EventDispatchChainImpl.dispatchEvent(EventDispatchChainImpl.java:114)
	at com.sun.javafx.event.BasicEventDispatcher.dispatchEvent(BasicEventDispatcher.java:56)
	at com.sun.javafx.event.EventDispatchChainImpl.dispatchEvent(EventDispatchChainImpl.java:114)
	at com.sun.javafx.event.BasicEventDispatcher.dispatchEvent(BasicEventDispatcher.java:56)
	at com.sun.javafx.event.EventDispatchChainImpl.dispatchEvent(EventDispatchChainImpl.java:114)
	at com.sun.javafx.event.EventUtil.fireEventImpl(EventUtil.java:74)
	at com.sun.javafx.event.EventUtil.fireEvent(EventUtil.java:54)
	at javafx.event.Event.fireEvent(Event.java:198)
	at javafx.scene.Scene$MouseHandler.process(Scene.java:3984)
	at javafx.scene.Scene.processMouseEvent(Scene.java:1890)
	at javafx.scene.Scene$ScenePeerListener.mouseEvent(Scene.java:2708)
	at com.sun.javafx.tk.quantum.GlassViewEventHandler$MouseEventNotification.run(GlassViewEventHandler.java:411)
	at com.sun.javafx.tk.quantum.GlassViewEventHandler$MouseEventNotification.run(GlassViewEventHandler.java:301)
	at java.base/java.security.AccessController.doPrivileged(AccessController.java:400)
	at com.sun.javafx.tk.quantum.GlassViewEventHandler.lambda$handleMouseEvent$2(GlassViewEventHandler.java:450)
	at com.sun.javafx.tk.quantum.QuantumToolkit.runWithoutRenderLock(QuantumToolkit.java:424)
	at com.sun.javafx.tk.quantum.GlassViewEventHandler.handleMouseEvent(GlassViewEventHandler.java:449)
	at com.sun.glass.ui.View.handleMouseEvent(View.java:551)
	at com.sun.glass.ui.View.notifyMouse(View.java:937)
	at com.sun.glass.ui.win.WinApplication._runLoop(Native Method)
	at com.sun.glass.ui.win.WinApplication.lambda$runLoop$3(WinApplication.java:185)
	at java.base/java.lang.Thread.run(Thread.java:1583)

07:18:56.533 [JavaFX Application Thread] FATAL FXGLApplication      - Application will now exit
07:18:56.548 [JavaFX Application Thread] DEBUG PrimaryStageWindow   - Push state: ErrorSubScene
07:18:56.549 [JavaFX Application Thread] DEBUG Input                - Clearing active input actions
07:18:56.552 [JavaFX Application Thread] DEBUG GameApplicationServi - Removing overlay from GameScene and adding to ErrorSubScene
07:18:56.553 [JavaFX Application Thread] DEBUG PrimaryStageWindow   - GameScene -> ErrorSubScene
07:18:57.735 [FXGL Background Thread 3 ] DEBUG Engine               - Logging environment variables
07:18:57.737 [FXGL Background Thread 3 ] DEBUG Engine               - achievements: []
07:18:57.761 [FXGL Background Thread 3 ] DEBUG Engine               - actualHeight: 833.0
07:18:57.762 [FXGL Background Thread 3 ] DEBUG Engine               - actualHeightProperty: ReadOnlyDoubleProperty [value: 833.0]
07:18:57.762 [FXGL Background Thread 3 ] DEBUG Engine               - actualWidth: 1185.0
07:18:57.762 [FXGL Background Thread 3 ] DEBUG Engine               - actualWidthProperty: ReadOnlyDoubleProperty [value: 1185.0]
07:18:57.762 [FXGL Background Thread 3 ] DEBUG Engine               - appIcon: fxgl_icon.png
07:18:57.763 [FXGL Background Thread 3 ] DEBUG Engine               - applicationMode: DEVELOPER
07:18:57.763 [FXGL Background Thread 3 ] DEBUG Engine               - cSSList: [fxgl_dark.css]
07:18:57.763 [FXGL Background Thread 3 ] DEBUG Engine               - collisionDetectionStrategy: BRUTE_FORCE
07:18:57.763 [FXGL Background Thread 3 ] DEBUG Engine               - configClass: Optional.empty
07:18:57.763 [FXGL Background Thread 3 ] DEBUG Engine               - credits: []
07:18:57.764 [FXGL Background Thread 3 ] DEBUG Engine               - defaultCursor: CursorInfo(imageName=fxgl_default_cursor.png, hotspotX=7.0, hotspotY=6.0)
07:18:57.764 [FXGL Background Thread 3 ] DEBUG Engine               - devBBoxColorProperty: ObjectProperty [value: 0xff0000ff]
07:18:57.764 [FXGL Background Thread 3 ] DEBUG Engine               - devEnableDebugCameraProperty: BooleanProperty [value: false]
07:18:57.765 [FXGL Background Thread 3 ] DEBUG Engine               - devSensorColorProperty: ObjectProperty [value: 0xffff00ff]
07:18:57.765 [FXGL Background Thread 3 ] DEBUG Engine               - devShowBBoxProperty: BooleanProperty [value: false]
07:18:57.765 [FXGL Background Thread 3 ] DEBUG Engine               - devShowPositionProperty: BooleanProperty [value: false]
07:18:57.765 [FXGL Background Thread 3 ] DEBUG Engine               - enabledMenuItems: []
07:18:57.765 [FXGL Background Thread 3 ] DEBUG Engine               - engineServices: [class com.almasb.fxgl.app.services.FXGLAssetLoaderService, class com.almasb.fxgl.app.FXGLApplication$GameApplicationService, class com.almasb.fxgl.app.services.FXGLDialogService, class com.almasb.fxgl.app.services.IOTaskExecutorService, class com.almasb.fxgl.io.FileSystemService, class com.almasb.fxgl.localization.LocalizationService, class com.almasb.fxgl.app.services.SystemBundleService, class com.almasb.fxgl.profile.SaveLoadService, class com.almasb.fxgl.ui.FXGLUIFactoryServiceProvider, class com.almasb.fxgl.ui.FXGLDialogFactoryServiceProvider, class com.almasb.fxgl.audio.AudioPlayer, class com.almasb.fxgl.notification.impl.NotificationServiceProvider, class com.almasb.fxgl.achievement.AchievementService, class com.almasb.fxgl.cutscene.CutsceneService, class com.almasb.fxgl.minigames.MiniGameService, class com.almasb.fxgl.net.NetService, class com.almasb.fxgl.app.services.UpdaterService, class com.almasb.fxgl.dev.DevService]
07:18:57.765 [FXGL Background Thread 3 ] DEBUG Engine               - fontGame: Abel-Regular.ttf
07:18:57.765 [FXGL Background Thread 3 ] DEBUG Engine               - fontMono: TerminalLandMono-Regular.otf
07:18:57.765 [FXGL Background Thread 3 ] DEBUG Engine               - fontSizeScaleUI: 1.0
07:18:57.765 [FXGL Background Thread 3 ] DEBUG Engine               - fontText: Courier-Prime.ttf
07:18:57.766 [FXGL Background Thread 3 ] DEBUG Engine               - fontUI: VarelaRound-Regular.ttf
07:18:57.766 [FXGL Background Thread 3 ] DEBUG Engine               - fullScreen: BooleanProperty [value: false]
07:18:57.766 [FXGL Background Thread 3 ] DEBUG Engine               - gameDifficulty: MEDIUM
07:18:57.766 [FXGL Background Thread 3 ] DEBUG Engine               - gameDifficultyProperty: ObjectProperty [value: MEDIUM]
07:18:57.766 [FXGL Background Thread 3 ] DEBUG Engine               - globalMusicVolume: 0.5
07:18:57.766 [FXGL Background Thread 3 ] DEBUG Engine               - globalMusicVolumeProperty: DoubleProperty [value: 0.5]
07:18:57.766 [FXGL Background Thread 3 ] DEBUG Engine               - globalSoundVolume: 0.5
07:18:57.766 [FXGL Background Thread 3 ] DEBUG Engine               - globalSoundVolumeProperty: DoubleProperty [value: 0.5]
07:18:57.766 [FXGL Background Thread 3 ] DEBUG Engine               - height: 1020
07:18:57.767 [FXGL Background Thread 3 ] DEBUG Engine               - is3D: false
07:18:57.767 [FXGL Background Thread 3 ] DEBUG Engine               - isAndroid: false
07:18:57.767 [FXGL Background Thread 3 ] DEBUG Engine               - isBrowser: false
07:18:57.767 [FXGL Background Thread 3 ] DEBUG Engine               - isClickFeedbackEnabled: false
07:18:57.767 [FXGL Background Thread 3 ] DEBUG Engine               - isCloseConfirmation: false
07:18:57.767 [FXGL Background Thread 3 ] DEBUG Engine               - isDesktop: true
07:18:57.767 [FXGL Background Thread 3 ] DEBUG Engine               - isDeveloperMenuEnabled: false
07:18:57.767 [FXGL Background Thread 3 ] DEBUG Engine               - isEmbedded: false
07:18:57.767 [FXGL Background Thread 3 ] DEBUG Engine               - isEntityPreloadEnabled: true
07:18:57.767 [FXGL Background Thread 3 ] DEBUG Engine               - isExperimentalTiledLargeMap: false
07:18:57.768 [FXGL Background Thread 3 ] DEBUG Engine               - isFileSystemWriteAllowed: true
07:18:57.768 [FXGL Background Thread 3 ] DEBUG Engine               - isFullScreenAllowed: false
07:18:57.768 [FXGL Background Thread 3 ] DEBUG Engine               - isFullScreenFromStart: false
07:18:57.768 [FXGL Background Thread 3 ] DEBUG Engine               - isGameMenuEnabled: true
07:18:57.768 [FXGL Background Thread 3 ] DEBUG Engine               - isIOS: false
07:18:57.768 [FXGL Background Thread 3 ] DEBUG Engine               - isIntroEnabled: false
07:18:57.768 [FXGL Background Thread 3 ] DEBUG Engine               - isLinux: false
07:18:57.768 [FXGL Background Thread 3 ] DEBUG Engine               - isMac: false
07:18:57.769 [FXGL Background Thread 3 ] DEBUG Engine               - isMainMenuEnabled: false
07:18:57.769 [FXGL Background Thread 3 ] DEBUG Engine               - isManualResizeEnabled: false
07:18:57.769 [FXGL Background Thread 3 ] DEBUG Engine               - isMobile: false
07:18:57.769 [FXGL Background Thread 3 ] DEBUG Engine               - isNative: false
07:18:57.769 [FXGL Background Thread 3 ] DEBUG Engine               - isPauseMusicWhenMinimized: true
07:18:57.769 [FXGL Background Thread 3 ] DEBUG Engine               - isPreserveResizeRatio: false
07:18:57.769 [FXGL Background Thread 3 ] DEBUG Engine               - isProfilingEnabled: false
07:18:57.769 [FXGL Background Thread 3 ] DEBUG Engine               - isScaleAffectedOnResize: true
07:18:57.769 [FXGL Background Thread 3 ] DEBUG Engine               - isSingleStep: false
07:18:57.769 [FXGL Background Thread 3 ] DEBUG Engine               - isUserProfileEnabled: false
07:18:57.769 [FXGL Background Thread 3 ] DEBUG Engine               - isWindows: true
07:18:57.770 [FXGL Background Thread 3 ] DEBUG Engine               - language: ObjectProperty [value: ENGLISH]
07:18:57.770 [FXGL Background Thread 3 ] DEBUG Engine               - menuKey: ESCAPE
07:18:57.770 [FXGL Background Thread 3 ] DEBUG Engine               - mouseSensitivity: 0.2
07:18:57.770 [FXGL Background Thread 3 ] DEBUG Engine               - notificationViewClass: class com.almasb.fxgl.notification.view.XboxNotificationView
07:18:57.770 [FXGL Background Thread 3 ] DEBUG Engine               - pixelsPerMeter: 50.0
07:18:57.770 [FXGL Background Thread 3 ] DEBUG Engine               - platform: WINDOWS
07:18:57.770 [FXGL Background Thread 3 ] DEBUG Engine               - prefHeightProperty: ReadOnlyDoubleProperty [value: 1020.0]
07:18:57.770 [FXGL Background Thread 3 ] DEBUG Engine               - prefWidthProperty: ReadOnlyDoubleProperty [value: 1480.0]
07:18:57.770 [FXGL Background Thread 3 ] DEBUG Engine               - profileDir: profiles/
07:18:57.770 [FXGL Background Thread 3 ] DEBUG Engine               - profileName: StringProperty [value: DEFAULT]
07:18:57.771 [FXGL Background Thread 3 ] DEBUG Engine               - randomSeed: -1
07:18:57.771 [FXGL Background Thread 3 ] DEBUG Engine               - runtimeInfo: RuntimeInfo(platform=WINDOWS, version=21, build=28.12.2023 13.35)
07:18:57.771 [FXGL Background Thread 3 ] DEBUG Engine               - saveFileExt: sav
07:18:57.771 [FXGL Background Thread 3 ] DEBUG Engine               - scaledHeightProp$fxgl: DoubleProperty [bound, value: 833.0]
07:18:57.771 [FXGL Background Thread 3 ] DEBUG Engine               - scaledWidthProp$fxgl: DoubleProperty [bound, value: 1185.0]
07:18:57.771 [FXGL Background Thread 3 ] DEBUG Engine               - sceneFactory: com.almasb.fxgl.app.scene.SceneFactory@2389089e
07:18:57.771 [FXGL Background Thread 3 ] DEBUG Engine               - secondsIn24h: 60
07:18:57.772 [FXGL Background Thread 3 ] DEBUG Engine               - soundMenuBack: menu/back.wav
07:18:57.772 [FXGL Background Thread 3 ] DEBUG Engine               - soundMenuPress: menu/press.wav
07:18:57.772 [FXGL Background Thread 3 ] DEBUG Engine               - soundMenuSelect: menu/select.wav
07:18:57.772 [FXGL Background Thread 3 ] DEBUG Engine               - soundNotification: core/notification.wav
07:18:57.772 [FXGL Background Thread 3 ] DEBUG Engine               - stageStyle: DECORATED
07:18:57.772 [FXGL Background Thread 3 ] DEBUG Engine               - supportedLanguages: [ENGLISH, FRENCH, GERMAN, HUNGARIAN, RUSSIAN]
07:18:57.772 [FXGL Background Thread 3 ] DEBUG Engine               - ticksPerSecond: -1
07:18:57.772 [FXGL Background Thread 3 ] DEBUG Engine               - title: Untitled
07:18:57.772 [FXGL Background Thread 3 ] DEBUG Engine               - urlGithub: https://github.com/AlmasB/FXGL
07:18:57.772 [FXGL Background Thread 3 ] DEBUG Engine               - urlLeaderboard: http://fxgl-top.herokuapp.com/
07:18:57.773 [FXGL Background Thread 3 ] DEBUG Engine               - urlPOM: https://raw.githubusercontent.com/AlmasB/FXGL/release/README.md
07:18:57.773 [FXGL Background Thread 3 ] DEBUG Engine               - userAppClass: class App3
07:18:57.773 [FXGL Background Thread 3 ] DEBUG Engine               - version: 0.0
07:18:57.773 [FXGL Background Thread 3 ] DEBUG Engine               - versionCheckDays: 7
07:18:57.773 [FXGL Background Thread 3 ] DEBUG Engine               - width: 1480
07:18:57.773 [FXGL Background Thread 3 ] DEBUG Engine               - Logging services
07:18:57.773 [FXGL Background Thread 3 ] DEBUG Engine               - class com.almasb.fxgl.app.services.FXGLAssetLoaderService
07:18:57.773 [FXGL Background Thread 3 ] DEBUG Engine               - class com.almasb.fxgl.app.FXGLApplication$GameApplicationService
07:18:57.773 [FXGL Background Thread 3 ] DEBUG Engine               - class com.almasb.fxgl.app.services.FXGLDialogService
07:18:57.773 [FXGL Background Thread 3 ] DEBUG Engine               - class com.almasb.fxgl.app.services.IOTaskExecutorService
07:18:57.773 [FXGL Background Thread 3 ] DEBUG Engine               - class com.almasb.fxgl.io.FileSystemService
07:18:57.773 [FXGL Background Thread 3 ] DEBUG Engine               - class com.almasb.fxgl.localization.LocalizationService
07:18:57.774 [FXGL Background Thread 3 ] DEBUG Engine               - class com.almasb.fxgl.app.services.SystemBundleService
07:18:57.774 [FXGL Background Thread 3 ] DEBUG Engine               - class com.almasb.fxgl.profile.SaveLoadService
07:18:57.774 [FXGL Background Thread 3 ] DEBUG Engine               - class com.almasb.fxgl.ui.FXGLUIFactoryServiceProvider
07:18:57.774 [FXGL Background Thread 3 ] DEBUG Engine               - class com.almasb.fxgl.ui.FXGLDialogFactoryServiceProvider
07:18:57.774 [FXGL Background Thread 3 ] DEBUG Engine               - class com.almasb.fxgl.audio.AudioPlayer
07:18:57.774 [FXGL Background Thread 3 ] DEBUG Engine               - class com.almasb.fxgl.notification.impl.NotificationServiceProvider
07:18:57.774 [FXGL Background Thread 3 ] DEBUG Engine               - class com.almasb.fxgl.achievement.AchievementService
07:18:57.774 [FXGL Background Thread 3 ] DEBUG Engine               - class com.almasb.fxgl.cutscene.CutsceneService
07:18:57.774 [FXGL Background Thread 3 ] DEBUG Engine               - class com.almasb.fxgl.minigames.MiniGameService
07:18:57.775 [FXGL Background Thread 3 ] DEBUG Engine               - class com.almasb.fxgl.net.NetService
07:18:57.775 [FXGL Background Thread 3 ] DEBUG Engine               - class com.almasb.fxgl.app.services.UpdaterService
07:18:57.775 [FXGL Background Thread 3 ] DEBUG Engine               - class com.almasb.fxgl.dev.DevService
07:19:24.179 [JavaFX Application Thread] DEBUG FXGLApplication      - Exiting FXGL
07:19:24.180 [JavaFX Application Thread] DEBUG Async                - Shutting down background threads
07:19:24.180 [JavaFX Application Thread] DEBUG PrimaryStageWindow   - Closing main window
07:19:24.199 [JavaFX Application Thread] DEBUG Logger               - Closing Logger
