10:12:07.423 [main                     ] DEBUG Logger               - Configured Logger
10:12:07.449 [main                     ] DEBUG GameApplication      - Logging settings
Title: DemoImage
Version: 0.0
Width: 800
Height: 600
Fullscreen: false
Intro: false
Profiling: false
Single step:false
App Mode: DEVELOPER
Menu Key: ESCAPE
Stage Style: DECORATED
Scene Factory: class com.almasb.fxgl.app.scene.SceneFactory

10:12:07.806 [JavaFX Application Thread] DEBUG FXGLApplication      - Initializing FXGL
10:12:07.811 [JavaFX Application Thread] INFO  Engine               - FXGL-21 (28.12.2023 13.35) on WINDOWS (J:21.0.1 FX:21.0.1)
10:12:07.811 [JavaFX Application Thread] DEBUG Engine               - JRE Vendor Name: Oracle Corporation
10:12:07.812 [JavaFX Application Thread] DEBUG Engine               - Running on OS: Windows 10 version 10.0
10:12:07.812 [JavaFX Application Thread] DEBUG Engine               - Architecture: amd64
10:12:07.812 [JavaFX Application Thread] INFO  Engine               - Source code and latest versions at: https://github.com/AlmasB/FXGL
10:12:07.812 [JavaFX Application Thread] INFO  Engine               -       Ask questions and discuss at: https://github.com/AlmasB/FXGL/discussions
10:12:07.812 [JavaFX Application Thread] INFO  Engine               -              Join the FXGL chat at: https://gitter.im/AlmasB/FXGL
10:12:07.945 [JavaFX Application Thread] DEBUG PrimaryStageWindow   - Creating a JavaFX scene
10:12:07.999 [JavaFX Application Thread] DEBUG PrimaryStageWindow   - Target settings size: 800.0 x 600.0
10:12:08.000 [JavaFX Application Thread] DEBUG PrimaryStageWindow   - Scaled scene size:    800.0 x 600.0
10:12:08.000 [JavaFX Application Thread] DEBUG PrimaryStageWindow   - Scaled ratio: (1.0, 1.0)
10:12:08.001 [JavaFX Application Thread] DEBUG PrimaryStageWindow   - Set initial scene to FXGLStartupScene
10:12:08.005 [JavaFX Application Thread] DEBUG PrimaryStageWindow   - Opening main window
10:12:08.107 [JavaFX Application Thread] DEBUG PrimaryStageWindow   - Window border size: (14.4000244140625, 37.5999755859375)
10:12:08.107 [JavaFX Application Thread] DEBUG PrimaryStageWindow   - Scaled size: 800.0 x 600.0
10:12:08.108 [JavaFX Application Thread] DEBUG PrimaryStageWindow   - Scaled ratio: (1.0, 1.0)
10:12:08.108 [JavaFX Application Thread] DEBUG PrimaryStageWindow   - Scene size: 800.0 x 600.0
10:12:08.109 [JavaFX Application Thread] DEBUG PrimaryStageWindow   - Stage size: 814.4000244140625 x 637.5999755859375
10:12:08.118 [FXGL Background Thread 1 ] DEBUG Engine               - Initializing environment variables
10:12:08.219 [FXGL Background Thread 1 ] DEBUG FXGLAssetLoaderServi - User app class for loading assets: class App
10:12:08.220 [FXGL Background Thread 1 ] DEBUG GameApplicationServi - Applying CSS: fxgl_dark.css
10:12:08.221 [FXGL Background Thread 1 ] DEBUG FXGLAssetLoaderServi - Loading from file system: jar:file:/C:/Users/Usuario/.m2/repository/com/github/almasb/fxgl/21/fxgl-21.jar!/fxglassets/ui/css/fxgl_dark.css
10:12:08.271 [FXGL Background Thread 1 ] DEBUG GameApplicationServi - Initializing application scenes
10:12:08.322 [FXGL Background Thread 1 ] DEBUG GameWorld            - Game world initialized
10:12:08.413 [FXGL Background Thread 1 ] DEBUG PhysicsWorld         - Physics world initialized: appHeight=600, physics.ppm=50,0
10:12:08.413 [FXGL Background Thread 1 ] DEBUG PhysicsWorld         - Using strategy: BRUTE_FORCE
10:12:08.419 [FXGL Background Thread 1 ] DEBUG GameScene            - Game scene initialized: 800x600
10:12:08.437 [FXGL Background Thread 1 ] DEBUG FXGL.DefaultMenu     - createMenuBodyGameMenu()
10:12:08.455 [FXGL Background Thread 1 ] DEBUG FXGL.DefaultMenu     - createOptionsMenu()
10:12:08.467 [FXGL Background Thread 1 ] DEBUG FXGLAssetLoaderServi - Loading from file system: jar:file:/C:/Users/Usuario/.m2/repository/com/github/almasb/fxgl/21/fxgl-21.jar!/fxglassets/textures/particles/smoke.png
10:12:08.578 [FXGL Background Thread 1 ] DEBUG FXGLAssetLoaderServi - Loading from file system: jar:file:/C:/Users/Usuario/.m2/repository/com/github/almasb/fxgl/21/fxgl-21.jar!/fxglassets/textures/particles/trace_horizontal.png
10:12:08.607 [FXGL Background Thread 1 ] DEBUG GameApplicationServi - Application scenes initialized
10:12:08.620 [FXGL Background Thread 1 ] DEBUG SystemBundleService  - Loading FXGL system data
10:12:08.624 [FXGL Background Thread 1 ] DEBUG FileSystemAccess     - Reading from: F:\Proyectos javafx\javafxgl\demoImageAnim\system\fxgl.bundle
10:12:08.634 [FXGL Background Thread 1 ] DEBUG SystemBundleService  - Bundle FXGL: {}
10:12:08.634 [FXGL Background Thread 1 ] DEBUG UpdaterService       - Checking for updates
10:12:08.638 [FXGL Background Thread 4 ] DEBUG FXGLApplication      - Loading fonts
10:12:08.639 [FXGL Background Thread 4 ] DEBUG FXGLAssetLoaderServi - Loading from file system: jar:file:/C:/Users/Usuario/.m2/repository/com/github/almasb/fxgl/21/fxgl-21.jar!/fxglassets/ui/fonts/VarelaRound-Regular.ttf
10:12:08.640 [FXGL Background Thread 1 ] DEBUG FXGLApplication      - Loading default localization
10:12:08.640 [FXGL Background Thread 1 ] DEBUG FXGLAssetLoaderServi - Loading from file system: jar:file:/C:/Users/Usuario/.m2/repository/com/github/almasb/fxgl/21/fxgl-21.jar!/fxglassets/languages/english.lang
10:12:08.684 [FXGL Background Thread 4 ] DEBUG FXGLAssetLoaderServi - Loading from file system: jar:file:/C:/Users/Usuario/.m2/repository/com/github/almasb/fxgl/21/fxgl-21.jar!/fxglassets/ui/fonts/Abel-Regular.ttf
10:12:08.688 [FXGL Background Thread 1 ] INFO  FXGLApplication      - FXGL initialization took: 0,570 sec
10:12:08.701 [FXGL Background Thread 4 ] DEBUG FXGLAssetLoaderServi - Loading from file system: jar:file:/C:/Users/Usuario/.m2/repository/com/github/almasb/fxgl/21/fxgl-21.jar!/fxglassets/ui/fonts/TerminalLandMono-Regular.otf
10:12:08.702 [JavaFX Application Thread] DEBUG Input                - Registered new binding: action0 - A
10:12:08.703 [JavaFX Application Thread] DEBUG Input                - Registered new binding: action1 - D
10:12:08.703 [JavaFX Application Thread] DEBUG Input                - Registered new binding: action2 - W
10:12:08.704 [JavaFX Application Thread] DEBUG Input                - Registered new binding: action3 - S
10:12:08.705 [JavaFX Application Thread] DEBUG FXGLAssetLoaderServi - Loading from file system: jar:file:/C:/Users/Usuario/.m2/repository/com/github/almasb/fxgl/21/fxgl-21.jar!/fxglassets/textures/fxgl_icon.png
10:12:08.711 [FXGL Background Thread 4 ] DEBUG FXGLAssetLoaderServi - Loading from file system: jar:file:/C:/Users/Usuario/.m2/repository/com/github/almasb/fxgl/21/fxgl-21.jar!/fxglassets/ui/fonts/Courier-Prime.ttf
10:12:08.735 [JavaFX Application Thread] DEBUG FXGLAssetLoaderServi - Loading from file system: jar:file:/C:/Users/Usuario/.m2/repository/com/github/almasb/fxgl/21/fxgl-21.jar!/fxglassets/textures/fxgl_default_cursor.png
10:12:08.738 [JavaFX Application Thread] DEBUG Input                - Registered new binding: Screenshot - CTRL+8
10:12:08.738 [JavaFX Application Thread] DEBUG Input                - Registered new binding: System info dump - CTRL+9
10:12:08.739 [JavaFX Application Thread] DEBUG Input                - Registered new binding: Restart - CTRL+R
10:12:08.739 [JavaFX Application Thread] DEBUG Input                - Registered new binding: Toggle Debug Camera - CTRL+7
10:12:08.744 [JavaFX Application Thread] DEBUG LoopRunner           - Starting loop
10:12:08.744 [JavaFX Application Thread] DEBUG LoopRunner           - Initializing JavaFX AnimationTimerLoop
10:12:08.747 [JavaFX Application Thread] DEBUG GameApplicationServi - Starting new game
10:12:08.747 [JavaFX Application Thread] DEBUG Input                - Clearing active input actions
10:12:08.759 [JavaFX Application Thread] DEBUG GameApplicationServi - Removing overlay from FXGLStartupScene and adding to FXGLLoadingScene
10:12:08.760 [JavaFX Application Thread] DEBUG PrimaryStageWindow   - FXGLStartupScene -> FXGLLoadingScene
10:12:08.760 [JavaFX Application Thread] DEBUG GameApplicationServi - Clearing previous game
10:12:08.760 [JavaFX Application Thread] DEBUG GameScene            - Clearing game scene
10:12:08.760 [JavaFX Application Thread] DEBUG GameWorld            - Clearing game world
10:12:08.760 [JavaFX Application Thread] DEBUG PhysicsWorld         - Clearing physics world
10:12:08.762 [FXGL Background Thread 4 ] DEBUG FXGLApplication      - Initializing game
10:12:08.774 [FXGL Background Thread 4 ] DEBUG FXGLAssetLoaderServi - Loading from file system: file:/F:/Proyectos%20javafx/javafxgl/demoImageAnim/target/classes/assets/textures/bosque.jpg
10:12:08.866 [FXGL Background Thread 4 ] DEBUG FXGLAssetLoaderServi - Loading from file system: file:/F:/Proyectos%20javafx/javafxgl/demoImageAnim/target/classes/assets/textures/sprite_pug.png
10:12:08.902 [JavaFX Application Thread] DEBUG LoopRunner           - Stopping loop
10:12:08.906 [JavaFX Application Thread] FATAL FXGLApplication      - Uncaught Exception:
java.lang.RuntimeException: Initialization failed
	at com.almasb.fxgl.app.FXGLApplication$InitAppTask.failed(FXGLApplication.kt:343)
	at javafx.concurrent.Task.setState(Task.java:710)
	at javafx.concurrent.Task$TaskCallable.lambda$call$2(Task.java:1429)
	at com.sun.javafx.application.PlatformImpl.lambda$runLater$10(PlatformImpl.java:456)
	at java.base/java.security.AccessController.doPrivileged(AccessController.java:400)
	at com.sun.javafx.application.PlatformImpl.lambda$runLater$11(PlatformImpl.java:455)
	at com.sun.glass.ui.InvokeLaterDispatcher$Future.run(InvokeLaterDispatcher.java:95)
	at com.sun.glass.ui.win.WinApplication._runLoop(Native Method)
	at com.sun.glass.ui.win.WinApplication.lambda$runLoop$3(WinApplication.java:185)
	at java.base/java.lang.Thread.run(Thread.java:1583)
Caused by: java.lang.NullPointerException: Parameter specified as non-null is null: method com.almasb.fxgl.entity.components.ViewComponent.addChild, parameter node
	at com.almasb.fxgl.entity.components.ViewComponent.addChild(ViewComponent.kt)
	at PlayerComponent.onAdded(PlayerComponent.java:80)
	at com.almasb.fxgl.entity.Entity.addComponentNoChecks(Entity.java:401)
	at com.almasb.fxgl.entity.Entity.addComponent(Entity.java:393)
	at com.almasb.fxgl.dsl.EntityBuilder.with(EntityBuilder.kt:202)
	at AppFactory.newPlayer(AppFactory.java:38)
	at java.base/jdk.internal.reflect.DirectMethodHandleAccessor.invoke(DirectMethodHandleAccessor.java:103)
	at java.base/java.lang.reflect.Method.invoke(Method.java:580)
	at com.almasb.fxgl.core.reflect.ReflectionUtils.call(ReflectionUtils.java:104)
	at com.almasb.fxgl.core.reflect.ReflectionUtils.lambda$mapToFunction$3(ReflectionUtils.java:111)
	at com.almasb.fxgl.entity.GameWorld$create$2.invoke(GameWorld.kt:430)
	at com.almasb.fxgl.entity.GameWorld$create$2.invoke(GameWorld.kt:430)
	at com.almasb.fxgl.core.util.DSLKt.tryCatchRoot(DSL.kt:34)
	at com.almasb.fxgl.entity.GameWorld.create(GameWorld.kt:430)
	at com.almasb.fxgl.entity.GameWorld.spawn(GameWorld.kt:396)
	at com.almasb.fxgl.entity.GameWorld.spawn(GameWorld.kt:384)
	at com.almasb.fxgl.entity.GameWorld.spawn(GameWorld.kt:359)
	at com.almasb.fxgl.dsl.FXGL$Companion.spawn(FXGL.kt:564)
	at com.almasb.fxgl.dsl.FXGL.spawn(FXGL.kt)
	at App.initGame(App.java:56)
	at com.almasb.fxgl.app.FXGLApplication$InitAppTask.initGame(FXGLApplication.kt:339)
	at com.almasb.fxgl.app.FXGLApplication$InitAppTask.call(FXGLApplication.kt:319)
	at com.almasb.fxgl.app.FXGLApplication$InitAppTask.call(FXGLApplication.kt:311)
	at javafx.concurrent.Task$TaskCallable.call(Task.java:1399)
	at java.base/java.util.concurrent.FutureTask.run(FutureTask.java:317)
	at java.base/java.util.concurrent.Executors$RunnableAdapter.call(Executors.java:572)
	at java.base/java.util.concurrent.FutureTask.run(FutureTask.java:317)
	at java.base/java.util.concurrent.ThreadPoolExecutor.runWorker(ThreadPoolExecutor.java:1144)
	at java.base/java.util.concurrent.ThreadPoolExecutor$Worker.run(ThreadPoolExecutor.java:642)
	... 1 more

10:12:08.906 [JavaFX Application Thread] FATAL FXGLApplication      - Application will now exit
10:12:08.935 [JavaFX Application Thread] DEBUG PrimaryStageWindow   - Push state: ErrorSubScene
10:12:08.937 [JavaFX Application Thread] DEBUG Input                - Clearing active input actions
10:12:08.947 [JavaFX Application Thread] DEBUG GameApplicationServi - Removing overlay from FXGLLoadingScene and adding to ErrorSubScene
10:12:08.948 [JavaFX Application Thread] DEBUG PrimaryStageWindow   - FXGLLoadingScene -> ErrorSubScene
10:12:11.637 [FXGL Background Thread 3 ] DEBUG Engine               - Logging environment variables
10:12:11.638 [FXGL Background Thread 3 ] DEBUG Engine               - achievements: []
10:12:11.638 [FXGL Background Thread 3 ] DEBUG Engine               - actualHeight: 600.0
10:12:11.638 [FXGL Background Thread 3 ] DEBUG Engine               - actualHeightProperty: ReadOnlyDoubleProperty [value: 600.0]
10:12:11.638 [FXGL Background Thread 3 ] DEBUG Engine               - actualWidth: 800.0
10:12:11.638 [FXGL Background Thread 3 ] DEBUG Engine               - actualWidthProperty: ReadOnlyDoubleProperty [value: 800.0]
10:12:11.638 [FXGL Background Thread 3 ] DEBUG Engine               - appIcon: fxgl_icon.png
10:12:11.638 [FXGL Background Thread 3 ] DEBUG Engine               - applicationMode: DEVELOPER
10:12:11.638 [FXGL Background Thread 3 ] DEBUG Engine               - cSSList: [fxgl_dark.css]
10:12:11.639 [FXGL Background Thread 3 ] DEBUG Engine               - collisionDetectionStrategy: BRUTE_FORCE
10:12:11.639 [FXGL Background Thread 3 ] DEBUG Engine               - configClass: Optional.empty
10:12:11.639 [FXGL Background Thread 3 ] DEBUG Engine               - credits: []
10:12:11.639 [FXGL Background Thread 3 ] DEBUG Engine               - defaultCursor: CursorInfo(imageName=fxgl_default_cursor.png, hotspotX=7.0, hotspotY=6.0)
10:12:11.640 [FXGL Background Thread 3 ] DEBUG Engine               - devBBoxColorProperty: ObjectProperty [value: 0xff0000ff]
10:12:11.640 [FXGL Background Thread 3 ] DEBUG Engine               - devEnableDebugCameraProperty: BooleanProperty [value: false]
10:12:11.640 [FXGL Background Thread 3 ] DEBUG Engine               - devSensorColorProperty: ObjectProperty [value: 0xffff00ff]
10:12:11.640 [FXGL Background Thread 3 ] DEBUG Engine               - devShowBBoxProperty: BooleanProperty [value: false]
10:12:11.640 [FXGL Background Thread 3 ] DEBUG Engine               - devShowPositionProperty: BooleanProperty [value: false]
10:12:11.640 [FXGL Background Thread 3 ] DEBUG Engine               - enabledMenuItems: []
10:12:11.640 [FXGL Background Thread 3 ] DEBUG Engine               - engineServices: [class com.almasb.fxgl.app.services.FXGLAssetLoaderService, class com.almasb.fxgl.app.FXGLApplication$GameApplicationService, class com.almasb.fxgl.app.services.FXGLDialogService, class com.almasb.fxgl.app.services.IOTaskExecutorService, class com.almasb.fxgl.io.FileSystemService, class com.almasb.fxgl.localization.LocalizationService, class com.almasb.fxgl.app.services.SystemBundleService, class com.almasb.fxgl.profile.SaveLoadService, class com.almasb.fxgl.ui.FXGLUIFactoryServiceProvider, class com.almasb.fxgl.ui.FXGLDialogFactoryServiceProvider, class com.almasb.fxgl.audio.AudioPlayer, class com.almasb.fxgl.notification.impl.NotificationServiceProvider, class com.almasb.fxgl.achievement.AchievementService, class com.almasb.fxgl.cutscene.CutsceneService, class com.almasb.fxgl.minigames.MiniGameService, class com.almasb.fxgl.net.NetService, class com.almasb.fxgl.app.services.UpdaterService, class com.almasb.fxgl.dev.DevService]
10:12:11.640 [FXGL Background Thread 3 ] DEBUG Engine               - fontGame: Abel-Regular.ttf
10:12:11.641 [FXGL Background Thread 3 ] DEBUG Engine               - fontMono: TerminalLandMono-Regular.otf
10:12:11.641 [FXGL Background Thread 3 ] DEBUG Engine               - fontSizeScaleUI: 1.0
10:12:11.641 [FXGL Background Thread 3 ] DEBUG Engine               - fontText: Courier-Prime.ttf
10:12:11.641 [FXGL Background Thread 3 ] DEBUG Engine               - fontUI: VarelaRound-Regular.ttf
10:12:11.641 [FXGL Background Thread 3 ] DEBUG Engine               - fullScreen: BooleanProperty [value: false]
10:12:11.641 [FXGL Background Thread 3 ] DEBUG Engine               - gameDifficulty: MEDIUM
10:12:11.641 [FXGL Background Thread 3 ] DEBUG Engine               - gameDifficultyProperty: ObjectProperty [value: MEDIUM]
10:12:11.641 [FXGL Background Thread 3 ] DEBUG Engine               - globalMusicVolume: 0.5
10:12:11.641 [FXGL Background Thread 3 ] DEBUG Engine               - globalMusicVolumeProperty: DoubleProperty [value: 0.5]
10:12:11.642 [FXGL Background Thread 3 ] DEBUG Engine               - globalSoundVolume: 0.5
10:12:11.642 [FXGL Background Thread 3 ] DEBUG Engine               - globalSoundVolumeProperty: DoubleProperty [value: 0.5]
10:12:11.642 [FXGL Background Thread 3 ] DEBUG Engine               - height: 600
10:12:11.642 [FXGL Background Thread 3 ] DEBUG Engine               - is3D: false
10:12:11.642 [FXGL Background Thread 3 ] DEBUG Engine               - isAndroid: false
10:12:11.642 [FXGL Background Thread 3 ] DEBUG Engine               - isBrowser: false
10:12:11.642 [FXGL Background Thread 3 ] DEBUG Engine               - isClickFeedbackEnabled: false
10:12:11.643 [FXGL Background Thread 3 ] DEBUG Engine               - isCloseConfirmation: false
10:12:11.643 [FXGL Background Thread 3 ] DEBUG Engine               - isDesktop: true
10:12:11.643 [FXGL Background Thread 3 ] DEBUG Engine               - isDeveloperMenuEnabled: false
10:12:11.643 [FXGL Background Thread 3 ] DEBUG Engine               - isEmbedded: false
10:12:11.643 [FXGL Background Thread 3 ] DEBUG Engine               - isEntityPreloadEnabled: true
10:12:11.643 [FXGL Background Thread 3 ] DEBUG Engine               - isExperimentalTiledLargeMap: false
10:12:11.644 [FXGL Background Thread 3 ] DEBUG Engine               - isFileSystemWriteAllowed: true
10:12:11.644 [FXGL Background Thread 3 ] DEBUG Engine               - isFullScreenAllowed: false
10:12:11.644 [FXGL Background Thread 3 ] DEBUG Engine               - isFullScreenFromStart: false
10:12:11.644 [FXGL Background Thread 3 ] DEBUG Engine               - isGameMenuEnabled: true
10:12:11.644 [FXGL Background Thread 3 ] DEBUG Engine               - isIOS: false
10:12:11.644 [FXGL Background Thread 3 ] DEBUG Engine               - isIntroEnabled: false
10:12:11.644 [FXGL Background Thread 3 ] DEBUG Engine               - isLinux: false
10:12:11.644 [FXGL Background Thread 3 ] DEBUG Engine               - isMac: false
10:12:11.645 [FXGL Background Thread 3 ] DEBUG Engine               - isMainMenuEnabled: false
10:12:11.645 [FXGL Background Thread 3 ] DEBUG Engine               - isManualResizeEnabled: false
10:12:11.645 [FXGL Background Thread 3 ] DEBUG Engine               - isMobile: false
10:12:11.645 [FXGL Background Thread 3 ] DEBUG Engine               - isNative: false
10:12:11.645 [FXGL Background Thread 3 ] DEBUG Engine               - isPauseMusicWhenMinimized: true
10:12:11.645 [FXGL Background Thread 3 ] DEBUG Engine               - isPreserveResizeRatio: false
10:12:11.645 [FXGL Background Thread 3 ] DEBUG Engine               - isProfilingEnabled: false
10:12:11.645 [FXGL Background Thread 3 ] DEBUG Engine               - isScaleAffectedOnResize: true
10:12:11.645 [FXGL Background Thread 3 ] DEBUG Engine               - isSingleStep: false
10:12:11.646 [FXGL Background Thread 3 ] DEBUG Engine               - isUserProfileEnabled: false
10:12:11.646 [FXGL Background Thread 3 ] DEBUG Engine               - isWindows: true
10:12:11.646 [FXGL Background Thread 3 ] DEBUG Engine               - language: ObjectProperty [value: ENGLISH]
10:12:11.646 [FXGL Background Thread 3 ] DEBUG Engine               - menuKey: ESCAPE
10:12:11.646 [FXGL Background Thread 3 ] DEBUG Engine               - mouseSensitivity: 0.2
10:12:11.646 [FXGL Background Thread 3 ] DEBUG Engine               - notificationViewClass: class com.almasb.fxgl.notification.view.XboxNotificationView
10:12:11.646 [FXGL Background Thread 3 ] DEBUG Engine               - pixelsPerMeter: 50.0
10:12:11.646 [FXGL Background Thread 3 ] DEBUG Engine               - platform: WINDOWS
10:12:11.646 [FXGL Background Thread 3 ] DEBUG Engine               - prefHeightProperty: ReadOnlyDoubleProperty [value: 600.0]
10:12:11.646 [FXGL Background Thread 3 ] DEBUG Engine               - prefWidthProperty: ReadOnlyDoubleProperty [value: 800.0]
10:12:11.647 [FXGL Background Thread 3 ] DEBUG Engine               - profileDir: profiles/
10:12:11.647 [FXGL Background Thread 3 ] DEBUG Engine               - profileName: StringProperty [value: DEFAULT]
10:12:11.647 [FXGL Background Thread 3 ] DEBUG Engine               - randomSeed: -1
10:12:11.647 [FXGL Background Thread 3 ] DEBUG Engine               - runtimeInfo: RuntimeInfo(platform=WINDOWS, version=21, build=28.12.2023 13.35)
10:12:11.647 [FXGL Background Thread 3 ] DEBUG Engine               - saveFileExt: sav
10:12:11.647 [FXGL Background Thread 3 ] DEBUG Engine               - scaledHeightProp$fxgl: DoubleProperty [bound, value: 600.0]
10:12:11.648 [FXGL Background Thread 3 ] DEBUG Engine               - scaledWidthProp$fxgl: DoubleProperty [bound, value: 800.0]
10:12:11.648 [FXGL Background Thread 3 ] DEBUG Engine               - sceneFactory: com.almasb.fxgl.app.scene.SceneFactory@3cf64f5
10:12:11.648 [FXGL Background Thread 3 ] DEBUG Engine               - secondsIn24h: 60
10:12:11.648 [FXGL Background Thread 3 ] DEBUG Engine               - soundMenuBack: menu/back.wav
10:12:11.648 [FXGL Background Thread 3 ] DEBUG Engine               - soundMenuPress: menu/press.wav
10:12:11.648 [FXGL Background Thread 3 ] DEBUG Engine               - soundMenuSelect: menu/select.wav
10:12:11.648 [FXGL Background Thread 3 ] DEBUG Engine               - soundNotification: core/notification.wav
10:12:11.648 [FXGL Background Thread 3 ] DEBUG Engine               - stageStyle: DECORATED
10:12:11.648 [FXGL Background Thread 3 ] DEBUG Engine               - supportedLanguages: [ENGLISH, FRENCH, GERMAN, HUNGARIAN, RUSSIAN]
10:12:11.648 [FXGL Background Thread 3 ] DEBUG Engine               - ticksPerSecond: -1
10:12:11.649 [FXGL Background Thread 3 ] DEBUG Engine               - title: DemoImage
10:12:11.649 [FXGL Background Thread 3 ] DEBUG Engine               - urlGithub: https://github.com/AlmasB/FXGL
10:12:11.649 [FXGL Background Thread 3 ] DEBUG Engine               - urlLeaderboard: http://fxgl-top.herokuapp.com/
10:12:11.649 [FXGL Background Thread 3 ] DEBUG Engine               - urlPOM: https://raw.githubusercontent.com/AlmasB/FXGL/release/README.md
10:12:11.649 [FXGL Background Thread 3 ] DEBUG Engine               - userAppClass: class App
10:12:11.649 [FXGL Background Thread 3 ] DEBUG Engine               - version: 0.0
10:12:11.649 [FXGL Background Thread 3 ] DEBUG Engine               - versionCheckDays: 7
10:12:11.649 [FXGL Background Thread 3 ] DEBUG Engine               - width: 800
10:12:11.649 [FXGL Background Thread 3 ] DEBUG Engine               - Logging services
10:12:11.649 [FXGL Background Thread 3 ] DEBUG Engine               - class com.almasb.fxgl.app.services.FXGLAssetLoaderService
10:12:11.650 [FXGL Background Thread 3 ] DEBUG Engine               - class com.almasb.fxgl.app.FXGLApplication$GameApplicationService
10:12:11.650 [FXGL Background Thread 3 ] DEBUG Engine               - class com.almasb.fxgl.app.services.FXGLDialogService
10:12:11.650 [FXGL Background Thread 3 ] DEBUG Engine               - class com.almasb.fxgl.app.services.IOTaskExecutorService
10:12:11.650 [FXGL Background Thread 3 ] DEBUG Engine               - class com.almasb.fxgl.io.FileSystemService
10:12:11.650 [FXGL Background Thread 3 ] DEBUG Engine               - class com.almasb.fxgl.localization.LocalizationService
10:12:11.650 [FXGL Background Thread 3 ] DEBUG Engine               - class com.almasb.fxgl.app.services.SystemBundleService
10:12:11.650 [FXGL Background Thread 3 ] DEBUG Engine               - class com.almasb.fxgl.profile.SaveLoadService
10:12:11.650 [FXGL Background Thread 3 ] DEBUG Engine               - class com.almasb.fxgl.ui.FXGLUIFactoryServiceProvider
10:12:11.650 [FXGL Background Thread 3 ] DEBUG Engine               - class com.almasb.fxgl.ui.FXGLDialogFactoryServiceProvider
10:12:11.650 [FXGL Background Thread 3 ] DEBUG Engine               - class com.almasb.fxgl.audio.AudioPlayer
10:12:11.650 [FXGL Background Thread 3 ] DEBUG Engine               - class com.almasb.fxgl.notification.impl.NotificationServiceProvider
10:12:11.650 [FXGL Background Thread 3 ] DEBUG Engine               - class com.almasb.fxgl.achievement.AchievementService
10:12:11.650 [FXGL Background Thread 3 ] DEBUG Engine               - class com.almasb.fxgl.cutscene.CutsceneService
10:12:11.650 [FXGL Background Thread 3 ] DEBUG Engine               - class com.almasb.fxgl.minigames.MiniGameService
10:12:11.651 [FXGL Background Thread 3 ] DEBUG Engine               - class com.almasb.fxgl.net.NetService
10:12:11.651 [FXGL Background Thread 3 ] DEBUG Engine               - class com.almasb.fxgl.app.services.UpdaterService
10:12:11.651 [FXGL Background Thread 3 ] DEBUG Engine               - class com.almasb.fxgl.dev.DevService
10:12:26.560 [JavaFX Application Thread] DEBUG FXGLApplication      - Exiting FXGL
10:12:26.560 [JavaFX Application Thread] DEBUG Async                - Shutting down background threads
10:12:26.561 [JavaFX Application Thread] DEBUG PrimaryStageWindow   - Closing main window
10:12:26.577 [JavaFX Application Thread] DEBUG Logger               - Closing Logger
