08:43:07.325 [main                     ] DEBUG Logger               - Configured Logger
08:43:07.352 [main                     ] DEBUG GameApplication      - Logging settings
Title: Untitled
Version: 0.0
Width: 800
Height: 600
Fullscreen: false
Intro: false
Profiling: false
Single step:false
App Mode: DEVELOPER
Menu Key: ESCAPE
Stage Style: DECORATED
Scene Factory: class com.almasb.fxgl.app.scene.SceneFactory

08:43:07.816 [JavaFX Application Thread] DEBUG FXGLApplication      - Initializing FXGL
08:43:07.822 [JavaFX Application Thread] INFO  Engine               - FXGL-17.2 (20.08.2022 16.50) on WINDOWS (J:21.0.1 FX:21-ea)
08:43:07.823 [JavaFX Application Thread] DEBUG Engine               - JRE Vendor Name: Oracle Corporation
08:43:07.823 [JavaFX Application Thread] DEBUG Engine               - Running on OS: Windows 10 version 10.0
08:43:07.824 [JavaFX Application Thread] DEBUG Engine               - Architecture: amd64
08:43:07.824 [JavaFX Application Thread] INFO  Engine               - Source code and latest versions at: https://github.com/AlmasB/FXGL
08:43:07.824 [JavaFX Application Thread] INFO  Engine               -       Ask questions and discuss at: https://github.com/AlmasB/FXGL/discussions
08:43:07.824 [JavaFX Application Thread] INFO  Engine               -              Join the FXGL chat at: https://gitter.im/AlmasB/FXGL
08:43:07.956 [JavaFX Application Thread] DEBUG PrimaryStageWindow   - Creating a JavaFX scene
08:43:08.014 [JavaFX Application Thread] DEBUG PrimaryStageWindow   - Target settings size: 800.0 x 600.0
08:43:08.014 [JavaFX Application Thread] DEBUG PrimaryStageWindow   - Scaled scene size:    800.0 x 600.0
08:43:08.014 [JavaFX Application Thread] DEBUG PrimaryStageWindow   - Scaled ratio: (1.0, 1.0)
08:43:08.016 [JavaFX Application Thread] DEBUG PrimaryStageWindow   - Set initial scene to FXGLStartupScene
08:43:08.019 [JavaFX Application Thread] DEBUG PrimaryStageWindow   - Opening main window
08:43:08.124 [JavaFX Application Thread] DEBUG PrimaryStageWindow   - Window border size: (14.4000244140625, 37.5999755859375)
08:43:08.125 [JavaFX Application Thread] DEBUG PrimaryStageWindow   - Scaled size: 800.0 x 600.0
08:43:08.125 [JavaFX Application Thread] DEBUG PrimaryStageWindow   - Scaled ratio: (1.0, 1.0)
08:43:08.125 [JavaFX Application Thread] DEBUG PrimaryStageWindow   - Scene size: 800.0 x 600.0
08:43:08.126 [JavaFX Application Thread] DEBUG PrimaryStageWindow   - Stage size: 814.4000244140625 x 637.5999755859375
08:43:08.137 [FXGL Background Thread 1 ] DEBUG Engine               - Initializing environment variables
08:43:08.216 [FXGL Background Thread 1 ] DEBUG FXGLAssetLoaderServi - User app class for loading assets: class com.demo.fxgldemo.demoApp
08:43:08.216 [FXGL Background Thread 1 ] DEBUG GameApplicationServi - Applying CSS: fxgl_dark.css
08:43:08.217 [FXGL Background Thread 1 ] DEBUG FXGLAssetLoaderServi - Loading from file system: jar:file:///C:/Users/Usuario/.m2/repository/com/github/almasb/fxgl/17.2/fxgl-17.2.jar!/fxglassets/ui/css/fxgl_dark.css
08:43:08.268 [FXGL Background Thread 1 ] DEBUG GameApplicationServi - Initializing application scenes
08:43:08.316 [FXGL Background Thread 1 ] DEBUG GameWorld            - Game world initialized
08:43:08.395 [FXGL Background Thread 1 ] DEBUG PhysicsWorld         - Physics world initialized: appHeight=600, physics.ppm=50,0
08:43:08.396 [FXGL Background Thread 1 ] DEBUG PhysicsWorld         - Using strategy: BRUTE_FORCE
08:43:08.402 [FXGL Background Thread 1 ] DEBUG GameScene            - Game scene initialized: 800x600
08:43:08.412 [FXGL Background Thread 1 ] DEBUG FXGL.DefaultMenu     - createMenuBodyMainMenu()
08:43:08.426 [FXGL Background Thread 1 ] DEBUG FXGL.DefaultMenu     - createOptionsMenu()
08:43:08.436 [FXGL Background Thread 1 ] DEBUG FXGLAssetLoaderServi - Loading from file system: jar:file:///C:/Users/Usuario/.m2/repository/com/github/almasb/fxgl/17.2/fxgl-17.2.jar!/fxglassets/textures/particles/smoke.png
08:43:08.581 [FXGL Background Thread 1 ] DEBUG FXGLAssetLoaderServi - Loading from file system: jar:file:///C:/Users/Usuario/.m2/repository/com/github/almasb/fxgl/17.2/fxgl-17.2.jar!/fxglassets/textures/particles/trace_horizontal.png
08:43:08.608 [FXGL Background Thread 1 ] DEBUG FXGL.DefaultMenu     - createMenuBodyGameMenu()
08:43:08.609 [FXGL Background Thread 1 ] DEBUG FXGL.DefaultMenu     - createOptionsMenu()
08:43:08.625 [FXGL Background Thread 1 ] DEBUG GameApplicationServi - Application scenes initialized
08:43:08.644 [FXGL Background Thread 1 ] DEBUG SystemBundleService  - Loading default FXGL system data
08:43:08.644 [FXGL Background Thread 1 ] DEBUG UpdaterService       - Checking for updates
08:43:08.649 [FXGL Background Thread 4 ] DEBUG FXGLApplication      - Loading fonts
08:43:08.649 [FXGL Background Thread 4 ] DEBUG FXGLAssetLoaderServi - Loading from file system: jar:file:///C:/Users/Usuario/.m2/repository/com/github/almasb/fxgl/17.2/fxgl-17.2.jar!/fxglassets/ui/fonts/VarelaRound-Regular.ttf
08:43:08.649 [FXGL Background Thread 1 ] DEBUG FXGLApplication      - Loading default localization
08:43:08.650 [FXGL Background Thread 1 ] DEBUG FXGLAssetLoaderServi - Loading from file system: jar:file:///C:/Users/Usuario/.m2/repository/com/github/almasb/fxgl/17.2/fxgl-17.2.jar!/fxglassets/languages/english.lang
08:43:08.684 [FXGL Background Thread 1 ] INFO  FXGLApplication      - FXGL initialization took: 0,547 sec
08:43:08.685 [JavaFX Application Thread] DEBUG FXGLAssetLoaderServi - Loading from file system: jar:file:///C:/Users/Usuario/.m2/repository/com/github/almasb/fxgl/17.2/fxgl-17.2.jar!/fxglassets/textures/fxgl_icon.png
08:43:08.705 [FXGL Background Thread 4 ] DEBUG FXGLAssetLoaderServi - Loading from file system: jar:file:///C:/Users/Usuario/.m2/repository/com/github/almasb/fxgl/17.2/fxgl-17.2.jar!/fxglassets/ui/fonts/Abel-Regular.ttf
08:43:08.709 [JavaFX Application Thread] DEBUG FXGLAssetLoaderServi - Loading from file system: jar:file:///C:/Users/Usuario/.m2/repository/com/github/almasb/fxgl/17.2/fxgl-17.2.jar!/fxglassets/textures/fxgl_default_cursor.png
08:43:08.724 [JavaFX Application Thread] DEBUG Input                - Registered new binding: Screenshot - CTRL+8
08:43:08.724 [JavaFX Application Thread] DEBUG Input                - Registered new binding: System info dump - CTRL+9
08:43:08.724 [JavaFX Application Thread] DEBUG Input                - Registered new binding: Restart - CTRL+R
08:43:08.725 [JavaFX Application Thread] DEBUG Input                - Registered new binding: Toggle Debug Camera - CTRL+7
08:43:08.727 [JavaFX Application Thread] DEBUG LoopRunner           - Starting loop
08:43:08.728 [JavaFX Application Thread] DEBUG LoopRunner           - Initializing JavaFX AnimationTimerLoop
08:43:08.730 [JavaFX Application Thread] DEBUG Input                - Clearing active input actions
08:43:08.735 [FXGL Background Thread 4 ] DEBUG FXGLAssetLoaderServi - Loading from file system: jar:file:///C:/Users/Usuario/.m2/repository/com/github/almasb/fxgl/17.2/fxgl-17.2.jar!/fxglassets/ui/fonts/TerminalLandMono-Regular.otf
08:43:08.741 [JavaFX Application Thread] DEBUG GameApplicationServi - Removing overlay from FXGLStartupScene and adding to FXGLMainMenuDummyScene
08:43:08.742 [JavaFX Application Thread] DEBUG PrimaryStageWindow   - FXGLStartupScene -> FXGLMainMenuDummyScene
08:43:08.742 [JavaFX Application Thread] DEBUG PrimaryStageWindow   - Push state: FXGLDefaultMenu
08:43:08.749 [JavaFX Application Thread] DEBUG Input                - Clearing active input actions
08:43:08.760 [JavaFX Application Thread] DEBUG GameApplicationServi - Removing overlay from FXGLMainMenuDummyScene and adding to FXGLDefaultMenu
08:43:08.760 [JavaFX Application Thread] DEBUG PrimaryStageWindow   - FXGLMainMenuDummyScene -> FXGLDefaultMenu
08:43:08.777 [FXGL Background Thread 4 ] DEBUG FXGLAssetLoaderServi - Loading from file system: jar:file:///C:/Users/Usuario/.m2/repository/com/github/almasb/fxgl/17.2/fxgl-17.2.jar!/fxglassets/ui/fonts/Courier-Prime.ttf
08:43:08.833 [JavaFX Application Thread] DEBUG FXGLApplication      - Registering font factories with UI factory
08:43:09.852 [FXGL Background Thread 2 ] INFO  UpdaterService       - Your current version:  17.2
08:43:09.852 [FXGL Background Thread 2 ] INFO  UpdaterService       - Latest stable version: 21
08:43:11.648 [FXGL Background Thread 3 ] DEBUG Engine               - Logging environment variables
08:43:11.649 [FXGL Background Thread 3 ] DEBUG Engine               - achievements: []
08:43:11.649 [FXGL Background Thread 3 ] DEBUG Engine               - actualHeight: 600.0
08:43:11.649 [FXGL Background Thread 3 ] DEBUG Engine               - actualHeightProperty: ReadOnlyDoubleProperty [value: 600.0]
08:43:11.649 [FXGL Background Thread 3 ] DEBUG Engine               - actualWidth: 800.0
08:43:11.649 [FXGL Background Thread 3 ] DEBUG Engine               - actualWidthProperty: ReadOnlyDoubleProperty [value: 800.0]
08:43:11.649 [FXGL Background Thread 3 ] DEBUG Engine               - appIcon: fxgl_icon.png
08:43:11.649 [FXGL Background Thread 3 ] DEBUG Engine               - applicationMode: DEVELOPER
08:43:11.649 [FXGL Background Thread 3 ] DEBUG Engine               - cSSList: [fxgl_dark.css]
08:43:11.650 [FXGL Background Thread 3 ] DEBUG Engine               - collisionDetectionStrategy: BRUTE_FORCE
08:43:11.650 [FXGL Background Thread 3 ] DEBUG Engine               - configClass: Optional.empty
08:43:11.650 [FXGL Background Thread 3 ] DEBUG Engine               - credits: []
08:43:11.650 [FXGL Background Thread 3 ] DEBUG Engine               - defaultCursor: CursorInfo(imageName=fxgl_default_cursor.png, hotspotX=7.0, hotspotY=6.0)
08:43:11.650 [FXGL Background Thread 3 ] DEBUG Engine               - devBBoxColorProperty: ObjectProperty [value: 0xff0000ff]
08:43:11.650 [FXGL Background Thread 3 ] DEBUG Engine               - devEnableDebugCameraProperty: BooleanProperty [value: false]
08:43:11.650 [FXGL Background Thread 3 ] DEBUG Engine               - devSensorColorProperty: ObjectProperty [value: 0xffff00ff]
08:43:11.651 [FXGL Background Thread 3 ] DEBUG Engine               - devShowBBoxProperty: BooleanProperty [value: false]
08:43:11.651 [FXGL Background Thread 3 ] DEBUG Engine               - devShowPositionProperty: BooleanProperty [value: false]
08:43:11.651 [FXGL Background Thread 3 ] DEBUG Engine               - enabledMenuItems: []
08:43:11.651 [FXGL Background Thread 3 ] DEBUG Engine               - engineServices: [class com.almasb.fxgl.app.services.FXGLAssetLoaderService, class com.almasb.fxgl.app.FXGLApplication$GameApplicationService, class com.almasb.fxgl.app.services.FXGLDialogService, class com.almasb.fxgl.app.services.IOTaskExecutorService, class com.almasb.fxgl.io.FileSystemService, class com.almasb.fxgl.localization.LocalizationService, class com.almasb.fxgl.app.services.SystemBundleService, class com.almasb.fxgl.profile.SaveLoadService, class com.almasb.fxgl.ui.FXGLUIFactoryServiceProvider, class com.almasb.fxgl.ui.FXGLDialogFactoryServiceProvider, class com.almasb.fxgl.audio.AudioPlayer, class com.almasb.fxgl.notification.impl.NotificationServiceProvider, class com.almasb.fxgl.achievement.AchievementService, class com.almasb.fxgl.cutscene.CutsceneService, class com.almasb.fxgl.minigames.MiniGameService, class com.almasb.fxgl.net.NetService, class com.almasb.fxgl.app.services.UpdaterService, class com.almasb.fxgl.dev.DevService]
08:43:11.651 [FXGL Background Thread 3 ] DEBUG Engine               - fontGame: Abel-Regular.ttf
08:43:11.651 [FXGL Background Thread 3 ] DEBUG Engine               - fontMono: TerminalLandMono-Regular.otf
08:43:11.651 [FXGL Background Thread 3 ] DEBUG Engine               - fontText: Courier-Prime.ttf
08:43:11.651 [FXGL Background Thread 3 ] DEBUG Engine               - fontUI: VarelaRound-Regular.ttf
08:43:11.651 [FXGL Background Thread 3 ] DEBUG Engine               - fullScreen: BooleanProperty [value: false]
08:43:11.651 [FXGL Background Thread 3 ] DEBUG Engine               - gameDifficulty: MEDIUM
08:43:11.651 [FXGL Background Thread 3 ] DEBUG Engine               - gameDifficultyProperty: ObjectProperty [value: MEDIUM]
08:43:11.651 [FXGL Background Thread 3 ] DEBUG Engine               - globalMusicVolume: 0.5
08:43:11.652 [FXGL Background Thread 3 ] DEBUG Engine               - globalMusicVolumeProperty: DoubleProperty [value: 0.5]
08:43:11.652 [FXGL Background Thread 3 ] DEBUG Engine               - globalSoundVolume: 0.5
08:43:11.652 [FXGL Background Thread 3 ] DEBUG Engine               - globalSoundVolumeProperty: DoubleProperty [value: 0.5]
08:43:11.652 [FXGL Background Thread 3 ] DEBUG Engine               - height: 600
08:43:11.652 [FXGL Background Thread 3 ] DEBUG Engine               - is3D: false
08:43:11.652 [FXGL Background Thread 3 ] DEBUG Engine               - isAndroid: false
08:43:11.652 [FXGL Background Thread 3 ] DEBUG Engine               - isBrowser: false
08:43:11.652 [FXGL Background Thread 3 ] DEBUG Engine               - isClickFeedbackEnabled: false
08:43:11.652 [FXGL Background Thread 3 ] DEBUG Engine               - isCloseConfirmation: false
08:43:11.652 [FXGL Background Thread 3 ] DEBUG Engine               - isDesktop: true
08:43:11.652 [FXGL Background Thread 3 ] DEBUG Engine               - isDeveloperMenuEnabled: false
08:43:11.652 [FXGL Background Thread 3 ] DEBUG Engine               - isEmbedded: false
08:43:11.652 [FXGL Background Thread 3 ] DEBUG Engine               - isEntityPreloadEnabled: true
08:43:11.652 [FXGL Background Thread 3 ] DEBUG Engine               - isExperimentalTiledLargeMap: false
08:43:11.652 [FXGL Background Thread 3 ] DEBUG Engine               - isFileSystemWriteAllowed: true
08:43:11.652 [FXGL Background Thread 3 ] DEBUG Engine               - isFullScreenAllowed: false
08:43:11.653 [FXGL Background Thread 3 ] DEBUG Engine               - isFullScreenFromStart: false
08:43:11.653 [FXGL Background Thread 3 ] DEBUG Engine               - isGameMenuEnabled: true
08:43:11.653 [FXGL Background Thread 3 ] DEBUG Engine               - isIOS: false
08:43:11.653 [FXGL Background Thread 3 ] DEBUG Engine               - isIntroEnabled: false
08:43:11.653 [FXGL Background Thread 3 ] DEBUG Engine               - isLinux: false
08:43:11.653 [FXGL Background Thread 3 ] DEBUG Engine               - isMac: false
08:43:11.653 [FXGL Background Thread 3 ] DEBUG Engine               - isMainMenuEnabled: true
08:43:11.653 [FXGL Background Thread 3 ] DEBUG Engine               - isManualResizeEnabled: false
08:43:11.653 [FXGL Background Thread 3 ] DEBUG Engine               - isMobile: false
08:43:11.653 [FXGL Background Thread 3 ] DEBUG Engine               - isNative: false
08:43:11.653 [FXGL Background Thread 3 ] DEBUG Engine               - isPauseMusicWhenMinimized: true
08:43:11.653 [FXGL Background Thread 3 ] DEBUG Engine               - isPreserveResizeRatio: false
08:43:11.653 [FXGL Background Thread 3 ] DEBUG Engine               - isProfilingEnabled: false
08:43:11.653 [FXGL Background Thread 3 ] DEBUG Engine               - isScaleAffectedOnResize: true
08:43:11.653 [FXGL Background Thread 3 ] DEBUG Engine               - isSingleStep: false
08:43:11.653 [FXGL Background Thread 3 ] DEBUG Engine               - isUserProfileEnabled: false
08:43:11.654 [FXGL Background Thread 3 ] DEBUG Engine               - isWindows: true
08:43:11.654 [FXGL Background Thread 3 ] DEBUG Engine               - language: ObjectProperty [value: ENGLISH]
08:43:11.654 [FXGL Background Thread 3 ] DEBUG Engine               - menuKey: ESCAPE
08:43:11.654 [FXGL Background Thread 3 ] DEBUG Engine               - mouseSensitivity: 0.2
08:43:11.654 [FXGL Background Thread 3 ] DEBUG Engine               - notificationViewClass: class com.almasb.fxgl.notification.view.XboxNotificationView
08:43:11.654 [FXGL Background Thread 3 ] DEBUG Engine               - pixelsPerMeter: 50.0
08:43:11.654 [FXGL Background Thread 3 ] DEBUG Engine               - platform: WINDOWS
08:43:11.654 [FXGL Background Thread 3 ] DEBUG Engine               - prefHeightProperty: ReadOnlyDoubleProperty [value: 600.0]
08:43:11.654 [FXGL Background Thread 3 ] DEBUG Engine               - prefWidthProperty: ReadOnlyDoubleProperty [value: 800.0]
08:43:11.654 [FXGL Background Thread 3 ] DEBUG Engine               - profileDir: profiles/
08:43:11.654 [FXGL Background Thread 3 ] DEBUG Engine               - profileName: StringProperty [value: DEFAULT]
08:43:11.655 [FXGL Background Thread 3 ] DEBUG Engine               - randomSeed: -1
08:43:11.655 [FXGL Background Thread 3 ] DEBUG Engine               - runtimeInfo: RuntimeInfo(platform=WINDOWS, version=17.2, build=20.08.2022 16.50)
08:43:11.655 [FXGL Background Thread 3 ] DEBUG Engine               - saveFileExt: sav
08:43:11.655 [FXGL Background Thread 3 ] DEBUG Engine               - scaledHeightProp$fxgl: DoubleProperty [bound, value: 600.0]
08:43:11.655 [FXGL Background Thread 3 ] DEBUG Engine               - scaledWidthProp$fxgl: DoubleProperty [bound, value: 800.0]
08:43:11.655 [FXGL Background Thread 3 ] DEBUG Engine               - sceneFactory: com.almasb.fxgl.app.scene.SceneFactory@579b6d5d
08:43:11.655 [FXGL Background Thread 3 ] DEBUG Engine               - secondsIn24h: 60
08:43:11.655 [FXGL Background Thread 3 ] DEBUG Engine               - soundMenuBack: menu/back.wav
08:43:11.655 [FXGL Background Thread 3 ] DEBUG Engine               - soundMenuPress: menu/press.wav
08:43:11.655 [FXGL Background Thread 3 ] DEBUG Engine               - soundMenuSelect: menu/select.wav
08:43:11.655 [FXGL Background Thread 3 ] DEBUG Engine               - soundNotification: core/notification.wav
08:43:11.655 [FXGL Background Thread 3 ] DEBUG Engine               - stageStyle: DECORATED
08:43:11.655 [FXGL Background Thread 3 ] DEBUG Engine               - supportedLanguages: [ENGLISH, FRENCH, GERMAN, HUNGARIAN, RUSSIAN]
08:43:11.656 [FXGL Background Thread 3 ] DEBUG Engine               - ticksPerSecond: -1
08:43:11.656 [FXGL Background Thread 3 ] DEBUG Engine               - title: Untitled
08:43:11.656 [FXGL Background Thread 3 ] DEBUG Engine               - urlGithub: https://github.com/AlmasB/FXGL
08:43:11.656 [FXGL Background Thread 3 ] DEBUG Engine               - urlLeaderboard: http://fxgl-top.herokuapp.com/
08:43:11.656 [FXGL Background Thread 3 ] DEBUG Engine               - urlPOM: https://raw.githubusercontent.com/AlmasB/FXGL/release/README.md
08:43:11.656 [FXGL Background Thread 3 ] DEBUG Engine               - userAppClass: class com.demo.fxgldemo.demoApp
08:43:11.656 [FXGL Background Thread 3 ] DEBUG Engine               - version: 0.0
08:43:11.656 [FXGL Background Thread 3 ] DEBUG Engine               - versionCheckDays: 7
08:43:11.656 [FXGL Background Thread 3 ] DEBUG Engine               - width: 800
08:43:11.656 [FXGL Background Thread 3 ] DEBUG Engine               - Logging services
08:43:11.656 [FXGL Background Thread 3 ] DEBUG Engine               - class com.almasb.fxgl.app.services.FXGLAssetLoaderService
08:43:11.656 [FXGL Background Thread 3 ] DEBUG Engine               - class com.almasb.fxgl.app.FXGLApplication$GameApplicationService
08:43:11.656 [FXGL Background Thread 3 ] DEBUG Engine               - class com.almasb.fxgl.app.services.FXGLDialogService
08:43:11.656 [FXGL Background Thread 3 ] DEBUG Engine               - class com.almasb.fxgl.app.services.IOTaskExecutorService
08:43:11.656 [FXGL Background Thread 3 ] DEBUG Engine               - class com.almasb.fxgl.io.FileSystemService
08:43:11.656 [FXGL Background Thread 3 ] DEBUG Engine               - class com.almasb.fxgl.localization.LocalizationService
08:43:11.656 [FXGL Background Thread 3 ] DEBUG Engine               - class com.almasb.fxgl.app.services.SystemBundleService
08:43:11.656 [FXGL Background Thread 3 ] DEBUG Engine               - class com.almasb.fxgl.profile.SaveLoadService
08:43:11.656 [FXGL Background Thread 3 ] DEBUG Engine               - class com.almasb.fxgl.ui.FXGLUIFactoryServiceProvider
08:43:11.656 [FXGL Background Thread 3 ] DEBUG Engine               - class com.almasb.fxgl.ui.FXGLDialogFactoryServiceProvider
08:43:11.656 [FXGL Background Thread 3 ] DEBUG Engine               - class com.almasb.fxgl.audio.AudioPlayer
08:43:11.657 [FXGL Background Thread 3 ] DEBUG Engine               - class com.almasb.fxgl.notification.impl.NotificationServiceProvider
08:43:11.657 [FXGL Background Thread 3 ] DEBUG Engine               - class com.almasb.fxgl.achievement.AchievementService
08:43:11.657 [FXGL Background Thread 3 ] DEBUG Engine               - class com.almasb.fxgl.cutscene.CutsceneService
08:43:11.657 [FXGL Background Thread 3 ] DEBUG Engine               - class com.almasb.fxgl.minigames.MiniGameService
08:43:11.657 [FXGL Background Thread 3 ] DEBUG Engine               - class com.almasb.fxgl.net.NetService
08:43:11.657 [FXGL Background Thread 3 ] DEBUG Engine               - class com.almasb.fxgl.app.services.UpdaterService
08:43:11.657 [FXGL Background Thread 3 ] DEBUG Engine               - class com.almasb.fxgl.dev.DevService
08:43:25.573 [JavaFX Application Thread] DEBUG Menu                 - fireNewGame()
08:43:25.574 [JavaFX Application Thread] DEBUG GameApplicationServi - Starting new game
08:43:25.575 [JavaFX Application Thread] DEBUG PrimaryStageWindow   - Pop state: FXGLDefaultMenu
08:43:25.576 [JavaFX Application Thread] DEBUG Input                - Clearing active input actions
08:43:25.577 [JavaFX Application Thread] DEBUG GameApplicationServi - Removing overlay from FXGLDefaultMenu and adding to FXGLMainMenuDummyScene
08:43:25.577 [JavaFX Application Thread] DEBUG PrimaryStageWindow   - FXGLMainMenuDummyScene <- FXGLDefaultMenu
08:43:25.578 [JavaFX Application Thread] DEBUG Input                - Clearing active input actions
08:43:25.588 [JavaFX Application Thread] DEBUG GameApplicationServi - Removing overlay from FXGLMainMenuDummyScene and adding to FXGLLoadingScene
08:43:25.589 [JavaFX Application Thread] DEBUG PrimaryStageWindow   - FXGLMainMenuDummyScene -> FXGLLoadingScene
08:43:25.589 [JavaFX Application Thread] DEBUG GameApplicationServi - Clearing previous game
08:43:25.589 [JavaFX Application Thread] DEBUG GameScene            - Clearing game scene
08:43:25.589 [JavaFX Application Thread] DEBUG GameWorld            - Clearing game world
08:43:25.590 [JavaFX Application Thread] DEBUG PhysicsWorld         - Clearing physics world
08:43:25.591 [FXGL Background Thread 2 ] DEBUG FXGLApplication      - Initializing game
08:43:25.593 [FXGL Background Thread 2 ] INFO  FXGLApplication      - Game initialization took: 0,001 sec
08:43:25.620 [JavaFX Application Thread] DEBUG Input                - Clearing active input actions
08:43:25.631 [JavaFX Application Thread] DEBUG GameApplicationServi - Removing overlay from FXGLLoadingScene and adding to GameScene
08:43:25.631 [JavaFX Application Thread] DEBUG PrimaryStageWindow   - FXGLLoadingScene -> GameScene
08:43:32.165 [JavaFX Application Thread] DEBUG LoopRunner           - Pausing loop
08:43:33.753 [JavaFX Application Thread] DEBUG LoopRunner           - Resuming loop
08:43:35.673 [JavaFX Application Thread] DEBUG FXGLApplication      - Exiting FXGL
08:43:35.673 [JavaFX Application Thread] DEBUG LoopRunner           - Stopping loop
08:43:35.673 [JavaFX Application Thread] DEBUG SystemBundleService  - Saving FXGL system data
08:43:35.694 [JavaFX Application Thread] DEBUG FileSystemAccess     - Writing to: F:\Proyectos javafx\javafxgl\system\fxgl.bundle
08:43:35.707 [JavaFX Application Thread] DEBUG Async                - Shutting down background threads
08:43:35.707 [JavaFX Application Thread] DEBUG PrimaryStageWindow   - Closing main window
08:43:35.723 [JavaFX Application Thread] DEBUG Logger               - Closing Logger
