08:47:00.055 [main                     ] DEBUG Logger               - Configured Logger
08:47:00.086 [main                     ] DEBUG GameApplication      - Logging settings
Title: Demo Fac 1
Version: 0.0
Width: 800
Height: 600
Fullscreen: false
Intro: false
Profiling: false
Single step:false
App Mode: DEVELOPER
Menu Key: ESCAPE
Stage Style: DECORATED
Scene Factory: class com.almasb.fxgl.app.scene.SceneFactory

08:47:00.384 [JavaFX Application Thread] DEBUG FXGLApplication      - Initializing FXGL
08:47:00.388 [JavaFX Application Thread] INFO  Engine               - FXGL-17.2 (20.08.2022 16.50) on WINDOWS (J:21.0.1 FX:21-ea)
08:47:00.388 [JavaFX Application Thread] DEBUG Engine               - JRE Vendor Name: Oracle Corporation
08:47:00.389 [JavaFX Application Thread] DEBUG Engine               - Running on OS: Windows 10 version 10.0
08:47:00.389 [JavaFX Application Thread] DEBUG Engine               - Architecture: amd64
08:47:00.389 [JavaFX Application Thread] INFO  Engine               - Source code and latest versions at: https://github.com/AlmasB/FXGL
08:47:00.389 [JavaFX Application Thread] INFO  Engine               -       Ask questions and discuss at: https://github.com/AlmasB/FXGL/discussions
08:47:00.389 [JavaFX Application Thread] INFO  Engine               -              Join the FXGL chat at: https://gitter.im/AlmasB/FXGL
08:47:00.478 [JavaFX Application Thread] DEBUG PrimaryStageWindow   - Creating a JavaFX scene
08:47:00.537 [JavaFX Application Thread] DEBUG PrimaryStageWindow   - Target settings size: 800.0 x 600.0
08:47:00.537 [JavaFX Application Thread] DEBUG PrimaryStageWindow   - Scaled scene size:    800.0 x 600.0
08:47:00.538 [JavaFX Application Thread] DEBUG PrimaryStageWindow   - Scaled ratio: (1.0, 1.0)
08:47:00.539 [JavaFX Application Thread] DEBUG PrimaryStageWindow   - Set initial scene to FXGLStartupScene
08:47:00.542 [JavaFX Application Thread] DEBUG PrimaryStageWindow   - Opening main window
08:47:00.654 [JavaFX Application Thread] DEBUG PrimaryStageWindow   - Window border size: (14.4000244140625, 37.5999755859375)
08:47:00.655 [JavaFX Application Thread] DEBUG PrimaryStageWindow   - Scaled size: 800.0 x 600.0
08:47:00.655 [JavaFX Application Thread] DEBUG PrimaryStageWindow   - Scaled ratio: (1.0, 1.0)
08:47:00.655 [JavaFX Application Thread] DEBUG PrimaryStageWindow   - Scene size: 800.0 x 600.0
08:47:00.656 [JavaFX Application Thread] DEBUG PrimaryStageWindow   - Stage size: 814.4000244140625 x 637.5999755859375
08:47:00.665 [FXGL Background Thread 1 ] DEBUG Engine               - Initializing environment variables
08:47:00.760 [FXGL Background Thread 1 ] DEBUG FXGLAssetLoaderServi - User app class for loading assets: class com.demo.fxgldemo.demoApp
08:47:00.760 [FXGL Background Thread 1 ] DEBUG GameApplicationServi - Applying CSS: fxgl_dark.css
08:47:00.761 [FXGL Background Thread 1 ] DEBUG FXGLAssetLoaderServi - Loading from file system: jar:file:///C:/Users/Usuario/.m2/repository/com/github/almasb/fxgl/17.2/fxgl-17.2.jar!/fxglassets/ui/css/fxgl_dark.css
08:47:00.814 [FXGL Background Thread 1 ] DEBUG GameApplicationServi - Initializing application scenes
08:47:00.861 [FXGL Background Thread 1 ] DEBUG GameWorld            - Game world initialized
08:47:00.941 [FXGL Background Thread 1 ] DEBUG PhysicsWorld         - Physics world initialized: appHeight=600, physics.ppm=50,0
08:47:00.941 [FXGL Background Thread 1 ] DEBUG PhysicsWorld         - Using strategy: BRUTE_FORCE
08:47:00.946 [FXGL Background Thread 1 ] DEBUG GameScene            - Game scene initialized: 800x600
08:47:00.959 [FXGL Background Thread 1 ] DEBUG FXGL.DefaultMenu     - createMenuBodyMainMenu()
08:47:00.974 [FXGL Background Thread 1 ] DEBUG FXGL.DefaultMenu     - createOptionsMenu()
08:47:00.983 [FXGL Background Thread 1 ] DEBUG FXGLAssetLoaderServi - Loading from file system: jar:file:///C:/Users/Usuario/.m2/repository/com/github/almasb/fxgl/17.2/fxgl-17.2.jar!/fxglassets/textures/particles/smoke.png
08:47:01.078 [FXGL Background Thread 1 ] DEBUG FXGLAssetLoaderServi - Loading from file system: jar:file:///C:/Users/Usuario/.m2/repository/com/github/almasb/fxgl/17.2/fxgl-17.2.jar!/fxglassets/textures/particles/trace_horizontal.png
08:47:01.116 [FXGL Background Thread 1 ] DEBUG FXGL.DefaultMenu     - createMenuBodyGameMenu()
08:47:01.117 [FXGL Background Thread 1 ] DEBUG FXGL.DefaultMenu     - createOptionsMenu()
08:47:01.131 [FXGL Background Thread 1 ] DEBUG GameApplicationServi - Application scenes initialized
08:47:01.143 [FXGL Background Thread 1 ] DEBUG SystemBundleService  - Loading FXGL system data
08:47:01.148 [FXGL Background Thread 1 ] DEBUG FileSystemAccess     - Reading from: F:\Proyectos javafx\javafxgl\system\fxgl.bundle
08:47:01.158 [FXGL Background Thread 1 ] DEBUG SystemBundleService  - Bundle FXGL: {}
08:47:01.158 [FXGL Background Thread 1 ] DEBUG UpdaterService       - Checking for updates
08:47:01.163 [FXGL Background Thread 4 ] DEBUG FXGLApplication      - Loading fonts
08:47:01.164 [FXGL Background Thread 4 ] DEBUG FXGLAssetLoaderServi - Loading from file system: jar:file:///C:/Users/Usuario/.m2/repository/com/github/almasb/fxgl/17.2/fxgl-17.2.jar!/fxglassets/ui/fonts/VarelaRound-Regular.ttf
08:47:01.164 [FXGL Background Thread 1 ] DEBUG FXGLApplication      - Loading default localization
08:47:01.165 [FXGL Background Thread 1 ] DEBUG FXGLAssetLoaderServi - Loading from file system: jar:file:///C:/Users/Usuario/.m2/repository/com/github/almasb/fxgl/17.2/fxgl-17.2.jar!/fxglassets/languages/english.lang
08:47:01.202 [FXGL Background Thread 1 ] INFO  FXGLApplication      - FXGL initialization took: 0,537 sec
08:47:01.205 [JavaFX Application Thread] DEBUG FXGLAssetLoaderServi - Loading from file system: jar:file:///C:/Users/Usuario/.m2/repository/com/github/almasb/fxgl/17.2/fxgl-17.2.jar!/fxglassets/textures/fxgl_icon.png
08:47:01.208 [FXGL Background Thread 4 ] DEBUG FXGLAssetLoaderServi - Loading from file system: jar:file:///C:/Users/Usuario/.m2/repository/com/github/almasb/fxgl/17.2/fxgl-17.2.jar!/fxglassets/ui/fonts/Abel-Regular.ttf
08:47:01.219 [FXGL Background Thread 4 ] DEBUG FXGLAssetLoaderServi - Loading from file system: jar:file:///C:/Users/Usuario/.m2/repository/com/github/almasb/fxgl/17.2/fxgl-17.2.jar!/fxglassets/ui/fonts/TerminalLandMono-Regular.otf
08:47:01.239 [JavaFX Application Thread] DEBUG FXGLAssetLoaderServi - Loading from file system: jar:file:///C:/Users/Usuario/.m2/repository/com/github/almasb/fxgl/17.2/fxgl-17.2.jar!/fxglassets/textures/fxgl_default_cursor.png
08:47:01.252 [FXGL Background Thread 4 ] DEBUG FXGLAssetLoaderServi - Loading from file system: jar:file:///C:/Users/Usuario/.m2/repository/com/github/almasb/fxgl/17.2/fxgl-17.2.jar!/fxglassets/ui/fonts/Courier-Prime.ttf
08:47:01.256 [JavaFX Application Thread] DEBUG Input                - Registered new binding: Screenshot - CTRL+8
08:47:01.256 [JavaFX Application Thread] DEBUG Input                - Registered new binding: System info dump - CTRL+9
08:47:01.257 [JavaFX Application Thread] DEBUG Input                - Registered new binding: Restart - CTRL+R
08:47:01.258 [JavaFX Application Thread] DEBUG Input                - Registered new binding: Toggle Debug Camera - CTRL+7
08:47:01.262 [JavaFX Application Thread] DEBUG LoopRunner           - Starting loop
08:47:01.262 [JavaFX Application Thread] DEBUG LoopRunner           - Initializing JavaFX AnimationTimerLoop
08:47:01.267 [JavaFX Application Thread] DEBUG Input                - Clearing active input actions
08:47:01.273 [JavaFX Application Thread] DEBUG GameApplicationServi - Removing overlay from FXGLStartupScene and adding to FXGLMainMenuDummyScene
08:47:01.273 [JavaFX Application Thread] DEBUG PrimaryStageWindow   - FXGLStartupScene -> FXGLMainMenuDummyScene
08:47:01.273 [JavaFX Application Thread] DEBUG PrimaryStageWindow   - Push state: FXGLDefaultMenu
08:47:01.286 [JavaFX Application Thread] DEBUG Input                - Clearing active input actions
08:47:01.301 [JavaFX Application Thread] DEBUG GameApplicationServi - Removing overlay from FXGLMainMenuDummyScene and adding to FXGLDefaultMenu
08:47:01.301 [JavaFX Application Thread] DEBUG PrimaryStageWindow   - FXGLMainMenuDummyScene -> FXGLDefaultMenu
08:47:01.301 [JavaFX Application Thread] DEBUG FXGLApplication      - Registering font factories with UI factory
08:47:01.657 [FXGL Background Thread 2 ] INFO  UpdaterService       - Your current version:  17.2
08:47:01.657 [FXGL Background Thread 2 ] INFO  UpdaterService       - Latest stable version: 21
08:47:04.162 [FXGL Background Thread 3 ] DEBUG Engine               - Logging environment variables
08:47:04.162 [FXGL Background Thread 3 ] DEBUG Engine               - achievements: []
08:47:04.162 [FXGL Background Thread 3 ] DEBUG Engine               - actualHeight: 600.0
08:47:04.163 [FXGL Background Thread 3 ] DEBUG Engine               - actualHeightProperty: ReadOnlyDoubleProperty [value: 600.0]
08:47:04.163 [FXGL Background Thread 3 ] DEBUG Engine               - actualWidth: 800.0
08:47:04.163 [FXGL Background Thread 3 ] DEBUG Engine               - actualWidthProperty: ReadOnlyDoubleProperty [value: 800.0]
08:47:04.163 [FXGL Background Thread 3 ] DEBUG Engine               - appIcon: fxgl_icon.png
08:47:04.163 [FXGL Background Thread 3 ] DEBUG Engine               - applicationMode: DEVELOPER
08:47:04.163 [FXGL Background Thread 3 ] DEBUG Engine               - cSSList: [fxgl_dark.css]
08:47:04.163 [FXGL Background Thread 3 ] DEBUG Engine               - collisionDetectionStrategy: BRUTE_FORCE
08:47:04.163 [FXGL Background Thread 3 ] DEBUG Engine               - configClass: Optional.empty
08:47:04.163 [FXGL Background Thread 3 ] DEBUG Engine               - credits: []
08:47:04.163 [FXGL Background Thread 3 ] DEBUG Engine               - defaultCursor: CursorInfo(imageName=fxgl_default_cursor.png, hotspotX=7.0, hotspotY=6.0)
08:47:04.164 [FXGL Background Thread 3 ] DEBUG Engine               - devBBoxColorProperty: ObjectProperty [value: 0xff0000ff]
08:47:04.164 [FXGL Background Thread 3 ] DEBUG Engine               - devEnableDebugCameraProperty: BooleanProperty [value: false]
08:47:04.164 [FXGL Background Thread 3 ] DEBUG Engine               - devSensorColorProperty: ObjectProperty [value: 0xffff00ff]
08:47:04.164 [FXGL Background Thread 3 ] DEBUG Engine               - devShowBBoxProperty: BooleanProperty [value: false]
08:47:04.164 [FXGL Background Thread 3 ] DEBUG Engine               - devShowPositionProperty: BooleanProperty [value: false]
08:47:04.164 [FXGL Background Thread 3 ] DEBUG Engine               - enabledMenuItems: []
08:47:04.164 [FXGL Background Thread 3 ] DEBUG Engine               - engineServices: [class com.almasb.fxgl.app.services.FXGLAssetLoaderService, class com.almasb.fxgl.app.FXGLApplication$GameApplicationService, class com.almasb.fxgl.app.services.FXGLDialogService, class com.almasb.fxgl.app.services.IOTaskExecutorService, class com.almasb.fxgl.io.FileSystemService, class com.almasb.fxgl.localization.LocalizationService, class com.almasb.fxgl.app.services.SystemBundleService, class com.almasb.fxgl.profile.SaveLoadService, class com.almasb.fxgl.ui.FXGLUIFactoryServiceProvider, class com.almasb.fxgl.ui.FXGLDialogFactoryServiceProvider, class com.almasb.fxgl.audio.AudioPlayer, class com.almasb.fxgl.notification.impl.NotificationServiceProvider, class com.almasb.fxgl.achievement.AchievementService, class com.almasb.fxgl.cutscene.CutsceneService, class com.almasb.fxgl.minigames.MiniGameService, class com.almasb.fxgl.net.NetService, class com.almasb.fxgl.app.services.UpdaterService, class com.almasb.fxgl.dev.DevService]
08:47:04.164 [FXGL Background Thread 3 ] DEBUG Engine               - fontGame: Abel-Regular.ttf
08:47:04.164 [FXGL Background Thread 3 ] DEBUG Engine               - fontMono: TerminalLandMono-Regular.otf
08:47:04.164 [FXGL Background Thread 3 ] DEBUG Engine               - fontText: Courier-Prime.ttf
08:47:04.164 [FXGL Background Thread 3 ] DEBUG Engine               - fontUI: VarelaRound-Regular.ttf
08:47:04.164 [FXGL Background Thread 3 ] DEBUG Engine               - fullScreen: BooleanProperty [value: false]
08:47:04.165 [FXGL Background Thread 3 ] DEBUG Engine               - gameDifficulty: MEDIUM
08:47:04.165 [FXGL Background Thread 3 ] DEBUG Engine               - gameDifficultyProperty: ObjectProperty [value: MEDIUM]
08:47:04.165 [FXGL Background Thread 3 ] DEBUG Engine               - globalMusicVolume: 0.5
08:47:04.165 [FXGL Background Thread 3 ] DEBUG Engine               - globalMusicVolumeProperty: DoubleProperty [value: 0.5]
08:47:04.165 [FXGL Background Thread 3 ] DEBUG Engine               - globalSoundVolume: 0.5
08:47:04.165 [FXGL Background Thread 3 ] DEBUG Engine               - globalSoundVolumeProperty: DoubleProperty [value: 0.5]
08:47:04.165 [FXGL Background Thread 3 ] DEBUG Engine               - height: 600
08:47:04.165 [FXGL Background Thread 3 ] DEBUG Engine               - is3D: false
08:47:04.165 [FXGL Background Thread 3 ] DEBUG Engine               - isAndroid: false
08:47:04.165 [FXGL Background Thread 3 ] DEBUG Engine               - isBrowser: false
08:47:04.165 [FXGL Background Thread 3 ] DEBUG Engine               - isClickFeedbackEnabled: false
08:47:04.165 [FXGL Background Thread 3 ] DEBUG Engine               - isCloseConfirmation: false
08:47:04.165 [FXGL Background Thread 3 ] DEBUG Engine               - isDesktop: true
08:47:04.165 [FXGL Background Thread 3 ] DEBUG Engine               - isDeveloperMenuEnabled: false
08:47:04.165 [FXGL Background Thread 3 ] DEBUG Engine               - isEmbedded: false
08:47:04.165 [FXGL Background Thread 3 ] DEBUG Engine               - isEntityPreloadEnabled: true
08:47:04.165 [FXGL Background Thread 3 ] DEBUG Engine               - isExperimentalTiledLargeMap: false
08:47:04.165 [FXGL Background Thread 3 ] DEBUG Engine               - isFileSystemWriteAllowed: true
08:47:04.166 [FXGL Background Thread 3 ] DEBUG Engine               - isFullScreenAllowed: false
08:47:04.166 [FXGL Background Thread 3 ] DEBUG Engine               - isFullScreenFromStart: false
08:47:04.166 [FXGL Background Thread 3 ] DEBUG Engine               - isGameMenuEnabled: true
08:47:04.166 [FXGL Background Thread 3 ] DEBUG Engine               - isIOS: false
08:47:04.166 [FXGL Background Thread 3 ] DEBUG Engine               - isIntroEnabled: false
08:47:04.166 [FXGL Background Thread 3 ] DEBUG Engine               - isLinux: false
08:47:04.166 [FXGL Background Thread 3 ] DEBUG Engine               - isMac: false
08:47:04.166 [FXGL Background Thread 3 ] DEBUG Engine               - isMainMenuEnabled: true
08:47:04.166 [FXGL Background Thread 3 ] DEBUG Engine               - isManualResizeEnabled: false
08:47:04.166 [FXGL Background Thread 3 ] DEBUG Engine               - isMobile: false
08:47:04.166 [FXGL Background Thread 3 ] DEBUG Engine               - isNative: false
08:47:04.166 [FXGL Background Thread 3 ] DEBUG Engine               - isPauseMusicWhenMinimized: true
08:47:04.166 [FXGL Background Thread 3 ] DEBUG Engine               - isPreserveResizeRatio: false
08:47:04.166 [FXGL Background Thread 3 ] DEBUG Engine               - isProfilingEnabled: false
08:47:04.166 [FXGL Background Thread 3 ] DEBUG Engine               - isScaleAffectedOnResize: true
08:47:04.166 [FXGL Background Thread 3 ] DEBUG Engine               - isSingleStep: false
08:47:04.166 [FXGL Background Thread 3 ] DEBUG Engine               - isUserProfileEnabled: false
08:47:04.166 [FXGL Background Thread 3 ] DEBUG Engine               - isWindows: true
08:47:04.166 [FXGL Background Thread 3 ] DEBUG Engine               - language: ObjectProperty [value: ENGLISH]
08:47:04.167 [FXGL Background Thread 3 ] DEBUG Engine               - menuKey: ESCAPE
08:47:04.167 [FXGL Background Thread 3 ] DEBUG Engine               - mouseSensitivity: 0.2
08:47:04.167 [FXGL Background Thread 3 ] DEBUG Engine               - notificationViewClass: class com.almasb.fxgl.notification.view.XboxNotificationView
08:47:04.167 [FXGL Background Thread 3 ] DEBUG Engine               - pixelsPerMeter: 50.0
08:47:04.167 [FXGL Background Thread 3 ] DEBUG Engine               - platform: WINDOWS
08:47:04.167 [FXGL Background Thread 3 ] DEBUG Engine               - prefHeightProperty: ReadOnlyDoubleProperty [value: 600.0]
08:47:04.167 [FXGL Background Thread 3 ] DEBUG Engine               - prefWidthProperty: ReadOnlyDoubleProperty [value: 800.0]
08:47:04.167 [FXGL Background Thread 3 ] DEBUG Engine               - profileDir: profiles/
08:47:04.167 [FXGL Background Thread 3 ] DEBUG Engine               - profileName: StringProperty [value: DEFAULT]
08:47:04.167 [FXGL Background Thread 3 ] DEBUG Engine               - randomSeed: -1
08:47:04.167 [FXGL Background Thread 3 ] DEBUG Engine               - runtimeInfo: RuntimeInfo(platform=WINDOWS, version=17.2, build=20.08.2022 16.50)
08:47:04.167 [FXGL Background Thread 3 ] DEBUG Engine               - saveFileExt: sav
08:47:04.168 [FXGL Background Thread 3 ] DEBUG Engine               - scaledHeightProp$fxgl: DoubleProperty [bound, value: 600.0]
08:47:04.168 [FXGL Background Thread 3 ] DEBUG Engine               - scaledWidthProp$fxgl: DoubleProperty [bound, value: 800.0]
08:47:04.168 [FXGL Background Thread 3 ] DEBUG Engine               - sceneFactory: com.almasb.fxgl.app.scene.SceneFactory@2e2d7854
08:47:04.168 [FXGL Background Thread 3 ] DEBUG Engine               - secondsIn24h: 60
08:47:04.168 [FXGL Background Thread 3 ] DEBUG Engine               - soundMenuBack: menu/back.wav
08:47:04.168 [FXGL Background Thread 3 ] DEBUG Engine               - soundMenuPress: menu/press.wav
08:47:04.168 [FXGL Background Thread 3 ] DEBUG Engine               - soundMenuSelect: menu/select.wav
08:47:04.168 [FXGL Background Thread 3 ] DEBUG Engine               - soundNotification: core/notification.wav
08:47:04.168 [FXGL Background Thread 3 ] DEBUG Engine               - stageStyle: DECORATED
08:47:04.168 [FXGL Background Thread 3 ] DEBUG Engine               - supportedLanguages: [ENGLISH, FRENCH, GERMAN, HUNGARIAN, RUSSIAN]
08:47:04.168 [FXGL Background Thread 3 ] DEBUG Engine               - ticksPerSecond: -1
08:47:04.168 [FXGL Background Thread 3 ] DEBUG Engine               - title: Demo Fac 1
08:47:04.168 [FXGL Background Thread 3 ] DEBUG Engine               - urlGithub: https://github.com/AlmasB/FXGL
08:47:04.168 [FXGL Background Thread 3 ] DEBUG Engine               - urlLeaderboard: http://fxgl-top.herokuapp.com/
08:47:04.168 [FXGL Background Thread 3 ] DEBUG Engine               - urlPOM: https://raw.githubusercontent.com/AlmasB/FXGL/release/README.md
08:47:04.168 [FXGL Background Thread 3 ] DEBUG Engine               - userAppClass: class com.demo.fxgldemo.demoApp
08:47:04.168 [FXGL Background Thread 3 ] DEBUG Engine               - version: 0.0
08:47:04.168 [FXGL Background Thread 3 ] DEBUG Engine               - versionCheckDays: 7
08:47:04.168 [FXGL Background Thread 3 ] DEBUG Engine               - width: 800
08:47:04.168 [FXGL Background Thread 3 ] DEBUG Engine               - Logging services
08:47:04.168 [FXGL Background Thread 3 ] DEBUG Engine               - class com.almasb.fxgl.app.services.FXGLAssetLoaderService
08:47:04.168 [FXGL Background Thread 3 ] DEBUG Engine               - class com.almasb.fxgl.app.FXGLApplication$GameApplicationService
08:47:04.169 [FXGL Background Thread 3 ] DEBUG Engine               - class com.almasb.fxgl.app.services.FXGLDialogService
08:47:04.169 [FXGL Background Thread 3 ] DEBUG Engine               - class com.almasb.fxgl.app.services.IOTaskExecutorService
08:47:04.169 [FXGL Background Thread 3 ] DEBUG Engine               - class com.almasb.fxgl.io.FileSystemService
08:47:04.169 [FXGL Background Thread 3 ] DEBUG Engine               - class com.almasb.fxgl.localization.LocalizationService
08:47:04.169 [FXGL Background Thread 3 ] DEBUG Engine               - class com.almasb.fxgl.app.services.SystemBundleService
08:47:04.169 [FXGL Background Thread 3 ] DEBUG Engine               - class com.almasb.fxgl.profile.SaveLoadService
08:47:04.169 [FXGL Background Thread 3 ] DEBUG Engine               - class com.almasb.fxgl.ui.FXGLUIFactoryServiceProvider
08:47:04.169 [FXGL Background Thread 3 ] DEBUG Engine               - class com.almasb.fxgl.ui.FXGLDialogFactoryServiceProvider
08:47:04.169 [FXGL Background Thread 3 ] DEBUG Engine               - class com.almasb.fxgl.audio.AudioPlayer
08:47:04.169 [FXGL Background Thread 3 ] DEBUG Engine               - class com.almasb.fxgl.notification.impl.NotificationServiceProvider
08:47:04.169 [FXGL Background Thread 3 ] DEBUG Engine               - class com.almasb.fxgl.achievement.AchievementService
08:47:04.169 [FXGL Background Thread 3 ] DEBUG Engine               - class com.almasb.fxgl.cutscene.CutsceneService
08:47:04.169 [FXGL Background Thread 3 ] DEBUG Engine               - class com.almasb.fxgl.minigames.MiniGameService
08:47:04.169 [FXGL Background Thread 3 ] DEBUG Engine               - class com.almasb.fxgl.net.NetService
08:47:04.169 [FXGL Background Thread 3 ] DEBUG Engine               - class com.almasb.fxgl.app.services.UpdaterService
08:47:04.169 [FXGL Background Thread 3 ] DEBUG Engine               - class com.almasb.fxgl.dev.DevService
08:47:07.898 [JavaFX Application Thread] DEBUG FXGLApplication      - Exiting FXGL
08:47:07.898 [JavaFX Application Thread] DEBUG LoopRunner           - Stopping loop
08:47:07.898 [JavaFX Application Thread] DEBUG SystemBundleService  - Saving FXGL system data
08:47:07.900 [JavaFX Application Thread] DEBUG FileSystemAccess     - Writing to: F:\Proyectos javafx\javafxgl\system\fxgl.bundle
08:47:07.902 [JavaFX Application Thread] DEBUG Async                - Shutting down background threads
08:47:07.902 [JavaFX Application Thread] DEBUG PrimaryStageWindow   - Closing main window
08:47:07.916 [JavaFX Application Thread] DEBUG Logger               - Closing Logger
