10:07:36.010 [main                     ] DEBUG Logger               - Configured Logger
10:07:36.033 [main                     ] DEBUG GameApplication      - Logging settings
Title: Demo Fac 1
Version: 0.0
Width: 800
Height: 600
Fullscreen: false
Intro: false
Profiling: false
Single step:false
App Mode: DEVELOPER
Menu Key: ESCAPE
Stage Style: DECORATED
Scene Factory: class com.almasb.fxgl.app.scene.SceneFactory

10:07:36.492 [JavaFX Application Thread] DEBUG FXGLApplication      - Initializing FXGL
10:07:36.497 [JavaFX Application Thread] INFO  Engine               - FXGL-17.2 (20.08.2022 16.50) on WINDOWS (J:21.0.1 FX:21-ea)
10:07:36.498 [JavaFX Application Thread] DEBUG Engine               - JRE Vendor Name: Oracle Corporation
10:07:36.498 [JavaFX Application Thread] DEBUG Engine               - Running on OS: Windows 10 version 10.0
10:07:36.498 [JavaFX Application Thread] DEBUG Engine               - Architecture: amd64
10:07:36.498 [JavaFX Application Thread] INFO  Engine               - Source code and latest versions at: https://github.com/AlmasB/FXGL
10:07:36.498 [JavaFX Application Thread] INFO  Engine               -       Ask questions and discuss at: https://github.com/AlmasB/FXGL/discussions
10:07:36.498 [JavaFX Application Thread] INFO  Engine               -              Join the FXGL chat at: https://gitter.im/AlmasB/FXGL
10:07:36.623 [JavaFX Application Thread] DEBUG PrimaryStageWindow   - Creating a JavaFX scene
10:07:36.676 [JavaFX Application Thread] DEBUG PrimaryStageWindow   - Target settings size: 800.0 x 600.0
10:07:36.676 [JavaFX Application Thread] DEBUG PrimaryStageWindow   - Scaled scene size:    800.0 x 600.0
10:07:36.676 [JavaFX Application Thread] DEBUG PrimaryStageWindow   - Scaled ratio: (1.0, 1.0)
10:07:36.677 [JavaFX Application Thread] DEBUG PrimaryStageWindow   - Set initial scene to FXGLStartupScene
10:07:36.680 [JavaFX Application Thread] DEBUG PrimaryStageWindow   - Opening main window
10:07:36.815 [JavaFX Application Thread] DEBUG PrimaryStageWindow   - Window border size: (14.4000244140625, 37.5999755859375)
10:07:36.816 [JavaFX Application Thread] DEBUG PrimaryStageWindow   - Scaled size: 800.0 x 600.0
10:07:36.816 [JavaFX Application Thread] DEBUG PrimaryStageWindow   - Scaled ratio: (1.0, 1.0)
10:07:36.816 [JavaFX Application Thread] DEBUG PrimaryStageWindow   - Scene size: 800.0 x 600.0
10:07:36.816 [JavaFX Application Thread] DEBUG PrimaryStageWindow   - Stage size: 814.4000244140625 x 637.5999755859375
10:07:36.826 [FXGL Background Thread 1 ] DEBUG Engine               - Initializing environment variables
10:07:36.930 [FXGL Background Thread 1 ] DEBUG FXGLAssetLoaderServi - User app class for loading assets: class com.demo.fxgldemo.demoApp
10:07:36.931 [FXGL Background Thread 1 ] DEBUG GameApplicationServi - Applying CSS: fxgl_dark.css
10:07:36.932 [FXGL Background Thread 1 ] DEBUG FXGLAssetLoaderServi - Loading from file system: jar:file:///C:/Users/Usuario/.m2/repository/com/github/almasb/fxgl/17.2/fxgl-17.2.jar!/fxglassets/ui/css/fxgl_dark.css
10:07:37.000 [FXGL Background Thread 1 ] DEBUG GameApplicationServi - Initializing application scenes
10:07:37.075 [FXGL Background Thread 1 ] DEBUG GameWorld            - Game world initialized
10:07:37.155 [FXGL Background Thread 1 ] DEBUG PhysicsWorld         - Physics world initialized: appHeight=600, physics.ppm=50,0
10:07:37.155 [FXGL Background Thread 1 ] DEBUG PhysicsWorld         - Using strategy: BRUTE_FORCE
10:07:37.161 [FXGL Background Thread 1 ] DEBUG GameScene            - Game scene initialized: 800x600
10:07:37.172 [FXGL Background Thread 1 ] DEBUG FXGL.DefaultMenu     - createMenuBodyMainMenu()
10:07:37.187 [FXGL Background Thread 1 ] DEBUG FXGL.DefaultMenu     - createOptionsMenu()
10:07:37.198 [FXGL Background Thread 1 ] DEBUG FXGLAssetLoaderServi - Loading from file system: jar:file:///C:/Users/Usuario/.m2/repository/com/github/almasb/fxgl/17.2/fxgl-17.2.jar!/fxglassets/textures/particles/smoke.png
10:07:37.304 [FXGL Background Thread 1 ] DEBUG FXGLAssetLoaderServi - Loading from file system: jar:file:///C:/Users/Usuario/.m2/repository/com/github/almasb/fxgl/17.2/fxgl-17.2.jar!/fxglassets/textures/particles/trace_horizontal.png
10:07:37.335 [FXGL Background Thread 1 ] DEBUG FXGL.DefaultMenu     - createMenuBodyGameMenu()
10:07:37.336 [FXGL Background Thread 1 ] DEBUG FXGL.DefaultMenu     - createOptionsMenu()
10:07:37.352 [FXGL Background Thread 1 ] DEBUG GameApplicationServi - Application scenes initialized
10:07:37.366 [FXGL Background Thread 1 ] DEBUG SystemBundleService  - Loading FXGL system data
10:07:37.371 [FXGL Background Thread 1 ] DEBUG FileSystemAccess     - Reading from: F:\Proyectos javafx\javafxgl\system\fxgl.bundle
10:07:37.387 [FXGL Background Thread 1 ] DEBUG SystemBundleService  - Bundle FXGL: {}
10:07:37.387 [FXGL Background Thread 1 ] DEBUG UpdaterService       - Checking for updates
10:07:37.394 [FXGL Background Thread 4 ] DEBUG FXGLApplication      - Loading fonts
10:07:37.394 [FXGL Background Thread 1 ] DEBUG FXGLApplication      - Loading default localization
10:07:37.394 [FXGL Background Thread 4 ] DEBUG FXGLAssetLoaderServi - Loading from file system: jar:file:///C:/Users/Usuario/.m2/repository/com/github/almasb/fxgl/17.2/fxgl-17.2.jar!/fxglassets/ui/fonts/VarelaRound-Regular.ttf
10:07:37.395 [FXGL Background Thread 1 ] DEBUG FXGLAssetLoaderServi - Loading from file system: jar:file:///C:/Users/Usuario/.m2/repository/com/github/almasb/fxgl/17.2/fxgl-17.2.jar!/fxglassets/languages/english.lang
10:07:37.426 [FXGL Background Thread 1 ] INFO  FXGLApplication      - FXGL initialization took: 0,600 sec
10:07:37.428 [JavaFX Application Thread] WARN  FXGLAssetLoaderServi - Asset "/assets/textures/bf-asomado.png" was not found!
10:07:37.428 [JavaFX Application Thread] WARN  FXGLAssetLoaderServi - Failed to load IMAGE
10:07:37.439 [JavaFX Application Thread] DEBUG FXGLAssetLoaderServi - Loading from file system: jar:file:///C:/Users/Usuario/.m2/repository/com/github/almasb/fxgl/17.2/fxgl-17.2.jar!/fxglassets/textures/fxgl_default_cursor.png
10:07:37.452 [JavaFX Application Thread] DEBUG Input                - Registered new binding: Screenshot - CTRL+8
10:07:37.452 [JavaFX Application Thread] DEBUG Input                - Registered new binding: System info dump - CTRL+9
10:07:37.453 [JavaFX Application Thread] DEBUG Input                - Registered new binding: Restart - CTRL+R
10:07:37.453 [JavaFX Application Thread] DEBUG Input                - Registered new binding: Toggle Debug Camera - CTRL+7
10:07:37.455 [JavaFX Application Thread] DEBUG LoopRunner           - Starting loop
10:07:37.455 [JavaFX Application Thread] DEBUG LoopRunner           - Initializing JavaFX AnimationTimerLoop
10:07:37.458 [JavaFX Application Thread] DEBUG Input                - Clearing active input actions
10:07:37.464 [JavaFX Application Thread] DEBUG GameApplicationServi - Removing overlay from FXGLStartupScene and adding to FXGLMainMenuDummyScene
10:07:37.465 [JavaFX Application Thread] DEBUG PrimaryStageWindow   - FXGLStartupScene -> FXGLMainMenuDummyScene
10:07:37.465 [JavaFX Application Thread] DEBUG PrimaryStageWindow   - Push state: FXGLDefaultMenu
10:07:37.473 [JavaFX Application Thread] DEBUG Input                - Clearing active input actions
10:07:37.483 [JavaFX Application Thread] DEBUG GameApplicationServi - Removing overlay from FXGLMainMenuDummyScene and adding to FXGLDefaultMenu
10:07:37.484 [JavaFX Application Thread] DEBUG PrimaryStageWindow   - FXGLMainMenuDummyScene -> FXGLDefaultMenu
10:07:37.495 [FXGL Background Thread 4 ] DEBUG FXGLAssetLoaderServi - Loading from file system: jar:file:///C:/Users/Usuario/.m2/repository/com/github/almasb/fxgl/17.2/fxgl-17.2.jar!/fxglassets/ui/fonts/Abel-Regular.ttf
10:07:37.513 [FXGL Background Thread 4 ] DEBUG FXGLAssetLoaderServi - Loading from file system: jar:file:///C:/Users/Usuario/.m2/repository/com/github/almasb/fxgl/17.2/fxgl-17.2.jar!/fxglassets/ui/fonts/TerminalLandMono-Regular.otf
10:07:37.566 [FXGL Background Thread 4 ] DEBUG FXGLAssetLoaderServi - Loading from file system: jar:file:///C:/Users/Usuario/.m2/repository/com/github/almasb/fxgl/17.2/fxgl-17.2.jar!/fxglassets/ui/fonts/Courier-Prime.ttf
10:07:37.590 [JavaFX Application Thread] DEBUG FXGLApplication      - Registering font factories with UI factory
10:07:38.300 [FXGL Background Thread 2 ] INFO  UpdaterService       - Your current version:  17.2
10:07:38.300 [FXGL Background Thread 2 ] INFO  UpdaterService       - Latest stable version: 21
10:07:40.393 [FXGL Background Thread 3 ] DEBUG Engine               - Logging environment variables
10:07:40.393 [FXGL Background Thread 3 ] DEBUG Engine               - achievements: []
10:07:40.394 [FXGL Background Thread 3 ] DEBUG Engine               - actualHeight: 600.0
10:07:40.394 [FXGL Background Thread 3 ] DEBUG Engine               - actualHeightProperty: ReadOnlyDoubleProperty [value: 600.0]
10:07:40.394 [FXGL Background Thread 3 ] DEBUG Engine               - actualWidth: 800.0
10:07:40.394 [FXGL Background Thread 3 ] DEBUG Engine               - actualWidthProperty: ReadOnlyDoubleProperty [value: 800.0]
10:07:40.394 [FXGL Background Thread 3 ] DEBUG Engine               - appIcon: bf-asomado.png
10:07:40.394 [FXGL Background Thread 3 ] DEBUG Engine               - applicationMode: DEVELOPER
10:07:40.394 [FXGL Background Thread 3 ] DEBUG Engine               - cSSList: [fxgl_dark.css]
10:07:40.394 [FXGL Background Thread 3 ] DEBUG Engine               - collisionDetectionStrategy: BRUTE_FORCE
10:07:40.394 [FXGL Background Thread 3 ] DEBUG Engine               - configClass: Optional.empty
10:07:40.395 [FXGL Background Thread 3 ] DEBUG Engine               - credits: []
10:07:40.395 [FXGL Background Thread 3 ] DEBUG Engine               - defaultCursor: CursorInfo(imageName=fxgl_default_cursor.png, hotspotX=7.0, hotspotY=6.0)
10:07:40.395 [FXGL Background Thread 3 ] DEBUG Engine               - devBBoxColorProperty: ObjectProperty [value: 0xff0000ff]
10:07:40.395 [FXGL Background Thread 3 ] DEBUG Engine               - devEnableDebugCameraProperty: BooleanProperty [value: false]
10:07:40.395 [FXGL Background Thread 3 ] DEBUG Engine               - devSensorColorProperty: ObjectProperty [value: 0xffff00ff]
10:07:40.395 [FXGL Background Thread 3 ] DEBUG Engine               - devShowBBoxProperty: BooleanProperty [value: false]
10:07:40.395 [FXGL Background Thread 3 ] DEBUG Engine               - devShowPositionProperty: BooleanProperty [value: false]
10:07:40.395 [FXGL Background Thread 3 ] DEBUG Engine               - enabledMenuItems: []
10:07:40.395 [FXGL Background Thread 3 ] DEBUG Engine               - engineServices: [class com.almasb.fxgl.app.services.FXGLAssetLoaderService, class com.almasb.fxgl.app.FXGLApplication$GameApplicationService, class com.almasb.fxgl.app.services.FXGLDialogService, class com.almasb.fxgl.app.services.IOTaskExecutorService, class com.almasb.fxgl.io.FileSystemService, class com.almasb.fxgl.localization.LocalizationService, class com.almasb.fxgl.app.services.SystemBundleService, class com.almasb.fxgl.profile.SaveLoadService, class com.almasb.fxgl.ui.FXGLUIFactoryServiceProvider, class com.almasb.fxgl.ui.FXGLDialogFactoryServiceProvider, class com.almasb.fxgl.audio.AudioPlayer, class com.almasb.fxgl.notification.impl.NotificationServiceProvider, class com.almasb.fxgl.achievement.AchievementService, class com.almasb.fxgl.cutscene.CutsceneService, class com.almasb.fxgl.minigames.MiniGameService, class com.almasb.fxgl.net.NetService, class com.almasb.fxgl.app.services.UpdaterService, class com.almasb.fxgl.dev.DevService]
10:07:40.396 [FXGL Background Thread 3 ] DEBUG Engine               - fontGame: Abel-Regular.ttf
10:07:40.396 [FXGL Background Thread 3 ] DEBUG Engine               - fontMono: TerminalLandMono-Regular.otf
10:07:40.396 [FXGL Background Thread 3 ] DEBUG Engine               - fontText: Courier-Prime.ttf
10:07:40.396 [FXGL Background Thread 3 ] DEBUG Engine               - fontUI: VarelaRound-Regular.ttf
10:07:40.396 [FXGL Background Thread 3 ] DEBUG Engine               - fullScreen: BooleanProperty [value: false]
10:07:40.396 [FXGL Background Thread 3 ] DEBUG Engine               - gameDifficulty: MEDIUM
10:07:40.396 [FXGL Background Thread 3 ] DEBUG Engine               - gameDifficultyProperty: ObjectProperty [value: MEDIUM]
10:07:40.396 [FXGL Background Thread 3 ] DEBUG Engine               - globalMusicVolume: 0.5
10:07:40.396 [FXGL Background Thread 3 ] DEBUG Engine               - globalMusicVolumeProperty: DoubleProperty [value: 0.5]
10:07:40.396 [FXGL Background Thread 3 ] DEBUG Engine               - globalSoundVolume: 0.5
10:07:40.396 [FXGL Background Thread 3 ] DEBUG Engine               - globalSoundVolumeProperty: DoubleProperty [value: 0.5]
10:07:40.396 [FXGL Background Thread 3 ] DEBUG Engine               - height: 600
10:07:40.396 [FXGL Background Thread 3 ] DEBUG Engine               - is3D: false
10:07:40.396 [FXGL Background Thread 3 ] DEBUG Engine               - isAndroid: false
10:07:40.396 [FXGL Background Thread 3 ] DEBUG Engine               - isBrowser: false
10:07:40.396 [FXGL Background Thread 3 ] DEBUG Engine               - isClickFeedbackEnabled: false
10:07:40.396 [FXGL Background Thread 3 ] DEBUG Engine               - isCloseConfirmation: false
10:07:40.396 [FXGL Background Thread 3 ] DEBUG Engine               - isDesktop: true
10:07:40.396 [FXGL Background Thread 3 ] DEBUG Engine               - isDeveloperMenuEnabled: false
10:07:40.397 [FXGL Background Thread 3 ] DEBUG Engine               - isEmbedded: false
10:07:40.397 [FXGL Background Thread 3 ] DEBUG Engine               - isEntityPreloadEnabled: true
10:07:40.397 [FXGL Background Thread 3 ] DEBUG Engine               - isExperimentalTiledLargeMap: false
10:07:40.397 [FXGL Background Thread 3 ] DEBUG Engine               - isFileSystemWriteAllowed: true
10:07:40.397 [FXGL Background Thread 3 ] DEBUG Engine               - isFullScreenAllowed: false
10:07:40.397 [FXGL Background Thread 3 ] DEBUG Engine               - isFullScreenFromStart: false
10:07:40.397 [FXGL Background Thread 3 ] DEBUG Engine               - isGameMenuEnabled: true
10:07:40.397 [FXGL Background Thread 3 ] DEBUG Engine               - isIOS: false
10:07:40.397 [FXGL Background Thread 3 ] DEBUG Engine               - isIntroEnabled: false
10:07:40.397 [FXGL Background Thread 3 ] DEBUG Engine               - isLinux: false
10:07:40.397 [FXGL Background Thread 3 ] DEBUG Engine               - isMac: false
10:07:40.397 [FXGL Background Thread 3 ] DEBUG Engine               - isMainMenuEnabled: true
10:07:40.397 [FXGL Background Thread 3 ] DEBUG Engine               - isManualResizeEnabled: false
10:07:40.397 [FXGL Background Thread 3 ] DEBUG Engine               - isMobile: false
10:07:40.397 [FXGL Background Thread 3 ] DEBUG Engine               - isNative: false
10:07:40.397 [FXGL Background Thread 3 ] DEBUG Engine               - isPauseMusicWhenMinimized: true
10:07:40.397 [FXGL Background Thread 3 ] DEBUG Engine               - isPreserveResizeRatio: false
10:07:40.397 [FXGL Background Thread 3 ] DEBUG Engine               - isProfilingEnabled: false
10:07:40.398 [FXGL Background Thread 3 ] DEBUG Engine               - isScaleAffectedOnResize: true
10:07:40.398 [FXGL Background Thread 3 ] DEBUG Engine               - isSingleStep: false
10:07:40.398 [FXGL Background Thread 3 ] DEBUG Engine               - isUserProfileEnabled: false
10:07:40.398 [FXGL Background Thread 3 ] DEBUG Engine               - isWindows: true
10:07:40.398 [FXGL Background Thread 3 ] DEBUG Engine               - language: ObjectProperty [value: ENGLISH]
10:07:40.398 [FXGL Background Thread 3 ] DEBUG Engine               - menuKey: ESCAPE
10:07:40.398 [FXGL Background Thread 3 ] DEBUG Engine               - mouseSensitivity: 0.2
10:07:40.398 [FXGL Background Thread 3 ] DEBUG Engine               - notificationViewClass: class com.almasb.fxgl.notification.view.XboxNotificationView
10:07:40.398 [FXGL Background Thread 3 ] DEBUG Engine               - pixelsPerMeter: 50.0
10:07:40.398 [FXGL Background Thread 3 ] DEBUG Engine               - platform: WINDOWS
10:07:40.398 [FXGL Background Thread 3 ] DEBUG Engine               - prefHeightProperty: ReadOnlyDoubleProperty [value: 600.0]
10:07:40.398 [FXGL Background Thread 3 ] DEBUG Engine               - prefWidthProperty: ReadOnlyDoubleProperty [value: 800.0]
10:07:40.398 [FXGL Background Thread 3 ] DEBUG Engine               - profileDir: profiles/
10:07:40.398 [FXGL Background Thread 3 ] DEBUG Engine               - profileName: StringProperty [value: DEFAULT]
10:07:40.398 [FXGL Background Thread 3 ] DEBUG Engine               - randomSeed: -1
10:07:40.399 [FXGL Background Thread 3 ] DEBUG Engine               - runtimeInfo: RuntimeInfo(platform=WINDOWS, version=17.2, build=20.08.2022 16.50)
10:07:40.399 [FXGL Background Thread 3 ] DEBUG Engine               - saveFileExt: sav
10:07:40.399 [FXGL Background Thread 3 ] DEBUG Engine               - scaledHeightProp$fxgl: DoubleProperty [bound, value: 600.0]
10:07:40.399 [FXGL Background Thread 3 ] DEBUG Engine               - scaledWidthProp$fxgl: DoubleProperty [bound, value: 800.0]
10:07:40.399 [FXGL Background Thread 3 ] DEBUG Engine               - sceneFactory: com.almasb.fxgl.app.scene.SceneFactory@60bf6e64
10:07:40.399 [FXGL Background Thread 3 ] DEBUG Engine               - secondsIn24h: 60
10:07:40.399 [FXGL Background Thread 3 ] DEBUG Engine               - soundMenuBack: menu/back.wav
10:07:40.399 [FXGL Background Thread 3 ] DEBUG Engine               - soundMenuPress: menu/press.wav
10:07:40.399 [FXGL Background Thread 3 ] DEBUG Engine               - soundMenuSelect: menu/select.wav
10:07:40.399 [FXGL Background Thread 3 ] DEBUG Engine               - soundNotification: core/notification.wav
10:07:40.399 [FXGL Background Thread 3 ] DEBUG Engine               - stageStyle: DECORATED
10:07:40.399 [FXGL Background Thread 3 ] DEBUG Engine               - supportedLanguages: [ENGLISH, FRENCH, GERMAN, HUNGARIAN, RUSSIAN]
10:07:40.399 [FXGL Background Thread 3 ] DEBUG Engine               - ticksPerSecond: -1
10:07:40.399 [FXGL Background Thread 3 ] DEBUG Engine               - title: Demo Fac 1
10:07:40.399 [FXGL Background Thread 3 ] DEBUG Engine               - urlGithub: https://github.com/AlmasB/FXGL
10:07:40.400 [FXGL Background Thread 3 ] DEBUG Engine               - urlLeaderboard: http://fxgl-top.herokuapp.com/
10:07:40.400 [FXGL Background Thread 3 ] DEBUG Engine               - urlPOM: https://raw.githubusercontent.com/AlmasB/FXGL/release/README.md
10:07:40.400 [FXGL Background Thread 3 ] DEBUG Engine               - userAppClass: class com.demo.fxgldemo.demoApp
10:07:40.400 [FXGL Background Thread 3 ] DEBUG Engine               - version: 0.0
10:07:40.400 [FXGL Background Thread 3 ] DEBUG Engine               - versionCheckDays: 7
10:07:40.400 [FXGL Background Thread 3 ] DEBUG Engine               - width: 800
10:07:40.400 [FXGL Background Thread 3 ] DEBUG Engine               - Logging services
10:07:40.400 [FXGL Background Thread 3 ] DEBUG Engine               - class com.almasb.fxgl.app.services.FXGLAssetLoaderService
10:07:40.400 [FXGL Background Thread 3 ] DEBUG Engine               - class com.almasb.fxgl.app.FXGLApplication$GameApplicationService
10:07:40.400 [FXGL Background Thread 3 ] DEBUG Engine               - class com.almasb.fxgl.app.services.FXGLDialogService
10:07:40.400 [FXGL Background Thread 3 ] DEBUG Engine               - class com.almasb.fxgl.app.services.IOTaskExecutorService
10:07:40.400 [FXGL Background Thread 3 ] DEBUG Engine               - class com.almasb.fxgl.io.FileSystemService
10:07:40.400 [FXGL Background Thread 3 ] DEBUG Engine               - class com.almasb.fxgl.localization.LocalizationService
10:07:40.400 [FXGL Background Thread 3 ] DEBUG Engine               - class com.almasb.fxgl.app.services.SystemBundleService
10:07:40.400 [FXGL Background Thread 3 ] DEBUG Engine               - class com.almasb.fxgl.profile.SaveLoadService
10:07:40.400 [FXGL Background Thread 3 ] DEBUG Engine               - class com.almasb.fxgl.ui.FXGLUIFactoryServiceProvider
10:07:40.400 [FXGL Background Thread 3 ] DEBUG Engine               - class com.almasb.fxgl.ui.FXGLDialogFactoryServiceProvider
10:07:40.400 [FXGL Background Thread 3 ] DEBUG Engine               - class com.almasb.fxgl.audio.AudioPlayer
10:07:40.400 [FXGL Background Thread 3 ] DEBUG Engine               - class com.almasb.fxgl.notification.impl.NotificationServiceProvider
10:07:40.401 [FXGL Background Thread 3 ] DEBUG Engine               - class com.almasb.fxgl.achievement.AchievementService
10:07:40.401 [FXGL Background Thread 3 ] DEBUG Engine               - class com.almasb.fxgl.cutscene.CutsceneService
10:07:40.401 [FXGL Background Thread 3 ] DEBUG Engine               - class com.almasb.fxgl.minigames.MiniGameService
10:07:40.401 [FXGL Background Thread 3 ] DEBUG Engine               - class com.almasb.fxgl.net.NetService
10:07:40.401 [FXGL Background Thread 3 ] DEBUG Engine               - class com.almasb.fxgl.app.services.UpdaterService
10:07:40.401 [FXGL Background Thread 3 ] DEBUG Engine               - class com.almasb.fxgl.dev.DevService
10:07:42.312 [JavaFX Application Thread] DEBUG Menu                 - fireNewGame()
10:07:42.312 [JavaFX Application Thread] DEBUG GameApplicationServi - Starting new game
10:07:42.314 [JavaFX Application Thread] DEBUG PrimaryStageWindow   - Pop state: FXGLDefaultMenu
10:07:42.314 [JavaFX Application Thread] DEBUG Input                - Clearing active input actions
10:07:42.315 [JavaFX Application Thread] DEBUG GameApplicationServi - Removing overlay from FXGLDefaultMenu and adding to FXGLMainMenuDummyScene
10:07:42.315 [JavaFX Application Thread] DEBUG PrimaryStageWindow   - FXGLMainMenuDummyScene <- FXGLDefaultMenu
10:07:42.316 [JavaFX Application Thread] DEBUG Input                - Clearing active input actions
10:07:42.326 [JavaFX Application Thread] DEBUG GameApplicationServi - Removing overlay from FXGLMainMenuDummyScene and adding to FXGLLoadingScene
10:07:42.326 [JavaFX Application Thread] DEBUG PrimaryStageWindow   - FXGLMainMenuDummyScene -> FXGLLoadingScene
10:07:42.327 [JavaFX Application Thread] DEBUG GameApplicationServi - Clearing previous game
10:07:42.327 [JavaFX Application Thread] DEBUG GameScene            - Clearing game scene
10:07:42.327 [JavaFX Application Thread] DEBUG GameWorld            - Clearing game world
10:07:42.327 [JavaFX Application Thread] DEBUG PhysicsWorld         - Clearing physics world
10:07:42.329 [FXGL Background Thread 2 ] DEBUG FXGLApplication      - Initializing game
10:07:42.331 [FXGL Background Thread 2 ] INFO  FXGLApplication      - Game initialization took: 0,002 sec
10:07:42.356 [JavaFX Application Thread] DEBUG Input                - Clearing active input actions
10:07:42.366 [JavaFX Application Thread] DEBUG GameApplicationServi - Removing overlay from FXGLLoadingScene and adding to GameScene
10:07:42.366 [JavaFX Application Thread] DEBUG PrimaryStageWindow   - FXGLLoadingScene -> GameScene
10:07:43.832 [JavaFX Application Thread] DEBUG FXGLApplication      - Exiting FXGL
10:07:43.832 [JavaFX Application Thread] DEBUG LoopRunner           - Stopping loop
10:07:43.832 [JavaFX Application Thread] DEBUG SystemBundleService  - Saving FXGL system data
10:07:43.835 [JavaFX Application Thread] DEBUG FileSystemAccess     - Writing to: F:\Proyectos javafx\javafxgl\system\fxgl.bundle
10:07:43.836 [JavaFX Application Thread] DEBUG Async                - Shutting down background threads
10:07:43.837 [JavaFX Application Thread] DEBUG PrimaryStageWindow   - Closing main window
10:07:43.850 [JavaFX Application Thread] DEBUG Logger               - Closing Logger
