08:46:22.455 [main                     ] DEBUG Logger               - Configured Logger
08:46:22.486 [main                     ] DEBUG GameApplication      - Logging settings
Title: Demo Fac 1
Version: 0.0
Width: 800
Height: 600
Fullscreen: false
Intro: false
Profiling: false
Single step:false
App Mode: DEVELOPER
Menu Key: ESCAPE
Stage Style: DECORATED
Scene Factory: class com.almasb.fxgl.app.scene.SceneFactory

08:46:22.783 [JavaFX Application Thread] DEBUG FXGLApplication      - Initializing FXGL
08:46:22.789 [JavaFX Application Thread] INFO  Engine               - FXGL-17.2 (20.08.2022 16.50) on WINDOWS (J:21.0.1 FX:21-ea)
08:46:22.790 [JavaFX Application Thread] DEBUG Engine               - JRE Vendor Name: Oracle Corporation
08:46:22.790 [JavaFX Application Thread] DEBUG Engine               - Running on OS: Windows 10 version 10.0
08:46:22.790 [JavaFX Application Thread] DEBUG Engine               - Architecture: amd64
08:46:22.790 [JavaFX Application Thread] INFO  Engine               - Source code and latest versions at: https://github.com/AlmasB/FXGL
08:46:22.791 [JavaFX Application Thread] INFO  Engine               -       Ask questions and discuss at: https://github.com/AlmasB/FXGL/discussions
08:46:22.791 [JavaFX Application Thread] INFO  Engine               -              Join the FXGL chat at: https://gitter.im/AlmasB/FXGL
08:46:22.881 [JavaFX Application Thread] DEBUG PrimaryStageWindow   - Creating a JavaFX scene
08:46:22.937 [JavaFX Application Thread] DEBUG PrimaryStageWindow   - Target settings size: 800.0 x 600.0
08:46:22.937 [JavaFX Application Thread] DEBUG PrimaryStageWindow   - Scaled scene size:    800.0 x 600.0
08:46:22.937 [JavaFX Application Thread] DEBUG PrimaryStageWindow   - Scaled ratio: (1.0, 1.0)
08:46:22.939 [JavaFX Application Thread] DEBUG PrimaryStageWindow   - Set initial scene to FXGLStartupScene
08:46:22.942 [JavaFX Application Thread] DEBUG PrimaryStageWindow   - Opening main window
08:46:23.042 [JavaFX Application Thread] DEBUG PrimaryStageWindow   - Window border size: (14.4000244140625, 37.5999755859375)
08:46:23.044 [JavaFX Application Thread] DEBUG PrimaryStageWindow   - Scaled size: 800.0 x 600.0
08:46:23.045 [JavaFX Application Thread] DEBUG PrimaryStageWindow   - Scaled ratio: (1.0, 1.0)
08:46:23.045 [JavaFX Application Thread] DEBUG PrimaryStageWindow   - Scene size: 800.0 x 600.0
08:46:23.046 [JavaFX Application Thread] DEBUG PrimaryStageWindow   - Stage size: 814.4000244140625 x 637.5999755859375
08:46:23.055 [FXGL Background Thread 1 ] DEBUG Engine               - Initializing environment variables
08:46:23.137 [FXGL Background Thread 1 ] DEBUG FXGLAssetLoaderServi - User app class for loading assets: class com.demo.fxgldemo.demoApp
08:46:23.137 [FXGL Background Thread 1 ] DEBUG GameApplicationServi - Applying CSS: fxgl_dark.css
08:46:23.138 [FXGL Background Thread 1 ] DEBUG FXGLAssetLoaderServi - Loading from file system: jar:file:///C:/Users/Usuario/.m2/repository/com/github/almasb/fxgl/17.2/fxgl-17.2.jar!/fxglassets/ui/css/fxgl_dark.css
08:46:23.199 [FXGL Background Thread 1 ] DEBUG GameApplicationServi - Initializing application scenes
08:46:23.256 [FXGL Background Thread 1 ] DEBUG GameWorld            - Game world initialized
08:46:23.354 [FXGL Background Thread 1 ] DEBUG PhysicsWorld         - Physics world initialized: appHeight=600, physics.ppm=50,0
08:46:23.354 [FXGL Background Thread 1 ] DEBUG PhysicsWorld         - Using strategy: BRUTE_FORCE
08:46:23.361 [FXGL Background Thread 1 ] DEBUG GameScene            - Game scene initialized: 800x600
08:46:23.379 [FXGL Background Thread 1 ] DEBUG FXGL.DefaultMenu     - createMenuBodyMainMenu()
08:46:23.396 [FXGL Background Thread 1 ] DEBUG FXGL.DefaultMenu     - createOptionsMenu()
08:46:23.407 [FXGL Background Thread 1 ] DEBUG FXGLAssetLoaderServi - Loading from file system: jar:file:///C:/Users/Usuario/.m2/repository/com/github/almasb/fxgl/17.2/fxgl-17.2.jar!/fxglassets/textures/particles/smoke.png
08:46:23.505 [FXGL Background Thread 1 ] DEBUG FXGLAssetLoaderServi - Loading from file system: jar:file:///C:/Users/Usuario/.m2/repository/com/github/almasb/fxgl/17.2/fxgl-17.2.jar!/fxglassets/textures/particles/trace_horizontal.png
08:46:23.539 [FXGL Background Thread 1 ] DEBUG FXGL.DefaultMenu     - createMenuBodyGameMenu()
08:46:23.540 [FXGL Background Thread 1 ] DEBUG FXGL.DefaultMenu     - createOptionsMenu()
08:46:23.554 [FXGL Background Thread 1 ] DEBUG GameApplicationServi - Application scenes initialized
08:46:23.565 [FXGL Background Thread 1 ] DEBUG SystemBundleService  - Loading FXGL system data
08:46:23.569 [FXGL Background Thread 1 ] DEBUG FileSystemAccess     - Reading from: F:\Proyectos javafx\javafxgl\system\fxgl.bundle
08:46:23.580 [FXGL Background Thread 1 ] DEBUG SystemBundleService  - Bundle FXGL: {}
08:46:23.581 [FXGL Background Thread 1 ] DEBUG UpdaterService       - Checking for updates
08:46:23.620 [FXGL Background Thread 4 ] DEBUG FXGLApplication      - Loading fonts
08:46:23.620 [FXGL Background Thread 4 ] DEBUG FXGLAssetLoaderServi - Loading from file system: jar:file:///C:/Users/Usuario/.m2/repository/com/github/almasb/fxgl/17.2/fxgl-17.2.jar!/fxglassets/ui/fonts/VarelaRound-Regular.ttf
08:46:23.621 [FXGL Background Thread 1 ] DEBUG FXGLApplication      - Loading default localization
08:46:23.621 [FXGL Background Thread 1 ] DEBUG FXGLAssetLoaderServi - Loading from file system: jar:file:///C:/Users/Usuario/.m2/repository/com/github/almasb/fxgl/17.2/fxgl-17.2.jar!/fxglassets/languages/english.lang
08:46:23.671 [FXGL Background Thread 1 ] INFO  FXGLApplication      - FXGL initialization took: 0,616 sec
08:46:23.672 [JavaFX Application Thread] DEBUG FXGLAssetLoaderServi - Loading from file system: jar:file:///C:/Users/Usuario/.m2/repository/com/github/almasb/fxgl/17.2/fxgl-17.2.jar!/fxglassets/textures/fxgl_icon.png
08:46:23.677 [FXGL Background Thread 4 ] DEBUG FXGLAssetLoaderServi - Loading from file system: jar:file:///C:/Users/Usuario/.m2/repository/com/github/almasb/fxgl/17.2/fxgl-17.2.jar!/fxglassets/ui/fonts/Abel-Regular.ttf
08:46:23.699 [JavaFX Application Thread] DEBUG FXGLAssetLoaderServi - Loading from file system: jar:file:///C:/Users/Usuario/.m2/repository/com/github/almasb/fxgl/17.2/fxgl-17.2.jar!/fxglassets/textures/fxgl_default_cursor.png
08:46:23.714 [JavaFX Application Thread] DEBUG Input                - Registered new binding: Screenshot - CTRL+8
08:46:23.715 [JavaFX Application Thread] DEBUG Input                - Registered new binding: Dev Options - 1
08:46:23.715 [JavaFX Application Thread] DEBUG Input                - Registered new binding: Dev Console - 2
08:46:23.716 [JavaFX Application Thread] DEBUG Input                - Registered new binding: System info dump - CTRL+9
08:46:23.716 [JavaFX Application Thread] DEBUG Input                - Registered new binding: Restart - CTRL+R
08:46:23.717 [JavaFX Application Thread] DEBUG Input                - Registered new binding: Toggle Debug Camera - CTRL+7
08:46:23.719 [FXGL Background Thread 4 ] DEBUG FXGLAssetLoaderServi - Loading from file system: jar:file:///C:/Users/Usuario/.m2/repository/com/github/almasb/fxgl/17.2/fxgl-17.2.jar!/fxglassets/ui/fonts/TerminalLandMono-Regular.otf
08:46:23.722 [JavaFX Application Thread] DEBUG LoopRunner           - Starting loop
08:46:23.728 [FXGL Background Thread 4 ] DEBUG FXGLAssetLoaderServi - Loading from file system: jar:file:///C:/Users/Usuario/.m2/repository/com/github/almasb/fxgl/17.2/fxgl-17.2.jar!/fxglassets/ui/fonts/Courier-Prime.ttf
08:46:23.739 [JavaFX Application Thread] DEBUG LoopRunner           - Initializing JavaFX AnimationTimerLoop
08:46:23.742 [JavaFX Application Thread] DEBUG Input                - Clearing active input actions
08:46:23.752 [JavaFX Application Thread] DEBUG GameApplicationServi - Removing overlay from FXGLStartupScene and adding to FXGLMainMenuDummyScene
08:46:23.758 [JavaFX Application Thread] DEBUG PrimaryStageWindow   - FXGLStartupScene -> FXGLMainMenuDummyScene
08:46:23.759 [JavaFX Application Thread] DEBUG PrimaryStageWindow   - Push state: FXGLDefaultMenu
08:46:23.766 [JavaFX Application Thread] DEBUG Input                - Clearing active input actions
08:46:23.773 [JavaFX Application Thread] DEBUG GameApplicationServi - Removing overlay from FXGLMainMenuDummyScene and adding to FXGLDefaultMenu
08:46:23.774 [JavaFX Application Thread] DEBUG PrimaryStageWindow   - FXGLMainMenuDummyScene -> FXGLDefaultMenu
08:46:24.033 [JavaFX Application Thread] DEBUG FXGLApplication      - Registering font factories with UI factory
08:46:24.118 [FXGL Background Thread 2 ] INFO  UpdaterService       - Your current version:  17.2
08:46:24.119 [FXGL Background Thread 2 ] INFO  UpdaterService       - Latest stable version: 21
08:46:26.094 [JavaFX Application Thread] DEBUG Menu                 - fireNewGame()
08:46:26.095 [JavaFX Application Thread] DEBUG GameApplicationServi - Starting new game
08:46:26.097 [JavaFX Application Thread] DEBUG PrimaryStageWindow   - Pop state: FXGLDefaultMenu
08:46:26.097 [JavaFX Application Thread] DEBUG Input                - Clearing active input actions
08:46:26.098 [JavaFX Application Thread] DEBUG GameApplicationServi - Removing overlay from FXGLDefaultMenu and adding to FXGLMainMenuDummyScene
08:46:26.100 [JavaFX Application Thread] DEBUG PrimaryStageWindow   - FXGLMainMenuDummyScene <- FXGLDefaultMenu
08:46:26.101 [JavaFX Application Thread] DEBUG Input                - Clearing active input actions
08:46:26.107 [JavaFX Application Thread] DEBUG GameApplicationServi - Removing overlay from FXGLMainMenuDummyScene and adding to FXGLLoadingScene
08:46:26.107 [JavaFX Application Thread] DEBUG PrimaryStageWindow   - FXGLMainMenuDummyScene -> FXGLLoadingScene
08:46:26.107 [JavaFX Application Thread] DEBUG GameApplicationServi - Clearing previous game
08:46:26.107 [JavaFX Application Thread] DEBUG GameScene            - Clearing game scene
08:46:26.108 [JavaFX Application Thread] DEBUG GameWorld            - Clearing game world
08:46:26.108 [JavaFX Application Thread] DEBUG PhysicsWorld         - Clearing physics world
08:46:26.112 [FXGL Background Thread 2 ] DEBUG FXGLApplication      - Initializing game
08:46:26.114 [FXGL Background Thread 2 ] INFO  FXGLApplication      - Game initialization took: 0,002 sec
08:46:26.167 [JavaFX Application Thread] DEBUG Input                - Clearing active input actions
08:46:26.173 [JavaFX Application Thread] DEBUG GameApplicationServi - Removing overlay from FXGLLoadingScene and adding to GameScene
08:46:26.178 [JavaFX Application Thread] DEBUG PrimaryStageWindow   - FXGLLoadingScene -> GameScene
08:46:26.617 [FXGL Background Thread 3 ] DEBUG Engine               - Logging environment variables
08:46:26.619 [FXGL Background Thread 3 ] DEBUG Engine               - achievements: []
08:46:26.619 [FXGL Background Thread 3 ] DEBUG Engine               - actualHeight: 600.0
08:46:26.619 [FXGL Background Thread 3 ] DEBUG Engine               - actualHeightProperty: ReadOnlyDoubleProperty [value: 600.0]
08:46:26.620 [FXGL Background Thread 3 ] DEBUG Engine               - actualWidth: 800.0
08:46:26.620 [FXGL Background Thread 3 ] DEBUG Engine               - actualWidthProperty: ReadOnlyDoubleProperty [value: 800.0]
08:46:26.620 [FXGL Background Thread 3 ] DEBUG Engine               - appIcon: fxgl_icon.png
08:46:26.621 [FXGL Background Thread 3 ] DEBUG Engine               - applicationMode: DEVELOPER
08:46:26.621 [FXGL Background Thread 3 ] DEBUG Engine               - cSSList: [fxgl_dark.css]
08:46:26.621 [FXGL Background Thread 3 ] DEBUG Engine               - collisionDetectionStrategy: BRUTE_FORCE
08:46:26.622 [FXGL Background Thread 3 ] DEBUG Engine               - configClass: Optional.empty
08:46:26.622 [FXGL Background Thread 3 ] DEBUG Engine               - credits: []
08:46:26.623 [FXGL Background Thread 3 ] DEBUG Engine               - defaultCursor: CursorInfo(imageName=fxgl_default_cursor.png, hotspotX=7.0, hotspotY=6.0)
08:46:26.623 [FXGL Background Thread 3 ] DEBUG Engine               - devBBoxColorProperty: ObjectProperty [value: 0xff0000ff]
08:46:26.624 [FXGL Background Thread 3 ] DEBUG Engine               - devEnableDebugCameraProperty: BooleanProperty [value: false]
08:46:26.624 [FXGL Background Thread 3 ] DEBUG Engine               - devSensorColorProperty: ObjectProperty [value: 0xffff00ff]
08:46:26.625 [FXGL Background Thread 3 ] DEBUG Engine               - devShowBBoxProperty: BooleanProperty [value: false]
08:46:26.625 [FXGL Background Thread 3 ] DEBUG Engine               - devShowPositionProperty: BooleanProperty [value: false]
08:46:26.625 [FXGL Background Thread 3 ] DEBUG Engine               - enabledMenuItems: []
08:46:26.626 [FXGL Background Thread 3 ] DEBUG Engine               - engineServices: [class com.almasb.fxgl.app.services.FXGLAssetLoaderService, class com.almasb.fxgl.app.FXGLApplication$GameApplicationService, class com.almasb.fxgl.app.services.FXGLDialogService, class com.almasb.fxgl.app.services.IOTaskExecutorService, class com.almasb.fxgl.io.FileSystemService, class com.almasb.fxgl.localization.LocalizationService, class com.almasb.fxgl.app.services.SystemBundleService, class com.almasb.fxgl.profile.SaveLoadService, class com.almasb.fxgl.ui.FXGLUIFactoryServiceProvider, class com.almasb.fxgl.ui.FXGLDialogFactoryServiceProvider, class com.almasb.fxgl.audio.AudioPlayer, class com.almasb.fxgl.notification.impl.NotificationServiceProvider, class com.almasb.fxgl.achievement.AchievementService, class com.almasb.fxgl.cutscene.CutsceneService, class com.almasb.fxgl.minigames.MiniGameService, class com.almasb.fxgl.net.NetService, class com.almasb.fxgl.app.services.UpdaterService, class com.almasb.fxgl.dev.DevService]
08:46:26.626 [FXGL Background Thread 3 ] DEBUG Engine               - fontGame: Abel-Regular.ttf
08:46:26.626 [FXGL Background Thread 3 ] DEBUG Engine               - fontMono: TerminalLandMono-Regular.otf
08:46:26.627 [FXGL Background Thread 3 ] DEBUG Engine               - fontText: Courier-Prime.ttf
08:46:26.627 [FXGL Background Thread 3 ] DEBUG Engine               - fontUI: VarelaRound-Regular.ttf
08:46:26.628 [FXGL Background Thread 3 ] DEBUG Engine               - fullScreen: BooleanProperty [value: false]
08:46:26.628 [FXGL Background Thread 3 ] DEBUG Engine               - gameDifficulty: MEDIUM
08:46:26.628 [FXGL Background Thread 3 ] DEBUG Engine               - gameDifficultyProperty: ObjectProperty [value: MEDIUM]
08:46:26.629 [FXGL Background Thread 3 ] DEBUG Engine               - globalMusicVolume: 0.5
08:46:26.629 [FXGL Background Thread 3 ] DEBUG Engine               - globalMusicVolumeProperty: DoubleProperty [value: 0.5]
08:46:26.629 [FXGL Background Thread 3 ] DEBUG Engine               - globalSoundVolume: 0.5
08:46:26.630 [FXGL Background Thread 3 ] DEBUG Engine               - globalSoundVolumeProperty: DoubleProperty [value: 0.5]
08:46:26.630 [FXGL Background Thread 3 ] DEBUG Engine               - height: 600
08:46:26.630 [FXGL Background Thread 3 ] DEBUG Engine               - is3D: false
08:46:26.631 [FXGL Background Thread 3 ] DEBUG Engine               - isAndroid: false
08:46:26.631 [FXGL Background Thread 3 ] DEBUG Engine               - isBrowser: false
08:46:26.632 [FXGL Background Thread 3 ] DEBUG Engine               - isClickFeedbackEnabled: false
08:46:26.632 [FXGL Background Thread 3 ] DEBUG Engine               - isCloseConfirmation: false
08:46:26.633 [FXGL Background Thread 3 ] DEBUG Engine               - isDesktop: true
08:46:26.633 [FXGL Background Thread 3 ] DEBUG Engine               - isDeveloperMenuEnabled: true
08:46:26.633 [FXGL Background Thread 3 ] DEBUG Engine               - isEmbedded: false
08:46:26.634 [FXGL Background Thread 3 ] DEBUG Engine               - isEntityPreloadEnabled: true
08:46:26.634 [FXGL Background Thread 3 ] DEBUG Engine               - isExperimentalTiledLargeMap: false
08:46:26.634 [FXGL Background Thread 3 ] DEBUG Engine               - isFileSystemWriteAllowed: true
08:46:26.635 [FXGL Background Thread 3 ] DEBUG Engine               - isFullScreenAllowed: false
08:46:26.635 [FXGL Background Thread 3 ] DEBUG Engine               - isFullScreenFromStart: false
08:46:26.635 [FXGL Background Thread 3 ] DEBUG Engine               - isGameMenuEnabled: true
08:46:26.635 [FXGL Background Thread 3 ] DEBUG Engine               - isIOS: false
08:46:26.636 [FXGL Background Thread 3 ] DEBUG Engine               - isIntroEnabled: false
08:46:26.636 [FXGL Background Thread 3 ] DEBUG Engine               - isLinux: false
08:46:26.636 [FXGL Background Thread 3 ] DEBUG Engine               - isMac: false
08:46:26.636 [FXGL Background Thread 3 ] DEBUG Engine               - isMainMenuEnabled: true
08:46:26.637 [FXGL Background Thread 3 ] DEBUG Engine               - isManualResizeEnabled: false
08:46:26.637 [FXGL Background Thread 3 ] DEBUG Engine               - isMobile: false
08:46:26.637 [FXGL Background Thread 3 ] DEBUG Engine               - isNative: false
08:46:26.637 [FXGL Background Thread 3 ] DEBUG Engine               - isPauseMusicWhenMinimized: true
08:46:26.638 [FXGL Background Thread 3 ] DEBUG Engine               - isPreserveResizeRatio: false
08:46:26.638 [FXGL Background Thread 3 ] DEBUG Engine               - isProfilingEnabled: false
08:46:26.638 [FXGL Background Thread 3 ] DEBUG Engine               - isScaleAffectedOnResize: true
08:46:26.639 [FXGL Background Thread 3 ] DEBUG Engine               - isSingleStep: false
08:46:26.639 [FXGL Background Thread 3 ] DEBUG Engine               - isUserProfileEnabled: false
08:46:26.639 [FXGL Background Thread 3 ] DEBUG Engine               - isWindows: true
08:46:26.639 [FXGL Background Thread 3 ] DEBUG Engine               - language: ObjectProperty [value: ENGLISH]
08:46:26.640 [FXGL Background Thread 3 ] DEBUG Engine               - menuKey: ESCAPE
08:46:26.640 [FXGL Background Thread 3 ] DEBUG Engine               - mouseSensitivity: 0.2
08:46:26.640 [FXGL Background Thread 3 ] DEBUG Engine               - notificationViewClass: class com.almasb.fxgl.notification.view.XboxNotificationView
08:46:26.641 [FXGL Background Thread 3 ] DEBUG Engine               - pixelsPerMeter: 50.0
08:46:26.641 [FXGL Background Thread 3 ] DEBUG Engine               - platform: WINDOWS
08:46:26.641 [FXGL Background Thread 3 ] DEBUG Engine               - prefHeightProperty: ReadOnlyDoubleProperty [value: 600.0]
08:46:26.641 [FXGL Background Thread 3 ] DEBUG Engine               - prefWidthProperty: ReadOnlyDoubleProperty [value: 800.0]
08:46:26.642 [FXGL Background Thread 3 ] DEBUG Engine               - profileDir: profiles/
08:46:26.642 [FXGL Background Thread 3 ] DEBUG Engine               - profileName: StringProperty [value: DEFAULT]
08:46:26.643 [FXGL Background Thread 3 ] DEBUG Engine               - randomSeed: -1
08:46:26.644 [FXGL Background Thread 3 ] DEBUG Engine               - runtimeInfo: RuntimeInfo(platform=WINDOWS, version=17.2, build=20.08.2022 16.50)
08:46:26.644 [FXGL Background Thread 3 ] DEBUG Engine               - saveFileExt: sav
08:46:26.644 [FXGL Background Thread 3 ] DEBUG Engine               - scaledHeightProp$fxgl: DoubleProperty [bound, value: 600.0]
08:46:26.645 [FXGL Background Thread 3 ] DEBUG Engine               - scaledWidthProp$fxgl: DoubleProperty [bound, value: 800.0]
08:46:26.645 [FXGL Background Thread 3 ] DEBUG Engine               - sceneFactory: com.almasb.fxgl.app.scene.SceneFactory@492ec8c1
08:46:26.645 [FXGL Background Thread 3 ] DEBUG Engine               - secondsIn24h: 60
08:46:26.646 [FXGL Background Thread 3 ] DEBUG Engine               - soundMenuBack: menu/back.wav
08:46:26.646 [FXGL Background Thread 3 ] DEBUG Engine               - soundMenuPress: menu/press.wav
08:46:26.646 [FXGL Background Thread 3 ] DEBUG Engine               - soundMenuSelect: menu/select.wav
08:46:26.646 [FXGL Background Thread 3 ] DEBUG Engine               - soundNotification: core/notification.wav
08:46:26.647 [FXGL Background Thread 3 ] DEBUG Engine               - stageStyle: DECORATED
08:46:26.647 [FXGL Background Thread 3 ] DEBUG Engine               - supportedLanguages: [ENGLISH, FRENCH, GERMAN, HUNGARIAN, RUSSIAN]
08:46:26.647 [FXGL Background Thread 3 ] DEBUG Engine               - ticksPerSecond: -1
08:46:26.648 [FXGL Background Thread 3 ] DEBUG Engine               - title: Demo Fac 1
08:46:26.648 [FXGL Background Thread 3 ] DEBUG Engine               - urlGithub: https://github.com/AlmasB/FXGL
08:46:26.648 [FXGL Background Thread 3 ] DEBUG Engine               - urlLeaderboard: http://fxgl-top.herokuapp.com/
08:46:26.648 [FXGL Background Thread 3 ] DEBUG Engine               - urlPOM: https://raw.githubusercontent.com/AlmasB/FXGL/release/README.md
08:46:26.649 [FXGL Background Thread 3 ] DEBUG Engine               - userAppClass: class com.demo.fxgldemo.demoApp
08:46:26.649 [FXGL Background Thread 3 ] DEBUG Engine               - version: 0.0
08:46:26.649 [FXGL Background Thread 3 ] DEBUG Engine               - versionCheckDays: 7
08:46:26.649 [FXGL Background Thread 3 ] DEBUG Engine               - width: 800
08:46:26.650 [FXGL Background Thread 3 ] DEBUG Engine               - Logging services
08:46:26.650 [FXGL Background Thread 3 ] DEBUG Engine               - class com.almasb.fxgl.app.services.FXGLAssetLoaderService
08:46:26.650 [FXGL Background Thread 3 ] DEBUG Engine               - class com.almasb.fxgl.app.FXGLApplication$GameApplicationService
08:46:26.650 [FXGL Background Thread 3 ] DEBUG Engine               - class com.almasb.fxgl.app.services.FXGLDialogService
08:46:26.651 [FXGL Background Thread 3 ] DEBUG Engine               - class com.almasb.fxgl.app.services.IOTaskExecutorService
08:46:26.651 [FXGL Background Thread 3 ] DEBUG Engine               - class com.almasb.fxgl.io.FileSystemService
08:46:26.651 [FXGL Background Thread 3 ] DEBUG Engine               - class com.almasb.fxgl.localization.LocalizationService
08:46:26.651 [FXGL Background Thread 3 ] DEBUG Engine               - class com.almasb.fxgl.app.services.SystemBundleService
08:46:26.651 [FXGL Background Thread 3 ] DEBUG Engine               - class com.almasb.fxgl.profile.SaveLoadService
08:46:26.652 [FXGL Background Thread 3 ] DEBUG Engine               - class com.almasb.fxgl.ui.FXGLUIFactoryServiceProvider
08:46:26.652 [FXGL Background Thread 3 ] DEBUG Engine               - class com.almasb.fxgl.ui.FXGLDialogFactoryServiceProvider
08:46:26.652 [FXGL Background Thread 3 ] DEBUG Engine               - class com.almasb.fxgl.audio.AudioPlayer
08:46:26.652 [FXGL Background Thread 3 ] DEBUG Engine               - class com.almasb.fxgl.notification.impl.NotificationServiceProvider
08:46:26.653 [FXGL Background Thread 3 ] DEBUG Engine               - class com.almasb.fxgl.achievement.AchievementService
08:46:26.653 [FXGL Background Thread 3 ] DEBUG Engine               - class com.almasb.fxgl.cutscene.CutsceneService
08:46:26.653 [FXGL Background Thread 3 ] DEBUG Engine               - class com.almasb.fxgl.minigames.MiniGameService
08:46:26.653 [FXGL Background Thread 3 ] DEBUG Engine               - class com.almasb.fxgl.net.NetService
08:46:26.653 [FXGL Background Thread 3 ] DEBUG Engine               - class com.almasb.fxgl.app.services.UpdaterService
08:46:26.654 [FXGL Background Thread 3 ] DEBUG Engine               - class com.almasb.fxgl.dev.DevService
08:46:35.367 [JavaFX Application Thread] DEBUG PrimaryStageWindow   - Push state: FXGLDefaultMenu
08:46:35.368 [JavaFX Application Thread] DEBUG Input                - Clearing active input actions
08:46:35.373 [JavaFX Application Thread] DEBUG GameApplicationServi - Removing overlay from GameScene and adding to FXGLDefaultMenu
08:46:35.378 [JavaFX Application Thread] DEBUG PrimaryStageWindow   - GameScene -> FXGLDefaultMenu
08:46:41.019 [JavaFX Application Thread] DEBUG FXGL.DefaultMenu     - createContentGameplay()
08:46:46.202 [JavaFX Application Thread] DEBUG FXGL.DefaultMenu     - createContentControls()
08:46:47.435 [JavaFX Application Thread] DEBUG FXGL.DefaultMenu     - createContentAudio()
08:46:50.690 [JavaFX Application Thread] DEBUG FXGLApplication      - Exiting FXGL
08:46:50.690 [JavaFX Application Thread] DEBUG LoopRunner           - Stopping loop
08:46:50.690 [JavaFX Application Thread] DEBUG SystemBundleService  - Saving FXGL system data
08:46:50.693 [JavaFX Application Thread] DEBUG FileSystemAccess     - Writing to: F:\Proyectos javafx\javafxgl\system\fxgl.bundle
08:46:50.694 [JavaFX Application Thread] DEBUG Async                - Shutting down background threads
08:46:50.695 [JavaFX Application Thread] DEBUG PrimaryStageWindow   - Closing main window
08:46:50.715 [JavaFX Application Thread] DEBUG Logger               - Closing Logger
