09:32:01.003 [main                     ] DEBUG Logger               - Configured Logger
09:32:01.036 [main                     ] DEBUG GameApplication      - Logging settings
Title: Probando demoCuboApp
Version: 0.0
Width: 800
Height: 600
Fullscreen: false
Intro: false
Profiling: false
Single step:false
App Mode: DEVELOPER
Menu Key: ESCAPE
Stage Style: DECORATED
Scene Factory: class com.almasb.fxgl.app.scene.SceneFactory

09:32:01.341 [JavaFX Application Thread] DEBUG FXGLApplication      - Initializing FXGL
09:32:01.347 [JavaFX Application Thread] INFO  Engine               - FXGL-17.2 (20.08.2022 16.50) on WINDOWS (J:21.0.1 FX:21-ea)
09:32:01.347 [JavaFX Application Thread] DEBUG Engine               - JRE Vendor Name: Oracle Corporation
09:32:01.347 [JavaFX Application Thread] DEBUG Engine               - Running on OS: Windows 10 version 10.0
09:32:01.348 [JavaFX Application Thread] DEBUG Engine               - Architecture: amd64
09:32:01.348 [JavaFX Application Thread] INFO  Engine               - Source code and latest versions at: https://github.com/AlmasB/FXGL
09:32:01.348 [JavaFX Application Thread] INFO  Engine               -       Ask questions and discuss at: https://github.com/AlmasB/FXGL/discussions
09:32:01.348 [JavaFX Application Thread] INFO  Engine               -              Join the FXGL chat at: https://gitter.im/AlmasB/FXGL
09:32:01.437 [JavaFX Application Thread] DEBUG PrimaryStageWindow   - Creating a JavaFX scene
09:32:01.490 [JavaFX Application Thread] DEBUG PrimaryStageWindow   - Target settings size: 800.0 x 600.0
09:32:01.491 [JavaFX Application Thread] DEBUG PrimaryStageWindow   - Scaled scene size:    800.0 x 600.0
09:32:01.491 [JavaFX Application Thread] DEBUG PrimaryStageWindow   - Scaled ratio: (1.0, 1.0)
09:32:01.492 [JavaFX Application Thread] DEBUG PrimaryStageWindow   - Set initial scene to FXGLStartupScene
09:32:01.496 [JavaFX Application Thread] DEBUG PrimaryStageWindow   - Opening main window
09:32:01.604 [JavaFX Application Thread] DEBUG PrimaryStageWindow   - Window border size: (14.4000244140625, 37.5999755859375)
09:32:01.604 [JavaFX Application Thread] DEBUG PrimaryStageWindow   - Scaled size: 800.0 x 600.0
09:32:01.605 [JavaFX Application Thread] DEBUG PrimaryStageWindow   - Scaled ratio: (1.0, 1.0)
09:32:01.607 [JavaFX Application Thread] DEBUG PrimaryStageWindow   - Scene size: 800.0 x 600.0
09:32:01.607 [JavaFX Application Thread] DEBUG PrimaryStageWindow   - Stage size: 814.4000244140625 x 637.5999755859375
09:32:01.620 [FXGL Background Thread 1 ] DEBUG Engine               - Initializing environment variables
09:32:01.718 [FXGL Background Thread 1 ] DEBUG FXGLAssetLoaderServi - User app class for loading assets: class com.demo.fxgldemo.demoCuboApp
09:32:01.718 [FXGL Background Thread 1 ] DEBUG GameApplicationServi - Applying CSS: fxgl_dark.css
09:32:01.720 [FXGL Background Thread 1 ] DEBUG FXGLAssetLoaderServi - Loading from file system: jar:file:///C:/Users/Usuario/.m2/repository/com/github/almasb/fxgl/17.2/fxgl-17.2.jar!/fxglassets/ui/css/fxgl_dark.css
09:32:01.778 [FXGL Background Thread 1 ] DEBUG GameApplicationServi - Initializing application scenes
09:32:01.834 [FXGL Background Thread 1 ] DEBUG GameWorld            - Game world initialized
09:32:01.926 [FXGL Background Thread 1 ] DEBUG PhysicsWorld         - Physics world initialized: appHeight=600, physics.ppm=50,0
09:32:01.927 [FXGL Background Thread 1 ] DEBUG PhysicsWorld         - Using strategy: BRUTE_FORCE
09:32:01.932 [FXGL Background Thread 1 ] DEBUG GameScene            - Game scene initialized: 800x600
09:32:01.947 [FXGL Background Thread 1 ] DEBUG FXGL.DefaultMenu     - createMenuBodyGameMenu()
09:32:01.964 [FXGL Background Thread 1 ] DEBUG FXGL.DefaultMenu     - createOptionsMenu()
09:32:01.975 [FXGL Background Thread 1 ] DEBUG FXGLAssetLoaderServi - Loading from file system: jar:file:///C:/Users/Usuario/.m2/repository/com/github/almasb/fxgl/17.2/fxgl-17.2.jar!/fxglassets/textures/particles/smoke.png
09:32:02.077 [FXGL Background Thread 1 ] DEBUG FXGLAssetLoaderServi - Loading from file system: jar:file:///C:/Users/Usuario/.m2/repository/com/github/almasb/fxgl/17.2/fxgl-17.2.jar!/fxglassets/textures/particles/trace_horizontal.png
09:32:02.104 [FXGL Background Thread 1 ] DEBUG GameApplicationServi - Application scenes initialized
09:32:02.116 [FXGL Background Thread 1 ] DEBUG SystemBundleService  - Loading FXGL system data
09:32:02.119 [FXGL Background Thread 1 ] DEBUG FileSystemAccess     - Reading from: F:\Proyectos javafx\javafxgl\fxgl-demo\system\fxgl.bundle
09:32:02.131 [FXGL Background Thread 1 ] DEBUG SystemBundleService  - Bundle FXGL: {}
09:32:02.131 [FXGL Background Thread 1 ] DEBUG UpdaterService       - Checking for updates
09:32:02.136 [FXGL Background Thread 4 ] DEBUG FXGLApplication      - Loading fonts
09:32:02.137 [FXGL Background Thread 4 ] DEBUG FXGLAssetLoaderServi - Loading from file system: jar:file:///C:/Users/Usuario/.m2/repository/com/github/almasb/fxgl/17.2/fxgl-17.2.jar!/fxglassets/ui/fonts/VarelaRound-Regular.ttf
09:32:02.137 [FXGL Background Thread 1 ] DEBUG FXGLApplication      - Loading default localization
09:32:02.138 [FXGL Background Thread 1 ] DEBUG FXGLAssetLoaderServi - Loading from file system: jar:file:///C:/Users/Usuario/.m2/repository/com/github/almasb/fxgl/17.2/fxgl-17.2.jar!/fxglassets/languages/english.lang
09:32:02.172 [FXGL Background Thread 1 ] INFO  FXGLApplication      - FXGL initialization took: 0,552 sec
09:32:02.172 [FXGL Background Thread 4 ] DEBUG FXGLAssetLoaderServi - Loading from file system: jar:file:///C:/Users/Usuario/.m2/repository/com/github/almasb/fxgl/17.2/fxgl-17.2.jar!/fxglassets/ui/fonts/Abel-Regular.ttf
09:32:02.183 [FXGL Background Thread 4 ] DEBUG FXGLAssetLoaderServi - Loading from file system: jar:file:///C:/Users/Usuario/.m2/repository/com/github/almasb/fxgl/17.2/fxgl-17.2.jar!/fxglassets/ui/fonts/TerminalLandMono-Regular.otf
09:32:02.188 [JavaFX Application Thread] DEBUG Input                - Registered new binding: action0 - A
09:32:02.189 [JavaFX Application Thread] DEBUG Input                - Registered new binding: action1 - D
09:32:02.189 [JavaFX Application Thread] DEBUG Input                - Registered new binding: action2 - W
09:32:02.190 [JavaFX Application Thread] DEBUG Input                - Registered new binding: action3 - S
09:32:02.190 [JavaFX Application Thread] DEBUG Input                - Registered new binding: action4 - J
09:32:02.191 [JavaFX Application Thread] DEBUG Input                - Registered new binding: action5 - L
09:32:02.192 [JavaFX Application Thread] DEBUG Input                - Registered new binding: action6 - I
09:32:02.192 [JavaFX Application Thread] DEBUG Input                - Registered new binding: action7 - K
09:32:02.192 [JavaFX Application Thread] DEBUG FXGLAssetLoaderServi - Loading from file system: jar:file:///C:/Users/Usuario/.m2/repository/com/github/almasb/fxgl/17.2/fxgl-17.2.jar!/fxglassets/textures/fxgl_icon.png
09:32:02.208 [FXGL Background Thread 4 ] DEBUG FXGLAssetLoaderServi - Loading from file system: jar:file:///C:/Users/Usuario/.m2/repository/com/github/almasb/fxgl/17.2/fxgl-17.2.jar!/fxglassets/ui/fonts/Courier-Prime.ttf
09:32:02.213 [JavaFX Application Thread] DEBUG FXGLAssetLoaderServi - Loading from file system: jar:file:///C:/Users/Usuario/.m2/repository/com/github/almasb/fxgl/17.2/fxgl-17.2.jar!/fxglassets/textures/fxgl_default_cursor.png
09:32:02.215 [JavaFX Application Thread] DEBUG Input                - Registered new binding: Screenshot - CTRL+8
09:32:02.216 [JavaFX Application Thread] DEBUG Input                - Registered new binding: System info dump - CTRL+9
09:32:02.216 [JavaFX Application Thread] DEBUG Input                - Registered new binding: Restart - CTRL+R
09:32:02.217 [JavaFX Application Thread] DEBUG Input                - Registered new binding: Toggle Debug Camera - CTRL+7
09:32:02.220 [JavaFX Application Thread] DEBUG LoopRunner           - Starting loop
09:32:02.220 [JavaFX Application Thread] DEBUG LoopRunner           - Initializing JavaFX AnimationTimerLoop
09:32:02.223 [JavaFX Application Thread] DEBUG GameApplicationServi - Starting new game
09:32:02.224 [JavaFX Application Thread] DEBUG Input                - Clearing active input actions
09:32:02.237 [JavaFX Application Thread] DEBUG GameApplicationServi - Removing overlay from FXGLStartupScene and adding to FXGLLoadingScene
09:32:02.238 [JavaFX Application Thread] DEBUG PrimaryStageWindow   - FXGLStartupScene -> FXGLLoadingScene
09:32:02.238 [JavaFX Application Thread] DEBUG GameApplicationServi - Clearing previous game
09:32:02.238 [JavaFX Application Thread] DEBUG GameScene            - Clearing game scene
09:32:02.238 [JavaFX Application Thread] DEBUG GameWorld            - Clearing game world
09:32:02.238 [JavaFX Application Thread] DEBUG PhysicsWorld         - Clearing physics world
09:32:02.239 [JavaFX Application Thread] DEBUG FXGLApplication      - Registering font factories with UI factory
09:32:02.301 [FXGL Background Thread 4 ] INFO  FXGLApplication      - Game initialization took: 0,062 sec
09:32:02.302 [JavaFX Application Thread] DEBUG Input                - Clearing active input actions
09:32:02.310 [JavaFX Application Thread] DEBUG GameApplicationServi - Removing overlay from FXGLLoadingScene and adding to GameScene
09:32:02.310 [JavaFX Application Thread] DEBUG PrimaryStageWindow   - FXGLLoadingScene -> GameScene
09:32:02.644 [FXGL Background Thread 2 ] INFO  UpdaterService       - Your current version:  17.2
09:32:02.644 [FXGL Background Thread 2 ] INFO  UpdaterService       - Latest stable version: 21
09:32:05.002 [JavaFX Application Thread] DEBUG FXGLApplication      - Exiting FXGL
09:32:05.002 [JavaFX Application Thread] DEBUG LoopRunner           - Stopping loop
09:32:05.002 [JavaFX Application Thread] DEBUG SystemBundleService  - Saving FXGL system data
09:32:05.004 [JavaFX Application Thread] DEBUG FileSystemAccess     - Writing to: F:\Proyectos javafx\javafxgl\fxgl-demo\system\fxgl.bundle
09:32:05.006 [JavaFX Application Thread] DEBUG Async                - Shutting down background threads
09:32:05.007 [JavaFX Application Thread] DEBUG PrimaryStageWindow   - Closing main window
09:32:05.022 [JavaFX Application Thread] DEBUG Logger               - Closing Logger
