07:44:32.538 [main                     ] DEBUG Logger               - Configured Logger
07:44:32.576 [main                     ] DEBUG GameApplication      - Logging settings
Title: Demo Fac 1
Version: 0.0
Width: 1280
Height: 720
Fullscreen: false
Intro: false
Profiling: false
Single step:false
App Mode: DEVELOPER
Menu Key: ESCAPE
Stage Style: DECORATED
Scene Factory: class com.almasb.fxgl.app.scene.SceneFactory

07:44:32.901 [JavaFX Application Thread] DEBUG FXGLApplication      - Initializing FXGL
07:44:32.906 [JavaFX Application Thread] INFO  Engine               - FXGL-17.2 (20.08.2022 16.50) on WINDOWS (J:21.0.1 FX:21-ea)
07:44:32.906 [JavaFX Application Thread] DEBUG Engine               - JRE Vendor Name: Oracle Corporation
07:44:32.907 [JavaFX Application Thread] DEBUG Engine               - Running on OS: Windows 10 version 10.0
07:44:32.907 [JavaFX Application Thread] DEBUG Engine               - Architecture: amd64
07:44:32.907 [JavaFX Application Thread] INFO  Engine               - Source code and latest versions at: https://github.com/AlmasB/FXGL
07:44:32.907 [JavaFX Application Thread] INFO  Engine               -       Ask questions and discuss at: https://github.com/AlmasB/FXGL/discussions
07:44:32.908 [JavaFX Application Thread] INFO  Engine               -              Join the FXGL chat at: https://gitter.im/AlmasB/FXGL
07:44:33.004 [JavaFX Application Thread] DEBUG PrimaryStageWindow   - Creating a JavaFX scene
07:44:33.065 [JavaFX Application Thread] DEBUG PrimaryStageWindow   - Target settings size: 1280.0 x 720.0
07:44:33.065 [JavaFX Application Thread] DEBUG PrimaryStageWindow   - Scaled scene size:    1280.0 x 720.0
07:44:33.066 [JavaFX Application Thread] DEBUG PrimaryStageWindow   - Scaled ratio: (1.0, 1.0)
07:44:33.067 [JavaFX Application Thread] DEBUG PrimaryStageWindow   - Set initial scene to FXGLStartupScene
07:44:33.071 [JavaFX Application Thread] DEBUG PrimaryStageWindow   - Opening main window
07:44:33.176 [JavaFX Application Thread] DEBUG PrimaryStageWindow   - Window border size: (14.4000244140625, 37.5999755859375)
07:44:33.177 [JavaFX Application Thread] DEBUG PrimaryStageWindow   - Scaled size: 1280.0 x 720.0
07:44:33.177 [JavaFX Application Thread] DEBUG PrimaryStageWindow   - Scaled ratio: (1.0, 1.0)
07:44:33.177 [JavaFX Application Thread] DEBUG PrimaryStageWindow   - Scene size: 1280.0 x 720.0
07:44:33.178 [JavaFX Application Thread] DEBUG PrimaryStageWindow   - Stage size: 1294.4000244140625 x 757.5999755859375
07:44:33.193 [FXGL Background Thread 1 ] DEBUG Engine               - Initializing environment variables
07:44:33.288 [FXGL Background Thread 1 ] DEBUG FXGLAssetLoaderServi - User app class for loading assets: class com.demo.fxgldemo.demoApp
07:44:33.289 [FXGL Background Thread 1 ] DEBUG GameApplicationServi - Applying CSS: fxgl_dark.css
07:44:33.289 [FXGL Background Thread 1 ] DEBUG FXGLAssetLoaderServi - Loading from file system: jar:file:///C:/Users/Usuario/.m2/repository/com/github/almasb/fxgl/17.2/fxgl-17.2.jar!/fxglassets/ui/css/fxgl_dark.css
07:44:33.345 [FXGL Background Thread 1 ] DEBUG GameApplicationServi - Initializing application scenes
07:44:33.404 [FXGL Background Thread 1 ] DEBUG GameWorld            - Game world initialized
07:44:33.505 [FXGL Background Thread 1 ] DEBUG PhysicsWorld         - Physics world initialized: appHeight=720, physics.ppm=50,0
07:44:33.506 [FXGL Background Thread 1 ] DEBUG PhysicsWorld         - Using strategy: BRUTE_FORCE
07:44:33.512 [FXGL Background Thread 1 ] DEBUG GameScene            - Game scene initialized: 1280x720
07:44:33.525 [FXGL Background Thread 1 ] DEBUG FXGL.DefaultMenu     - createMenuBodyGameMenu()
07:44:33.540 [FXGL Background Thread 1 ] DEBUG FXGL.DefaultMenu     - createOptionsMenu()
07:44:33.553 [FXGL Background Thread 1 ] DEBUG FXGLAssetLoaderServi - Loading from file system: jar:file:///C:/Users/Usuario/.m2/repository/com/github/almasb/fxgl/17.2/fxgl-17.2.jar!/fxglassets/textures/particles/smoke.png
07:44:33.653 [FXGL Background Thread 1 ] DEBUG FXGLAssetLoaderServi - Loading from file system: jar:file:///C:/Users/Usuario/.m2/repository/com/github/almasb/fxgl/17.2/fxgl-17.2.jar!/fxglassets/textures/particles/trace_horizontal.png
07:44:33.679 [FXGL Background Thread 1 ] DEBUG GameApplicationServi - Application scenes initialized
07:44:33.693 [FXGL Background Thread 1 ] DEBUG SystemBundleService  - Loading FXGL system data
07:44:33.697 [FXGL Background Thread 1 ] DEBUG FileSystemAccess     - Reading from: F:\Proyectos javafx\javafxgl\fxgl-demo\system\fxgl.bundle
07:44:33.707 [FXGL Background Thread 1 ] DEBUG SystemBundleService  - Bundle FXGL: {}
07:44:33.707 [FXGL Background Thread 1 ] DEBUG UpdaterService       - Checking for updates
07:44:33.712 [FXGL Background Thread 4 ] DEBUG FXGLApplication      - Loading fonts
07:44:33.712 [FXGL Background Thread 1 ] DEBUG FXGLApplication      - Loading default localization
07:44:33.713 [FXGL Background Thread 4 ] DEBUG FXGLAssetLoaderServi - Loading from file system: jar:file:///C:/Users/Usuario/.m2/repository/com/github/almasb/fxgl/17.2/fxgl-17.2.jar!/fxglassets/ui/fonts/VarelaRound-Regular.ttf
07:44:33.713 [FXGL Background Thread 1 ] DEBUG FXGLAssetLoaderServi - Loading from file system: jar:file:///C:/Users/Usuario/.m2/repository/com/github/almasb/fxgl/17.2/fxgl-17.2.jar!/fxglassets/languages/english.lang
07:44:33.743 [FXGL Background Thread 1 ] INFO  FXGLApplication      - FXGL initialization took: 0,550 sec
07:44:33.754 [FXGL Background Thread 4 ] DEBUG FXGLAssetLoaderServi - Loading from file system: jar:file:///C:/Users/Usuario/.m2/repository/com/github/almasb/fxgl/17.2/fxgl-17.2.jar!/fxglassets/ui/fonts/Abel-Regular.ttf
07:44:33.756 [JavaFX Application Thread] DEBUG Input                - Registered new binding: Left - A
07:44:33.756 [JavaFX Application Thread] DEBUG Input                - Registered new binding: Right - D
07:44:33.757 [JavaFX Application Thread] DEBUG Input                - Registered new binding: Jump - W
07:44:33.757 [JavaFX Application Thread] WARN  FXGLAssetLoaderServi - Asset "/assets/textures/bf-asomado.png" was not found!
07:44:33.758 [JavaFX Application Thread] WARN  FXGLAssetLoaderServi - Failed to load IMAGE
07:44:33.766 [FXGL Background Thread 4 ] DEBUG FXGLAssetLoaderServi - Loading from file system: jar:file:///C:/Users/Usuario/.m2/repository/com/github/almasb/fxgl/17.2/fxgl-17.2.jar!/fxglassets/ui/fonts/TerminalLandMono-Regular.otf
07:44:33.768 [JavaFX Application Thread] DEBUG FXGLAssetLoaderServi - Loading from file system: jar:file:///C:/Users/Usuario/.m2/repository/com/github/almasb/fxgl/17.2/fxgl-17.2.jar!/fxglassets/textures/fxgl_default_cursor.png
07:44:33.774 [JavaFX Application Thread] DEBUG Input                - Registered new binding: Screenshot - CTRL+8
07:44:33.775 [JavaFX Application Thread] DEBUG Input                - Registered new binding: System info dump - CTRL+9
07:44:33.776 [JavaFX Application Thread] DEBUG Input                - Registered new binding: Restart - CTRL+R
07:44:33.777 [JavaFX Application Thread] DEBUG Input                - Registered new binding: Toggle Debug Camera - CTRL+7
07:44:33.777 [FXGL Background Thread 4 ] DEBUG FXGLAssetLoaderServi - Loading from file system: jar:file:///C:/Users/Usuario/.m2/repository/com/github/almasb/fxgl/17.2/fxgl-17.2.jar!/fxglassets/ui/fonts/Courier-Prime.ttf
07:44:33.780 [JavaFX Application Thread] DEBUG LoopRunner           - Starting loop
07:44:33.780 [JavaFX Application Thread] DEBUG LoopRunner           - Initializing JavaFX AnimationTimerLoop
07:44:33.782 [JavaFX Application Thread] DEBUG GameApplicationServi - Starting new game
07:44:33.782 [JavaFX Application Thread] DEBUG Input                - Clearing active input actions
07:44:33.798 [JavaFX Application Thread] DEBUG GameApplicationServi - Removing overlay from FXGLStartupScene and adding to FXGLLoadingScene
07:44:33.799 [JavaFX Application Thread] DEBUG PrimaryStageWindow   - FXGLStartupScene -> FXGLLoadingScene
07:44:33.799 [JavaFX Application Thread] DEBUG GameApplicationServi - Clearing previous game
07:44:33.799 [JavaFX Application Thread] DEBUG GameScene            - Clearing game scene
07:44:33.799 [JavaFX Application Thread] DEBUG GameWorld            - Clearing game world
07:44:33.799 [JavaFX Application Thread] DEBUG PhysicsWorld         - Clearing physics world
07:44:33.801 [FXGL Background Thread 4 ] DEBUG FXGLApplication      - Initializing game
07:44:33.844 [FXGL Background Thread 4 ] WARN  FXGLAssetLoaderServi - Asset "/assets/textures/player.png" was not found!
07:44:33.844 [FXGL Background Thread 4 ] WARN  FXGLAssetLoaderServi - Failed to load IMAGE
07:44:33.864 [JavaFX Application Thread] DEBUG FXGLApplication      - Registering font factories with UI factory
07:44:33.874 [FXGL Background Thread 4 ] INFO  FXGLApplication      - Game initialization took: 0,073 sec
07:44:33.940 [JavaFX Application Thread] DEBUG Input                - Clearing active input actions
07:44:33.952 [JavaFX Application Thread] DEBUG GameApplicationServi - Removing overlay from FXGLLoadingScene and adding to GameScene
07:44:33.952 [JavaFX Application Thread] DEBUG PrimaryStageWindow   - FXGLLoadingScene -> GameScene
07:44:34.173 [FXGL Background Thread 2 ] INFO  UpdaterService       - Your current version:  17.2
07:44:34.173 [FXGL Background Thread 2 ] INFO  UpdaterService       - Latest stable version: 21
07:44:34.817 [JavaFX Application Thread] DEBUG FXGLApplication      - Exiting FXGL
07:44:34.817 [JavaFX Application Thread] DEBUG LoopRunner           - Stopping loop
07:44:34.817 [JavaFX Application Thread] DEBUG SystemBundleService  - Saving FXGL system data
07:44:34.819 [JavaFX Application Thread] DEBUG FileSystemAccess     - Writing to: F:\Proyectos javafx\javafxgl\fxgl-demo\system\fxgl.bundle
07:44:34.821 [JavaFX Application Thread] DEBUG Async                - Shutting down background threads
07:44:34.821 [JavaFX Application Thread] DEBUG PrimaryStageWindow   - Closing main window
07:44:34.841 [JavaFX Application Thread] DEBUG Logger               - Closing Logger
