16:23:47.139 [main                     ] DEBUG Logger               - Configured Logger
16:23:47.166 [main                     ] DEBUG GameApplication      - Logging settings
Title: Probando demoCuboApp
Version: 0.0
Width: 800
Height: 600
Fullscreen: false
Intro: false
Profiling: false
Single step:false
App Mode: DEVELOPER
Menu Key: ESCAPE
Stage Style: DECORATED
Scene Factory: class com.almasb.fxgl.app.scene.SceneFactory

16:23:47.444 [JavaFX Application Thread] DEBUG FXGLApplication      - Initializing FXGL
16:23:47.451 [JavaFX Application Thread] INFO  Engine               - FXGL-17.2 (20.08.2022 16.50) on WINDOWS (J:21.0.1 FX:21-ea)
16:23:47.451 [JavaFX Application Thread] DEBUG Engine               - JRE Vendor Name: Oracle Corporation
16:23:47.452 [JavaFX Application Thread] DEBUG Engine               - Running on OS: Windows 10 version 10.0
16:23:47.452 [JavaFX Application Thread] DEBUG Engine               - Architecture: amd64
16:23:47.452 [JavaFX Application Thread] INFO  Engine               - Source code and latest versions at: https://github.com/AlmasB/FXGL
16:23:47.452 [JavaFX Application Thread] INFO  Engine               -       Ask questions and discuss at: https://github.com/AlmasB/FXGL/discussions
16:23:47.453 [JavaFX Application Thread] INFO  Engine               -              Join the FXGL chat at: https://gitter.im/AlmasB/FXGL
16:23:47.542 [JavaFX Application Thread] DEBUG PrimaryStageWindow   - Creating a JavaFX scene
16:23:47.601 [JavaFX Application Thread] DEBUG PrimaryStageWindow   - Target settings size: 800.0 x 600.0
16:23:47.602 [JavaFX Application Thread] DEBUG PrimaryStageWindow   - Scaled scene size:    800.0 x 600.0
16:23:47.602 [JavaFX Application Thread] DEBUG PrimaryStageWindow   - Scaled ratio: (1.0, 1.0)
16:23:47.603 [JavaFX Application Thread] DEBUG PrimaryStageWindow   - Set initial scene to FXGLStartupScene
16:23:47.607 [JavaFX Application Thread] DEBUG PrimaryStageWindow   - Opening main window
16:23:47.703 [JavaFX Application Thread] DEBUG PrimaryStageWindow   - Window border size: (14.4000244140625, 37.5999755859375)
16:23:47.703 [JavaFX Application Thread] DEBUG PrimaryStageWindow   - Scaled size: 800.0 x 600.0
16:23:47.704 [JavaFX Application Thread] DEBUG PrimaryStageWindow   - Scaled ratio: (1.0, 1.0)
16:23:47.704 [JavaFX Application Thread] DEBUG PrimaryStageWindow   - Scene size: 800.0 x 600.0
16:23:47.705 [JavaFX Application Thread] DEBUG PrimaryStageWindow   - Stage size: 814.4000244140625 x 637.5999755859375
16:23:47.717 [FXGL Background Thread 1 ] DEBUG Engine               - Initializing environment variables
16:23:47.813 [FXGL Background Thread 1 ] DEBUG FXGLAssetLoaderServi - User app class for loading assets: class com.demo.fxgldemo.demoCuboApp
16:23:47.813 [FXGL Background Thread 1 ] DEBUG GameApplicationServi - Applying CSS: fxgl_dark.css
16:23:47.814 [FXGL Background Thread 1 ] DEBUG FXGLAssetLoaderServi - Loading from file system: jar:file:///C:/Users/Usuario/.m2/repository/com/github/almasb/fxgl/17.2/fxgl-17.2.jar!/fxglassets/ui/css/fxgl_dark.css
16:23:47.880 [FXGL Background Thread 1 ] DEBUG GameApplicationServi - Initializing application scenes
16:23:47.930 [FXGL Background Thread 1 ] DEBUG GameWorld            - Game world initialized
16:23:48.024 [FXGL Background Thread 1 ] DEBUG PhysicsWorld         - Physics world initialized: appHeight=600, physics.ppm=50,0
16:23:48.024 [FXGL Background Thread 1 ] DEBUG PhysicsWorld         - Using strategy: BRUTE_FORCE
16:23:48.031 [FXGL Background Thread 1 ] DEBUG GameScene            - Game scene initialized: 800x600
16:23:48.047 [FXGL Background Thread 1 ] DEBUG FXGL.DefaultMenu     - createMenuBodyGameMenu()
16:23:48.063 [FXGL Background Thread 1 ] DEBUG FXGL.DefaultMenu     - createOptionsMenu()
16:23:48.077 [FXGL Background Thread 1 ] DEBUG FXGLAssetLoaderServi - Loading from file system: jar:file:///C:/Users/Usuario/.m2/repository/com/github/almasb/fxgl/17.2/fxgl-17.2.jar!/fxglassets/textures/particles/smoke.png
16:23:48.178 [FXGL Background Thread 1 ] DEBUG FXGLAssetLoaderServi - Loading from file system: jar:file:///C:/Users/Usuario/.m2/repository/com/github/almasb/fxgl/17.2/fxgl-17.2.jar!/fxglassets/textures/particles/trace_horizontal.png
16:23:48.208 [FXGL Background Thread 1 ] DEBUG GameApplicationServi - Application scenes initialized
16:23:48.220 [FXGL Background Thread 1 ] DEBUG SystemBundleService  - Loading FXGL system data
16:23:48.223 [FXGL Background Thread 1 ] DEBUG FileSystemAccess     - Reading from: F:\Proyectos javafx\javafxgl\fxgl-demo\system\fxgl.bundle
16:23:48.233 [FXGL Background Thread 1 ] DEBUG SystemBundleService  - Bundle FXGL: {}
16:23:48.234 [FXGL Background Thread 1 ] DEBUG UpdaterService       - Checking for updates
16:23:48.237 [FXGL Background Thread 4 ] DEBUG FXGLApplication      - Loading fonts
16:23:48.238 [FXGL Background Thread 4 ] DEBUG FXGLAssetLoaderServi - Loading from file system: jar:file:///C:/Users/Usuario/.m2/repository/com/github/almasb/fxgl/17.2/fxgl-17.2.jar!/fxglassets/ui/fonts/VarelaRound-Regular.ttf
16:23:48.238 [FXGL Background Thread 1 ] DEBUG FXGLApplication      - Loading default localization
16:23:48.238 [FXGL Background Thread 1 ] DEBUG FXGLAssetLoaderServi - Loading from file system: jar:file:///C:/Users/Usuario/.m2/repository/com/github/almasb/fxgl/17.2/fxgl-17.2.jar!/fxglassets/languages/english.lang
16:23:48.279 [FXGL Background Thread 4 ] DEBUG FXGLAssetLoaderServi - Loading from file system: jar:file:///C:/Users/Usuario/.m2/repository/com/github/almasb/fxgl/17.2/fxgl-17.2.jar!/fxglassets/ui/fonts/Abel-Regular.ttf
16:23:48.286 [FXGL Background Thread 1 ] INFO  FXGLApplication      - FXGL initialization took: 0,568 sec
16:23:48.291 [FXGL Background Thread 4 ] DEBUG FXGLAssetLoaderServi - Loading from file system: jar:file:///C:/Users/Usuario/.m2/repository/com/github/almasb/fxgl/17.2/fxgl-17.2.jar!/fxglassets/ui/fonts/TerminalLandMono-Regular.otf
16:23:48.298 [JavaFX Application Thread] DEBUG Input                - Registered new binding: action0 - A
16:23:48.299 [JavaFX Application Thread] DEBUG Input                - Registered new binding: action1 - D
16:23:48.299 [JavaFX Application Thread] DEBUG Input                - Registered new binding: action2 - W
16:23:48.300 [JavaFX Application Thread] DEBUG Input                - Registered new binding: action3 - S
16:23:48.300 [JavaFX Application Thread] DEBUG Input                - Registered new binding: action4 - J
16:23:48.301 [JavaFX Application Thread] DEBUG Input                - Registered new binding: action5 - L
16:23:48.301 [FXGL Background Thread 4 ] DEBUG FXGLAssetLoaderServi - Loading from file system: jar:file:///C:/Users/Usuario/.m2/repository/com/github/almasb/fxgl/17.2/fxgl-17.2.jar!/fxglassets/ui/fonts/Courier-Prime.ttf
16:23:48.301 [JavaFX Application Thread] DEBUG Input                - Registered new binding: action6 - I
16:23:48.302 [JavaFX Application Thread] DEBUG Input                - Registered new binding: action7 - K
16:23:48.302 [JavaFX Application Thread] DEBUG FXGLAssetLoaderServi - Loading from file system: jar:file:///C:/Users/Usuario/.m2/repository/com/github/almasb/fxgl/17.2/fxgl-17.2.jar!/fxglassets/textures/fxgl_icon.png
16:23:48.327 [JavaFX Application Thread] DEBUG FXGLAssetLoaderServi - Loading from file system: jar:file:///C:/Users/Usuario/.m2/repository/com/github/almasb/fxgl/17.2/fxgl-17.2.jar!/fxglassets/textures/fxgl_default_cursor.png
16:23:48.330 [JavaFX Application Thread] DEBUG Input                - Registered new binding: Screenshot - CTRL+8
16:23:48.331 [JavaFX Application Thread] DEBUG Input                - Registered new binding: System info dump - CTRL+9
16:23:48.331 [JavaFX Application Thread] DEBUG Input                - Registered new binding: Restart - CTRL+R
16:23:48.333 [JavaFX Application Thread] DEBUG Input                - Registered new binding: Toggle Debug Camera - CTRL+7
16:23:48.335 [JavaFX Application Thread] DEBUG LoopRunner           - Starting loop
16:23:48.336 [JavaFX Application Thread] DEBUG LoopRunner           - Initializing JavaFX AnimationTimerLoop
16:23:48.337 [JavaFX Application Thread] DEBUG GameApplicationServi - Starting new game
16:23:48.337 [JavaFX Application Thread] DEBUG Input                - Clearing active input actions
16:23:48.350 [JavaFX Application Thread] DEBUG GameApplicationServi - Removing overlay from FXGLStartupScene and adding to FXGLLoadingScene
16:23:48.351 [JavaFX Application Thread] DEBUG PrimaryStageWindow   - FXGLStartupScene -> FXGLLoadingScene
16:23:48.351 [JavaFX Application Thread] DEBUG GameApplicationServi - Clearing previous game
16:23:48.351 [JavaFX Application Thread] DEBUG GameScene            - Clearing game scene
16:23:48.351 [JavaFX Application Thread] DEBUG GameWorld            - Clearing game world
16:23:48.351 [JavaFX Application Thread] DEBUG PhysicsWorld         - Clearing physics world
16:23:48.353 [JavaFX Application Thread] DEBUG FXGLApplication      - Registering font factories with UI factory
16:23:48.394 [FXGL Background Thread 4 ] WARN  FXGLAssetLoaderServi - Asset "/assets/textures/sprite_player.png" was not found!
16:23:48.394 [FXGL Background Thread 4 ] WARN  FXGLAssetLoaderServi - Failed to load RESIZABLE_IMAGE
16:23:48.512 [FXGL Background Thread 4 ] INFO  FXGLApplication      - Game initialization took: 0,159 sec
16:23:48.531 [JavaFX Application Thread] DEBUG Input                - Clearing active input actions
16:23:48.538 [JavaFX Application Thread] DEBUG GameApplicationServi - Removing overlay from FXGLLoadingScene and adding to GameScene
16:23:48.538 [JavaFX Application Thread] DEBUG PrimaryStageWindow   - FXGLLoadingScene -> GameScene
16:23:50.114 [JavaFX Application Thread] DEBUG FXGLApplication      - Exiting FXGL
16:23:50.114 [JavaFX Application Thread] DEBUG LoopRunner           - Stopping loop
16:23:50.114 [JavaFX Application Thread] DEBUG SystemBundleService  - Saving FXGL system data
16:23:50.116 [JavaFX Application Thread] DEBUG FileSystemAccess     - Writing to: F:\Proyectos javafx\javafxgl\fxgl-demo\system\fxgl.bundle
16:23:50.118 [JavaFX Application Thread] DEBUG Async                - Shutting down background threads
16:23:50.118 [JavaFX Application Thread] DEBUG PrimaryStageWindow   - Closing main window
16:23:50.137 [JavaFX Application Thread] DEBUG Logger               - Closing Logger
