08:25:54.035 [main                     ] DEBUG Logger               - Configured Logger
08:25:54.067 [main                     ] DEBUG GameApplication      - Logging settings
Title: Probando demoCuboApp
Version: 0.0
Width: 800
Height: 600
Fullscreen: false
Intro: false
Profiling: false
Single step:false
App Mode: DEVELOPER
Menu Key: ESCAPE
Stage Style: DECORATED
Scene Factory: class com.almasb.fxgl.app.scene.SceneFactory

08:25:54.349 [JavaFX Application Thread] DEBUG FXGLApplication      - Initializing FXGL
08:25:54.355 [JavaFX Application Thread] INFO  Engine               - FXGL-17.2 (20.08.2022 16.50) on WINDOWS (J:21.0.1 FX:21-ea)
08:25:54.355 [JavaFX Application Thread] DEBUG Engine               - JRE Vendor Name: Oracle Corporation
08:25:54.356 [JavaFX Application Thread] DEBUG Engine               - Running on OS: Windows 10 version 10.0
08:25:54.356 [JavaFX Application Thread] DEBUG Engine               - Architecture: amd64
08:25:54.356 [JavaFX Application Thread] INFO  Engine               - Source code and latest versions at: https://github.com/AlmasB/FXGL
08:25:54.356 [JavaFX Application Thread] INFO  Engine               -       Ask questions and discuss at: https://github.com/AlmasB/FXGL/discussions
08:25:54.356 [JavaFX Application Thread] INFO  Engine               -              Join the FXGL chat at: https://gitter.im/AlmasB/FXGL
08:25:54.445 [JavaFX Application Thread] DEBUG PrimaryStageWindow   - Creating a JavaFX scene
08:25:54.501 [JavaFX Application Thread] DEBUG PrimaryStageWindow   - Target settings size: 800.0 x 600.0
08:25:54.501 [JavaFX Application Thread] DEBUG PrimaryStageWindow   - Scaled scene size:    800.0 x 600.0
08:25:54.501 [JavaFX Application Thread] DEBUG PrimaryStageWindow   - Scaled ratio: (1.0, 1.0)
08:25:54.502 [JavaFX Application Thread] DEBUG PrimaryStageWindow   - Set initial scene to FXGLStartupScene
08:25:54.506 [JavaFX Application Thread] DEBUG PrimaryStageWindow   - Opening main window
08:25:54.609 [JavaFX Application Thread] DEBUG PrimaryStageWindow   - Window border size: (14.4000244140625, 37.5999755859375)
08:25:54.609 [JavaFX Application Thread] DEBUG PrimaryStageWindow   - Scaled size: 800.0 x 600.0
08:25:54.610 [JavaFX Application Thread] DEBUG PrimaryStageWindow   - Scaled ratio: (1.0, 1.0)
08:25:54.610 [JavaFX Application Thread] DEBUG PrimaryStageWindow   - Scene size: 800.0 x 600.0
08:25:54.610 [JavaFX Application Thread] DEBUG PrimaryStageWindow   - Stage size: 814.4000244140625 x 637.5999755859375
08:25:54.619 [FXGL Background Thread 1 ] DEBUG Engine               - Initializing environment variables
08:25:54.711 [FXGL Background Thread 1 ] DEBUG FXGLAssetLoaderServi - User app class for loading assets: class com.demo.fxgldemo.demoCuboApp
08:25:54.711 [FXGL Background Thread 1 ] DEBUG GameApplicationServi - Applying CSS: fxgl_dark.css
08:25:54.712 [FXGL Background Thread 1 ] DEBUG FXGLAssetLoaderServi - Loading from file system: jar:file:///C:/Users/Usuario/.m2/repository/com/github/almasb/fxgl/17.2/fxgl-17.2.jar!/fxglassets/ui/css/fxgl_dark.css
08:25:54.764 [FXGL Background Thread 1 ] DEBUG GameApplicationServi - Initializing application scenes
08:25:54.814 [FXGL Background Thread 1 ] DEBUG GameWorld            - Game world initialized
08:25:54.899 [FXGL Background Thread 1 ] DEBUG PhysicsWorld         - Physics world initialized: appHeight=600, physics.ppm=50,0
08:25:54.900 [FXGL Background Thread 1 ] DEBUG PhysicsWorld         - Using strategy: BRUTE_FORCE
08:25:54.904 [FXGL Background Thread 1 ] DEBUG GameScene            - Game scene initialized: 800x600
08:25:54.920 [FXGL Background Thread 1 ] DEBUG FXGL.DefaultMenu     - createMenuBodyGameMenu()
08:25:54.936 [FXGL Background Thread 1 ] DEBUG FXGL.DefaultMenu     - createOptionsMenu()
08:25:54.947 [FXGL Background Thread 1 ] DEBUG FXGLAssetLoaderServi - Loading from file system: jar:file:///C:/Users/Usuario/.m2/repository/com/github/almasb/fxgl/17.2/fxgl-17.2.jar!/fxglassets/textures/particles/smoke.png
08:25:55.058 [FXGL Background Thread 1 ] DEBUG FXGLAssetLoaderServi - Loading from file system: jar:file:///C:/Users/Usuario/.m2/repository/com/github/almasb/fxgl/17.2/fxgl-17.2.jar!/fxglassets/textures/particles/trace_horizontal.png
08:25:55.104 [FXGL Background Thread 1 ] DEBUG GameApplicationServi - Application scenes initialized
08:25:55.116 [FXGL Background Thread 1 ] DEBUG SystemBundleService  - Loading FXGL system data
08:25:55.120 [FXGL Background Thread 1 ] DEBUG FileSystemAccess     - Reading from: F:\Proyectos javafx\javafxgl\fxgl-demo\system\fxgl.bundle
08:25:55.132 [FXGL Background Thread 1 ] DEBUG SystemBundleService  - Bundle FXGL: {}
08:25:55.133 [FXGL Background Thread 1 ] DEBUG UpdaterService       - Checking for updates
08:25:55.139 [FXGL Background Thread 4 ] DEBUG FXGLApplication      - Loading fonts
08:25:55.139 [FXGL Background Thread 1 ] DEBUG FXGLApplication      - Loading default localization
08:25:55.140 [FXGL Background Thread 1 ] DEBUG FXGLAssetLoaderServi - Loading from file system: jar:file:///C:/Users/Usuario/.m2/repository/com/github/almasb/fxgl/17.2/fxgl-17.2.jar!/fxglassets/languages/english.lang
08:25:55.173 [FXGL Background Thread 1 ] INFO  FXGLApplication      - FXGL initialization took: 0,553 sec
08:25:55.183 [FXGL Background Thread 4 ] DEBUG FXGLAssetLoaderServi - Loading from file system: jar:file:///C:/Users/Usuario/.m2/repository/com/github/almasb/fxgl/17.2/fxgl-17.2.jar!/fxglassets/ui/fonts/Abel-Regular.ttf
08:25:55.190 [JavaFX Application Thread] DEBUG Input                - Registered new binding: action0 - A
08:25:55.191 [JavaFX Application Thread] DEBUG Input                - Registered new binding: action1 - D
08:25:55.192 [JavaFX Application Thread] DEBUG Input                - Registered new binding: action2 - W
08:25:55.192 [JavaFX Application Thread] DEBUG Input                - Registered new binding: action3 - S
08:25:55.192 [JavaFX Application Thread] DEBUG Input                - Registered new binding: action4 - J
08:25:55.193 [JavaFX Application Thread] DEBUG Input                - Registered new binding: action5 - L
08:25:55.193 [JavaFX Application Thread] DEBUG Input                - Registered new binding: action6 - I
08:25:55.193 [JavaFX Application Thread] DEBUG Input                - Registered new binding: action7 - K
08:25:55.194 [JavaFX Application Thread] DEBUG FXGLAssetLoaderServi - Loading from file system: jar:file:///C:/Users/Usuario/.m2/repository/com/github/almasb/fxgl/17.2/fxgl-17.2.jar!/fxglassets/textures/fxgl_icon.png
08:25:55.196 [FXGL Background Thread 4 ] DEBUG FXGLAssetLoaderServi - Loading from file system: jar:file:///C:/Users/Usuario/.m2/repository/com/github/almasb/fxgl/17.2/fxgl-17.2.jar!/fxglassets/ui/fonts/TerminalLandMono-Regular.otf
08:25:55.207 [FXGL Background Thread 4 ] DEBUG FXGLAssetLoaderServi - Loading from file system: jar:file:///C:/Users/Usuario/.m2/repository/com/github/almasb/fxgl/17.2/fxgl-17.2.jar!/fxglassets/ui/fonts/Courier-Prime.ttf
08:25:55.219 [JavaFX Application Thread] DEBUG FXGLAssetLoaderServi - Loading from file system: jar:file:///C:/Users/Usuario/.m2/repository/com/github/almasb/fxgl/17.2/fxgl-17.2.jar!/fxglassets/textures/fxgl_default_cursor.png
08:25:55.222 [JavaFX Application Thread] DEBUG Input                - Registered new binding: Screenshot - CTRL+8
08:25:55.222 [JavaFX Application Thread] DEBUG Input                - Registered new binding: System info dump - CTRL+9
08:25:55.222 [JavaFX Application Thread] DEBUG Input                - Registered new binding: Restart - CTRL+R
08:25:55.223 [JavaFX Application Thread] DEBUG Input                - Registered new binding: Toggle Debug Camera - CTRL+7
08:25:55.226 [JavaFX Application Thread] DEBUG LoopRunner           - Starting loop
08:25:55.227 [JavaFX Application Thread] DEBUG LoopRunner           - Initializing JavaFX AnimationTimerLoop
08:25:55.229 [JavaFX Application Thread] DEBUG GameApplicationServi - Starting new game
08:25:55.229 [JavaFX Application Thread] DEBUG Input                - Clearing active input actions
08:25:55.243 [JavaFX Application Thread] DEBUG GameApplicationServi - Removing overlay from FXGLStartupScene and adding to FXGLLoadingScene
08:25:55.244 [JavaFX Application Thread] DEBUG PrimaryStageWindow   - FXGLStartupScene -> FXGLLoadingScene
08:25:55.244 [JavaFX Application Thread] DEBUG GameApplicationServi - Clearing previous game
08:25:55.244 [JavaFX Application Thread] DEBUG GameScene            - Clearing game scene
08:25:55.244 [JavaFX Application Thread] DEBUG GameWorld            - Clearing game world
08:25:55.244 [JavaFX Application Thread] DEBUG PhysicsWorld         - Clearing physics world
08:25:55.246 [JavaFX Application Thread] DEBUG FXGLApplication      - Registering font factories with UI factory
08:25:55.246 [FXGL Background Thread 4 ] DEBUG FXGLApplication      - Initializing game
08:25:55.302 [FXGL Background Thread 4 ] INFO  FXGLApplication      - Game initialization took: 0,055 sec
08:25:55.304 [JavaFX Application Thread] DEBUG Input                - Clearing active input actions
08:25:55.312 [JavaFX Application Thread] DEBUG GameApplicationServi - Removing overlay from FXGLLoadingScene and adding to GameScene
08:25:55.312 [JavaFX Application Thread] DEBUG PrimaryStageWindow   - FXGLLoadingScene -> GameScene
08:25:55.631 [FXGL Background Thread 2 ] INFO  UpdaterService       - Your current version:  17.2
08:25:55.631 [FXGL Background Thread 2 ] INFO  UpdaterService       - Latest stable version: 21
08:25:55.927 [JavaFX Application Thread] WARN  GameWorld            - Entity is already attached to world
08:25:56.612 [JavaFX Application Thread] WARN  GameWorld            - Entity is already attached to world
08:25:57.330 [JavaFX Application Thread] WARN  GameWorld            - Entity is already attached to world
08:25:58.068 [JavaFX Application Thread] WARN  GameWorld            - Entity is already attached to world
08:25:58.137 [FXGL Background Thread 3 ] DEBUG Engine               - Logging environment variables
08:25:58.139 [FXGL Background Thread 3 ] DEBUG Engine               - achievements: []
08:25:58.139 [FXGL Background Thread 3 ] DEBUG Engine               - actualHeight: 600.0
08:25:58.139 [FXGL Background Thread 3 ] DEBUG Engine               - actualHeightProperty: ReadOnlyDoubleProperty [value: 600.0]
08:25:58.139 [FXGL Background Thread 3 ] DEBUG Engine               - actualWidth: 800.0
08:25:58.140 [FXGL Background Thread 3 ] DEBUG Engine               - actualWidthProperty: ReadOnlyDoubleProperty [value: 800.0]
08:25:58.140 [FXGL Background Thread 3 ] DEBUG Engine               - appIcon: fxgl_icon.png
08:25:58.140 [FXGL Background Thread 3 ] DEBUG Engine               - applicationMode: DEVELOPER
08:25:58.140 [FXGL Background Thread 3 ] DEBUG Engine               - cSSList: [fxgl_dark.css]
08:25:58.140 [FXGL Background Thread 3 ] DEBUG Engine               - collisionDetectionStrategy: BRUTE_FORCE
08:25:58.140 [FXGL Background Thread 3 ] DEBUG Engine               - configClass: Optional.empty
08:25:58.141 [FXGL Background Thread 3 ] DEBUG Engine               - credits: []
08:25:58.142 [FXGL Background Thread 3 ] DEBUG Engine               - defaultCursor: CursorInfo(imageName=fxgl_default_cursor.png, hotspotX=7.0, hotspotY=6.0)
08:25:58.143 [FXGL Background Thread 3 ] DEBUG Engine               - devBBoxColorProperty: ObjectProperty [value: 0xff0000ff]
08:25:58.143 [FXGL Background Thread 3 ] DEBUG Engine               - devEnableDebugCameraProperty: BooleanProperty [value: false]
08:25:58.144 [FXGL Background Thread 3 ] DEBUG Engine               - devSensorColorProperty: ObjectProperty [value: 0xffff00ff]
08:25:58.144 [FXGL Background Thread 3 ] DEBUG Engine               - devShowBBoxProperty: BooleanProperty [value: false]
08:25:58.144 [FXGL Background Thread 3 ] DEBUG Engine               - devShowPositionProperty: BooleanProperty [value: false]
08:25:58.144 [FXGL Background Thread 3 ] DEBUG Engine               - enabledMenuItems: []
08:25:58.145 [FXGL Background Thread 3 ] DEBUG Engine               - engineServices: [class com.almasb.fxgl.app.services.FXGLAssetLoaderService, class com.almasb.fxgl.app.FXGLApplication$GameApplicationService, class com.almasb.fxgl.app.services.FXGLDialogService, class com.almasb.fxgl.app.services.IOTaskExecutorService, class com.almasb.fxgl.io.FileSystemService, class com.almasb.fxgl.localization.LocalizationService, class com.almasb.fxgl.app.services.SystemBundleService, class com.almasb.fxgl.profile.SaveLoadService, class com.almasb.fxgl.ui.FXGLUIFactoryServiceProvider, class com.almasb.fxgl.ui.FXGLDialogFactoryServiceProvider, class com.almasb.fxgl.audio.AudioPlayer, class com.almasb.fxgl.notification.impl.NotificationServiceProvider, class com.almasb.fxgl.achievement.AchievementService, class com.almasb.fxgl.cutscene.CutsceneService, class com.almasb.fxgl.minigames.MiniGameService, class com.almasb.fxgl.net.NetService, class com.almasb.fxgl.app.services.UpdaterService, class com.almasb.fxgl.dev.DevService]
08:25:58.145 [FXGL Background Thread 3 ] DEBUG Engine               - fontGame: Abel-Regular.ttf
08:25:58.145 [FXGL Background Thread 3 ] DEBUG Engine               - fontMono: TerminalLandMono-Regular.otf
08:25:58.145 [FXGL Background Thread 3 ] DEBUG Engine               - fontText: Courier-Prime.ttf
08:25:58.145 [FXGL Background Thread 3 ] DEBUG Engine               - fontUI: VarelaRound-Regular.ttf
08:25:58.146 [FXGL Background Thread 3 ] DEBUG Engine               - fullScreen: BooleanProperty [value: false]
08:25:58.146 [FXGL Background Thread 3 ] DEBUG Engine               - gameDifficulty: MEDIUM
08:25:58.146 [FXGL Background Thread 3 ] DEBUG Engine               - gameDifficultyProperty: ObjectProperty [value: MEDIUM]
08:25:58.146 [FXGL Background Thread 3 ] DEBUG Engine               - globalMusicVolume: 0.5
08:25:58.146 [FXGL Background Thread 3 ] DEBUG Engine               - globalMusicVolumeProperty: DoubleProperty [value: 0.5]
08:25:58.147 [FXGL Background Thread 3 ] DEBUG Engine               - globalSoundVolume: 0.5
08:25:58.147 [FXGL Background Thread 3 ] DEBUG Engine               - globalSoundVolumeProperty: DoubleProperty [value: 0.5]
08:25:58.147 [FXGL Background Thread 3 ] DEBUG Engine               - height: 600
08:25:58.147 [FXGL Background Thread 3 ] DEBUG Engine               - is3D: false
08:25:58.148 [FXGL Background Thread 3 ] DEBUG Engine               - isAndroid: false
08:25:58.148 [FXGL Background Thread 3 ] DEBUG Engine               - isBrowser: false
08:25:58.148 [FXGL Background Thread 3 ] DEBUG Engine               - isClickFeedbackEnabled: false
08:25:58.148 [FXGL Background Thread 3 ] DEBUG Engine               - isCloseConfirmation: false
08:25:58.148 [FXGL Background Thread 3 ] DEBUG Engine               - isDesktop: true
08:25:58.148 [FXGL Background Thread 3 ] DEBUG Engine               - isDeveloperMenuEnabled: false
08:25:58.149 [FXGL Background Thread 3 ] DEBUG Engine               - isEmbedded: false
08:25:58.149 [FXGL Background Thread 3 ] DEBUG Engine               - isEntityPreloadEnabled: true
08:25:58.149 [FXGL Background Thread 3 ] DEBUG Engine               - isExperimentalTiledLargeMap: false
08:25:58.149 [FXGL Background Thread 3 ] DEBUG Engine               - isFileSystemWriteAllowed: true
08:25:58.149 [FXGL Background Thread 3 ] DEBUG Engine               - isFullScreenAllowed: false
08:25:58.150 [FXGL Background Thread 3 ] DEBUG Engine               - isFullScreenFromStart: false
08:25:58.150 [FXGL Background Thread 3 ] DEBUG Engine               - isGameMenuEnabled: true
08:25:58.150 [FXGL Background Thread 3 ] DEBUG Engine               - isIOS: false
08:25:58.150 [FXGL Background Thread 3 ] DEBUG Engine               - isIntroEnabled: false
08:25:58.151 [FXGL Background Thread 3 ] DEBUG Engine               - isLinux: false
08:25:58.151 [FXGL Background Thread 3 ] DEBUG Engine               - isMac: false
08:25:58.151 [FXGL Background Thread 3 ] DEBUG Engine               - isMainMenuEnabled: false
08:25:58.151 [FXGL Background Thread 3 ] DEBUG Engine               - isManualResizeEnabled: false
08:25:58.151 [FXGL Background Thread 3 ] DEBUG Engine               - isMobile: false
08:25:58.151 [FXGL Background Thread 3 ] DEBUG Engine               - isNative: false
08:25:58.152 [FXGL Background Thread 3 ] DEBUG Engine               - isPauseMusicWhenMinimized: true
08:25:58.152 [FXGL Background Thread 3 ] DEBUG Engine               - isPreserveResizeRatio: false
08:25:58.152 [FXGL Background Thread 3 ] DEBUG Engine               - isProfilingEnabled: false
08:25:58.152 [FXGL Background Thread 3 ] DEBUG Engine               - isScaleAffectedOnResize: true
08:25:58.152 [FXGL Background Thread 3 ] DEBUG Engine               - isSingleStep: false
08:25:58.152 [FXGL Background Thread 3 ] DEBUG Engine               - isUserProfileEnabled: false
08:25:58.153 [FXGL Background Thread 3 ] DEBUG Engine               - isWindows: true
08:25:58.153 [FXGL Background Thread 3 ] DEBUG Engine               - language: ObjectProperty [value: ENGLISH]
08:25:58.153 [FXGL Background Thread 3 ] DEBUG Engine               - menuKey: ESCAPE
08:25:58.153 [FXGL Background Thread 3 ] DEBUG Engine               - mouseSensitivity: 0.2
08:25:58.153 [FXGL Background Thread 3 ] DEBUG Engine               - notificationViewClass: class com.almasb.fxgl.notification.view.XboxNotificationView
08:25:58.153 [FXGL Background Thread 3 ] DEBUG Engine               - pixelsPerMeter: 50.0
08:25:58.154 [FXGL Background Thread 3 ] DEBUG Engine               - platform: WINDOWS
08:25:58.154 [FXGL Background Thread 3 ] DEBUG Engine               - prefHeightProperty: ReadOnlyDoubleProperty [value: 600.0]
08:25:58.154 [FXGL Background Thread 3 ] DEBUG Engine               - prefWidthProperty: ReadOnlyDoubleProperty [value: 800.0]
08:25:58.154 [FXGL Background Thread 3 ] DEBUG Engine               - profileDir: profiles/
08:25:58.154 [FXGL Background Thread 3 ] DEBUG Engine               - profileName: StringProperty [value: DEFAULT]
08:25:58.155 [FXGL Background Thread 3 ] DEBUG Engine               - randomSeed: -1
08:25:58.155 [FXGL Background Thread 3 ] DEBUG Engine               - runtimeInfo: RuntimeInfo(platform=WINDOWS, version=17.2, build=20.08.2022 16.50)
08:25:58.155 [FXGL Background Thread 3 ] DEBUG Engine               - saveFileExt: sav
08:25:58.156 [FXGL Background Thread 3 ] DEBUG Engine               - scaledHeightProp$fxgl: DoubleProperty [bound, value: 600.0]
08:25:58.156 [FXGL Background Thread 3 ] DEBUG Engine               - scaledWidthProp$fxgl: DoubleProperty [bound, value: 800.0]
08:25:58.156 [FXGL Background Thread 3 ] DEBUG Engine               - sceneFactory: com.almasb.fxgl.app.scene.SceneFactory@6a3fd6d
08:25:58.156 [FXGL Background Thread 3 ] DEBUG Engine               - secondsIn24h: 60
08:25:58.156 [FXGL Background Thread 3 ] DEBUG Engine               - soundMenuBack: menu/back.wav
08:25:58.156 [FXGL Background Thread 3 ] DEBUG Engine               - soundMenuPress: menu/press.wav
08:25:58.157 [FXGL Background Thread 3 ] DEBUG Engine               - soundMenuSelect: menu/select.wav
08:25:58.157 [FXGL Background Thread 3 ] DEBUG Engine               - soundNotification: core/notification.wav
08:25:58.157 [FXGL Background Thread 3 ] DEBUG Engine               - stageStyle: DECORATED
08:25:58.157 [FXGL Background Thread 3 ] DEBUG Engine               - supportedLanguages: [ENGLISH, FRENCH, GERMAN, HUNGARIAN, RUSSIAN]
08:25:58.157 [FXGL Background Thread 3 ] DEBUG Engine               - ticksPerSecond: -1
08:25:58.158 [FXGL Background Thread 3 ] DEBUG Engine               - title: Probando demoCuboApp
08:25:58.158 [FXGL Background Thread 3 ] DEBUG Engine               - urlGithub: https://github.com/AlmasB/FXGL
08:25:58.158 [FXGL Background Thread 3 ] DEBUG Engine               - urlLeaderboard: http://fxgl-top.herokuapp.com/
08:25:58.159 [FXGL Background Thread 3 ] DEBUG Engine               - urlPOM: https://raw.githubusercontent.com/AlmasB/FXGL/release/README.md
08:25:58.159 [FXGL Background Thread 3 ] DEBUG Engine               - userAppClass: class com.demo.fxgldemo.demoCuboApp
08:25:58.159 [FXGL Background Thread 3 ] DEBUG Engine               - version: 0.0
08:25:58.160 [FXGL Background Thread 3 ] DEBUG Engine               - versionCheckDays: 7
08:25:58.160 [FXGL Background Thread 3 ] DEBUG Engine               - width: 800
08:25:58.160 [FXGL Background Thread 3 ] DEBUG Engine               - Logging services
08:25:58.160 [FXGL Background Thread 3 ] DEBUG Engine               - class com.almasb.fxgl.app.services.FXGLAssetLoaderService
08:25:58.161 [FXGL Background Thread 3 ] DEBUG Engine               - class com.almasb.fxgl.app.FXGLApplication$GameApplicationService
08:25:58.161 [FXGL Background Thread 3 ] DEBUG Engine               - class com.almasb.fxgl.app.services.FXGLDialogService
08:25:58.161 [FXGL Background Thread 3 ] DEBUG Engine               - class com.almasb.fxgl.app.services.IOTaskExecutorService
08:25:58.161 [FXGL Background Thread 3 ] DEBUG Engine               - class com.almasb.fxgl.io.FileSystemService
08:25:58.162 [FXGL Background Thread 3 ] DEBUG Engine               - class com.almasb.fxgl.localization.LocalizationService
08:25:58.162 [FXGL Background Thread 3 ] DEBUG Engine               - class com.almasb.fxgl.app.services.SystemBundleService
08:25:58.162 [FXGL Background Thread 3 ] DEBUG Engine               - class com.almasb.fxgl.profile.SaveLoadService
08:25:58.162 [FXGL Background Thread 3 ] DEBUG Engine               - class com.almasb.fxgl.ui.FXGLUIFactoryServiceProvider
08:25:58.162 [FXGL Background Thread 3 ] DEBUG Engine               - class com.almasb.fxgl.ui.FXGLDialogFactoryServiceProvider
08:25:58.163 [FXGL Background Thread 3 ] DEBUG Engine               - class com.almasb.fxgl.audio.AudioPlayer
08:25:58.163 [FXGL Background Thread 3 ] DEBUG Engine               - class com.almasb.fxgl.notification.impl.NotificationServiceProvider
08:25:58.163 [FXGL Background Thread 3 ] DEBUG Engine               - class com.almasb.fxgl.achievement.AchievementService
08:25:58.163 [FXGL Background Thread 3 ] DEBUG Engine               - class com.almasb.fxgl.cutscene.CutsceneService
08:25:58.163 [FXGL Background Thread 3 ] DEBUG Engine               - class com.almasb.fxgl.minigames.MiniGameService
08:25:58.163 [FXGL Background Thread 3 ] DEBUG Engine               - class com.almasb.fxgl.net.NetService
08:25:58.163 [FXGL Background Thread 3 ] DEBUG Engine               - class com.almasb.fxgl.app.services.UpdaterService
08:25:58.163 [FXGL Background Thread 3 ] DEBUG Engine               - class com.almasb.fxgl.dev.DevService
08:25:58.802 [JavaFX Application Thread] WARN  GameWorld            - Entity is already attached to world
08:25:59.521 [JavaFX Application Thread] WARN  GameWorld            - Entity is already attached to world
08:26:00.243 [JavaFX Application Thread] WARN  GameWorld            - Entity is already attached to world
08:26:00.947 [JavaFX Application Thread] WARN  GameWorld            - Entity is already attached to world
08:26:01.667 [JavaFX Application Thread] WARN  GameWorld            - Entity is already attached to world
08:26:02.124 [JavaFX Application Thread] DEBUG FXGLApplication      - Exiting FXGL
08:26:02.124 [JavaFX Application Thread] DEBUG LoopRunner           - Stopping loop
08:26:02.124 [JavaFX Application Thread] DEBUG SystemBundleService  - Saving FXGL system data
08:26:02.126 [JavaFX Application Thread] DEBUG FileSystemAccess     - Writing to: F:\Proyectos javafx\javafxgl\fxgl-demo\system\fxgl.bundle
08:26:02.128 [JavaFX Application Thread] DEBUG Async                - Shutting down background threads
08:26:02.128 [JavaFX Application Thread] DEBUG PrimaryStageWindow   - Closing main window
08:26:02.148 [JavaFX Application Thread] DEBUG Logger               - Closing Logger
