16:11:25.218 [main                     ] DEBUG Logger               - Configured Logger
16:11:25.247 [main                     ] DEBUG GameApplication      - Logging settings
Title: Probando demoCuboApp
Version: 0.0
Width: 800
Height: 600
Fullscreen: false
Intro: false
Profiling: false
Single step:false
App Mode: DEVELOPER
Menu Key: ESCAPE
Stage Style: DECORATED
Scene Factory: class com.almasb.fxgl.app.scene.SceneFactory

16:11:25.553 [JavaFX Application Thread] DEBUG FXGLApplication      - Initializing FXGL
16:11:25.558 [JavaFX Application Thread] INFO  Engine               - FXGL-17.2 (20.08.2022 16.50) on WINDOWS (J:21.0.1 FX:21-ea)
16:11:25.558 [JavaFX Application Thread] DEBUG Engine               - JRE Vendor Name: Oracle Corporation
16:11:25.558 [JavaFX Application Thread] DEBUG Engine               - Running on OS: Windows 10 version 10.0
16:11:25.558 [JavaFX Application Thread] DEBUG Engine               - Architecture: amd64
16:11:25.558 [JavaFX Application Thread] INFO  Engine               - Source code and latest versions at: https://github.com/AlmasB/FXGL
16:11:25.559 [JavaFX Application Thread] INFO  Engine               -       Ask questions and discuss at: https://github.com/AlmasB/FXGL/discussions
16:11:25.559 [JavaFX Application Thread] INFO  Engine               -              Join the FXGL chat at: https://gitter.im/AlmasB/FXGL
16:11:25.652 [JavaFX Application Thread] DEBUG PrimaryStageWindow   - Creating a JavaFX scene
16:11:25.702 [JavaFX Application Thread] DEBUG PrimaryStageWindow   - Target settings size: 800.0 x 600.0
16:11:25.702 [JavaFX Application Thread] DEBUG PrimaryStageWindow   - Scaled scene size:    800.0 x 600.0
16:11:25.703 [JavaFX Application Thread] DEBUG PrimaryStageWindow   - Scaled ratio: (1.0, 1.0)
16:11:25.704 [JavaFX Application Thread] DEBUG PrimaryStageWindow   - Set initial scene to FXGLStartupScene
16:11:25.707 [JavaFX Application Thread] DEBUG PrimaryStageWindow   - Opening main window
16:11:25.809 [JavaFX Application Thread] DEBUG PrimaryStageWindow   - Window border size: (14.4000244140625, 37.5999755859375)
16:11:25.810 [JavaFX Application Thread] DEBUG PrimaryStageWindow   - Scaled size: 800.0 x 600.0
16:11:25.811 [JavaFX Application Thread] DEBUG PrimaryStageWindow   - Scaled ratio: (1.0, 1.0)
16:11:25.812 [JavaFX Application Thread] DEBUG PrimaryStageWindow   - Scene size: 800.0 x 600.0
16:11:25.812 [JavaFX Application Thread] DEBUG PrimaryStageWindow   - Stage size: 814.4000244140625 x 637.5999755859375
16:11:25.823 [FXGL Background Thread 1 ] DEBUG Engine               - Initializing environment variables
16:11:25.915 [FXGL Background Thread 1 ] DEBUG FXGLAssetLoaderServi - User app class for loading assets: class com.demo.fxgldemo.demoCuboApp
16:11:25.916 [FXGL Background Thread 1 ] DEBUG GameApplicationServi - Applying CSS: fxgl_dark.css
16:11:25.917 [FXGL Background Thread 1 ] DEBUG FXGLAssetLoaderServi - Loading from file system: jar:file:///C:/Users/Usuario/.m2/repository/com/github/almasb/fxgl/17.2/fxgl-17.2.jar!/fxglassets/ui/css/fxgl_dark.css
16:11:25.983 [FXGL Background Thread 1 ] DEBUG GameApplicationServi - Initializing application scenes
16:11:26.037 [FXGL Background Thread 1 ] DEBUG GameWorld            - Game world initialized
16:11:26.123 [FXGL Background Thread 1 ] DEBUG PhysicsWorld         - Physics world initialized: appHeight=600, physics.ppm=50,0
16:11:26.124 [FXGL Background Thread 1 ] DEBUG PhysicsWorld         - Using strategy: BRUTE_FORCE
16:11:26.131 [FXGL Background Thread 1 ] DEBUG GameScene            - Game scene initialized: 800x600
16:11:26.143 [FXGL Background Thread 1 ] DEBUG FXGL.DefaultMenu     - createMenuBodyGameMenu()
16:11:26.158 [FXGL Background Thread 1 ] DEBUG FXGL.DefaultMenu     - createOptionsMenu()
16:11:26.170 [FXGL Background Thread 1 ] DEBUG FXGLAssetLoaderServi - Loading from file system: jar:file:///C:/Users/Usuario/.m2/repository/com/github/almasb/fxgl/17.2/fxgl-17.2.jar!/fxglassets/textures/particles/smoke.png
16:11:26.267 [FXGL Background Thread 1 ] DEBUG FXGLAssetLoaderServi - Loading from file system: jar:file:///C:/Users/Usuario/.m2/repository/com/github/almasb/fxgl/17.2/fxgl-17.2.jar!/fxglassets/textures/particles/trace_horizontal.png
16:11:26.293 [FXGL Background Thread 1 ] DEBUG GameApplicationServi - Application scenes initialized
16:11:26.306 [FXGL Background Thread 1 ] DEBUG SystemBundleService  - Loading FXGL system data
16:11:26.309 [FXGL Background Thread 1 ] DEBUG FileSystemAccess     - Reading from: F:\Proyectos javafx\javafxgl\fxgl-demo\system\fxgl.bundle
16:11:26.319 [FXGL Background Thread 1 ] DEBUG SystemBundleService  - Bundle FXGL: {}
16:11:26.319 [FXGL Background Thread 1 ] DEBUG UpdaterService       - Checking for updates
16:11:26.323 [FXGL Background Thread 4 ] DEBUG FXGLApplication      - Loading fonts
16:11:26.324 [FXGL Background Thread 1 ] DEBUG FXGLApplication      - Loading default localization
16:11:26.324 [FXGL Background Thread 4 ] DEBUG FXGLAssetLoaderServi - Loading from file system: jar:file:///C:/Users/Usuario/.m2/repository/com/github/almasb/fxgl/17.2/fxgl-17.2.jar!/fxglassets/ui/fonts/VarelaRound-Regular.ttf
16:11:26.324 [FXGL Background Thread 1 ] DEBUG FXGLAssetLoaderServi - Loading from file system: jar:file:///C:/Users/Usuario/.m2/repository/com/github/almasb/fxgl/17.2/fxgl-17.2.jar!/fxglassets/languages/english.lang
16:11:26.357 [FXGL Background Thread 1 ] INFO  FXGLApplication      - FXGL initialization took: 0,534 sec
16:11:26.372 [FXGL Background Thread 4 ] DEBUG FXGLAssetLoaderServi - Loading from file system: jar:file:///C:/Users/Usuario/.m2/repository/com/github/almasb/fxgl/17.2/fxgl-17.2.jar!/fxglassets/ui/fonts/Abel-Regular.ttf
16:11:26.373 [JavaFX Application Thread] DEBUG Input                - Registered new binding: action0 - A
16:11:26.374 [JavaFX Application Thread] DEBUG Input                - Registered new binding: action1 - D
16:11:26.374 [JavaFX Application Thread] DEBUG Input                - Registered new binding: action2 - W
16:11:26.375 [JavaFX Application Thread] DEBUG Input                - Registered new binding: action3 - S
16:11:26.375 [JavaFX Application Thread] DEBUG Input                - Registered new binding: action4 - J
16:11:26.376 [JavaFX Application Thread] DEBUG Input                - Registered new binding: action5 - L
16:11:26.376 [JavaFX Application Thread] DEBUG Input                - Registered new binding: action6 - I
16:11:26.376 [JavaFX Application Thread] DEBUG Input                - Registered new binding: action7 - K
16:11:26.377 [JavaFX Application Thread] DEBUG FXGLAssetLoaderServi - Loading from file system: jar:file:///C:/Users/Usuario/.m2/repository/com/github/almasb/fxgl/17.2/fxgl-17.2.jar!/fxglassets/textures/fxgl_icon.png
16:11:26.384 [FXGL Background Thread 4 ] DEBUG FXGLAssetLoaderServi - Loading from file system: jar:file:///C:/Users/Usuario/.m2/repository/com/github/almasb/fxgl/17.2/fxgl-17.2.jar!/fxglassets/ui/fonts/TerminalLandMono-Regular.otf
16:11:26.393 [FXGL Background Thread 4 ] DEBUG FXGLAssetLoaderServi - Loading from file system: jar:file:///C:/Users/Usuario/.m2/repository/com/github/almasb/fxgl/17.2/fxgl-17.2.jar!/fxglassets/ui/fonts/Courier-Prime.ttf
16:11:26.401 [JavaFX Application Thread] DEBUG FXGLAssetLoaderServi - Loading from file system: jar:file:///C:/Users/Usuario/.m2/repository/com/github/almasb/fxgl/17.2/fxgl-17.2.jar!/fxglassets/textures/fxgl_default_cursor.png
16:11:26.404 [JavaFX Application Thread] DEBUG Input                - Registered new binding: Screenshot - CTRL+8
16:11:26.405 [JavaFX Application Thread] DEBUG Input                - Registered new binding: System info dump - CTRL+9
16:11:26.405 [JavaFX Application Thread] DEBUG Input                - Registered new binding: Restart - CTRL+R
16:11:26.406 [JavaFX Application Thread] DEBUG Input                - Registered new binding: Toggle Debug Camera - CTRL+7
16:11:26.409 [JavaFX Application Thread] DEBUG LoopRunner           - Starting loop
16:11:26.409 [JavaFX Application Thread] DEBUG LoopRunner           - Initializing JavaFX AnimationTimerLoop
16:11:26.410 [JavaFX Application Thread] DEBUG GameApplicationServi - Starting new game
16:11:26.411 [JavaFX Application Thread] DEBUG Input                - Clearing active input actions
16:11:26.424 [JavaFX Application Thread] DEBUG GameApplicationServi - Removing overlay from FXGLStartupScene and adding to FXGLLoadingScene
16:11:26.425 [JavaFX Application Thread] DEBUG PrimaryStageWindow   - FXGLStartupScene -> FXGLLoadingScene
16:11:26.425 [JavaFX Application Thread] DEBUG GameApplicationServi - Clearing previous game
16:11:26.425 [JavaFX Application Thread] DEBUG GameScene            - Clearing game scene
16:11:26.425 [JavaFX Application Thread] DEBUG GameWorld            - Clearing game world
16:11:26.425 [JavaFX Application Thread] DEBUG PhysicsWorld         - Clearing physics world
16:11:26.427 [FXGL Background Thread 4 ] DEBUG FXGLApplication      - Initializing game
16:11:26.427 [JavaFX Application Thread] DEBUG FXGLApplication      - Registering font factories with UI factory
16:11:26.476 [FXGL Background Thread 4 ] WARN  FXGLAssetLoaderServi - Asset "/assets/textures/png-transparent-french-bulldog-pug-bullmastiff-puppy-puppy-mammal-animals-carnivoran-thumbnail.png" was not found!
16:11:26.476 [FXGL Background Thread 4 ] WARN  FXGLAssetLoaderServi - Failed to load IMAGE
16:11:26.581 [FXGL Background Thread 4 ] INFO  FXGLApplication      - Game initialization took: 0,154 sec
16:11:26.604 [JavaFX Application Thread] DEBUG Input                - Clearing active input actions
16:11:26.615 [JavaFX Application Thread] DEBUG GameApplicationServi - Removing overlay from FXGLLoadingScene and adding to GameScene
16:11:26.616 [JavaFX Application Thread] DEBUG PrimaryStageWindow   - FXGLLoadingScene -> GameScene
16:11:29.322 [FXGL Background Thread 3 ] DEBUG Engine               - Logging environment variables
16:11:29.322 [FXGL Background Thread 3 ] DEBUG Engine               - achievements: []
16:11:29.322 [FXGL Background Thread 3 ] DEBUG Engine               - actualHeight: 600.0
16:11:29.322 [FXGL Background Thread 3 ] DEBUG Engine               - actualHeightProperty: ReadOnlyDoubleProperty [value: 600.0]
16:11:29.322 [FXGL Background Thread 3 ] DEBUG Engine               - actualWidth: 800.0
16:11:29.323 [FXGL Background Thread 3 ] DEBUG Engine               - actualWidthProperty: ReadOnlyDoubleProperty [value: 800.0]
16:11:29.323 [FXGL Background Thread 3 ] DEBUG Engine               - appIcon: fxgl_icon.png
16:11:29.323 [FXGL Background Thread 3 ] DEBUG Engine               - applicationMode: DEVELOPER
16:11:29.323 [FXGL Background Thread 3 ] DEBUG Engine               - cSSList: [fxgl_dark.css]
16:11:29.323 [FXGL Background Thread 3 ] DEBUG Engine               - collisionDetectionStrategy: BRUTE_FORCE
16:11:29.323 [FXGL Background Thread 3 ] DEBUG Engine               - configClass: Optional.empty
16:11:29.323 [FXGL Background Thread 3 ] DEBUG Engine               - credits: []
16:11:29.323 [FXGL Background Thread 3 ] DEBUG Engine               - defaultCursor: CursorInfo(imageName=fxgl_default_cursor.png, hotspotX=7.0, hotspotY=6.0)
16:11:29.323 [FXGL Background Thread 3 ] DEBUG Engine               - devBBoxColorProperty: ObjectProperty [value: 0xff0000ff]
16:11:29.324 [FXGL Background Thread 3 ] DEBUG Engine               - devEnableDebugCameraProperty: BooleanProperty [value: false]
16:11:29.324 [FXGL Background Thread 3 ] DEBUG Engine               - devSensorColorProperty: ObjectProperty [value: 0xffff00ff]
16:11:29.324 [FXGL Background Thread 3 ] DEBUG Engine               - devShowBBoxProperty: BooleanProperty [value: false]
16:11:29.324 [FXGL Background Thread 3 ] DEBUG Engine               - devShowPositionProperty: BooleanProperty [value: false]
16:11:29.324 [FXGL Background Thread 3 ] DEBUG Engine               - enabledMenuItems: []
16:11:29.324 [FXGL Background Thread 3 ] DEBUG Engine               - engineServices: [class com.almasb.fxgl.app.services.FXGLAssetLoaderService, class com.almasb.fxgl.app.FXGLApplication$GameApplicationService, class com.almasb.fxgl.app.services.FXGLDialogService, class com.almasb.fxgl.app.services.IOTaskExecutorService, class com.almasb.fxgl.io.FileSystemService, class com.almasb.fxgl.localization.LocalizationService, class com.almasb.fxgl.app.services.SystemBundleService, class com.almasb.fxgl.profile.SaveLoadService, class com.almasb.fxgl.ui.FXGLUIFactoryServiceProvider, class com.almasb.fxgl.ui.FXGLDialogFactoryServiceProvider, class com.almasb.fxgl.audio.AudioPlayer, class com.almasb.fxgl.notification.impl.NotificationServiceProvider, class com.almasb.fxgl.achievement.AchievementService, class com.almasb.fxgl.cutscene.CutsceneService, class com.almasb.fxgl.minigames.MiniGameService, class com.almasb.fxgl.net.NetService, class com.almasb.fxgl.app.services.UpdaterService, class com.almasb.fxgl.dev.DevService]
16:11:29.324 [FXGL Background Thread 3 ] DEBUG Engine               - fontGame: Abel-Regular.ttf
16:11:29.324 [FXGL Background Thread 3 ] DEBUG Engine               - fontMono: TerminalLandMono-Regular.otf
16:11:29.324 [FXGL Background Thread 3 ] DEBUG Engine               - fontText: Courier-Prime.ttf
16:11:29.324 [FXGL Background Thread 3 ] DEBUG Engine               - fontUI: VarelaRound-Regular.ttf
16:11:29.324 [FXGL Background Thread 3 ] DEBUG Engine               - fullScreen: BooleanProperty [value: false]
16:11:29.324 [FXGL Background Thread 3 ] DEBUG Engine               - gameDifficulty: MEDIUM
16:11:29.325 [FXGL Background Thread 3 ] DEBUG Engine               - gameDifficultyProperty: ObjectProperty [value: MEDIUM]
16:11:29.325 [FXGL Background Thread 3 ] DEBUG Engine               - globalMusicVolume: 0.5
16:11:29.325 [FXGL Background Thread 3 ] DEBUG Engine               - globalMusicVolumeProperty: DoubleProperty [value: 0.5]
16:11:29.325 [FXGL Background Thread 3 ] DEBUG Engine               - globalSoundVolume: 0.5
16:11:29.325 [FXGL Background Thread 3 ] DEBUG Engine               - globalSoundVolumeProperty: DoubleProperty [value: 0.5]
16:11:29.325 [FXGL Background Thread 3 ] DEBUG Engine               - height: 600
16:11:29.325 [FXGL Background Thread 3 ] DEBUG Engine               - is3D: false
16:11:29.325 [FXGL Background Thread 3 ] DEBUG Engine               - isAndroid: false
16:11:29.325 [FXGL Background Thread 3 ] DEBUG Engine               - isBrowser: false
16:11:29.325 [FXGL Background Thread 3 ] DEBUG Engine               - isClickFeedbackEnabled: false
16:11:29.325 [FXGL Background Thread 3 ] DEBUG Engine               - isCloseConfirmation: false
16:11:29.325 [FXGL Background Thread 3 ] DEBUG Engine               - isDesktop: true
16:11:29.325 [FXGL Background Thread 3 ] DEBUG Engine               - isDeveloperMenuEnabled: false
16:11:29.325 [FXGL Background Thread 3 ] DEBUG Engine               - isEmbedded: false
16:11:29.326 [FXGL Background Thread 3 ] DEBUG Engine               - isEntityPreloadEnabled: true
16:11:29.326 [FXGL Background Thread 3 ] DEBUG Engine               - isExperimentalTiledLargeMap: false
16:11:29.326 [FXGL Background Thread 3 ] DEBUG Engine               - isFileSystemWriteAllowed: true
16:11:29.326 [FXGL Background Thread 3 ] DEBUG Engine               - isFullScreenAllowed: false
16:11:29.326 [FXGL Background Thread 3 ] DEBUG Engine               - isFullScreenFromStart: false
16:11:29.326 [FXGL Background Thread 3 ] DEBUG Engine               - isGameMenuEnabled: true
16:11:29.326 [FXGL Background Thread 3 ] DEBUG Engine               - isIOS: false
16:11:29.326 [FXGL Background Thread 3 ] DEBUG Engine               - isIntroEnabled: false
16:11:29.326 [FXGL Background Thread 3 ] DEBUG Engine               - isLinux: false
16:11:29.326 [FXGL Background Thread 3 ] DEBUG Engine               - isMac: false
16:11:29.326 [FXGL Background Thread 3 ] DEBUG Engine               - isMainMenuEnabled: false
16:11:29.326 [FXGL Background Thread 3 ] DEBUG Engine               - isManualResizeEnabled: false
16:11:29.326 [FXGL Background Thread 3 ] DEBUG Engine               - isMobile: false
16:11:29.326 [FXGL Background Thread 3 ] DEBUG Engine               - isNative: false
16:11:29.327 [FXGL Background Thread 3 ] DEBUG Engine               - isPauseMusicWhenMinimized: true
16:11:29.327 [FXGL Background Thread 3 ] DEBUG Engine               - isPreserveResizeRatio: false
16:11:29.327 [FXGL Background Thread 3 ] DEBUG Engine               - isProfilingEnabled: false
16:11:29.327 [FXGL Background Thread 3 ] DEBUG Engine               - isScaleAffectedOnResize: true
16:11:29.327 [FXGL Background Thread 3 ] DEBUG Engine               - isSingleStep: false
16:11:29.327 [FXGL Background Thread 3 ] DEBUG Engine               - isUserProfileEnabled: false
16:11:29.327 [FXGL Background Thread 3 ] DEBUG Engine               - isWindows: true
16:11:29.327 [FXGL Background Thread 3 ] DEBUG Engine               - language: ObjectProperty [value: ENGLISH]
16:11:29.327 [FXGL Background Thread 3 ] DEBUG Engine               - menuKey: ESCAPE
16:11:29.328 [FXGL Background Thread 3 ] DEBUG Engine               - mouseSensitivity: 0.2
16:11:29.328 [FXGL Background Thread 3 ] DEBUG Engine               - notificationViewClass: class com.almasb.fxgl.notification.view.XboxNotificationView
16:11:29.328 [FXGL Background Thread 3 ] DEBUG Engine               - pixelsPerMeter: 50.0
16:11:29.328 [FXGL Background Thread 3 ] DEBUG Engine               - platform: WINDOWS
16:11:29.328 [FXGL Background Thread 3 ] DEBUG Engine               - prefHeightProperty: ReadOnlyDoubleProperty [value: 600.0]
16:11:29.328 [FXGL Background Thread 3 ] DEBUG Engine               - prefWidthProperty: ReadOnlyDoubleProperty [value: 800.0]
16:11:29.328 [FXGL Background Thread 3 ] DEBUG Engine               - profileDir: profiles/
16:11:29.328 [FXGL Background Thread 3 ] DEBUG Engine               - profileName: StringProperty [value: DEFAULT]
16:11:29.329 [FXGL Background Thread 3 ] DEBUG Engine               - randomSeed: -1
16:11:29.329 [FXGL Background Thread 3 ] DEBUG Engine               - runtimeInfo: RuntimeInfo(platform=WINDOWS, version=17.2, build=20.08.2022 16.50)
16:11:29.329 [FXGL Background Thread 3 ] DEBUG Engine               - saveFileExt: sav
16:11:29.329 [FXGL Background Thread 3 ] DEBUG Engine               - scaledHeightProp$fxgl: DoubleProperty [bound, value: 600.0]
16:11:29.329 [FXGL Background Thread 3 ] DEBUG Engine               - scaledWidthProp$fxgl: DoubleProperty [bound, value: 800.0]
16:11:29.329 [FXGL Background Thread 3 ] DEBUG Engine               - sceneFactory: com.almasb.fxgl.app.scene.SceneFactory@804bb77
16:11:29.330 [FXGL Background Thread 3 ] DEBUG Engine               - secondsIn24h: 60
16:11:29.330 [FXGL Background Thread 3 ] DEBUG Engine               - soundMenuBack: menu/back.wav
16:11:29.330 [FXGL Background Thread 3 ] DEBUG Engine               - soundMenuPress: menu/press.wav
16:11:29.330 [FXGL Background Thread 3 ] DEBUG Engine               - soundMenuSelect: menu/select.wav
16:11:29.330 [FXGL Background Thread 3 ] DEBUG Engine               - soundNotification: core/notification.wav
16:11:29.330 [FXGL Background Thread 3 ] DEBUG Engine               - stageStyle: DECORATED
16:11:29.330 [FXGL Background Thread 3 ] DEBUG Engine               - supportedLanguages: [ENGLISH, FRENCH, GERMAN, HUNGARIAN, RUSSIAN]
16:11:29.330 [FXGL Background Thread 3 ] DEBUG Engine               - ticksPerSecond: -1
16:11:29.330 [FXGL Background Thread 3 ] DEBUG Engine               - title: Probando demoCuboApp
16:11:29.331 [FXGL Background Thread 3 ] DEBUG Engine               - urlGithub: https://github.com/AlmasB/FXGL
16:11:29.331 [FXGL Background Thread 3 ] DEBUG Engine               - urlLeaderboard: http://fxgl-top.herokuapp.com/
16:11:29.331 [FXGL Background Thread 3 ] DEBUG Engine               - urlPOM: https://raw.githubusercontent.com/AlmasB/FXGL/release/README.md
16:11:29.331 [FXGL Background Thread 3 ] DEBUG Engine               - userAppClass: class com.demo.fxgldemo.demoCuboApp
16:11:29.331 [FXGL Background Thread 3 ] DEBUG Engine               - version: 0.0
16:11:29.331 [FXGL Background Thread 3 ] DEBUG Engine               - versionCheckDays: 7
16:11:29.331 [FXGL Background Thread 3 ] DEBUG Engine               - width: 800
16:11:29.331 [FXGL Background Thread 3 ] DEBUG Engine               - Logging services
16:11:29.331 [FXGL Background Thread 3 ] DEBUG Engine               - class com.almasb.fxgl.app.services.FXGLAssetLoaderService
16:11:29.331 [FXGL Background Thread 3 ] DEBUG Engine               - class com.almasb.fxgl.app.FXGLApplication$GameApplicationService
16:11:29.332 [FXGL Background Thread 3 ] DEBUG Engine               - class com.almasb.fxgl.app.services.FXGLDialogService
16:11:29.332 [FXGL Background Thread 3 ] DEBUG Engine               - class com.almasb.fxgl.app.services.IOTaskExecutorService
16:11:29.332 [FXGL Background Thread 3 ] DEBUG Engine               - class com.almasb.fxgl.io.FileSystemService
16:11:29.332 [FXGL Background Thread 3 ] DEBUG Engine               - class com.almasb.fxgl.localization.LocalizationService
16:11:29.332 [FXGL Background Thread 3 ] DEBUG Engine               - class com.almasb.fxgl.app.services.SystemBundleService
16:11:29.332 [FXGL Background Thread 3 ] DEBUG Engine               - class com.almasb.fxgl.profile.SaveLoadService
16:11:29.332 [FXGL Background Thread 3 ] DEBUG Engine               - class com.almasb.fxgl.ui.FXGLUIFactoryServiceProvider
16:11:29.332 [FXGL Background Thread 3 ] DEBUG Engine               - class com.almasb.fxgl.ui.FXGLDialogFactoryServiceProvider
16:11:29.332 [FXGL Background Thread 3 ] DEBUG Engine               - class com.almasb.fxgl.audio.AudioPlayer
16:11:29.332 [FXGL Background Thread 3 ] DEBUG Engine               - class com.almasb.fxgl.notification.impl.NotificationServiceProvider
16:11:29.332 [FXGL Background Thread 3 ] DEBUG Engine               - class com.almasb.fxgl.achievement.AchievementService
16:11:29.332 [FXGL Background Thread 3 ] DEBUG Engine               - class com.almasb.fxgl.cutscene.CutsceneService
16:11:29.333 [FXGL Background Thread 3 ] DEBUG Engine               - class com.almasb.fxgl.minigames.MiniGameService
16:11:29.333 [FXGL Background Thread 3 ] DEBUG Engine               - class com.almasb.fxgl.net.NetService
16:11:29.333 [FXGL Background Thread 3 ] DEBUG Engine               - class com.almasb.fxgl.app.services.UpdaterService
16:11:29.333 [FXGL Background Thread 3 ] DEBUG Engine               - class com.almasb.fxgl.dev.DevService
16:11:37.450 [JavaFX Application Thread] DEBUG FXGLApplication      - Exiting FXGL
16:11:37.450 [JavaFX Application Thread] DEBUG LoopRunner           - Stopping loop
16:11:37.450 [JavaFX Application Thread] DEBUG SystemBundleService  - Saving FXGL system data
16:11:37.452 [JavaFX Application Thread] DEBUG FileSystemAccess     - Writing to: F:\Proyectos javafx\javafxgl\fxgl-demo\system\fxgl.bundle
16:11:37.454 [JavaFX Application Thread] DEBUG Async                - Shutting down background threads
16:11:37.454 [JavaFX Application Thread] DEBUG PrimaryStageWindow   - Closing main window
16:11:37.472 [JavaFX Application Thread] DEBUG Logger               - Closing Logger
