08:52:55.811 [main                     ] DEBUG Logger               - Configured Logger
08:52:55.838 [main                     ] DEBUG GameApplication      - Logging settings
Title: Probando demoCuboApp
Version: 0.0
Width: 800
Height: 600
Fullscreen: false
Intro: false
Profiling: false
Single step:false
App Mode: DEVELOPER
Menu Key: ESCAPE
Stage Style: DECORATED
Scene Factory: class com.almasb.fxgl.app.scene.SceneFactory

08:52:56.111 [JavaFX Application Thread] DEBUG FXGLApplication      - Initializing FXGL
08:52:56.116 [JavaFX Application Thread] INFO  Engine               - FXGL-17.2 (20.08.2022 16.50) on WINDOWS (J:21.0.1 FX:21-ea)
08:52:56.117 [JavaFX Application Thread] DEBUG Engine               - JRE Vendor Name: Oracle Corporation
08:52:56.117 [JavaFX Application Thread] DEBUG Engine               - Running on OS: Windows 10 version 10.0
08:52:56.117 [JavaFX Application Thread] DEBUG Engine               - Architecture: amd64
08:52:56.117 [JavaFX Application Thread] INFO  Engine               - Source code and latest versions at: https://github.com/AlmasB/FXGL
08:52:56.117 [JavaFX Application Thread] INFO  Engine               -       Ask questions and discuss at: https://github.com/AlmasB/FXGL/discussions
08:52:56.118 [JavaFX Application Thread] INFO  Engine               -              Join the FXGL chat at: https://gitter.im/AlmasB/FXGL
08:52:56.206 [JavaFX Application Thread] DEBUG PrimaryStageWindow   - Creating a JavaFX scene
08:52:56.262 [JavaFX Application Thread] DEBUG PrimaryStageWindow   - Target settings size: 800.0 x 600.0
08:52:56.262 [JavaFX Application Thread] DEBUG PrimaryStageWindow   - Scaled scene size:    800.0 x 600.0
08:52:56.262 [JavaFX Application Thread] DEBUG PrimaryStageWindow   - Scaled ratio: (1.0, 1.0)
08:52:56.263 [JavaFX Application Thread] DEBUG PrimaryStageWindow   - Set initial scene to FXGLStartupScene
08:52:56.266 [JavaFX Application Thread] DEBUG PrimaryStageWindow   - Opening main window
08:52:56.359 [JavaFX Application Thread] DEBUG PrimaryStageWindow   - Window border size: (14.4000244140625, 37.5999755859375)
08:52:56.359 [JavaFX Application Thread] DEBUG PrimaryStageWindow   - Scaled size: 800.0 x 600.0
08:52:56.360 [JavaFX Application Thread] DEBUG PrimaryStageWindow   - Scaled ratio: (1.0, 1.0)
08:52:56.360 [JavaFX Application Thread] DEBUG PrimaryStageWindow   - Scene size: 800.0 x 600.0
08:52:56.360 [JavaFX Application Thread] DEBUG PrimaryStageWindow   - Stage size: 814.4000244140625 x 637.5999755859375
08:52:56.368 [FXGL Background Thread 1 ] DEBUG Engine               - Initializing environment variables
08:52:56.454 [FXGL Background Thread 1 ] DEBUG FXGLAssetLoaderServi - User app class for loading assets: class com.demo.fxgldemo.demoCuboApp
08:52:56.455 [FXGL Background Thread 1 ] DEBUG GameApplicationServi - Applying CSS: fxgl_dark.css
08:52:56.458 [FXGL Background Thread 1 ] DEBUG FXGLAssetLoaderServi - Loading from file system: jar:file:///C:/Users/Usuario/.m2/repository/com/github/almasb/fxgl/17.2/fxgl-17.2.jar!/fxglassets/ui/css/fxgl_dark.css
08:52:56.520 [FXGL Background Thread 1 ] DEBUG GameApplicationServi - Initializing application scenes
08:52:56.567 [FXGL Background Thread 1 ] DEBUG GameWorld            - Game world initialized
08:52:56.657 [FXGL Background Thread 1 ] DEBUG PhysicsWorld         - Physics world initialized: appHeight=600, physics.ppm=50,0
08:52:56.658 [FXGL Background Thread 1 ] DEBUG PhysicsWorld         - Using strategy: BRUTE_FORCE
08:52:56.662 [FXGL Background Thread 1 ] DEBUG GameScene            - Game scene initialized: 800x600
08:52:56.680 [FXGL Background Thread 1 ] DEBUG FXGL.DefaultMenu     - createMenuBodyGameMenu()
08:52:56.698 [FXGL Background Thread 1 ] DEBUG FXGL.DefaultMenu     - createOptionsMenu()
08:52:56.710 [FXGL Background Thread 1 ] DEBUG FXGLAssetLoaderServi - Loading from file system: jar:file:///C:/Users/Usuario/.m2/repository/com/github/almasb/fxgl/17.2/fxgl-17.2.jar!/fxglassets/textures/particles/smoke.png
08:52:56.808 [FXGL Background Thread 1 ] DEBUG FXGLAssetLoaderServi - Loading from file system: jar:file:///C:/Users/Usuario/.m2/repository/com/github/almasb/fxgl/17.2/fxgl-17.2.jar!/fxglassets/textures/particles/trace_horizontal.png
08:52:56.835 [FXGL Background Thread 1 ] DEBUG GameApplicationServi - Application scenes initialized
08:52:56.846 [FXGL Background Thread 1 ] DEBUG SystemBundleService  - Loading FXGL system data
08:52:56.850 [FXGL Background Thread 1 ] DEBUG FileSystemAccess     - Reading from: F:\Proyectos javafx\javafxgl\fxgl-demo\system\fxgl.bundle
08:52:56.860 [FXGL Background Thread 1 ] DEBUG SystemBundleService  - Bundle FXGL: {}
08:52:56.860 [FXGL Background Thread 1 ] DEBUG UpdaterService       - Checking for updates
08:52:56.864 [FXGL Background Thread 4 ] DEBUG FXGLApplication      - Loading fonts
08:52:56.864 [FXGL Background Thread 1 ] DEBUG FXGLApplication      - Loading default localization
08:52:56.864 [FXGL Background Thread 4 ] DEBUG FXGLAssetLoaderServi - Loading from file system: jar:file:///C:/Users/Usuario/.m2/repository/com/github/almasb/fxgl/17.2/fxgl-17.2.jar!/fxglassets/ui/fonts/VarelaRound-Regular.ttf
08:52:56.865 [FXGL Background Thread 1 ] DEBUG FXGLAssetLoaderServi - Loading from file system: jar:file:///C:/Users/Usuario/.m2/repository/com/github/almasb/fxgl/17.2/fxgl-17.2.jar!/fxglassets/languages/english.lang
08:52:56.907 [FXGL Background Thread 4 ] DEBUG FXGLAssetLoaderServi - Loading from file system: jar:file:///C:/Users/Usuario/.m2/repository/com/github/almasb/fxgl/17.2/fxgl-17.2.jar!/fxglassets/ui/fonts/Abel-Regular.ttf
08:52:56.917 [FXGL Background Thread 1 ] INFO  FXGLApplication      - FXGL initialization took: 0,550 sec
08:52:56.927 [FXGL Background Thread 4 ] DEBUG FXGLAssetLoaderServi - Loading from file system: jar:file:///C:/Users/Usuario/.m2/repository/com/github/almasb/fxgl/17.2/fxgl-17.2.jar!/fxglassets/ui/fonts/TerminalLandMono-Regular.otf
08:52:56.937 [JavaFX Application Thread] DEBUG Input                - Registered new binding: action0 - A
08:52:56.937 [FXGL Background Thread 4 ] DEBUG FXGLAssetLoaderServi - Loading from file system: jar:file:///C:/Users/Usuario/.m2/repository/com/github/almasb/fxgl/17.2/fxgl-17.2.jar!/fxglassets/ui/fonts/Courier-Prime.ttf
08:52:56.938 [JavaFX Application Thread] DEBUG Input                - Registered new binding: action1 - D
08:52:56.938 [JavaFX Application Thread] DEBUG Input                - Registered new binding: action2 - W
08:52:56.938 [JavaFX Application Thread] DEBUG Input                - Registered new binding: action3 - S
08:52:56.938 [JavaFX Application Thread] DEBUG Input                - Registered new binding: action4 - J
08:52:56.939 [JavaFX Application Thread] DEBUG Input                - Registered new binding: action5 - L
08:52:56.939 [JavaFX Application Thread] DEBUG Input                - Registered new binding: action6 - I
08:52:56.940 [JavaFX Application Thread] DEBUG Input                - Registered new binding: action7 - K
08:52:56.940 [JavaFX Application Thread] DEBUG FXGLAssetLoaderServi - Loading from file system: jar:file:///C:/Users/Usuario/.m2/repository/com/github/almasb/fxgl/17.2/fxgl-17.2.jar!/fxglassets/textures/fxgl_icon.png
08:52:56.963 [JavaFX Application Thread] DEBUG FXGLAssetLoaderServi - Loading from file system: jar:file:///C:/Users/Usuario/.m2/repository/com/github/almasb/fxgl/17.2/fxgl-17.2.jar!/fxglassets/textures/fxgl_default_cursor.png
08:52:56.966 [JavaFX Application Thread] DEBUG Input                - Registered new binding: Screenshot - CTRL+8
08:52:56.966 [JavaFX Application Thread] DEBUG Input                - Registered new binding: System info dump - CTRL+9
08:52:56.967 [JavaFX Application Thread] DEBUG Input                - Registered new binding: Restart - CTRL+R
08:52:56.969 [JavaFX Application Thread] DEBUG Input                - Registered new binding: Toggle Debug Camera - CTRL+7
08:52:56.973 [JavaFX Application Thread] DEBUG LoopRunner           - Starting loop
08:52:56.973 [JavaFX Application Thread] DEBUG LoopRunner           - Initializing JavaFX AnimationTimerLoop
08:52:56.975 [JavaFX Application Thread] DEBUG GameApplicationServi - Starting new game
08:52:56.975 [JavaFX Application Thread] DEBUG Input                - Clearing active input actions
08:52:56.988 [JavaFX Application Thread] DEBUG GameApplicationServi - Removing overlay from FXGLStartupScene and adding to FXGLLoadingScene
08:52:56.989 [JavaFX Application Thread] DEBUG PrimaryStageWindow   - FXGLStartupScene -> FXGLLoadingScene
08:52:56.989 [JavaFX Application Thread] DEBUG GameApplicationServi - Clearing previous game
08:52:56.989 [JavaFX Application Thread] DEBUG GameScene            - Clearing game scene
08:52:56.989 [JavaFX Application Thread] DEBUG GameWorld            - Clearing game world
08:52:56.989 [JavaFX Application Thread] DEBUG PhysicsWorld         - Clearing physics world
08:52:56.992 [JavaFX Application Thread] DEBUG FXGLApplication      - Registering font factories with UI factory
08:52:57.032 [FXGL Background Thread 4 ] INFO  FXGLApplication      - Game initialization took: 0,040 sec
08:52:57.044 [JavaFX Application Thread] DEBUG Input                - Clearing active input actions
08:52:57.051 [JavaFX Application Thread] DEBUG GameApplicationServi - Removing overlay from FXGLLoadingScene and adding to GameScene
08:52:57.052 [JavaFX Application Thread] DEBUG PrimaryStageWindow   - FXGLLoadingScene -> GameScene
08:52:57.331 [FXGL Background Thread 2 ] INFO  UpdaterService       - Your current version:  17.2
08:52:57.331 [FXGL Background Thread 2 ] INFO  UpdaterService       - Latest stable version: 21
08:52:59.863 [FXGL Background Thread 3 ] DEBUG Engine               - Logging environment variables
08:52:59.864 [FXGL Background Thread 3 ] DEBUG Engine               - achievements: []
08:52:59.864 [FXGL Background Thread 3 ] DEBUG Engine               - actualHeight: 600.0
08:52:59.864 [FXGL Background Thread 3 ] DEBUG Engine               - actualHeightProperty: ReadOnlyDoubleProperty [value: 600.0]
08:52:59.864 [FXGL Background Thread 3 ] DEBUG Engine               - actualWidth: 800.0
08:52:59.864 [FXGL Background Thread 3 ] DEBUG Engine               - actualWidthProperty: ReadOnlyDoubleProperty [value: 800.0]
08:52:59.864 [FXGL Background Thread 3 ] DEBUG Engine               - appIcon: fxgl_icon.png
08:52:59.864 [FXGL Background Thread 3 ] DEBUG Engine               - applicationMode: DEVELOPER
08:52:59.864 [FXGL Background Thread 3 ] DEBUG Engine               - cSSList: [fxgl_dark.css]
08:52:59.864 [FXGL Background Thread 3 ] DEBUG Engine               - collisionDetectionStrategy: BRUTE_FORCE
08:52:59.864 [FXGL Background Thread 3 ] DEBUG Engine               - configClass: Optional.empty
08:52:59.864 [FXGL Background Thread 3 ] DEBUG Engine               - credits: []
08:52:59.865 [FXGL Background Thread 3 ] DEBUG Engine               - defaultCursor: CursorInfo(imageName=fxgl_default_cursor.png, hotspotX=7.0, hotspotY=6.0)
08:52:59.865 [FXGL Background Thread 3 ] DEBUG Engine               - devBBoxColorProperty: ObjectProperty [value: 0xff0000ff]
08:52:59.865 [FXGL Background Thread 3 ] DEBUG Engine               - devEnableDebugCameraProperty: BooleanProperty [value: false]
08:52:59.865 [FXGL Background Thread 3 ] DEBUG Engine               - devSensorColorProperty: ObjectProperty [value: 0xffff00ff]
08:52:59.865 [FXGL Background Thread 3 ] DEBUG Engine               - devShowBBoxProperty: BooleanProperty [value: false]
08:52:59.865 [FXGL Background Thread 3 ] DEBUG Engine               - devShowPositionProperty: BooleanProperty [value: false]
08:52:59.865 [FXGL Background Thread 3 ] DEBUG Engine               - enabledMenuItems: []
08:52:59.865 [FXGL Background Thread 3 ] DEBUG Engine               - engineServices: [class com.almasb.fxgl.app.services.FXGLAssetLoaderService, class com.almasb.fxgl.app.FXGLApplication$GameApplicationService, class com.almasb.fxgl.app.services.FXGLDialogService, class com.almasb.fxgl.app.services.IOTaskExecutorService, class com.almasb.fxgl.io.FileSystemService, class com.almasb.fxgl.localization.LocalizationService, class com.almasb.fxgl.app.services.SystemBundleService, class com.almasb.fxgl.profile.SaveLoadService, class com.almasb.fxgl.ui.FXGLUIFactoryServiceProvider, class com.almasb.fxgl.ui.FXGLDialogFactoryServiceProvider, class com.almasb.fxgl.audio.AudioPlayer, class com.almasb.fxgl.notification.impl.NotificationServiceProvider, class com.almasb.fxgl.achievement.AchievementService, class com.almasb.fxgl.cutscene.CutsceneService, class com.almasb.fxgl.minigames.MiniGameService, class com.almasb.fxgl.net.NetService, class com.almasb.fxgl.app.services.UpdaterService, class com.almasb.fxgl.dev.DevService]
08:52:59.865 [FXGL Background Thread 3 ] DEBUG Engine               - fontGame: Abel-Regular.ttf
08:52:59.865 [FXGL Background Thread 3 ] DEBUG Engine               - fontMono: TerminalLandMono-Regular.otf
08:52:59.865 [FXGL Background Thread 3 ] DEBUG Engine               - fontText: Courier-Prime.ttf
08:52:59.865 [FXGL Background Thread 3 ] DEBUG Engine               - fontUI: VarelaRound-Regular.ttf
08:52:59.866 [FXGL Background Thread 3 ] DEBUG Engine               - fullScreen: BooleanProperty [value: false]
08:52:59.866 [FXGL Background Thread 3 ] DEBUG Engine               - gameDifficulty: MEDIUM
08:52:59.866 [FXGL Background Thread 3 ] DEBUG Engine               - gameDifficultyProperty: ObjectProperty [value: MEDIUM]
08:52:59.866 [FXGL Background Thread 3 ] DEBUG Engine               - globalMusicVolume: 0.5
08:52:59.866 [FXGL Background Thread 3 ] DEBUG Engine               - globalMusicVolumeProperty: DoubleProperty [value: 0.5]
08:52:59.866 [FXGL Background Thread 3 ] DEBUG Engine               - globalSoundVolume: 0.5
08:52:59.866 [FXGL Background Thread 3 ] DEBUG Engine               - globalSoundVolumeProperty: DoubleProperty [value: 0.5]
08:52:59.866 [FXGL Background Thread 3 ] DEBUG Engine               - height: 600
08:52:59.866 [FXGL Background Thread 3 ] DEBUG Engine               - is3D: false
08:52:59.866 [FXGL Background Thread 3 ] DEBUG Engine               - isAndroid: false
08:52:59.866 [FXGL Background Thread 3 ] DEBUG Engine               - isBrowser: false
08:52:59.866 [FXGL Background Thread 3 ] DEBUG Engine               - isClickFeedbackEnabled: false
08:52:59.866 [FXGL Background Thread 3 ] DEBUG Engine               - isCloseConfirmation: false
08:52:59.866 [FXGL Background Thread 3 ] DEBUG Engine               - isDesktop: true
08:52:59.866 [FXGL Background Thread 3 ] DEBUG Engine               - isDeveloperMenuEnabled: false
08:52:59.866 [FXGL Background Thread 3 ] DEBUG Engine               - isEmbedded: false
08:52:59.866 [FXGL Background Thread 3 ] DEBUG Engine               - isEntityPreloadEnabled: true
08:52:59.867 [FXGL Background Thread 3 ] DEBUG Engine               - isExperimentalTiledLargeMap: false
08:52:59.867 [FXGL Background Thread 3 ] DEBUG Engine               - isFileSystemWriteAllowed: true
08:52:59.867 [FXGL Background Thread 3 ] DEBUG Engine               - isFullScreenAllowed: false
08:52:59.867 [FXGL Background Thread 3 ] DEBUG Engine               - isFullScreenFromStart: false
08:52:59.867 [FXGL Background Thread 3 ] DEBUG Engine               - isGameMenuEnabled: true
08:52:59.867 [FXGL Background Thread 3 ] DEBUG Engine               - isIOS: false
08:52:59.867 [FXGL Background Thread 3 ] DEBUG Engine               - isIntroEnabled: false
08:52:59.867 [FXGL Background Thread 3 ] DEBUG Engine               - isLinux: false
08:52:59.867 [FXGL Background Thread 3 ] DEBUG Engine               - isMac: false
08:52:59.867 [FXGL Background Thread 3 ] DEBUG Engine               - isMainMenuEnabled: false
08:52:59.867 [FXGL Background Thread 3 ] DEBUG Engine               - isManualResizeEnabled: false
08:52:59.867 [FXGL Background Thread 3 ] DEBUG Engine               - isMobile: false
08:52:59.867 [FXGL Background Thread 3 ] DEBUG Engine               - isNative: false
08:52:59.867 [FXGL Background Thread 3 ] DEBUG Engine               - isPauseMusicWhenMinimized: true
08:52:59.867 [FXGL Background Thread 3 ] DEBUG Engine               - isPreserveResizeRatio: false
08:52:59.868 [FXGL Background Thread 3 ] DEBUG Engine               - isProfilingEnabled: false
08:52:59.868 [FXGL Background Thread 3 ] DEBUG Engine               - isScaleAffectedOnResize: true
08:52:59.868 [FXGL Background Thread 3 ] DEBUG Engine               - isSingleStep: false
08:52:59.868 [FXGL Background Thread 3 ] DEBUG Engine               - isUserProfileEnabled: false
08:52:59.868 [FXGL Background Thread 3 ] DEBUG Engine               - isWindows: true
08:52:59.868 [FXGL Background Thread 3 ] DEBUG Engine               - language: ObjectProperty [value: ENGLISH]
08:52:59.868 [FXGL Background Thread 3 ] DEBUG Engine               - menuKey: ESCAPE
08:52:59.868 [FXGL Background Thread 3 ] DEBUG Engine               - mouseSensitivity: 0.2
08:52:59.868 [FXGL Background Thread 3 ] DEBUG Engine               - notificationViewClass: class com.almasb.fxgl.notification.view.XboxNotificationView
08:52:59.868 [FXGL Background Thread 3 ] DEBUG Engine               - pixelsPerMeter: 50.0
08:52:59.868 [FXGL Background Thread 3 ] DEBUG Engine               - platform: WINDOWS
08:52:59.868 [FXGL Background Thread 3 ] DEBUG Engine               - prefHeightProperty: ReadOnlyDoubleProperty [value: 600.0]
08:52:59.868 [FXGL Background Thread 3 ] DEBUG Engine               - prefWidthProperty: ReadOnlyDoubleProperty [value: 800.0]
08:52:59.868 [FXGL Background Thread 3 ] DEBUG Engine               - profileDir: profiles/
08:52:59.868 [FXGL Background Thread 3 ] DEBUG Engine               - profileName: StringProperty [value: DEFAULT]
08:52:59.868 [FXGL Background Thread 3 ] DEBUG Engine               - randomSeed: -1
08:52:59.869 [FXGL Background Thread 3 ] DEBUG Engine               - runtimeInfo: RuntimeInfo(platform=WINDOWS, version=17.2, build=20.08.2022 16.50)
08:52:59.869 [FXGL Background Thread 3 ] DEBUG Engine               - saveFileExt: sav
08:52:59.869 [FXGL Background Thread 3 ] DEBUG Engine               - scaledHeightProp$fxgl: DoubleProperty [bound, value: 600.0]
08:52:59.869 [FXGL Background Thread 3 ] DEBUG Engine               - scaledWidthProp$fxgl: DoubleProperty [bound, value: 800.0]
08:52:59.869 [FXGL Background Thread 3 ] DEBUG Engine               - sceneFactory: com.almasb.fxgl.app.scene.SceneFactory@72d728e1
08:52:59.869 [FXGL Background Thread 3 ] DEBUG Engine               - secondsIn24h: 60
08:52:59.869 [FXGL Background Thread 3 ] DEBUG Engine               - soundMenuBack: menu/back.wav
08:52:59.869 [FXGL Background Thread 3 ] DEBUG Engine               - soundMenuPress: menu/press.wav
08:52:59.869 [FXGL Background Thread 3 ] DEBUG Engine               - soundMenuSelect: menu/select.wav
08:52:59.869 [FXGL Background Thread 3 ] DEBUG Engine               - soundNotification: core/notification.wav
08:52:59.869 [FXGL Background Thread 3 ] DEBUG Engine               - stageStyle: DECORATED
08:52:59.869 [FXGL Background Thread 3 ] DEBUG Engine               - supportedLanguages: [ENGLISH, FRENCH, GERMAN, HUNGARIAN, RUSSIAN]
08:52:59.869 [FXGL Background Thread 3 ] DEBUG Engine               - ticksPerSecond: -1
08:52:59.869 [FXGL Background Thread 3 ] DEBUG Engine               - title: Probando demoCuboApp
08:52:59.869 [FXGL Background Thread 3 ] DEBUG Engine               - urlGithub: https://github.com/AlmasB/FXGL
08:52:59.869 [FXGL Background Thread 3 ] DEBUG Engine               - urlLeaderboard: http://fxgl-top.herokuapp.com/
08:52:59.869 [FXGL Background Thread 3 ] DEBUG Engine               - urlPOM: https://raw.githubusercontent.com/AlmasB/FXGL/release/README.md
08:52:59.869 [FXGL Background Thread 3 ] DEBUG Engine               - userAppClass: class com.demo.fxgldemo.demoCuboApp
08:52:59.870 [FXGL Background Thread 3 ] DEBUG Engine               - version: 0.0
08:52:59.870 [FXGL Background Thread 3 ] DEBUG Engine               - versionCheckDays: 7
08:52:59.870 [FXGL Background Thread 3 ] DEBUG Engine               - width: 800
08:52:59.870 [FXGL Background Thread 3 ] DEBUG Engine               - Logging services
08:52:59.870 [FXGL Background Thread 3 ] DEBUG Engine               - class com.almasb.fxgl.app.services.FXGLAssetLoaderService
08:52:59.870 [FXGL Background Thread 3 ] DEBUG Engine               - class com.almasb.fxgl.app.FXGLApplication$GameApplicationService
08:52:59.870 [FXGL Background Thread 3 ] DEBUG Engine               - class com.almasb.fxgl.app.services.FXGLDialogService
08:52:59.870 [FXGL Background Thread 3 ] DEBUG Engine               - class com.almasb.fxgl.app.services.IOTaskExecutorService
08:52:59.870 [FXGL Background Thread 3 ] DEBUG Engine               - class com.almasb.fxgl.io.FileSystemService
08:52:59.870 [FXGL Background Thread 3 ] DEBUG Engine               - class com.almasb.fxgl.localization.LocalizationService
08:52:59.870 [FXGL Background Thread 3 ] DEBUG Engine               - class com.almasb.fxgl.app.services.SystemBundleService
08:52:59.870 [FXGL Background Thread 3 ] DEBUG Engine               - class com.almasb.fxgl.profile.SaveLoadService
08:52:59.870 [FXGL Background Thread 3 ] DEBUG Engine               - class com.almasb.fxgl.ui.FXGLUIFactoryServiceProvider
08:52:59.871 [FXGL Background Thread 3 ] DEBUG Engine               - class com.almasb.fxgl.ui.FXGLDialogFactoryServiceProvider
08:52:59.871 [FXGL Background Thread 3 ] DEBUG Engine               - class com.almasb.fxgl.audio.AudioPlayer
08:52:59.871 [FXGL Background Thread 3 ] DEBUG Engine               - class com.almasb.fxgl.notification.impl.NotificationServiceProvider
08:52:59.871 [FXGL Background Thread 3 ] DEBUG Engine               - class com.almasb.fxgl.achievement.AchievementService
08:52:59.871 [FXGL Background Thread 3 ] DEBUG Engine               - class com.almasb.fxgl.cutscene.CutsceneService
08:52:59.871 [FXGL Background Thread 3 ] DEBUG Engine               - class com.almasb.fxgl.minigames.MiniGameService
08:52:59.871 [FXGL Background Thread 3 ] DEBUG Engine               - class com.almasb.fxgl.net.NetService
08:52:59.871 [FXGL Background Thread 3 ] DEBUG Engine               - class com.almasb.fxgl.app.services.UpdaterService
08:52:59.871 [FXGL Background Thread 3 ] DEBUG Engine               - class com.almasb.fxgl.dev.DevService
08:53:11.021 [JavaFX Application Thread] DEBUG FXGLApplication      - Exiting FXGL
08:53:11.022 [JavaFX Application Thread] DEBUG LoopRunner           - Stopping loop
08:53:11.022 [JavaFX Application Thread] DEBUG SystemBundleService  - Saving FXGL system data
08:53:11.024 [JavaFX Application Thread] DEBUG FileSystemAccess     - Writing to: F:\Proyectos javafx\javafxgl\fxgl-demo\system\fxgl.bundle
08:53:11.026 [JavaFX Application Thread] DEBUG Async                - Shutting down background threads
08:53:11.026 [JavaFX Application Thread] DEBUG PrimaryStageWindow   - Closing main window
08:53:11.047 [JavaFX Application Thread] DEBUG Logger               - Closing Logger
