18:50:53.366 [main                     ] DEBUG Logger               - Configured Logger
18:50:53.390 [main                     ] DEBUG GameApplication      - Logging settings
Title: Demo Fac 1
Version: 0.0
Width: 1280
Height: 720
Fullscreen: false
Intro: false
Profiling: false
Single step:false
App Mode: DEVELOPER
Menu Key: ESCAPE
Stage Style: DECORATED
Scene Factory: class com.almasb.fxgl.app.scene.SceneFactory

18:50:53.897 [JavaFX Application Thread] DEBUG FXGLApplication      - Initializing FXGL
18:50:53.905 [JavaFX Application Thread] INFO  Engine               - FXGL-17.2 (20.08.2022 16.50) on WINDOWS (J:21.0.1 FX:21-ea)
18:50:53.906 [JavaFX Application Thread] DEBUG Engine               - JRE Vendor Name: Oracle Corporation
18:50:53.906 [JavaFX Application Thread] DEBUG Engine               - Running on OS: Windows 10 version 10.0
18:50:53.906 [JavaFX Application Thread] DEBUG Engine               - Architecture: amd64
18:50:53.906 [JavaFX Application Thread] INFO  Engine               - Source code and latest versions at: https://github.com/AlmasB/FXGL
18:50:53.906 [JavaFX Application Thread] INFO  Engine               -       Ask questions and discuss at: https://github.com/AlmasB/FXGL/discussions
18:50:53.906 [JavaFX Application Thread] INFO  Engine               -              Join the FXGL chat at: https://gitter.im/AlmasB/FXGL
18:50:54.023 [JavaFX Application Thread] DEBUG PrimaryStageWindow   - Creating a JavaFX scene
18:50:54.081 [JavaFX Application Thread] DEBUG PrimaryStageWindow   - Target settings size: 1280.0 x 720.0
18:50:54.081 [JavaFX Application Thread] DEBUG PrimaryStageWindow   - Scaled scene size:    1280.0 x 720.0
18:50:54.081 [JavaFX Application Thread] DEBUG PrimaryStageWindow   - Scaled ratio: (1.0, 1.0)
18:50:54.082 [JavaFX Application Thread] DEBUG PrimaryStageWindow   - Set initial scene to FXGLStartupScene
18:50:54.085 [JavaFX Application Thread] DEBUG PrimaryStageWindow   - Opening main window
18:50:54.193 [JavaFX Application Thread] DEBUG PrimaryStageWindow   - Window border size: (14.4000244140625, 37.5999755859375)
18:50:54.194 [JavaFX Application Thread] DEBUG PrimaryStageWindow   - Scaled size: 1280.0 x 720.0
18:50:54.194 [JavaFX Application Thread] DEBUG PrimaryStageWindow   - Scaled ratio: (1.0, 1.0)
18:50:54.194 [JavaFX Application Thread] DEBUG PrimaryStageWindow   - Scene size: 1280.0 x 720.0
18:50:54.194 [JavaFX Application Thread] DEBUG PrimaryStageWindow   - Stage size: 1294.4000244140625 x 757.5999755859375
18:50:54.205 [FXGL Background Thread 1 ] DEBUG Engine               - Initializing environment variables
18:50:54.290 [FXGL Background Thread 1 ] DEBUG FXGLAssetLoaderServi - User app class for loading assets: class com.demo.fxgldemo.demoApp
18:50:54.290 [FXGL Background Thread 1 ] DEBUG GameApplicationServi - Applying CSS: fxgl_dark.css
18:50:54.290 [FXGL Background Thread 1 ] DEBUG FXGLAssetLoaderServi - Loading from file system: jar:file:///C:/Users/Usuario/.m2/repository/com/github/almasb/fxgl/17.2/fxgl-17.2.jar!/fxglassets/ui/css/fxgl_dark.css
18:50:54.336 [FXGL Background Thread 1 ] DEBUG GameApplicationServi - Initializing application scenes
18:50:54.382 [FXGL Background Thread 1 ] DEBUG GameWorld            - Game world initialized
18:50:54.461 [FXGL Background Thread 1 ] DEBUG PhysicsWorld         - Physics world initialized: appHeight=720, physics.ppm=50,0
18:50:54.461 [FXGL Background Thread 1 ] DEBUG PhysicsWorld         - Using strategy: BRUTE_FORCE
18:50:54.467 [FXGL Background Thread 1 ] DEBUG GameScene            - Game scene initialized: 1280x720
18:50:54.480 [FXGL Background Thread 1 ] DEBUG FXGL.DefaultMenu     - createMenuBodyMainMenu()
18:50:54.496 [FXGL Background Thread 1 ] DEBUG FXGL.DefaultMenu     - createOptionsMenu()
18:50:54.506 [FXGL Background Thread 1 ] DEBUG FXGLAssetLoaderServi - Loading from file system: jar:file:///C:/Users/Usuario/.m2/repository/com/github/almasb/fxgl/17.2/fxgl-17.2.jar!/fxglassets/textures/particles/smoke.png
18:50:54.626 [FXGL Background Thread 1 ] DEBUG FXGLAssetLoaderServi - Loading from file system: jar:file:///C:/Users/Usuario/.m2/repository/com/github/almasb/fxgl/17.2/fxgl-17.2.jar!/fxglassets/textures/particles/trace_horizontal.png
18:50:54.656 [FXGL Background Thread 1 ] DEBUG FXGL.DefaultMenu     - createMenuBodyGameMenu()
18:50:54.657 [FXGL Background Thread 1 ] DEBUG FXGL.DefaultMenu     - createOptionsMenu()
18:50:54.670 [FXGL Background Thread 1 ] DEBUG GameApplicationServi - Application scenes initialized
18:50:54.682 [FXGL Background Thread 1 ] DEBUG SystemBundleService  - Loading FXGL system data
18:50:54.687 [FXGL Background Thread 1 ] DEBUG FileSystemAccess     - Reading from: F:\Proyectos javafx\javafxgl\fxgl-demo\system\fxgl.bundle
18:50:54.700 [FXGL Background Thread 1 ] DEBUG SystemBundleService  - Bundle FXGL: {}
18:50:54.700 [FXGL Background Thread 1 ] DEBUG UpdaterService       - Checking for updates
18:50:54.706 [FXGL Background Thread 4 ] DEBUG FXGLApplication      - Loading fonts
18:50:54.707 [FXGL Background Thread 4 ] DEBUG FXGLAssetLoaderServi - Loading from file system: jar:file:///C:/Users/Usuario/.m2/repository/com/github/almasb/fxgl/17.2/fxgl-17.2.jar!/fxglassets/ui/fonts/VarelaRound-Regular.ttf
18:50:54.707 [FXGL Background Thread 1 ] DEBUG FXGLApplication      - Loading default localization
18:50:54.708 [FXGL Background Thread 1 ] DEBUG FXGLAssetLoaderServi - Loading from file system: jar:file:///C:/Users/Usuario/.m2/repository/com/github/almasb/fxgl/17.2/fxgl-17.2.jar!/fxglassets/languages/english.lang
18:50:54.747 [FXGL Background Thread 4 ] DEBUG FXGLAssetLoaderServi - Loading from file system: jar:file:///C:/Users/Usuario/.m2/repository/com/github/almasb/fxgl/17.2/fxgl-17.2.jar!/fxglassets/ui/fonts/Abel-Regular.ttf
18:50:54.750 [FXGL Background Thread 1 ] INFO  FXGLApplication      - FXGL initialization took: 0,544 sec
18:50:54.751 [JavaFX Application Thread] WARN  FXGLAssetLoaderServi - Asset "/assets/textures/bf-asomado.png" was not found!
18:50:54.751 [JavaFX Application Thread] WARN  FXGLAssetLoaderServi - Failed to load IMAGE
18:50:54.759 [FXGL Background Thread 4 ] DEBUG FXGLAssetLoaderServi - Loading from file system: jar:file:///C:/Users/Usuario/.m2/repository/com/github/almasb/fxgl/17.2/fxgl-17.2.jar!/fxglassets/ui/fonts/TerminalLandMono-Regular.otf
18:50:54.764 [JavaFX Application Thread] DEBUG FXGLAssetLoaderServi - Loading from file system: jar:file:///C:/Users/Usuario/.m2/repository/com/github/almasb/fxgl/17.2/fxgl-17.2.jar!/fxglassets/textures/fxgl_default_cursor.png
18:50:54.774 [FXGL Background Thread 4 ] DEBUG FXGLAssetLoaderServi - Loading from file system: jar:file:///C:/Users/Usuario/.m2/repository/com/github/almasb/fxgl/17.2/fxgl-17.2.jar!/fxglassets/ui/fonts/Courier-Prime.ttf
18:50:54.780 [JavaFX Application Thread] DEBUG Input                - Registered new binding: Screenshot - CTRL+8
18:50:54.780 [JavaFX Application Thread] DEBUG Input                - Registered new binding: System info dump - CTRL+9
18:50:54.781 [JavaFX Application Thread] DEBUG Input                - Registered new binding: Restart - CTRL+R
18:50:54.781 [JavaFX Application Thread] DEBUG Input                - Registered new binding: Toggle Debug Camera - CTRL+7
18:50:54.783 [JavaFX Application Thread] DEBUG LoopRunner           - Starting loop
18:50:54.783 [JavaFX Application Thread] DEBUG LoopRunner           - Initializing JavaFX AnimationTimerLoop
18:50:54.786 [JavaFX Application Thread] DEBUG Input                - Clearing active input actions
18:50:54.794 [JavaFX Application Thread] DEBUG GameApplicationServi - Removing overlay from FXGLStartupScene and adding to FXGLMainMenuDummyScene
18:50:54.794 [JavaFX Application Thread] DEBUG PrimaryStageWindow   - FXGLStartupScene -> FXGLMainMenuDummyScene
18:50:54.794 [JavaFX Application Thread] DEBUG PrimaryStageWindow   - Push state: FXGLDefaultMenu
18:50:54.803 [JavaFX Application Thread] DEBUG Input                - Clearing active input actions
18:50:54.815 [JavaFX Application Thread] DEBUG GameApplicationServi - Removing overlay from FXGLMainMenuDummyScene and adding to FXGLDefaultMenu
18:50:54.815 [JavaFX Application Thread] DEBUG PrimaryStageWindow   - FXGLMainMenuDummyScene -> FXGLDefaultMenu
18:50:54.815 [JavaFX Application Thread] DEBUG FXGLApplication      - Registering font factories with UI factory
18:50:55.608 [FXGL Background Thread 2 ] INFO  UpdaterService       - Your current version:  17.2
18:50:55.608 [FXGL Background Thread 2 ] INFO  UpdaterService       - Latest stable version: 21
18:50:57.705 [FXGL Background Thread 3 ] DEBUG Engine               - Logging environment variables
18:50:57.706 [FXGL Background Thread 3 ] DEBUG Engine               - achievements: []
18:50:57.706 [FXGL Background Thread 3 ] DEBUG Engine               - actualHeight: 720.0
18:50:57.706 [FXGL Background Thread 3 ] DEBUG Engine               - actualHeightProperty: ReadOnlyDoubleProperty [value: 720.0]
18:50:57.706 [FXGL Background Thread 3 ] DEBUG Engine               - actualWidth: 1280.0
18:50:57.706 [FXGL Background Thread 3 ] DEBUG Engine               - actualWidthProperty: ReadOnlyDoubleProperty [value: 1280.0]
18:50:57.706 [FXGL Background Thread 3 ] DEBUG Engine               - appIcon: bf-asomado.png
18:50:57.706 [FXGL Background Thread 3 ] DEBUG Engine               - applicationMode: DEVELOPER
18:50:57.706 [FXGL Background Thread 3 ] DEBUG Engine               - cSSList: [fxgl_dark.css]
18:50:57.706 [FXGL Background Thread 3 ] DEBUG Engine               - collisionDetectionStrategy: BRUTE_FORCE
18:50:57.706 [FXGL Background Thread 3 ] DEBUG Engine               - configClass: Optional.empty
18:50:57.707 [FXGL Background Thread 3 ] DEBUG Engine               - credits: []
18:50:57.707 [FXGL Background Thread 3 ] DEBUG Engine               - defaultCursor: CursorInfo(imageName=fxgl_default_cursor.png, hotspotX=7.0, hotspotY=6.0)
18:50:57.707 [FXGL Background Thread 3 ] DEBUG Engine               - devBBoxColorProperty: ObjectProperty [value: 0xff0000ff]
18:50:57.707 [FXGL Background Thread 3 ] DEBUG Engine               - devEnableDebugCameraProperty: BooleanProperty [value: false]
18:50:57.707 [FXGL Background Thread 3 ] DEBUG Engine               - devSensorColorProperty: ObjectProperty [value: 0xffff00ff]
18:50:57.708 [FXGL Background Thread 3 ] DEBUG Engine               - devShowBBoxProperty: BooleanProperty [value: false]
18:50:57.708 [FXGL Background Thread 3 ] DEBUG Engine               - devShowPositionProperty: BooleanProperty [value: false]
18:50:57.708 [FXGL Background Thread 3 ] DEBUG Engine               - enabledMenuItems: []
18:50:57.708 [FXGL Background Thread 3 ] DEBUG Engine               - engineServices: [class com.almasb.fxgl.app.services.FXGLAssetLoaderService, class com.almasb.fxgl.app.FXGLApplication$GameApplicationService, class com.almasb.fxgl.app.services.FXGLDialogService, class com.almasb.fxgl.app.services.IOTaskExecutorService, class com.almasb.fxgl.io.FileSystemService, class com.almasb.fxgl.localization.LocalizationService, class com.almasb.fxgl.app.services.SystemBundleService, class com.almasb.fxgl.profile.SaveLoadService, class com.almasb.fxgl.ui.FXGLUIFactoryServiceProvider, class com.almasb.fxgl.ui.FXGLDialogFactoryServiceProvider, class com.almasb.fxgl.audio.AudioPlayer, class com.almasb.fxgl.notification.impl.NotificationServiceProvider, class com.almasb.fxgl.achievement.AchievementService, class com.almasb.fxgl.cutscene.CutsceneService, class com.almasb.fxgl.minigames.MiniGameService, class com.almasb.fxgl.net.NetService, class com.almasb.fxgl.app.services.UpdaterService, class com.almasb.fxgl.dev.DevService]
18:50:57.708 [FXGL Background Thread 3 ] DEBUG Engine               - fontGame: Abel-Regular.ttf
18:50:57.708 [FXGL Background Thread 3 ] DEBUG Engine               - fontMono: TerminalLandMono-Regular.otf
18:50:57.708 [FXGL Background Thread 3 ] DEBUG Engine               - fontText: Courier-Prime.ttf
18:50:57.708 [FXGL Background Thread 3 ] DEBUG Engine               - fontUI: VarelaRound-Regular.ttf
18:50:57.708 [FXGL Background Thread 3 ] DEBUG Engine               - fullScreen: BooleanProperty [value: false]
18:50:57.708 [FXGL Background Thread 3 ] DEBUG Engine               - gameDifficulty: MEDIUM
18:50:57.709 [FXGL Background Thread 3 ] DEBUG Engine               - gameDifficultyProperty: ObjectProperty [value: MEDIUM]
18:50:57.709 [FXGL Background Thread 3 ] DEBUG Engine               - globalMusicVolume: 0.5
18:50:57.709 [FXGL Background Thread 3 ] DEBUG Engine               - globalMusicVolumeProperty: DoubleProperty [value: 0.5]
18:50:57.709 [FXGL Background Thread 3 ] DEBUG Engine               - globalSoundVolume: 0.5
18:50:57.709 [FXGL Background Thread 3 ] DEBUG Engine               - globalSoundVolumeProperty: DoubleProperty [value: 0.5]
18:50:57.709 [FXGL Background Thread 3 ] DEBUG Engine               - height: 720
18:50:57.709 [FXGL Background Thread 3 ] DEBUG Engine               - is3D: false
18:50:57.709 [FXGL Background Thread 3 ] DEBUG Engine               - isAndroid: false
18:50:57.709 [FXGL Background Thread 3 ] DEBUG Engine               - isBrowser: false
18:50:57.709 [FXGL Background Thread 3 ] DEBUG Engine               - isClickFeedbackEnabled: false
18:50:57.709 [FXGL Background Thread 3 ] DEBUG Engine               - isCloseConfirmation: false
18:50:57.710 [FXGL Background Thread 3 ] DEBUG Engine               - isDesktop: true
18:50:57.710 [FXGL Background Thread 3 ] DEBUG Engine               - isDeveloperMenuEnabled: false
18:50:57.710 [FXGL Background Thread 3 ] DEBUG Engine               - isEmbedded: false
18:50:57.710 [FXGL Background Thread 3 ] DEBUG Engine               - isEntityPreloadEnabled: true
18:50:57.710 [FXGL Background Thread 3 ] DEBUG Engine               - isExperimentalTiledLargeMap: false
18:50:57.710 [FXGL Background Thread 3 ] DEBUG Engine               - isFileSystemWriteAllowed: true
18:50:57.710 [FXGL Background Thread 3 ] DEBUG Engine               - isFullScreenAllowed: false
18:50:57.710 [FXGL Background Thread 3 ] DEBUG Engine               - isFullScreenFromStart: false
18:50:57.710 [FXGL Background Thread 3 ] DEBUG Engine               - isGameMenuEnabled: true
18:50:57.710 [FXGL Background Thread 3 ] DEBUG Engine               - isIOS: false
18:50:57.710 [FXGL Background Thread 3 ] DEBUG Engine               - isIntroEnabled: false
18:50:57.710 [FXGL Background Thread 3 ] DEBUG Engine               - isLinux: false
18:50:57.710 [FXGL Background Thread 3 ] DEBUG Engine               - isMac: false
18:50:57.710 [FXGL Background Thread 3 ] DEBUG Engine               - isMainMenuEnabled: true
18:50:57.711 [FXGL Background Thread 3 ] DEBUG Engine               - isManualResizeEnabled: false
18:50:57.711 [FXGL Background Thread 3 ] DEBUG Engine               - isMobile: false
18:50:57.711 [FXGL Background Thread 3 ] DEBUG Engine               - isNative: false
18:50:57.711 [FXGL Background Thread 3 ] DEBUG Engine               - isPauseMusicWhenMinimized: true
18:50:57.711 [FXGL Background Thread 3 ] DEBUG Engine               - isPreserveResizeRatio: false
18:50:57.711 [FXGL Background Thread 3 ] DEBUG Engine               - isProfilingEnabled: false
18:50:57.711 [FXGL Background Thread 3 ] DEBUG Engine               - isScaleAffectedOnResize: true
18:50:57.711 [FXGL Background Thread 3 ] DEBUG Engine               - isSingleStep: false
18:50:57.711 [FXGL Background Thread 3 ] DEBUG Engine               - isUserProfileEnabled: false
18:50:57.711 [FXGL Background Thread 3 ] DEBUG Engine               - isWindows: true
18:50:57.711 [FXGL Background Thread 3 ] DEBUG Engine               - language: ObjectProperty [value: ENGLISH]
18:50:57.712 [FXGL Background Thread 3 ] DEBUG Engine               - menuKey: ESCAPE
18:50:57.712 [FXGL Background Thread 3 ] DEBUG Engine               - mouseSensitivity: 0.2
18:50:57.712 [FXGL Background Thread 3 ] DEBUG Engine               - notificationViewClass: class com.almasb.fxgl.notification.view.XboxNotificationView
18:50:57.712 [FXGL Background Thread 3 ] DEBUG Engine               - pixelsPerMeter: 50.0
18:50:57.712 [FXGL Background Thread 3 ] DEBUG Engine               - platform: WINDOWS
18:50:57.712 [FXGL Background Thread 3 ] DEBUG Engine               - prefHeightProperty: ReadOnlyDoubleProperty [value: 720.0]
18:50:57.712 [FXGL Background Thread 3 ] DEBUG Engine               - prefWidthProperty: ReadOnlyDoubleProperty [value: 1280.0]
18:50:57.712 [FXGL Background Thread 3 ] DEBUG Engine               - profileDir: profiles/
18:50:57.712 [FXGL Background Thread 3 ] DEBUG Engine               - profileName: StringProperty [value: DEFAULT]
18:50:57.712 [FXGL Background Thread 3 ] DEBUG Engine               - randomSeed: -1
18:50:57.713 [FXGL Background Thread 3 ] DEBUG Engine               - runtimeInfo: RuntimeInfo(platform=WINDOWS, version=17.2, build=20.08.2022 16.50)
18:50:57.713 [FXGL Background Thread 3 ] DEBUG Engine               - saveFileExt: sav
18:50:57.713 [FXGL Background Thread 3 ] DEBUG Engine               - scaledHeightProp$fxgl: DoubleProperty [bound, value: 720.0]
18:50:57.713 [FXGL Background Thread 3 ] DEBUG Engine               - scaledWidthProp$fxgl: DoubleProperty [bound, value: 1280.0]
18:50:57.713 [FXGL Background Thread 3 ] DEBUG Engine               - sceneFactory: com.almasb.fxgl.app.scene.SceneFactory@2e2d7854
18:50:57.713 [FXGL Background Thread 3 ] DEBUG Engine               - secondsIn24h: 60
18:50:57.714 [FXGL Background Thread 3 ] DEBUG Engine               - soundMenuBack: menu/back.wav
18:50:57.714 [FXGL Background Thread 3 ] DEBUG Engine               - soundMenuPress: menu/press.wav
18:50:57.714 [FXGL Background Thread 3 ] DEBUG Engine               - soundMenuSelect: menu/select.wav
18:50:57.714 [FXGL Background Thread 3 ] DEBUG Engine               - soundNotification: core/notification.wav
18:50:57.714 [FXGL Background Thread 3 ] DEBUG Engine               - stageStyle: DECORATED
18:50:57.714 [FXGL Background Thread 3 ] DEBUG Engine               - supportedLanguages: [ENGLISH, FRENCH, GERMAN, HUNGARIAN, RUSSIAN]
18:50:57.714 [FXGL Background Thread 3 ] DEBUG Engine               - ticksPerSecond: -1
18:50:57.714 [FXGL Background Thread 3 ] DEBUG Engine               - title: Demo Fac 1
18:50:57.714 [FXGL Background Thread 3 ] DEBUG Engine               - urlGithub: https://github.com/AlmasB/FXGL
18:50:57.715 [FXGL Background Thread 3 ] DEBUG Engine               - urlLeaderboard: http://fxgl-top.herokuapp.com/
18:50:57.715 [FXGL Background Thread 3 ] DEBUG Engine               - urlPOM: https://raw.githubusercontent.com/AlmasB/FXGL/release/README.md
18:50:57.715 [FXGL Background Thread 3 ] DEBUG Engine               - userAppClass: class com.demo.fxgldemo.demoApp
18:50:57.715 [FXGL Background Thread 3 ] DEBUG Engine               - version: 0.0
18:50:57.715 [FXGL Background Thread 3 ] DEBUG Engine               - versionCheckDays: 7
18:50:57.715 [FXGL Background Thread 3 ] DEBUG Engine               - width: 1280
18:50:57.715 [FXGL Background Thread 3 ] DEBUG Engine               - Logging services
18:50:57.715 [FXGL Background Thread 3 ] DEBUG Engine               - class com.almasb.fxgl.app.services.FXGLAssetLoaderService
18:50:57.715 [FXGL Background Thread 3 ] DEBUG Engine               - class com.almasb.fxgl.app.FXGLApplication$GameApplicationService
18:50:57.715 [FXGL Background Thread 3 ] DEBUG Engine               - class com.almasb.fxgl.app.services.FXGLDialogService
18:50:57.716 [FXGL Background Thread 3 ] DEBUG Engine               - class com.almasb.fxgl.app.services.IOTaskExecutorService
18:50:57.716 [FXGL Background Thread 3 ] DEBUG Engine               - class com.almasb.fxgl.io.FileSystemService
18:50:57.716 [FXGL Background Thread 3 ] DEBUG Engine               - class com.almasb.fxgl.localization.LocalizationService
18:50:57.716 [FXGL Background Thread 3 ] DEBUG Engine               - class com.almasb.fxgl.app.services.SystemBundleService
18:50:57.716 [FXGL Background Thread 3 ] DEBUG Engine               - class com.almasb.fxgl.profile.SaveLoadService
18:50:57.716 [FXGL Background Thread 3 ] DEBUG Engine               - class com.almasb.fxgl.ui.FXGLUIFactoryServiceProvider
18:50:57.717 [FXGL Background Thread 3 ] DEBUG Engine               - class com.almasb.fxgl.ui.FXGLDialogFactoryServiceProvider
18:50:57.717 [FXGL Background Thread 3 ] DEBUG Engine               - class com.almasb.fxgl.audio.AudioPlayer
18:50:57.717 [FXGL Background Thread 3 ] DEBUG Engine               - class com.almasb.fxgl.notification.impl.NotificationServiceProvider
18:50:57.717 [FXGL Background Thread 3 ] DEBUG Engine               - class com.almasb.fxgl.achievement.AchievementService
18:50:57.717 [FXGL Background Thread 3 ] DEBUG Engine               - class com.almasb.fxgl.cutscene.CutsceneService
18:50:57.717 [FXGL Background Thread 3 ] DEBUG Engine               - class com.almasb.fxgl.minigames.MiniGameService
18:50:57.717 [FXGL Background Thread 3 ] DEBUG Engine               - class com.almasb.fxgl.net.NetService
18:50:57.718 [FXGL Background Thread 3 ] DEBUG Engine               - class com.almasb.fxgl.app.services.UpdaterService
18:50:57.718 [FXGL Background Thread 3 ] DEBUG Engine               - class com.almasb.fxgl.dev.DevService
18:51:00.823 [JavaFX Application Thread] DEBUG Menu                 - fireNewGame()
18:51:00.823 [JavaFX Application Thread] DEBUG GameApplicationServi - Starting new game
18:51:00.825 [JavaFX Application Thread] DEBUG PrimaryStageWindow   - Pop state: FXGLDefaultMenu
18:51:00.825 [JavaFX Application Thread] DEBUG Input                - Clearing active input actions
18:51:00.826 [JavaFX Application Thread] DEBUG GameApplicationServi - Removing overlay from FXGLDefaultMenu and adding to FXGLMainMenuDummyScene
18:51:00.826 [JavaFX Application Thread] DEBUG PrimaryStageWindow   - FXGLMainMenuDummyScene <- FXGLDefaultMenu
18:51:00.827 [JavaFX Application Thread] DEBUG Input                - Clearing active input actions
18:51:00.838 [JavaFX Application Thread] DEBUG GameApplicationServi - Removing overlay from FXGLMainMenuDummyScene and adding to FXGLLoadingScene
18:51:00.839 [JavaFX Application Thread] DEBUG PrimaryStageWindow   - FXGLMainMenuDummyScene -> FXGLLoadingScene
18:51:00.839 [JavaFX Application Thread] DEBUG GameApplicationServi - Clearing previous game
18:51:00.839 [JavaFX Application Thread] DEBUG GameScene            - Clearing game scene
18:51:00.839 [JavaFX Application Thread] DEBUG GameWorld            - Clearing game world
18:51:00.839 [JavaFX Application Thread] DEBUG PhysicsWorld         - Clearing physics world
18:51:00.841 [FXGL Background Thread 2 ] DEBUG FXGLApplication      - Initializing game
18:51:00.842 [FXGL Background Thread 2 ] INFO  FXGLApplication      - Game initialization took: 0,001 sec
18:51:00.869 [JavaFX Application Thread] DEBUG Input                - Clearing active input actions
18:51:00.878 [JavaFX Application Thread] DEBUG GameApplicationServi - Removing overlay from FXGLLoadingScene and adding to GameScene
18:51:00.878 [JavaFX Application Thread] DEBUG PrimaryStageWindow   - FXGLLoadingScene -> GameScene
18:51:02.942 [JavaFX Application Thread] DEBUG FXGLApplication      - Exiting FXGL
18:51:02.942 [JavaFX Application Thread] DEBUG LoopRunner           - Stopping loop
18:51:02.942 [JavaFX Application Thread] DEBUG SystemBundleService  - Saving FXGL system data
18:51:02.948 [JavaFX Application Thread] DEBUG FileSystemAccess     - Writing to: F:\Proyectos javafx\javafxgl\fxgl-demo\system\fxgl.bundle
18:51:02.950 [JavaFX Application Thread] DEBUG Async                - Shutting down background threads
18:51:02.950 [JavaFX Application Thread] DEBUG PrimaryStageWindow   - Closing main window
18:51:02.964 [JavaFX Application Thread] DEBUG Logger               - Closing Logger
