08:32:07.357 [main                     ] DEBUG Logger               - Configured Logger
08:32:07.390 [main                     ] DEBUG GameApplication      - Logging settings
Title: Probando demoCuboApp
Version: 0.0
Width: 800
Height: 600
Fullscreen: false
Intro: false
Profiling: false
Single step:false
App Mode: DEVELOPER
Menu Key: ESCAPE
Stage Style: DECORATED
Scene Factory: class com.almasb.fxgl.app.scene.SceneFactory

08:32:07.689 [JavaFX Application Thread] DEBUG FXGLApplication      - Initializing FXGL
08:32:07.695 [JavaFX Application Thread] INFO  Engine               - FXGL-17.2 (20.08.2022 16.50) on WINDOWS (J:21.0.1 FX:21-ea)
08:32:07.695 [JavaFX Application Thread] DEBUG Engine               - JRE Vendor Name: Oracle Corporation
08:32:07.695 [JavaFX Application Thread] DEBUG Engine               - Running on OS: Windows 10 version 10.0
08:32:07.695 [JavaFX Application Thread] DEBUG Engine               - Architecture: amd64
08:32:07.695 [JavaFX Application Thread] INFO  Engine               - Source code and latest versions at: https://github.com/AlmasB/FXGL
08:32:07.696 [JavaFX Application Thread] INFO  Engine               -       Ask questions and discuss at: https://github.com/AlmasB/FXGL/discussions
08:32:07.696 [JavaFX Application Thread] INFO  Engine               -              Join the FXGL chat at: https://gitter.im/AlmasB/FXGL
08:32:07.791 [JavaFX Application Thread] DEBUG PrimaryStageWindow   - Creating a JavaFX scene
08:32:07.850 [JavaFX Application Thread] DEBUG PrimaryStageWindow   - Target settings size: 800.0 x 600.0
08:32:07.850 [JavaFX Application Thread] DEBUG PrimaryStageWindow   - Scaled scene size:    800.0 x 600.0
08:32:07.850 [JavaFX Application Thread] DEBUG PrimaryStageWindow   - Scaled ratio: (1.0, 1.0)
08:32:07.852 [JavaFX Application Thread] DEBUG PrimaryStageWindow   - Set initial scene to FXGLStartupScene
08:32:07.856 [JavaFX Application Thread] DEBUG PrimaryStageWindow   - Opening main window
08:32:07.967 [JavaFX Application Thread] DEBUG PrimaryStageWindow   - Window border size: (14.4000244140625, 37.5999755859375)
08:32:07.968 [JavaFX Application Thread] DEBUG PrimaryStageWindow   - Scaled size: 800.0 x 600.0
08:32:07.968 [JavaFX Application Thread] DEBUG PrimaryStageWindow   - Scaled ratio: (1.0, 1.0)
08:32:07.969 [JavaFX Application Thread] DEBUG PrimaryStageWindow   - Scene size: 800.0 x 600.0
08:32:07.969 [JavaFX Application Thread] DEBUG PrimaryStageWindow   - Stage size: 814.4000244140625 x 637.5999755859375
08:32:07.983 [FXGL Background Thread 1 ] DEBUG Engine               - Initializing environment variables
08:32:08.097 [FXGL Background Thread 1 ] DEBUG FXGLAssetLoaderServi - User app class for loading assets: class com.demo.fxgldemo.demoCuboApp
08:32:08.097 [FXGL Background Thread 1 ] DEBUG GameApplicationServi - Applying CSS: fxgl_dark.css
08:32:08.098 [FXGL Background Thread 1 ] DEBUG FXGLAssetLoaderServi - Loading from file system: jar:file:///C:/Users/Usuario/.m2/repository/com/github/almasb/fxgl/17.2/fxgl-17.2.jar!/fxglassets/ui/css/fxgl_dark.css
08:32:08.171 [FXGL Background Thread 1 ] DEBUG GameApplicationServi - Initializing application scenes
08:32:08.234 [FXGL Background Thread 1 ] DEBUG GameWorld            - Game world initialized
08:32:08.336 [FXGL Background Thread 1 ] DEBUG PhysicsWorld         - Physics world initialized: appHeight=600, physics.ppm=50,0
08:32:08.337 [FXGL Background Thread 1 ] DEBUG PhysicsWorld         - Using strategy: BRUTE_FORCE
08:32:08.343 [FXGL Background Thread 1 ] DEBUG GameScene            - Game scene initialized: 800x600
08:32:08.363 [FXGL Background Thread 1 ] DEBUG FXGL.DefaultMenu     - createMenuBodyGameMenu()
08:32:08.386 [FXGL Background Thread 1 ] DEBUG FXGL.DefaultMenu     - createOptionsMenu()
08:32:08.400 [FXGL Background Thread 1 ] DEBUG FXGLAssetLoaderServi - Loading from file system: jar:file:///C:/Users/Usuario/.m2/repository/com/github/almasb/fxgl/17.2/fxgl-17.2.jar!/fxglassets/textures/particles/smoke.png
08:32:08.526 [FXGL Background Thread 1 ] DEBUG FXGLAssetLoaderServi - Loading from file system: jar:file:///C:/Users/Usuario/.m2/repository/com/github/almasb/fxgl/17.2/fxgl-17.2.jar!/fxglassets/textures/particles/trace_horizontal.png
08:32:08.559 [FXGL Background Thread 1 ] DEBUG GameApplicationServi - Application scenes initialized
08:32:08.574 [FXGL Background Thread 1 ] DEBUG SystemBundleService  - Loading FXGL system data
08:32:08.578 [FXGL Background Thread 1 ] DEBUG FileSystemAccess     - Reading from: F:\Proyectos javafx\javafxgl\fxgl-demo\system\fxgl.bundle
08:32:08.591 [FXGL Background Thread 1 ] DEBUG SystemBundleService  - Bundle FXGL: {}
08:32:08.591 [FXGL Background Thread 1 ] DEBUG UpdaterService       - Checking for updates
08:32:08.598 [FXGL Background Thread 4 ] DEBUG FXGLApplication      - Loading fonts
08:32:08.598 [FXGL Background Thread 1 ] DEBUG FXGLApplication      - Loading default localization
08:32:08.598 [FXGL Background Thread 4 ] DEBUG FXGLAssetLoaderServi - Loading from file system: jar:file:///C:/Users/Usuario/.m2/repository/com/github/almasb/fxgl/17.2/fxgl-17.2.jar!/fxglassets/ui/fonts/VarelaRound-Regular.ttf
08:32:08.599 [FXGL Background Thread 1 ] DEBUG FXGLAssetLoaderServi - Loading from file system: jar:file:///C:/Users/Usuario/.m2/repository/com/github/almasb/fxgl/17.2/fxgl-17.2.jar!/fxglassets/languages/english.lang
08:32:08.630 [FXGL Background Thread 1 ] INFO  FXGLApplication      - FXGL initialization took: 0,647 sec
08:32:08.645 [FXGL Background Thread 4 ] DEBUG FXGLAssetLoaderServi - Loading from file system: jar:file:///C:/Users/Usuario/.m2/repository/com/github/almasb/fxgl/17.2/fxgl-17.2.jar!/fxglassets/ui/fonts/Abel-Regular.ttf
08:32:08.649 [JavaFX Application Thread] DEBUG Input                - Registered new binding: action0 - A
08:32:08.650 [JavaFX Application Thread] DEBUG Input                - Registered new binding: action1 - D
08:32:08.650 [JavaFX Application Thread] DEBUG Input                - Registered new binding: action2 - W
08:32:08.651 [JavaFX Application Thread] DEBUG Input                - Registered new binding: action3 - S
08:32:08.651 [JavaFX Application Thread] DEBUG Input                - Registered new binding: action4 - J
08:32:08.652 [JavaFX Application Thread] DEBUG Input                - Registered new binding: action5 - L
08:32:08.652 [JavaFX Application Thread] DEBUG Input                - Registered new binding: action6 - I
08:32:08.653 [JavaFX Application Thread] DEBUG Input                - Registered new binding: action7 - K
08:32:08.653 [JavaFX Application Thread] DEBUG FXGLAssetLoaderServi - Loading from file system: jar:file:///C:/Users/Usuario/.m2/repository/com/github/almasb/fxgl/17.2/fxgl-17.2.jar!/fxglassets/textures/fxgl_icon.png
08:32:08.657 [FXGL Background Thread 4 ] DEBUG FXGLAssetLoaderServi - Loading from file system: jar:file:///C:/Users/Usuario/.m2/repository/com/github/almasb/fxgl/17.2/fxgl-17.2.jar!/fxglassets/ui/fonts/TerminalLandMono-Regular.otf
08:32:08.670 [FXGL Background Thread 4 ] DEBUG FXGLAssetLoaderServi - Loading from file system: jar:file:///C:/Users/Usuario/.m2/repository/com/github/almasb/fxgl/17.2/fxgl-17.2.jar!/fxglassets/ui/fonts/Courier-Prime.ttf
08:32:08.682 [JavaFX Application Thread] DEBUG FXGLAssetLoaderServi - Loading from file system: jar:file:///C:/Users/Usuario/.m2/repository/com/github/almasb/fxgl/17.2/fxgl-17.2.jar!/fxglassets/textures/fxgl_default_cursor.png
08:32:08.685 [JavaFX Application Thread] DEBUG Input                - Registered new binding: Screenshot - CTRL+8
08:32:08.686 [JavaFX Application Thread] DEBUG Input                - Registered new binding: System info dump - CTRL+9
08:32:08.686 [JavaFX Application Thread] DEBUG Input                - Registered new binding: Restart - CTRL+R
08:32:08.687 [JavaFX Application Thread] DEBUG Input                - Registered new binding: Toggle Debug Camera - CTRL+7
08:32:08.691 [JavaFX Application Thread] DEBUG LoopRunner           - Starting loop
08:32:08.691 [JavaFX Application Thread] DEBUG LoopRunner           - Initializing JavaFX AnimationTimerLoop
08:32:08.693 [JavaFX Application Thread] DEBUG GameApplicationServi - Starting new game
08:32:08.694 [JavaFX Application Thread] DEBUG Input                - Clearing active input actions
08:32:08.710 [JavaFX Application Thread] DEBUG GameApplicationServi - Removing overlay from FXGLStartupScene and adding to FXGLLoadingScene
08:32:08.710 [JavaFX Application Thread] DEBUG PrimaryStageWindow   - FXGLStartupScene -> FXGLLoadingScene
08:32:08.710 [JavaFX Application Thread] DEBUG GameApplicationServi - Clearing previous game
08:32:08.711 [JavaFX Application Thread] DEBUG GameScene            - Clearing game scene
08:32:08.711 [JavaFX Application Thread] DEBUG GameWorld            - Clearing game world
08:32:08.711 [JavaFX Application Thread] DEBUG PhysicsWorld         - Clearing physics world
08:32:08.713 [FXGL Background Thread 4 ] DEBUG FXGLApplication      - Initializing game
08:32:08.715 [JavaFX Application Thread] DEBUG FXGLApplication      - Registering font factories with UI factory
08:32:08.771 [FXGL Background Thread 4 ] INFO  FXGLApplication      - Game initialization took: 0,058 sec
08:32:08.775 [JavaFX Application Thread] DEBUG Input                - Clearing active input actions
08:32:08.782 [JavaFX Application Thread] DEBUG GameApplicationServi - Removing overlay from FXGLLoadingScene and adding to GameScene
08:32:08.782 [JavaFX Application Thread] DEBUG PrimaryStageWindow   - FXGLLoadingScene -> GameScene
08:32:09.084 [FXGL Background Thread 2 ] INFO  UpdaterService       - Your current version:  17.2
08:32:09.084 [FXGL Background Thread 2 ] INFO  UpdaterService       - Latest stable version: 21
08:32:11.509 [JavaFX Application Thread] DEBUG FXGLApplication      - Exiting FXGL
08:32:11.509 [JavaFX Application Thread] DEBUG LoopRunner           - Stopping loop
08:32:11.509 [JavaFX Application Thread] DEBUG SystemBundleService  - Saving FXGL system data
08:32:11.512 [JavaFX Application Thread] DEBUG FileSystemAccess     - Writing to: F:\Proyectos javafx\javafxgl\fxgl-demo\system\fxgl.bundle
08:32:11.514 [JavaFX Application Thread] DEBUG Async                - Shutting down background threads
08:32:11.514 [JavaFX Application Thread] DEBUG PrimaryStageWindow   - Closing main window
08:32:11.535 [JavaFX Application Thread] DEBUG Logger               - Closing Logger
