17:07:48.029 [main                     ] DEBUG Logger               - Configured Logger
17:07:48.055 [main                     ] DEBUG GameApplication      - Logging settings
Title: Probando demoCuboApp
Version: 0.0
Width: 800
Height: 600
Fullscreen: false
Intro: false
Profiling: false
Single step:false
App Mode: DEVELOPER
Menu Key: ESCAPE
Stage Style: DECORATED
Scene Factory: class com.almasb.fxgl.app.scene.SceneFactory

17:07:48.433 [JavaFX Application Thread] DEBUG FXGLApplication      - Initializing FXGL
17:07:48.437 [JavaFX Application Thread] INFO  Engine               - FXGL-17.2 (20.08.2022 16.50) on WINDOWS (J:21.0.1 FX:21-ea)
17:07:48.437 [JavaFX Application Thread] DEBUG Engine               - JRE Vendor Name: Oracle Corporation
17:07:48.437 [JavaFX Application Thread] DEBUG Engine               - Running on OS: Windows 10 version 10.0
17:07:48.437 [JavaFX Application Thread] DEBUG Engine               - Architecture: amd64
17:07:48.437 [JavaFX Application Thread] INFO  Engine               - Source code and latest versions at: https://github.com/AlmasB/FXGL
17:07:48.438 [JavaFX Application Thread] INFO  Engine               -       Ask questions and discuss at: https://github.com/AlmasB/FXGL/discussions
17:07:48.438 [JavaFX Application Thread] INFO  Engine               -              Join the FXGL chat at: https://gitter.im/AlmasB/FXGL
17:07:48.577 [JavaFX Application Thread] DEBUG PrimaryStageWindow   - Creating a JavaFX scene
17:07:48.633 [JavaFX Application Thread] DEBUG PrimaryStageWindow   - Target settings size: 800.0 x 600.0
17:07:48.633 [JavaFX Application Thread] DEBUG PrimaryStageWindow   - Scaled scene size:    800.0 x 600.0
17:07:48.633 [JavaFX Application Thread] DEBUG PrimaryStageWindow   - Scaled ratio: (1.0, 1.0)
17:07:48.634 [JavaFX Application Thread] DEBUG PrimaryStageWindow   - Set initial scene to FXGLStartupScene
17:07:48.637 [JavaFX Application Thread] DEBUG PrimaryStageWindow   - Opening main window
17:07:48.741 [JavaFX Application Thread] DEBUG PrimaryStageWindow   - Window border size: (14.4000244140625, 37.5999755859375)
17:07:48.741 [JavaFX Application Thread] DEBUG PrimaryStageWindow   - Scaled size: 800.0 x 600.0
17:07:48.741 [JavaFX Application Thread] DEBUG PrimaryStageWindow   - Scaled ratio: (1.0, 1.0)
17:07:48.741 [JavaFX Application Thread] DEBUG PrimaryStageWindow   - Scene size: 800.0 x 600.0
17:07:48.742 [JavaFX Application Thread] DEBUG PrimaryStageWindow   - Stage size: 814.4000244140625 x 637.5999755859375
17:07:48.749 [FXGL Background Thread 1 ] DEBUG Engine               - Initializing environment variables
17:07:48.843 [FXGL Background Thread 1 ] DEBUG FXGLAssetLoaderServi - User app class for loading assets: class com.demo.fxgldemo.demoCuboApp
17:07:48.843 [FXGL Background Thread 1 ] DEBUG GameApplicationServi - Applying CSS: fxgl_dark.css
17:07:48.844 [FXGL Background Thread 1 ] DEBUG FXGLAssetLoaderServi - Loading from file system: jar:file:///C:/Users/Usuario/.m2/repository/com/github/almasb/fxgl/17.2/fxgl-17.2.jar!/fxglassets/ui/css/fxgl_dark.css
17:07:48.895 [FXGL Background Thread 1 ] DEBUG GameApplicationServi - Initializing application scenes
17:07:48.939 [FXGL Background Thread 1 ] DEBUG GameWorld            - Game world initialized
17:07:49.019 [FXGL Background Thread 1 ] DEBUG PhysicsWorld         - Physics world initialized: appHeight=600, physics.ppm=50,0
17:07:49.020 [FXGL Background Thread 1 ] DEBUG PhysicsWorld         - Using strategy: BRUTE_FORCE
17:07:49.025 [FXGL Background Thread 1 ] DEBUG GameScene            - Game scene initialized: 800x600
17:07:49.040 [FXGL Background Thread 1 ] DEBUG FXGL.DefaultMenu     - createMenuBodyGameMenu()
17:07:49.055 [FXGL Background Thread 1 ] DEBUG FXGL.DefaultMenu     - createOptionsMenu()
17:07:49.064 [FXGL Background Thread 1 ] DEBUG FXGLAssetLoaderServi - Loading from file system: jar:file:///C:/Users/Usuario/.m2/repository/com/github/almasb/fxgl/17.2/fxgl-17.2.jar!/fxglassets/textures/particles/smoke.png
17:07:49.217 [FXGL Background Thread 1 ] DEBUG FXGLAssetLoaderServi - Loading from file system: jar:file:///C:/Users/Usuario/.m2/repository/com/github/almasb/fxgl/17.2/fxgl-17.2.jar!/fxglassets/textures/particles/trace_horizontal.png
17:07:49.250 [FXGL Background Thread 1 ] DEBUG GameApplicationServi - Application scenes initialized
17:07:49.264 [FXGL Background Thread 1 ] DEBUG SystemBundleService  - Loading FXGL system data
17:07:49.268 [FXGL Background Thread 1 ] DEBUG FileSystemAccess     - Reading from: F:\Proyectos javafx\javafxgl\fxgl-demo\system\fxgl.bundle
17:07:49.279 [FXGL Background Thread 1 ] DEBUG SystemBundleService  - Bundle FXGL: {}
17:07:49.279 [FXGL Background Thread 1 ] DEBUG UpdaterService       - Checking for updates
17:07:49.285 [FXGL Background Thread 4 ] DEBUG FXGLApplication      - Loading fonts
17:07:49.285 [FXGL Background Thread 4 ] DEBUG FXGLAssetLoaderServi - Loading from file system: jar:file:///C:/Users/Usuario/.m2/repository/com/github/almasb/fxgl/17.2/fxgl-17.2.jar!/fxglassets/ui/fonts/VarelaRound-Regular.ttf
17:07:49.285 [FXGL Background Thread 1 ] DEBUG FXGLApplication      - Loading default localization
17:07:49.286 [FXGL Background Thread 1 ] DEBUG FXGLAssetLoaderServi - Loading from file system: jar:file:///C:/Users/Usuario/.m2/repository/com/github/almasb/fxgl/17.2/fxgl-17.2.jar!/fxglassets/languages/english.lang
17:07:49.317 [FXGL Background Thread 1 ] INFO  FXGLApplication      - FXGL initialization took: 0,568 sec
17:07:49.326 [FXGL Background Thread 4 ] DEBUG FXGLAssetLoaderServi - Loading from file system: jar:file:///C:/Users/Usuario/.m2/repository/com/github/almasb/fxgl/17.2/fxgl-17.2.jar!/fxglassets/ui/fonts/Abel-Regular.ttf
17:07:49.335 [JavaFX Application Thread] DEBUG Input                - Registered new binding: action0 - A
17:07:49.335 [JavaFX Application Thread] DEBUG Input                - Registered new binding: action1 - D
17:07:49.336 [JavaFX Application Thread] DEBUG Input                - Registered new binding: action2 - W
17:07:49.336 [JavaFX Application Thread] DEBUG Input                - Registered new binding: action3 - S
17:07:49.337 [JavaFX Application Thread] DEBUG Input                - Registered new binding: action4 - J
17:07:49.337 [JavaFX Application Thread] DEBUG Input                - Registered new binding: action5 - L
17:07:49.337 [FXGL Background Thread 4 ] DEBUG FXGLAssetLoaderServi - Loading from file system: jar:file:///C:/Users/Usuario/.m2/repository/com/github/almasb/fxgl/17.2/fxgl-17.2.jar!/fxglassets/ui/fonts/TerminalLandMono-Regular.otf
17:07:49.338 [JavaFX Application Thread] DEBUG Input                - Registered new binding: action6 - I
17:07:49.338 [JavaFX Application Thread] DEBUG Input                - Registered new binding: action7 - K
17:07:49.338 [JavaFX Application Thread] DEBUG FXGLAssetLoaderServi - Loading from file system: jar:file:///C:/Users/Usuario/.m2/repository/com/github/almasb/fxgl/17.2/fxgl-17.2.jar!/fxglassets/textures/fxgl_icon.png
17:07:49.347 [FXGL Background Thread 4 ] DEBUG FXGLAssetLoaderServi - Loading from file system: jar:file:///C:/Users/Usuario/.m2/repository/com/github/almasb/fxgl/17.2/fxgl-17.2.jar!/fxglassets/ui/fonts/Courier-Prime.ttf
17:07:49.364 [JavaFX Application Thread] DEBUG FXGLAssetLoaderServi - Loading from file system: jar:file:///C:/Users/Usuario/.m2/repository/com/github/almasb/fxgl/17.2/fxgl-17.2.jar!/fxglassets/textures/fxgl_default_cursor.png
17:07:49.367 [JavaFX Application Thread] DEBUG Input                - Registered new binding: Screenshot - CTRL+8
17:07:49.368 [JavaFX Application Thread] DEBUG Input                - Registered new binding: System info dump - CTRL+9
17:07:49.368 [JavaFX Application Thread] DEBUG Input                - Registered new binding: Restart - CTRL+R
17:07:49.369 [JavaFX Application Thread] DEBUG Input                - Registered new binding: Toggle Debug Camera - CTRL+7
17:07:49.371 [JavaFX Application Thread] DEBUG LoopRunner           - Starting loop
17:07:49.371 [JavaFX Application Thread] DEBUG LoopRunner           - Initializing JavaFX AnimationTimerLoop
17:07:49.374 [JavaFX Application Thread] DEBUG GameApplicationServi - Starting new game
17:07:49.374 [JavaFX Application Thread] DEBUG Input                - Clearing active input actions
17:07:49.387 [JavaFX Application Thread] DEBUG GameApplicationServi - Removing overlay from FXGLStartupScene and adding to FXGLLoadingScene
17:07:49.387 [JavaFX Application Thread] DEBUG PrimaryStageWindow   - FXGLStartupScene -> FXGLLoadingScene
17:07:49.387 [JavaFX Application Thread] DEBUG GameApplicationServi - Clearing previous game
17:07:49.387 [JavaFX Application Thread] DEBUG GameScene            - Clearing game scene
17:07:49.387 [JavaFX Application Thread] DEBUG GameWorld            - Clearing game world
17:07:49.387 [JavaFX Application Thread] DEBUG PhysicsWorld         - Clearing physics world
17:07:49.389 [FXGL Background Thread 4 ] DEBUG FXGLApplication      - Initializing game
17:07:49.389 [JavaFX Application Thread] DEBUG FXGLApplication      - Registering font factories with UI factory
17:07:49.440 [FXGL Background Thread 4 ] WARN  FXGLAssetLoaderServi - Asset "/assets/textures/sprite_player.png" was not found!
17:07:49.440 [FXGL Background Thread 4 ] WARN  FXGLAssetLoaderServi - Failed to load RESIZABLE_IMAGE
17:07:49.549 [FXGL Background Thread 4 ] INFO  FXGLApplication      - Game initialization took: 0,159 sec
17:07:49.550 [JavaFX Application Thread] DEBUG Input                - Clearing active input actions
17:07:49.562 [JavaFX Application Thread] DEBUG GameApplicationServi - Removing overlay from FXGLLoadingScene and adding to GameScene
17:07:49.562 [JavaFX Application Thread] DEBUG PrimaryStageWindow   - FXGLLoadingScene -> GameScene
17:07:52.283 [FXGL Background Thread 3 ] DEBUG Engine               - Logging environment variables
17:07:52.285 [FXGL Background Thread 3 ] DEBUG Engine               - achievements: []
17:07:52.286 [FXGL Background Thread 3 ] DEBUG Engine               - actualHeight: 600.0
17:07:52.286 [FXGL Background Thread 3 ] DEBUG Engine               - actualHeightProperty: ReadOnlyDoubleProperty [value: 600.0]
17:07:52.287 [FXGL Background Thread 3 ] DEBUG Engine               - actualWidth: 800.0
17:07:52.287 [FXGL Background Thread 3 ] DEBUG Engine               - actualWidthProperty: ReadOnlyDoubleProperty [value: 800.0]
17:07:52.288 [FXGL Background Thread 3 ] DEBUG Engine               - appIcon: fxgl_icon.png
17:07:52.288 [FXGL Background Thread 3 ] DEBUG Engine               - applicationMode: DEVELOPER
17:07:52.288 [FXGL Background Thread 3 ] DEBUG Engine               - cSSList: [fxgl_dark.css]
17:07:52.288 [FXGL Background Thread 3 ] DEBUG Engine               - collisionDetectionStrategy: BRUTE_FORCE
17:07:52.289 [FXGL Background Thread 3 ] DEBUG Engine               - configClass: Optional.empty
17:07:52.289 [FXGL Background Thread 3 ] DEBUG Engine               - credits: []
17:07:52.290 [FXGL Background Thread 3 ] DEBUG Engine               - defaultCursor: CursorInfo(imageName=fxgl_default_cursor.png, hotspotX=7.0, hotspotY=6.0)
17:07:52.291 [FXGL Background Thread 3 ] DEBUG Engine               - devBBoxColorProperty: ObjectProperty [value: 0xff0000ff]
17:07:52.291 [FXGL Background Thread 3 ] DEBUG Engine               - devEnableDebugCameraProperty: BooleanProperty [value: false]
17:07:52.292 [FXGL Background Thread 3 ] DEBUG Engine               - devSensorColorProperty: ObjectProperty [value: 0xffff00ff]
17:07:52.292 [FXGL Background Thread 3 ] DEBUG Engine               - devShowBBoxProperty: BooleanProperty [value: false]
17:07:52.292 [FXGL Background Thread 3 ] DEBUG Engine               - devShowPositionProperty: BooleanProperty [value: false]
17:07:52.293 [FXGL Background Thread 3 ] DEBUG Engine               - enabledMenuItems: []
17:07:52.293 [FXGL Background Thread 3 ] DEBUG Engine               - engineServices: [class com.almasb.fxgl.app.services.FXGLAssetLoaderService, class com.almasb.fxgl.app.FXGLApplication$GameApplicationService, class com.almasb.fxgl.app.services.FXGLDialogService, class com.almasb.fxgl.app.services.IOTaskExecutorService, class com.almasb.fxgl.io.FileSystemService, class com.almasb.fxgl.localization.LocalizationService, class com.almasb.fxgl.app.services.SystemBundleService, class com.almasb.fxgl.profile.SaveLoadService, class com.almasb.fxgl.ui.FXGLUIFactoryServiceProvider, class com.almasb.fxgl.ui.FXGLDialogFactoryServiceProvider, class com.almasb.fxgl.audio.AudioPlayer, class com.almasb.fxgl.notification.impl.NotificationServiceProvider, class com.almasb.fxgl.achievement.AchievementService, class com.almasb.fxgl.cutscene.CutsceneService, class com.almasb.fxgl.minigames.MiniGameService, class com.almasb.fxgl.net.NetService, class com.almasb.fxgl.app.services.UpdaterService, class com.almasb.fxgl.dev.DevService]
17:07:52.293 [FXGL Background Thread 3 ] DEBUG Engine               - fontGame: Abel-Regular.ttf
17:07:52.294 [FXGL Background Thread 3 ] DEBUG Engine               - fontMono: TerminalLandMono-Regular.otf
17:07:52.294 [FXGL Background Thread 3 ] DEBUG Engine               - fontText: Courier-Prime.ttf
17:07:52.294 [FXGL Background Thread 3 ] DEBUG Engine               - fontUI: VarelaRound-Regular.ttf
17:07:52.295 [FXGL Background Thread 3 ] DEBUG Engine               - fullScreen: BooleanProperty [value: false]
17:07:52.295 [FXGL Background Thread 3 ] DEBUG Engine               - gameDifficulty: MEDIUM
17:07:52.295 [FXGL Background Thread 3 ] DEBUG Engine               - gameDifficultyProperty: ObjectProperty [value: MEDIUM]
17:07:52.295 [FXGL Background Thread 3 ] DEBUG Engine               - globalMusicVolume: 0.5
17:07:52.296 [FXGL Background Thread 3 ] DEBUG Engine               - globalMusicVolumeProperty: DoubleProperty [value: 0.5]
17:07:52.296 [FXGL Background Thread 3 ] DEBUG Engine               - globalSoundVolume: 0.5
17:07:52.296 [FXGL Background Thread 3 ] DEBUG Engine               - globalSoundVolumeProperty: DoubleProperty [value: 0.5]
17:07:52.297 [FXGL Background Thread 3 ] DEBUG Engine               - height: 600
17:07:52.297 [FXGL Background Thread 3 ] DEBUG Engine               - is3D: false
17:07:52.297 [FXGL Background Thread 3 ] DEBUG Engine               - isAndroid: false
17:07:52.297 [FXGL Background Thread 3 ] DEBUG Engine               - isBrowser: false
17:07:52.297 [FXGL Background Thread 3 ] DEBUG Engine               - isClickFeedbackEnabled: false
17:07:52.298 [FXGL Background Thread 3 ] DEBUG Engine               - isCloseConfirmation: false
17:07:52.298 [FXGL Background Thread 3 ] DEBUG Engine               - isDesktop: true
17:07:52.298 [FXGL Background Thread 3 ] DEBUG Engine               - isDeveloperMenuEnabled: false
17:07:52.298 [FXGL Background Thread 3 ] DEBUG Engine               - isEmbedded: false
17:07:52.299 [FXGL Background Thread 3 ] DEBUG Engine               - isEntityPreloadEnabled: true
17:07:52.299 [FXGL Background Thread 3 ] DEBUG Engine               - isExperimentalTiledLargeMap: false
17:07:52.299 [FXGL Background Thread 3 ] DEBUG Engine               - isFileSystemWriteAllowed: true
17:07:52.299 [FXGL Background Thread 3 ] DEBUG Engine               - isFullScreenAllowed: false
17:07:52.300 [FXGL Background Thread 3 ] DEBUG Engine               - isFullScreenFromStart: false
17:07:52.300 [FXGL Background Thread 3 ] DEBUG Engine               - isGameMenuEnabled: true
17:07:52.300 [FXGL Background Thread 3 ] DEBUG Engine               - isIOS: false
17:07:52.301 [FXGL Background Thread 3 ] DEBUG Engine               - isIntroEnabled: false
17:07:52.301 [FXGL Background Thread 3 ] DEBUG Engine               - isLinux: false
17:07:52.301 [FXGL Background Thread 3 ] DEBUG Engine               - isMac: false
17:07:52.302 [FXGL Background Thread 3 ] DEBUG Engine               - isMainMenuEnabled: false
17:07:52.302 [FXGL Background Thread 3 ] DEBUG Engine               - isManualResizeEnabled: false
17:07:52.302 [FXGL Background Thread 3 ] DEBUG Engine               - isMobile: false
17:07:52.302 [FXGL Background Thread 3 ] DEBUG Engine               - isNative: false
17:07:52.303 [FXGL Background Thread 3 ] DEBUG Engine               - isPauseMusicWhenMinimized: true
17:07:52.303 [FXGL Background Thread 3 ] DEBUG Engine               - isPreserveResizeRatio: false
17:07:52.303 [FXGL Background Thread 3 ] DEBUG Engine               - isProfilingEnabled: false
17:07:52.303 [FXGL Background Thread 3 ] DEBUG Engine               - isScaleAffectedOnResize: true
17:07:52.304 [FXGL Background Thread 3 ] DEBUG Engine               - isSingleStep: false
17:07:52.304 [FXGL Background Thread 3 ] DEBUG Engine               - isUserProfileEnabled: false
17:07:52.304 [FXGL Background Thread 3 ] DEBUG Engine               - isWindows: true
17:07:52.304 [FXGL Background Thread 3 ] DEBUG Engine               - language: ObjectProperty [value: ENGLISH]
17:07:52.304 [FXGL Background Thread 3 ] DEBUG Engine               - menuKey: ESCAPE
17:07:52.305 [FXGL Background Thread 3 ] DEBUG Engine               - mouseSensitivity: 0.2
17:07:52.305 [FXGL Background Thread 3 ] DEBUG Engine               - notificationViewClass: class com.almasb.fxgl.notification.view.XboxNotificationView
17:07:52.305 [FXGL Background Thread 3 ] DEBUG Engine               - pixelsPerMeter: 50.0
17:07:52.306 [FXGL Background Thread 3 ] DEBUG Engine               - platform: WINDOWS
17:07:52.306 [FXGL Background Thread 3 ] DEBUG Engine               - prefHeightProperty: ReadOnlyDoubleProperty [value: 600.0]
17:07:52.306 [FXGL Background Thread 3 ] DEBUG Engine               - prefWidthProperty: ReadOnlyDoubleProperty [value: 800.0]
17:07:52.306 [FXGL Background Thread 3 ] DEBUG Engine               - profileDir: profiles/
17:07:52.307 [FXGL Background Thread 3 ] DEBUG Engine               - profileName: StringProperty [value: DEFAULT]
17:07:52.307 [FXGL Background Thread 3 ] DEBUG Engine               - randomSeed: -1
17:07:52.308 [FXGL Background Thread 3 ] DEBUG Engine               - runtimeInfo: RuntimeInfo(platform=WINDOWS, version=17.2, build=20.08.2022 16.50)
17:07:52.308 [FXGL Background Thread 3 ] DEBUG Engine               - saveFileExt: sav
17:07:52.308 [FXGL Background Thread 3 ] DEBUG Engine               - scaledHeightProp$fxgl: DoubleProperty [bound, value: 600.0]
17:07:52.309 [FXGL Background Thread 3 ] DEBUG Engine               - scaledWidthProp$fxgl: DoubleProperty [bound, value: 800.0]
17:07:52.309 [FXGL Background Thread 3 ] DEBUG Engine               - sceneFactory: com.almasb.fxgl.app.scene.SceneFactory@7e547376
17:07:52.310 [FXGL Background Thread 3 ] DEBUG Engine               - secondsIn24h: 60
17:07:52.310 [FXGL Background Thread 3 ] DEBUG Engine               - soundMenuBack: menu/back.wav
17:07:52.311 [FXGL Background Thread 3 ] DEBUG Engine               - soundMenuPress: menu/press.wav
17:07:52.311 [FXGL Background Thread 3 ] DEBUG Engine               - soundMenuSelect: menu/select.wav
17:07:52.311 [FXGL Background Thread 3 ] DEBUG Engine               - soundNotification: core/notification.wav
17:07:52.312 [FXGL Background Thread 3 ] DEBUG Engine               - stageStyle: DECORATED
17:07:52.312 [FXGL Background Thread 3 ] DEBUG Engine               - supportedLanguages: [ENGLISH, FRENCH, GERMAN, HUNGARIAN, RUSSIAN]
17:07:52.312 [FXGL Background Thread 3 ] DEBUG Engine               - ticksPerSecond: -1
17:07:52.313 [FXGL Background Thread 3 ] DEBUG Engine               - title: Probando demoCuboApp
17:07:52.313 [FXGL Background Thread 3 ] DEBUG Engine               - urlGithub: https://github.com/AlmasB/FXGL
17:07:52.313 [FXGL Background Thread 3 ] DEBUG Engine               - urlLeaderboard: http://fxgl-top.herokuapp.com/
17:07:52.314 [FXGL Background Thread 3 ] DEBUG Engine               - urlPOM: https://raw.githubusercontent.com/AlmasB/FXGL/release/README.md
17:07:52.314 [FXGL Background Thread 3 ] DEBUG Engine               - userAppClass: class com.demo.fxgldemo.demoCuboApp
17:07:52.314 [FXGL Background Thread 3 ] DEBUG Engine               - version: 0.0
17:07:52.315 [FXGL Background Thread 3 ] DEBUG Engine               - versionCheckDays: 7
17:07:52.315 [FXGL Background Thread 3 ] DEBUG Engine               - width: 800
17:07:52.315 [FXGL Background Thread 3 ] DEBUG Engine               - Logging services
17:07:52.315 [FXGL Background Thread 3 ] DEBUG Engine               - class com.almasb.fxgl.app.services.FXGLAssetLoaderService
17:07:52.316 [FXGL Background Thread 3 ] DEBUG Engine               - class com.almasb.fxgl.app.FXGLApplication$GameApplicationService
17:07:52.316 [FXGL Background Thread 3 ] DEBUG Engine               - class com.almasb.fxgl.app.services.FXGLDialogService
17:07:52.316 [FXGL Background Thread 3 ] DEBUG Engine               - class com.almasb.fxgl.app.services.IOTaskExecutorService
17:07:52.316 [FXGL Background Thread 3 ] DEBUG Engine               - class com.almasb.fxgl.io.FileSystemService
17:07:52.316 [FXGL Background Thread 3 ] DEBUG Engine               - class com.almasb.fxgl.localization.LocalizationService
17:07:52.316 [FXGL Background Thread 3 ] DEBUG Engine               - class com.almasb.fxgl.app.services.SystemBundleService
17:07:52.317 [FXGL Background Thread 3 ] DEBUG Engine               - class com.almasb.fxgl.profile.SaveLoadService
17:07:52.317 [FXGL Background Thread 3 ] DEBUG Engine               - class com.almasb.fxgl.ui.FXGLUIFactoryServiceProvider
17:07:52.317 [FXGL Background Thread 3 ] DEBUG Engine               - class com.almasb.fxgl.ui.FXGLDialogFactoryServiceProvider
17:07:52.317 [FXGL Background Thread 3 ] DEBUG Engine               - class com.almasb.fxgl.audio.AudioPlayer
17:07:52.317 [FXGL Background Thread 3 ] DEBUG Engine               - class com.almasb.fxgl.notification.impl.NotificationServiceProvider
17:07:52.318 [FXGL Background Thread 3 ] DEBUG Engine               - class com.almasb.fxgl.achievement.AchievementService
17:07:52.318 [FXGL Background Thread 3 ] DEBUG Engine               - class com.almasb.fxgl.cutscene.CutsceneService
17:07:52.318 [FXGL Background Thread 3 ] DEBUG Engine               - class com.almasb.fxgl.minigames.MiniGameService
17:07:52.319 [FXGL Background Thread 3 ] DEBUG Engine               - class com.almasb.fxgl.net.NetService
17:07:52.319 [FXGL Background Thread 3 ] DEBUG Engine               - class com.almasb.fxgl.app.services.UpdaterService
17:07:52.319 [FXGL Background Thread 3 ] DEBUG Engine               - class com.almasb.fxgl.dev.DevService
17:07:52.363 [JavaFX Application Thread] DEBUG FXGLApplication      - Exiting FXGL
17:07:52.363 [JavaFX Application Thread] DEBUG LoopRunner           - Stopping loop
17:07:52.363 [JavaFX Application Thread] DEBUG SystemBundleService  - Saving FXGL system data
17:07:52.365 [JavaFX Application Thread] DEBUG FileSystemAccess     - Writing to: F:\Proyectos javafx\javafxgl\fxgl-demo\system\fxgl.bundle
17:07:52.367 [JavaFX Application Thread] DEBUG Async                - Shutting down background threads
17:07:52.367 [JavaFX Application Thread] DEBUG PrimaryStageWindow   - Closing main window
17:07:52.380 [JavaFX Application Thread] DEBUG Logger               - Closing Logger
