18:37:16.950 [main                     ] DEBUG Logger               - Configured Logger
18:37:16.980 [main                     ] DEBUG GameApplication      - Logging settings
Title: Demo Fac 1
Version: 0.0
Width: 1280
Height: 720
Fullscreen: false
Intro: false
Profiling: false
Single step:false
App Mode: DEVELOPER
Menu Key: ESCAPE
Stage Style: DECORATED
Scene Factory: class com.almasb.fxgl.app.scene.SceneFactory

18:37:17.274 [JavaFX Application Thread] DEBUG FXGLApplication      - Initializing FXGL
18:37:17.280 [JavaFX Application Thread] INFO  Engine               - FXGL-17.2 (20.08.2022 16.50) on WINDOWS (J:21.0.1 FX:21-ea)
18:37:17.281 [JavaFX Application Thread] DEBUG Engine               - JRE Vendor Name: Oracle Corporation
18:37:17.281 [JavaFX Application Thread] DEBUG Engine               - Running on OS: Windows 10 version 10.0
18:37:17.281 [JavaFX Application Thread] DEBUG Engine               - Architecture: amd64
18:37:17.281 [JavaFX Application Thread] INFO  Engine               - Source code and latest versions at: https://github.com/AlmasB/FXGL
18:37:17.282 [JavaFX Application Thread] INFO  Engine               -       Ask questions and discuss at: https://github.com/AlmasB/FXGL/discussions
18:37:17.282 [JavaFX Application Thread] INFO  Engine               -              Join the FXGL chat at: https://gitter.im/AlmasB/FXGL
18:37:17.381 [JavaFX Application Thread] DEBUG PrimaryStageWindow   - Creating a JavaFX scene
18:37:17.448 [JavaFX Application Thread] DEBUG PrimaryStageWindow   - Target settings size: 1280.0 x 720.0
18:37:17.449 [JavaFX Application Thread] DEBUG PrimaryStageWindow   - Scaled scene size:    1280.0 x 720.0
18:37:17.449 [JavaFX Application Thread] DEBUG PrimaryStageWindow   - Scaled ratio: (1.0, 1.0)
18:37:17.451 [JavaFX Application Thread] DEBUG PrimaryStageWindow   - Set initial scene to FXGLStartupScene
18:37:17.456 [JavaFX Application Thread] DEBUG PrimaryStageWindow   - Opening main window
18:37:17.574 [JavaFX Application Thread] DEBUG PrimaryStageWindow   - Window border size: (14.4000244140625, 37.5999755859375)
18:37:17.575 [JavaFX Application Thread] DEBUG PrimaryStageWindow   - Scaled size: 1280.0 x 720.0
18:37:17.575 [JavaFX Application Thread] DEBUG PrimaryStageWindow   - Scaled ratio: (1.0, 1.0)
18:37:17.575 [JavaFX Application Thread] DEBUG PrimaryStageWindow   - Scene size: 1280.0 x 720.0
18:37:17.576 [JavaFX Application Thread] DEBUG PrimaryStageWindow   - Stage size: 1294.4000244140625 x 757.5999755859375
18:37:17.586 [FXGL Background Thread 1 ] DEBUG Engine               - Initializing environment variables
18:37:17.697 [FXGL Background Thread 1 ] DEBUG FXGLAssetLoaderServi - User app class for loading assets: class com.demo.fxgldemo.demoApp
18:37:17.697 [FXGL Background Thread 1 ] DEBUG GameApplicationServi - Applying CSS: fxgl_dark.css
18:37:17.698 [FXGL Background Thread 1 ] DEBUG FXGLAssetLoaderServi - Loading from file system: jar:file:///C:/Users/Usuario/.m2/repository/com/github/almasb/fxgl/17.2/fxgl-17.2.jar!/fxglassets/ui/css/fxgl_dark.css
18:37:17.767 [FXGL Background Thread 1 ] DEBUG GameApplicationServi - Initializing application scenes
18:37:17.825 [FXGL Background Thread 1 ] DEBUG GameWorld            - Game world initialized
18:37:17.913 [FXGL Background Thread 1 ] DEBUG PhysicsWorld         - Physics world initialized: appHeight=720, physics.ppm=50,0
18:37:17.913 [FXGL Background Thread 1 ] DEBUG PhysicsWorld         - Using strategy: BRUTE_FORCE
18:37:17.919 [FXGL Background Thread 1 ] DEBUG GameScene            - Game scene initialized: 1280x720
18:37:17.935 [FXGL Background Thread 1 ] DEBUG FXGL.DefaultMenu     - createMenuBodyMainMenu()
18:37:17.955 [FXGL Background Thread 1 ] DEBUG FXGL.DefaultMenu     - createOptionsMenu()
18:37:17.971 [FXGL Background Thread 1 ] DEBUG FXGLAssetLoaderServi - Loading from file system: jar:file:///C:/Users/Usuario/.m2/repository/com/github/almasb/fxgl/17.2/fxgl-17.2.jar!/fxglassets/textures/particles/smoke.png
18:37:18.091 [FXGL Background Thread 1 ] DEBUG FXGLAssetLoaderServi - Loading from file system: jar:file:///C:/Users/Usuario/.m2/repository/com/github/almasb/fxgl/17.2/fxgl-17.2.jar!/fxglassets/textures/particles/trace_horizontal.png
18:37:18.133 [FXGL Background Thread 1 ] DEBUG FXGL.DefaultMenu     - createMenuBodyGameMenu()
18:37:18.134 [FXGL Background Thread 1 ] DEBUG FXGL.DefaultMenu     - createOptionsMenu()
18:37:18.149 [FXGL Background Thread 1 ] DEBUG GameApplicationServi - Application scenes initialized
18:37:18.160 [FXGL Background Thread 1 ] DEBUG SystemBundleService  - Loading FXGL system data
18:37:18.163 [FXGL Background Thread 1 ] DEBUG FileSystemAccess     - Reading from: F:\Proyectos javafx\javafxgl\fxgl-demo\system\fxgl.bundle
18:37:18.175 [FXGL Background Thread 1 ] DEBUG SystemBundleService  - Bundle FXGL: {}
18:37:18.175 [FXGL Background Thread 1 ] DEBUG UpdaterService       - Checking for updates
18:37:18.181 [FXGL Background Thread 4 ] DEBUG FXGLApplication      - Loading fonts
18:37:18.182 [FXGL Background Thread 4 ] DEBUG FXGLAssetLoaderServi - Loading from file system: jar:file:///C:/Users/Usuario/.m2/repository/com/github/almasb/fxgl/17.2/fxgl-17.2.jar!/fxglassets/ui/fonts/VarelaRound-Regular.ttf
18:37:18.182 [FXGL Background Thread 1 ] DEBUG FXGLApplication      - Loading default localization
18:37:18.183 [FXGL Background Thread 1 ] DEBUG FXGLAssetLoaderServi - Loading from file system: jar:file:///C:/Users/Usuario/.m2/repository/com/github/almasb/fxgl/17.2/fxgl-17.2.jar!/fxglassets/languages/english.lang
18:37:18.215 [FXGL Background Thread 1 ] INFO  FXGLApplication      - FXGL initialization took: 0,629 sec
18:37:18.217 [JavaFX Application Thread] WARN  FXGLAssetLoaderServi - Asset "/assets/textures/bf-asomado.png" was not found!
18:37:18.217 [JavaFX Application Thread] WARN  FXGLAssetLoaderServi - Failed to load IMAGE
18:37:18.226 [FXGL Background Thread 4 ] DEBUG FXGLAssetLoaderServi - Loading from file system: jar:file:///C:/Users/Usuario/.m2/repository/com/github/almasb/fxgl/17.2/fxgl-17.2.jar!/fxglassets/ui/fonts/Abel-Regular.ttf
18:37:18.229 [JavaFX Application Thread] DEBUG FXGLAssetLoaderServi - Loading from file system: jar:file:///C:/Users/Usuario/.m2/repository/com/github/almasb/fxgl/17.2/fxgl-17.2.jar!/fxglassets/textures/fxgl_default_cursor.png
18:37:18.240 [JavaFX Application Thread] DEBUG Input                - Registered new binding: Screenshot - CTRL+8
18:37:18.241 [JavaFX Application Thread] DEBUG Input                - Registered new binding: System info dump - CTRL+9
18:37:18.241 [JavaFX Application Thread] DEBUG Input                - Registered new binding: Restart - CTRL+R
18:37:18.242 [JavaFX Application Thread] DEBUG Input                - Registered new binding: Toggle Debug Camera - CTRL+7
18:37:18.245 [JavaFX Application Thread] DEBUG LoopRunner           - Starting loop
18:37:18.245 [JavaFX Application Thread] DEBUG LoopRunner           - Initializing JavaFX AnimationTimerLoop
18:37:18.248 [JavaFX Application Thread] DEBUG Input                - Clearing active input actions
18:37:18.252 [FXGL Background Thread 4 ] DEBUG FXGLAssetLoaderServi - Loading from file system: jar:file:///C:/Users/Usuario/.m2/repository/com/github/almasb/fxgl/17.2/fxgl-17.2.jar!/fxglassets/ui/fonts/TerminalLandMono-Regular.otf
18:37:18.258 [JavaFX Application Thread] DEBUG GameApplicationServi - Removing overlay from FXGLStartupScene and adding to FXGLMainMenuDummyScene
18:37:18.258 [JavaFX Application Thread] DEBUG PrimaryStageWindow   - FXGLStartupScene -> FXGLMainMenuDummyScene
18:37:18.259 [JavaFX Application Thread] DEBUG PrimaryStageWindow   - Push state: FXGLDefaultMenu
18:37:18.265 [JavaFX Application Thread] DEBUG Input                - Clearing active input actions
18:37:18.266 [FXGL Background Thread 4 ] DEBUG FXGLAssetLoaderServi - Loading from file system: jar:file:///C:/Users/Usuario/.m2/repository/com/github/almasb/fxgl/17.2/fxgl-17.2.jar!/fxglassets/ui/fonts/Courier-Prime.ttf
18:37:18.277 [JavaFX Application Thread] DEBUG GameApplicationServi - Removing overlay from FXGLMainMenuDummyScene and adding to FXGLDefaultMenu
18:37:18.278 [JavaFX Application Thread] DEBUG PrimaryStageWindow   - FXGLMainMenuDummyScene -> FXGLDefaultMenu
18:37:18.370 [JavaFX Application Thread] DEBUG FXGLApplication      - Registering font factories with UI factory
18:37:18.783 [FXGL Background Thread 2 ] INFO  UpdaterService       - Your current version:  17.2
18:37:18.783 [FXGL Background Thread 2 ] INFO  UpdaterService       - Latest stable version: 21
18:37:21.180 [FXGL Background Thread 3 ] DEBUG Engine               - Logging environment variables
18:37:21.181 [FXGL Background Thread 3 ] DEBUG Engine               - achievements: []
18:37:21.182 [FXGL Background Thread 3 ] DEBUG Engine               - actualHeight: 720.0
18:37:21.182 [FXGL Background Thread 3 ] DEBUG Engine               - actualHeightProperty: ReadOnlyDoubleProperty [value: 720.0]
18:37:21.182 [FXGL Background Thread 3 ] DEBUG Engine               - actualWidth: 1280.0
18:37:21.182 [FXGL Background Thread 3 ] DEBUG Engine               - actualWidthProperty: ReadOnlyDoubleProperty [value: 1280.0]
18:37:21.182 [FXGL Background Thread 3 ] DEBUG Engine               - appIcon: bf-asomado.png
18:37:21.182 [FXGL Background Thread 3 ] DEBUG Engine               - applicationMode: DEVELOPER
18:37:21.182 [FXGL Background Thread 3 ] DEBUG Engine               - cSSList: [fxgl_dark.css]
18:37:21.183 [FXGL Background Thread 3 ] DEBUG Engine               - collisionDetectionStrategy: BRUTE_FORCE
18:37:21.183 [FXGL Background Thread 3 ] DEBUG Engine               - configClass: Optional.empty
18:37:21.183 [FXGL Background Thread 3 ] DEBUG Engine               - credits: []
18:37:21.183 [FXGL Background Thread 3 ] DEBUG Engine               - defaultCursor: CursorInfo(imageName=fxgl_default_cursor.png, hotspotX=7.0, hotspotY=6.0)
18:37:21.183 [FXGL Background Thread 3 ] DEBUG Engine               - devBBoxColorProperty: ObjectProperty [value: 0xff0000ff]
18:37:21.184 [FXGL Background Thread 3 ] DEBUG Engine               - devEnableDebugCameraProperty: BooleanProperty [value: false]
18:37:21.184 [FXGL Background Thread 3 ] DEBUG Engine               - devSensorColorProperty: ObjectProperty [value: 0xffff00ff]
18:37:21.184 [FXGL Background Thread 3 ] DEBUG Engine               - devShowBBoxProperty: BooleanProperty [value: false]
18:37:21.184 [FXGL Background Thread 3 ] DEBUG Engine               - devShowPositionProperty: BooleanProperty [value: false]
18:37:21.184 [FXGL Background Thread 3 ] DEBUG Engine               - enabledMenuItems: []
18:37:21.184 [FXGL Background Thread 3 ] DEBUG Engine               - engineServices: [class com.almasb.fxgl.app.services.FXGLAssetLoaderService, class com.almasb.fxgl.app.FXGLApplication$GameApplicationService, class com.almasb.fxgl.app.services.FXGLDialogService, class com.almasb.fxgl.app.services.IOTaskExecutorService, class com.almasb.fxgl.io.FileSystemService, class com.almasb.fxgl.localization.LocalizationService, class com.almasb.fxgl.app.services.SystemBundleService, class com.almasb.fxgl.profile.SaveLoadService, class com.almasb.fxgl.ui.FXGLUIFactoryServiceProvider, class com.almasb.fxgl.ui.FXGLDialogFactoryServiceProvider, class com.almasb.fxgl.audio.AudioPlayer, class com.almasb.fxgl.notification.impl.NotificationServiceProvider, class com.almasb.fxgl.achievement.AchievementService, class com.almasb.fxgl.cutscene.CutsceneService, class com.almasb.fxgl.minigames.MiniGameService, class com.almasb.fxgl.net.NetService, class com.almasb.fxgl.app.services.UpdaterService, class com.almasb.fxgl.dev.DevService]
18:37:21.184 [FXGL Background Thread 3 ] DEBUG Engine               - fontGame: Abel-Regular.ttf
18:37:21.184 [FXGL Background Thread 3 ] DEBUG Engine               - fontMono: TerminalLandMono-Regular.otf
18:37:21.184 [FXGL Background Thread 3 ] DEBUG Engine               - fontText: Courier-Prime.ttf
18:37:21.184 [FXGL Background Thread 3 ] DEBUG Engine               - fontUI: VarelaRound-Regular.ttf
18:37:21.184 [FXGL Background Thread 3 ] DEBUG Engine               - fullScreen: BooleanProperty [value: false]
18:37:21.184 [FXGL Background Thread 3 ] DEBUG Engine               - gameDifficulty: MEDIUM
18:37:21.184 [FXGL Background Thread 3 ] DEBUG Engine               - gameDifficultyProperty: ObjectProperty [value: MEDIUM]
18:37:21.184 [FXGL Background Thread 3 ] DEBUG Engine               - globalMusicVolume: 0.5
18:37:21.184 [FXGL Background Thread 3 ] DEBUG Engine               - globalMusicVolumeProperty: DoubleProperty [value: 0.5]
18:37:21.184 [FXGL Background Thread 3 ] DEBUG Engine               - globalSoundVolume: 0.5
18:37:21.185 [FXGL Background Thread 3 ] DEBUG Engine               - globalSoundVolumeProperty: DoubleProperty [value: 0.5]
18:37:21.185 [FXGL Background Thread 3 ] DEBUG Engine               - height: 720
18:37:21.185 [FXGL Background Thread 3 ] DEBUG Engine               - is3D: false
18:37:21.185 [FXGL Background Thread 3 ] DEBUG Engine               - isAndroid: false
18:37:21.185 [FXGL Background Thread 3 ] DEBUG Engine               - isBrowser: false
18:37:21.185 [FXGL Background Thread 3 ] DEBUG Engine               - isClickFeedbackEnabled: false
18:37:21.185 [FXGL Background Thread 3 ] DEBUG Engine               - isCloseConfirmation: false
18:37:21.185 [FXGL Background Thread 3 ] DEBUG Engine               - isDesktop: true
18:37:21.185 [FXGL Background Thread 3 ] DEBUG Engine               - isDeveloperMenuEnabled: false
18:37:21.185 [FXGL Background Thread 3 ] DEBUG Engine               - isEmbedded: false
18:37:21.185 [FXGL Background Thread 3 ] DEBUG Engine               - isEntityPreloadEnabled: true
18:37:21.185 [FXGL Background Thread 3 ] DEBUG Engine               - isExperimentalTiledLargeMap: false
18:37:21.185 [FXGL Background Thread 3 ] DEBUG Engine               - isFileSystemWriteAllowed: true
18:37:21.185 [FXGL Background Thread 3 ] DEBUG Engine               - isFullScreenAllowed: false
18:37:21.185 [FXGL Background Thread 3 ] DEBUG Engine               - isFullScreenFromStart: false
18:37:21.185 [FXGL Background Thread 3 ] DEBUG Engine               - isGameMenuEnabled: true
18:37:21.185 [FXGL Background Thread 3 ] DEBUG Engine               - isIOS: false
18:37:21.185 [FXGL Background Thread 3 ] DEBUG Engine               - isIntroEnabled: false
18:37:21.186 [FXGL Background Thread 3 ] DEBUG Engine               - isLinux: false
18:37:21.186 [FXGL Background Thread 3 ] DEBUG Engine               - isMac: false
18:37:21.186 [FXGL Background Thread 3 ] DEBUG Engine               - isMainMenuEnabled: true
18:37:21.186 [FXGL Background Thread 3 ] DEBUG Engine               - isManualResizeEnabled: false
18:37:21.186 [FXGL Background Thread 3 ] DEBUG Engine               - isMobile: false
18:37:21.186 [FXGL Background Thread 3 ] DEBUG Engine               - isNative: false
18:37:21.186 [FXGL Background Thread 3 ] DEBUG Engine               - isPauseMusicWhenMinimized: true
18:37:21.186 [FXGL Background Thread 3 ] DEBUG Engine               - isPreserveResizeRatio: false
18:37:21.186 [FXGL Background Thread 3 ] DEBUG Engine               - isProfilingEnabled: false
18:37:21.186 [FXGL Background Thread 3 ] DEBUG Engine               - isScaleAffectedOnResize: true
18:37:21.186 [FXGL Background Thread 3 ] DEBUG Engine               - isSingleStep: false
18:37:21.186 [FXGL Background Thread 3 ] DEBUG Engine               - isUserProfileEnabled: false
18:37:21.186 [FXGL Background Thread 3 ] DEBUG Engine               - isWindows: true
18:37:21.186 [FXGL Background Thread 3 ] DEBUG Engine               - language: ObjectProperty [value: ENGLISH]
18:37:21.186 [FXGL Background Thread 3 ] DEBUG Engine               - menuKey: ESCAPE
18:37:21.186 [FXGL Background Thread 3 ] DEBUG Engine               - mouseSensitivity: 0.2
18:37:21.187 [FXGL Background Thread 3 ] DEBUG Engine               - notificationViewClass: class com.almasb.fxgl.notification.view.XboxNotificationView
18:37:21.187 [FXGL Background Thread 3 ] DEBUG Engine               - pixelsPerMeter: 50.0
18:37:21.187 [FXGL Background Thread 3 ] DEBUG Engine               - platform: WINDOWS
18:37:21.187 [FXGL Background Thread 3 ] DEBUG Engine               - prefHeightProperty: ReadOnlyDoubleProperty [value: 720.0]
18:37:21.187 [FXGL Background Thread 3 ] DEBUG Engine               - prefWidthProperty: ReadOnlyDoubleProperty [value: 1280.0]
18:37:21.187 [FXGL Background Thread 3 ] DEBUG Engine               - profileDir: profiles/
18:37:21.187 [FXGL Background Thread 3 ] DEBUG Engine               - profileName: StringProperty [value: DEFAULT]
18:37:21.187 [FXGL Background Thread 3 ] DEBUG Engine               - randomSeed: -1
18:37:21.187 [FXGL Background Thread 3 ] DEBUG Engine               - runtimeInfo: RuntimeInfo(platform=WINDOWS, version=17.2, build=20.08.2022 16.50)
18:37:21.187 [FXGL Background Thread 3 ] DEBUG Engine               - saveFileExt: sav
18:37:21.187 [FXGL Background Thread 3 ] DEBUG Engine               - scaledHeightProp$fxgl: DoubleProperty [bound, value: 720.0]
18:37:21.187 [FXGL Background Thread 3 ] DEBUG Engine               - scaledWidthProp$fxgl: DoubleProperty [bound, value: 1280.0]
18:37:21.188 [FXGL Background Thread 3 ] DEBUG Engine               - sceneFactory: com.almasb.fxgl.app.scene.SceneFactory@67b07a34
18:37:21.188 [FXGL Background Thread 3 ] DEBUG Engine               - secondsIn24h: 60
18:37:21.188 [FXGL Background Thread 3 ] DEBUG Engine               - soundMenuBack: menu/back.wav
18:37:21.188 [FXGL Background Thread 3 ] DEBUG Engine               - soundMenuPress: menu/press.wav
18:37:21.188 [FXGL Background Thread 3 ] DEBUG Engine               - soundMenuSelect: menu/select.wav
18:37:21.188 [FXGL Background Thread 3 ] DEBUG Engine               - soundNotification: core/notification.wav
18:37:21.188 [FXGL Background Thread 3 ] DEBUG Engine               - stageStyle: DECORATED
18:37:21.188 [FXGL Background Thread 3 ] DEBUG Engine               - supportedLanguages: [ENGLISH, FRENCH, GERMAN, HUNGARIAN, RUSSIAN]
18:37:21.188 [FXGL Background Thread 3 ] DEBUG Engine               - ticksPerSecond: -1
18:37:21.188 [FXGL Background Thread 3 ] DEBUG Engine               - title: Demo Fac 1
18:37:21.188 [FXGL Background Thread 3 ] DEBUG Engine               - urlGithub: https://github.com/AlmasB/FXGL
18:37:21.188 [FXGL Background Thread 3 ] DEBUG Engine               - urlLeaderboard: http://fxgl-top.herokuapp.com/
18:37:21.188 [FXGL Background Thread 3 ] DEBUG Engine               - urlPOM: https://raw.githubusercontent.com/AlmasB/FXGL/release/README.md
18:37:21.188 [FXGL Background Thread 3 ] DEBUG Engine               - userAppClass: class com.demo.fxgldemo.demoApp
18:37:21.188 [FXGL Background Thread 3 ] DEBUG Engine               - version: 0.0
18:37:21.188 [FXGL Background Thread 3 ] DEBUG Engine               - versionCheckDays: 7
18:37:21.188 [FXGL Background Thread 3 ] DEBUG Engine               - width: 1280
18:37:21.188 [FXGL Background Thread 3 ] DEBUG Engine               - Logging services
18:37:21.188 [FXGL Background Thread 3 ] DEBUG Engine               - class com.almasb.fxgl.app.services.FXGLAssetLoaderService
18:37:21.189 [FXGL Background Thread 3 ] DEBUG Engine               - class com.almasb.fxgl.app.FXGLApplication$GameApplicationService
18:37:21.189 [FXGL Background Thread 3 ] DEBUG Engine               - class com.almasb.fxgl.app.services.FXGLDialogService
18:37:21.189 [FXGL Background Thread 3 ] DEBUG Engine               - class com.almasb.fxgl.app.services.IOTaskExecutorService
18:37:21.189 [FXGL Background Thread 3 ] DEBUG Engine               - class com.almasb.fxgl.io.FileSystemService
18:37:21.189 [FXGL Background Thread 3 ] DEBUG Engine               - class com.almasb.fxgl.localization.LocalizationService
18:37:21.189 [FXGL Background Thread 3 ] DEBUG Engine               - class com.almasb.fxgl.app.services.SystemBundleService
18:37:21.189 [FXGL Background Thread 3 ] DEBUG Engine               - class com.almasb.fxgl.profile.SaveLoadService
18:37:21.189 [FXGL Background Thread 3 ] DEBUG Engine               - class com.almasb.fxgl.ui.FXGLUIFactoryServiceProvider
18:37:21.189 [FXGL Background Thread 3 ] DEBUG Engine               - class com.almasb.fxgl.ui.FXGLDialogFactoryServiceProvider
18:37:21.189 [FXGL Background Thread 3 ] DEBUG Engine               - class com.almasb.fxgl.audio.AudioPlayer
18:37:21.189 [FXGL Background Thread 3 ] DEBUG Engine               - class com.almasb.fxgl.notification.impl.NotificationServiceProvider
18:37:21.189 [FXGL Background Thread 3 ] DEBUG Engine               - class com.almasb.fxgl.achievement.AchievementService
18:37:21.189 [FXGL Background Thread 3 ] DEBUG Engine               - class com.almasb.fxgl.cutscene.CutsceneService
18:37:21.189 [FXGL Background Thread 3 ] DEBUG Engine               - class com.almasb.fxgl.minigames.MiniGameService
18:37:21.189 [FXGL Background Thread 3 ] DEBUG Engine               - class com.almasb.fxgl.net.NetService
18:37:21.189 [FXGL Background Thread 3 ] DEBUG Engine               - class com.almasb.fxgl.app.services.UpdaterService
18:37:21.189 [FXGL Background Thread 3 ] DEBUG Engine               - class com.almasb.fxgl.dev.DevService
18:37:21.900 [JavaFX Application Thread] DEBUG FXGLApplication      - Exiting FXGL
18:37:21.900 [JavaFX Application Thread] DEBUG LoopRunner           - Stopping loop
18:37:21.901 [JavaFX Application Thread] DEBUG SystemBundleService  - Saving FXGL system data
18:37:21.902 [JavaFX Application Thread] DEBUG FileSystemAccess     - Writing to: F:\Proyectos javafx\javafxgl\fxgl-demo\system\fxgl.bundle
18:37:21.904 [JavaFX Application Thread] DEBUG Async                - Shutting down background threads
18:37:21.905 [JavaFX Application Thread] DEBUG PrimaryStageWindow   - Closing main window
18:37:21.919 [JavaFX Application Thread] DEBUG Logger               - Closing Logger
