09:27:00.001 [main                     ] DEBUG Logger               - Configured Logger
09:27:00.034 [main                     ] DEBUG GameApplication      - Logging settings
Title: Probando demoCuboApp
Version: 0.0
Width: 800
Height: 600
Fullscreen: false
Intro: false
Profiling: false
Single step:false
App Mode: DEVELOPER
Menu Key: ESCAPE
Stage Style: DECORATED
Scene Factory: class com.almasb.fxgl.app.scene.SceneFactory

09:27:00.343 [JavaFX Application Thread] DEBUG FXGLApplication      - Initializing FXGL
09:27:00.347 [JavaFX Application Thread] INFO  Engine               - FXGL-17.2 (20.08.2022 16.50) on WINDOWS (J:21.0.1 FX:21-ea)
09:27:00.348 [JavaFX Application Thread] DEBUG Engine               - JRE Vendor Name: Oracle Corporation
09:27:00.348 [JavaFX Application Thread] DEBUG Engine               - Running on OS: Windows 10 version 10.0
09:27:00.348 [JavaFX Application Thread] DEBUG Engine               - Architecture: amd64
09:27:00.348 [JavaFX Application Thread] INFO  Engine               - Source code and latest versions at: https://github.com/AlmasB/FXGL
09:27:00.348 [JavaFX Application Thread] INFO  Engine               -       Ask questions and discuss at: https://github.com/AlmasB/FXGL/discussions
09:27:00.348 [JavaFX Application Thread] INFO  Engine               -              Join the FXGL chat at: https://gitter.im/AlmasB/FXGL
09:27:00.437 [JavaFX Application Thread] DEBUG PrimaryStageWindow   - Creating a JavaFX scene
09:27:00.493 [JavaFX Application Thread] DEBUG PrimaryStageWindow   - Target settings size: 800.0 x 600.0
09:27:00.493 [JavaFX Application Thread] DEBUG PrimaryStageWindow   - Scaled scene size:    800.0 x 600.0
09:27:00.494 [JavaFX Application Thread] DEBUG PrimaryStageWindow   - Scaled ratio: (1.0, 1.0)
09:27:00.495 [JavaFX Application Thread] DEBUG PrimaryStageWindow   - Set initial scene to FXGLStartupScene
09:27:00.498 [JavaFX Application Thread] DEBUG PrimaryStageWindow   - Opening main window
09:27:00.603 [JavaFX Application Thread] DEBUG PrimaryStageWindow   - Window border size: (14.4000244140625, 37.5999755859375)
09:27:00.604 [JavaFX Application Thread] DEBUG PrimaryStageWindow   - Scaled size: 800.0 x 600.0
09:27:00.604 [JavaFX Application Thread] DEBUG PrimaryStageWindow   - Scaled ratio: (1.0, 1.0)
09:27:00.604 [JavaFX Application Thread] DEBUG PrimaryStageWindow   - Scene size: 800.0 x 600.0
09:27:00.605 [JavaFX Application Thread] DEBUG PrimaryStageWindow   - Stage size: 814.4000244140625 x 637.5999755859375
09:27:00.617 [FXGL Background Thread 1 ] DEBUG Engine               - Initializing environment variables
09:27:00.704 [FXGL Background Thread 1 ] DEBUG FXGLAssetLoaderServi - User app class for loading assets: class com.demo.fxgldemo.demoCuboApp
09:27:00.704 [FXGL Background Thread 1 ] DEBUG GameApplicationServi - Applying CSS: fxgl_dark.css
09:27:00.705 [FXGL Background Thread 1 ] DEBUG FXGLAssetLoaderServi - Loading from file system: jar:file:///C:/Users/Usuario/.m2/repository/com/github/almasb/fxgl/17.2/fxgl-17.2.jar!/fxglassets/ui/css/fxgl_dark.css
09:27:00.760 [FXGL Background Thread 1 ] DEBUG GameApplicationServi - Initializing application scenes
09:27:00.807 [FXGL Background Thread 1 ] DEBUG GameWorld            - Game world initialized
09:27:00.896 [FXGL Background Thread 1 ] DEBUG PhysicsWorld         - Physics world initialized: appHeight=600, physics.ppm=50,0
09:27:00.897 [FXGL Background Thread 1 ] DEBUG PhysicsWorld         - Using strategy: BRUTE_FORCE
09:27:00.903 [FXGL Background Thread 1 ] DEBUG GameScene            - Game scene initialized: 800x600
09:27:00.918 [FXGL Background Thread 1 ] DEBUG FXGL.DefaultMenu     - createMenuBodyGameMenu()
09:27:00.932 [FXGL Background Thread 1 ] DEBUG FXGL.DefaultMenu     - createOptionsMenu()
09:27:00.944 [FXGL Background Thread 1 ] DEBUG FXGLAssetLoaderServi - Loading from file system: jar:file:///C:/Users/Usuario/.m2/repository/com/github/almasb/fxgl/17.2/fxgl-17.2.jar!/fxglassets/textures/particles/smoke.png
09:27:01.040 [FXGL Background Thread 1 ] DEBUG FXGLAssetLoaderServi - Loading from file system: jar:file:///C:/Users/Usuario/.m2/repository/com/github/almasb/fxgl/17.2/fxgl-17.2.jar!/fxglassets/textures/particles/trace_horizontal.png
09:27:01.067 [FXGL Background Thread 1 ] DEBUG GameApplicationServi - Application scenes initialized
09:27:01.081 [FXGL Background Thread 1 ] DEBUG SystemBundleService  - Loading FXGL system data
09:27:01.085 [FXGL Background Thread 1 ] DEBUG FileSystemAccess     - Reading from: F:\Proyectos javafx\javafxgl\fxgl-demo\system\fxgl.bundle
09:27:01.097 [FXGL Background Thread 1 ] DEBUG SystemBundleService  - Bundle FXGL: {}
09:27:01.097 [FXGL Background Thread 1 ] DEBUG UpdaterService       - Checking for updates
09:27:01.102 [FXGL Background Thread 4 ] DEBUG FXGLApplication      - Loading fonts
09:27:01.103 [FXGL Background Thread 1 ] DEBUG FXGLApplication      - Loading default localization
09:27:01.103 [FXGL Background Thread 4 ] DEBUG FXGLAssetLoaderServi - Loading from file system: jar:file:///C:/Users/Usuario/.m2/repository/com/github/almasb/fxgl/17.2/fxgl-17.2.jar!/fxglassets/ui/fonts/VarelaRound-Regular.ttf
09:27:01.104 [FXGL Background Thread 1 ] DEBUG FXGLAssetLoaderServi - Loading from file system: jar:file:///C:/Users/Usuario/.m2/repository/com/github/almasb/fxgl/17.2/fxgl-17.2.jar!/fxglassets/languages/english.lang
09:27:01.144 [FXGL Background Thread 1 ] INFO  FXGLApplication      - FXGL initialization took: 0,527 sec
09:27:01.147 [FXGL Background Thread 4 ] DEBUG FXGLAssetLoaderServi - Loading from file system: jar:file:///C:/Users/Usuario/.m2/repository/com/github/almasb/fxgl/17.2/fxgl-17.2.jar!/fxglassets/ui/fonts/Abel-Regular.ttf
09:27:01.158 [FXGL Background Thread 4 ] DEBUG FXGLAssetLoaderServi - Loading from file system: jar:file:///C:/Users/Usuario/.m2/repository/com/github/almasb/fxgl/17.2/fxgl-17.2.jar!/fxglassets/ui/fonts/TerminalLandMono-Regular.otf
09:27:01.159 [JavaFX Application Thread] DEBUG Input                - Registered new binding: action0 - A
09:27:01.159 [JavaFX Application Thread] DEBUG Input                - Registered new binding: action1 - D
09:27:01.160 [JavaFX Application Thread] DEBUG Input                - Registered new binding: action2 - W
09:27:01.160 [JavaFX Application Thread] DEBUG Input                - Registered new binding: action3 - S
09:27:01.161 [JavaFX Application Thread] DEBUG Input                - Registered new binding: action4 - J
09:27:01.161 [JavaFX Application Thread] DEBUG Input                - Registered new binding: action5 - L
09:27:01.162 [JavaFX Application Thread] DEBUG Input                - Registered new binding: action6 - I
09:27:01.162 [JavaFX Application Thread] DEBUG Input                - Registered new binding: action7 - K
09:27:01.163 [JavaFX Application Thread] DEBUG FXGLAssetLoaderServi - Loading from file system: jar:file:///C:/Users/Usuario/.m2/repository/com/github/almasb/fxgl/17.2/fxgl-17.2.jar!/fxglassets/textures/fxgl_icon.png
09:27:01.170 [FXGL Background Thread 4 ] DEBUG FXGLAssetLoaderServi - Loading from file system: jar:file:///C:/Users/Usuario/.m2/repository/com/github/almasb/fxgl/17.2/fxgl-17.2.jar!/fxglassets/ui/fonts/Courier-Prime.ttf
09:27:01.190 [JavaFX Application Thread] DEBUG FXGLAssetLoaderServi - Loading from file system: jar:file:///C:/Users/Usuario/.m2/repository/com/github/almasb/fxgl/17.2/fxgl-17.2.jar!/fxglassets/textures/fxgl_default_cursor.png
09:27:01.194 [JavaFX Application Thread] DEBUG Input                - Registered new binding: Screenshot - CTRL+8
09:27:01.194 [JavaFX Application Thread] DEBUG Input                - Registered new binding: System info dump - CTRL+9
09:27:01.194 [JavaFX Application Thread] DEBUG Input                - Registered new binding: Restart - CTRL+R
09:27:01.195 [JavaFX Application Thread] DEBUG Input                - Registered new binding: Toggle Debug Camera - CTRL+7
09:27:01.197 [JavaFX Application Thread] DEBUG LoopRunner           - Starting loop
09:27:01.197 [JavaFX Application Thread] DEBUG LoopRunner           - Initializing JavaFX AnimationTimerLoop
09:27:01.200 [JavaFX Application Thread] DEBUG GameApplicationServi - Starting new game
09:27:01.201 [JavaFX Application Thread] DEBUG Input                - Clearing active input actions
09:27:01.214 [JavaFX Application Thread] DEBUG GameApplicationServi - Removing overlay from FXGLStartupScene and adding to FXGLLoadingScene
09:27:01.214 [JavaFX Application Thread] DEBUG PrimaryStageWindow   - FXGLStartupScene -> FXGLLoadingScene
09:27:01.214 [JavaFX Application Thread] DEBUG GameApplicationServi - Clearing previous game
09:27:01.214 [JavaFX Application Thread] DEBUG GameScene            - Clearing game scene
09:27:01.214 [JavaFX Application Thread] DEBUG GameWorld            - Clearing game world
09:27:01.214 [JavaFX Application Thread] DEBUG PhysicsWorld         - Clearing physics world
09:27:01.216 [JavaFX Application Thread] DEBUG FXGLApplication      - Registering font factories with UI factory
09:27:01.216 [FXGL Background Thread 4 ] DEBUG FXGLApplication      - Initializing game
09:27:01.231 [FXGL Background Thread 4 ] WARN  FXGLAssetLoaderServi - Asset "/assets/textures/src/main/resources/com/demo/fxgldemo/assets/textures/personajes/player.png" was not found!
09:27:01.231 [FXGL Background Thread 4 ] WARN  FXGLAssetLoaderServi - Failed to load IMAGE
09:27:01.400 [FXGL Background Thread 4 ] INFO  FXGLApplication      - Game initialization took: 0,184 sec
09:27:01.401 [JavaFX Application Thread] DEBUG Input                - Clearing active input actions
09:27:01.416 [JavaFX Application Thread] DEBUG GameApplicationServi - Removing overlay from FXGLLoadingScene and adding to GameScene
09:27:01.416 [JavaFX Application Thread] DEBUG PrimaryStageWindow   - FXGLLoadingScene -> GameScene
09:27:01.608 [FXGL Background Thread 2 ] INFO  UpdaterService       - Your current version:  17.2
09:27:01.608 [FXGL Background Thread 2 ] INFO  UpdaterService       - Latest stable version: 21
09:27:02.954 [JavaFX Application Thread] DEBUG FXGLApplication      - Exiting FXGL
09:27:02.954 [JavaFX Application Thread] DEBUG LoopRunner           - Stopping loop
09:27:02.954 [JavaFX Application Thread] DEBUG SystemBundleService  - Saving FXGL system data
09:27:02.956 [JavaFX Application Thread] DEBUG FileSystemAccess     - Writing to: F:\Proyectos javafx\javafxgl\fxgl-demo\system\fxgl.bundle
09:27:02.958 [JavaFX Application Thread] DEBUG Async                - Shutting down background threads
09:27:02.958 [JavaFX Application Thread] DEBUG PrimaryStageWindow   - Closing main window
09:27:02.975 [JavaFX Application Thread] DEBUG Logger               - Closing Logger
