07:42:43.271 [main                     ] DEBUG Logger               - Configured Logger
07:42:43.304 [main                     ] DEBUG GameApplication      - Logging settings
Title: Demo Fac 1
Version: 0.0
Width: 1280
Height: 720
Fullscreen: false
Intro: false
Profiling: false
Single step:false
App Mode: DEVELOPER
Menu Key: ESCAPE
Stage Style: DECORATED
Scene Factory: class com.almasb.fxgl.app.scene.SceneFactory

07:42:43.598 [JavaFX Application Thread] DEBUG FXGLApplication      - Initializing FXGL
07:42:43.603 [JavaFX Application Thread] INFO  Engine               - FXGL-17.2 (20.08.2022 16.50) on WINDOWS (J:21.0.1 FX:21-ea)
07:42:43.604 [JavaFX Application Thread] DEBUG Engine               - JRE Vendor Name: Oracle Corporation
07:42:43.604 [JavaFX Application Thread] DEBUG Engine               - Running on OS: Windows 10 version 10.0
07:42:43.604 [JavaFX Application Thread] DEBUG Engine               - Architecture: amd64
07:42:43.604 [JavaFX Application Thread] INFO  Engine               - Source code and latest versions at: https://github.com/AlmasB/FXGL
07:42:43.604 [JavaFX Application Thread] INFO  Engine               -       Ask questions and discuss at: https://github.com/AlmasB/FXGL/discussions
07:42:43.605 [JavaFX Application Thread] INFO  Engine               -              Join the FXGL chat at: https://gitter.im/AlmasB/FXGL
07:42:43.692 [JavaFX Application Thread] DEBUG PrimaryStageWindow   - Creating a JavaFX scene
07:42:43.745 [JavaFX Application Thread] DEBUG PrimaryStageWindow   - Target settings size: 1280.0 x 720.0
07:42:43.746 [JavaFX Application Thread] DEBUG PrimaryStageWindow   - Scaled scene size:    1280.0 x 720.0
07:42:43.746 [JavaFX Application Thread] DEBUG PrimaryStageWindow   - Scaled ratio: (1.0, 1.0)
07:42:43.747 [JavaFX Application Thread] DEBUG PrimaryStageWindow   - Set initial scene to FXGLStartupScene
07:42:43.750 [JavaFX Application Thread] DEBUG PrimaryStageWindow   - Opening main window
07:42:43.860 [JavaFX Application Thread] DEBUG PrimaryStageWindow   - Window border size: (14.4000244140625, 37.5999755859375)
07:42:43.861 [JavaFX Application Thread] DEBUG PrimaryStageWindow   - Scaled size: 1280.0 x 720.0
07:42:43.862 [JavaFX Application Thread] DEBUG PrimaryStageWindow   - Scaled ratio: (1.0, 1.0)
07:42:43.863 [JavaFX Application Thread] DEBUG PrimaryStageWindow   - Scene size: 1280.0 x 720.0
07:42:43.864 [JavaFX Application Thread] DEBUG PrimaryStageWindow   - Stage size: 1294.4000244140625 x 757.5999755859375
07:42:43.873 [FXGL Background Thread 1 ] DEBUG Engine               - Initializing environment variables
07:42:43.958 [FXGL Background Thread 1 ] DEBUG FXGLAssetLoaderServi - User app class for loading assets: class com.demo.fxgldemo.demoApp
07:42:43.959 [FXGL Background Thread 1 ] DEBUG GameApplicationServi - Applying CSS: fxgl_dark.css
07:42:43.959 [FXGL Background Thread 1 ] DEBUG FXGLAssetLoaderServi - Loading from file system: jar:file:///C:/Users/Usuario/.m2/repository/com/github/almasb/fxgl/17.2/fxgl-17.2.jar!/fxglassets/ui/css/fxgl_dark.css
07:42:44.018 [FXGL Background Thread 1 ] DEBUG GameApplicationServi - Initializing application scenes
07:42:44.068 [FXGL Background Thread 1 ] DEBUG GameWorld            - Game world initialized
07:42:44.158 [FXGL Background Thread 1 ] DEBUG PhysicsWorld         - Physics world initialized: appHeight=720, physics.ppm=50,0
07:42:44.159 [FXGL Background Thread 1 ] DEBUG PhysicsWorld         - Using strategy: BRUTE_FORCE
07:42:44.167 [FXGL Background Thread 1 ] DEBUG GameScene            - Game scene initialized: 1280x720
07:42:44.180 [FXGL Background Thread 1 ] DEBUG FXGL.DefaultMenu     - createMenuBodyGameMenu()
07:42:44.195 [FXGL Background Thread 1 ] DEBUG FXGL.DefaultMenu     - createOptionsMenu()
07:42:44.207 [FXGL Background Thread 1 ] DEBUG FXGLAssetLoaderServi - Loading from file system: jar:file:///C:/Users/Usuario/.m2/repository/com/github/almasb/fxgl/17.2/fxgl-17.2.jar!/fxglassets/textures/particles/smoke.png
07:42:44.295 [FXGL Background Thread 1 ] DEBUG FXGLAssetLoaderServi - Loading from file system: jar:file:///C:/Users/Usuario/.m2/repository/com/github/almasb/fxgl/17.2/fxgl-17.2.jar!/fxglassets/textures/particles/trace_horizontal.png
07:42:44.322 [FXGL Background Thread 1 ] DEBUG GameApplicationServi - Application scenes initialized
07:42:44.337 [FXGL Background Thread 1 ] DEBUG SystemBundleService  - Loading FXGL system data
07:42:44.341 [FXGL Background Thread 1 ] DEBUG FileSystemAccess     - Reading from: F:\Proyectos javafx\javafxgl\fxgl-demo\system\fxgl.bundle
07:42:44.354 [FXGL Background Thread 1 ] DEBUG SystemBundleService  - Bundle FXGL: {}
07:42:44.354 [FXGL Background Thread 1 ] DEBUG UpdaterService       - Checking for updates
07:42:44.360 [FXGL Background Thread 4 ] DEBUG FXGLApplication      - Loading fonts
07:42:44.361 [FXGL Background Thread 1 ] DEBUG FXGLApplication      - Loading default localization
07:42:44.361 [FXGL Background Thread 4 ] DEBUG FXGLAssetLoaderServi - Loading from file system: jar:file:///C:/Users/Usuario/.m2/repository/com/github/almasb/fxgl/17.2/fxgl-17.2.jar!/fxglassets/ui/fonts/VarelaRound-Regular.ttf
07:42:44.363 [FXGL Background Thread 1 ] DEBUG FXGLAssetLoaderServi - Loading from file system: jar:file:///C:/Users/Usuario/.m2/repository/com/github/almasb/fxgl/17.2/fxgl-17.2.jar!/fxglassets/languages/english.lang
07:42:44.400 [FXGL Background Thread 1 ] INFO  FXGLApplication      - FXGL initialization took: 0,527 sec
07:42:44.404 [FXGL Background Thread 4 ] DEBUG FXGLAssetLoaderServi - Loading from file system: jar:file:///C:/Users/Usuario/.m2/repository/com/github/almasb/fxgl/17.2/fxgl-17.2.jar!/fxglassets/ui/fonts/Abel-Regular.ttf
07:42:44.413 [FXGL Background Thread 4 ] DEBUG FXGLAssetLoaderServi - Loading from file system: jar:file:///C:/Users/Usuario/.m2/repository/com/github/almasb/fxgl/17.2/fxgl-17.2.jar!/fxglassets/ui/fonts/TerminalLandMono-Regular.otf
07:42:44.416 [JavaFX Application Thread] DEBUG Input                - Registered new binding: Left - A
07:42:44.416 [JavaFX Application Thread] DEBUG Input                - Registered new binding: Right - D
07:42:44.416 [JavaFX Application Thread] DEBUG Input                - Registered new binding: Jump - W
07:42:44.417 [JavaFX Application Thread] WARN  FXGLAssetLoaderServi - Asset "/assets/textures/bf-asomado.png" was not found!
07:42:44.417 [JavaFX Application Thread] WARN  FXGLAssetLoaderServi - Failed to load IMAGE
07:42:44.425 [FXGL Background Thread 4 ] DEBUG FXGLAssetLoaderServi - Loading from file system: jar:file:///C:/Users/Usuario/.m2/repository/com/github/almasb/fxgl/17.2/fxgl-17.2.jar!/fxglassets/ui/fonts/Courier-Prime.ttf
07:42:44.430 [JavaFX Application Thread] DEBUG FXGLAssetLoaderServi - Loading from file system: jar:file:///C:/Users/Usuario/.m2/repository/com/github/almasb/fxgl/17.2/fxgl-17.2.jar!/fxglassets/textures/fxgl_default_cursor.png
07:42:44.434 [JavaFX Application Thread] DEBUG Input                - Registered new binding: Screenshot - CTRL+8
07:42:44.435 [JavaFX Application Thread] DEBUG Input                - Registered new binding: System info dump - CTRL+9
07:42:44.436 [JavaFX Application Thread] DEBUG Input                - Registered new binding: Restart - CTRL+R
07:42:44.437 [JavaFX Application Thread] DEBUG Input                - Registered new binding: Toggle Debug Camera - CTRL+7
07:42:44.439 [JavaFX Application Thread] DEBUG LoopRunner           - Starting loop
07:42:44.439 [JavaFX Application Thread] DEBUG LoopRunner           - Initializing JavaFX AnimationTimerLoop
07:42:44.441 [JavaFX Application Thread] DEBUG GameApplicationServi - Starting new game
07:42:44.442 [JavaFX Application Thread] DEBUG Input                - Clearing active input actions
07:42:44.453 [JavaFX Application Thread] DEBUG GameApplicationServi - Removing overlay from FXGLStartupScene and adding to FXGLLoadingScene
07:42:44.453 [JavaFX Application Thread] DEBUG PrimaryStageWindow   - FXGLStartupScene -> FXGLLoadingScene
07:42:44.453 [JavaFX Application Thread] DEBUG GameApplicationServi - Clearing previous game
07:42:44.454 [JavaFX Application Thread] DEBUG GameScene            - Clearing game scene
07:42:44.454 [JavaFX Application Thread] DEBUG GameWorld            - Clearing game world
07:42:44.454 [JavaFX Application Thread] DEBUG PhysicsWorld         - Clearing physics world
07:42:44.456 [JavaFX Application Thread] DEBUG FXGLApplication      - Registering font factories with UI factory
07:42:44.495 [FXGL Background Thread 4 ] WARN  FXGLAssetLoaderServi - Asset "/assets/textures/player.png" was not found!
07:42:44.495 [FXGL Background Thread 4 ] WARN  FXGLAssetLoaderServi - Failed to load IMAGE
07:42:44.528 [FXGL Background Thread 4 ] INFO  FXGLApplication      - Game initialization took: 0,071 sec
07:42:44.617 [JavaFX Application Thread] DEBUG Input                - Clearing active input actions
07:42:44.630 [JavaFX Application Thread] DEBUG GameApplicationServi - Removing overlay from FXGLLoadingScene and adding to GameScene
07:42:44.630 [JavaFX Application Thread] DEBUG PrimaryStageWindow   - FXGLLoadingScene -> GameScene
07:42:44.880 [FXGL Background Thread 2 ] INFO  UpdaterService       - Your current version:  17.2
07:42:44.880 [FXGL Background Thread 2 ] INFO  UpdaterService       - Latest stable version: 21
07:42:47.359 [FXGL Background Thread 3 ] DEBUG Engine               - Logging environment variables
07:42:47.361 [FXGL Background Thread 3 ] DEBUG Engine               - achievements: []
07:42:47.362 [FXGL Background Thread 3 ] DEBUG Engine               - actualHeight: 720.0
07:42:47.362 [FXGL Background Thread 3 ] DEBUG Engine               - actualHeightProperty: ReadOnlyDoubleProperty [value: 720.0]
07:42:47.362 [FXGL Background Thread 3 ] DEBUG Engine               - actualWidth: 1280.0
07:42:47.363 [FXGL Background Thread 3 ] DEBUG Engine               - actualWidthProperty: ReadOnlyDoubleProperty [value: 1280.0]
07:42:47.363 [FXGL Background Thread 3 ] DEBUG Engine               - appIcon: bf-asomado.png
07:42:47.363 [FXGL Background Thread 3 ] DEBUG Engine               - applicationMode: DEVELOPER
07:42:47.364 [FXGL Background Thread 3 ] DEBUG Engine               - cSSList: [fxgl_dark.css]
07:42:47.364 [FXGL Background Thread 3 ] DEBUG Engine               - collisionDetectionStrategy: BRUTE_FORCE
07:42:47.364 [FXGL Background Thread 3 ] DEBUG Engine               - configClass: Optional.empty
07:42:47.364 [FXGL Background Thread 3 ] DEBUG Engine               - credits: []
07:42:47.366 [FXGL Background Thread 3 ] DEBUG Engine               - defaultCursor: CursorInfo(imageName=fxgl_default_cursor.png, hotspotX=7.0, hotspotY=6.0)
07:42:47.366 [FXGL Background Thread 3 ] DEBUG Engine               - devBBoxColorProperty: ObjectProperty [value: 0xff0000ff]
07:42:47.367 [FXGL Background Thread 3 ] DEBUG Engine               - devEnableDebugCameraProperty: BooleanProperty [value: false]
07:42:47.367 [FXGL Background Thread 3 ] DEBUG Engine               - devSensorColorProperty: ObjectProperty [value: 0xffff00ff]
07:42:47.367 [FXGL Background Thread 3 ] DEBUG Engine               - devShowBBoxProperty: BooleanProperty [value: false]
07:42:47.368 [FXGL Background Thread 3 ] DEBUG Engine               - devShowPositionProperty: BooleanProperty [value: false]
07:42:47.368 [FXGL Background Thread 3 ] DEBUG Engine               - enabledMenuItems: []
07:42:47.368 [FXGL Background Thread 3 ] DEBUG Engine               - engineServices: [class com.almasb.fxgl.app.services.FXGLAssetLoaderService, class com.almasb.fxgl.app.FXGLApplication$GameApplicationService, class com.almasb.fxgl.app.services.FXGLDialogService, class com.almasb.fxgl.app.services.IOTaskExecutorService, class com.almasb.fxgl.io.FileSystemService, class com.almasb.fxgl.localization.LocalizationService, class com.almasb.fxgl.app.services.SystemBundleService, class com.almasb.fxgl.profile.SaveLoadService, class com.almasb.fxgl.ui.FXGLUIFactoryServiceProvider, class com.almasb.fxgl.ui.FXGLDialogFactoryServiceProvider, class com.almasb.fxgl.audio.AudioPlayer, class com.almasb.fxgl.notification.impl.NotificationServiceProvider, class com.almasb.fxgl.achievement.AchievementService, class com.almasb.fxgl.cutscene.CutsceneService, class com.almasb.fxgl.minigames.MiniGameService, class com.almasb.fxgl.net.NetService, class com.almasb.fxgl.app.services.UpdaterService, class com.almasb.fxgl.dev.DevService]
07:42:47.368 [FXGL Background Thread 3 ] DEBUG Engine               - fontGame: Abel-Regular.ttf
07:42:47.369 [FXGL Background Thread 3 ] DEBUG Engine               - fontMono: TerminalLandMono-Regular.otf
07:42:47.369 [FXGL Background Thread 3 ] DEBUG Engine               - fontText: Courier-Prime.ttf
07:42:47.369 [FXGL Background Thread 3 ] DEBUG Engine               - fontUI: VarelaRound-Regular.ttf
07:42:47.369 [FXGL Background Thread 3 ] DEBUG Engine               - fullScreen: BooleanProperty [value: false]
07:42:47.370 [FXGL Background Thread 3 ] DEBUG Engine               - gameDifficulty: MEDIUM
07:42:47.370 [FXGL Background Thread 3 ] DEBUG Engine               - gameDifficultyProperty: ObjectProperty [value: MEDIUM]
07:42:47.370 [FXGL Background Thread 3 ] DEBUG Engine               - globalMusicVolume: 0.5
07:42:47.371 [FXGL Background Thread 3 ] DEBUG Engine               - globalMusicVolumeProperty: DoubleProperty [value: 0.5]
07:42:47.371 [FXGL Background Thread 3 ] DEBUG Engine               - globalSoundVolume: 0.5
07:42:47.372 [FXGL Background Thread 3 ] DEBUG Engine               - globalSoundVolumeProperty: DoubleProperty [value: 0.5]
07:42:47.372 [FXGL Background Thread 3 ] DEBUG Engine               - height: 720
07:42:47.372 [FXGL Background Thread 3 ] DEBUG Engine               - is3D: false
07:42:47.373 [FXGL Background Thread 3 ] DEBUG Engine               - isAndroid: false
07:42:47.373 [FXGL Background Thread 3 ] DEBUG Engine               - isBrowser: false
07:42:47.373 [FXGL Background Thread 3 ] DEBUG Engine               - isClickFeedbackEnabled: false
07:42:47.373 [FXGL Background Thread 3 ] DEBUG Engine               - isCloseConfirmation: false
07:42:47.374 [FXGL Background Thread 3 ] DEBUG Engine               - isDesktop: true
07:42:47.374 [FXGL Background Thread 3 ] DEBUG Engine               - isDeveloperMenuEnabled: false
07:42:47.374 [FXGL Background Thread 3 ] DEBUG Engine               - isEmbedded: false
07:42:47.374 [FXGL Background Thread 3 ] DEBUG Engine               - isEntityPreloadEnabled: true
07:42:47.375 [FXGL Background Thread 3 ] DEBUG Engine               - isExperimentalTiledLargeMap: false
07:42:47.375 [FXGL Background Thread 3 ] DEBUG Engine               - isFileSystemWriteAllowed: true
07:42:47.375 [FXGL Background Thread 3 ] DEBUG Engine               - isFullScreenAllowed: false
07:42:47.375 [FXGL Background Thread 3 ] DEBUG Engine               - isFullScreenFromStart: false
07:42:47.375 [FXGL Background Thread 3 ] DEBUG Engine               - isGameMenuEnabled: true
07:42:47.376 [FXGL Background Thread 3 ] DEBUG Engine               - isIOS: false
07:42:47.376 [FXGL Background Thread 3 ] DEBUG Engine               - isIntroEnabled: false
07:42:47.376 [FXGL Background Thread 3 ] DEBUG Engine               - isLinux: false
07:42:47.377 [FXGL Background Thread 3 ] DEBUG Engine               - isMac: false
07:42:47.377 [FXGL Background Thread 3 ] DEBUG Engine               - isMainMenuEnabled: false
07:42:47.377 [FXGL Background Thread 3 ] DEBUG Engine               - isManualResizeEnabled: false
07:42:47.378 [FXGL Background Thread 3 ] DEBUG Engine               - isMobile: false
07:42:47.378 [FXGL Background Thread 3 ] DEBUG Engine               - isNative: false
07:42:47.378 [FXGL Background Thread 3 ] DEBUG Engine               - isPauseMusicWhenMinimized: true
07:42:47.378 [FXGL Background Thread 3 ] DEBUG Engine               - isPreserveResizeRatio: false
07:42:47.379 [FXGL Background Thread 3 ] DEBUG Engine               - isProfilingEnabled: false
07:42:47.379 [FXGL Background Thread 3 ] DEBUG Engine               - isScaleAffectedOnResize: true
07:42:47.379 [FXGL Background Thread 3 ] DEBUG Engine               - isSingleStep: false
07:42:47.379 [FXGL Background Thread 3 ] DEBUG Engine               - isUserProfileEnabled: false
07:42:47.380 [FXGL Background Thread 3 ] DEBUG Engine               - isWindows: true
07:42:47.380 [FXGL Background Thread 3 ] DEBUG Engine               - language: ObjectProperty [value: ENGLISH]
07:42:47.380 [FXGL Background Thread 3 ] DEBUG Engine               - menuKey: ESCAPE
07:42:47.380 [FXGL Background Thread 3 ] DEBUG Engine               - mouseSensitivity: 0.2
07:42:47.380 [FXGL Background Thread 3 ] DEBUG Engine               - notificationViewClass: class com.almasb.fxgl.notification.view.XboxNotificationView
07:42:47.380 [FXGL Background Thread 3 ] DEBUG Engine               - pixelsPerMeter: 50.0
07:42:47.381 [FXGL Background Thread 3 ] DEBUG Engine               - platform: WINDOWS
07:42:47.381 [FXGL Background Thread 3 ] DEBUG Engine               - prefHeightProperty: ReadOnlyDoubleProperty [value: 720.0]
07:42:47.381 [FXGL Background Thread 3 ] DEBUG Engine               - prefWidthProperty: ReadOnlyDoubleProperty [value: 1280.0]
07:42:47.381 [FXGL Background Thread 3 ] DEBUG Engine               - profileDir: profiles/
07:42:47.381 [FXGL Background Thread 3 ] DEBUG Engine               - profileName: StringProperty [value: DEFAULT]
07:42:47.381 [FXGL Background Thread 3 ] DEBUG Engine               - randomSeed: -1
07:42:47.382 [FXGL Background Thread 3 ] DEBUG Engine               - runtimeInfo: RuntimeInfo(platform=WINDOWS, version=17.2, build=20.08.2022 16.50)
07:42:47.382 [FXGL Background Thread 3 ] DEBUG Engine               - saveFileExt: sav
07:42:47.382 [FXGL Background Thread 3 ] DEBUG Engine               - scaledHeightProp$fxgl: DoubleProperty [bound, value: 720.0]
07:42:47.382 [FXGL Background Thread 3 ] DEBUG Engine               - scaledWidthProp$fxgl: DoubleProperty [bound, value: 1280.0]
07:42:47.382 [FXGL Background Thread 3 ] DEBUG Engine               - sceneFactory: com.almasb.fxgl.app.scene.SceneFactory@6c591f78
07:42:47.383 [FXGL Background Thread 3 ] DEBUG Engine               - secondsIn24h: 60
07:42:47.383 [FXGL Background Thread 3 ] DEBUG Engine               - soundMenuBack: menu/back.wav
07:42:47.383 [FXGL Background Thread 3 ] DEBUG Engine               - soundMenuPress: menu/press.wav
07:42:47.383 [FXGL Background Thread 3 ] DEBUG Engine               - soundMenuSelect: menu/select.wav
07:42:47.383 [FXGL Background Thread 3 ] DEBUG Engine               - soundNotification: core/notification.wav
07:42:47.383 [FXGL Background Thread 3 ] DEBUG Engine               - stageStyle: DECORATED
07:42:47.383 [FXGL Background Thread 3 ] DEBUG Engine               - supportedLanguages: [ENGLISH, FRENCH, GERMAN, HUNGARIAN, RUSSIAN]
07:42:47.383 [FXGL Background Thread 3 ] DEBUG Engine               - ticksPerSecond: -1
07:42:47.384 [FXGL Background Thread 3 ] DEBUG Engine               - title: Demo Fac 1
07:42:47.384 [FXGL Background Thread 3 ] DEBUG Engine               - urlGithub: https://github.com/AlmasB/FXGL
07:42:47.384 [FXGL Background Thread 3 ] DEBUG Engine               - urlLeaderboard: http://fxgl-top.herokuapp.com/
07:42:47.384 [FXGL Background Thread 3 ] DEBUG Engine               - urlPOM: https://raw.githubusercontent.com/AlmasB/FXGL/release/README.md
07:42:47.384 [FXGL Background Thread 3 ] DEBUG Engine               - userAppClass: class com.demo.fxgldemo.demoApp
07:42:47.384 [FXGL Background Thread 3 ] DEBUG Engine               - version: 0.0
07:42:47.385 [FXGL Background Thread 3 ] DEBUG Engine               - versionCheckDays: 7
07:42:47.385 [FXGL Background Thread 3 ] DEBUG Engine               - width: 1280
07:42:47.385 [FXGL Background Thread 3 ] DEBUG Engine               - Logging services
07:42:47.385 [FXGL Background Thread 3 ] DEBUG Engine               - class com.almasb.fxgl.app.services.FXGLAssetLoaderService
07:42:47.385 [FXGL Background Thread 3 ] DEBUG Engine               - class com.almasb.fxgl.app.FXGLApplication$GameApplicationService
07:42:47.385 [FXGL Background Thread 3 ] DEBUG Engine               - class com.almasb.fxgl.app.services.FXGLDialogService
07:42:47.386 [FXGL Background Thread 3 ] DEBUG Engine               - class com.almasb.fxgl.app.services.IOTaskExecutorService
07:42:47.386 [FXGL Background Thread 3 ] DEBUG Engine               - class com.almasb.fxgl.io.FileSystemService
07:42:47.386 [FXGL Background Thread 3 ] DEBUG Engine               - class com.almasb.fxgl.localization.LocalizationService
07:42:47.386 [FXGL Background Thread 3 ] DEBUG Engine               - class com.almasb.fxgl.app.services.SystemBundleService
07:42:47.386 [FXGL Background Thread 3 ] DEBUG Engine               - class com.almasb.fxgl.profile.SaveLoadService
07:42:47.386 [FXGL Background Thread 3 ] DEBUG Engine               - class com.almasb.fxgl.ui.FXGLUIFactoryServiceProvider
07:42:47.386 [FXGL Background Thread 3 ] DEBUG Engine               - class com.almasb.fxgl.ui.FXGLDialogFactoryServiceProvider
07:42:47.386 [FXGL Background Thread 3 ] DEBUG Engine               - class com.almasb.fxgl.audio.AudioPlayer
07:42:47.386 [FXGL Background Thread 3 ] DEBUG Engine               - class com.almasb.fxgl.notification.impl.NotificationServiceProvider
07:42:47.387 [FXGL Background Thread 3 ] DEBUG Engine               - class com.almasb.fxgl.achievement.AchievementService
07:42:47.387 [FXGL Background Thread 3 ] DEBUG Engine               - class com.almasb.fxgl.cutscene.CutsceneService
07:42:47.387 [FXGL Background Thread 3 ] DEBUG Engine               - class com.almasb.fxgl.minigames.MiniGameService
07:42:47.387 [FXGL Background Thread 3 ] DEBUG Engine               - class com.almasb.fxgl.net.NetService
07:42:47.387 [FXGL Background Thread 3 ] DEBUG Engine               - class com.almasb.fxgl.app.services.UpdaterService
07:42:47.387 [FXGL Background Thread 3 ] DEBUG Engine               - class com.almasb.fxgl.dev.DevService
07:42:50.512 [JavaFX Application Thread] DEBUG FXGLApplication      - Exiting FXGL
07:42:50.512 [JavaFX Application Thread] DEBUG LoopRunner           - Stopping loop
07:42:50.512 [JavaFX Application Thread] DEBUG SystemBundleService  - Saving FXGL system data
07:42:50.514 [JavaFX Application Thread] DEBUG FileSystemAccess     - Writing to: F:\Proyectos javafx\javafxgl\fxgl-demo\system\fxgl.bundle
07:42:50.516 [JavaFX Application Thread] DEBUG Async                - Shutting down background threads
07:42:50.516 [JavaFX Application Thread] DEBUG PrimaryStageWindow   - Closing main window
07:42:50.532 [JavaFX Application Thread] DEBUG Logger               - Closing Logger
