16:19:29.769 [main                     ] DEBUG Logger               - Configured Logger
16:19:29.799 [main                     ] DEBUG GameApplication      - Logging settings
Title: Probando demoCuboApp
Version: 0.0
Width: 800
Height: 600
Fullscreen: false
Intro: false
Profiling: false
Single step:false
App Mode: DEVELOPER
Menu Key: ESCAPE
Stage Style: DECORATED
Scene Factory: class com.almasb.fxgl.app.scene.SceneFactory

16:19:30.163 [JavaFX Application Thread] DEBUG FXGLApplication      - Initializing FXGL
16:19:30.168 [JavaFX Application Thread] INFO  Engine               - FXGL-17.2 (20.08.2022 16.50) on WINDOWS (J:21.0.1 FX:21-ea)
16:19:30.169 [JavaFX Application Thread] DEBUG Engine               - JRE Vendor Name: Oracle Corporation
16:19:30.169 [JavaFX Application Thread] DEBUG Engine               - Running on OS: Windows 10 version 10.0
16:19:30.169 [JavaFX Application Thread] DEBUG Engine               - Architecture: amd64
16:19:30.169 [JavaFX Application Thread] INFO  Engine               - Source code and latest versions at: https://github.com/AlmasB/FXGL
16:19:30.169 [JavaFX Application Thread] INFO  Engine               -       Ask questions and discuss at: https://github.com/AlmasB/FXGL/discussions
16:19:30.170 [JavaFX Application Thread] INFO  Engine               -              Join the FXGL chat at: https://gitter.im/AlmasB/FXGL
16:19:30.280 [JavaFX Application Thread] DEBUG PrimaryStageWindow   - Creating a JavaFX scene
16:19:30.344 [JavaFX Application Thread] DEBUG PrimaryStageWindow   - Target settings size: 800.0 x 600.0
16:19:30.344 [JavaFX Application Thread] DEBUG PrimaryStageWindow   - Scaled scene size:    800.0 x 600.0
16:19:30.344 [JavaFX Application Thread] DEBUG PrimaryStageWindow   - Scaled ratio: (1.0, 1.0)
16:19:30.346 [JavaFX Application Thread] DEBUG PrimaryStageWindow   - Set initial scene to FXGLStartupScene
16:19:30.349 [JavaFX Application Thread] DEBUG PrimaryStageWindow   - Opening main window
16:19:30.465 [JavaFX Application Thread] DEBUG PrimaryStageWindow   - Window border size: (14.4000244140625, 37.5999755859375)
16:19:30.465 [JavaFX Application Thread] DEBUG PrimaryStageWindow   - Scaled size: 800.0 x 600.0
16:19:30.466 [JavaFX Application Thread] DEBUG PrimaryStageWindow   - Scaled ratio: (1.0, 1.0)
16:19:30.466 [JavaFX Application Thread] DEBUG PrimaryStageWindow   - Scene size: 800.0 x 600.0
16:19:30.466 [JavaFX Application Thread] DEBUG PrimaryStageWindow   - Stage size: 814.4000244140625 x 637.5999755859375
16:19:30.475 [FXGL Background Thread 1 ] DEBUG Engine               - Initializing environment variables
16:19:30.558 [FXGL Background Thread 1 ] DEBUG FXGLAssetLoaderServi - User app class for loading assets: class com.demo.fxgldemo.demoCuboApp
16:19:30.559 [FXGL Background Thread 1 ] DEBUG GameApplicationServi - Applying CSS: fxgl_dark.css
16:19:30.560 [FXGL Background Thread 1 ] DEBUG FXGLAssetLoaderServi - Loading from file system: jar:file:///C:/Users/Usuario/.m2/repository/com/github/almasb/fxgl/17.2/fxgl-17.2.jar!/fxglassets/ui/css/fxgl_dark.css
16:19:30.617 [FXGL Background Thread 1 ] DEBUG GameApplicationServi - Initializing application scenes
16:19:30.660 [FXGL Background Thread 1 ] DEBUG GameWorld            - Game world initialized
16:19:30.732 [FXGL Background Thread 1 ] DEBUG PhysicsWorld         - Physics world initialized: appHeight=600, physics.ppm=50,0
16:19:30.732 [FXGL Background Thread 1 ] DEBUG PhysicsWorld         - Using strategy: BRUTE_FORCE
16:19:30.736 [FXGL Background Thread 1 ] DEBUG GameScene            - Game scene initialized: 800x600
16:19:30.751 [FXGL Background Thread 1 ] DEBUG FXGL.DefaultMenu     - createMenuBodyGameMenu()
16:19:30.768 [FXGL Background Thread 1 ] DEBUG FXGL.DefaultMenu     - createOptionsMenu()
16:19:30.780 [FXGL Background Thread 1 ] DEBUG FXGLAssetLoaderServi - Loading from file system: jar:file:///C:/Users/Usuario/.m2/repository/com/github/almasb/fxgl/17.2/fxgl-17.2.jar!/fxglassets/textures/particles/smoke.png
16:19:30.882 [FXGL Background Thread 1 ] DEBUG FXGLAssetLoaderServi - Loading from file system: jar:file:///C:/Users/Usuario/.m2/repository/com/github/almasb/fxgl/17.2/fxgl-17.2.jar!/fxglassets/textures/particles/trace_horizontal.png
16:19:30.917 [FXGL Background Thread 1 ] DEBUG GameApplicationServi - Application scenes initialized
16:19:30.931 [FXGL Background Thread 1 ] DEBUG SystemBundleService  - Loading FXGL system data
16:19:30.934 [FXGL Background Thread 1 ] DEBUG FileSystemAccess     - Reading from: F:\Proyectos javafx\javafxgl\fxgl-demo\system\fxgl.bundle
16:19:30.945 [FXGL Background Thread 1 ] DEBUG SystemBundleService  - Bundle FXGL: {}
16:19:30.946 [FXGL Background Thread 1 ] DEBUG UpdaterService       - Checking for updates
16:19:30.950 [FXGL Background Thread 4 ] DEBUG FXGLApplication      - Loading fonts
16:19:30.951 [FXGL Background Thread 4 ] DEBUG FXGLAssetLoaderServi - Loading from file system: jar:file:///C:/Users/Usuario/.m2/repository/com/github/almasb/fxgl/17.2/fxgl-17.2.jar!/fxglassets/ui/fonts/VarelaRound-Regular.ttf
16:19:30.952 [FXGL Background Thread 1 ] DEBUG FXGLApplication      - Loading default localization
16:19:30.952 [FXGL Background Thread 1 ] DEBUG FXGLAssetLoaderServi - Loading from file system: jar:file:///C:/Users/Usuario/.m2/repository/com/github/almasb/fxgl/17.2/fxgl-17.2.jar!/fxglassets/languages/english.lang
16:19:30.988 [FXGL Background Thread 1 ] INFO  FXGLApplication      - FXGL initialization took: 0,513 sec
16:19:30.991 [FXGL Background Thread 4 ] DEBUG FXGLAssetLoaderServi - Loading from file system: jar:file:///C:/Users/Usuario/.m2/repository/com/github/almasb/fxgl/17.2/fxgl-17.2.jar!/fxglassets/ui/fonts/Abel-Regular.ttf
16:19:31.002 [FXGL Background Thread 4 ] DEBUG FXGLAssetLoaderServi - Loading from file system: jar:file:///C:/Users/Usuario/.m2/repository/com/github/almasb/fxgl/17.2/fxgl-17.2.jar!/fxglassets/ui/fonts/TerminalLandMono-Regular.otf
16:19:31.005 [JavaFX Application Thread] DEBUG Input                - Registered new binding: action0 - A
16:19:31.006 [JavaFX Application Thread] DEBUG Input                - Registered new binding: action1 - D
16:19:31.006 [JavaFX Application Thread] DEBUG Input                - Registered new binding: action2 - W
16:19:31.007 [JavaFX Application Thread] DEBUG Input                - Registered new binding: action3 - S
16:19:31.008 [JavaFX Application Thread] DEBUG Input                - Registered new binding: action4 - J
16:19:31.008 [JavaFX Application Thread] DEBUG Input                - Registered new binding: action5 - L
16:19:31.008 [JavaFX Application Thread] DEBUG Input                - Registered new binding: action6 - I
16:19:31.009 [JavaFX Application Thread] DEBUG Input                - Registered new binding: action7 - K
16:19:31.009 [JavaFX Application Thread] DEBUG FXGLAssetLoaderServi - Loading from file system: jar:file:///C:/Users/Usuario/.m2/repository/com/github/almasb/fxgl/17.2/fxgl-17.2.jar!/fxglassets/textures/fxgl_icon.png
16:19:31.013 [FXGL Background Thread 4 ] DEBUG FXGLAssetLoaderServi - Loading from file system: jar:file:///C:/Users/Usuario/.m2/repository/com/github/almasb/fxgl/17.2/fxgl-17.2.jar!/fxglassets/ui/fonts/Courier-Prime.ttf
16:19:31.041 [JavaFX Application Thread] DEBUG FXGLAssetLoaderServi - Loading from file system: jar:file:///C:/Users/Usuario/.m2/repository/com/github/almasb/fxgl/17.2/fxgl-17.2.jar!/fxglassets/textures/fxgl_default_cursor.png
16:19:31.045 [JavaFX Application Thread] DEBUG Input                - Registered new binding: Screenshot - CTRL+8
16:19:31.046 [JavaFX Application Thread] DEBUG Input                - Registered new binding: System info dump - CTRL+9
16:19:31.047 [JavaFX Application Thread] DEBUG Input                - Registered new binding: Restart - CTRL+R
16:19:31.048 [JavaFX Application Thread] DEBUG Input                - Registered new binding: Toggle Debug Camera - CTRL+7
16:19:31.051 [JavaFX Application Thread] DEBUG LoopRunner           - Starting loop
16:19:31.051 [JavaFX Application Thread] DEBUG LoopRunner           - Initializing JavaFX AnimationTimerLoop
16:19:31.054 [JavaFX Application Thread] DEBUG GameApplicationServi - Starting new game
16:19:31.055 [JavaFX Application Thread] DEBUG Input                - Clearing active input actions
16:19:31.067 [JavaFX Application Thread] DEBUG GameApplicationServi - Removing overlay from FXGLStartupScene and adding to FXGLLoadingScene
16:19:31.067 [JavaFX Application Thread] DEBUG PrimaryStageWindow   - FXGLStartupScene -> FXGLLoadingScene
16:19:31.067 [JavaFX Application Thread] DEBUG GameApplicationServi - Clearing previous game
16:19:31.067 [JavaFX Application Thread] DEBUG GameScene            - Clearing game scene
16:19:31.067 [JavaFX Application Thread] DEBUG GameWorld            - Clearing game world
16:19:31.068 [JavaFX Application Thread] DEBUG PhysicsWorld         - Clearing physics world
16:19:31.070 [JavaFX Application Thread] DEBUG FXGLApplication      - Registering font factories with UI factory
16:19:31.070 [FXGL Background Thread 4 ] DEBUG FXGLApplication      - Initializing game
16:19:31.115 [FXGL Background Thread 4 ] WARN  FXGLAssetLoaderServi - Asset "/assets/textures/player.png" was not found!
16:19:31.115 [FXGL Background Thread 4 ] WARN  FXGLAssetLoaderServi - Failed to load IMAGE
16:19:31.230 [FXGL Background Thread 4 ] INFO  FXGLApplication      - Game initialization took: 0,159 sec
16:19:31.245 [JavaFX Application Thread] DEBUG Input                - Clearing active input actions
16:19:31.254 [JavaFX Application Thread] DEBUG GameApplicationServi - Removing overlay from FXGLLoadingScene and adding to GameScene
16:19:31.254 [JavaFX Application Thread] DEBUG PrimaryStageWindow   - FXGLLoadingScene -> GameScene
16:19:33.530 [JavaFX Application Thread] DEBUG FXGLApplication      - Exiting FXGL
16:19:33.530 [JavaFX Application Thread] DEBUG LoopRunner           - Stopping loop
16:19:33.530 [JavaFX Application Thread] DEBUG SystemBundleService  - Saving FXGL system data
16:19:33.532 [JavaFX Application Thread] DEBUG FileSystemAccess     - Writing to: F:\Proyectos javafx\javafxgl\fxgl-demo\system\fxgl.bundle
16:19:33.534 [JavaFX Application Thread] DEBUG Async                - Shutting down background threads
16:19:33.534 [JavaFX Application Thread] DEBUG PrimaryStageWindow   - Closing main window
16:19:33.552 [JavaFX Application Thread] DEBUG Logger               - Closing Logger
