08:30:42.873 [main                     ] DEBUG Logger               - Configured Logger
08:30:42.906 [main                     ] DEBUG GameApplication      - Logging settings
Title: Probando demoCuboApp
Version: 0.0
Width: 800
Height: 600
Fullscreen: false
Intro: false
Profiling: false
Single step:false
App Mode: DEVELOPER
Menu Key: ESCAPE
Stage Style: DECORATED
Scene Factory: class com.almasb.fxgl.app.scene.SceneFactory

08:30:43.217 [JavaFX Application Thread] DEBUG FXGLApplication      - Initializing FXGL
08:30:43.222 [JavaFX Application Thread] INFO  Engine               - FXGL-17.2 (20.08.2022 16.50) on WINDOWS (J:21.0.1 FX:21-ea)
08:30:43.223 [JavaFX Application Thread] DEBUG Engine               - JRE Vendor Name: Oracle Corporation
08:30:43.223 [JavaFX Application Thread] DEBUG Engine               - Running on OS: Windows 10 version 10.0
08:30:43.223 [JavaFX Application Thread] DEBUG Engine               - Architecture: amd64
08:30:43.223 [JavaFX Application Thread] INFO  Engine               - Source code and latest versions at: https://github.com/AlmasB/FXGL
08:30:43.223 [JavaFX Application Thread] INFO  Engine               -       Ask questions and discuss at: https://github.com/AlmasB/FXGL/discussions
08:30:43.224 [JavaFX Application Thread] INFO  Engine               -              Join the FXGL chat at: https://gitter.im/AlmasB/FXGL
08:30:43.315 [JavaFX Application Thread] DEBUG PrimaryStageWindow   - Creating a JavaFX scene
08:30:43.371 [JavaFX Application Thread] DEBUG PrimaryStageWindow   - Target settings size: 800.0 x 600.0
08:30:43.372 [JavaFX Application Thread] DEBUG PrimaryStageWindow   - Scaled scene size:    800.0 x 600.0
08:30:43.372 [JavaFX Application Thread] DEBUG PrimaryStageWindow   - Scaled ratio: (1.0, 1.0)
08:30:43.373 [JavaFX Application Thread] DEBUG PrimaryStageWindow   - Set initial scene to FXGLStartupScene
08:30:43.377 [JavaFX Application Thread] DEBUG PrimaryStageWindow   - Opening main window
08:30:43.490 [JavaFX Application Thread] DEBUG PrimaryStageWindow   - Window border size: (14.4000244140625, 37.5999755859375)
08:30:43.491 [JavaFX Application Thread] DEBUG PrimaryStageWindow   - Scaled size: 800.0 x 600.0
08:30:43.491 [JavaFX Application Thread] DEBUG PrimaryStageWindow   - Scaled ratio: (1.0, 1.0)
08:30:43.491 [JavaFX Application Thread] DEBUG PrimaryStageWindow   - Scene size: 800.0 x 600.0
08:30:43.492 [JavaFX Application Thread] DEBUG PrimaryStageWindow   - Stage size: 814.4000244140625 x 637.5999755859375
08:30:43.504 [FXGL Background Thread 1 ] DEBUG Engine               - Initializing environment variables
08:30:43.585 [FXGL Background Thread 1 ] DEBUG FXGLAssetLoaderServi - User app class for loading assets: class com.demo.fxgldemo.demoCuboApp
08:30:43.586 [FXGL Background Thread 1 ] DEBUG GameApplicationServi - Applying CSS: fxgl_dark.css
08:30:43.587 [FXGL Background Thread 1 ] DEBUG FXGLAssetLoaderServi - Loading from file system: jar:file:///C:/Users/Usuario/.m2/repository/com/github/almasb/fxgl/17.2/fxgl-17.2.jar!/fxglassets/ui/css/fxgl_dark.css
08:30:43.641 [FXGL Background Thread 1 ] DEBUG GameApplicationServi - Initializing application scenes
08:30:43.690 [FXGL Background Thread 1 ] DEBUG GameWorld            - Game world initialized
08:30:43.780 [FXGL Background Thread 1 ] DEBUG PhysicsWorld         - Physics world initialized: appHeight=600, physics.ppm=50,0
08:30:43.780 [FXGL Background Thread 1 ] DEBUG PhysicsWorld         - Using strategy: BRUTE_FORCE
08:30:43.785 [FXGL Background Thread 1 ] DEBUG GameScene            - Game scene initialized: 800x600
08:30:43.803 [FXGL Background Thread 1 ] DEBUG FXGL.DefaultMenu     - createMenuBodyGameMenu()
08:30:43.818 [FXGL Background Thread 1 ] DEBUG FXGL.DefaultMenu     - createOptionsMenu()
08:30:43.832 [FXGL Background Thread 1 ] DEBUG FXGLAssetLoaderServi - Loading from file system: jar:file:///C:/Users/Usuario/.m2/repository/com/github/almasb/fxgl/17.2/fxgl-17.2.jar!/fxglassets/textures/particles/smoke.png
08:30:43.950 [FXGL Background Thread 1 ] DEBUG FXGLAssetLoaderServi - Loading from file system: jar:file:///C:/Users/Usuario/.m2/repository/com/github/almasb/fxgl/17.2/fxgl-17.2.jar!/fxglassets/textures/particles/trace_horizontal.png
08:30:43.979 [FXGL Background Thread 1 ] DEBUG GameApplicationServi - Application scenes initialized
08:30:43.992 [FXGL Background Thread 1 ] DEBUG SystemBundleService  - Loading FXGL system data
08:30:43.995 [FXGL Background Thread 1 ] DEBUG FileSystemAccess     - Reading from: F:\Proyectos javafx\javafxgl\fxgl-demo\system\fxgl.bundle
08:30:44.005 [FXGL Background Thread 1 ] DEBUG SystemBundleService  - Bundle FXGL: {}
08:30:44.005 [FXGL Background Thread 1 ] DEBUG UpdaterService       - Checking for updates
08:30:44.010 [FXGL Background Thread 4 ] DEBUG FXGLApplication      - Loading fonts
08:30:44.010 [FXGL Background Thread 1 ] DEBUG FXGLApplication      - Loading default localization
08:30:44.010 [FXGL Background Thread 4 ] DEBUG FXGLAssetLoaderServi - Loading from file system: jar:file:///C:/Users/Usuario/.m2/repository/com/github/almasb/fxgl/17.2/fxgl-17.2.jar!/fxglassets/ui/fonts/VarelaRound-Regular.ttf
08:30:44.011 [FXGL Background Thread 1 ] DEBUG FXGLAssetLoaderServi - Loading from file system: jar:file:///C:/Users/Usuario/.m2/repository/com/github/almasb/fxgl/17.2/fxgl-17.2.jar!/fxglassets/languages/english.lang
08:30:44.048 [FXGL Background Thread 1 ] INFO  FXGLApplication      - FXGL initialization took: 0,544 sec
08:30:44.049 [FXGL Background Thread 4 ] DEBUG FXGLAssetLoaderServi - Loading from file system: jar:file:///C:/Users/Usuario/.m2/repository/com/github/almasb/fxgl/17.2/fxgl-17.2.jar!/fxglassets/ui/fonts/Abel-Regular.ttf
08:30:44.058 [FXGL Background Thread 4 ] DEBUG FXGLAssetLoaderServi - Loading from file system: jar:file:///C:/Users/Usuario/.m2/repository/com/github/almasb/fxgl/17.2/fxgl-17.2.jar!/fxglassets/ui/fonts/TerminalLandMono-Regular.otf
08:30:44.061 [JavaFX Application Thread] DEBUG Input                - Registered new binding: action0 - A
08:30:44.061 [JavaFX Application Thread] DEBUG Input                - Registered new binding: action1 - D
08:30:44.062 [JavaFX Application Thread] DEBUG Input                - Registered new binding: action2 - W
08:30:44.062 [JavaFX Application Thread] DEBUG Input                - Registered new binding: action3 - S
08:30:44.063 [JavaFX Application Thread] DEBUG Input                - Registered new binding: action4 - J
08:30:44.063 [JavaFX Application Thread] DEBUG Input                - Registered new binding: action5 - L
08:30:44.064 [JavaFX Application Thread] DEBUG Input                - Registered new binding: action6 - I
08:30:44.064 [JavaFX Application Thread] DEBUG Input                - Registered new binding: action7 - K
08:30:44.064 [JavaFX Application Thread] DEBUG FXGLAssetLoaderServi - Loading from file system: jar:file:///C:/Users/Usuario/.m2/repository/com/github/almasb/fxgl/17.2/fxgl-17.2.jar!/fxglassets/textures/fxgl_icon.png
08:30:44.070 [FXGL Background Thread 4 ] DEBUG FXGLAssetLoaderServi - Loading from file system: jar:file:///C:/Users/Usuario/.m2/repository/com/github/almasb/fxgl/17.2/fxgl-17.2.jar!/fxglassets/ui/fonts/Courier-Prime.ttf
08:30:44.086 [JavaFX Application Thread] DEBUG FXGLAssetLoaderServi - Loading from file system: jar:file:///C:/Users/Usuario/.m2/repository/com/github/almasb/fxgl/17.2/fxgl-17.2.jar!/fxglassets/textures/fxgl_default_cursor.png
08:30:44.089 [JavaFX Application Thread] DEBUG Input                - Registered new binding: Screenshot - CTRL+8
08:30:44.089 [JavaFX Application Thread] DEBUG Input                - Registered new binding: System info dump - CTRL+9
08:30:44.090 [JavaFX Application Thread] DEBUG Input                - Registered new binding: Restart - CTRL+R
08:30:44.090 [JavaFX Application Thread] DEBUG Input                - Registered new binding: Toggle Debug Camera - CTRL+7
08:30:44.093 [JavaFX Application Thread] DEBUG LoopRunner           - Starting loop
08:30:44.093 [JavaFX Application Thread] DEBUG LoopRunner           - Initializing JavaFX AnimationTimerLoop
08:30:44.096 [JavaFX Application Thread] DEBUG GameApplicationServi - Starting new game
08:30:44.096 [JavaFX Application Thread] DEBUG Input                - Clearing active input actions
08:30:44.108 [JavaFX Application Thread] DEBUG GameApplicationServi - Removing overlay from FXGLStartupScene and adding to FXGLLoadingScene
08:30:44.108 [JavaFX Application Thread] DEBUG PrimaryStageWindow   - FXGLStartupScene -> FXGLLoadingScene
08:30:44.108 [JavaFX Application Thread] DEBUG GameApplicationServi - Clearing previous game
08:30:44.108 [JavaFX Application Thread] DEBUG GameScene            - Clearing game scene
08:30:44.108 [JavaFX Application Thread] DEBUG GameWorld            - Clearing game world
08:30:44.108 [JavaFX Application Thread] DEBUG PhysicsWorld         - Clearing physics world
08:30:44.110 [JavaFX Application Thread] DEBUG FXGLApplication      - Registering font factories with UI factory
08:30:44.110 [FXGL Background Thread 4 ] DEBUG FXGLApplication      - Initializing game
08:30:44.167 [FXGL Background Thread 4 ] INFO  FXGLApplication      - Game initialization took: 0,057 sec
08:30:44.168 [JavaFX Application Thread] DEBUG Input                - Clearing active input actions
08:30:44.175 [JavaFX Application Thread] DEBUG GameApplicationServi - Removing overlay from FXGLLoadingScene and adding to GameScene
08:30:44.175 [JavaFX Application Thread] DEBUG PrimaryStageWindow   - FXGLLoadingScene -> GameScene
08:30:44.499 [FXGL Background Thread 2 ] INFO  UpdaterService       - Your current version:  17.2
08:30:44.499 [FXGL Background Thread 2 ] INFO  UpdaterService       - Latest stable version: 21
08:30:47.010 [FXGL Background Thread 3 ] DEBUG Engine               - Logging environment variables
08:30:47.012 [FXGL Background Thread 3 ] DEBUG Engine               - achievements: []
08:30:47.012 [FXGL Background Thread 3 ] DEBUG Engine               - actualHeight: 600.0
08:30:47.013 [FXGL Background Thread 3 ] DEBUG Engine               - actualHeightProperty: ReadOnlyDoubleProperty [value: 600.0]
08:30:47.013 [FXGL Background Thread 3 ] DEBUG Engine               - actualWidth: 800.0
08:30:47.013 [FXGL Background Thread 3 ] DEBUG Engine               - actualWidthProperty: ReadOnlyDoubleProperty [value: 800.0]
08:30:47.014 [FXGL Background Thread 3 ] DEBUG Engine               - appIcon: fxgl_icon.png
08:30:47.014 [FXGL Background Thread 3 ] DEBUG Engine               - applicationMode: DEVELOPER
08:30:47.014 [FXGL Background Thread 3 ] DEBUG Engine               - cSSList: [fxgl_dark.css]
08:30:47.014 [FXGL Background Thread 3 ] DEBUG Engine               - collisionDetectionStrategy: BRUTE_FORCE
08:30:47.015 [FXGL Background Thread 3 ] DEBUG Engine               - configClass: Optional.empty
08:30:47.015 [FXGL Background Thread 3 ] DEBUG Engine               - credits: []
08:30:47.016 [FXGL Background Thread 3 ] DEBUG Engine               - defaultCursor: CursorInfo(imageName=fxgl_default_cursor.png, hotspotX=7.0, hotspotY=6.0)
08:30:47.017 [FXGL Background Thread 3 ] DEBUG Engine               - devBBoxColorProperty: ObjectProperty [value: 0xff0000ff]
08:30:47.017 [FXGL Background Thread 3 ] DEBUG Engine               - devEnableDebugCameraProperty: BooleanProperty [value: false]
08:30:47.017 [FXGL Background Thread 3 ] DEBUG Engine               - devSensorColorProperty: ObjectProperty [value: 0xffff00ff]
08:30:47.018 [FXGL Background Thread 3 ] DEBUG Engine               - devShowBBoxProperty: BooleanProperty [value: false]
08:30:47.018 [FXGL Background Thread 3 ] DEBUG Engine               - devShowPositionProperty: BooleanProperty [value: false]
08:30:47.019 [FXGL Background Thread 3 ] DEBUG Engine               - enabledMenuItems: []
08:30:47.019 [FXGL Background Thread 3 ] DEBUG Engine               - engineServices: [class com.almasb.fxgl.app.services.FXGLAssetLoaderService, class com.almasb.fxgl.app.FXGLApplication$GameApplicationService, class com.almasb.fxgl.app.services.FXGLDialogService, class com.almasb.fxgl.app.services.IOTaskExecutorService, class com.almasb.fxgl.io.FileSystemService, class com.almasb.fxgl.localization.LocalizationService, class com.almasb.fxgl.app.services.SystemBundleService, class com.almasb.fxgl.profile.SaveLoadService, class com.almasb.fxgl.ui.FXGLUIFactoryServiceProvider, class com.almasb.fxgl.ui.FXGLDialogFactoryServiceProvider, class com.almasb.fxgl.audio.AudioPlayer, class com.almasb.fxgl.notification.impl.NotificationServiceProvider, class com.almasb.fxgl.achievement.AchievementService, class com.almasb.fxgl.cutscene.CutsceneService, class com.almasb.fxgl.minigames.MiniGameService, class com.almasb.fxgl.net.NetService, class com.almasb.fxgl.app.services.UpdaterService, class com.almasb.fxgl.dev.DevService]
08:30:47.019 [FXGL Background Thread 3 ] DEBUG Engine               - fontGame: Abel-Regular.ttf
08:30:47.020 [FXGL Background Thread 3 ] DEBUG Engine               - fontMono: TerminalLandMono-Regular.otf
08:30:47.020 [FXGL Background Thread 3 ] DEBUG Engine               - fontText: Courier-Prime.ttf
08:30:47.020 [FXGL Background Thread 3 ] DEBUG Engine               - fontUI: VarelaRound-Regular.ttf
08:30:47.020 [FXGL Background Thread 3 ] DEBUG Engine               - fullScreen: BooleanProperty [value: false]
08:30:47.021 [FXGL Background Thread 3 ] DEBUG Engine               - gameDifficulty: MEDIUM
08:30:47.021 [FXGL Background Thread 3 ] DEBUG Engine               - gameDifficultyProperty: ObjectProperty [value: MEDIUM]
08:30:47.021 [FXGL Background Thread 3 ] DEBUG Engine               - globalMusicVolume: 0.5
08:30:47.022 [FXGL Background Thread 3 ] DEBUG Engine               - globalMusicVolumeProperty: DoubleProperty [value: 0.5]
08:30:47.022 [FXGL Background Thread 3 ] DEBUG Engine               - globalSoundVolume: 0.5
08:30:47.022 [FXGL Background Thread 3 ] DEBUG Engine               - globalSoundVolumeProperty: DoubleProperty [value: 0.5]
08:30:47.022 [FXGL Background Thread 3 ] DEBUG Engine               - height: 600
08:30:47.023 [FXGL Background Thread 3 ] DEBUG Engine               - is3D: false
08:30:47.023 [FXGL Background Thread 3 ] DEBUG Engine               - isAndroid: false
08:30:47.023 [FXGL Background Thread 3 ] DEBUG Engine               - isBrowser: false
08:30:47.023 [FXGL Background Thread 3 ] DEBUG Engine               - isClickFeedbackEnabled: false
08:30:47.023 [FXGL Background Thread 3 ] DEBUG Engine               - isCloseConfirmation: false
08:30:47.024 [FXGL Background Thread 3 ] DEBUG Engine               - isDesktop: true
08:30:47.024 [FXGL Background Thread 3 ] DEBUG Engine               - isDeveloperMenuEnabled: false
08:30:47.024 [FXGL Background Thread 3 ] DEBUG Engine               - isEmbedded: false
08:30:47.024 [FXGL Background Thread 3 ] DEBUG Engine               - isEntityPreloadEnabled: true
08:30:47.025 [FXGL Background Thread 3 ] DEBUG Engine               - isExperimentalTiledLargeMap: false
08:30:47.025 [FXGL Background Thread 3 ] DEBUG Engine               - isFileSystemWriteAllowed: true
08:30:47.025 [FXGL Background Thread 3 ] DEBUG Engine               - isFullScreenAllowed: false
08:30:47.025 [FXGL Background Thread 3 ] DEBUG Engine               - isFullScreenFromStart: false
08:30:47.025 [FXGL Background Thread 3 ] DEBUG Engine               - isGameMenuEnabled: true
08:30:47.026 [FXGL Background Thread 3 ] DEBUG Engine               - isIOS: false
08:30:47.026 [FXGL Background Thread 3 ] DEBUG Engine               - isIntroEnabled: false
08:30:47.027 [FXGL Background Thread 3 ] DEBUG Engine               - isLinux: false
08:30:47.027 [FXGL Background Thread 3 ] DEBUG Engine               - isMac: false
08:30:47.027 [FXGL Background Thread 3 ] DEBUG Engine               - isMainMenuEnabled: false
08:30:47.028 [FXGL Background Thread 3 ] DEBUG Engine               - isManualResizeEnabled: false
08:30:47.028 [FXGL Background Thread 3 ] DEBUG Engine               - isMobile: false
08:30:47.028 [FXGL Background Thread 3 ] DEBUG Engine               - isNative: false
08:30:47.028 [FXGL Background Thread 3 ] DEBUG Engine               - isPauseMusicWhenMinimized: true
08:30:47.029 [FXGL Background Thread 3 ] DEBUG Engine               - isPreserveResizeRatio: false
08:30:47.029 [FXGL Background Thread 3 ] DEBUG Engine               - isProfilingEnabled: false
08:30:47.029 [FXGL Background Thread 3 ] DEBUG Engine               - isScaleAffectedOnResize: true
08:30:47.030 [FXGL Background Thread 3 ] DEBUG Engine               - isSingleStep: false
08:30:47.030 [FXGL Background Thread 3 ] DEBUG Engine               - isUserProfileEnabled: false
08:30:47.030 [FXGL Background Thread 3 ] DEBUG Engine               - isWindows: true
08:30:47.030 [FXGL Background Thread 3 ] DEBUG Engine               - language: ObjectProperty [value: ENGLISH]
08:30:47.031 [FXGL Background Thread 3 ] DEBUG Engine               - menuKey: ESCAPE
08:30:47.031 [FXGL Background Thread 3 ] DEBUG Engine               - mouseSensitivity: 0.2
08:30:47.031 [FXGL Background Thread 3 ] DEBUG Engine               - notificationViewClass: class com.almasb.fxgl.notification.view.XboxNotificationView
08:30:47.031 [FXGL Background Thread 3 ] DEBUG Engine               - pixelsPerMeter: 50.0
08:30:47.032 [FXGL Background Thread 3 ] DEBUG Engine               - platform: WINDOWS
08:30:47.032 [FXGL Background Thread 3 ] DEBUG Engine               - prefHeightProperty: ReadOnlyDoubleProperty [value: 600.0]
08:30:47.032 [FXGL Background Thread 3 ] DEBUG Engine               - prefWidthProperty: ReadOnlyDoubleProperty [value: 800.0]
08:30:47.033 [FXGL Background Thread 3 ] DEBUG Engine               - profileDir: profiles/
08:30:47.033 [FXGL Background Thread 3 ] DEBUG Engine               - profileName: StringProperty [value: DEFAULT]
08:30:47.033 [FXGL Background Thread 3 ] DEBUG Engine               - randomSeed: -1
08:30:47.034 [FXGL Background Thread 3 ] DEBUG Engine               - runtimeInfo: RuntimeInfo(platform=WINDOWS, version=17.2, build=20.08.2022 16.50)
08:30:47.035 [FXGL Background Thread 3 ] DEBUG Engine               - saveFileExt: sav
08:30:47.035 [FXGL Background Thread 3 ] DEBUG Engine               - scaledHeightProp$fxgl: DoubleProperty [bound, value: 600.0]
08:30:47.035 [FXGL Background Thread 3 ] DEBUG Engine               - scaledWidthProp$fxgl: DoubleProperty [bound, value: 800.0]
08:30:47.036 [FXGL Background Thread 3 ] DEBUG Engine               - sceneFactory: com.almasb.fxgl.app.scene.SceneFactory@4c2ba30e
08:30:47.036 [FXGL Background Thread 3 ] DEBUG Engine               - secondsIn24h: 60
08:30:47.036 [FXGL Background Thread 3 ] DEBUG Engine               - soundMenuBack: menu/back.wav
08:30:47.036 [FXGL Background Thread 3 ] DEBUG Engine               - soundMenuPress: menu/press.wav
08:30:47.037 [FXGL Background Thread 3 ] DEBUG Engine               - soundMenuSelect: menu/select.wav
08:30:47.037 [FXGL Background Thread 3 ] DEBUG Engine               - soundNotification: core/notification.wav
08:30:47.037 [FXGL Background Thread 3 ] DEBUG Engine               - stageStyle: DECORATED
08:30:47.037 [FXGL Background Thread 3 ] DEBUG Engine               - supportedLanguages: [ENGLISH, FRENCH, GERMAN, HUNGARIAN, RUSSIAN]
08:30:47.038 [FXGL Background Thread 3 ] DEBUG Engine               - ticksPerSecond: -1
08:30:47.038 [FXGL Background Thread 3 ] DEBUG Engine               - title: Probando demoCuboApp
08:30:47.038 [FXGL Background Thread 3 ] DEBUG Engine               - urlGithub: https://github.com/AlmasB/FXGL
08:30:47.038 [FXGL Background Thread 3 ] DEBUG Engine               - urlLeaderboard: http://fxgl-top.herokuapp.com/
08:30:47.039 [FXGL Background Thread 3 ] DEBUG Engine               - urlPOM: https://raw.githubusercontent.com/AlmasB/FXGL/release/README.md
08:30:47.039 [FXGL Background Thread 3 ] DEBUG Engine               - userAppClass: class com.demo.fxgldemo.demoCuboApp
08:30:47.039 [FXGL Background Thread 3 ] DEBUG Engine               - version: 0.0
08:30:47.039 [FXGL Background Thread 3 ] DEBUG Engine               - versionCheckDays: 7
08:30:47.040 [FXGL Background Thread 3 ] DEBUG Engine               - width: 800
08:30:47.040 [FXGL Background Thread 3 ] DEBUG Engine               - Logging services
08:30:47.040 [FXGL Background Thread 3 ] DEBUG Engine               - class com.almasb.fxgl.app.services.FXGLAssetLoaderService
08:30:47.040 [FXGL Background Thread 3 ] DEBUG Engine               - class com.almasb.fxgl.app.FXGLApplication$GameApplicationService
08:30:47.040 [FXGL Background Thread 3 ] DEBUG Engine               - class com.almasb.fxgl.app.services.FXGLDialogService
08:30:47.041 [FXGL Background Thread 3 ] DEBUG Engine               - class com.almasb.fxgl.app.services.IOTaskExecutorService
08:30:47.041 [FXGL Background Thread 3 ] DEBUG Engine               - class com.almasb.fxgl.io.FileSystemService
08:30:47.041 [FXGL Background Thread 3 ] DEBUG Engine               - class com.almasb.fxgl.localization.LocalizationService
08:30:47.041 [FXGL Background Thread 3 ] DEBUG Engine               - class com.almasb.fxgl.app.services.SystemBundleService
08:30:47.041 [FXGL Background Thread 3 ] DEBUG Engine               - class com.almasb.fxgl.profile.SaveLoadService
08:30:47.042 [FXGL Background Thread 3 ] DEBUG Engine               - class com.almasb.fxgl.ui.FXGLUIFactoryServiceProvider
08:30:47.042 [FXGL Background Thread 3 ] DEBUG Engine               - class com.almasb.fxgl.ui.FXGLDialogFactoryServiceProvider
08:30:47.042 [FXGL Background Thread 3 ] DEBUG Engine               - class com.almasb.fxgl.audio.AudioPlayer
08:30:47.042 [FXGL Background Thread 3 ] DEBUG Engine               - class com.almasb.fxgl.notification.impl.NotificationServiceProvider
08:30:47.043 [FXGL Background Thread 3 ] DEBUG Engine               - class com.almasb.fxgl.achievement.AchievementService
08:30:47.043 [FXGL Background Thread 3 ] DEBUG Engine               - class com.almasb.fxgl.cutscene.CutsceneService
08:30:47.043 [FXGL Background Thread 3 ] DEBUG Engine               - class com.almasb.fxgl.minigames.MiniGameService
08:30:47.043 [FXGL Background Thread 3 ] DEBUG Engine               - class com.almasb.fxgl.net.NetService
08:30:47.043 [FXGL Background Thread 3 ] DEBUG Engine               - class com.almasb.fxgl.app.services.UpdaterService
08:30:47.044 [FXGL Background Thread 3 ] DEBUG Engine               - class com.almasb.fxgl.dev.DevService
08:30:51.901 [JavaFX Application Thread] DEBUG FXGLApplication      - Exiting FXGL
08:30:51.901 [JavaFX Application Thread] DEBUG LoopRunner           - Stopping loop
08:30:51.901 [JavaFX Application Thread] DEBUG SystemBundleService  - Saving FXGL system data
08:30:51.903 [JavaFX Application Thread] DEBUG FileSystemAccess     - Writing to: F:\Proyectos javafx\javafxgl\fxgl-demo\system\fxgl.bundle
08:30:51.905 [JavaFX Application Thread] DEBUG Async                - Shutting down background threads
08:30:51.905 [JavaFX Application Thread] DEBUG PrimaryStageWindow   - Closing main window
08:30:51.934 [JavaFX Application Thread] DEBUG Logger               - Closing Logger
