09:33:41.448 [main                     ] DEBUG Logger               - Configured Logger
09:33:41.475 [main                     ] DEBUG GameApplication      - Logging settings
Title: Demo Fac 1
Version: 0.0
Width: 1280
Height: 720
Fullscreen: false
Intro: false
Profiling: false
Single step:false
App Mode: DEVELOPER
Menu Key: ESCAPE
Stage Style: DECORATED
Scene Factory: class com.almasb.fxgl.app.scene.SceneFactory

09:33:41.761 [JavaFX Application Thread] DEBUG FXGLApplication      - Initializing FXGL
09:33:41.766 [JavaFX Application Thread] INFO  Engine               - FXGL-17.2 (20.08.2022 16.50) on WINDOWS (J:21.0.1 FX:21-ea)
09:33:41.767 [JavaFX Application Thread] DEBUG Engine               - JRE Vendor Name: Oracle Corporation
09:33:41.767 [JavaFX Application Thread] DEBUG Engine               - Running on OS: Windows 10 version 10.0
09:33:41.767 [JavaFX Application Thread] DEBUG Engine               - Architecture: amd64
09:33:41.767 [JavaFX Application Thread] INFO  Engine               - Source code and latest versions at: https://github.com/AlmasB/FXGL
09:33:41.767 [JavaFX Application Thread] INFO  Engine               -       Ask questions and discuss at: https://github.com/AlmasB/FXGL/discussions
09:33:41.767 [JavaFX Application Thread] INFO  Engine               -              Join the FXGL chat at: https://gitter.im/AlmasB/FXGL
09:33:41.855 [JavaFX Application Thread] DEBUG PrimaryStageWindow   - Creating a JavaFX scene
09:33:41.909 [JavaFX Application Thread] DEBUG PrimaryStageWindow   - Target settings size: 1280.0 x 720.0
09:33:41.909 [JavaFX Application Thread] DEBUG PrimaryStageWindow   - Scaled scene size:    1280.0 x 720.0
09:33:41.910 [JavaFX Application Thread] DEBUG PrimaryStageWindow   - Scaled ratio: (1.0, 1.0)
09:33:41.910 [JavaFX Application Thread] DEBUG PrimaryStageWindow   - Set initial scene to FXGLStartupScene
09:33:41.913 [JavaFX Application Thread] DEBUG PrimaryStageWindow   - Opening main window
09:33:42.012 [JavaFX Application Thread] DEBUG PrimaryStageWindow   - Window border size: (14.4000244140625, 37.5999755859375)
09:33:42.013 [JavaFX Application Thread] DEBUG PrimaryStageWindow   - Scaled size: 1280.0 x 720.0
09:33:42.013 [JavaFX Application Thread] DEBUG PrimaryStageWindow   - Scaled ratio: (1.0, 1.0)
09:33:42.013 [JavaFX Application Thread] DEBUG PrimaryStageWindow   - Scene size: 1280.0 x 720.0
09:33:42.014 [JavaFX Application Thread] DEBUG PrimaryStageWindow   - Stage size: 1294.4000244140625 x 757.5999755859375
09:33:42.026 [FXGL Background Thread 1 ] DEBUG Engine               - Initializing environment variables
09:33:42.137 [FXGL Background Thread 1 ] DEBUG FXGLAssetLoaderServi - User app class for loading assets: class com.demo.fxgldemo.demoApp
09:33:42.137 [FXGL Background Thread 1 ] DEBUG GameApplicationServi - Applying CSS: fxgl_dark.css
09:33:42.138 [FXGL Background Thread 1 ] DEBUG FXGLAssetLoaderServi - Loading from file system: jar:file:///C:/Users/Usuario/.m2/repository/com/github/almasb/fxgl/17.2/fxgl-17.2.jar!/fxglassets/ui/css/fxgl_dark.css
09:33:42.203 [FXGL Background Thread 1 ] DEBUG GameApplicationServi - Initializing application scenes
09:33:42.251 [FXGL Background Thread 1 ] DEBUG GameWorld            - Game world initialized
09:33:42.340 [FXGL Background Thread 1 ] DEBUG PhysicsWorld         - Physics world initialized: appHeight=720, physics.ppm=50,0
09:33:42.340 [FXGL Background Thread 1 ] DEBUG PhysicsWorld         - Using strategy: BRUTE_FORCE
09:33:42.346 [FXGL Background Thread 1 ] DEBUG GameScene            - Game scene initialized: 1280x720
09:33:42.359 [FXGL Background Thread 1 ] DEBUG FXGL.DefaultMenu     - createMenuBodyGameMenu()
09:33:42.374 [FXGL Background Thread 1 ] DEBUG FXGL.DefaultMenu     - createOptionsMenu()
09:33:42.387 [FXGL Background Thread 1 ] DEBUG FXGLAssetLoaderServi - Loading from file system: jar:file:///C:/Users/Usuario/.m2/repository/com/github/almasb/fxgl/17.2/fxgl-17.2.jar!/fxglassets/textures/particles/smoke.png
09:33:42.491 [FXGL Background Thread 1 ] DEBUG FXGLAssetLoaderServi - Loading from file system: jar:file:///C:/Users/Usuario/.m2/repository/com/github/almasb/fxgl/17.2/fxgl-17.2.jar!/fxglassets/textures/particles/trace_horizontal.png
09:33:42.522 [FXGL Background Thread 1 ] DEBUG GameApplicationServi - Application scenes initialized
09:33:42.535 [FXGL Background Thread 1 ] DEBUG SystemBundleService  - Loading FXGL system data
09:33:42.539 [FXGL Background Thread 1 ] DEBUG FileSystemAccess     - Reading from: F:\Proyectos javafx\javafxgl\fxgl-demo\system\fxgl.bundle
09:33:42.550 [FXGL Background Thread 1 ] DEBUG SystemBundleService  - Bundle FXGL: {}
09:33:42.551 [FXGL Background Thread 1 ] DEBUG UpdaterService       - Checking for updates
09:33:42.556 [FXGL Background Thread 4 ] DEBUG FXGLApplication      - Loading fonts
09:33:42.557 [FXGL Background Thread 4 ] DEBUG FXGLAssetLoaderServi - Loading from file system: jar:file:///C:/Users/Usuario/.m2/repository/com/github/almasb/fxgl/17.2/fxgl-17.2.jar!/fxglassets/ui/fonts/VarelaRound-Regular.ttf
09:33:42.557 [FXGL Background Thread 1 ] DEBUG FXGLApplication      - Loading default localization
09:33:42.558 [FXGL Background Thread 1 ] DEBUG FXGLAssetLoaderServi - Loading from file system: jar:file:///C:/Users/Usuario/.m2/repository/com/github/almasb/fxgl/17.2/fxgl-17.2.jar!/fxglassets/languages/english.lang
09:33:42.590 [FXGL Background Thread 1 ] INFO  FXGLApplication      - FXGL initialization took: 0,565 sec
09:33:42.605 [FXGL Background Thread 4 ] DEBUG FXGLAssetLoaderServi - Loading from file system: jar:file:///C:/Users/Usuario/.m2/repository/com/github/almasb/fxgl/17.2/fxgl-17.2.jar!/fxglassets/ui/fonts/Abel-Regular.ttf
09:33:42.606 [JavaFX Application Thread] DEBUG Input                - Registered new binding: Left - A
09:33:42.606 [JavaFX Application Thread] DEBUG Input                - Registered new binding: Right - D
09:33:42.606 [JavaFX Application Thread] DEBUG Input                - Registered new binding: Jump - W
09:33:42.607 [JavaFX Application Thread] WARN  FXGLAssetLoaderServi - Asset "/assets/textures/bf-asomado.png" was not found!
09:33:42.607 [JavaFX Application Thread] WARN  FXGLAssetLoaderServi - Failed to load IMAGE
09:33:42.616 [JavaFX Application Thread] DEBUG FXGLAssetLoaderServi - Loading from file system: jar:file:///C:/Users/Usuario/.m2/repository/com/github/almasb/fxgl/17.2/fxgl-17.2.jar!/fxglassets/textures/fxgl_default_cursor.png
09:33:42.617 [FXGL Background Thread 4 ] DEBUG FXGLAssetLoaderServi - Loading from file system: jar:file:///C:/Users/Usuario/.m2/repository/com/github/almasb/fxgl/17.2/fxgl-17.2.jar!/fxglassets/ui/fonts/TerminalLandMono-Regular.otf
09:33:42.620 [JavaFX Application Thread] DEBUG Input                - Registered new binding: Screenshot - CTRL+8
09:33:42.621 [JavaFX Application Thread] DEBUG Input                - Registered new binding: System info dump - CTRL+9
09:33:42.621 [JavaFX Application Thread] DEBUG Input                - Registered new binding: Restart - CTRL+R
09:33:42.622 [JavaFX Application Thread] DEBUG Input                - Registered new binding: Toggle Debug Camera - CTRL+7
09:33:42.625 [JavaFX Application Thread] DEBUG LoopRunner           - Starting loop
09:33:42.626 [JavaFX Application Thread] DEBUG LoopRunner           - Initializing JavaFX AnimationTimerLoop
09:33:42.627 [JavaFX Application Thread] DEBUG GameApplicationServi - Starting new game
09:33:42.628 [JavaFX Application Thread] DEBUG Input                - Clearing active input actions
09:33:42.630 [FXGL Background Thread 4 ] DEBUG FXGLAssetLoaderServi - Loading from file system: jar:file:///C:/Users/Usuario/.m2/repository/com/github/almasb/fxgl/17.2/fxgl-17.2.jar!/fxglassets/ui/fonts/Courier-Prime.ttf
09:33:42.645 [JavaFX Application Thread] DEBUG GameApplicationServi - Removing overlay from FXGLStartupScene and adding to FXGLLoadingScene
09:33:42.646 [JavaFX Application Thread] DEBUG PrimaryStageWindow   - FXGLStartupScene -> FXGLLoadingScene
09:33:42.646 [JavaFX Application Thread] DEBUG GameApplicationServi - Clearing previous game
09:33:42.646 [JavaFX Application Thread] DEBUG GameScene            - Clearing game scene
09:33:42.646 [JavaFX Application Thread] DEBUG GameWorld            - Clearing game world
09:33:42.647 [JavaFX Application Thread] DEBUG PhysicsWorld         - Clearing physics world
09:33:42.648 [FXGL Background Thread 4 ] DEBUG FXGLApplication      - Initializing game
09:33:42.707 [FXGL Background Thread 4 ] WARN  FXGLAssetLoaderServi - Asset "/assets/textures/player.png" was not found!
09:33:42.707 [FXGL Background Thread 4 ] WARN  FXGLAssetLoaderServi - Failed to load IMAGE
09:33:42.724 [JavaFX Application Thread] DEBUG FXGLApplication      - Registering font factories with UI factory
09:33:42.740 [FXGL Background Thread 4 ] INFO  FXGLApplication      - Game initialization took: 0,091 sec
09:33:42.820 [JavaFX Application Thread] DEBUG Input                - Clearing active input actions
09:33:42.832 [JavaFX Application Thread] DEBUG GameApplicationServi - Removing overlay from FXGLLoadingScene and adding to GameScene
09:33:42.832 [JavaFX Application Thread] DEBUG PrimaryStageWindow   - FXGLLoadingScene -> GameScene
09:33:43.112 [FXGL Background Thread 2 ] INFO  UpdaterService       - Your current version:  17.2
09:33:43.112 [FXGL Background Thread 2 ] INFO  UpdaterService       - Latest stable version: 21
09:33:45.555 [FXGL Background Thread 3 ] DEBUG Engine               - Logging environment variables
09:33:45.556 [FXGL Background Thread 3 ] DEBUG Engine               - achievements: []
09:33:45.556 [FXGL Background Thread 3 ] DEBUG Engine               - actualHeight: 720.0
09:33:45.557 [FXGL Background Thread 3 ] DEBUG Engine               - actualHeightProperty: ReadOnlyDoubleProperty [value: 720.0]
09:33:45.557 [FXGL Background Thread 3 ] DEBUG Engine               - actualWidth: 1280.0
09:33:45.557 [FXGL Background Thread 3 ] DEBUG Engine               - actualWidthProperty: ReadOnlyDoubleProperty [value: 1280.0]
09:33:45.557 [FXGL Background Thread 3 ] DEBUG Engine               - appIcon: bf-asomado.png
09:33:45.557 [FXGL Background Thread 3 ] DEBUG Engine               - applicationMode: DEVELOPER
09:33:45.558 [FXGL Background Thread 3 ] DEBUG Engine               - cSSList: [fxgl_dark.css]
09:33:45.558 [FXGL Background Thread 3 ] DEBUG Engine               - collisionDetectionStrategy: BRUTE_FORCE
09:33:45.558 [FXGL Background Thread 3 ] DEBUG Engine               - configClass: Optional.empty
09:33:45.558 [FXGL Background Thread 3 ] DEBUG Engine               - credits: []
09:33:45.559 [FXGL Background Thread 3 ] DEBUG Engine               - defaultCursor: CursorInfo(imageName=fxgl_default_cursor.png, hotspotX=7.0, hotspotY=6.0)
09:33:45.559 [FXGL Background Thread 3 ] DEBUG Engine               - devBBoxColorProperty: ObjectProperty [value: 0xff0000ff]
09:33:45.560 [FXGL Background Thread 3 ] DEBUG Engine               - devEnableDebugCameraProperty: BooleanProperty [value: false]
09:33:45.560 [FXGL Background Thread 3 ] DEBUG Engine               - devSensorColorProperty: ObjectProperty [value: 0xffff00ff]
09:33:45.560 [FXGL Background Thread 3 ] DEBUG Engine               - devShowBBoxProperty: BooleanProperty [value: false]
09:33:45.560 [FXGL Background Thread 3 ] DEBUG Engine               - devShowPositionProperty: BooleanProperty [value: false]
09:33:45.560 [FXGL Background Thread 3 ] DEBUG Engine               - enabledMenuItems: []
09:33:45.560 [FXGL Background Thread 3 ] DEBUG Engine               - engineServices: [class com.almasb.fxgl.app.services.FXGLAssetLoaderService, class com.almasb.fxgl.app.FXGLApplication$GameApplicationService, class com.almasb.fxgl.app.services.FXGLDialogService, class com.almasb.fxgl.app.services.IOTaskExecutorService, class com.almasb.fxgl.io.FileSystemService, class com.almasb.fxgl.localization.LocalizationService, class com.almasb.fxgl.app.services.SystemBundleService, class com.almasb.fxgl.profile.SaveLoadService, class com.almasb.fxgl.ui.FXGLUIFactoryServiceProvider, class com.almasb.fxgl.ui.FXGLDialogFactoryServiceProvider, class com.almasb.fxgl.audio.AudioPlayer, class com.almasb.fxgl.notification.impl.NotificationServiceProvider, class com.almasb.fxgl.achievement.AchievementService, class com.almasb.fxgl.cutscene.CutsceneService, class com.almasb.fxgl.minigames.MiniGameService, class com.almasb.fxgl.net.NetService, class com.almasb.fxgl.app.services.UpdaterService, class com.almasb.fxgl.dev.DevService]
09:33:45.561 [FXGL Background Thread 3 ] DEBUG Engine               - fontGame: Abel-Regular.ttf
09:33:45.561 [FXGL Background Thread 3 ] DEBUG Engine               - fontMono: TerminalLandMono-Regular.otf
09:33:45.561 [FXGL Background Thread 3 ] DEBUG Engine               - fontText: Courier-Prime.ttf
09:33:45.561 [FXGL Background Thread 3 ] DEBUG Engine               - fontUI: VarelaRound-Regular.ttf
09:33:45.561 [FXGL Background Thread 3 ] DEBUG Engine               - fullScreen: BooleanProperty [value: false]
09:33:45.562 [FXGL Background Thread 3 ] DEBUG Engine               - gameDifficulty: MEDIUM
09:33:45.562 [FXGL Background Thread 3 ] DEBUG Engine               - gameDifficultyProperty: ObjectProperty [value: MEDIUM]
09:33:45.562 [FXGL Background Thread 3 ] DEBUG Engine               - globalMusicVolume: 0.5
09:33:45.562 [FXGL Background Thread 3 ] DEBUG Engine               - globalMusicVolumeProperty: DoubleProperty [value: 0.5]
09:33:45.562 [FXGL Background Thread 3 ] DEBUG Engine               - globalSoundVolume: 0.5
09:33:45.563 [FXGL Background Thread 3 ] DEBUG Engine               - globalSoundVolumeProperty: DoubleProperty [value: 0.5]
09:33:45.563 [FXGL Background Thread 3 ] DEBUG Engine               - height: 720
09:33:45.563 [FXGL Background Thread 3 ] DEBUG Engine               - is3D: false
09:33:45.563 [FXGL Background Thread 3 ] DEBUG Engine               - isAndroid: false
09:33:45.563 [FXGL Background Thread 3 ] DEBUG Engine               - isBrowser: false
09:33:45.563 [FXGL Background Thread 3 ] DEBUG Engine               - isClickFeedbackEnabled: false
09:33:45.564 [FXGL Background Thread 3 ] DEBUG Engine               - isCloseConfirmation: false
09:33:45.564 [FXGL Background Thread 3 ] DEBUG Engine               - isDesktop: true
09:33:45.564 [FXGL Background Thread 3 ] DEBUG Engine               - isDeveloperMenuEnabled: false
09:33:45.564 [FXGL Background Thread 3 ] DEBUG Engine               - isEmbedded: false
09:33:45.564 [FXGL Background Thread 3 ] DEBUG Engine               - isEntityPreloadEnabled: true
09:33:45.564 [FXGL Background Thread 3 ] DEBUG Engine               - isExperimentalTiledLargeMap: false
09:33:45.565 [FXGL Background Thread 3 ] DEBUG Engine               - isFileSystemWriteAllowed: true
09:33:45.565 [FXGL Background Thread 3 ] DEBUG Engine               - isFullScreenAllowed: false
09:33:45.565 [FXGL Background Thread 3 ] DEBUG Engine               - isFullScreenFromStart: false
09:33:45.565 [FXGL Background Thread 3 ] DEBUG Engine               - isGameMenuEnabled: true
09:33:45.565 [FXGL Background Thread 3 ] DEBUG Engine               - isIOS: false
09:33:45.565 [FXGL Background Thread 3 ] DEBUG Engine               - isIntroEnabled: false
09:33:45.565 [FXGL Background Thread 3 ] DEBUG Engine               - isLinux: false
09:33:45.566 [FXGL Background Thread 3 ] DEBUG Engine               - isMac: false
09:33:45.566 [FXGL Background Thread 3 ] DEBUG Engine               - isMainMenuEnabled: false
09:33:45.566 [FXGL Background Thread 3 ] DEBUG Engine               - isManualResizeEnabled: false
09:33:45.566 [FXGL Background Thread 3 ] DEBUG Engine               - isMobile: false
09:33:45.566 [FXGL Background Thread 3 ] DEBUG Engine               - isNative: false
09:33:45.566 [FXGL Background Thread 3 ] DEBUG Engine               - isPauseMusicWhenMinimized: true
09:33:45.567 [FXGL Background Thread 3 ] DEBUG Engine               - isPreserveResizeRatio: false
09:33:45.567 [FXGL Background Thread 3 ] DEBUG Engine               - isProfilingEnabled: false
09:33:45.567 [FXGL Background Thread 3 ] DEBUG Engine               - isScaleAffectedOnResize: true
09:33:45.567 [FXGL Background Thread 3 ] DEBUG Engine               - isSingleStep: false
09:33:45.567 [FXGL Background Thread 3 ] DEBUG Engine               - isUserProfileEnabled: false
09:33:45.567 [FXGL Background Thread 3 ] DEBUG Engine               - isWindows: true
09:33:45.567 [FXGL Background Thread 3 ] DEBUG Engine               - language: ObjectProperty [value: ENGLISH]
09:33:45.568 [FXGL Background Thread 3 ] DEBUG Engine               - menuKey: ESCAPE
09:33:45.568 [FXGL Background Thread 3 ] DEBUG Engine               - mouseSensitivity: 0.2
09:33:45.568 [FXGL Background Thread 3 ] DEBUG Engine               - notificationViewClass: class com.almasb.fxgl.notification.view.XboxNotificationView
09:33:45.568 [FXGL Background Thread 3 ] DEBUG Engine               - pixelsPerMeter: 50.0
09:33:45.568 [FXGL Background Thread 3 ] DEBUG Engine               - platform: WINDOWS
09:33:45.568 [FXGL Background Thread 3 ] DEBUG Engine               - prefHeightProperty: ReadOnlyDoubleProperty [value: 720.0]
09:33:45.569 [FXGL Background Thread 3 ] DEBUG Engine               - prefWidthProperty: ReadOnlyDoubleProperty [value: 1280.0]
09:33:45.569 [FXGL Background Thread 3 ] DEBUG Engine               - profileDir: profiles/
09:33:45.569 [FXGL Background Thread 3 ] DEBUG Engine               - profileName: StringProperty [value: DEFAULT]
09:33:45.569 [FXGL Background Thread 3 ] DEBUG Engine               - randomSeed: -1
09:33:45.570 [FXGL Background Thread 3 ] DEBUG Engine               - runtimeInfo: RuntimeInfo(platform=WINDOWS, version=17.2, build=20.08.2022 16.50)
09:33:45.570 [FXGL Background Thread 3 ] DEBUG Engine               - saveFileExt: sav
09:33:45.570 [FXGL Background Thread 3 ] DEBUG Engine               - scaledHeightProp$fxgl: DoubleProperty [bound, value: 720.0]
09:33:45.570 [FXGL Background Thread 3 ] DEBUG Engine               - scaledWidthProp$fxgl: DoubleProperty [bound, value: 1280.0]
09:33:45.570 [FXGL Background Thread 3 ] DEBUG Engine               - sceneFactory: com.almasb.fxgl.app.scene.SceneFactory@70939314
09:33:45.570 [FXGL Background Thread 3 ] DEBUG Engine               - secondsIn24h: 60
09:33:45.571 [FXGL Background Thread 3 ] DEBUG Engine               - soundMenuBack: menu/back.wav
09:33:45.571 [FXGL Background Thread 3 ] DEBUG Engine               - soundMenuPress: menu/press.wav
09:33:45.571 [FXGL Background Thread 3 ] DEBUG Engine               - soundMenuSelect: menu/select.wav
09:33:45.571 [FXGL Background Thread 3 ] DEBUG Engine               - soundNotification: core/notification.wav
09:33:45.571 [FXGL Background Thread 3 ] DEBUG Engine               - stageStyle: DECORATED
09:33:45.571 [FXGL Background Thread 3 ] DEBUG Engine               - supportedLanguages: [ENGLISH, FRENCH, GERMAN, HUNGARIAN, RUSSIAN]
09:33:45.572 [FXGL Background Thread 3 ] DEBUG Engine               - ticksPerSecond: -1
09:33:45.572 [FXGL Background Thread 3 ] DEBUG Engine               - title: Demo Fac 1
09:33:45.572 [FXGL Background Thread 3 ] DEBUG Engine               - urlGithub: https://github.com/AlmasB/FXGL
09:33:45.572 [FXGL Background Thread 3 ] DEBUG Engine               - urlLeaderboard: http://fxgl-top.herokuapp.com/
09:33:45.573 [FXGL Background Thread 3 ] DEBUG Engine               - urlPOM: https://raw.githubusercontent.com/AlmasB/FXGL/release/README.md
09:33:45.573 [FXGL Background Thread 3 ] DEBUG Engine               - userAppClass: class com.demo.fxgldemo.demoApp
09:33:45.573 [FXGL Background Thread 3 ] DEBUG Engine               - version: 0.0
09:33:45.573 [FXGL Background Thread 3 ] DEBUG Engine               - versionCheckDays: 7
09:33:45.574 [FXGL Background Thread 3 ] DEBUG Engine               - width: 1280
09:33:45.574 [FXGL Background Thread 3 ] DEBUG Engine               - Logging services
09:33:45.574 [FXGL Background Thread 3 ] DEBUG Engine               - class com.almasb.fxgl.app.services.FXGLAssetLoaderService
09:33:45.575 [FXGL Background Thread 3 ] DEBUG Engine               - class com.almasb.fxgl.app.FXGLApplication$GameApplicationService
09:33:45.575 [FXGL Background Thread 3 ] DEBUG Engine               - class com.almasb.fxgl.app.services.FXGLDialogService
09:33:45.575 [FXGL Background Thread 3 ] DEBUG Engine               - class com.almasb.fxgl.app.services.IOTaskExecutorService
09:33:45.575 [FXGL Background Thread 3 ] DEBUG Engine               - class com.almasb.fxgl.io.FileSystemService
09:33:45.575 [FXGL Background Thread 3 ] DEBUG Engine               - class com.almasb.fxgl.localization.LocalizationService
09:33:45.576 [FXGL Background Thread 3 ] DEBUG Engine               - class com.almasb.fxgl.app.services.SystemBundleService
09:33:45.576 [FXGL Background Thread 3 ] DEBUG Engine               - class com.almasb.fxgl.profile.SaveLoadService
09:33:45.576 [FXGL Background Thread 3 ] DEBUG Engine               - class com.almasb.fxgl.ui.FXGLUIFactoryServiceProvider
09:33:45.576 [FXGL Background Thread 3 ] DEBUG Engine               - class com.almasb.fxgl.ui.FXGLDialogFactoryServiceProvider
09:33:45.576 [FXGL Background Thread 3 ] DEBUG Engine               - class com.almasb.fxgl.audio.AudioPlayer
09:33:45.577 [FXGL Background Thread 3 ] DEBUG Engine               - class com.almasb.fxgl.notification.impl.NotificationServiceProvider
09:33:45.577 [FXGL Background Thread 3 ] DEBUG Engine               - class com.almasb.fxgl.achievement.AchievementService
09:33:45.577 [FXGL Background Thread 3 ] DEBUG Engine               - class com.almasb.fxgl.cutscene.CutsceneService
09:33:45.577 [FXGL Background Thread 3 ] DEBUG Engine               - class com.almasb.fxgl.minigames.MiniGameService
09:33:45.577 [FXGL Background Thread 3 ] DEBUG Engine               - class com.almasb.fxgl.net.NetService
09:33:45.577 [FXGL Background Thread 3 ] DEBUG Engine               - class com.almasb.fxgl.app.services.UpdaterService
09:33:45.577 [FXGL Background Thread 3 ] DEBUG Engine               - class com.almasb.fxgl.dev.DevService
09:33:54.555 [JavaFX Application Thread] DEBUG FXGLApplication      - Exiting FXGL
09:33:54.555 [JavaFX Application Thread] DEBUG LoopRunner           - Stopping loop
09:33:54.555 [JavaFX Application Thread] DEBUG SystemBundleService  - Saving FXGL system data
09:33:54.558 [JavaFX Application Thread] DEBUG FileSystemAccess     - Writing to: F:\Proyectos javafx\javafxgl\fxgl-demo\system\fxgl.bundle
09:33:54.560 [JavaFX Application Thread] DEBUG Async                - Shutting down background threads
09:33:54.560 [JavaFX Application Thread] DEBUG PrimaryStageWindow   - Closing main window
09:33:54.573 [JavaFX Application Thread] DEBUG Logger               - Closing Logger
