19:07:27.704 [main                     ] DEBUG Logger               - Configured Logger
19:07:27.735 [main                     ] DEBUG GameApplication      - Logging settings
Title: Probando demoCuboApp
Version: 0.0
Width: 800
Height: 600
Fullscreen: false
Intro: false
Profiling: false
Single step:false
App Mode: DEVELOPER
Menu Key: ESCAPE
Stage Style: DECORATED
Scene Factory: class com.almasb.fxgl.app.scene.SceneFactory

19:07:28.040 [JavaFX Application Thread] DEBUG FXGLApplication      - Initializing FXGL
19:07:28.044 [JavaFX Application Thread] INFO  Engine               - FXGL-17.2 (20.08.2022 16.50) on WINDOWS (J:21.0.1 FX:21-ea)
19:07:28.045 [JavaFX Application Thread] DEBUG Engine               - JRE Vendor Name: Oracle Corporation
19:07:28.045 [JavaFX Application Thread] DEBUG Engine               - Running on OS: Windows 10 version 10.0
19:07:28.045 [JavaFX Application Thread] DEBUG Engine               - Architecture: amd64
19:07:28.045 [JavaFX Application Thread] INFO  Engine               - Source code and latest versions at: https://github.com/AlmasB/FXGL
19:07:28.045 [JavaFX Application Thread] INFO  Engine               -       Ask questions and discuss at: https://github.com/AlmasB/FXGL/discussions
19:07:28.045 [JavaFX Application Thread] INFO  Engine               -              Join the FXGL chat at: https://gitter.im/AlmasB/FXGL
19:07:28.134 [JavaFX Application Thread] DEBUG PrimaryStageWindow   - Creating a JavaFX scene
19:07:28.192 [JavaFX Application Thread] DEBUG PrimaryStageWindow   - Target settings size: 800.0 x 600.0
19:07:28.192 [JavaFX Application Thread] DEBUG PrimaryStageWindow   - Scaled scene size:    800.0 x 600.0
19:07:28.193 [JavaFX Application Thread] DEBUG PrimaryStageWindow   - Scaled ratio: (1.0, 1.0)
19:07:28.194 [JavaFX Application Thread] DEBUG PrimaryStageWindow   - Set initial scene to FXGLStartupScene
19:07:28.197 [JavaFX Application Thread] DEBUG PrimaryStageWindow   - Opening main window
19:07:28.293 [JavaFX Application Thread] DEBUG PrimaryStageWindow   - Window border size: (14.4000244140625, 37.5999755859375)
19:07:28.294 [JavaFX Application Thread] DEBUG PrimaryStageWindow   - Scaled size: 800.0 x 600.0
19:07:28.294 [JavaFX Application Thread] DEBUG PrimaryStageWindow   - Scaled ratio: (1.0, 1.0)
19:07:28.295 [JavaFX Application Thread] DEBUG PrimaryStageWindow   - Scene size: 800.0 x 600.0
19:07:28.295 [JavaFX Application Thread] DEBUG PrimaryStageWindow   - Stage size: 814.4000244140625 x 637.5999755859375
19:07:28.308 [FXGL Background Thread 1 ] DEBUG Engine               - Initializing environment variables
19:07:28.399 [FXGL Background Thread 1 ] DEBUG FXGLAssetLoaderServi - User app class for loading assets: class com.demo.fxgldemo.demoCuboApp
19:07:28.400 [FXGL Background Thread 1 ] DEBUG GameApplicationServi - Applying CSS: fxgl_dark.css
19:07:28.402 [FXGL Background Thread 1 ] DEBUG FXGLAssetLoaderServi - Loading from file system: jar:file:///C:/Users/Usuario/.m2/repository/com/github/almasb/fxgl/17.2/fxgl-17.2.jar!/fxglassets/ui/css/fxgl_dark.css
19:07:28.468 [FXGL Background Thread 1 ] DEBUG GameApplicationServi - Initializing application scenes
19:07:28.530 [FXGL Background Thread 1 ] DEBUG GameWorld            - Game world initialized
19:07:28.621 [FXGL Background Thread 1 ] DEBUG PhysicsWorld         - Physics world initialized: appHeight=600, physics.ppm=50,0
19:07:28.622 [FXGL Background Thread 1 ] DEBUG PhysicsWorld         - Using strategy: BRUTE_FORCE
19:07:28.628 [FXGL Background Thread 1 ] DEBUG GameScene            - Game scene initialized: 800x600
19:07:28.641 [FXGL Background Thread 1 ] DEBUG FXGL.DefaultMenu     - createMenuBodyGameMenu()
19:07:28.656 [FXGL Background Thread 1 ] DEBUG FXGL.DefaultMenu     - createOptionsMenu()
19:07:28.667 [FXGL Background Thread 1 ] DEBUG FXGLAssetLoaderServi - Loading from file system: jar:file:///C:/Users/Usuario/.m2/repository/com/github/almasb/fxgl/17.2/fxgl-17.2.jar!/fxglassets/textures/particles/smoke.png
19:07:28.758 [FXGL Background Thread 1 ] DEBUG FXGLAssetLoaderServi - Loading from file system: jar:file:///C:/Users/Usuario/.m2/repository/com/github/almasb/fxgl/17.2/fxgl-17.2.jar!/fxglassets/textures/particles/trace_horizontal.png
19:07:28.785 [FXGL Background Thread 1 ] DEBUG GameApplicationServi - Application scenes initialized
19:07:28.797 [FXGL Background Thread 1 ] DEBUG SystemBundleService  - Loading FXGL system data
19:07:28.801 [FXGL Background Thread 1 ] DEBUG FileSystemAccess     - Reading from: F:\Proyectos javafx\javafxgl\fxgl-demo\system\fxgl.bundle
19:07:28.811 [FXGL Background Thread 1 ] DEBUG SystemBundleService  - Bundle FXGL: {}
19:07:28.811 [FXGL Background Thread 1 ] DEBUG UpdaterService       - Checking for updates
19:07:28.815 [FXGL Background Thread 4 ] DEBUG FXGLApplication      - Loading fonts
19:07:28.816 [FXGL Background Thread 1 ] DEBUG FXGLApplication      - Loading default localization
19:07:28.816 [FXGL Background Thread 4 ] DEBUG FXGLAssetLoaderServi - Loading from file system: jar:file:///C:/Users/Usuario/.m2/repository/com/github/almasb/fxgl/17.2/fxgl-17.2.jar!/fxglassets/ui/fonts/VarelaRound-Regular.ttf
19:07:28.816 [FXGL Background Thread 1 ] DEBUG FXGLAssetLoaderServi - Loading from file system: jar:file:///C:/Users/Usuario/.m2/repository/com/github/almasb/fxgl/17.2/fxgl-17.2.jar!/fxglassets/languages/english.lang
19:07:28.851 [FXGL Background Thread 1 ] INFO  FXGLApplication      - FXGL initialization took: 0,543 sec
19:07:28.857 [FXGL Background Thread 4 ] DEBUG FXGLAssetLoaderServi - Loading from file system: jar:file:///C:/Users/Usuario/.m2/repository/com/github/almasb/fxgl/17.2/fxgl-17.2.jar!/fxglassets/ui/fonts/Abel-Regular.ttf
19:07:28.867 [JavaFX Application Thread] DEBUG Input                - Registered new binding: action0 - A
19:07:28.868 [JavaFX Application Thread] DEBUG Input                - Registered new binding: action1 - D
19:07:28.868 [JavaFX Application Thread] DEBUG Input                - Registered new binding: action2 - W
19:07:28.869 [FXGL Background Thread 4 ] DEBUG FXGLAssetLoaderServi - Loading from file system: jar:file:///C:/Users/Usuario/.m2/repository/com/github/almasb/fxgl/17.2/fxgl-17.2.jar!/fxglassets/ui/fonts/TerminalLandMono-Regular.otf
19:07:28.869 [JavaFX Application Thread] DEBUG Input                - Registered new binding: action3 - S
19:07:28.870 [JavaFX Application Thread] DEBUG Input                - Registered new binding: action4 - J
19:07:28.871 [JavaFX Application Thread] DEBUG Input                - Registered new binding: action5 - L
19:07:28.871 [JavaFX Application Thread] DEBUG Input                - Registered new binding: action6 - I
19:07:28.871 [JavaFX Application Thread] DEBUG Input                - Registered new binding: action7 - K
19:07:28.872 [JavaFX Application Thread] DEBUG FXGLAssetLoaderServi - Loading from file system: jar:file:///C:/Users/Usuario/.m2/repository/com/github/almasb/fxgl/17.2/fxgl-17.2.jar!/fxglassets/textures/fxgl_icon.png
19:07:28.880 [FXGL Background Thread 4 ] DEBUG FXGLAssetLoaderServi - Loading from file system: jar:file:///C:/Users/Usuario/.m2/repository/com/github/almasb/fxgl/17.2/fxgl-17.2.jar!/fxglassets/ui/fonts/Courier-Prime.ttf
19:07:28.895 [JavaFX Application Thread] DEBUG FXGLAssetLoaderServi - Loading from file system: jar:file:///C:/Users/Usuario/.m2/repository/com/github/almasb/fxgl/17.2/fxgl-17.2.jar!/fxglassets/textures/fxgl_default_cursor.png
19:07:28.897 [JavaFX Application Thread] DEBUG Input                - Registered new binding: Screenshot - CTRL+8
19:07:28.898 [JavaFX Application Thread] DEBUG Input                - Registered new binding: System info dump - CTRL+9
19:07:28.898 [JavaFX Application Thread] DEBUG Input                - Registered new binding: Restart - CTRL+R
19:07:28.900 [JavaFX Application Thread] DEBUG Input                - Registered new binding: Toggle Debug Camera - CTRL+7
19:07:28.902 [JavaFX Application Thread] DEBUG LoopRunner           - Starting loop
19:07:28.902 [JavaFX Application Thread] DEBUG LoopRunner           - Initializing JavaFX AnimationTimerLoop
19:07:28.905 [JavaFX Application Thread] DEBUG GameApplicationServi - Starting new game
19:07:28.906 [JavaFX Application Thread] DEBUG Input                - Clearing active input actions
19:07:28.918 [JavaFX Application Thread] DEBUG GameApplicationServi - Removing overlay from FXGLStartupScene and adding to FXGLLoadingScene
19:07:28.918 [JavaFX Application Thread] DEBUG PrimaryStageWindow   - FXGLStartupScene -> FXGLLoadingScene
19:07:28.918 [JavaFX Application Thread] DEBUG GameApplicationServi - Clearing previous game
19:07:28.918 [JavaFX Application Thread] DEBUG GameScene            - Clearing game scene
19:07:28.918 [JavaFX Application Thread] DEBUG GameWorld            - Clearing game world
19:07:28.918 [JavaFX Application Thread] DEBUG PhysicsWorld         - Clearing physics world
19:07:28.921 [JavaFX Application Thread] DEBUG FXGLApplication      - Registering font factories with UI factory
19:07:28.921 [FXGL Background Thread 4 ] DEBUG FXGLApplication      - Initializing game
19:07:28.969 [FXGL Background Thread 4 ] INFO  FXGLApplication      - Game initialization took: 0,049 sec
19:07:28.975 [JavaFX Application Thread] DEBUG Input                - Clearing active input actions
19:07:28.982 [JavaFX Application Thread] DEBUG GameApplicationServi - Removing overlay from FXGLLoadingScene and adding to GameScene
19:07:28.982 [JavaFX Application Thread] DEBUG PrimaryStageWindow   - FXGLLoadingScene -> GameScene
19:07:29.283 [FXGL Background Thread 2 ] INFO  UpdaterService       - Your current version:  17.2
19:07:29.284 [FXGL Background Thread 2 ] INFO  UpdaterService       - Latest stable version: 21
19:07:31.814 [FXGL Background Thread 3 ] DEBUG Engine               - Logging environment variables
19:07:31.816 [FXGL Background Thread 3 ] DEBUG Engine               - achievements: []
19:07:31.816 [FXGL Background Thread 3 ] DEBUG Engine               - actualHeight: 600.0
19:07:31.817 [FXGL Background Thread 3 ] DEBUG Engine               - actualHeightProperty: ReadOnlyDoubleProperty [value: 600.0]
19:07:31.817 [FXGL Background Thread 3 ] DEBUG Engine               - actualWidth: 800.0
19:07:31.817 [FXGL Background Thread 3 ] DEBUG Engine               - actualWidthProperty: ReadOnlyDoubleProperty [value: 800.0]
19:07:31.818 [FXGL Background Thread 3 ] DEBUG Engine               - appIcon: fxgl_icon.png
19:07:31.818 [FXGL Background Thread 3 ] DEBUG Engine               - applicationMode: DEVELOPER
19:07:31.818 [FXGL Background Thread 3 ] DEBUG Engine               - cSSList: [fxgl_dark.css]
19:07:31.818 [FXGL Background Thread 3 ] DEBUG Engine               - collisionDetectionStrategy: BRUTE_FORCE
19:07:31.819 [FXGL Background Thread 3 ] DEBUG Engine               - configClass: Optional.empty
19:07:31.819 [FXGL Background Thread 3 ] DEBUG Engine               - credits: []
19:07:31.820 [FXGL Background Thread 3 ] DEBUG Engine               - defaultCursor: CursorInfo(imageName=fxgl_default_cursor.png, hotspotX=7.0, hotspotY=6.0)
19:07:31.820 [FXGL Background Thread 3 ] DEBUG Engine               - devBBoxColorProperty: ObjectProperty [value: 0xff0000ff]
19:07:31.821 [FXGL Background Thread 3 ] DEBUG Engine               - devEnableDebugCameraProperty: BooleanProperty [value: false]
19:07:31.821 [FXGL Background Thread 3 ] DEBUG Engine               - devSensorColorProperty: ObjectProperty [value: 0xffff00ff]
19:07:31.821 [FXGL Background Thread 3 ] DEBUG Engine               - devShowBBoxProperty: BooleanProperty [value: false]
19:07:31.822 [FXGL Background Thread 3 ] DEBUG Engine               - devShowPositionProperty: BooleanProperty [value: false]
19:07:31.822 [FXGL Background Thread 3 ] DEBUG Engine               - enabledMenuItems: []
19:07:31.822 [FXGL Background Thread 3 ] DEBUG Engine               - engineServices: [class com.almasb.fxgl.app.services.FXGLAssetLoaderService, class com.almasb.fxgl.app.FXGLApplication$GameApplicationService, class com.almasb.fxgl.app.services.FXGLDialogService, class com.almasb.fxgl.app.services.IOTaskExecutorService, class com.almasb.fxgl.io.FileSystemService, class com.almasb.fxgl.localization.LocalizationService, class com.almasb.fxgl.app.services.SystemBundleService, class com.almasb.fxgl.profile.SaveLoadService, class com.almasb.fxgl.ui.FXGLUIFactoryServiceProvider, class com.almasb.fxgl.ui.FXGLDialogFactoryServiceProvider, class com.almasb.fxgl.audio.AudioPlayer, class com.almasb.fxgl.notification.impl.NotificationServiceProvider, class com.almasb.fxgl.achievement.AchievementService, class com.almasb.fxgl.cutscene.CutsceneService, class com.almasb.fxgl.minigames.MiniGameService, class com.almasb.fxgl.net.NetService, class com.almasb.fxgl.app.services.UpdaterService, class com.almasb.fxgl.dev.DevService]
19:07:31.822 [FXGL Background Thread 3 ] DEBUG Engine               - fontGame: Abel-Regular.ttf
19:07:31.823 [FXGL Background Thread 3 ] DEBUG Engine               - fontMono: TerminalLandMono-Regular.otf
19:07:31.823 [FXGL Background Thread 3 ] DEBUG Engine               - fontText: Courier-Prime.ttf
19:07:31.823 [FXGL Background Thread 3 ] DEBUG Engine               - fontUI: VarelaRound-Regular.ttf
19:07:31.824 [FXGL Background Thread 3 ] DEBUG Engine               - fullScreen: BooleanProperty [value: false]
19:07:31.824 [FXGL Background Thread 3 ] DEBUG Engine               - gameDifficulty: MEDIUM
19:07:31.824 [FXGL Background Thread 3 ] DEBUG Engine               - gameDifficultyProperty: ObjectProperty [value: MEDIUM]
19:07:31.824 [FXGL Background Thread 3 ] DEBUG Engine               - globalMusicVolume: 0.5
19:07:31.825 [FXGL Background Thread 3 ] DEBUG Engine               - globalMusicVolumeProperty: DoubleProperty [value: 0.5]
19:07:31.825 [FXGL Background Thread 3 ] DEBUG Engine               - globalSoundVolume: 0.5
19:07:31.825 [FXGL Background Thread 3 ] DEBUG Engine               - globalSoundVolumeProperty: DoubleProperty [value: 0.5]
19:07:31.825 [FXGL Background Thread 3 ] DEBUG Engine               - height: 600
19:07:31.826 [FXGL Background Thread 3 ] DEBUG Engine               - is3D: false
19:07:31.826 [FXGL Background Thread 3 ] DEBUG Engine               - isAndroid: false
19:07:31.826 [FXGL Background Thread 3 ] DEBUG Engine               - isBrowser: false
19:07:31.826 [FXGL Background Thread 3 ] DEBUG Engine               - isClickFeedbackEnabled: false
19:07:31.827 [FXGL Background Thread 3 ] DEBUG Engine               - isCloseConfirmation: false
19:07:31.827 [FXGL Background Thread 3 ] DEBUG Engine               - isDesktop: true
19:07:31.827 [FXGL Background Thread 3 ] DEBUG Engine               - isDeveloperMenuEnabled: false
19:07:31.827 [FXGL Background Thread 3 ] DEBUG Engine               - isEmbedded: false
19:07:31.827 [FXGL Background Thread 3 ] DEBUG Engine               - isEntityPreloadEnabled: true
19:07:31.828 [FXGL Background Thread 3 ] DEBUG Engine               - isExperimentalTiledLargeMap: false
19:07:31.828 [FXGL Background Thread 3 ] DEBUG Engine               - isFileSystemWriteAllowed: true
19:07:31.828 [FXGL Background Thread 3 ] DEBUG Engine               - isFullScreenAllowed: false
19:07:31.828 [FXGL Background Thread 3 ] DEBUG Engine               - isFullScreenFromStart: false
19:07:31.829 [FXGL Background Thread 3 ] DEBUG Engine               - isGameMenuEnabled: true
19:07:31.829 [FXGL Background Thread 3 ] DEBUG Engine               - isIOS: false
19:07:31.829 [FXGL Background Thread 3 ] DEBUG Engine               - isIntroEnabled: false
19:07:31.829 [FXGL Background Thread 3 ] DEBUG Engine               - isLinux: false
19:07:31.830 [FXGL Background Thread 3 ] DEBUG Engine               - isMac: false
19:07:31.830 [FXGL Background Thread 3 ] DEBUG Engine               - isMainMenuEnabled: false
19:07:31.830 [FXGL Background Thread 3 ] DEBUG Engine               - isManualResizeEnabled: false
19:07:31.831 [FXGL Background Thread 3 ] DEBUG Engine               - isMobile: false
19:07:31.831 [FXGL Background Thread 3 ] DEBUG Engine               - isNative: false
19:07:31.831 [FXGL Background Thread 3 ] DEBUG Engine               - isPauseMusicWhenMinimized: true
19:07:31.832 [FXGL Background Thread 3 ] DEBUG Engine               - isPreserveResizeRatio: false
19:07:31.832 [FXGL Background Thread 3 ] DEBUG Engine               - isProfilingEnabled: false
19:07:31.832 [FXGL Background Thread 3 ] DEBUG Engine               - isScaleAffectedOnResize: true
19:07:31.832 [FXGL Background Thread 3 ] DEBUG Engine               - isSingleStep: false
19:07:31.833 [FXGL Background Thread 3 ] DEBUG Engine               - isUserProfileEnabled: false
19:07:31.833 [FXGL Background Thread 3 ] DEBUG Engine               - isWindows: true
19:07:31.833 [FXGL Background Thread 3 ] DEBUG Engine               - language: ObjectProperty [value: ENGLISH]
19:07:31.833 [FXGL Background Thread 3 ] DEBUG Engine               - menuKey: ESCAPE
19:07:31.833 [FXGL Background Thread 3 ] DEBUG Engine               - mouseSensitivity: 0.2
19:07:31.833 [FXGL Background Thread 3 ] DEBUG Engine               - notificationViewClass: class com.almasb.fxgl.notification.view.XboxNotificationView
19:07:31.834 [FXGL Background Thread 3 ] DEBUG Engine               - pixelsPerMeter: 50.0
19:07:31.834 [FXGL Background Thread 3 ] DEBUG Engine               - platform: WINDOWS
19:07:31.834 [FXGL Background Thread 3 ] DEBUG Engine               - prefHeightProperty: ReadOnlyDoubleProperty [value: 600.0]
19:07:31.834 [FXGL Background Thread 3 ] DEBUG Engine               - prefWidthProperty: ReadOnlyDoubleProperty [value: 800.0]
19:07:31.834 [FXGL Background Thread 3 ] DEBUG Engine               - profileDir: profiles/
19:07:31.834 [FXGL Background Thread 3 ] DEBUG Engine               - profileName: StringProperty [value: DEFAULT]
19:07:31.834 [FXGL Background Thread 3 ] DEBUG Engine               - randomSeed: -1
19:07:31.835 [FXGL Background Thread 3 ] DEBUG Engine               - runtimeInfo: RuntimeInfo(platform=WINDOWS, version=17.2, build=20.08.2022 16.50)
19:07:31.835 [FXGL Background Thread 3 ] DEBUG Engine               - saveFileExt: sav
19:07:31.835 [FXGL Background Thread 3 ] DEBUG Engine               - scaledHeightProp$fxgl: DoubleProperty [bound, value: 600.0]
19:07:31.835 [FXGL Background Thread 3 ] DEBUG Engine               - scaledWidthProp$fxgl: DoubleProperty [bound, value: 800.0]
19:07:31.835 [FXGL Background Thread 3 ] DEBUG Engine               - sceneFactory: com.almasb.fxgl.app.scene.SceneFactory@3115a5e3
19:07:31.836 [FXGL Background Thread 3 ] DEBUG Engine               - secondsIn24h: 60
19:07:31.836 [FXGL Background Thread 3 ] DEBUG Engine               - soundMenuBack: menu/back.wav
19:07:31.836 [FXGL Background Thread 3 ] DEBUG Engine               - soundMenuPress: menu/press.wav
19:07:31.836 [FXGL Background Thread 3 ] DEBUG Engine               - soundMenuSelect: menu/select.wav
19:07:31.836 [FXGL Background Thread 3 ] DEBUG Engine               - soundNotification: core/notification.wav
19:07:31.836 [FXGL Background Thread 3 ] DEBUG Engine               - stageStyle: DECORATED
19:07:31.837 [FXGL Background Thread 3 ] DEBUG Engine               - supportedLanguages: [ENGLISH, FRENCH, GERMAN, HUNGARIAN, RUSSIAN]
19:07:31.837 [FXGL Background Thread 3 ] DEBUG Engine               - ticksPerSecond: -1
19:07:31.837 [FXGL Background Thread 3 ] DEBUG Engine               - title: Probando demoCuboApp
19:07:31.837 [FXGL Background Thread 3 ] DEBUG Engine               - urlGithub: https://github.com/AlmasB/FXGL
19:07:31.837 [FXGL Background Thread 3 ] DEBUG Engine               - urlLeaderboard: http://fxgl-top.herokuapp.com/
19:07:31.837 [FXGL Background Thread 3 ] DEBUG Engine               - urlPOM: https://raw.githubusercontent.com/AlmasB/FXGL/release/README.md
19:07:31.837 [FXGL Background Thread 3 ] DEBUG Engine               - userAppClass: class com.demo.fxgldemo.demoCuboApp
19:07:31.838 [FXGL Background Thread 3 ] DEBUG Engine               - version: 0.0
19:07:31.838 [FXGL Background Thread 3 ] DEBUG Engine               - versionCheckDays: 7
19:07:31.838 [FXGL Background Thread 3 ] DEBUG Engine               - width: 800
19:07:31.838 [FXGL Background Thread 3 ] DEBUG Engine               - Logging services
19:07:31.838 [FXGL Background Thread 3 ] DEBUG Engine               - class com.almasb.fxgl.app.services.FXGLAssetLoaderService
19:07:31.838 [FXGL Background Thread 3 ] DEBUG Engine               - class com.almasb.fxgl.app.FXGLApplication$GameApplicationService
19:07:31.838 [FXGL Background Thread 3 ] DEBUG Engine               - class com.almasb.fxgl.app.services.FXGLDialogService
19:07:31.839 [FXGL Background Thread 3 ] DEBUG Engine               - class com.almasb.fxgl.app.services.IOTaskExecutorService
19:07:31.839 [FXGL Background Thread 3 ] DEBUG Engine               - class com.almasb.fxgl.io.FileSystemService
19:07:31.839 [FXGL Background Thread 3 ] DEBUG Engine               - class com.almasb.fxgl.localization.LocalizationService
19:07:31.839 [FXGL Background Thread 3 ] DEBUG Engine               - class com.almasb.fxgl.app.services.SystemBundleService
19:07:31.839 [FXGL Background Thread 3 ] DEBUG Engine               - class com.almasb.fxgl.profile.SaveLoadService
19:07:31.839 [FXGL Background Thread 3 ] DEBUG Engine               - class com.almasb.fxgl.ui.FXGLUIFactoryServiceProvider
19:07:31.839 [FXGL Background Thread 3 ] DEBUG Engine               - class com.almasb.fxgl.ui.FXGLDialogFactoryServiceProvider
19:07:31.839 [FXGL Background Thread 3 ] DEBUG Engine               - class com.almasb.fxgl.audio.AudioPlayer
19:07:31.839 [FXGL Background Thread 3 ] DEBUG Engine               - class com.almasb.fxgl.notification.impl.NotificationServiceProvider
19:07:31.840 [FXGL Background Thread 3 ] DEBUG Engine               - class com.almasb.fxgl.achievement.AchievementService
19:07:31.840 [FXGL Background Thread 3 ] DEBUG Engine               - class com.almasb.fxgl.cutscene.CutsceneService
19:07:31.840 [FXGL Background Thread 3 ] DEBUG Engine               - class com.almasb.fxgl.minigames.MiniGameService
19:07:31.840 [FXGL Background Thread 3 ] DEBUG Engine               - class com.almasb.fxgl.net.NetService
19:07:31.840 [FXGL Background Thread 3 ] DEBUG Engine               - class com.almasb.fxgl.app.services.UpdaterService
19:07:31.840 [FXGL Background Thread 3 ] DEBUG Engine               - class com.almasb.fxgl.dev.DevService
19:07:54.591 [JavaFX Application Thread] DEBUG FXGLApplication      - Exiting FXGL
19:07:54.592 [JavaFX Application Thread] DEBUG LoopRunner           - Stopping loop
19:07:54.592 [JavaFX Application Thread] DEBUG SystemBundleService  - Saving FXGL system data
19:07:54.594 [JavaFX Application Thread] DEBUG FileSystemAccess     - Writing to: F:\Proyectos javafx\javafxgl\fxgl-demo\system\fxgl.bundle
19:07:54.596 [JavaFX Application Thread] DEBUG Async                - Shutting down background threads
19:07:54.596 [JavaFX Application Thread] DEBUG PrimaryStageWindow   - Closing main window
19:07:54.611 [JavaFX Application Thread] DEBUG Logger               - Closing Logger
