07:44:44.334 [main                     ] DEBUG Logger               - Configured Logger
07:44:44.365 [main                     ] DEBUG GameApplication      - Logging settings
Title: Probando demoCuboApp
Version: 0.0
Width: 800
Height: 600
Fullscreen: false
Intro: false
Profiling: false
Single step:false
App Mode: DEVELOPER
Menu Key: ESCAPE
Stage Style: DECORATED
Scene Factory: class com.almasb.fxgl.app.scene.SceneFactory

07:44:44.663 [JavaFX Application Thread] DEBUG FXGLApplication      - Initializing FXGL
07:44:44.668 [JavaFX Application Thread] INFO  Engine               - FXGL-17.2 (20.08.2022 16.50) on WINDOWS (J:21.0.1 FX:21-ea)
07:44:44.668 [JavaFX Application Thread] DEBUG Engine               - JRE Vendor Name: Oracle Corporation
07:44:44.669 [JavaFX Application Thread] DEBUG Engine               - Running on OS: Windows 10 version 10.0
07:44:44.669 [JavaFX Application Thread] DEBUG Engine               - Architecture: amd64
07:44:44.669 [JavaFX Application Thread] INFO  Engine               - Source code and latest versions at: https://github.com/AlmasB/FXGL
07:44:44.669 [JavaFX Application Thread] INFO  Engine               -       Ask questions and discuss at: https://github.com/AlmasB/FXGL/discussions
07:44:44.669 [JavaFX Application Thread] INFO  Engine               -              Join the FXGL chat at: https://gitter.im/AlmasB/FXGL
07:44:44.760 [JavaFX Application Thread] DEBUG PrimaryStageWindow   - Creating a JavaFX scene
07:44:44.816 [JavaFX Application Thread] DEBUG PrimaryStageWindow   - Target settings size: 800.0 x 600.0
07:44:44.816 [JavaFX Application Thread] DEBUG PrimaryStageWindow   - Scaled scene size:    800.0 x 600.0
07:44:44.816 [JavaFX Application Thread] DEBUG PrimaryStageWindow   - Scaled ratio: (1.0, 1.0)
07:44:44.818 [JavaFX Application Thread] DEBUG PrimaryStageWindow   - Set initial scene to FXGLStartupScene
07:44:44.822 [JavaFX Application Thread] DEBUG PrimaryStageWindow   - Opening main window
07:44:44.927 [JavaFX Application Thread] DEBUG PrimaryStageWindow   - Window border size: (14.4000244140625, 37.5999755859375)
07:44:44.927 [JavaFX Application Thread] DEBUG PrimaryStageWindow   - Scaled size: 800.0 x 600.0
07:44:44.928 [JavaFX Application Thread] DEBUG PrimaryStageWindow   - Scaled ratio: (1.0, 1.0)
07:44:44.928 [JavaFX Application Thread] DEBUG PrimaryStageWindow   - Scene size: 800.0 x 600.0
07:44:44.928 [JavaFX Application Thread] DEBUG PrimaryStageWindow   - Stage size: 814.4000244140625 x 637.5999755859375
07:44:44.941 [FXGL Background Thread 1 ] DEBUG Engine               - Initializing environment variables
07:44:45.035 [FXGL Background Thread 1 ] DEBUG FXGLAssetLoaderServi - User app class for loading assets: class com.demo.fxgldemo.demoCuboApp
07:44:45.035 [FXGL Background Thread 1 ] DEBUG GameApplicationServi - Applying CSS: fxgl_dark.css
07:44:45.036 [FXGL Background Thread 1 ] DEBUG FXGLAssetLoaderServi - Loading from file system: jar:file:///C:/Users/Usuario/.m2/repository/com/github/almasb/fxgl/17.2/fxgl-17.2.jar!/fxglassets/ui/css/fxgl_dark.css
07:44:45.094 [FXGL Background Thread 1 ] DEBUG GameApplicationServi - Initializing application scenes
07:44:45.145 [FXGL Background Thread 1 ] DEBUG GameWorld            - Game world initialized
07:44:45.234 [FXGL Background Thread 1 ] DEBUG PhysicsWorld         - Physics world initialized: appHeight=600, physics.ppm=50,0
07:44:45.235 [FXGL Background Thread 1 ] DEBUG PhysicsWorld         - Using strategy: BRUTE_FORCE
07:44:45.240 [FXGL Background Thread 1 ] DEBUG GameScene            - Game scene initialized: 800x600
07:44:45.253 [FXGL Background Thread 1 ] DEBUG FXGL.DefaultMenu     - createMenuBodyGameMenu()
07:44:45.271 [FXGL Background Thread 1 ] DEBUG FXGL.DefaultMenu     - createOptionsMenu()
07:44:45.284 [FXGL Background Thread 1 ] DEBUG FXGLAssetLoaderServi - Loading from file system: jar:file:///C:/Users/Usuario/.m2/repository/com/github/almasb/fxgl/17.2/fxgl-17.2.jar!/fxglassets/textures/particles/smoke.png
07:44:45.384 [FXGL Background Thread 1 ] DEBUG FXGLAssetLoaderServi - Loading from file system: jar:file:///C:/Users/Usuario/.m2/repository/com/github/almasb/fxgl/17.2/fxgl-17.2.jar!/fxglassets/textures/particles/trace_horizontal.png
07:44:45.411 [FXGL Background Thread 1 ] DEBUG GameApplicationServi - Application scenes initialized
07:44:45.423 [FXGL Background Thread 1 ] DEBUG SystemBundleService  - Loading FXGL system data
07:44:45.427 [FXGL Background Thread 1 ] DEBUG FileSystemAccess     - Reading from: F:\Proyectos javafx\javafxgl\fxgl-demo\system\fxgl.bundle
07:44:45.438 [FXGL Background Thread 1 ] DEBUG SystemBundleService  - Bundle FXGL: {}
07:44:45.438 [FXGL Background Thread 1 ] DEBUG UpdaterService       - Checking for updates
07:44:45.444 [FXGL Background Thread 4 ] DEBUG FXGLApplication      - Loading fonts
07:44:45.445 [FXGL Background Thread 1 ] DEBUG FXGLApplication      - Loading default localization
07:44:45.445 [FXGL Background Thread 4 ] DEBUG FXGLAssetLoaderServi - Loading from file system: jar:file:///C:/Users/Usuario/.m2/repository/com/github/almasb/fxgl/17.2/fxgl-17.2.jar!/fxglassets/ui/fonts/VarelaRound-Regular.ttf
07:44:45.445 [FXGL Background Thread 1 ] DEBUG FXGLAssetLoaderServi - Loading from file system: jar:file:///C:/Users/Usuario/.m2/repository/com/github/almasb/fxgl/17.2/fxgl-17.2.jar!/fxglassets/languages/english.lang
07:44:45.478 [FXGL Background Thread 1 ] INFO  FXGLApplication      - FXGL initialization took: 0,538 sec
07:44:45.487 [FXGL Background Thread 4 ] DEBUG FXGLAssetLoaderServi - Loading from file system: jar:file:///C:/Users/Usuario/.m2/repository/com/github/almasb/fxgl/17.2/fxgl-17.2.jar!/fxglassets/ui/fonts/Abel-Regular.ttf
07:44:45.495 [JavaFX Application Thread] DEBUG Input                - Registered new binding: action0 - A
07:44:45.496 [JavaFX Application Thread] DEBUG Input                - Registered new binding: action1 - D
07:44:45.496 [JavaFX Application Thread] DEBUG Input                - Registered new binding: action2 - W
07:44:45.497 [JavaFX Application Thread] DEBUG Input                - Registered new binding: action3 - S
07:44:45.497 [JavaFX Application Thread] DEBUG Input                - Registered new binding: action4 - J
07:44:45.497 [JavaFX Application Thread] DEBUG Input                - Registered new binding: action5 - L
07:44:45.498 [JavaFX Application Thread] DEBUG Input                - Registered new binding: action6 - I
07:44:45.498 [JavaFX Application Thread] DEBUG Input                - Registered new binding: action7 - K
07:44:45.498 [FXGL Background Thread 4 ] DEBUG FXGLAssetLoaderServi - Loading from file system: jar:file:///C:/Users/Usuario/.m2/repository/com/github/almasb/fxgl/17.2/fxgl-17.2.jar!/fxglassets/ui/fonts/TerminalLandMono-Regular.otf
07:44:45.499 [JavaFX Application Thread] DEBUG FXGLAssetLoaderServi - Loading from file system: jar:file:///C:/Users/Usuario/.m2/repository/com/github/almasb/fxgl/17.2/fxgl-17.2.jar!/fxglassets/textures/fxgl_icon.png
07:44:45.510 [FXGL Background Thread 4 ] DEBUG FXGLAssetLoaderServi - Loading from file system: jar:file:///C:/Users/Usuario/.m2/repository/com/github/almasb/fxgl/17.2/fxgl-17.2.jar!/fxglassets/ui/fonts/Courier-Prime.ttf
07:44:45.525 [JavaFX Application Thread] DEBUG FXGLAssetLoaderServi - Loading from file system: jar:file:///C:/Users/Usuario/.m2/repository/com/github/almasb/fxgl/17.2/fxgl-17.2.jar!/fxglassets/textures/fxgl_default_cursor.png
07:44:45.527 [JavaFX Application Thread] DEBUG Input                - Registered new binding: Screenshot - CTRL+8
07:44:45.528 [JavaFX Application Thread] DEBUG Input                - Registered new binding: System info dump - CTRL+9
07:44:45.528 [JavaFX Application Thread] DEBUG Input                - Registered new binding: Restart - CTRL+R
07:44:45.528 [JavaFX Application Thread] DEBUG Input                - Registered new binding: Toggle Debug Camera - CTRL+7
07:44:45.530 [JavaFX Application Thread] DEBUG LoopRunner           - Starting loop
07:44:45.531 [JavaFX Application Thread] DEBUG LoopRunner           - Initializing JavaFX AnimationTimerLoop
07:44:45.532 [JavaFX Application Thread] DEBUG GameApplicationServi - Starting new game
07:44:45.533 [JavaFX Application Thread] DEBUG Input                - Clearing active input actions
07:44:45.545 [JavaFX Application Thread] DEBUG GameApplicationServi - Removing overlay from FXGLStartupScene and adding to FXGLLoadingScene
07:44:45.545 [JavaFX Application Thread] DEBUG PrimaryStageWindow   - FXGLStartupScene -> FXGLLoadingScene
07:44:45.545 [JavaFX Application Thread] DEBUG GameApplicationServi - Clearing previous game
07:44:45.545 [JavaFX Application Thread] DEBUG GameScene            - Clearing game scene
07:44:45.545 [JavaFX Application Thread] DEBUG GameWorld            - Clearing game world
07:44:45.545 [JavaFX Application Thread] DEBUG PhysicsWorld         - Clearing physics world
07:44:45.548 [FXGL Background Thread 4 ] DEBUG FXGLApplication      - Initializing game
07:44:45.550 [JavaFX Application Thread] DEBUG FXGLApplication      - Registering font factories with UI factory
07:44:45.604 [FXGL Background Thread 4 ] INFO  FXGLApplication      - Game initialization took: 0,057 sec
07:44:45.609 [JavaFX Application Thread] DEBUG Input                - Clearing active input actions
07:44:45.617 [JavaFX Application Thread] DEBUG GameApplicationServi - Removing overlay from FXGLLoadingScene and adding to GameScene
07:44:45.617 [JavaFX Application Thread] DEBUG PrimaryStageWindow   - FXGLLoadingScene -> GameScene
07:44:45.931 [FXGL Background Thread 2 ] INFO  UpdaterService       - Your current version:  17.2
07:44:45.931 [FXGL Background Thread 2 ] INFO  UpdaterService       - Latest stable version: 21
07:44:46.239 [JavaFX Application Thread] WARN  GameWorld            - Entity is already attached to world
07:44:46.925 [JavaFX Application Thread] WARN  GameWorld            - Entity is already attached to world
07:44:47.643 [JavaFX Application Thread] WARN  GameWorld            - Entity is already attached to world
07:44:48.381 [JavaFX Application Thread] WARN  GameWorld            - Entity is already attached to world
07:44:48.442 [FXGL Background Thread 3 ] DEBUG Engine               - Logging environment variables
07:44:48.445 [FXGL Background Thread 3 ] DEBUG Engine               - achievements: []
07:44:48.445 [FXGL Background Thread 3 ] DEBUG Engine               - actualHeight: 600.0
07:44:48.446 [FXGL Background Thread 3 ] DEBUG Engine               - actualHeightProperty: ReadOnlyDoubleProperty [value: 600.0]
07:44:48.446 [FXGL Background Thread 3 ] DEBUG Engine               - actualWidth: 800.0
07:44:48.446 [FXGL Background Thread 3 ] DEBUG Engine               - actualWidthProperty: ReadOnlyDoubleProperty [value: 800.0]
07:44:48.447 [FXGL Background Thread 3 ] DEBUG Engine               - appIcon: fxgl_icon.png
07:44:48.447 [FXGL Background Thread 3 ] DEBUG Engine               - applicationMode: DEVELOPER
07:44:48.447 [FXGL Background Thread 3 ] DEBUG Engine               - cSSList: [fxgl_dark.css]
07:44:48.447 [FXGL Background Thread 3 ] DEBUG Engine               - collisionDetectionStrategy: BRUTE_FORCE
07:44:48.448 [FXGL Background Thread 3 ] DEBUG Engine               - configClass: Optional.empty
07:44:48.448 [FXGL Background Thread 3 ] DEBUG Engine               - credits: []
07:44:48.449 [FXGL Background Thread 3 ] DEBUG Engine               - defaultCursor: CursorInfo(imageName=fxgl_default_cursor.png, hotspotX=7.0, hotspotY=6.0)
07:44:48.450 [FXGL Background Thread 3 ] DEBUG Engine               - devBBoxColorProperty: ObjectProperty [value: 0xff0000ff]
07:44:48.450 [FXGL Background Thread 3 ] DEBUG Engine               - devEnableDebugCameraProperty: BooleanProperty [value: false]
07:44:48.450 [FXGL Background Thread 3 ] DEBUG Engine               - devSensorColorProperty: ObjectProperty [value: 0xffff00ff]
07:44:48.451 [FXGL Background Thread 3 ] DEBUG Engine               - devShowBBoxProperty: BooleanProperty [value: false]
07:44:48.451 [FXGL Background Thread 3 ] DEBUG Engine               - devShowPositionProperty: BooleanProperty [value: false]
07:44:48.452 [FXGL Background Thread 3 ] DEBUG Engine               - enabledMenuItems: []
07:44:48.452 [FXGL Background Thread 3 ] DEBUG Engine               - engineServices: [class com.almasb.fxgl.app.services.FXGLAssetLoaderService, class com.almasb.fxgl.app.FXGLApplication$GameApplicationService, class com.almasb.fxgl.app.services.FXGLDialogService, class com.almasb.fxgl.app.services.IOTaskExecutorService, class com.almasb.fxgl.io.FileSystemService, class com.almasb.fxgl.localization.LocalizationService, class com.almasb.fxgl.app.services.SystemBundleService, class com.almasb.fxgl.profile.SaveLoadService, class com.almasb.fxgl.ui.FXGLUIFactoryServiceProvider, class com.almasb.fxgl.ui.FXGLDialogFactoryServiceProvider, class com.almasb.fxgl.audio.AudioPlayer, class com.almasb.fxgl.notification.impl.NotificationServiceProvider, class com.almasb.fxgl.achievement.AchievementService, class com.almasb.fxgl.cutscene.CutsceneService, class com.almasb.fxgl.minigames.MiniGameService, class com.almasb.fxgl.net.NetService, class com.almasb.fxgl.app.services.UpdaterService, class com.almasb.fxgl.dev.DevService]
07:44:48.452 [FXGL Background Thread 3 ] DEBUG Engine               - fontGame: Abel-Regular.ttf
07:44:48.453 [FXGL Background Thread 3 ] DEBUG Engine               - fontMono: TerminalLandMono-Regular.otf
07:44:48.453 [FXGL Background Thread 3 ] DEBUG Engine               - fontText: Courier-Prime.ttf
07:44:48.453 [FXGL Background Thread 3 ] DEBUG Engine               - fontUI: VarelaRound-Regular.ttf
07:44:48.454 [FXGL Background Thread 3 ] DEBUG Engine               - fullScreen: BooleanProperty [value: false]
07:44:48.454 [FXGL Background Thread 3 ] DEBUG Engine               - gameDifficulty: MEDIUM
07:44:48.454 [FXGL Background Thread 3 ] DEBUG Engine               - gameDifficultyProperty: ObjectProperty [value: MEDIUM]
07:44:48.455 [FXGL Background Thread 3 ] DEBUG Engine               - globalMusicVolume: 0.5
07:44:48.455 [FXGL Background Thread 3 ] DEBUG Engine               - globalMusicVolumeProperty: DoubleProperty [value: 0.5]
07:44:48.455 [FXGL Background Thread 3 ] DEBUG Engine               - globalSoundVolume: 0.5
07:44:48.456 [FXGL Background Thread 3 ] DEBUG Engine               - globalSoundVolumeProperty: DoubleProperty [value: 0.5]
07:44:48.456 [FXGL Background Thread 3 ] DEBUG Engine               - height: 600
07:44:48.456 [FXGL Background Thread 3 ] DEBUG Engine               - is3D: false
07:44:48.457 [FXGL Background Thread 3 ] DEBUG Engine               - isAndroid: false
07:44:48.457 [FXGL Background Thread 3 ] DEBUG Engine               - isBrowser: false
07:44:48.457 [FXGL Background Thread 3 ] DEBUG Engine               - isClickFeedbackEnabled: false
07:44:48.457 [FXGL Background Thread 3 ] DEBUG Engine               - isCloseConfirmation: false
07:44:48.458 [FXGL Background Thread 3 ] DEBUG Engine               - isDesktop: true
07:44:48.458 [FXGL Background Thread 3 ] DEBUG Engine               - isDeveloperMenuEnabled: false
07:44:48.458 [FXGL Background Thread 3 ] DEBUG Engine               - isEmbedded: false
07:44:48.458 [FXGL Background Thread 3 ] DEBUG Engine               - isEntityPreloadEnabled: true
07:44:48.459 [FXGL Background Thread 3 ] DEBUG Engine               - isExperimentalTiledLargeMap: false
07:44:48.459 [FXGL Background Thread 3 ] DEBUG Engine               - isFileSystemWriteAllowed: true
07:44:48.459 [FXGL Background Thread 3 ] DEBUG Engine               - isFullScreenAllowed: false
07:44:48.460 [FXGL Background Thread 3 ] DEBUG Engine               - isFullScreenFromStart: false
07:44:48.460 [FXGL Background Thread 3 ] DEBUG Engine               - isGameMenuEnabled: true
07:44:48.460 [FXGL Background Thread 3 ] DEBUG Engine               - isIOS: false
07:44:48.460 [FXGL Background Thread 3 ] DEBUG Engine               - isIntroEnabled: false
07:44:48.460 [FXGL Background Thread 3 ] DEBUG Engine               - isLinux: false
07:44:48.460 [FXGL Background Thread 3 ] DEBUG Engine               - isMac: false
07:44:48.461 [FXGL Background Thread 3 ] DEBUG Engine               - isMainMenuEnabled: false
07:44:48.461 [FXGL Background Thread 3 ] DEBUG Engine               - isManualResizeEnabled: false
07:44:48.461 [FXGL Background Thread 3 ] DEBUG Engine               - isMobile: false
07:44:48.461 [FXGL Background Thread 3 ] DEBUG Engine               - isNative: false
07:44:48.461 [FXGL Background Thread 3 ] DEBUG Engine               - isPauseMusicWhenMinimized: true
07:44:48.461 [FXGL Background Thread 3 ] DEBUG Engine               - isPreserveResizeRatio: false
07:44:48.461 [FXGL Background Thread 3 ] DEBUG Engine               - isProfilingEnabled: false
07:44:48.461 [FXGL Background Thread 3 ] DEBUG Engine               - isScaleAffectedOnResize: true
07:44:48.462 [FXGL Background Thread 3 ] DEBUG Engine               - isSingleStep: false
07:44:48.462 [FXGL Background Thread 3 ] DEBUG Engine               - isUserProfileEnabled: false
07:44:48.462 [FXGL Background Thread 3 ] DEBUG Engine               - isWindows: true
07:44:48.462 [FXGL Background Thread 3 ] DEBUG Engine               - language: ObjectProperty [value: ENGLISH]
07:44:48.462 [FXGL Background Thread 3 ] DEBUG Engine               - menuKey: ESCAPE
07:44:48.462 [FXGL Background Thread 3 ] DEBUG Engine               - mouseSensitivity: 0.2
07:44:48.462 [FXGL Background Thread 3 ] DEBUG Engine               - notificationViewClass: class com.almasb.fxgl.notification.view.XboxNotificationView
07:44:48.463 [FXGL Background Thread 3 ] DEBUG Engine               - pixelsPerMeter: 50.0
07:44:48.463 [FXGL Background Thread 3 ] DEBUG Engine               - platform: WINDOWS
07:44:48.463 [FXGL Background Thread 3 ] DEBUG Engine               - prefHeightProperty: ReadOnlyDoubleProperty [value: 600.0]
07:44:48.463 [FXGL Background Thread 3 ] DEBUG Engine               - prefWidthProperty: ReadOnlyDoubleProperty [value: 800.0]
07:44:48.463 [FXGL Background Thread 3 ] DEBUG Engine               - profileDir: profiles/
07:44:48.463 [FXGL Background Thread 3 ] DEBUG Engine               - profileName: StringProperty [value: DEFAULT]
07:44:48.463 [FXGL Background Thread 3 ] DEBUG Engine               - randomSeed: -1
07:44:48.464 [FXGL Background Thread 3 ] DEBUG Engine               - runtimeInfo: RuntimeInfo(platform=WINDOWS, version=17.2, build=20.08.2022 16.50)
07:44:48.464 [FXGL Background Thread 3 ] DEBUG Engine               - saveFileExt: sav
07:44:48.464 [FXGL Background Thread 3 ] DEBUG Engine               - scaledHeightProp$fxgl: DoubleProperty [bound, value: 600.0]
07:44:48.464 [FXGL Background Thread 3 ] DEBUG Engine               - scaledWidthProp$fxgl: DoubleProperty [bound, value: 800.0]
07:44:48.464 [FXGL Background Thread 3 ] DEBUG Engine               - sceneFactory: com.almasb.fxgl.app.scene.SceneFactory@19e49c0f
07:44:48.465 [FXGL Background Thread 3 ] DEBUG Engine               - secondsIn24h: 60
07:44:48.465 [FXGL Background Thread 3 ] DEBUG Engine               - soundMenuBack: menu/back.wav
07:44:48.465 [FXGL Background Thread 3 ] DEBUG Engine               - soundMenuPress: menu/press.wav
07:44:48.465 [FXGL Background Thread 3 ] DEBUG Engine               - soundMenuSelect: menu/select.wav
07:44:48.465 [FXGL Background Thread 3 ] DEBUG Engine               - soundNotification: core/notification.wav
07:44:48.465 [FXGL Background Thread 3 ] DEBUG Engine               - stageStyle: DECORATED
07:44:48.465 [FXGL Background Thread 3 ] DEBUG Engine               - supportedLanguages: [ENGLISH, FRENCH, GERMAN, HUNGARIAN, RUSSIAN]
07:44:48.466 [FXGL Background Thread 3 ] DEBUG Engine               - ticksPerSecond: -1
07:44:48.466 [FXGL Background Thread 3 ] DEBUG Engine               - title: Probando demoCuboApp
07:44:48.466 [FXGL Background Thread 3 ] DEBUG Engine               - urlGithub: https://github.com/AlmasB/FXGL
07:44:48.466 [FXGL Background Thread 3 ] DEBUG Engine               - urlLeaderboard: http://fxgl-top.herokuapp.com/
07:44:48.466 [FXGL Background Thread 3 ] DEBUG Engine               - urlPOM: https://raw.githubusercontent.com/AlmasB/FXGL/release/README.md
07:44:48.466 [FXGL Background Thread 3 ] DEBUG Engine               - userAppClass: class com.demo.fxgldemo.demoCuboApp
07:44:48.466 [FXGL Background Thread 3 ] DEBUG Engine               - version: 0.0
07:44:48.467 [FXGL Background Thread 3 ] DEBUG Engine               - versionCheckDays: 7
07:44:48.467 [FXGL Background Thread 3 ] DEBUG Engine               - width: 800
07:44:48.467 [FXGL Background Thread 3 ] DEBUG Engine               - Logging services
07:44:48.467 [FXGL Background Thread 3 ] DEBUG Engine               - class com.almasb.fxgl.app.services.FXGLAssetLoaderService
07:44:48.467 [FXGL Background Thread 3 ] DEBUG Engine               - class com.almasb.fxgl.app.FXGLApplication$GameApplicationService
07:44:48.467 [FXGL Background Thread 3 ] DEBUG Engine               - class com.almasb.fxgl.app.services.FXGLDialogService
07:44:48.468 [FXGL Background Thread 3 ] DEBUG Engine               - class com.almasb.fxgl.app.services.IOTaskExecutorService
07:44:48.468 [FXGL Background Thread 3 ] DEBUG Engine               - class com.almasb.fxgl.io.FileSystemService
07:44:48.468 [FXGL Background Thread 3 ] DEBUG Engine               - class com.almasb.fxgl.localization.LocalizationService
07:44:48.468 [FXGL Background Thread 3 ] DEBUG Engine               - class com.almasb.fxgl.app.services.SystemBundleService
07:44:48.468 [FXGL Background Thread 3 ] DEBUG Engine               - class com.almasb.fxgl.profile.SaveLoadService
07:44:48.468 [FXGL Background Thread 3 ] DEBUG Engine               - class com.almasb.fxgl.ui.FXGLUIFactoryServiceProvider
07:44:48.468 [FXGL Background Thread 3 ] DEBUG Engine               - class com.almasb.fxgl.ui.FXGLDialogFactoryServiceProvider
07:44:48.468 [FXGL Background Thread 3 ] DEBUG Engine               - class com.almasb.fxgl.audio.AudioPlayer
07:44:48.469 [FXGL Background Thread 3 ] DEBUG Engine               - class com.almasb.fxgl.notification.impl.NotificationServiceProvider
07:44:48.469 [FXGL Background Thread 3 ] DEBUG Engine               - class com.almasb.fxgl.achievement.AchievementService
07:44:48.469 [FXGL Background Thread 3 ] DEBUG Engine               - class com.almasb.fxgl.cutscene.CutsceneService
07:44:48.469 [FXGL Background Thread 3 ] DEBUG Engine               - class com.almasb.fxgl.minigames.MiniGameService
07:44:48.469 [FXGL Background Thread 3 ] DEBUG Engine               - class com.almasb.fxgl.net.NetService
07:44:48.469 [FXGL Background Thread 3 ] DEBUG Engine               - class com.almasb.fxgl.app.services.UpdaterService
07:44:48.469 [FXGL Background Thread 3 ] DEBUG Engine               - class com.almasb.fxgl.dev.DevService
07:44:49.115 [JavaFX Application Thread] WARN  GameWorld            - Entity is already attached to world
07:44:49.819 [JavaFX Application Thread] WARN  GameWorld            - Entity is already attached to world
07:44:50.540 [JavaFX Application Thread] WARN  GameWorld            - Entity is already attached to world
07:44:51.260 [JavaFX Application Thread] WARN  GameWorld            - Entity is already attached to world
07:44:52.024 [JavaFX Application Thread] DEBUG FXGLApplication      - Exiting FXGL
07:44:52.024 [JavaFX Application Thread] DEBUG LoopRunner           - Stopping loop
07:44:52.024 [JavaFX Application Thread] DEBUG SystemBundleService  - Saving FXGL system data
07:44:52.026 [JavaFX Application Thread] DEBUG FileSystemAccess     - Writing to: F:\Proyectos javafx\javafxgl\fxgl-demo\system\fxgl.bundle
07:44:52.027 [JavaFX Application Thread] DEBUG Async                - Shutting down background threads
07:44:52.028 [JavaFX Application Thread] DEBUG PrimaryStageWindow   - Closing main window
07:44:52.045 [JavaFX Application Thread] DEBUG Logger               - Closing Logger
