08:09:14.659 [main                     ] DEBUG Logger               - Configured Logger
08:09:14.689 [main                     ] DEBUG GameApplication      - Logging settings
Title: Probando demoCuboApp
Version: 0.0
Width: 800
Height: 600
Fullscreen: false
Intro: false
Profiling: false
Single step:false
App Mode: DEVELOPER
Menu Key: ESCAPE
Stage Style: DECORATED
Scene Factory: class com.almasb.fxgl.app.scene.SceneFactory

08:09:14.985 [JavaFX Application Thread] DEBUG FXGLApplication      - Initializing FXGL
08:09:14.991 [JavaFX Application Thread] INFO  Engine               - FXGL-17.2 (20.08.2022 16.50) on WINDOWS (J:21.0.1 FX:21-ea)
08:09:14.991 [JavaFX Application Thread] DEBUG Engine               - JRE Vendor Name: Oracle Corporation
08:09:14.991 [JavaFX Application Thread] DEBUG Engine               - Running on OS: Windows 10 version 10.0
08:09:14.991 [JavaFX Application Thread] DEBUG Engine               - Architecture: amd64
08:09:14.992 [JavaFX Application Thread] INFO  Engine               - Source code and latest versions at: https://github.com/AlmasB/FXGL
08:09:14.992 [JavaFX Application Thread] INFO  Engine               -       Ask questions and discuss at: https://github.com/AlmasB/FXGL/discussions
08:09:14.992 [JavaFX Application Thread] INFO  Engine               -              Join the FXGL chat at: https://gitter.im/AlmasB/FXGL
08:09:15.084 [JavaFX Application Thread] DEBUG PrimaryStageWindow   - Creating a JavaFX scene
08:09:15.133 [JavaFX Application Thread] DEBUG PrimaryStageWindow   - Target settings size: 800.0 x 600.0
08:09:15.133 [JavaFX Application Thread] DEBUG PrimaryStageWindow   - Scaled scene size:    800.0 x 600.0
08:09:15.134 [JavaFX Application Thread] DEBUG PrimaryStageWindow   - Scaled ratio: (1.0, 1.0)
08:09:15.135 [JavaFX Application Thread] DEBUG PrimaryStageWindow   - Set initial scene to FXGLStartupScene
08:09:15.140 [JavaFX Application Thread] DEBUG PrimaryStageWindow   - Opening main window
08:09:15.242 [JavaFX Application Thread] DEBUG PrimaryStageWindow   - Window border size: (14.4000244140625, 37.5999755859375)
08:09:15.242 [JavaFX Application Thread] DEBUG PrimaryStageWindow   - Scaled size: 800.0 x 600.0
08:09:15.242 [JavaFX Application Thread] DEBUG PrimaryStageWindow   - Scaled ratio: (1.0, 1.0)
08:09:15.242 [JavaFX Application Thread] DEBUG PrimaryStageWindow   - Scene size: 800.0 x 600.0
08:09:15.243 [JavaFX Application Thread] DEBUG PrimaryStageWindow   - Stage size: 814.4000244140625 x 637.5999755859375
08:09:15.255 [FXGL Background Thread 1 ] DEBUG Engine               - Initializing environment variables
08:09:15.341 [FXGL Background Thread 1 ] DEBUG FXGLAssetLoaderServi - User app class for loading assets: class com.demo.fxgldemo.demoCuboApp
08:09:15.341 [FXGL Background Thread 1 ] DEBUG GameApplicationServi - Applying CSS: fxgl_dark.css
08:09:15.342 [FXGL Background Thread 1 ] DEBUG FXGLAssetLoaderServi - Loading from file system: jar:file:///C:/Users/Usuario/.m2/repository/com/github/almasb/fxgl/17.2/fxgl-17.2.jar!/fxglassets/ui/css/fxgl_dark.css
08:09:15.397 [FXGL Background Thread 1 ] DEBUG GameApplicationServi - Initializing application scenes
08:09:15.452 [FXGL Background Thread 1 ] DEBUG GameWorld            - Game world initialized
08:09:15.543 [FXGL Background Thread 1 ] DEBUG PhysicsWorld         - Physics world initialized: appHeight=600, physics.ppm=50,0
08:09:15.544 [FXGL Background Thread 1 ] DEBUG PhysicsWorld         - Using strategy: BRUTE_FORCE
08:09:15.549 [FXGL Background Thread 1 ] DEBUG GameScene            - Game scene initialized: 800x600
08:09:15.569 [FXGL Background Thread 1 ] DEBUG FXGL.DefaultMenu     - createMenuBodyGameMenu()
08:09:15.586 [FXGL Background Thread 1 ] DEBUG FXGL.DefaultMenu     - createOptionsMenu()
08:09:15.600 [FXGL Background Thread 1 ] DEBUG FXGLAssetLoaderServi - Loading from file system: jar:file:///C:/Users/Usuario/.m2/repository/com/github/almasb/fxgl/17.2/fxgl-17.2.jar!/fxglassets/textures/particles/smoke.png
08:09:15.703 [FXGL Background Thread 1 ] DEBUG FXGLAssetLoaderServi - Loading from file system: jar:file:///C:/Users/Usuario/.m2/repository/com/github/almasb/fxgl/17.2/fxgl-17.2.jar!/fxglassets/textures/particles/trace_horizontal.png
08:09:15.729 [FXGL Background Thread 1 ] DEBUG GameApplicationServi - Application scenes initialized
08:09:15.740 [FXGL Background Thread 1 ] DEBUG SystemBundleService  - Loading FXGL system data
08:09:15.744 [FXGL Background Thread 1 ] DEBUG FileSystemAccess     - Reading from: F:\Proyectos javafx\javafxgl\fxgl-demo\system\fxgl.bundle
08:09:15.756 [FXGL Background Thread 1 ] DEBUG SystemBundleService  - Bundle FXGL: {}
08:09:15.756 [FXGL Background Thread 1 ] DEBUG UpdaterService       - Checking for updates
08:09:15.762 [FXGL Background Thread 4 ] DEBUG FXGLApplication      - Loading fonts
08:09:15.763 [FXGL Background Thread 1 ] DEBUG FXGLApplication      - Loading default localization
08:09:15.763 [FXGL Background Thread 4 ] DEBUG FXGLAssetLoaderServi - Loading from file system: jar:file:///C:/Users/Usuario/.m2/repository/com/github/almasb/fxgl/17.2/fxgl-17.2.jar!/fxglassets/ui/fonts/VarelaRound-Regular.ttf
08:09:15.763 [FXGL Background Thread 1 ] DEBUG FXGLAssetLoaderServi - Loading from file system: jar:file:///C:/Users/Usuario/.m2/repository/com/github/almasb/fxgl/17.2/fxgl-17.2.jar!/fxglassets/languages/english.lang
08:09:15.796 [FXGL Background Thread 1 ] INFO  FXGLApplication      - FXGL initialization took: 0,541 sec
08:09:15.804 [FXGL Background Thread 4 ] DEBUG FXGLAssetLoaderServi - Loading from file system: jar:file:///C:/Users/Usuario/.m2/repository/com/github/almasb/fxgl/17.2/fxgl-17.2.jar!/fxglassets/ui/fonts/Abel-Regular.ttf
08:09:15.812 [JavaFX Application Thread] DEBUG Input                - Registered new binding: action0 - A
08:09:15.813 [JavaFX Application Thread] DEBUG Input                - Registered new binding: action1 - D
08:09:15.813 [JavaFX Application Thread] DEBUG Input                - Registered new binding: action2 - W
08:09:15.814 [JavaFX Application Thread] DEBUG Input                - Registered new binding: action3 - S
08:09:15.814 [FXGL Background Thread 4 ] DEBUG FXGLAssetLoaderServi - Loading from file system: jar:file:///C:/Users/Usuario/.m2/repository/com/github/almasb/fxgl/17.2/fxgl-17.2.jar!/fxglassets/ui/fonts/TerminalLandMono-Regular.otf
08:09:15.814 [JavaFX Application Thread] DEBUG Input                - Registered new binding: action4 - J
08:09:15.814 [JavaFX Application Thread] DEBUG Input                - Registered new binding: action5 - L
08:09:15.815 [JavaFX Application Thread] DEBUG Input                - Registered new binding: action6 - I
08:09:15.815 [JavaFX Application Thread] DEBUG Input                - Registered new binding: action7 - K
08:09:15.815 [JavaFX Application Thread] DEBUG FXGLAssetLoaderServi - Loading from file system: jar:file:///C:/Users/Usuario/.m2/repository/com/github/almasb/fxgl/17.2/fxgl-17.2.jar!/fxglassets/textures/fxgl_icon.png
08:09:15.826 [FXGL Background Thread 4 ] DEBUG FXGLAssetLoaderServi - Loading from file system: jar:file:///C:/Users/Usuario/.m2/repository/com/github/almasb/fxgl/17.2/fxgl-17.2.jar!/fxglassets/ui/fonts/Courier-Prime.ttf
08:09:15.840 [JavaFX Application Thread] DEBUG FXGLAssetLoaderServi - Loading from file system: jar:file:///C:/Users/Usuario/.m2/repository/com/github/almasb/fxgl/17.2/fxgl-17.2.jar!/fxglassets/textures/fxgl_default_cursor.png
08:09:15.842 [JavaFX Application Thread] DEBUG Input                - Registered new binding: Screenshot - CTRL+8
08:09:15.843 [JavaFX Application Thread] DEBUG Input                - Registered new binding: System info dump - CTRL+9
08:09:15.843 [JavaFX Application Thread] DEBUG Input                - Registered new binding: Restart - CTRL+R
08:09:15.845 [JavaFX Application Thread] DEBUG Input                - Registered new binding: Toggle Debug Camera - CTRL+7
08:09:15.850 [JavaFX Application Thread] DEBUG LoopRunner           - Starting loop
08:09:15.850 [JavaFX Application Thread] DEBUG LoopRunner           - Initializing JavaFX AnimationTimerLoop
08:09:15.852 [JavaFX Application Thread] DEBUG GameApplicationServi - Starting new game
08:09:15.852 [JavaFX Application Thread] DEBUG Input                - Clearing active input actions
08:09:15.865 [JavaFX Application Thread] DEBUG GameApplicationServi - Removing overlay from FXGLStartupScene and adding to FXGLLoadingScene
08:09:15.865 [JavaFX Application Thread] DEBUG PrimaryStageWindow   - FXGLStartupScene -> FXGLLoadingScene
08:09:15.865 [JavaFX Application Thread] DEBUG GameApplicationServi - Clearing previous game
08:09:15.865 [JavaFX Application Thread] DEBUG GameScene            - Clearing game scene
08:09:15.865 [JavaFX Application Thread] DEBUG GameWorld            - Clearing game world
08:09:15.865 [JavaFX Application Thread] DEBUG PhysicsWorld         - Clearing physics world
08:09:15.867 [FXGL Background Thread 4 ] DEBUG FXGLApplication      - Initializing game
08:09:15.867 [JavaFX Application Thread] DEBUG FXGLApplication      - Registering font factories with UI factory
08:09:15.926 [FXGL Background Thread 4 ] INFO  FXGLApplication      - Game initialization took: 0,059 sec
08:09:15.927 [JavaFX Application Thread] DEBUG Input                - Clearing active input actions
08:09:15.934 [JavaFX Application Thread] DEBUG GameApplicationServi - Removing overlay from FXGLLoadingScene and adding to GameScene
08:09:15.934 [JavaFX Application Thread] DEBUG PrimaryStageWindow   - FXGLLoadingScene -> GameScene
08:09:16.449 [FXGL Background Thread 2 ] INFO  UpdaterService       - Your current version:  17.2
08:09:16.450 [FXGL Background Thread 2 ] INFO  UpdaterService       - Latest stable version: 21
08:09:16.560 [JavaFX Application Thread] WARN  GameWorld            - Entity is already attached to world
08:09:17.265 [JavaFX Application Thread] WARN  GameWorld            - Entity is already attached to world
08:09:17.964 [JavaFX Application Thread] WARN  GameWorld            - Entity is already attached to world
08:09:18.702 [JavaFX Application Thread] WARN  GameWorld            - Entity is already attached to world
08:09:18.760 [FXGL Background Thread 3 ] DEBUG Engine               - Logging environment variables
08:09:18.762 [FXGL Background Thread 3 ] DEBUG Engine               - achievements: []
08:09:18.763 [FXGL Background Thread 3 ] DEBUG Engine               - actualHeight: 600.0
08:09:18.763 [FXGL Background Thread 3 ] DEBUG Engine               - actualHeightProperty: ReadOnlyDoubleProperty [value: 600.0]
08:09:18.764 [FXGL Background Thread 3 ] DEBUG Engine               - actualWidth: 800.0
08:09:18.764 [FXGL Background Thread 3 ] DEBUG Engine               - actualWidthProperty: ReadOnlyDoubleProperty [value: 800.0]
08:09:18.764 [FXGL Background Thread 3 ] DEBUG Engine               - appIcon: fxgl_icon.png
08:09:18.764 [FXGL Background Thread 3 ] DEBUG Engine               - applicationMode: DEVELOPER
08:09:18.765 [FXGL Background Thread 3 ] DEBUG Engine               - cSSList: [fxgl_dark.css]
08:09:18.765 [FXGL Background Thread 3 ] DEBUG Engine               - collisionDetectionStrategy: BRUTE_FORCE
08:09:18.765 [FXGL Background Thread 3 ] DEBUG Engine               - configClass: Optional.empty
08:09:18.766 [FXGL Background Thread 3 ] DEBUG Engine               - credits: []
08:09:18.767 [FXGL Background Thread 3 ] DEBUG Engine               - defaultCursor: CursorInfo(imageName=fxgl_default_cursor.png, hotspotX=7.0, hotspotY=6.0)
08:09:18.768 [FXGL Background Thread 3 ] DEBUG Engine               - devBBoxColorProperty: ObjectProperty [value: 0xff0000ff]
08:09:18.768 [FXGL Background Thread 3 ] DEBUG Engine               - devEnableDebugCameraProperty: BooleanProperty [value: false]
08:09:18.769 [FXGL Background Thread 3 ] DEBUG Engine               - devSensorColorProperty: ObjectProperty [value: 0xffff00ff]
08:09:18.769 [FXGL Background Thread 3 ] DEBUG Engine               - devShowBBoxProperty: BooleanProperty [value: false]
08:09:18.769 [FXGL Background Thread 3 ] DEBUG Engine               - devShowPositionProperty: BooleanProperty [value: false]
08:09:18.770 [FXGL Background Thread 3 ] DEBUG Engine               - enabledMenuItems: []
08:09:18.770 [FXGL Background Thread 3 ] DEBUG Engine               - engineServices: [class com.almasb.fxgl.app.services.FXGLAssetLoaderService, class com.almasb.fxgl.app.FXGLApplication$GameApplicationService, class com.almasb.fxgl.app.services.FXGLDialogService, class com.almasb.fxgl.app.services.IOTaskExecutorService, class com.almasb.fxgl.io.FileSystemService, class com.almasb.fxgl.localization.LocalizationService, class com.almasb.fxgl.app.services.SystemBundleService, class com.almasb.fxgl.profile.SaveLoadService, class com.almasb.fxgl.ui.FXGLUIFactoryServiceProvider, class com.almasb.fxgl.ui.FXGLDialogFactoryServiceProvider, class com.almasb.fxgl.audio.AudioPlayer, class com.almasb.fxgl.notification.impl.NotificationServiceProvider, class com.almasb.fxgl.achievement.AchievementService, class com.almasb.fxgl.cutscene.CutsceneService, class com.almasb.fxgl.minigames.MiniGameService, class com.almasb.fxgl.net.NetService, class com.almasb.fxgl.app.services.UpdaterService, class com.almasb.fxgl.dev.DevService]
08:09:18.770 [FXGL Background Thread 3 ] DEBUG Engine               - fontGame: Abel-Regular.ttf
08:09:18.771 [FXGL Background Thread 3 ] DEBUG Engine               - fontMono: TerminalLandMono-Regular.otf
08:09:18.771 [FXGL Background Thread 3 ] DEBUG Engine               - fontText: Courier-Prime.ttf
08:09:18.771 [FXGL Background Thread 3 ] DEBUG Engine               - fontUI: VarelaRound-Regular.ttf
08:09:18.771 [FXGL Background Thread 3 ] DEBUG Engine               - fullScreen: BooleanProperty [value: false]
08:09:18.772 [FXGL Background Thread 3 ] DEBUG Engine               - gameDifficulty: MEDIUM
08:09:18.772 [FXGL Background Thread 3 ] DEBUG Engine               - gameDifficultyProperty: ObjectProperty [value: MEDIUM]
08:09:18.772 [FXGL Background Thread 3 ] DEBUG Engine               - globalMusicVolume: 0.5
08:09:18.773 [FXGL Background Thread 3 ] DEBUG Engine               - globalMusicVolumeProperty: DoubleProperty [value: 0.5]
08:09:18.773 [FXGL Background Thread 3 ] DEBUG Engine               - globalSoundVolume: 0.5
08:09:18.773 [FXGL Background Thread 3 ] DEBUG Engine               - globalSoundVolumeProperty: DoubleProperty [value: 0.5]
08:09:18.774 [FXGL Background Thread 3 ] DEBUG Engine               - height: 600
08:09:18.774 [FXGL Background Thread 3 ] DEBUG Engine               - is3D: false
08:09:18.774 [FXGL Background Thread 3 ] DEBUG Engine               - isAndroid: false
08:09:18.774 [FXGL Background Thread 3 ] DEBUG Engine               - isBrowser: false
08:09:18.774 [FXGL Background Thread 3 ] DEBUG Engine               - isClickFeedbackEnabled: false
08:09:18.775 [FXGL Background Thread 3 ] DEBUG Engine               - isCloseConfirmation: false
08:09:18.775 [FXGL Background Thread 3 ] DEBUG Engine               - isDesktop: true
08:09:18.775 [FXGL Background Thread 3 ] DEBUG Engine               - isDeveloperMenuEnabled: false
08:09:18.775 [FXGL Background Thread 3 ] DEBUG Engine               - isEmbedded: false
08:09:18.776 [FXGL Background Thread 3 ] DEBUG Engine               - isEntityPreloadEnabled: true
08:09:18.776 [FXGL Background Thread 3 ] DEBUG Engine               - isExperimentalTiledLargeMap: false
08:09:18.776 [FXGL Background Thread 3 ] DEBUG Engine               - isFileSystemWriteAllowed: true
08:09:18.777 [FXGL Background Thread 3 ] DEBUG Engine               - isFullScreenAllowed: false
08:09:18.777 [FXGL Background Thread 3 ] DEBUG Engine               - isFullScreenFromStart: false
08:09:18.777 [FXGL Background Thread 3 ] DEBUG Engine               - isGameMenuEnabled: true
08:09:18.778 [FXGL Background Thread 3 ] DEBUG Engine               - isIOS: false
08:09:18.779 [FXGL Background Thread 3 ] DEBUG Engine               - isIntroEnabled: false
08:09:18.779 [FXGL Background Thread 3 ] DEBUG Engine               - isLinux: false
08:09:18.780 [FXGL Background Thread 3 ] DEBUG Engine               - isMac: false
08:09:18.780 [FXGL Background Thread 3 ] DEBUG Engine               - isMainMenuEnabled: false
08:09:18.781 [FXGL Background Thread 3 ] DEBUG Engine               - isManualResizeEnabled: false
08:09:18.781 [FXGL Background Thread 3 ] DEBUG Engine               - isMobile: false
08:09:18.781 [FXGL Background Thread 3 ] DEBUG Engine               - isNative: false
08:09:18.782 [FXGL Background Thread 3 ] DEBUG Engine               - isPauseMusicWhenMinimized: true
08:09:18.782 [FXGL Background Thread 3 ] DEBUG Engine               - isPreserveResizeRatio: false
08:09:18.783 [FXGL Background Thread 3 ] DEBUG Engine               - isProfilingEnabled: false
08:09:18.783 [FXGL Background Thread 3 ] DEBUG Engine               - isScaleAffectedOnResize: true
08:09:18.783 [FXGL Background Thread 3 ] DEBUG Engine               - isSingleStep: false
08:09:18.783 [FXGL Background Thread 3 ] DEBUG Engine               - isUserProfileEnabled: false
08:09:18.784 [FXGL Background Thread 3 ] DEBUG Engine               - isWindows: true
08:09:18.784 [FXGL Background Thread 3 ] DEBUG Engine               - language: ObjectProperty [value: ENGLISH]
08:09:18.784 [FXGL Background Thread 3 ] DEBUG Engine               - menuKey: ESCAPE
08:09:18.784 [FXGL Background Thread 3 ] DEBUG Engine               - mouseSensitivity: 0.2
08:09:18.785 [FXGL Background Thread 3 ] DEBUG Engine               - notificationViewClass: class com.almasb.fxgl.notification.view.XboxNotificationView
08:09:18.785 [FXGL Background Thread 3 ] DEBUG Engine               - pixelsPerMeter: 50.0
08:09:18.785 [FXGL Background Thread 3 ] DEBUG Engine               - platform: WINDOWS
08:09:18.785 [FXGL Background Thread 3 ] DEBUG Engine               - prefHeightProperty: ReadOnlyDoubleProperty [value: 600.0]
08:09:18.785 [FXGL Background Thread 3 ] DEBUG Engine               - prefWidthProperty: ReadOnlyDoubleProperty [value: 800.0]
08:09:18.786 [FXGL Background Thread 3 ] DEBUG Engine               - profileDir: profiles/
08:09:18.786 [FXGL Background Thread 3 ] DEBUG Engine               - profileName: StringProperty [value: DEFAULT]
08:09:18.786 [FXGL Background Thread 3 ] DEBUG Engine               - randomSeed: -1
08:09:18.787 [FXGL Background Thread 3 ] DEBUG Engine               - runtimeInfo: RuntimeInfo(platform=WINDOWS, version=17.2, build=20.08.2022 16.50)
08:09:18.787 [FXGL Background Thread 3 ] DEBUG Engine               - saveFileExt: sav
08:09:18.788 [FXGL Background Thread 3 ] DEBUG Engine               - scaledHeightProp$fxgl: DoubleProperty [bound, value: 600.0]
08:09:18.788 [FXGL Background Thread 3 ] DEBUG Engine               - scaledWidthProp$fxgl: DoubleProperty [bound, value: 800.0]
08:09:18.788 [FXGL Background Thread 3 ] DEBUG Engine               - sceneFactory: com.almasb.fxgl.app.scene.SceneFactory@6a3fd6d
08:09:18.788 [FXGL Background Thread 3 ] DEBUG Engine               - secondsIn24h: 60
08:09:18.789 [FXGL Background Thread 3 ] DEBUG Engine               - soundMenuBack: menu/back.wav
08:09:18.789 [FXGL Background Thread 3 ] DEBUG Engine               - soundMenuPress: menu/press.wav
08:09:18.789 [FXGL Background Thread 3 ] DEBUG Engine               - soundMenuSelect: menu/select.wav
08:09:18.789 [FXGL Background Thread 3 ] DEBUG Engine               - soundNotification: core/notification.wav
08:09:18.789 [FXGL Background Thread 3 ] DEBUG Engine               - stageStyle: DECORATED
08:09:18.790 [FXGL Background Thread 3 ] DEBUG Engine               - supportedLanguages: [ENGLISH, FRENCH, GERMAN, HUNGARIAN, RUSSIAN]
08:09:18.790 [FXGL Background Thread 3 ] DEBUG Engine               - ticksPerSecond: -1
08:09:18.790 [FXGL Background Thread 3 ] DEBUG Engine               - title: Probando demoCuboApp
08:09:18.790 [FXGL Background Thread 3 ] DEBUG Engine               - urlGithub: https://github.com/AlmasB/FXGL
08:09:18.790 [FXGL Background Thread 3 ] DEBUG Engine               - urlLeaderboard: http://fxgl-top.herokuapp.com/
08:09:18.790 [FXGL Background Thread 3 ] DEBUG Engine               - urlPOM: https://raw.githubusercontent.com/AlmasB/FXGL/release/README.md
08:09:18.790 [FXGL Background Thread 3 ] DEBUG Engine               - userAppClass: class com.demo.fxgldemo.demoCuboApp
08:09:18.790 [FXGL Background Thread 3 ] DEBUG Engine               - version: 0.0
08:09:18.790 [FXGL Background Thread 3 ] DEBUG Engine               - versionCheckDays: 7
08:09:18.791 [FXGL Background Thread 3 ] DEBUG Engine               - width: 800
08:09:18.791 [FXGL Background Thread 3 ] DEBUG Engine               - Logging services
08:09:18.791 [FXGL Background Thread 3 ] DEBUG Engine               - class com.almasb.fxgl.app.services.FXGLAssetLoaderService
08:09:18.791 [FXGL Background Thread 3 ] DEBUG Engine               - class com.almasb.fxgl.app.FXGLApplication$GameApplicationService
08:09:18.791 [FXGL Background Thread 3 ] DEBUG Engine               - class com.almasb.fxgl.app.services.FXGLDialogService
08:09:18.791 [FXGL Background Thread 3 ] DEBUG Engine               - class com.almasb.fxgl.app.services.IOTaskExecutorService
08:09:18.791 [FXGL Background Thread 3 ] DEBUG Engine               - class com.almasb.fxgl.io.FileSystemService
08:09:18.791 [FXGL Background Thread 3 ] DEBUG Engine               - class com.almasb.fxgl.localization.LocalizationService
08:09:18.791 [FXGL Background Thread 3 ] DEBUG Engine               - class com.almasb.fxgl.app.services.SystemBundleService
08:09:18.791 [FXGL Background Thread 3 ] DEBUG Engine               - class com.almasb.fxgl.profile.SaveLoadService
08:09:18.791 [FXGL Background Thread 3 ] DEBUG Engine               - class com.almasb.fxgl.ui.FXGLUIFactoryServiceProvider
08:09:18.791 [FXGL Background Thread 3 ] DEBUG Engine               - class com.almasb.fxgl.ui.FXGLDialogFactoryServiceProvider
08:09:18.792 [FXGL Background Thread 3 ] DEBUG Engine               - class com.almasb.fxgl.audio.AudioPlayer
08:09:18.792 [FXGL Background Thread 3 ] DEBUG Engine               - class com.almasb.fxgl.notification.impl.NotificationServiceProvider
08:09:18.792 [FXGL Background Thread 3 ] DEBUG Engine               - class com.almasb.fxgl.achievement.AchievementService
08:09:18.792 [FXGL Background Thread 3 ] DEBUG Engine               - class com.almasb.fxgl.cutscene.CutsceneService
08:09:18.792 [FXGL Background Thread 3 ] DEBUG Engine               - class com.almasb.fxgl.minigames.MiniGameService
08:09:18.792 [FXGL Background Thread 3 ] DEBUG Engine               - class com.almasb.fxgl.net.NetService
08:09:18.792 [FXGL Background Thread 3 ] DEBUG Engine               - class com.almasb.fxgl.app.services.UpdaterService
08:09:18.792 [FXGL Background Thread 3 ] DEBUG Engine               - class com.almasb.fxgl.dev.DevService
08:09:19.438 [JavaFX Application Thread] WARN  GameWorld            - Entity is already attached to world
08:09:20.156 [JavaFX Application Thread] WARN  GameWorld            - Entity is already attached to world
08:09:20.879 [JavaFX Application Thread] WARN  GameWorld            - Entity is already attached to world
08:09:21.600 [JavaFX Application Thread] WARN  GameWorld            - Entity is already attached to world
08:09:21.738 [JavaFX Application Thread] DEBUG FXGLApplication      - Exiting FXGL
08:09:21.738 [JavaFX Application Thread] DEBUG LoopRunner           - Stopping loop
08:09:21.738 [JavaFX Application Thread] DEBUG SystemBundleService  - Saving FXGL system data
08:09:21.740 [JavaFX Application Thread] DEBUG FileSystemAccess     - Writing to: F:\Proyectos javafx\javafxgl\fxgl-demo\system\fxgl.bundle
08:09:21.742 [JavaFX Application Thread] DEBUG Async                - Shutting down background threads
08:09:21.743 [JavaFX Application Thread] DEBUG PrimaryStageWindow   - Closing main window
08:09:21.758 [JavaFX Application Thread] DEBUG Logger               - Closing Logger
