08:31:43.425 [main                     ] DEBUG Logger               - Configured Logger
08:31:43.451 [main                     ] DEBUG GameApplication      - Logging settings
Title: Probando demoCuboApp
Version: 0.0
Width: 800
Height: 600
Fullscreen: false
Intro: false
Profiling: false
Single step:false
App Mode: DEVELOPER
Menu Key: ESCAPE
Stage Style: DECORATED
Scene Factory: class com.almasb.fxgl.app.scene.SceneFactory

08:31:43.883 [JavaFX Application Thread] DEBUG FXGLApplication      - Initializing FXGL
08:31:43.888 [JavaFX Application Thread] INFO  Engine               - FXGL-17.2 (20.08.2022 16.50) on WINDOWS (J:21.0.1 FX:21-ea)
08:31:43.888 [JavaFX Application Thread] DEBUG Engine               - JRE Vendor Name: Oracle Corporation
08:31:43.889 [JavaFX Application Thread] DEBUG Engine               - Running on OS: Windows 10 version 10.0
08:31:43.889 [JavaFX Application Thread] DEBUG Engine               - Architecture: amd64
08:31:43.889 [JavaFX Application Thread] INFO  Engine               - Source code and latest versions at: https://github.com/AlmasB/FXGL
08:31:43.889 [JavaFX Application Thread] INFO  Engine               -       Ask questions and discuss at: https://github.com/AlmasB/FXGL/discussions
08:31:43.889 [JavaFX Application Thread] INFO  Engine               -              Join the FXGL chat at: https://gitter.im/AlmasB/FXGL
08:31:44.020 [JavaFX Application Thread] DEBUG PrimaryStageWindow   - Creating a JavaFX scene
08:31:44.076 [JavaFX Application Thread] DEBUG PrimaryStageWindow   - Target settings size: 800.0 x 600.0
08:31:44.076 [JavaFX Application Thread] DEBUG PrimaryStageWindow   - Scaled scene size:    800.0 x 600.0
08:31:44.076 [JavaFX Application Thread] DEBUG PrimaryStageWindow   - Scaled ratio: (1.0, 1.0)
08:31:44.077 [JavaFX Application Thread] DEBUG PrimaryStageWindow   - Set initial scene to FXGLStartupScene
08:31:44.080 [JavaFX Application Thread] DEBUG PrimaryStageWindow   - Opening main window
08:31:44.194 [JavaFX Application Thread] DEBUG PrimaryStageWindow   - Window border size: (14.4000244140625, 37.5999755859375)
08:31:44.194 [JavaFX Application Thread] DEBUG PrimaryStageWindow   - Scaled size: 800.0 x 600.0
08:31:44.195 [JavaFX Application Thread] DEBUG PrimaryStageWindow   - Scaled ratio: (1.0, 1.0)
08:31:44.195 [JavaFX Application Thread] DEBUG PrimaryStageWindow   - Scene size: 800.0 x 600.0
08:31:44.195 [JavaFX Application Thread] DEBUG PrimaryStageWindow   - Stage size: 814.4000244140625 x 637.5999755859375
08:31:44.207 [FXGL Background Thread 1 ] DEBUG Engine               - Initializing environment variables
08:31:44.288 [FXGL Background Thread 1 ] DEBUG FXGLAssetLoaderServi - User app class for loading assets: class com.demo.fxgldemo.demoCuboApp
08:31:44.289 [FXGL Background Thread 1 ] DEBUG GameApplicationServi - Applying CSS: fxgl_dark.css
08:31:44.290 [FXGL Background Thread 1 ] DEBUG FXGLAssetLoaderServi - Loading from file system: jar:file:///C:/Users/Usuario/.m2/repository/com/github/almasb/fxgl/17.2/fxgl-17.2.jar!/fxglassets/ui/css/fxgl_dark.css
08:31:44.339 [FXGL Background Thread 1 ] DEBUG GameApplicationServi - Initializing application scenes
08:31:44.383 [FXGL Background Thread 1 ] DEBUG GameWorld            - Game world initialized
08:31:44.461 [FXGL Background Thread 1 ] DEBUG PhysicsWorld         - Physics world initialized: appHeight=600, physics.ppm=50,0
08:31:44.461 [FXGL Background Thread 1 ] DEBUG PhysicsWorld         - Using strategy: BRUTE_FORCE
08:31:44.465 [FXGL Background Thread 1 ] DEBUG GameScene            - Game scene initialized: 800x600
08:31:44.480 [FXGL Background Thread 1 ] DEBUG FXGL.DefaultMenu     - createMenuBodyMainMenu()
08:31:44.498 [FXGL Background Thread 1 ] DEBUG FXGL.DefaultMenu     - createOptionsMenu()
08:31:44.510 [FXGL Background Thread 1 ] DEBUG FXGLAssetLoaderServi - Loading from file system: jar:file:///C:/Users/Usuario/.m2/repository/com/github/almasb/fxgl/17.2/fxgl-17.2.jar!/fxglassets/textures/particles/smoke.png
08:31:44.647 [FXGL Background Thread 1 ] DEBUG FXGLAssetLoaderServi - Loading from file system: jar:file:///C:/Users/Usuario/.m2/repository/com/github/almasb/fxgl/17.2/fxgl-17.2.jar!/fxglassets/textures/particles/trace_horizontal.png
08:31:44.685 [FXGL Background Thread 1 ] DEBUG FXGL.DefaultMenu     - createMenuBodyGameMenu()
08:31:44.686 [FXGL Background Thread 1 ] DEBUG FXGL.DefaultMenu     - createOptionsMenu()
08:31:44.699 [FXGL Background Thread 1 ] DEBUG GameApplicationServi - Application scenes initialized
08:31:44.712 [FXGL Background Thread 1 ] DEBUG SystemBundleService  - Loading FXGL system data
08:31:44.716 [FXGL Background Thread 1 ] DEBUG FileSystemAccess     - Reading from: F:\Proyectos javafx\javafxgl\fxgl-demo\system\fxgl.bundle
08:31:44.727 [FXGL Background Thread 1 ] DEBUG SystemBundleService  - Bundle FXGL: {}
08:31:44.727 [FXGL Background Thread 1 ] DEBUG UpdaterService       - Checking for updates
08:31:44.735 [FXGL Background Thread 4 ] DEBUG FXGLApplication      - Loading fonts
08:31:44.735 [FXGL Background Thread 4 ] DEBUG FXGLAssetLoaderServi - Loading from file system: jar:file:///C:/Users/Usuario/.m2/repository/com/github/almasb/fxgl/17.2/fxgl-17.2.jar!/fxglassets/ui/fonts/VarelaRound-Regular.ttf
08:31:44.735 [FXGL Background Thread 1 ] DEBUG FXGLApplication      - Loading default localization
08:31:44.736 [FXGL Background Thread 1 ] DEBUG FXGLAssetLoaderServi - Loading from file system: jar:file:///C:/Users/Usuario/.m2/repository/com/github/almasb/fxgl/17.2/fxgl-17.2.jar!/fxglassets/languages/english.lang
08:31:44.779 [FXGL Background Thread 1 ] INFO  FXGLApplication      - FXGL initialization took: 0,571 sec
08:31:44.780 [FXGL Background Thread 4 ] DEBUG FXGLAssetLoaderServi - Loading from file system: jar:file:///C:/Users/Usuario/.m2/repository/com/github/almasb/fxgl/17.2/fxgl-17.2.jar!/fxglassets/ui/fonts/Abel-Regular.ttf
08:31:44.792 [FXGL Background Thread 4 ] DEBUG FXGLAssetLoaderServi - Loading from file system: jar:file:///C:/Users/Usuario/.m2/repository/com/github/almasb/fxgl/17.2/fxgl-17.2.jar!/fxglassets/ui/fonts/TerminalLandMono-Regular.otf
08:31:44.795 [JavaFX Application Thread] DEBUG Input                - Registered new binding: action0 - A
08:31:44.796 [JavaFX Application Thread] DEBUG Input                - Registered new binding: action1 - D
08:31:44.796 [JavaFX Application Thread] DEBUG Input                - Registered new binding: action2 - W
08:31:44.797 [JavaFX Application Thread] DEBUG Input                - Registered new binding: action3 - S
08:31:44.797 [JavaFX Application Thread] DEBUG Input                - Registered new binding: action4 - J
08:31:44.797 [JavaFX Application Thread] DEBUG Input                - Registered new binding: action5 - L
08:31:44.798 [JavaFX Application Thread] DEBUG Input                - Registered new binding: action6 - I
08:31:44.798 [JavaFX Application Thread] DEBUG Input                - Registered new binding: action7 - K
08:31:44.799 [JavaFX Application Thread] DEBUG FXGLAssetLoaderServi - Loading from file system: jar:file:///C:/Users/Usuario/.m2/repository/com/github/almasb/fxgl/17.2/fxgl-17.2.jar!/fxglassets/textures/fxgl_icon.png
08:31:44.816 [FXGL Background Thread 4 ] DEBUG FXGLAssetLoaderServi - Loading from file system: jar:file:///C:/Users/Usuario/.m2/repository/com/github/almasb/fxgl/17.2/fxgl-17.2.jar!/fxglassets/ui/fonts/Courier-Prime.ttf
08:31:44.835 [JavaFX Application Thread] DEBUG FXGLAssetLoaderServi - Loading from file system: jar:file:///C:/Users/Usuario/.m2/repository/com/github/almasb/fxgl/17.2/fxgl-17.2.jar!/fxglassets/textures/fxgl_default_cursor.png
08:31:44.838 [JavaFX Application Thread] DEBUG Input                - Registered new binding: Screenshot - CTRL+8
08:31:44.839 [JavaFX Application Thread] DEBUG Input                - Registered new binding: System info dump - CTRL+9
08:31:44.840 [JavaFX Application Thread] DEBUG Input                - Registered new binding: Restart - CTRL+R
08:31:44.841 [JavaFX Application Thread] DEBUG Input                - Registered new binding: Toggle Debug Camera - CTRL+7
08:31:44.844 [JavaFX Application Thread] DEBUG LoopRunner           - Starting loop
08:31:44.844 [JavaFX Application Thread] DEBUG LoopRunner           - Initializing JavaFX AnimationTimerLoop
08:31:44.849 [JavaFX Application Thread] DEBUG Input                - Clearing active input actions
08:31:44.856 [JavaFX Application Thread] DEBUG GameApplicationServi - Removing overlay from FXGLStartupScene and adding to FXGLMainMenuDummyScene
08:31:44.857 [JavaFX Application Thread] DEBUG PrimaryStageWindow   - FXGLStartupScene -> FXGLMainMenuDummyScene
08:31:44.857 [JavaFX Application Thread] DEBUG PrimaryStageWindow   - Push state: FXGLDefaultMenu
08:31:44.868 [JavaFX Application Thread] DEBUG Input                - Clearing active input actions
08:31:44.882 [JavaFX Application Thread] DEBUG GameApplicationServi - Removing overlay from FXGLMainMenuDummyScene and adding to FXGLDefaultMenu
08:31:44.882 [JavaFX Application Thread] DEBUG PrimaryStageWindow   - FXGLMainMenuDummyScene -> FXGLDefaultMenu
08:31:44.894 [JavaFX Application Thread] DEBUG FXGLApplication      - Registering font factories with UI factory
08:31:45.952 [FXGL Background Thread 2 ] INFO  UpdaterService       - Your current version:  17.2
08:31:45.952 [FXGL Background Thread 2 ] INFO  UpdaterService       - Latest stable version: 21
08:31:47.424 [JavaFX Application Thread] DEBUG Menu                 - fireNewGame()
08:31:47.424 [JavaFX Application Thread] DEBUG GameApplicationServi - Starting new game
08:31:47.427 [JavaFX Application Thread] DEBUG PrimaryStageWindow   - Pop state: FXGLDefaultMenu
08:31:47.427 [JavaFX Application Thread] DEBUG Input                - Clearing active input actions
08:31:47.428 [JavaFX Application Thread] DEBUG GameApplicationServi - Removing overlay from FXGLDefaultMenu and adding to FXGLMainMenuDummyScene
08:31:47.429 [JavaFX Application Thread] DEBUG PrimaryStageWindow   - FXGLMainMenuDummyScene <- FXGLDefaultMenu
08:31:47.429 [JavaFX Application Thread] DEBUG Input                - Clearing active input actions
08:31:47.442 [JavaFX Application Thread] DEBUG GameApplicationServi - Removing overlay from FXGLMainMenuDummyScene and adding to FXGLLoadingScene
08:31:47.443 [JavaFX Application Thread] DEBUG PrimaryStageWindow   - FXGLMainMenuDummyScene -> FXGLLoadingScene
08:31:47.443 [JavaFX Application Thread] DEBUG GameApplicationServi - Clearing previous game
08:31:47.443 [JavaFX Application Thread] DEBUG GameScene            - Clearing game scene
08:31:47.443 [JavaFX Application Thread] DEBUG GameWorld            - Clearing game world
08:31:47.443 [JavaFX Application Thread] DEBUG PhysicsWorld         - Clearing physics world
08:31:47.445 [FXGL Background Thread 2 ] DEBUG FXGLApplication      - Initializing game
08:31:47.495 [JavaFX Application Thread] DEBUG LoopRunner           - Stopping loop
08:31:47.506 [JavaFX Application Thread] FATAL FXGLApplication      - Uncaught Exception:
java.lang.RuntimeException: Initialization failed
	at com.almasb.fxgl.all@17.2/com.almasb.fxgl.app.FXGLApplication$InitAppTask.failed(FXGLApplication.kt:343)
	at javafx.graphics@21-ea/javafx.concurrent.Task.setState(Task.java:710)
	at javafx.graphics@21-ea/javafx.concurrent.Task$TaskCallable.lambda$call$2(Task.java:1429)
	at javafx.graphics@21-ea/com.sun.javafx.application.PlatformImpl.lambda$runLater$10(PlatformImpl.java:456)
	at java.base/java.security.AccessController.doPrivileged(AccessController.java:400)
	at javafx.graphics@21-ea/com.sun.javafx.application.PlatformImpl.lambda$runLater$11(PlatformImpl.java:455)
	at javafx.graphics@21-ea/com.sun.glass.ui.InvokeLaterDispatcher$Future.run(InvokeLaterDispatcher.java:95)
	at javafx.graphics@21-ea/com.sun.glass.ui.win.WinApplication._runLoop(Native Method)
	at javafx.graphics@21-ea/com.sun.glass.ui.win.WinApplication.lambda$runLoop$3(WinApplication.java:185)
	at java.base/java.lang.Thread.run(Thread.java:1583)
Caused by: java.lang.IllegalArgumentException: No EntityFactory has a method annotated @Spawns(background)
	at com.almasb.fxgl.entity@17.2/com.almasb.fxgl.entity.GameWorld.create(GameWorld.kt:413)
	at com.almasb.fxgl.entity@17.2/com.almasb.fxgl.entity.GameWorld.spawn(GameWorld.kt:396)
	at com.almasb.fxgl.entity@17.2/com.almasb.fxgl.entity.GameWorld.spawn(GameWorld.kt:384)
	at com.almasb.fxgl.entity@17.2/com.almasb.fxgl.entity.GameWorld.spawn(GameWorld.kt:359)
	at com.almasb.fxgl.all@17.2/com.almasb.fxgl.dsl.FXGL$Companion.spawn(FXGL.kt:555)
	at com.almasb.fxgl.all@17.2/com.almasb.fxgl.dsl.FXGL.spawn(FXGL.kt)
	at com.demo.fxgldemo/com.demo.fxgldemo.demoCuboApp.initGame(demoCuboApp.java:50)
	at com.almasb.fxgl.all@17.2/com.almasb.fxgl.app.FXGLApplication$InitAppTask.initGame(FXGLApplication.kt:339)
	at com.almasb.fxgl.all@17.2/com.almasb.fxgl.app.FXGLApplication$InitAppTask.call(FXGLApplication.kt:319)
	at com.almasb.fxgl.all@17.2/com.almasb.fxgl.app.FXGLApplication$InitAppTask.call(FXGLApplication.kt:311)
	at javafx.graphics@21-ea/javafx.concurrent.Task$TaskCallable.call(Task.java:1399)
	at java.base/java.util.concurrent.FutureTask.run(FutureTask.java:317)
	at java.base/java.util.concurrent.Executors$RunnableAdapter.call(Executors.java:572)
	at java.base/java.util.concurrent.FutureTask.run(FutureTask.java:317)
	at java.base/java.util.concurrent.ThreadPoolExecutor.runWorker(ThreadPoolExecutor.java:1144)
	at java.base/java.util.concurrent.ThreadPoolExecutor$Worker.run(ThreadPoolExecutor.java:642)
	... 1 more

08:31:47.506 [JavaFX Application Thread] FATAL FXGLApplication      - Application will now exit
08:31:47.525 [JavaFX Application Thread] DEBUG PrimaryStageWindow   - Push state: ErrorSubScene
08:31:47.525 [JavaFX Application Thread] DEBUG Input                - Clearing active input actions
08:31:47.528 [JavaFX Application Thread] DEBUG GameApplicationServi - Removing overlay from FXGLLoadingScene and adding to ErrorSubScene
08:31:47.528 [JavaFX Application Thread] DEBUG PrimaryStageWindow   - FXGLLoadingScene -> ErrorSubScene
08:31:47.732 [FXGL Background Thread 3 ] DEBUG Engine               - Logging environment variables
08:31:47.733 [FXGL Background Thread 3 ] DEBUG Engine               - achievements: []
08:31:47.734 [FXGL Background Thread 3 ] DEBUG Engine               - actualHeight: 600.0
08:31:47.734 [FXGL Background Thread 3 ] DEBUG Engine               - actualHeightProperty: ReadOnlyDoubleProperty [value: 600.0]
08:31:47.734 [FXGL Background Thread 3 ] DEBUG Engine               - actualWidth: 800.0
08:31:47.734 [FXGL Background Thread 3 ] DEBUG Engine               - actualWidthProperty: ReadOnlyDoubleProperty [value: 800.0]
08:31:47.734 [FXGL Background Thread 3 ] DEBUG Engine               - appIcon: fxgl_icon.png
08:31:47.734 [FXGL Background Thread 3 ] DEBUG Engine               - applicationMode: DEVELOPER
08:31:47.734 [FXGL Background Thread 3 ] DEBUG Engine               - cSSList: [fxgl_dark.css]
08:31:47.734 [FXGL Background Thread 3 ] DEBUG Engine               - collisionDetectionStrategy: BRUTE_FORCE
08:31:47.735 [FXGL Background Thread 3 ] DEBUG Engine               - configClass: Optional.empty
08:31:47.735 [FXGL Background Thread 3 ] DEBUG Engine               - credits: []
08:31:47.735 [FXGL Background Thread 3 ] DEBUG Engine               - defaultCursor: CursorInfo(imageName=fxgl_default_cursor.png, hotspotX=7.0, hotspotY=6.0)
08:31:47.736 [FXGL Background Thread 3 ] DEBUG Engine               - devBBoxColorProperty: ObjectProperty [value: 0xff0000ff]
08:31:47.736 [FXGL Background Thread 3 ] DEBUG Engine               - devEnableDebugCameraProperty: BooleanProperty [value: false]
08:31:47.736 [FXGL Background Thread 3 ] DEBUG Engine               - devSensorColorProperty: ObjectProperty [value: 0xffff00ff]
08:31:47.736 [FXGL Background Thread 3 ] DEBUG Engine               - devShowBBoxProperty: BooleanProperty [value: false]
08:31:47.736 [FXGL Background Thread 3 ] DEBUG Engine               - devShowPositionProperty: BooleanProperty [value: false]
08:31:47.737 [FXGL Background Thread 3 ] DEBUG Engine               - enabledMenuItems: []
08:31:47.737 [FXGL Background Thread 3 ] DEBUG Engine               - engineServices: [class com.almasb.fxgl.app.services.FXGLAssetLoaderService, class com.almasb.fxgl.app.FXGLApplication$GameApplicationService, class com.almasb.fxgl.app.services.FXGLDialogService, class com.almasb.fxgl.app.services.IOTaskExecutorService, class com.almasb.fxgl.io.FileSystemService, class com.almasb.fxgl.localization.LocalizationService, class com.almasb.fxgl.app.services.SystemBundleService, class com.almasb.fxgl.profile.SaveLoadService, class com.almasb.fxgl.ui.FXGLUIFactoryServiceProvider, class com.almasb.fxgl.ui.FXGLDialogFactoryServiceProvider, class com.almasb.fxgl.audio.AudioPlayer, class com.almasb.fxgl.notification.impl.NotificationServiceProvider, class com.almasb.fxgl.achievement.AchievementService, class com.almasb.fxgl.cutscene.CutsceneService, class com.almasb.fxgl.minigames.MiniGameService, class com.almasb.fxgl.net.NetService, class com.almasb.fxgl.app.services.UpdaterService, class com.almasb.fxgl.dev.DevService]
08:31:47.737 [FXGL Background Thread 3 ] DEBUG Engine               - fontGame: Abel-Regular.ttf
08:31:47.737 [FXGL Background Thread 3 ] DEBUG Engine               - fontMono: TerminalLandMono-Regular.otf
08:31:47.737 [FXGL Background Thread 3 ] DEBUG Engine               - fontText: Courier-Prime.ttf
08:31:47.737 [FXGL Background Thread 3 ] DEBUG Engine               - fontUI: VarelaRound-Regular.ttf
08:31:47.737 [FXGL Background Thread 3 ] DEBUG Engine               - fullScreen: BooleanProperty [value: false]
08:31:47.737 [FXGL Background Thread 3 ] DEBUG Engine               - gameDifficulty: MEDIUM
08:31:47.737 [FXGL Background Thread 3 ] DEBUG Engine               - gameDifficultyProperty: ObjectProperty [value: MEDIUM]
08:31:47.738 [FXGL Background Thread 3 ] DEBUG Engine               - globalMusicVolume: 0.5
08:31:47.738 [FXGL Background Thread 3 ] DEBUG Engine               - globalMusicVolumeProperty: DoubleProperty [value: 0.5]
08:31:47.738 [FXGL Background Thread 3 ] DEBUG Engine               - globalSoundVolume: 0.5
08:31:47.738 [FXGL Background Thread 3 ] DEBUG Engine               - globalSoundVolumeProperty: DoubleProperty [value: 0.5]
08:31:47.739 [FXGL Background Thread 3 ] DEBUG Engine               - height: 600
08:31:47.739 [FXGL Background Thread 3 ] DEBUG Engine               - is3D: false
08:31:47.739 [FXGL Background Thread 3 ] DEBUG Engine               - isAndroid: false
08:31:47.739 [FXGL Background Thread 3 ] DEBUG Engine               - isBrowser: false
08:31:47.739 [FXGL Background Thread 3 ] DEBUG Engine               - isClickFeedbackEnabled: false
08:31:47.739 [FXGL Background Thread 3 ] DEBUG Engine               - isCloseConfirmation: false
08:31:47.739 [FXGL Background Thread 3 ] DEBUG Engine               - isDesktop: true
08:31:47.739 [FXGL Background Thread 3 ] DEBUG Engine               - isDeveloperMenuEnabled: false
08:31:47.739 [FXGL Background Thread 3 ] DEBUG Engine               - isEmbedded: false
08:31:47.739 [FXGL Background Thread 3 ] DEBUG Engine               - isEntityPreloadEnabled: true
08:31:47.739 [FXGL Background Thread 3 ] DEBUG Engine               - isExperimentalTiledLargeMap: false
08:31:47.740 [FXGL Background Thread 3 ] DEBUG Engine               - isFileSystemWriteAllowed: true
08:31:47.740 [FXGL Background Thread 3 ] DEBUG Engine               - isFullScreenAllowed: false
08:31:47.740 [FXGL Background Thread 3 ] DEBUG Engine               - isFullScreenFromStart: false
08:31:47.740 [FXGL Background Thread 3 ] DEBUG Engine               - isGameMenuEnabled: true
08:31:47.740 [FXGL Background Thread 3 ] DEBUG Engine               - isIOS: false
08:31:47.740 [FXGL Background Thread 3 ] DEBUG Engine               - isIntroEnabled: false
08:31:47.740 [FXGL Background Thread 3 ] DEBUG Engine               - isLinux: false
08:31:47.740 [FXGL Background Thread 3 ] DEBUG Engine               - isMac: false
08:31:47.740 [FXGL Background Thread 3 ] DEBUG Engine               - isMainMenuEnabled: true
08:31:47.741 [FXGL Background Thread 3 ] DEBUG Engine               - isManualResizeEnabled: false
08:31:47.741 [FXGL Background Thread 3 ] DEBUG Engine               - isMobile: false
08:31:47.741 [FXGL Background Thread 3 ] DEBUG Engine               - isNative: false
08:31:47.741 [FXGL Background Thread 3 ] DEBUG Engine               - isPauseMusicWhenMinimized: true
08:31:47.741 [FXGL Background Thread 3 ] DEBUG Engine               - isPreserveResizeRatio: false
08:31:47.744 [FXGL Background Thread 3 ] DEBUG Engine               - isProfilingEnabled: false
08:31:47.744 [FXGL Background Thread 3 ] DEBUG Engine               - isScaleAffectedOnResize: true
08:31:47.744 [FXGL Background Thread 3 ] DEBUG Engine               - isSingleStep: false
08:31:47.745 [FXGL Background Thread 3 ] DEBUG Engine               - isUserProfileEnabled: false
08:31:47.745 [FXGL Background Thread 3 ] DEBUG Engine               - isWindows: true
08:31:47.745 [FXGL Background Thread 3 ] DEBUG Engine               - language: ObjectProperty [value: ENGLISH]
08:31:47.745 [FXGL Background Thread 3 ] DEBUG Engine               - menuKey: ESCAPE
08:31:47.745 [FXGL Background Thread 3 ] DEBUG Engine               - mouseSensitivity: 0.2
08:31:47.745 [FXGL Background Thread 3 ] DEBUG Engine               - notificationViewClass: class com.almasb.fxgl.notification.view.XboxNotificationView
08:31:47.745 [FXGL Background Thread 3 ] DEBUG Engine               - pixelsPerMeter: 50.0
08:31:47.745 [FXGL Background Thread 3 ] DEBUG Engine               - platform: WINDOWS
08:31:47.745 [FXGL Background Thread 3 ] DEBUG Engine               - prefHeightProperty: ReadOnlyDoubleProperty [value: 600.0]
08:31:47.745 [FXGL Background Thread 3 ] DEBUG Engine               - prefWidthProperty: ReadOnlyDoubleProperty [value: 800.0]
08:31:47.746 [FXGL Background Thread 3 ] DEBUG Engine               - profileDir: profiles/
08:31:47.746 [FXGL Background Thread 3 ] DEBUG Engine               - profileName: StringProperty [value: DEFAULT]
08:31:47.746 [FXGL Background Thread 3 ] DEBUG Engine               - randomSeed: -1
08:31:47.747 [FXGL Background Thread 3 ] DEBUG Engine               - runtimeInfo: RuntimeInfo(platform=WINDOWS, version=17.2, build=20.08.2022 16.50)
08:31:47.747 [FXGL Background Thread 3 ] DEBUG Engine               - saveFileExt: sav
08:31:47.747 [FXGL Background Thread 3 ] DEBUG Engine               - scaledHeightProp$fxgl: DoubleProperty [bound, value: 600.0]
08:31:47.747 [FXGL Background Thread 3 ] DEBUG Engine               - scaledWidthProp$fxgl: DoubleProperty [bound, value: 800.0]
08:31:47.747 [FXGL Background Thread 3 ] DEBUG Engine               - sceneFactory: com.almasb.fxgl.app.scene.SceneFactory@3a0ed0fa
08:31:47.747 [FXGL Background Thread 3 ] DEBUG Engine               - secondsIn24h: 60
08:31:47.747 [FXGL Background Thread 3 ] DEBUG Engine               - soundMenuBack: menu/back.wav
08:31:47.747 [FXGL Background Thread 3 ] DEBUG Engine               - soundMenuPress: menu/press.wav
08:31:47.747 [FXGL Background Thread 3 ] DEBUG Engine               - soundMenuSelect: menu/select.wav
08:31:47.748 [FXGL Background Thread 3 ] DEBUG Engine               - soundNotification: core/notification.wav
08:31:47.748 [FXGL Background Thread 3 ] DEBUG Engine               - stageStyle: DECORATED
08:31:47.748 [FXGL Background Thread 3 ] DEBUG Engine               - supportedLanguages: [ENGLISH, FRENCH, GERMAN, HUNGARIAN, RUSSIAN]
08:31:47.748 [FXGL Background Thread 3 ] DEBUG Engine               - ticksPerSecond: -1
08:31:47.748 [FXGL Background Thread 3 ] DEBUG Engine               - title: Probando demoCuboApp
08:31:47.748 [FXGL Background Thread 3 ] DEBUG Engine               - urlGithub: https://github.com/AlmasB/FXGL
08:31:47.748 [FXGL Background Thread 3 ] DEBUG Engine               - urlLeaderboard: http://fxgl-top.herokuapp.com/
08:31:47.748 [FXGL Background Thread 3 ] DEBUG Engine               - urlPOM: https://raw.githubusercontent.com/AlmasB/FXGL/release/README.md
08:31:47.748 [FXGL Background Thread 3 ] DEBUG Engine               - userAppClass: class com.demo.fxgldemo.demoCuboApp
08:31:47.748 [FXGL Background Thread 3 ] DEBUG Engine               - version: 0.0
08:31:47.748 [FXGL Background Thread 3 ] DEBUG Engine               - versionCheckDays: 7
08:31:47.748 [FXGL Background Thread 3 ] DEBUG Engine               - width: 800
08:31:47.748 [FXGL Background Thread 3 ] DEBUG Engine               - Logging services
08:31:47.748 [FXGL Background Thread 3 ] DEBUG Engine               - class com.almasb.fxgl.app.services.FXGLAssetLoaderService
08:31:47.749 [FXGL Background Thread 3 ] DEBUG Engine               - class com.almasb.fxgl.app.FXGLApplication$GameApplicationService
08:31:47.749 [FXGL Background Thread 3 ] DEBUG Engine               - class com.almasb.fxgl.app.services.FXGLDialogService
08:31:47.749 [FXGL Background Thread 3 ] DEBUG Engine               - class com.almasb.fxgl.app.services.IOTaskExecutorService
08:31:47.749 [FXGL Background Thread 3 ] DEBUG Engine               - class com.almasb.fxgl.io.FileSystemService
08:31:47.749 [FXGL Background Thread 3 ] DEBUG Engine               - class com.almasb.fxgl.localization.LocalizationService
08:31:47.749 [FXGL Background Thread 3 ] DEBUG Engine               - class com.almasb.fxgl.app.services.SystemBundleService
08:31:47.749 [FXGL Background Thread 3 ] DEBUG Engine               - class com.almasb.fxgl.profile.SaveLoadService
08:31:47.749 [FXGL Background Thread 3 ] DEBUG Engine               - class com.almasb.fxgl.ui.FXGLUIFactoryServiceProvider
08:31:47.749 [FXGL Background Thread 3 ] DEBUG Engine               - class com.almasb.fxgl.ui.FXGLDialogFactoryServiceProvider
08:31:47.749 [FXGL Background Thread 3 ] DEBUG Engine               - class com.almasb.fxgl.audio.AudioPlayer
08:31:47.750 [FXGL Background Thread 3 ] DEBUG Engine               - class com.almasb.fxgl.notification.impl.NotificationServiceProvider
08:31:47.750 [FXGL Background Thread 3 ] DEBUG Engine               - class com.almasb.fxgl.achievement.AchievementService
08:31:47.750 [FXGL Background Thread 3 ] DEBUG Engine               - class com.almasb.fxgl.cutscene.CutsceneService
08:31:47.750 [FXGL Background Thread 3 ] DEBUG Engine               - class com.almasb.fxgl.minigames.MiniGameService
08:31:47.750 [FXGL Background Thread 3 ] DEBUG Engine               - class com.almasb.fxgl.net.NetService
08:31:47.750 [FXGL Background Thread 3 ] DEBUG Engine               - class com.almasb.fxgl.app.services.UpdaterService
08:31:47.750 [FXGL Background Thread 3 ] DEBUG Engine               - class com.almasb.fxgl.dev.DevService
08:31:50.284 [JavaFX Application Thread] DEBUG FXGLApplication      - Exiting FXGL
08:31:50.285 [JavaFX Application Thread] DEBUG Async                - Shutting down background threads
08:31:50.285 [JavaFX Application Thread] DEBUG PrimaryStageWindow   - Closing main window
08:31:50.305 [JavaFX Application Thread] DEBUG Logger               - Closing Logger
