08:40:06.053 [main                     ] DEBUG Logger               - Configured Logger
08:40:06.084 [main                     ] DEBUG GameApplication      - Logging settings
Title: Probando demoCuboApp
Version: 0.0
Width: 800
Height: 600
Fullscreen: false
Intro: false
Profiling: false
Single step:false
App Mode: DEVELOPER
Menu Key: ESCAPE
Stage Style: DECORATED
Scene Factory: class com.almasb.fxgl.app.scene.SceneFactory

08:40:06.386 [JavaFX Application Thread] DEBUG FXGLApplication      - Initializing FXGL
08:40:06.391 [JavaFX Application Thread] INFO  Engine               - FXGL-17.2 (20.08.2022 16.50) on WINDOWS (J:21.0.1 FX:21-ea)
08:40:06.391 [JavaFX Application Thread] DEBUG Engine               - JRE Vendor Name: Oracle Corporation
08:40:06.392 [JavaFX Application Thread] DEBUG Engine               - Running on OS: Windows 10 version 10.0
08:40:06.392 [JavaFX Application Thread] DEBUG Engine               - Architecture: amd64
08:40:06.392 [JavaFX Application Thread] INFO  Engine               - Source code and latest versions at: https://github.com/AlmasB/FXGL
08:40:06.392 [JavaFX Application Thread] INFO  Engine               -       Ask questions and discuss at: https://github.com/AlmasB/FXGL/discussions
08:40:06.392 [JavaFX Application Thread] INFO  Engine               -              Join the FXGL chat at: https://gitter.im/AlmasB/FXGL
08:40:06.481 [JavaFX Application Thread] DEBUG PrimaryStageWindow   - Creating a JavaFX scene
08:40:06.535 [JavaFX Application Thread] DEBUG PrimaryStageWindow   - Target settings size: 800.0 x 600.0
08:40:06.535 [JavaFX Application Thread] DEBUG PrimaryStageWindow   - Scaled scene size:    800.0 x 600.0
08:40:06.536 [JavaFX Application Thread] DEBUG PrimaryStageWindow   - Scaled ratio: (1.0, 1.0)
08:40:06.537 [JavaFX Application Thread] DEBUG PrimaryStageWindow   - Set initial scene to FXGLStartupScene
08:40:06.540 [JavaFX Application Thread] DEBUG PrimaryStageWindow   - Opening main window
08:40:06.634 [JavaFX Application Thread] DEBUG PrimaryStageWindow   - Window border size: (14.4000244140625, 37.5999755859375)
08:40:06.634 [JavaFX Application Thread] DEBUG PrimaryStageWindow   - Scaled size: 800.0 x 600.0
08:40:06.634 [JavaFX Application Thread] DEBUG PrimaryStageWindow   - Scaled ratio: (1.0, 1.0)
08:40:06.635 [JavaFX Application Thread] DEBUG PrimaryStageWindow   - Scene size: 800.0 x 600.0
08:40:06.635 [JavaFX Application Thread] DEBUG PrimaryStageWindow   - Stage size: 814.4000244140625 x 637.5999755859375
08:40:06.645 [FXGL Background Thread 1 ] DEBUG Engine               - Initializing environment variables
08:40:06.731 [FXGL Background Thread 1 ] DEBUG FXGLAssetLoaderServi - User app class for loading assets: class com.demo.fxgldemo.demoCuboApp
08:40:06.731 [FXGL Background Thread 1 ] DEBUG GameApplicationServi - Applying CSS: fxgl_dark.css
08:40:06.732 [FXGL Background Thread 1 ] DEBUG FXGLAssetLoaderServi - Loading from file system: jar:file:///C:/Users/Usuario/.m2/repository/com/github/almasb/fxgl/17.2/fxgl-17.2.jar!/fxglassets/ui/css/fxgl_dark.css
08:40:06.792 [FXGL Background Thread 1 ] DEBUG GameApplicationServi - Initializing application scenes
08:40:06.840 [FXGL Background Thread 1 ] DEBUG GameWorld            - Game world initialized
08:40:06.915 [FXGL Background Thread 1 ] DEBUG PhysicsWorld         - Physics world initialized: appHeight=600, physics.ppm=50,0
08:40:06.916 [FXGL Background Thread 1 ] DEBUG PhysicsWorld         - Using strategy: BRUTE_FORCE
08:40:06.920 [FXGL Background Thread 1 ] DEBUG GameScene            - Game scene initialized: 800x600
08:40:06.935 [FXGL Background Thread 1 ] DEBUG FXGL.DefaultMenu     - createMenuBodyGameMenu()
08:40:06.950 [FXGL Background Thread 1 ] DEBUG FXGL.DefaultMenu     - createOptionsMenu()
08:40:06.963 [FXGL Background Thread 1 ] DEBUG FXGLAssetLoaderServi - Loading from file system: jar:file:///C:/Users/Usuario/.m2/repository/com/github/almasb/fxgl/17.2/fxgl-17.2.jar!/fxglassets/textures/particles/smoke.png
08:40:07.069 [FXGL Background Thread 1 ] DEBUG FXGLAssetLoaderServi - Loading from file system: jar:file:///C:/Users/Usuario/.m2/repository/com/github/almasb/fxgl/17.2/fxgl-17.2.jar!/fxglassets/textures/particles/trace_horizontal.png
08:40:07.106 [FXGL Background Thread 1 ] DEBUG GameApplicationServi - Application scenes initialized
08:40:07.119 [FXGL Background Thread 1 ] DEBUG SystemBundleService  - Loading FXGL system data
08:40:07.123 [FXGL Background Thread 1 ] DEBUG FileSystemAccess     - Reading from: F:\Proyectos javafx\javafxgl\fxgl-demo\system\fxgl.bundle
08:40:07.138 [FXGL Background Thread 1 ] DEBUG SystemBundleService  - Bundle FXGL: {}
08:40:07.138 [FXGL Background Thread 1 ] DEBUG UpdaterService       - Checking for updates
08:40:07.144 [FXGL Background Thread 4 ] DEBUG FXGLApplication      - Loading fonts
08:40:07.145 [FXGL Background Thread 4 ] DEBUG FXGLAssetLoaderServi - Loading from file system: jar:file:///C:/Users/Usuario/.m2/repository/com/github/almasb/fxgl/17.2/fxgl-17.2.jar!/fxglassets/ui/fonts/VarelaRound-Regular.ttf
08:40:07.145 [FXGL Background Thread 1 ] DEBUG FXGLApplication      - Loading default localization
08:40:07.146 [FXGL Background Thread 1 ] DEBUG FXGLAssetLoaderServi - Loading from file system: jar:file:///C:/Users/Usuario/.m2/repository/com/github/almasb/fxgl/17.2/fxgl-17.2.jar!/fxglassets/languages/english.lang
08:40:07.179 [FXGL Background Thread 1 ] INFO  FXGLApplication      - FXGL initialization took: 0,534 sec
08:40:07.190 [FXGL Background Thread 4 ] DEBUG FXGLAssetLoaderServi - Loading from file system: jar:file:///C:/Users/Usuario/.m2/repository/com/github/almasb/fxgl/17.2/fxgl-17.2.jar!/fxglassets/ui/fonts/Abel-Regular.ttf
08:40:07.194 [JavaFX Application Thread] DEBUG Input                - Registered new binding: Left - A
08:40:07.195 [JavaFX Application Thread] DEBUG Input                - Registered new binding: Right - D
08:40:07.195 [JavaFX Application Thread] DEBUG FXGLAssetLoaderServi - Loading from file system: jar:file:///C:/Users/Usuario/.m2/repository/com/github/almasb/fxgl/17.2/fxgl-17.2.jar!/fxglassets/textures/fxgl_icon.png
08:40:07.202 [FXGL Background Thread 4 ] DEBUG FXGLAssetLoaderServi - Loading from file system: jar:file:///C:/Users/Usuario/.m2/repository/com/github/almasb/fxgl/17.2/fxgl-17.2.jar!/fxglassets/ui/fonts/TerminalLandMono-Regular.otf
08:40:07.215 [FXGL Background Thread 4 ] DEBUG FXGLAssetLoaderServi - Loading from file system: jar:file:///C:/Users/Usuario/.m2/repository/com/github/almasb/fxgl/17.2/fxgl-17.2.jar!/fxglassets/ui/fonts/Courier-Prime.ttf
08:40:07.232 [JavaFX Application Thread] DEBUG FXGLAssetLoaderServi - Loading from file system: jar:file:///C:/Users/Usuario/.m2/repository/com/github/almasb/fxgl/17.2/fxgl-17.2.jar!/fxglassets/textures/fxgl_default_cursor.png
08:40:07.236 [JavaFX Application Thread] DEBUG Input                - Registered new binding: Screenshot - CTRL+8
08:40:07.237 [JavaFX Application Thread] DEBUG Input                - Registered new binding: System info dump - CTRL+9
08:40:07.237 [JavaFX Application Thread] DEBUG Input                - Registered new binding: Restart - CTRL+R
08:40:07.238 [JavaFX Application Thread] DEBUG Input                - Registered new binding: Toggle Debug Camera - CTRL+7
08:40:07.242 [JavaFX Application Thread] DEBUG LoopRunner           - Starting loop
08:40:07.243 [JavaFX Application Thread] DEBUG LoopRunner           - Initializing JavaFX AnimationTimerLoop
08:40:07.245 [JavaFX Application Thread] DEBUG GameApplicationServi - Starting new game
08:40:07.246 [JavaFX Application Thread] DEBUG Input                - Clearing active input actions
08:40:07.261 [JavaFX Application Thread] DEBUG GameApplicationServi - Removing overlay from FXGLStartupScene and adding to FXGLLoadingScene
08:40:07.261 [JavaFX Application Thread] DEBUG PrimaryStageWindow   - FXGLStartupScene -> FXGLLoadingScene
08:40:07.262 [JavaFX Application Thread] DEBUG GameApplicationServi - Clearing previous game
08:40:07.262 [JavaFX Application Thread] DEBUG GameScene            - Clearing game scene
08:40:07.262 [JavaFX Application Thread] DEBUG GameWorld            - Clearing game world
08:40:07.262 [JavaFX Application Thread] DEBUG PhysicsWorld         - Clearing physics world
08:40:07.264 [JavaFX Application Thread] DEBUG FXGLApplication      - Registering font factories with UI factory
08:40:07.264 [FXGL Background Thread 4 ] DEBUG FXGLApplication      - Initializing game
08:40:07.322 [FXGL Background Thread 4 ] INFO  FXGLApplication      - Game initialization took: 0,057 sec
08:40:07.331 [JavaFX Application Thread] DEBUG Input                - Clearing active input actions
08:40:07.343 [JavaFX Application Thread] DEBUG GameApplicationServi - Removing overlay from FXGLLoadingScene and adding to GameScene
08:40:07.344 [JavaFX Application Thread] DEBUG PrimaryStageWindow   - FXGLLoadingScene -> GameScene
08:40:07.642 [FXGL Background Thread 2 ] INFO  UpdaterService       - Your current version:  17.2
08:40:07.642 [FXGL Background Thread 2 ] INFO  UpdaterService       - Latest stable version: 21
08:40:10.144 [FXGL Background Thread 3 ] DEBUG Engine               - Logging environment variables
08:40:10.146 [FXGL Background Thread 3 ] DEBUG Engine               - achievements: []
08:40:10.146 [FXGL Background Thread 3 ] DEBUG Engine               - actualHeight: 600.0
08:40:10.146 [FXGL Background Thread 3 ] DEBUG Engine               - actualHeightProperty: ReadOnlyDoubleProperty [value: 600.0]
08:40:10.147 [FXGL Background Thread 3 ] DEBUG Engine               - actualWidth: 800.0
08:40:10.147 [FXGL Background Thread 3 ] DEBUG Engine               - actualWidthProperty: ReadOnlyDoubleProperty [value: 800.0]
08:40:10.147 [FXGL Background Thread 3 ] DEBUG Engine               - appIcon: fxgl_icon.png
08:40:10.147 [FXGL Background Thread 3 ] DEBUG Engine               - applicationMode: DEVELOPER
08:40:10.148 [FXGL Background Thread 3 ] DEBUG Engine               - cSSList: [fxgl_dark.css]
08:40:10.148 [FXGL Background Thread 3 ] DEBUG Engine               - collisionDetectionStrategy: BRUTE_FORCE
08:40:10.148 [FXGL Background Thread 3 ] DEBUG Engine               - configClass: Optional.empty
08:40:10.149 [FXGL Background Thread 3 ] DEBUG Engine               - credits: []
08:40:10.150 [FXGL Background Thread 3 ] DEBUG Engine               - defaultCursor: CursorInfo(imageName=fxgl_default_cursor.png, hotspotX=7.0, hotspotY=6.0)
08:40:10.150 [FXGL Background Thread 3 ] DEBUG Engine               - devBBoxColorProperty: ObjectProperty [value: 0xff0000ff]
08:40:10.151 [FXGL Background Thread 3 ] DEBUG Engine               - devEnableDebugCameraProperty: BooleanProperty [value: false]
08:40:10.151 [FXGL Background Thread 3 ] DEBUG Engine               - devSensorColorProperty: ObjectProperty [value: 0xffff00ff]
08:40:10.151 [FXGL Background Thread 3 ] DEBUG Engine               - devShowBBoxProperty: BooleanProperty [value: false]
08:40:10.152 [FXGL Background Thread 3 ] DEBUG Engine               - devShowPositionProperty: BooleanProperty [value: false]
08:40:10.152 [FXGL Background Thread 3 ] DEBUG Engine               - enabledMenuItems: []
08:40:10.152 [FXGL Background Thread 3 ] DEBUG Engine               - engineServices: [class com.almasb.fxgl.app.services.FXGLAssetLoaderService, class com.almasb.fxgl.app.FXGLApplication$GameApplicationService, class com.almasb.fxgl.app.services.FXGLDialogService, class com.almasb.fxgl.app.services.IOTaskExecutorService, class com.almasb.fxgl.io.FileSystemService, class com.almasb.fxgl.localization.LocalizationService, class com.almasb.fxgl.app.services.SystemBundleService, class com.almasb.fxgl.profile.SaveLoadService, class com.almasb.fxgl.ui.FXGLUIFactoryServiceProvider, class com.almasb.fxgl.ui.FXGLDialogFactoryServiceProvider, class com.almasb.fxgl.audio.AudioPlayer, class com.almasb.fxgl.notification.impl.NotificationServiceProvider, class com.almasb.fxgl.achievement.AchievementService, class com.almasb.fxgl.cutscene.CutsceneService, class com.almasb.fxgl.minigames.MiniGameService, class com.almasb.fxgl.net.NetService, class com.almasb.fxgl.app.services.UpdaterService, class com.almasb.fxgl.dev.DevService]
08:40:10.152 [FXGL Background Thread 3 ] DEBUG Engine               - fontGame: Abel-Regular.ttf
08:40:10.153 [FXGL Background Thread 3 ] DEBUG Engine               - fontMono: TerminalLandMono-Regular.otf
08:40:10.153 [FXGL Background Thread 3 ] DEBUG Engine               - fontText: Courier-Prime.ttf
08:40:10.153 [FXGL Background Thread 3 ] DEBUG Engine               - fontUI: VarelaRound-Regular.ttf
08:40:10.153 [FXGL Background Thread 3 ] DEBUG Engine               - fullScreen: BooleanProperty [value: false]
08:40:10.154 [FXGL Background Thread 3 ] DEBUG Engine               - gameDifficulty: MEDIUM
08:40:10.154 [FXGL Background Thread 3 ] DEBUG Engine               - gameDifficultyProperty: ObjectProperty [value: MEDIUM]
08:40:10.154 [FXGL Background Thread 3 ] DEBUG Engine               - globalMusicVolume: 0.5
08:40:10.155 [FXGL Background Thread 3 ] DEBUG Engine               - globalMusicVolumeProperty: DoubleProperty [value: 0.5]
08:40:10.155 [FXGL Background Thread 3 ] DEBUG Engine               - globalSoundVolume: 0.5
08:40:10.155 [FXGL Background Thread 3 ] DEBUG Engine               - globalSoundVolumeProperty: DoubleProperty [value: 0.5]
08:40:10.156 [FXGL Background Thread 3 ] DEBUG Engine               - height: 600
08:40:10.156 [FXGL Background Thread 3 ] DEBUG Engine               - is3D: false
08:40:10.156 [FXGL Background Thread 3 ] DEBUG Engine               - isAndroid: false
08:40:10.156 [FXGL Background Thread 3 ] DEBUG Engine               - isBrowser: false
08:40:10.157 [FXGL Background Thread 3 ] DEBUG Engine               - isClickFeedbackEnabled: false
08:40:10.157 [FXGL Background Thread 3 ] DEBUG Engine               - isCloseConfirmation: false
08:40:10.157 [FXGL Background Thread 3 ] DEBUG Engine               - isDesktop: true
08:40:10.157 [FXGL Background Thread 3 ] DEBUG Engine               - isDeveloperMenuEnabled: false
08:40:10.158 [FXGL Background Thread 3 ] DEBUG Engine               - isEmbedded: false
08:40:10.158 [FXGL Background Thread 3 ] DEBUG Engine               - isEntityPreloadEnabled: true
08:40:10.158 [FXGL Background Thread 3 ] DEBUG Engine               - isExperimentalTiledLargeMap: false
08:40:10.158 [FXGL Background Thread 3 ] DEBUG Engine               - isFileSystemWriteAllowed: true
08:40:10.159 [FXGL Background Thread 3 ] DEBUG Engine               - isFullScreenAllowed: false
08:40:10.159 [FXGL Background Thread 3 ] DEBUG Engine               - isFullScreenFromStart: false
08:40:10.159 [FXGL Background Thread 3 ] DEBUG Engine               - isGameMenuEnabled: true
08:40:10.159 [FXGL Background Thread 3 ] DEBUG Engine               - isIOS: false
08:40:10.159 [FXGL Background Thread 3 ] DEBUG Engine               - isIntroEnabled: false
08:40:10.160 [FXGL Background Thread 3 ] DEBUG Engine               - isLinux: false
08:40:10.160 [FXGL Background Thread 3 ] DEBUG Engine               - isMac: false
08:40:10.160 [FXGL Background Thread 3 ] DEBUG Engine               - isMainMenuEnabled: false
08:40:10.160 [FXGL Background Thread 3 ] DEBUG Engine               - isManualResizeEnabled: false
08:40:10.161 [FXGL Background Thread 3 ] DEBUG Engine               - isMobile: false
08:40:10.161 [FXGL Background Thread 3 ] DEBUG Engine               - isNative: false
08:40:10.162 [FXGL Background Thread 3 ] DEBUG Engine               - isPauseMusicWhenMinimized: true
08:40:10.162 [FXGL Background Thread 3 ] DEBUG Engine               - isPreserveResizeRatio: false
08:40:10.162 [FXGL Background Thread 3 ] DEBUG Engine               - isProfilingEnabled: false
08:40:10.163 [FXGL Background Thread 3 ] DEBUG Engine               - isScaleAffectedOnResize: true
08:40:10.163 [FXGL Background Thread 3 ] DEBUG Engine               - isSingleStep: false
08:40:10.163 [FXGL Background Thread 3 ] DEBUG Engine               - isUserProfileEnabled: false
08:40:10.163 [FXGL Background Thread 3 ] DEBUG Engine               - isWindows: true
08:40:10.163 [FXGL Background Thread 3 ] DEBUG Engine               - language: ObjectProperty [value: ENGLISH]
08:40:10.164 [FXGL Background Thread 3 ] DEBUG Engine               - menuKey: ESCAPE
08:40:10.164 [FXGL Background Thread 3 ] DEBUG Engine               - mouseSensitivity: 0.2
08:40:10.164 [FXGL Background Thread 3 ] DEBUG Engine               - notificationViewClass: class com.almasb.fxgl.notification.view.XboxNotificationView
08:40:10.164 [FXGL Background Thread 3 ] DEBUG Engine               - pixelsPerMeter: 50.0
08:40:10.165 [FXGL Background Thread 3 ] DEBUG Engine               - platform: WINDOWS
08:40:10.165 [FXGL Background Thread 3 ] DEBUG Engine               - prefHeightProperty: ReadOnlyDoubleProperty [value: 600.0]
08:40:10.165 [FXGL Background Thread 3 ] DEBUG Engine               - prefWidthProperty: ReadOnlyDoubleProperty [value: 800.0]
08:40:10.165 [FXGL Background Thread 3 ] DEBUG Engine               - profileDir: profiles/
08:40:10.166 [FXGL Background Thread 3 ] DEBUG Engine               - profileName: StringProperty [value: DEFAULT]
08:40:10.166 [FXGL Background Thread 3 ] DEBUG Engine               - randomSeed: -1
08:40:10.167 [FXGL Background Thread 3 ] DEBUG Engine               - runtimeInfo: RuntimeInfo(platform=WINDOWS, version=17.2, build=20.08.2022 16.50)
08:40:10.167 [FXGL Background Thread 3 ] DEBUG Engine               - saveFileExt: sav
08:40:10.168 [FXGL Background Thread 3 ] DEBUG Engine               - scaledHeightProp$fxgl: DoubleProperty [bound, value: 600.0]
08:40:10.168 [FXGL Background Thread 3 ] DEBUG Engine               - scaledWidthProp$fxgl: DoubleProperty [bound, value: 800.0]
08:40:10.168 [FXGL Background Thread 3 ] DEBUG Engine               - sceneFactory: com.almasb.fxgl.app.scene.SceneFactory@1390eb4b
08:40:10.168 [FXGL Background Thread 3 ] DEBUG Engine               - secondsIn24h: 60
08:40:10.169 [FXGL Background Thread 3 ] DEBUG Engine               - soundMenuBack: menu/back.wav
08:40:10.169 [FXGL Background Thread 3 ] DEBUG Engine               - soundMenuPress: menu/press.wav
08:40:10.169 [FXGL Background Thread 3 ] DEBUG Engine               - soundMenuSelect: menu/select.wav
08:40:10.169 [FXGL Background Thread 3 ] DEBUG Engine               - soundNotification: core/notification.wav
08:40:10.169 [FXGL Background Thread 3 ] DEBUG Engine               - stageStyle: DECORATED
08:40:10.170 [FXGL Background Thread 3 ] DEBUG Engine               - supportedLanguages: [ENGLISH, FRENCH, GERMAN, HUNGARIAN, RUSSIAN]
08:40:10.170 [FXGL Background Thread 3 ] DEBUG Engine               - ticksPerSecond: -1
08:40:10.170 [FXGL Background Thread 3 ] DEBUG Engine               - title: Probando demoCuboApp
08:40:10.171 [FXGL Background Thread 3 ] DEBUG Engine               - urlGithub: https://github.com/AlmasB/FXGL
08:40:10.171 [FXGL Background Thread 3 ] DEBUG Engine               - urlLeaderboard: http://fxgl-top.herokuapp.com/
08:40:10.171 [FXGL Background Thread 3 ] DEBUG Engine               - urlPOM: https://raw.githubusercontent.com/AlmasB/FXGL/release/README.md
08:40:10.171 [FXGL Background Thread 3 ] DEBUG Engine               - userAppClass: class com.demo.fxgldemo.demoCuboApp
08:40:10.171 [FXGL Background Thread 3 ] DEBUG Engine               - version: 0.0
08:40:10.172 [FXGL Background Thread 3 ] DEBUG Engine               - versionCheckDays: 7
08:40:10.172 [FXGL Background Thread 3 ] DEBUG Engine               - width: 800
08:40:10.172 [FXGL Background Thread 3 ] DEBUG Engine               - Logging services
08:40:10.172 [FXGL Background Thread 3 ] DEBUG Engine               - class com.almasb.fxgl.app.services.FXGLAssetLoaderService
08:40:10.173 [FXGL Background Thread 3 ] DEBUG Engine               - class com.almasb.fxgl.app.FXGLApplication$GameApplicationService
08:40:10.173 [FXGL Background Thread 3 ] DEBUG Engine               - class com.almasb.fxgl.app.services.FXGLDialogService
08:40:10.173 [FXGL Background Thread 3 ] DEBUG Engine               - class com.almasb.fxgl.app.services.IOTaskExecutorService
08:40:10.173 [FXGL Background Thread 3 ] DEBUG Engine               - class com.almasb.fxgl.io.FileSystemService
08:40:10.174 [FXGL Background Thread 3 ] DEBUG Engine               - class com.almasb.fxgl.localization.LocalizationService
08:40:10.174 [FXGL Background Thread 3 ] DEBUG Engine               - class com.almasb.fxgl.app.services.SystemBundleService
08:40:10.174 [FXGL Background Thread 3 ] DEBUG Engine               - class com.almasb.fxgl.profile.SaveLoadService
08:40:10.174 [FXGL Background Thread 3 ] DEBUG Engine               - class com.almasb.fxgl.ui.FXGLUIFactoryServiceProvider
08:40:10.174 [FXGL Background Thread 3 ] DEBUG Engine               - class com.almasb.fxgl.ui.FXGLDialogFactoryServiceProvider
08:40:10.174 [FXGL Background Thread 3 ] DEBUG Engine               - class com.almasb.fxgl.audio.AudioPlayer
08:40:10.174 [FXGL Background Thread 3 ] DEBUG Engine               - class com.almasb.fxgl.notification.impl.NotificationServiceProvider
08:40:10.174 [FXGL Background Thread 3 ] DEBUG Engine               - class com.almasb.fxgl.achievement.AchievementService
08:40:10.174 [FXGL Background Thread 3 ] DEBUG Engine               - class com.almasb.fxgl.cutscene.CutsceneService
08:40:10.174 [FXGL Background Thread 3 ] DEBUG Engine               - class com.almasb.fxgl.minigames.MiniGameService
08:40:10.174 [FXGL Background Thread 3 ] DEBUG Engine               - class com.almasb.fxgl.net.NetService
08:40:10.174 [FXGL Background Thread 3 ] DEBUG Engine               - class com.almasb.fxgl.app.services.UpdaterService
08:40:10.175 [FXGL Background Thread 3 ] DEBUG Engine               - class com.almasb.fxgl.dev.DevService
08:40:13.637 [JavaFX Application Thread] DEBUG LoopRunner           - Stopping loop
08:40:13.643 [JavaFX Application Thread] FATAL FXGLApplication      - Uncaught Exception:
java.lang.NullPointerException: Cannot invoke "com.almasb.fxgl.physics.PhysicsComponent.setVelocityX(double)" because "this.physics" is null
	at com.demo.fxgldemo/com.demo.fxgldemo.components.PlayerCuboComponent.left(PlayerCuboComponent.java:30)
	at com.demo.fxgldemo/com.demo.fxgldemo.demoCuboApp$1.onAction(demoCuboApp.java:48)
	at com.almasb.fxgl.core@17.2/com.almasb.fxgl.input.UserAction.action$fxgl_core(UserAction.kt:38)
	at com.almasb.fxgl.core@17.2/com.almasb.fxgl.input.Input.update(Input.kt:288)
	at com.almasb.fxgl.scene@17.2/com.almasb.fxgl.scene.Scene.update(Scene.kt:103)
	at com.almasb.fxgl.all@17.2/com.almasb.fxgl.app.MainWindow$update$1.invoke(MainWindow.kt:115)
	at com.almasb.fxgl.all@17.2/com.almasb.fxgl.app.MainWindow$update$1.invoke(MainWindow.kt:115)
	at com.almasb.fxgl.core@17.2/com.almasb.fxgl.core.fsm.StateMachine.runOnActiveStates(StateMachine.kt:69)
	at com.almasb.fxgl.all@17.2/com.almasb.fxgl.app.MainWindow.update(MainWindow.kt:115)
	at com.almasb.fxgl.all@17.2/com.almasb.fxgl.app.FXGLApplication$GameApplicationService.onUpdate(FXGLApplication.kt:426)
	at com.almasb.fxgl.all@17.2/com.almasb.fxgl.app.Engine.loop(Engine.kt:134)
	at com.almasb.fxgl.all@17.2/com.almasb.fxgl.app.Engine.access$loop(Engine.kt:24)
	at com.almasb.fxgl.all@17.2/com.almasb.fxgl.app.Engine$loop$1.invoke(Engine.kt:28)
	at com.almasb.fxgl.all@17.2/com.almasb.fxgl.app.Engine$loop$1.invoke(Engine.kt:28)
	at com.almasb.fxgl.all@17.2/com.almasb.fxgl.app.LoopRunner.frame(LoopRunner.kt:103)
	at com.almasb.fxgl.all@17.2/com.almasb.fxgl.app.LoopRunner.access$frame(LoopRunner.kt:23)
	at com.almasb.fxgl.all@17.2/com.almasb.fxgl.app.LoopRunner$impl$2$1.onTick(LoopRunner.kt:57)
	at com.almasb.fxgl.all@17.2/com.almasb.fxgl.app.AnimationTimerLoop$timer$1.handle(LoopRunner.kt:137)
	at javafx.graphics@21-ea/javafx.animation.AnimationTimer$AnimationTimerReceiver.lambda$handle$0(AnimationTimer.java:58)
	at java.base/java.security.AccessController.doPrivileged(AccessController.java:400)
	at javafx.graphics@21-ea/javafx.animation.AnimationTimer$AnimationTimerReceiver.handle(AnimationTimer.java:57)
	at javafx.graphics@21-ea/com.sun.scenario.animation.AbstractPrimaryTimer.timePulseImpl(AbstractPrimaryTimer.java:356)
	at javafx.graphics@21-ea/com.sun.scenario.animation.AbstractPrimaryTimer$MainLoop.run(AbstractPrimaryTimer.java:266)
	at javafx.graphics@21-ea/com.sun.javafx.tk.quantum.QuantumToolkit.pulse(QuantumToolkit.java:588)
	at javafx.graphics@21-ea/com.sun.javafx.tk.quantum.QuantumToolkit.pulse(QuantumToolkit.java:572)
	at javafx.graphics@21-ea/com.sun.javafx.tk.quantum.QuantumToolkit.pulseFromQueue(QuantumToolkit.java:565)
	at javafx.graphics@21-ea/com.sun.javafx.tk.quantum.QuantumToolkit.lambda$runToolkit$11(QuantumToolkit.java:352)
	at javafx.graphics@21-ea/com.sun.glass.ui.InvokeLaterDispatcher$Future.run(InvokeLaterDispatcher.java:95)
	at javafx.graphics@21-ea/com.sun.glass.ui.win.WinApplication._runLoop(Native Method)
	at javafx.graphics@21-ea/com.sun.glass.ui.win.WinApplication.lambda$runLoop$3(WinApplication.java:185)
	at java.base/java.lang.Thread.run(Thread.java:1583)

08:40:13.644 [JavaFX Application Thread] FATAL FXGLApplication      - Application will now exit
08:40:13.698 [JavaFX Application Thread] DEBUG PrimaryStageWindow   - Push state: ErrorSubScene
08:40:13.698 [JavaFX Application Thread] DEBUG Input                - Clearing active input actions
08:40:13.716 [JavaFX Application Thread] DEBUG GameApplicationServi - Removing overlay from GameScene and adding to ErrorSubScene
08:40:13.717 [JavaFX Application Thread] DEBUG PrimaryStageWindow   - GameScene -> ErrorSubScene
08:40:16.264 [JavaFX Application Thread] DEBUG FXGLApplication      - Exiting FXGL
08:40:16.264 [JavaFX Application Thread] DEBUG Async                - Shutting down background threads
08:40:16.264 [JavaFX Application Thread] DEBUG PrimaryStageWindow   - Closing main window
08:40:16.278 [JavaFX Application Thread] DEBUG Logger               - Closing Logger
