09:26:15.024 [main                     ] DEBUG Logger               - Configured Logger
09:26:15.053 [main                     ] DEBUG GameApplication      - Logging settings
Title: Probando demoCuboApp
Version: 0.0
Width: 800
Height: 600
Fullscreen: false
Intro: false
Profiling: false
Single step:false
App Mode: DEVELOPER
Menu Key: ESCAPE
Stage Style: DECORATED
Scene Factory: class com.almasb.fxgl.app.scene.SceneFactory

09:26:15.365 [JavaFX Application Thread] DEBUG FXGLApplication      - Initializing FXGL
09:26:15.369 [JavaFX Application Thread] INFO  Engine               - FXGL-17.2 (20.08.2022 16.50) on WINDOWS (J:21.0.1 FX:21-ea)
09:26:15.369 [JavaFX Application Thread] DEBUG Engine               - JRE Vendor Name: Oracle Corporation
09:26:15.370 [JavaFX Application Thread] DEBUG Engine               - Running on OS: Windows 10 version 10.0
09:26:15.370 [JavaFX Application Thread] DEBUG Engine               - Architecture: amd64
09:26:15.370 [JavaFX Application Thread] INFO  Engine               - Source code and latest versions at: https://github.com/AlmasB/FXGL
09:26:15.370 [JavaFX Application Thread] INFO  Engine               -       Ask questions and discuss at: https://github.com/AlmasB/FXGL/discussions
09:26:15.370 [JavaFX Application Thread] INFO  Engine               -              Join the FXGL chat at: https://gitter.im/AlmasB/FXGL
09:26:15.462 [JavaFX Application Thread] DEBUG PrimaryStageWindow   - Creating a JavaFX scene
09:26:15.514 [JavaFX Application Thread] DEBUG PrimaryStageWindow   - Target settings size: 800.0 x 600.0
09:26:15.514 [JavaFX Application Thread] DEBUG PrimaryStageWindow   - Scaled scene size:    800.0 x 600.0
09:26:15.514 [JavaFX Application Thread] DEBUG PrimaryStageWindow   - Scaled ratio: (1.0, 1.0)
09:26:15.515 [JavaFX Application Thread] DEBUG PrimaryStageWindow   - Set initial scene to FXGLStartupScene
09:26:15.518 [JavaFX Application Thread] DEBUG PrimaryStageWindow   - Opening main window
09:26:15.618 [JavaFX Application Thread] DEBUG PrimaryStageWindow   - Window border size: (14.4000244140625, 37.5999755859375)
09:26:15.619 [JavaFX Application Thread] DEBUG PrimaryStageWindow   - Scaled size: 800.0 x 600.0
09:26:15.619 [JavaFX Application Thread] DEBUG PrimaryStageWindow   - Scaled ratio: (1.0, 1.0)
09:26:15.619 [JavaFX Application Thread] DEBUG PrimaryStageWindow   - Scene size: 800.0 x 600.0
09:26:15.620 [JavaFX Application Thread] DEBUG PrimaryStageWindow   - Stage size: 814.4000244140625 x 637.5999755859375
09:26:15.631 [FXGL Background Thread 1 ] DEBUG Engine               - Initializing environment variables
09:26:15.716 [FXGL Background Thread 1 ] DEBUG FXGLAssetLoaderServi - User app class for loading assets: class com.demo.fxgldemo.demoCuboApp
09:26:15.717 [FXGL Background Thread 1 ] DEBUG GameApplicationServi - Applying CSS: fxgl_dark.css
09:26:15.719 [FXGL Background Thread 1 ] DEBUG FXGLAssetLoaderServi - Loading from file system: jar:file:///C:/Users/Usuario/.m2/repository/com/github/almasb/fxgl/17.2/fxgl-17.2.jar!/fxglassets/ui/css/fxgl_dark.css
09:26:15.771 [FXGL Background Thread 1 ] DEBUG GameApplicationServi - Initializing application scenes
09:26:15.815 [FXGL Background Thread 1 ] DEBUG GameWorld            - Game world initialized
09:26:15.893 [FXGL Background Thread 1 ] DEBUG PhysicsWorld         - Physics world initialized: appHeight=600, physics.ppm=50,0
09:26:15.893 [FXGL Background Thread 1 ] DEBUG PhysicsWorld         - Using strategy: BRUTE_FORCE
09:26:15.899 [FXGL Background Thread 1 ] DEBUG GameScene            - Game scene initialized: 800x600
09:26:15.911 [FXGL Background Thread 1 ] DEBUG FXGL.DefaultMenu     - createMenuBodyGameMenu()
09:26:15.929 [FXGL Background Thread 1 ] DEBUG FXGL.DefaultMenu     - createOptionsMenu()
09:26:15.941 [FXGL Background Thread 1 ] DEBUG FXGLAssetLoaderServi - Loading from file system: jar:file:///C:/Users/Usuario/.m2/repository/com/github/almasb/fxgl/17.2/fxgl-17.2.jar!/fxglassets/textures/particles/smoke.png
09:26:16.036 [FXGL Background Thread 1 ] DEBUG FXGLAssetLoaderServi - Loading from file system: jar:file:///C:/Users/Usuario/.m2/repository/com/github/almasb/fxgl/17.2/fxgl-17.2.jar!/fxglassets/textures/particles/trace_horizontal.png
09:26:16.063 [FXGL Background Thread 1 ] DEBUG GameApplicationServi - Application scenes initialized
09:26:16.074 [FXGL Background Thread 1 ] DEBUG SystemBundleService  - Loading FXGL system data
09:26:16.078 [FXGL Background Thread 1 ] DEBUG FileSystemAccess     - Reading from: F:\Proyectos javafx\javafxgl\fxgl-demo\system\fxgl.bundle
09:26:16.090 [FXGL Background Thread 1 ] DEBUG SystemBundleService  - Bundle FXGL: {}
09:26:16.090 [FXGL Background Thread 1 ] DEBUG UpdaterService       - Checking for updates
09:26:16.095 [FXGL Background Thread 4 ] DEBUG FXGLApplication      - Loading fonts
09:26:16.095 [FXGL Background Thread 4 ] DEBUG FXGLAssetLoaderServi - Loading from file system: jar:file:///C:/Users/Usuario/.m2/repository/com/github/almasb/fxgl/17.2/fxgl-17.2.jar!/fxglassets/ui/fonts/VarelaRound-Regular.ttf
09:26:16.095 [FXGL Background Thread 1 ] DEBUG FXGLApplication      - Loading default localization
09:26:16.096 [FXGL Background Thread 1 ] DEBUG FXGLAssetLoaderServi - Loading from file system: jar:file:///C:/Users/Usuario/.m2/repository/com/github/almasb/fxgl/17.2/fxgl-17.2.jar!/fxglassets/languages/english.lang
09:26:16.128 [FXGL Background Thread 1 ] INFO  FXGLApplication      - FXGL initialization took: 0,496 sec
09:26:16.138 [FXGL Background Thread 4 ] DEBUG FXGLAssetLoaderServi - Loading from file system: jar:file:///C:/Users/Usuario/.m2/repository/com/github/almasb/fxgl/17.2/fxgl-17.2.jar!/fxglassets/ui/fonts/Abel-Regular.ttf
09:26:16.144 [JavaFX Application Thread] DEBUG Input                - Registered new binding: action0 - A
09:26:16.145 [JavaFX Application Thread] DEBUG Input                - Registered new binding: action1 - D
09:26:16.146 [JavaFX Application Thread] DEBUG Input                - Registered new binding: action2 - W
09:26:16.146 [JavaFX Application Thread] DEBUG Input                - Registered new binding: action3 - S
09:26:16.147 [JavaFX Application Thread] DEBUG Input                - Registered new binding: action4 - J
09:26:16.147 [JavaFX Application Thread] DEBUG Input                - Registered new binding: action5 - L
09:26:16.148 [JavaFX Application Thread] DEBUG Input                - Registered new binding: action6 - I
09:26:16.148 [JavaFX Application Thread] DEBUG Input                - Registered new binding: action7 - K
09:26:16.148 [FXGL Background Thread 4 ] DEBUG FXGLAssetLoaderServi - Loading from file system: jar:file:///C:/Users/Usuario/.m2/repository/com/github/almasb/fxgl/17.2/fxgl-17.2.jar!/fxglassets/ui/fonts/TerminalLandMono-Regular.otf
09:26:16.149 [JavaFX Application Thread] DEBUG FXGLAssetLoaderServi - Loading from file system: jar:file:///C:/Users/Usuario/.m2/repository/com/github/almasb/fxgl/17.2/fxgl-17.2.jar!/fxglassets/textures/fxgl_icon.png
09:26:16.159 [FXGL Background Thread 4 ] DEBUG FXGLAssetLoaderServi - Loading from file system: jar:file:///C:/Users/Usuario/.m2/repository/com/github/almasb/fxgl/17.2/fxgl-17.2.jar!/fxglassets/ui/fonts/Courier-Prime.ttf
09:26:16.172 [JavaFX Application Thread] DEBUG FXGLAssetLoaderServi - Loading from file system: jar:file:///C:/Users/Usuario/.m2/repository/com/github/almasb/fxgl/17.2/fxgl-17.2.jar!/fxglassets/textures/fxgl_default_cursor.png
09:26:16.175 [JavaFX Application Thread] DEBUG Input                - Registered new binding: Screenshot - CTRL+8
09:26:16.175 [JavaFX Application Thread] DEBUG Input                - Registered new binding: System info dump - CTRL+9
09:26:16.176 [JavaFX Application Thread] DEBUG Input                - Registered new binding: Restart - CTRL+R
09:26:16.176 [JavaFX Application Thread] DEBUG Input                - Registered new binding: Toggle Debug Camera - CTRL+7
09:26:16.179 [JavaFX Application Thread] DEBUG LoopRunner           - Starting loop
09:26:16.179 [JavaFX Application Thread] DEBUG LoopRunner           - Initializing JavaFX AnimationTimerLoop
09:26:16.181 [JavaFX Application Thread] DEBUG GameApplicationServi - Starting new game
09:26:16.182 [JavaFX Application Thread] DEBUG Input                - Clearing active input actions
09:26:16.195 [JavaFX Application Thread] DEBUG GameApplicationServi - Removing overlay from FXGLStartupScene and adding to FXGLLoadingScene
09:26:16.196 [JavaFX Application Thread] DEBUG PrimaryStageWindow   - FXGLStartupScene -> FXGLLoadingScene
09:26:16.196 [JavaFX Application Thread] DEBUG GameApplicationServi - Clearing previous game
09:26:16.196 [JavaFX Application Thread] DEBUG GameScene            - Clearing game scene
09:26:16.196 [JavaFX Application Thread] DEBUG GameWorld            - Clearing game world
09:26:16.196 [JavaFX Application Thread] DEBUG PhysicsWorld         - Clearing physics world
09:26:16.198 [JavaFX Application Thread] DEBUG FXGLApplication      - Registering font factories with UI factory
09:26:16.198 [FXGL Background Thread 4 ] DEBUG FXGLApplication      - Initializing game
09:26:16.212 [FXGL Background Thread 4 ] DEBUG FXGLAssetLoaderServi - Loading from file system: jar:file:///C:/Users/Usuario/.m2/repository/com/github/almasb/fxgl/17.2/fxgl-17.2.jar!/fxglassets/textures/
09:26:16.216 [FXGL Background Thread 4 ] WARN  FXGLAssetLoaderServi - Failed to load jar:file:///C:/Users/Usuario/.m2/repository/com/github/almasb/fxgl/17.2/fxgl-17.2.jar!/fxglassets/textures/
com.sun.javafx.iio.ImageStorageException: No loader for image data
	at javafx.graphics@21-ea/com.sun.javafx.iio.ImageStorage.loadAll(ImageStorage.java:398)
	at javafx.graphics@21-ea/com.sun.javafx.tk.quantum.PrismImageLoader2.loadAll(PrismImageLoader2.java:134)
	at javafx.graphics@21-ea/com.sun.javafx.tk.quantum.PrismImageLoader2.<init>(PrismImageLoader2.java:71)
	at javafx.graphics@21-ea/com.sun.javafx.tk.quantum.QuantumToolkit.loadImage(QuantumToolkit.java:804)
	at javafx.graphics@21-ea/javafx.scene.image.Image.loadImage(Image.java:1075)
	at javafx.graphics@21-ea/javafx.scene.image.Image.initialize(Image.java:821)
	at javafx.graphics@21-ea/javafx.scene.image.Image.<init>(Image.java:628)
	at com.almasb.fxgl.all@17.2/com.almasb.fxgl.app.services.ImageAssetLoader.load(FXGLAssetLoaderService.kt:641)
	at com.almasb.fxgl.all@17.2/com.almasb.fxgl.app.services.ImageAssetLoader.load(FXGLAssetLoaderService.kt:636)
	at com.almasb.fxgl.all@17.2/com.almasb.fxgl.app.services.AssetLoader.load(FXGLAssetLoaderService.kt:625)
	at com.almasb.fxgl.all@17.2/com.almasb.fxgl.app.services.FXGLAssetLoaderService.load(FXGLAssetLoaderService.kt:530)
	at com.almasb.fxgl.all@17.2/com.almasb.fxgl.app.services.FXGLAssetLoaderService.load(FXGLAssetLoaderService.kt:507)
	at com.almasb.fxgl.all@17.2/com.almasb.fxgl.app.services.FXGLAssetLoaderService.load(FXGLAssetLoaderService.kt:496)
	at com.almasb.fxgl.all@17.2/com.almasb.fxgl.app.services.FXGLAssetLoaderService.loadImage(FXGLAssetLoaderService.kt:166)
	at com.almasb.fxgl.all@17.2/com.almasb.fxgl.app.services.FXGLAssetLoaderService.loadTexture(FXGLAssetLoaderService.kt:125)
	at com.almasb.fxgl.all@17.2/com.almasb.fxgl.dsl.FXGL$Companion.texture(FXGL.kt:401)
	at com.almasb.fxgl.all@17.2/com.almasb.fxgl.dsl.EntityBuilder.view(EntityBuilder.kt:164)
	at com.demo.fxgldemo/com.demo.fxgldemo.factories.DemoFactory.newPlayerCubo(DemoFactory.java:72)
	at java.base/jdk.internal.reflect.DirectMethodHandleAccessor.invoke(DirectMethodHandleAccessor.java:103)
	at java.base/java.lang.reflect.Method.invoke(Method.java:580)
	at com.almasb.fxgl.core@17.2/com.almasb.fxgl.core.reflect.ReflectionUtils.call(ReflectionUtils.java:104)
	at com.almasb.fxgl.core@17.2/com.almasb.fxgl.core.reflect.ReflectionUtils.lambda$mapToFunction$3(ReflectionUtils.java:111)
	at com.almasb.fxgl.entity@17.2/com.almasb.fxgl.entity.GameWorld$create$2.invoke(GameWorld.kt:430)
	at com.almasb.fxgl.entity@17.2/com.almasb.fxgl.entity.GameWorld$create$2.invoke(GameWorld.kt:430)
	at com.almasb.fxgl.core@17.2/com.almasb.fxgl.core.util.DSLKt.tryCatchRoot(DSL.kt:34)
	at com.almasb.fxgl.entity@17.2/com.almasb.fxgl.entity.GameWorld.create(GameWorld.kt:430)
	at com.almasb.fxgl.entity@17.2/com.almasb.fxgl.entity.GameWorld.spawn(GameWorld.kt:396)
	at com.almasb.fxgl.entity@17.2/com.almasb.fxgl.entity.GameWorld.spawn(GameWorld.kt:384)
	at com.almasb.fxgl.all@17.2/com.almasb.fxgl.dsl.FXGL$Companion.spawn(FXGL.kt:557)
	at com.almasb.fxgl.all@17.2/com.almasb.fxgl.dsl.FXGL.spawn(FXGL.kt)
	at com.demo.fxgldemo/com.demo.fxgldemo.demoCuboApp.initGame(demoCuboApp.java:101)
	at com.almasb.fxgl.all@17.2/com.almasb.fxgl.app.FXGLApplication$InitAppTask.initGame(FXGLApplication.kt:339)
	at com.almasb.fxgl.all@17.2/com.almasb.fxgl.app.FXGLApplication$InitAppTask.call(FXGLApplication.kt:319)
	at com.almasb.fxgl.all@17.2/com.almasb.fxgl.app.FXGLApplication$InitAppTask.call(FXGLApplication.kt:311)
	at javafx.graphics@21-ea/javafx.concurrent.Task$TaskCallable.call(Task.java:1399)
	at java.base/java.util.concurrent.FutureTask.run(FutureTask.java:317)
	at java.base/java.util.concurrent.Executors$RunnableAdapter.call(Executors.java:572)
	at java.base/java.util.concurrent.FutureTask.run(FutureTask.java:317)
	at java.base/java.util.concurrent.ThreadPoolExecutor.runWorker(ThreadPoolExecutor.java:1144)
	at java.base/java.util.concurrent.ThreadPoolExecutor$Worker.run(ThreadPoolExecutor.java:642)
	at java.base/java.lang.Thread.run(Thread.java:1583)

09:26:16.376 [FXGL Background Thread 4 ] INFO  FXGLApplication      - Game initialization took: 0,178 sec
09:26:16.386 [JavaFX Application Thread] DEBUG Input                - Clearing active input actions
09:26:16.404 [JavaFX Application Thread] DEBUG GameApplicationServi - Removing overlay from FXGLLoadingScene and adding to GameScene
09:26:16.405 [JavaFX Application Thread] DEBUG PrimaryStageWindow   - FXGLLoadingScene -> GameScene
09:26:16.652 [FXGL Background Thread 2 ] INFO  UpdaterService       - Your current version:  17.2
09:26:16.653 [FXGL Background Thread 2 ] INFO  UpdaterService       - Latest stable version: 21
09:26:19.094 [FXGL Background Thread 3 ] DEBUG Engine               - Logging environment variables
09:26:19.096 [FXGL Background Thread 3 ] DEBUG Engine               - achievements: []
09:26:19.096 [FXGL Background Thread 3 ] DEBUG Engine               - actualHeight: 600.0
09:26:19.097 [FXGL Background Thread 3 ] DEBUG Engine               - actualHeightProperty: ReadOnlyDoubleProperty [value: 600.0]
09:26:19.097 [FXGL Background Thread 3 ] DEBUG Engine               - actualWidth: 800.0
09:26:19.097 [FXGL Background Thread 3 ] DEBUG Engine               - actualWidthProperty: ReadOnlyDoubleProperty [value: 800.0]
09:26:19.097 [FXGL Background Thread 3 ] DEBUG Engine               - appIcon: fxgl_icon.png
09:26:19.097 [FXGL Background Thread 3 ] DEBUG Engine               - applicationMode: DEVELOPER
09:26:19.097 [FXGL Background Thread 3 ] DEBUG Engine               - cSSList: [fxgl_dark.css]
09:26:19.097 [FXGL Background Thread 3 ] DEBUG Engine               - collisionDetectionStrategy: BRUTE_FORCE
09:26:19.097 [FXGL Background Thread 3 ] DEBUG Engine               - configClass: Optional.empty
09:26:19.097 [FXGL Background Thread 3 ] DEBUG Engine               - credits: []
09:26:19.097 [FXGL Background Thread 3 ] DEBUG Engine               - defaultCursor: CursorInfo(imageName=fxgl_default_cursor.png, hotspotX=7.0, hotspotY=6.0)
09:26:19.098 [FXGL Background Thread 3 ] DEBUG Engine               - devBBoxColorProperty: ObjectProperty [value: 0xff0000ff]
09:26:19.098 [JavaFX Application Thread] DEBUG FXGLApplication      - Exiting FXGL
09:26:19.098 [JavaFX Application Thread] DEBUG LoopRunner           - Stopping loop
09:26:19.098 [FXGL Background Thread 3 ] DEBUG Engine               - devEnableDebugCameraProperty: BooleanProperty [value: false]
09:26:19.098 [JavaFX Application Thread] DEBUG SystemBundleService  - Saving FXGL system data
09:26:19.098 [FXGL Background Thread 3 ] DEBUG Engine               - devSensorColorProperty: ObjectProperty [value: 0xffff00ff]
09:26:19.098 [FXGL Background Thread 3 ] DEBUG Engine               - devShowBBoxProperty: BooleanProperty [value: false]
09:26:19.098 [FXGL Background Thread 3 ] DEBUG Engine               - devShowPositionProperty: BooleanProperty [value: false]
09:26:19.098 [FXGL Background Thread 3 ] DEBUG Engine               - enabledMenuItems: []
09:26:19.098 [FXGL Background Thread 3 ] DEBUG Engine               - engineServices: [class com.almasb.fxgl.app.services.FXGLAssetLoaderService, class com.almasb.fxgl.app.FXGLApplication$GameApplicationService, class com.almasb.fxgl.app.services.FXGLDialogService, class com.almasb.fxgl.app.services.IOTaskExecutorService, class com.almasb.fxgl.io.FileSystemService, class com.almasb.fxgl.localization.LocalizationService, class com.almasb.fxgl.app.services.SystemBundleService, class com.almasb.fxgl.profile.SaveLoadService, class com.almasb.fxgl.ui.FXGLUIFactoryServiceProvider, class com.almasb.fxgl.ui.FXGLDialogFactoryServiceProvider, class com.almasb.fxgl.audio.AudioPlayer, class com.almasb.fxgl.notification.impl.NotificationServiceProvider, class com.almasb.fxgl.achievement.AchievementService, class com.almasb.fxgl.cutscene.CutsceneService, class com.almasb.fxgl.minigames.MiniGameService, class com.almasb.fxgl.net.NetService, class com.almasb.fxgl.app.services.UpdaterService, class com.almasb.fxgl.dev.DevService]
09:26:19.098 [FXGL Background Thread 3 ] DEBUG Engine               - fontGame: Abel-Regular.ttf
09:26:19.098 [FXGL Background Thread 3 ] DEBUG Engine               - fontMono: TerminalLandMono-Regular.otf
09:26:19.098 [FXGL Background Thread 3 ] DEBUG Engine               - fontText: Courier-Prime.ttf
09:26:19.098 [FXGL Background Thread 3 ] DEBUG Engine               - fontUI: VarelaRound-Regular.ttf
09:26:19.098 [FXGL Background Thread 3 ] DEBUG Engine               - fullScreen: BooleanProperty [value: false]
09:26:19.098 [FXGL Background Thread 3 ] DEBUG Engine               - gameDifficulty: MEDIUM
09:26:19.098 [FXGL Background Thread 3 ] DEBUG Engine               - gameDifficultyProperty: ObjectProperty [value: MEDIUM]
09:26:19.098 [FXGL Background Thread 3 ] DEBUG Engine               - globalMusicVolume: 0.5
09:26:19.098 [FXGL Background Thread 3 ] DEBUG Engine               - globalMusicVolumeProperty: DoubleProperty [value: 0.5]
09:26:19.099 [FXGL Background Thread 3 ] DEBUG Engine               - globalSoundVolume: 0.5
09:26:19.099 [FXGL Background Thread 3 ] DEBUG Engine               - globalSoundVolumeProperty: DoubleProperty [value: 0.5]
09:26:19.099 [FXGL Background Thread 3 ] DEBUG Engine               - height: 600
09:26:19.099 [FXGL Background Thread 3 ] DEBUG Engine               - is3D: false
09:26:19.099 [FXGL Background Thread 3 ] DEBUG Engine               - isAndroid: false
09:26:19.099 [FXGL Background Thread 3 ] DEBUG Engine               - isBrowser: false
09:26:19.099 [FXGL Background Thread 3 ] DEBUG Engine               - isClickFeedbackEnabled: false
09:26:19.099 [FXGL Background Thread 3 ] DEBUG Engine               - isCloseConfirmation: false
09:26:19.099 [FXGL Background Thread 3 ] DEBUG Engine               - isDesktop: true
09:26:19.099 [FXGL Background Thread 3 ] DEBUG Engine               - isDeveloperMenuEnabled: false
09:26:19.099 [FXGL Background Thread 3 ] DEBUG Engine               - isEmbedded: false
09:26:19.099 [FXGL Background Thread 3 ] DEBUG Engine               - isEntityPreloadEnabled: true
09:26:19.099 [FXGL Background Thread 3 ] DEBUG Engine               - isExperimentalTiledLargeMap: false
09:26:19.099 [FXGL Background Thread 3 ] DEBUG Engine               - isFileSystemWriteAllowed: true
09:26:19.099 [FXGL Background Thread 3 ] DEBUG Engine               - isFullScreenAllowed: false
09:26:19.100 [FXGL Background Thread 3 ] DEBUG Engine               - isFullScreenFromStart: false
09:26:19.100 [FXGL Background Thread 3 ] DEBUG Engine               - isGameMenuEnabled: true
09:26:19.100 [JavaFX Application Thread] DEBUG FileSystemAccess     - Writing to: F:\Proyectos javafx\javafxgl\fxgl-demo\system\fxgl.bundle
09:26:19.100 [FXGL Background Thread 3 ] DEBUG Engine               - isIOS: false
09:26:19.100 [FXGL Background Thread 3 ] DEBUG Engine               - isIntroEnabled: false
09:26:19.100 [FXGL Background Thread 3 ] DEBUG Engine               - isLinux: false
09:26:19.100 [FXGL Background Thread 3 ] DEBUG Engine               - isMac: false
09:26:19.100 [FXGL Background Thread 3 ] DEBUG Engine               - isMainMenuEnabled: false
09:26:19.100 [FXGL Background Thread 3 ] DEBUG Engine               - isManualResizeEnabled: false
09:26:19.100 [FXGL Background Thread 3 ] DEBUG Engine               - isMobile: false
09:26:19.100 [FXGL Background Thread 3 ] DEBUG Engine               - isNative: false
09:26:19.100 [FXGL Background Thread 3 ] DEBUG Engine               - isPauseMusicWhenMinimized: true
09:26:19.100 [FXGL Background Thread 3 ] DEBUG Engine               - isPreserveResizeRatio: false
09:26:19.100 [FXGL Background Thread 3 ] DEBUG Engine               - isProfilingEnabled: false
09:26:19.100 [FXGL Background Thread 3 ] DEBUG Engine               - isScaleAffectedOnResize: true
09:26:19.100 [FXGL Background Thread 3 ] DEBUG Engine               - isSingleStep: false
09:26:19.100 [FXGL Background Thread 3 ] DEBUG Engine               - isUserProfileEnabled: false
09:26:19.100 [FXGL Background Thread 3 ] DEBUG Engine               - isWindows: true
09:26:19.100 [FXGL Background Thread 3 ] DEBUG Engine               - language: ObjectProperty [value: ENGLISH]
09:26:19.100 [FXGL Background Thread 3 ] DEBUG Engine               - menuKey: ESCAPE
09:26:19.101 [FXGL Background Thread 3 ] DEBUG Engine               - mouseSensitivity: 0.2
09:26:19.101 [FXGL Background Thread 3 ] DEBUG Engine               - notificationViewClass: class com.almasb.fxgl.notification.view.XboxNotificationView
09:26:19.101 [FXGL Background Thread 3 ] DEBUG Engine               - pixelsPerMeter: 50.0
09:26:19.101 [FXGL Background Thread 3 ] DEBUG Engine               - platform: WINDOWS
09:26:19.101 [FXGL Background Thread 3 ] DEBUG Engine               - prefHeightProperty: ReadOnlyDoubleProperty [value: 600.0]
09:26:19.101 [FXGL Background Thread 3 ] DEBUG Engine               - prefWidthProperty: ReadOnlyDoubleProperty [value: 800.0]
09:26:19.101 [FXGL Background Thread 3 ] DEBUG Engine               - profileDir: profiles/
09:26:19.101 [FXGL Background Thread 3 ] DEBUG Engine               - profileName: StringProperty [value: DEFAULT]
09:26:19.101 [FXGL Background Thread 3 ] DEBUG Engine               - randomSeed: -1
09:26:19.101 [FXGL Background Thread 3 ] DEBUG Engine               - runtimeInfo: RuntimeInfo(platform=WINDOWS, version=17.2, build=20.08.2022 16.50)
09:26:19.101 [FXGL Background Thread 3 ] DEBUG Engine               - saveFileExt: sav
09:26:19.101 [FXGL Background Thread 3 ] DEBUG Engine               - scaledHeightProp$fxgl: DoubleProperty [bound, value: 600.0]
09:26:19.101 [FXGL Background Thread 3 ] DEBUG Engine               - scaledWidthProp$fxgl: DoubleProperty [bound, value: 800.0]
09:26:19.101 [FXGL Background Thread 3 ] DEBUG Engine               - sceneFactory: com.almasb.fxgl.app.scene.SceneFactory@67354912
09:26:19.102 [FXGL Background Thread 3 ] DEBUG Engine               - secondsIn24h: 60
09:26:19.102 [JavaFX Application Thread] DEBUG Async                - Shutting down background threads
09:26:19.102 [FXGL Background Thread 3 ] DEBUG Engine               - soundMenuBack: menu/back.wav
09:26:19.102 [FXGL Background Thread 3 ] DEBUG Engine               - soundMenuPress: menu/press.wav
09:26:19.102 [JavaFX Application Thread] DEBUG PrimaryStageWindow   - Closing main window
09:26:19.102 [FXGL Background Thread 3 ] DEBUG Engine               - soundMenuSelect: menu/select.wav
09:26:19.102 [FXGL Background Thread 3 ] DEBUG Engine               - soundNotification: core/notification.wav
09:26:19.102 [FXGL Background Thread 3 ] DEBUG Engine               - stageStyle: DECORATED
09:26:19.102 [FXGL Background Thread 3 ] DEBUG Engine               - supportedLanguages: [ENGLISH, FRENCH, GERMAN, HUNGARIAN, RUSSIAN]
09:26:19.102 [FXGL Background Thread 3 ] DEBUG Engine               - ticksPerSecond: -1
09:26:19.102 [FXGL Background Thread 3 ] DEBUG Engine               - title: Probando demoCuboApp
09:26:19.102 [FXGL Background Thread 3 ] DEBUG Engine               - urlGithub: https://github.com/AlmasB/FXGL
09:26:19.102 [FXGL Background Thread 3 ] DEBUG Engine               - urlLeaderboard: http://fxgl-top.herokuapp.com/
09:26:19.103 [FXGL Background Thread 3 ] DEBUG Engine               - urlPOM: https://raw.githubusercontent.com/AlmasB/FXGL/release/README.md
09:26:19.103 [FXGL Background Thread 3 ] DEBUG Engine               - userAppClass: class com.demo.fxgldemo.demoCuboApp
09:26:19.103 [FXGL Background Thread 3 ] DEBUG Engine               - version: 0.0
09:26:19.103 [FXGL Background Thread 3 ] DEBUG Engine               - versionCheckDays: 7
09:26:19.103 [FXGL Background Thread 3 ] DEBUG Engine               - width: 800
09:26:19.103 [FXGL Background Thread 3 ] DEBUG Engine               - Logging services
09:26:19.103 [FXGL Background Thread 3 ] DEBUG Engine               - class com.almasb.fxgl.app.services.FXGLAssetLoaderService
09:26:19.103 [FXGL Background Thread 3 ] DEBUG Engine               - class com.almasb.fxgl.app.FXGLApplication$GameApplicationService
09:26:19.103 [FXGL Background Thread 3 ] DEBUG Engine               - class com.almasb.fxgl.app.services.FXGLDialogService
09:26:19.103 [FXGL Background Thread 3 ] DEBUG Engine               - class com.almasb.fxgl.app.services.IOTaskExecutorService
09:26:19.103 [FXGL Background Thread 3 ] DEBUG Engine               - class com.almasb.fxgl.io.FileSystemService
09:26:19.103 [FXGL Background Thread 3 ] DEBUG Engine               - class com.almasb.fxgl.localization.LocalizationService
09:26:19.103 [FXGL Background Thread 3 ] DEBUG Engine               - class com.almasb.fxgl.app.services.SystemBundleService
09:26:19.103 [FXGL Background Thread 3 ] DEBUG Engine               - class com.almasb.fxgl.profile.SaveLoadService
09:26:19.103 [FXGL Background Thread 3 ] DEBUG Engine               - class com.almasb.fxgl.ui.FXGLUIFactoryServiceProvider
09:26:19.103 [FXGL Background Thread 3 ] DEBUG Engine               - class com.almasb.fxgl.ui.FXGLDialogFactoryServiceProvider
09:26:19.103 [FXGL Background Thread 3 ] DEBUG Engine               - class com.almasb.fxgl.audio.AudioPlayer
09:26:19.103 [FXGL Background Thread 3 ] DEBUG Engine               - class com.almasb.fxgl.notification.impl.NotificationServiceProvider
09:26:19.103 [FXGL Background Thread 3 ] DEBUG Engine               - class com.almasb.fxgl.achievement.AchievementService
09:26:19.103 [FXGL Background Thread 3 ] DEBUG Engine               - class com.almasb.fxgl.cutscene.CutsceneService
09:26:19.103 [FXGL Background Thread 3 ] DEBUG Engine               - class com.almasb.fxgl.minigames.MiniGameService
09:26:19.103 [FXGL Background Thread 3 ] DEBUG Engine               - class com.almasb.fxgl.net.NetService
09:26:19.103 [FXGL Background Thread 3 ] DEBUG Engine               - class com.almasb.fxgl.app.services.UpdaterService
09:26:19.104 [FXGL Background Thread 3 ] DEBUG Engine               - class com.almasb.fxgl.dev.DevService
09:26:19.121 [JavaFX Application Thread] DEBUG Logger               - Closing Logger
