08:39:45.949 [main                     ] DEBUG Logger               - Configured Logger
08:39:45.974 [main                     ] DEBUG GameApplication      - Logging settings
Title: Probando demoCuboApp
Version: 0.0
Width: 800
Height: 600
Fullscreen: false
Intro: false
Profiling: false
Single step:false
App Mode: DEVELOPER
Menu Key: ESCAPE
Stage Style: DECORATED
Scene Factory: class com.almasb.fxgl.app.scene.SceneFactory

08:39:46.265 [JavaFX Application Thread] DEBUG FXGLApplication      - Initializing FXGL
08:39:46.270 [JavaFX Application Thread] INFO  Engine               - FXGL-17.2 (20.08.2022 16.50) on WINDOWS (J:21.0.1 FX:21-ea)
08:39:46.270 [JavaFX Application Thread] DEBUG Engine               - JRE Vendor Name: Oracle Corporation
08:39:46.270 [JavaFX Application Thread] DEBUG Engine               - Running on OS: Windows 10 version 10.0
08:39:46.270 [JavaFX Application Thread] DEBUG Engine               - Architecture: amd64
08:39:46.270 [JavaFX Application Thread] INFO  Engine               - Source code and latest versions at: https://github.com/AlmasB/FXGL
08:39:46.271 [JavaFX Application Thread] INFO  Engine               -       Ask questions and discuss at: https://github.com/AlmasB/FXGL/discussions
08:39:46.271 [JavaFX Application Thread] INFO  Engine               -              Join the FXGL chat at: https://gitter.im/AlmasB/FXGL
08:39:46.365 [JavaFX Application Thread] DEBUG PrimaryStageWindow   - Creating a JavaFX scene
08:39:46.415 [JavaFX Application Thread] DEBUG PrimaryStageWindow   - Target settings size: 800.0 x 600.0
08:39:46.415 [JavaFX Application Thread] DEBUG PrimaryStageWindow   - Scaled scene size:    800.0 x 600.0
08:39:46.416 [JavaFX Application Thread] DEBUG PrimaryStageWindow   - Scaled ratio: (1.0, 1.0)
08:39:46.416 [JavaFX Application Thread] DEBUG PrimaryStageWindow   - Set initial scene to FXGLStartupScene
08:39:46.419 [JavaFX Application Thread] DEBUG PrimaryStageWindow   - Opening main window
08:39:46.516 [JavaFX Application Thread] DEBUG PrimaryStageWindow   - Window border size: (14.4000244140625, 37.5999755859375)
08:39:46.517 [JavaFX Application Thread] DEBUG PrimaryStageWindow   - Scaled size: 800.0 x 600.0
08:39:46.518 [JavaFX Application Thread] DEBUG PrimaryStageWindow   - Scaled ratio: (1.0, 1.0)
08:39:46.518 [JavaFX Application Thread] DEBUG PrimaryStageWindow   - Scene size: 800.0 x 600.0
08:39:46.519 [JavaFX Application Thread] DEBUG PrimaryStageWindow   - Stage size: 814.4000244140625 x 637.5999755859375
08:39:46.532 [FXGL Background Thread 1 ] DEBUG Engine               - Initializing environment variables
08:39:46.620 [FXGL Background Thread 1 ] DEBUG FXGLAssetLoaderServi - User app class for loading assets: class com.demo.fxgldemo.demoCuboApp
08:39:46.621 [FXGL Background Thread 1 ] DEBUG GameApplicationServi - Applying CSS: fxgl_dark.css
08:39:46.623 [FXGL Background Thread 1 ] DEBUG FXGLAssetLoaderServi - Loading from file system: jar:file:///C:/Users/Usuario/.m2/repository/com/github/almasb/fxgl/17.2/fxgl-17.2.jar!/fxglassets/ui/css/fxgl_dark.css
08:39:46.682 [FXGL Background Thread 1 ] DEBUG GameApplicationServi - Initializing application scenes
08:39:46.737 [FXGL Background Thread 1 ] DEBUG GameWorld            - Game world initialized
08:39:46.817 [FXGL Background Thread 1 ] DEBUG PhysicsWorld         - Physics world initialized: appHeight=600, physics.ppm=50,0
08:39:46.817 [FXGL Background Thread 1 ] DEBUG PhysicsWorld         - Using strategy: BRUTE_FORCE
08:39:46.822 [FXGL Background Thread 1 ] DEBUG GameScene            - Game scene initialized: 800x600
08:39:46.836 [FXGL Background Thread 1 ] DEBUG FXGL.DefaultMenu     - createMenuBodyGameMenu()
08:39:46.851 [FXGL Background Thread 1 ] DEBUG FXGL.DefaultMenu     - createOptionsMenu()
08:39:46.866 [FXGL Background Thread 1 ] DEBUG FXGLAssetLoaderServi - Loading from file system: jar:file:///C:/Users/Usuario/.m2/repository/com/github/almasb/fxgl/17.2/fxgl-17.2.jar!/fxglassets/textures/particles/smoke.png
08:39:46.967 [FXGL Background Thread 1 ] DEBUG FXGLAssetLoaderServi - Loading from file system: jar:file:///C:/Users/Usuario/.m2/repository/com/github/almasb/fxgl/17.2/fxgl-17.2.jar!/fxglassets/textures/particles/trace_horizontal.png
08:39:46.995 [FXGL Background Thread 1 ] DEBUG GameApplicationServi - Application scenes initialized
08:39:47.008 [FXGL Background Thread 1 ] DEBUG SystemBundleService  - Loading FXGL system data
08:39:47.012 [FXGL Background Thread 1 ] DEBUG FileSystemAccess     - Reading from: F:\Proyectos javafx\javafxgl\fxgl-demo\system\fxgl.bundle
08:39:47.021 [FXGL Background Thread 1 ] DEBUG SystemBundleService  - Bundle FXGL: {}
08:39:47.022 [FXGL Background Thread 1 ] DEBUG UpdaterService       - Checking for updates
08:39:47.027 [FXGL Background Thread 4 ] DEBUG FXGLApplication      - Loading fonts
08:39:47.028 [FXGL Background Thread 4 ] DEBUG FXGLAssetLoaderServi - Loading from file system: jar:file:///C:/Users/Usuario/.m2/repository/com/github/almasb/fxgl/17.2/fxgl-17.2.jar!/fxglassets/ui/fonts/VarelaRound-Regular.ttf
08:39:47.028 [FXGL Background Thread 1 ] DEBUG FXGLApplication      - Loading default localization
08:39:47.029 [FXGL Background Thread 1 ] DEBUG FXGLAssetLoaderServi - Loading from file system: jar:file:///C:/Users/Usuario/.m2/repository/com/github/almasb/fxgl/17.2/fxgl-17.2.jar!/fxglassets/languages/english.lang
08:39:47.057 [FXGL Background Thread 1 ] INFO  FXGLApplication      - FXGL initialization took: 0,525 sec
08:39:47.070 [FXGL Background Thread 4 ] DEBUG FXGLAssetLoaderServi - Loading from file system: jar:file:///C:/Users/Usuario/.m2/repository/com/github/almasb/fxgl/17.2/fxgl-17.2.jar!/fxglassets/ui/fonts/Abel-Regular.ttf
08:39:47.071 [JavaFX Application Thread] DEBUG Input                - Registered new binding: Left - A
08:39:47.071 [JavaFX Application Thread] DEBUG Input                - Registered new binding: Right - D
08:39:47.071 [JavaFX Application Thread] DEBUG FXGLAssetLoaderServi - Loading from file system: jar:file:///C:/Users/Usuario/.m2/repository/com/github/almasb/fxgl/17.2/fxgl-17.2.jar!/fxglassets/textures/fxgl_icon.png
08:39:47.082 [FXGL Background Thread 4 ] DEBUG FXGLAssetLoaderServi - Loading from file system: jar:file:///C:/Users/Usuario/.m2/repository/com/github/almasb/fxgl/17.2/fxgl-17.2.jar!/fxglassets/ui/fonts/TerminalLandMono-Regular.otf
08:39:47.093 [FXGL Background Thread 4 ] DEBUG FXGLAssetLoaderServi - Loading from file system: jar:file:///C:/Users/Usuario/.m2/repository/com/github/almasb/fxgl/17.2/fxgl-17.2.jar!/fxglassets/ui/fonts/Courier-Prime.ttf
08:39:47.098 [JavaFX Application Thread] DEBUG FXGLAssetLoaderServi - Loading from file system: jar:file:///C:/Users/Usuario/.m2/repository/com/github/almasb/fxgl/17.2/fxgl-17.2.jar!/fxglassets/textures/fxgl_default_cursor.png
08:39:47.100 [JavaFX Application Thread] DEBUG Input                - Registered new binding: Screenshot - CTRL+8
08:39:47.100 [JavaFX Application Thread] DEBUG Input                - Registered new binding: System info dump - CTRL+9
08:39:47.101 [JavaFX Application Thread] DEBUG Input                - Registered new binding: Restart - CTRL+R
08:39:47.101 [JavaFX Application Thread] DEBUG Input                - Registered new binding: Toggle Debug Camera - CTRL+7
08:39:47.104 [JavaFX Application Thread] DEBUG LoopRunner           - Starting loop
08:39:47.104 [JavaFX Application Thread] DEBUG LoopRunner           - Initializing JavaFX AnimationTimerLoop
08:39:47.106 [JavaFX Application Thread] DEBUG GameApplicationServi - Starting new game
08:39:47.107 [JavaFX Application Thread] DEBUG Input                - Clearing active input actions
08:39:47.123 [JavaFX Application Thread] DEBUG GameApplicationServi - Removing overlay from FXGLStartupScene and adding to FXGLLoadingScene
08:39:47.123 [JavaFX Application Thread] DEBUG PrimaryStageWindow   - FXGLStartupScene -> FXGLLoadingScene
08:39:47.123 [JavaFX Application Thread] DEBUG GameApplicationServi - Clearing previous game
08:39:47.123 [JavaFX Application Thread] DEBUG GameScene            - Clearing game scene
08:39:47.124 [JavaFX Application Thread] DEBUG GameWorld            - Clearing game world
08:39:47.124 [JavaFX Application Thread] DEBUG PhysicsWorld         - Clearing physics world
08:39:47.126 [FXGL Background Thread 4 ] DEBUG FXGLApplication      - Initializing game
08:39:47.175 [FXGL Background Thread 4 ] INFO  FXGLApplication      - Game initialization took: 0,049 sec
08:39:47.182 [JavaFX Application Thread] DEBUG FXGLApplication      - Registering font factories with UI factory
08:39:47.186 [JavaFX Application Thread] DEBUG Input                - Clearing active input actions
08:39:47.192 [JavaFX Application Thread] DEBUG GameApplicationServi - Removing overlay from FXGLLoadingScene and adding to GameScene
08:39:47.192 [JavaFX Application Thread] DEBUG PrimaryStageWindow   - FXGLLoadingScene -> GameScene
08:39:48.102 [FXGL Background Thread 2 ] INFO  UpdaterService       - Your current version:  17.2
08:39:48.102 [FXGL Background Thread 2 ] INFO  UpdaterService       - Latest stable version: 21
08:39:48.487 [JavaFX Application Thread] DEBUG LoopRunner           - Stopping loop
08:39:48.491 [JavaFX Application Thread] FATAL FXGLApplication      - Uncaught Exception:
java.lang.NullPointerException: Cannot invoke "com.almasb.fxgl.physics.PhysicsComponent.setVelocityX(double)" because "this.physics" is null
	at com.demo.fxgldemo/com.demo.fxgldemo.components.PlayerCuboComponent.left(PlayerCuboComponent.java:30)
	at com.demo.fxgldemo/com.demo.fxgldemo.demoCuboApp$1.onAction(demoCuboApp.java:48)
	at com.almasb.fxgl.core@17.2/com.almasb.fxgl.input.UserAction.action$fxgl_core(UserAction.kt:38)
	at com.almasb.fxgl.core@17.2/com.almasb.fxgl.input.Input.update(Input.kt:288)
	at com.almasb.fxgl.scene@17.2/com.almasb.fxgl.scene.Scene.update(Scene.kt:103)
	at com.almasb.fxgl.all@17.2/com.almasb.fxgl.app.MainWindow$update$1.invoke(MainWindow.kt:115)
	at com.almasb.fxgl.all@17.2/com.almasb.fxgl.app.MainWindow$update$1.invoke(MainWindow.kt:115)
	at com.almasb.fxgl.core@17.2/com.almasb.fxgl.core.fsm.StateMachine.runOnActiveStates(StateMachine.kt:69)
	at com.almasb.fxgl.all@17.2/com.almasb.fxgl.app.MainWindow.update(MainWindow.kt:115)
	at com.almasb.fxgl.all@17.2/com.almasb.fxgl.app.FXGLApplication$GameApplicationService.onUpdate(FXGLApplication.kt:426)
	at com.almasb.fxgl.all@17.2/com.almasb.fxgl.app.Engine.loop(Engine.kt:134)
	at com.almasb.fxgl.all@17.2/com.almasb.fxgl.app.Engine.access$loop(Engine.kt:24)
	at com.almasb.fxgl.all@17.2/com.almasb.fxgl.app.Engine$loop$1.invoke(Engine.kt:28)
	at com.almasb.fxgl.all@17.2/com.almasb.fxgl.app.Engine$loop$1.invoke(Engine.kt:28)
	at com.almasb.fxgl.all@17.2/com.almasb.fxgl.app.LoopRunner.frame(LoopRunner.kt:103)
	at com.almasb.fxgl.all@17.2/com.almasb.fxgl.app.LoopRunner.access$frame(LoopRunner.kt:23)
	at com.almasb.fxgl.all@17.2/com.almasb.fxgl.app.LoopRunner$impl$2$1.onTick(LoopRunner.kt:57)
	at com.almasb.fxgl.all@17.2/com.almasb.fxgl.app.AnimationTimerLoop$timer$1.handle(LoopRunner.kt:137)
	at javafx.graphics@21-ea/javafx.animation.AnimationTimer$AnimationTimerReceiver.lambda$handle$0(AnimationTimer.java:58)
	at java.base/java.security.AccessController.doPrivileged(AccessController.java:400)
	at javafx.graphics@21-ea/javafx.animation.AnimationTimer$AnimationTimerReceiver.handle(AnimationTimer.java:57)
	at javafx.graphics@21-ea/com.sun.scenario.animation.AbstractPrimaryTimer.timePulseImpl(AbstractPrimaryTimer.java:356)
	at javafx.graphics@21-ea/com.sun.scenario.animation.AbstractPrimaryTimer$MainLoop.run(AbstractPrimaryTimer.java:266)
	at javafx.graphics@21-ea/com.sun.javafx.tk.quantum.QuantumToolkit.pulse(QuantumToolkit.java:588)
	at javafx.graphics@21-ea/com.sun.javafx.tk.quantum.QuantumToolkit.pulse(QuantumToolkit.java:572)
	at javafx.graphics@21-ea/com.sun.javafx.tk.quantum.QuantumToolkit.pulseFromQueue(QuantumToolkit.java:565)
	at javafx.graphics@21-ea/com.sun.javafx.tk.quantum.QuantumToolkit.lambda$runToolkit$11(QuantumToolkit.java:352)
	at javafx.graphics@21-ea/com.sun.glass.ui.InvokeLaterDispatcher$Future.run(InvokeLaterDispatcher.java:95)
	at javafx.graphics@21-ea/com.sun.glass.ui.win.WinApplication._runLoop(Native Method)
	at javafx.graphics@21-ea/com.sun.glass.ui.win.WinApplication.lambda$runLoop$3(WinApplication.java:185)
	at java.base/java.lang.Thread.run(Thread.java:1583)

08:39:48.492 [JavaFX Application Thread] FATAL FXGLApplication      - Application will now exit
08:39:48.530 [JavaFX Application Thread] DEBUG PrimaryStageWindow   - Push state: ErrorSubScene
08:39:48.530 [JavaFX Application Thread] DEBUG Input                - Clearing active input actions
08:39:48.540 [JavaFX Application Thread] DEBUG GameApplicationServi - Removing overlay from GameScene and adding to ErrorSubScene
08:39:48.540 [JavaFX Application Thread] DEBUG PrimaryStageWindow   - GameScene -> ErrorSubScene
08:39:50.026 [FXGL Background Thread 3 ] DEBUG Engine               - Logging environment variables
08:39:50.028 [FXGL Background Thread 3 ] DEBUG Engine               - achievements: []
08:39:50.028 [FXGL Background Thread 3 ] DEBUG Engine               - actualHeight: 600.0
08:39:50.029 [FXGL Background Thread 3 ] DEBUG Engine               - actualHeightProperty: ReadOnlyDoubleProperty [value: 600.0]
08:39:50.029 [FXGL Background Thread 3 ] DEBUG Engine               - actualWidth: 800.0
08:39:50.029 [FXGL Background Thread 3 ] DEBUG Engine               - actualWidthProperty: ReadOnlyDoubleProperty [value: 800.0]
08:39:50.030 [FXGL Background Thread 3 ] DEBUG Engine               - appIcon: fxgl_icon.png
08:39:50.030 [FXGL Background Thread 3 ] DEBUG Engine               - applicationMode: DEVELOPER
08:39:50.030 [FXGL Background Thread 3 ] DEBUG Engine               - cSSList: [fxgl_dark.css]
08:39:50.030 [FXGL Background Thread 3 ] DEBUG Engine               - collisionDetectionStrategy: BRUTE_FORCE
08:39:50.031 [FXGL Background Thread 3 ] DEBUG Engine               - configClass: Optional.empty
08:39:50.031 [FXGL Background Thread 3 ] DEBUG Engine               - credits: []
08:39:50.032 [FXGL Background Thread 3 ] DEBUG Engine               - defaultCursor: CursorInfo(imageName=fxgl_default_cursor.png, hotspotX=7.0, hotspotY=6.0)
08:39:50.032 [FXGL Background Thread 3 ] DEBUG Engine               - devBBoxColorProperty: ObjectProperty [value: 0xff0000ff]
08:39:50.033 [FXGL Background Thread 3 ] DEBUG Engine               - devEnableDebugCameraProperty: BooleanProperty [value: false]
08:39:50.033 [FXGL Background Thread 3 ] DEBUG Engine               - devSensorColorProperty: ObjectProperty [value: 0xffff00ff]
08:39:50.034 [FXGL Background Thread 3 ] DEBUG Engine               - devShowBBoxProperty: BooleanProperty [value: false]
08:39:50.034 [FXGL Background Thread 3 ] DEBUG Engine               - devShowPositionProperty: BooleanProperty [value: false]
08:39:50.034 [FXGL Background Thread 3 ] DEBUG Engine               - enabledMenuItems: []
08:39:50.034 [FXGL Background Thread 3 ] DEBUG Engine               - engineServices: [class com.almasb.fxgl.app.services.FXGLAssetLoaderService, class com.almasb.fxgl.app.FXGLApplication$GameApplicationService, class com.almasb.fxgl.app.services.FXGLDialogService, class com.almasb.fxgl.app.services.IOTaskExecutorService, class com.almasb.fxgl.io.FileSystemService, class com.almasb.fxgl.localization.LocalizationService, class com.almasb.fxgl.app.services.SystemBundleService, class com.almasb.fxgl.profile.SaveLoadService, class com.almasb.fxgl.ui.FXGLUIFactoryServiceProvider, class com.almasb.fxgl.ui.FXGLDialogFactoryServiceProvider, class com.almasb.fxgl.audio.AudioPlayer, class com.almasb.fxgl.notification.impl.NotificationServiceProvider, class com.almasb.fxgl.achievement.AchievementService, class com.almasb.fxgl.cutscene.CutsceneService, class com.almasb.fxgl.minigames.MiniGameService, class com.almasb.fxgl.net.NetService, class com.almasb.fxgl.app.services.UpdaterService, class com.almasb.fxgl.dev.DevService]
08:39:50.035 [FXGL Background Thread 3 ] DEBUG Engine               - fontGame: Abel-Regular.ttf
08:39:50.035 [FXGL Background Thread 3 ] DEBUG Engine               - fontMono: TerminalLandMono-Regular.otf
08:39:50.035 [FXGL Background Thread 3 ] DEBUG Engine               - fontText: Courier-Prime.ttf
08:39:50.035 [FXGL Background Thread 3 ] DEBUG Engine               - fontUI: VarelaRound-Regular.ttf
08:39:50.035 [FXGL Background Thread 3 ] DEBUG Engine               - fullScreen: BooleanProperty [value: false]
08:39:50.036 [FXGL Background Thread 3 ] DEBUG Engine               - gameDifficulty: MEDIUM
08:39:50.036 [FXGL Background Thread 3 ] DEBUG Engine               - gameDifficultyProperty: ObjectProperty [value: MEDIUM]
08:39:50.036 [FXGL Background Thread 3 ] DEBUG Engine               - globalMusicVolume: 0.5
08:39:50.036 [FXGL Background Thread 3 ] DEBUG Engine               - globalMusicVolumeProperty: DoubleProperty [value: 0.5]
08:39:50.037 [FXGL Background Thread 3 ] DEBUG Engine               - globalSoundVolume: 0.5
08:39:50.037 [FXGL Background Thread 3 ] DEBUG Engine               - globalSoundVolumeProperty: DoubleProperty [value: 0.5]
08:39:50.037 [FXGL Background Thread 3 ] DEBUG Engine               - height: 600
08:39:50.037 [FXGL Background Thread 3 ] DEBUG Engine               - is3D: false
08:39:50.038 [FXGL Background Thread 3 ] DEBUG Engine               - isAndroid: false
08:39:50.038 [FXGL Background Thread 3 ] DEBUG Engine               - isBrowser: false
08:39:50.038 [FXGL Background Thread 3 ] DEBUG Engine               - isClickFeedbackEnabled: false
08:39:50.038 [FXGL Background Thread 3 ] DEBUG Engine               - isCloseConfirmation: false
08:39:50.038 [FXGL Background Thread 3 ] DEBUG Engine               - isDesktop: true
08:39:50.039 [FXGL Background Thread 3 ] DEBUG Engine               - isDeveloperMenuEnabled: false
08:39:50.039 [FXGL Background Thread 3 ] DEBUG Engine               - isEmbedded: false
08:39:50.039 [FXGL Background Thread 3 ] DEBUG Engine               - isEntityPreloadEnabled: true
08:39:50.039 [FXGL Background Thread 3 ] DEBUG Engine               - isExperimentalTiledLargeMap: false
08:39:50.039 [FXGL Background Thread 3 ] DEBUG Engine               - isFileSystemWriteAllowed: true
08:39:50.040 [FXGL Background Thread 3 ] DEBUG Engine               - isFullScreenAllowed: false
08:39:50.040 [FXGL Background Thread 3 ] DEBUG Engine               - isFullScreenFromStart: false
08:39:50.040 [FXGL Background Thread 3 ] DEBUG Engine               - isGameMenuEnabled: true
08:39:50.040 [FXGL Background Thread 3 ] DEBUG Engine               - isIOS: false
08:39:50.041 [FXGL Background Thread 3 ] DEBUG Engine               - isIntroEnabled: false
08:39:50.041 [FXGL Background Thread 3 ] DEBUG Engine               - isLinux: false
08:39:50.041 [FXGL Background Thread 3 ] DEBUG Engine               - isMac: false
08:39:50.041 [FXGL Background Thread 3 ] DEBUG Engine               - isMainMenuEnabled: false
08:39:50.042 [FXGL Background Thread 3 ] DEBUG Engine               - isManualResizeEnabled: false
08:39:50.042 [FXGL Background Thread 3 ] DEBUG Engine               - isMobile: false
08:39:50.042 [FXGL Background Thread 3 ] DEBUG Engine               - isNative: false
08:39:50.042 [FXGL Background Thread 3 ] DEBUG Engine               - isPauseMusicWhenMinimized: true
08:39:50.042 [FXGL Background Thread 3 ] DEBUG Engine               - isPreserveResizeRatio: false
08:39:50.043 [FXGL Background Thread 3 ] DEBUG Engine               - isProfilingEnabled: false
08:39:50.043 [FXGL Background Thread 3 ] DEBUG Engine               - isScaleAffectedOnResize: true
08:39:50.043 [FXGL Background Thread 3 ] DEBUG Engine               - isSingleStep: false
08:39:50.043 [FXGL Background Thread 3 ] DEBUG Engine               - isUserProfileEnabled: false
08:39:50.043 [FXGL Background Thread 3 ] DEBUG Engine               - isWindows: true
08:39:50.044 [FXGL Background Thread 3 ] DEBUG Engine               - language: ObjectProperty [value: ENGLISH]
08:39:50.044 [FXGL Background Thread 3 ] DEBUG Engine               - menuKey: ESCAPE
08:39:50.044 [FXGL Background Thread 3 ] DEBUG Engine               - mouseSensitivity: 0.2
08:39:50.044 [FXGL Background Thread 3 ] DEBUG Engine               - notificationViewClass: class com.almasb.fxgl.notification.view.XboxNotificationView
08:39:50.044 [FXGL Background Thread 3 ] DEBUG Engine               - pixelsPerMeter: 50.0
08:39:50.044 [FXGL Background Thread 3 ] DEBUG Engine               - platform: WINDOWS
08:39:50.045 [FXGL Background Thread 3 ] DEBUG Engine               - prefHeightProperty: ReadOnlyDoubleProperty [value: 600.0]
08:39:50.045 [FXGL Background Thread 3 ] DEBUG Engine               - prefWidthProperty: ReadOnlyDoubleProperty [value: 800.0]
08:39:50.045 [FXGL Background Thread 3 ] DEBUG Engine               - profileDir: profiles/
08:39:50.045 [FXGL Background Thread 3 ] DEBUG Engine               - profileName: StringProperty [value: DEFAULT]
08:39:50.045 [FXGL Background Thread 3 ] DEBUG Engine               - randomSeed: -1
08:39:50.046 [FXGL Background Thread 3 ] DEBUG Engine               - runtimeInfo: RuntimeInfo(platform=WINDOWS, version=17.2, build=20.08.2022 16.50)
08:39:50.046 [FXGL Background Thread 3 ] DEBUG Engine               - saveFileExt: sav
08:39:50.046 [FXGL Background Thread 3 ] DEBUG Engine               - scaledHeightProp$fxgl: DoubleProperty [bound, value: 600.0]
08:39:50.046 [FXGL Background Thread 3 ] DEBUG Engine               - scaledWidthProp$fxgl: DoubleProperty [bound, value: 800.0]
08:39:50.046 [FXGL Background Thread 3 ] DEBUG Engine               - sceneFactory: com.almasb.fxgl.app.scene.SceneFactory@cc8f897
08:39:50.047 [FXGL Background Thread 3 ] DEBUG Engine               - secondsIn24h: 60
08:39:50.047 [FXGL Background Thread 3 ] DEBUG Engine               - soundMenuBack: menu/back.wav
08:39:50.047 [FXGL Background Thread 3 ] DEBUG Engine               - soundMenuPress: menu/press.wav
08:39:50.047 [FXGL Background Thread 3 ] DEBUG Engine               - soundMenuSelect: menu/select.wav
08:39:50.047 [FXGL Background Thread 3 ] DEBUG Engine               - soundNotification: core/notification.wav
08:39:50.047 [FXGL Background Thread 3 ] DEBUG Engine               - stageStyle: DECORATED
08:39:50.047 [FXGL Background Thread 3 ] DEBUG Engine               - supportedLanguages: [ENGLISH, FRENCH, GERMAN, HUNGARIAN, RUSSIAN]
08:39:50.048 [FXGL Background Thread 3 ] DEBUG Engine               - ticksPerSecond: -1
08:39:50.048 [FXGL Background Thread 3 ] DEBUG Engine               - title: Probando demoCuboApp
08:39:50.048 [FXGL Background Thread 3 ] DEBUG Engine               - urlGithub: https://github.com/AlmasB/FXGL
08:39:50.048 [FXGL Background Thread 3 ] DEBUG Engine               - urlLeaderboard: http://fxgl-top.herokuapp.com/
08:39:50.048 [FXGL Background Thread 3 ] DEBUG Engine               - urlPOM: https://raw.githubusercontent.com/AlmasB/FXGL/release/README.md
08:39:50.048 [FXGL Background Thread 3 ] DEBUG Engine               - userAppClass: class com.demo.fxgldemo.demoCuboApp
08:39:50.049 [FXGL Background Thread 3 ] DEBUG Engine               - version: 0.0
08:39:50.049 [FXGL Background Thread 3 ] DEBUG Engine               - versionCheckDays: 7
08:39:50.049 [FXGL Background Thread 3 ] DEBUG Engine               - width: 800
08:39:50.049 [FXGL Background Thread 3 ] DEBUG Engine               - Logging services
08:39:50.049 [FXGL Background Thread 3 ] DEBUG Engine               - class com.almasb.fxgl.app.services.FXGLAssetLoaderService
08:39:50.049 [FXGL Background Thread 3 ] DEBUG Engine               - class com.almasb.fxgl.app.FXGLApplication$GameApplicationService
08:39:50.049 [FXGL Background Thread 3 ] DEBUG Engine               - class com.almasb.fxgl.app.services.FXGLDialogService
08:39:50.049 [FXGL Background Thread 3 ] DEBUG Engine               - class com.almasb.fxgl.app.services.IOTaskExecutorService
08:39:50.050 [FXGL Background Thread 3 ] DEBUG Engine               - class com.almasb.fxgl.io.FileSystemService
08:39:50.050 [FXGL Background Thread 3 ] DEBUG Engine               - class com.almasb.fxgl.localization.LocalizationService
08:39:50.050 [FXGL Background Thread 3 ] DEBUG Engine               - class com.almasb.fxgl.app.services.SystemBundleService
08:39:50.050 [FXGL Background Thread 3 ] DEBUG Engine               - class com.almasb.fxgl.profile.SaveLoadService
08:39:50.050 [FXGL Background Thread 3 ] DEBUG Engine               - class com.almasb.fxgl.ui.FXGLUIFactoryServiceProvider
08:39:50.050 [FXGL Background Thread 3 ] DEBUG Engine               - class com.almasb.fxgl.ui.FXGLDialogFactoryServiceProvider
08:39:50.050 [FXGL Background Thread 3 ] DEBUG Engine               - class com.almasb.fxgl.audio.AudioPlayer
08:39:50.050 [FXGL Background Thread 3 ] DEBUG Engine               - class com.almasb.fxgl.notification.impl.NotificationServiceProvider
08:39:50.051 [FXGL Background Thread 3 ] DEBUG Engine               - class com.almasb.fxgl.achievement.AchievementService
08:39:50.051 [FXGL Background Thread 3 ] DEBUG Engine               - class com.almasb.fxgl.cutscene.CutsceneService
08:39:50.051 [FXGL Background Thread 3 ] DEBUG Engine               - class com.almasb.fxgl.minigames.MiniGameService
08:39:50.051 [FXGL Background Thread 3 ] DEBUG Engine               - class com.almasb.fxgl.net.NetService
08:39:50.051 [FXGL Background Thread 3 ] DEBUG Engine               - class com.almasb.fxgl.app.services.UpdaterService
08:39:50.051 [FXGL Background Thread 3 ] DEBUG Engine               - class com.almasb.fxgl.dev.DevService
08:39:51.703 [JavaFX Application Thread] DEBUG FXGLApplication      - Exiting FXGL
08:39:51.704 [JavaFX Application Thread] DEBUG Async                - Shutting down background threads
08:39:51.704 [JavaFX Application Thread] DEBUG PrimaryStageWindow   - Closing main window
08:39:51.718 [JavaFX Application Thread] DEBUG Logger               - Closing Logger
