09:29:57.331 [main                     ] DEBUG Logger               - Configured Logger
09:29:57.357 [main                     ] DEBUG GameApplication      - Logging settings
Title: Demo Fac 1
Version: 0.0
Width: 1280
Height: 720
Fullscreen: false
Intro: false
Profiling: false
Single step:false
App Mode: DEVELOPER
Menu Key: ESCAPE
Stage Style: DECORATED
Scene Factory: class com.almasb.fxgl.app.scene.SceneFactory

09:29:58.064 [JavaFX Application Thread] DEBUG FXGLApplication      - Initializing FXGL
09:29:58.070 [JavaFX Application Thread] INFO  Engine               - FXGL-17.2 (20.08.2022 16.50) on WINDOWS (J:21.0.1 FX:21-ea)
09:29:58.070 [JavaFX Application Thread] DEBUG Engine               - JRE Vendor Name: Oracle Corporation
09:29:58.070 [JavaFX Application Thread] DEBUG Engine               - Running on OS: Windows 10 version 10.0
09:29:58.070 [JavaFX Application Thread] DEBUG Engine               - Architecture: amd64
09:29:58.070 [JavaFX Application Thread] INFO  Engine               - Source code and latest versions at: https://github.com/AlmasB/FXGL
09:29:58.070 [JavaFX Application Thread] INFO  Engine               -       Ask questions and discuss at: https://github.com/AlmasB/FXGL/discussions
09:29:58.071 [JavaFX Application Thread] INFO  Engine               -              Join the FXGL chat at: https://gitter.im/AlmasB/FXGL
09:29:58.175 [JavaFX Application Thread] DEBUG PrimaryStageWindow   - Creating a JavaFX scene
09:29:58.379 [JavaFX Application Thread] DEBUG PrimaryStageWindow   - Target settings size: 1280.0 x 720.0
09:29:58.379 [JavaFX Application Thread] DEBUG PrimaryStageWindow   - Scaled scene size:    1280.0 x 720.0
09:29:58.379 [JavaFX Application Thread] DEBUG PrimaryStageWindow   - Scaled ratio: (1.0, 1.0)
09:29:58.380 [JavaFX Application Thread] DEBUG PrimaryStageWindow   - Set initial scene to FXGLStartupScene
09:29:58.383 [JavaFX Application Thread] DEBUG PrimaryStageWindow   - Opening main window
09:29:58.497 [JavaFX Application Thread] DEBUG PrimaryStageWindow   - Window border size: (14.4000244140625, 37.5999755859375)
09:29:58.497 [JavaFX Application Thread] DEBUG PrimaryStageWindow   - Scaled size: 1280.0 x 720.0
09:29:58.498 [JavaFX Application Thread] DEBUG PrimaryStageWindow   - Scaled ratio: (1.0, 1.0)
09:29:58.498 [JavaFX Application Thread] DEBUG PrimaryStageWindow   - Scene size: 1280.0 x 720.0
09:29:58.498 [JavaFX Application Thread] DEBUG PrimaryStageWindow   - Stage size: 1294.4000244140625 x 757.5999755859375
09:29:58.516 [FXGL Background Thread 1 ] DEBUG Engine               - Initializing environment variables
09:29:58.590 [FXGL Background Thread 1 ] DEBUG FXGLAssetLoaderServi - User app class for loading assets: class com.demo.fxgldemo.demoApp
09:29:58.590 [FXGL Background Thread 1 ] DEBUG GameApplicationServi - Applying CSS: fxgl_dark.css
09:29:58.592 [FXGL Background Thread 1 ] DEBUG FXGLAssetLoaderServi - Loading from file system: jar:file:///C:/Users/Usuario/.m2/repository/com/github/almasb/fxgl/17.2/fxgl-17.2.jar!/fxglassets/ui/css/fxgl_dark.css
09:29:58.635 [FXGL Background Thread 1 ] DEBUG GameApplicationServi - Initializing application scenes
09:29:58.684 [FXGL Background Thread 1 ] DEBUG GameWorld            - Game world initialized
09:29:58.754 [FXGL Background Thread 1 ] DEBUG PhysicsWorld         - Physics world initialized: appHeight=720, physics.ppm=50,0
09:29:58.755 [FXGL Background Thread 1 ] DEBUG PhysicsWorld         - Using strategy: BRUTE_FORCE
09:29:58.762 [FXGL Background Thread 1 ] DEBUG GameScene            - Game scene initialized: 1280x720
09:29:58.778 [FXGL Background Thread 1 ] DEBUG FXGL.DefaultMenu     - createMenuBodyGameMenu()
09:29:58.797 [FXGL Background Thread 1 ] DEBUG FXGL.DefaultMenu     - createOptionsMenu()
09:29:58.808 [FXGL Background Thread 1 ] DEBUG FXGLAssetLoaderServi - Loading from file system: jar:file:///C:/Users/Usuario/.m2/repository/com/github/almasb/fxgl/17.2/fxgl-17.2.jar!/fxglassets/textures/particles/smoke.png
09:29:58.940 [FXGL Background Thread 1 ] DEBUG FXGLAssetLoaderServi - Loading from file system: jar:file:///C:/Users/Usuario/.m2/repository/com/github/almasb/fxgl/17.2/fxgl-17.2.jar!/fxglassets/textures/particles/trace_horizontal.png
09:29:58.975 [FXGL Background Thread 1 ] DEBUG GameApplicationServi - Application scenes initialized
09:29:58.987 [FXGL Background Thread 1 ] DEBUG SystemBundleService  - Loading FXGL system data
09:29:58.996 [FXGL Background Thread 1 ] DEBUG FileSystemAccess     - Reading from: F:\Proyectos javafx\javafxgl\fxgl-demo\system\fxgl.bundle
09:29:59.009 [FXGL Background Thread 1 ] DEBUG SystemBundleService  - Bundle FXGL: {}
09:29:59.009 [FXGL Background Thread 1 ] DEBUG UpdaterService       - Checking for updates
09:29:59.016 [FXGL Background Thread 4 ] DEBUG FXGLApplication      - Loading fonts
09:29:59.016 [FXGL Background Thread 4 ] DEBUG FXGLAssetLoaderServi - Loading from file system: jar:file:///C:/Users/Usuario/.m2/repository/com/github/almasb/fxgl/17.2/fxgl-17.2.jar!/fxglassets/ui/fonts/VarelaRound-Regular.ttf
09:29:59.017 [FXGL Background Thread 1 ] DEBUG FXGLApplication      - Loading default localization
09:29:59.017 [FXGL Background Thread 1 ] DEBUG FXGLAssetLoaderServi - Loading from file system: jar:file:///C:/Users/Usuario/.m2/repository/com/github/almasb/fxgl/17.2/fxgl-17.2.jar!/fxglassets/languages/english.lang
09:29:59.056 [FXGL Background Thread 1 ] INFO  FXGLApplication      - FXGL initialization took: 0,539 sec
09:29:59.064 [FXGL Background Thread 4 ] DEBUG FXGLAssetLoaderServi - Loading from file system: jar:file:///C:/Users/Usuario/.m2/repository/com/github/almasb/fxgl/17.2/fxgl-17.2.jar!/fxglassets/ui/fonts/Abel-Regular.ttf
09:29:59.067 [JavaFX Application Thread] DEBUG Input                - Registered new binding: Left - A
09:29:59.067 [JavaFX Application Thread] DEBUG Input                - Registered new binding: Right - D
09:29:59.067 [JavaFX Application Thread] DEBUG Input                - Registered new binding: Jump - W
09:29:59.068 [JavaFX Application Thread] WARN  FXGLAssetLoaderServi - Asset "/assets/textures/bf-asomado.png" was not found!
09:29:59.068 [JavaFX Application Thread] WARN  FXGLAssetLoaderServi - Failed to load IMAGE
09:29:59.079 [JavaFX Application Thread] DEBUG FXGLAssetLoaderServi - Loading from file system: jar:file:///C:/Users/Usuario/.m2/repository/com/github/almasb/fxgl/17.2/fxgl-17.2.jar!/fxglassets/textures/fxgl_default_cursor.png
09:29:59.082 [JavaFX Application Thread] DEBUG Input                - Registered new binding: Screenshot - CTRL+8
09:29:59.082 [JavaFX Application Thread] DEBUG Input                - Registered new binding: System info dump - CTRL+9
09:29:59.082 [JavaFX Application Thread] DEBUG Input                - Registered new binding: Restart - CTRL+R
09:29:59.083 [FXGL Background Thread 4 ] DEBUG FXGLAssetLoaderServi - Loading from file system: jar:file:///C:/Users/Usuario/.m2/repository/com/github/almasb/fxgl/17.2/fxgl-17.2.jar!/fxglassets/ui/fonts/TerminalLandMono-Regular.otf
09:29:59.083 [JavaFX Application Thread] DEBUG Input                - Registered new binding: Toggle Debug Camera - CTRL+7
09:29:59.085 [JavaFX Application Thread] DEBUG LoopRunner           - Starting loop
09:29:59.086 [JavaFX Application Thread] DEBUG LoopRunner           - Initializing JavaFX AnimationTimerLoop
09:29:59.088 [JavaFX Application Thread] DEBUG GameApplicationServi - Starting new game
09:29:59.088 [JavaFX Application Thread] DEBUG Input                - Clearing active input actions
09:29:59.102 [JavaFX Application Thread] DEBUG GameApplicationServi - Removing overlay from FXGLStartupScene and adding to FXGLLoadingScene
09:29:59.103 [JavaFX Application Thread] DEBUG PrimaryStageWindow   - FXGLStartupScene -> FXGLLoadingScene
09:29:59.103 [JavaFX Application Thread] DEBUG GameApplicationServi - Clearing previous game
09:29:59.103 [JavaFX Application Thread] DEBUG GameScene            - Clearing game scene
09:29:59.103 [JavaFX Application Thread] DEBUG GameWorld            - Clearing game world
09:29:59.104 [JavaFX Application Thread] DEBUG PhysicsWorld         - Clearing physics world
09:29:59.104 [FXGL Background Thread 4 ] DEBUG FXGLAssetLoaderServi - Loading from file system: jar:file:///C:/Users/Usuario/.m2/repository/com/github/almasb/fxgl/17.2/fxgl-17.2.jar!/fxglassets/ui/fonts/Courier-Prime.ttf
09:29:59.106 [FXGL Background Thread 1 ] DEBUG FXGLApplication      - Initializing game
09:29:59.160 [JavaFX Application Thread] DEBUG FXGLApplication      - Registering font factories with UI factory
09:29:59.173 [FXGL Background Thread 1 ] WARN  FXGLAssetLoaderServi - Asset "/assets/textures/player.png" was not found!
09:29:59.173 [FXGL Background Thread 1 ] WARN  FXGLAssetLoaderServi - Failed to load IMAGE
09:29:59.241 [JavaFX Application Thread] DEBUG LoopRunner           - Stopping loop
09:29:59.245 [JavaFX Application Thread] FATAL FXGLApplication      - Uncaught Exception:
java.lang.RuntimeException: Initialization failed
	at com.almasb.fxgl.all@17.2/com.almasb.fxgl.app.FXGLApplication$InitAppTask.failed(FXGLApplication.kt:343)
	at javafx.graphics@21-ea/javafx.concurrent.Task.setState(Task.java:710)
	at javafx.graphics@21-ea/javafx.concurrent.Task$TaskCallable.lambda$call$2(Task.java:1429)
	at javafx.graphics@21-ea/com.sun.javafx.application.PlatformImpl.lambda$runLater$10(PlatformImpl.java:456)
	at java.base/java.security.AccessController.doPrivileged(AccessController.java:400)
	at javafx.graphics@21-ea/com.sun.javafx.application.PlatformImpl.lambda$runLater$11(PlatformImpl.java:455)
	at javafx.graphics@21-ea/com.sun.glass.ui.InvokeLaterDispatcher$Future.run(InvokeLaterDispatcher.java:95)
	at javafx.graphics@21-ea/com.sun.glass.ui.win.WinApplication._runLoop(Native Method)
	at javafx.graphics@21-ea/com.sun.glass.ui.win.WinApplication.lambda$runLoop$3(WinApplication.java:185)
	at java.base/java.lang.Thread.run(Thread.java:1583)
Caused by: java.lang.NullPointerException: Cannot invoke "com.almasb.fxgl.physics.PhysicsComponent.onGroundProperty()" because "this.physics" is null
	at com.demo.fxgldemo/com.demo.fxgldemo.components.PlayerComponent.onAdded(PlayerComponent.java:69)
	at com.almasb.fxgl.entity@17.2/com.almasb.fxgl.entity.Entity.addComponentNoChecks(Entity.java:401)
	at com.almasb.fxgl.entity@17.2/com.almasb.fxgl.entity.Entity.addComponent(Entity.java:393)
	at com.almasb.fxgl.all@17.2/com.almasb.fxgl.dsl.EntityBuilder.with(EntityBuilder.kt:202)
	at com.demo.fxgldemo/com.demo.fxgldemo.factories.DemoFactory.newPlayer(DemoFactory.java:57)
	at java.base/jdk.internal.reflect.DirectMethodHandleAccessor.invoke(DirectMethodHandleAccessor.java:103)
	at java.base/java.lang.reflect.Method.invoke(Method.java:580)
	at com.almasb.fxgl.core@17.2/com.almasb.fxgl.core.reflect.ReflectionUtils.call(ReflectionUtils.java:104)
	at com.almasb.fxgl.core@17.2/com.almasb.fxgl.core.reflect.ReflectionUtils.lambda$mapToFunction$3(ReflectionUtils.java:111)
	at com.almasb.fxgl.entity@17.2/com.almasb.fxgl.entity.GameWorld$create$2.invoke(GameWorld.kt:430)
	at com.almasb.fxgl.entity@17.2/com.almasb.fxgl.entity.GameWorld$create$2.invoke(GameWorld.kt:430)
	at com.almasb.fxgl.core@17.2/com.almasb.fxgl.core.util.DSLKt.tryCatchRoot(DSL.kt:34)
	at com.almasb.fxgl.entity@17.2/com.almasb.fxgl.entity.GameWorld.create(GameWorld.kt:430)
	at com.almasb.fxgl.entity@17.2/com.almasb.fxgl.entity.GameWorld.spawn(GameWorld.kt:396)
	at com.almasb.fxgl.entity@17.2/com.almasb.fxgl.entity.GameWorld.spawn(GameWorld.kt:384)
	at com.almasb.fxgl.all@17.2/com.almasb.fxgl.dsl.FXGL$Companion.spawn(FXGL.kt:557)
	at com.almasb.fxgl.all@17.2/com.almasb.fxgl.dsl.FXGL.spawn(FXGL.kt)
	at com.demo.fxgldemo/com.demo.fxgldemo.demoApp.initGame(demoApp.java:95)
	at com.almasb.fxgl.all@17.2/com.almasb.fxgl.app.FXGLApplication$InitAppTask.initGame(FXGLApplication.kt:339)
	at com.almasb.fxgl.all@17.2/com.almasb.fxgl.app.FXGLApplication$InitAppTask.call(FXGLApplication.kt:319)
	at com.almasb.fxgl.all@17.2/com.almasb.fxgl.app.FXGLApplication$InitAppTask.call(FXGLApplication.kt:311)
	at javafx.graphics@21-ea/javafx.concurrent.Task$TaskCallable.call(Task.java:1399)
	at java.base/java.util.concurrent.FutureTask.run(FutureTask.java:317)
	at java.base/java.util.concurrent.Executors$RunnableAdapter.call(Executors.java:572)
	at java.base/java.util.concurrent.FutureTask.run(FutureTask.java:317)
	at java.base/java.util.concurrent.ThreadPoolExecutor.runWorker(ThreadPoolExecutor.java:1144)
	at java.base/java.util.concurrent.ThreadPoolExecutor$Worker.run(ThreadPoolExecutor.java:642)
	... 1 more

09:29:59.246 [JavaFX Application Thread] FATAL FXGLApplication      - Application will now exit
09:29:59.275 [JavaFX Application Thread] DEBUG PrimaryStageWindow   - Push state: ErrorSubScene
09:29:59.276 [JavaFX Application Thread] DEBUG Input                - Clearing active input actions
09:29:59.285 [JavaFX Application Thread] DEBUG GameApplicationServi - Removing overlay from FXGLLoadingScene and adding to ErrorSubScene
09:29:59.286 [JavaFX Application Thread] DEBUG PrimaryStageWindow   - FXGLLoadingScene -> ErrorSubScene
09:30:00.376 [FXGL Background Thread 2 ] INFO  UpdaterService       - Your current version:  17.2
09:30:00.377 [FXGL Background Thread 2 ] INFO  UpdaterService       - Latest stable version: 21
09:30:02.013 [FXGL Background Thread 3 ] DEBUG Engine               - Logging environment variables
09:30:02.013 [FXGL Background Thread 3 ] DEBUG Engine               - achievements: []
09:30:02.013 [FXGL Background Thread 3 ] DEBUG Engine               - actualHeight: 720.0
09:30:02.013 [FXGL Background Thread 3 ] DEBUG Engine               - actualHeightProperty: ReadOnlyDoubleProperty [value: 720.0]
09:30:02.013 [FXGL Background Thread 3 ] DEBUG Engine               - actualWidth: 1280.0
09:30:02.014 [FXGL Background Thread 3 ] DEBUG Engine               - actualWidthProperty: ReadOnlyDoubleProperty [value: 1280.0]
09:30:02.014 [FXGL Background Thread 3 ] DEBUG Engine               - appIcon: bf-asomado.png
09:30:02.014 [FXGL Background Thread 3 ] DEBUG Engine               - applicationMode: DEVELOPER
09:30:02.014 [FXGL Background Thread 3 ] DEBUG Engine               - cSSList: [fxgl_dark.css]
09:30:02.014 [FXGL Background Thread 3 ] DEBUG Engine               - collisionDetectionStrategy: BRUTE_FORCE
09:30:02.014 [FXGL Background Thread 3 ] DEBUG Engine               - configClass: Optional.empty
09:30:02.014 [FXGL Background Thread 3 ] DEBUG Engine               - credits: []
09:30:02.014 [FXGL Background Thread 3 ] DEBUG Engine               - defaultCursor: CursorInfo(imageName=fxgl_default_cursor.png, hotspotX=7.0, hotspotY=6.0)
09:30:02.014 [FXGL Background Thread 3 ] DEBUG Engine               - devBBoxColorProperty: ObjectProperty [value: 0xff0000ff]
09:30:02.014 [FXGL Background Thread 3 ] DEBUG Engine               - devEnableDebugCameraProperty: BooleanProperty [value: false]
09:30:02.014 [FXGL Background Thread 3 ] DEBUG Engine               - devSensorColorProperty: ObjectProperty [value: 0xffff00ff]
09:30:02.015 [FXGL Background Thread 3 ] DEBUG Engine               - devShowBBoxProperty: BooleanProperty [value: false]
09:30:02.015 [FXGL Background Thread 3 ] DEBUG Engine               - devShowPositionProperty: BooleanProperty [value: false]
09:30:02.015 [FXGL Background Thread 3 ] DEBUG Engine               - enabledMenuItems: []
09:30:02.015 [FXGL Background Thread 3 ] DEBUG Engine               - engineServices: [class com.almasb.fxgl.app.services.FXGLAssetLoaderService, class com.almasb.fxgl.app.FXGLApplication$GameApplicationService, class com.almasb.fxgl.app.services.FXGLDialogService, class com.almasb.fxgl.app.services.IOTaskExecutorService, class com.almasb.fxgl.io.FileSystemService, class com.almasb.fxgl.localization.LocalizationService, class com.almasb.fxgl.app.services.SystemBundleService, class com.almasb.fxgl.profile.SaveLoadService, class com.almasb.fxgl.ui.FXGLUIFactoryServiceProvider, class com.almasb.fxgl.ui.FXGLDialogFactoryServiceProvider, class com.almasb.fxgl.audio.AudioPlayer, class com.almasb.fxgl.notification.impl.NotificationServiceProvider, class com.almasb.fxgl.achievement.AchievementService, class com.almasb.fxgl.cutscene.CutsceneService, class com.almasb.fxgl.minigames.MiniGameService, class com.almasb.fxgl.net.NetService, class com.almasb.fxgl.app.services.UpdaterService, class com.almasb.fxgl.dev.DevService]
09:30:02.015 [FXGL Background Thread 3 ] DEBUG Engine               - fontGame: Abel-Regular.ttf
09:30:02.015 [FXGL Background Thread 3 ] DEBUG Engine               - fontMono: TerminalLandMono-Regular.otf
09:30:02.015 [FXGL Background Thread 3 ] DEBUG Engine               - fontText: Courier-Prime.ttf
09:30:02.015 [FXGL Background Thread 3 ] DEBUG Engine               - fontUI: VarelaRound-Regular.ttf
09:30:02.015 [FXGL Background Thread 3 ] DEBUG Engine               - fullScreen: BooleanProperty [value: false]
09:30:02.015 [FXGL Background Thread 3 ] DEBUG Engine               - gameDifficulty: MEDIUM
09:30:02.015 [FXGL Background Thread 3 ] DEBUG Engine               - gameDifficultyProperty: ObjectProperty [value: MEDIUM]
09:30:02.015 [FXGL Background Thread 3 ] DEBUG Engine               - globalMusicVolume: 0.5
09:30:02.015 [FXGL Background Thread 3 ] DEBUG Engine               - globalMusicVolumeProperty: DoubleProperty [value: 0.5]
09:30:02.015 [FXGL Background Thread 3 ] DEBUG Engine               - globalSoundVolume: 0.5
09:30:02.015 [FXGL Background Thread 3 ] DEBUG Engine               - globalSoundVolumeProperty: DoubleProperty [value: 0.5]
09:30:02.015 [FXGL Background Thread 3 ] DEBUG Engine               - height: 720
09:30:02.016 [FXGL Background Thread 3 ] DEBUG Engine               - is3D: false
09:30:02.016 [FXGL Background Thread 3 ] DEBUG Engine               - isAndroid: false
09:30:02.016 [FXGL Background Thread 3 ] DEBUG Engine               - isBrowser: false
09:30:02.016 [FXGL Background Thread 3 ] DEBUG Engine               - isClickFeedbackEnabled: false
09:30:02.016 [FXGL Background Thread 3 ] DEBUG Engine               - isCloseConfirmation: false
09:30:02.016 [FXGL Background Thread 3 ] DEBUG Engine               - isDesktop: true
09:30:02.016 [FXGL Background Thread 3 ] DEBUG Engine               - isDeveloperMenuEnabled: false
09:30:02.016 [FXGL Background Thread 3 ] DEBUG Engine               - isEmbedded: false
09:30:02.016 [FXGL Background Thread 3 ] DEBUG Engine               - isEntityPreloadEnabled: true
09:30:02.016 [FXGL Background Thread 3 ] DEBUG Engine               - isExperimentalTiledLargeMap: false
09:30:02.016 [FXGL Background Thread 3 ] DEBUG Engine               - isFileSystemWriteAllowed: true
09:30:02.016 [FXGL Background Thread 3 ] DEBUG Engine               - isFullScreenAllowed: false
09:30:02.016 [FXGL Background Thread 3 ] DEBUG Engine               - isFullScreenFromStart: false
09:30:02.016 [FXGL Background Thread 3 ] DEBUG Engine               - isGameMenuEnabled: true
09:30:02.016 [FXGL Background Thread 3 ] DEBUG Engine               - isIOS: false
09:30:02.016 [FXGL Background Thread 3 ] DEBUG Engine               - isIntroEnabled: false
09:30:02.017 [FXGL Background Thread 3 ] DEBUG Engine               - isLinux: false
09:30:02.017 [FXGL Background Thread 3 ] DEBUG Engine               - isMac: false
09:30:02.017 [FXGL Background Thread 3 ] DEBUG Engine               - isMainMenuEnabled: false
09:30:02.017 [FXGL Background Thread 3 ] DEBUG Engine               - isManualResizeEnabled: false
09:30:02.017 [FXGL Background Thread 3 ] DEBUG Engine               - isMobile: false
09:30:02.017 [FXGL Background Thread 3 ] DEBUG Engine               - isNative: false
09:30:02.017 [FXGL Background Thread 3 ] DEBUG Engine               - isPauseMusicWhenMinimized: true
09:30:02.017 [FXGL Background Thread 3 ] DEBUG Engine               - isPreserveResizeRatio: false
09:30:02.017 [FXGL Background Thread 3 ] DEBUG Engine               - isProfilingEnabled: false
09:30:02.017 [FXGL Background Thread 3 ] DEBUG Engine               - isScaleAffectedOnResize: true
09:30:02.017 [FXGL Background Thread 3 ] DEBUG Engine               - isSingleStep: false
09:30:02.017 [FXGL Background Thread 3 ] DEBUG Engine               - isUserProfileEnabled: false
09:30:02.017 [FXGL Background Thread 3 ] DEBUG Engine               - isWindows: true
09:30:02.017 [FXGL Background Thread 3 ] DEBUG Engine               - language: ObjectProperty [value: ENGLISH]
09:30:02.017 [FXGL Background Thread 3 ] DEBUG Engine               - menuKey: ESCAPE
09:30:02.017 [FXGL Background Thread 3 ] DEBUG Engine               - mouseSensitivity: 0.2
09:30:02.017 [FXGL Background Thread 3 ] DEBUG Engine               - notificationViewClass: class com.almasb.fxgl.notification.view.XboxNotificationView
09:30:02.017 [FXGL Background Thread 3 ] DEBUG Engine               - pixelsPerMeter: 50.0
09:30:02.017 [FXGL Background Thread 3 ] DEBUG Engine               - platform: WINDOWS
09:30:02.018 [FXGL Background Thread 3 ] DEBUG Engine               - prefHeightProperty: ReadOnlyDoubleProperty [value: 720.0]
09:30:02.018 [FXGL Background Thread 3 ] DEBUG Engine               - prefWidthProperty: ReadOnlyDoubleProperty [value: 1280.0]
09:30:02.018 [FXGL Background Thread 3 ] DEBUG Engine               - profileDir: profiles/
09:30:02.018 [FXGL Background Thread 3 ] DEBUG Engine               - profileName: StringProperty [value: DEFAULT]
09:30:02.018 [FXGL Background Thread 3 ] DEBUG Engine               - randomSeed: -1
09:30:02.018 [FXGL Background Thread 3 ] DEBUG Engine               - runtimeInfo: RuntimeInfo(platform=WINDOWS, version=17.2, build=20.08.2022 16.50)
09:30:02.018 [FXGL Background Thread 3 ] DEBUG Engine               - saveFileExt: sav
09:30:02.018 [FXGL Background Thread 3 ] DEBUG Engine               - scaledHeightProp$fxgl: DoubleProperty [bound, value: 720.0]
09:30:02.018 [FXGL Background Thread 3 ] DEBUG Engine               - scaledWidthProp$fxgl: DoubleProperty [bound, value: 1280.0]
09:30:02.018 [FXGL Background Thread 3 ] DEBUG Engine               - sceneFactory: com.almasb.fxgl.app.scene.SceneFactory@43dd4925
09:30:02.018 [FXGL Background Thread 3 ] DEBUG Engine               - secondsIn24h: 60
09:30:02.018 [FXGL Background Thread 3 ] DEBUG Engine               - soundMenuBack: menu/back.wav
09:30:02.018 [FXGL Background Thread 3 ] DEBUG Engine               - soundMenuPress: menu/press.wav
09:30:02.018 [FXGL Background Thread 3 ] DEBUG Engine               - soundMenuSelect: menu/select.wav
09:30:02.018 [FXGL Background Thread 3 ] DEBUG Engine               - soundNotification: core/notification.wav
09:30:02.018 [FXGL Background Thread 3 ] DEBUG Engine               - stageStyle: DECORATED
09:30:02.019 [FXGL Background Thread 3 ] DEBUG Engine               - supportedLanguages: [ENGLISH, FRENCH, GERMAN, HUNGARIAN, RUSSIAN]
09:30:02.019 [FXGL Background Thread 3 ] DEBUG Engine               - ticksPerSecond: -1
09:30:02.019 [FXGL Background Thread 3 ] DEBUG Engine               - title: Demo Fac 1
09:30:02.019 [FXGL Background Thread 3 ] DEBUG Engine               - urlGithub: https://github.com/AlmasB/FXGL
09:30:02.019 [FXGL Background Thread 3 ] DEBUG Engine               - urlLeaderboard: http://fxgl-top.herokuapp.com/
09:30:02.019 [FXGL Background Thread 3 ] DEBUG Engine               - urlPOM: https://raw.githubusercontent.com/AlmasB/FXGL/release/README.md
09:30:02.019 [FXGL Background Thread 3 ] DEBUG Engine               - userAppClass: class com.demo.fxgldemo.demoApp
09:30:02.019 [FXGL Background Thread 3 ] DEBUG Engine               - version: 0.0
09:30:02.019 [FXGL Background Thread 3 ] DEBUG Engine               - versionCheckDays: 7
09:30:02.019 [FXGL Background Thread 3 ] DEBUG Engine               - width: 1280
09:30:02.019 [FXGL Background Thread 3 ] DEBUG Engine               - Logging services
09:30:02.019 [FXGL Background Thread 3 ] DEBUG Engine               - class com.almasb.fxgl.app.services.FXGLAssetLoaderService
09:30:02.019 [FXGL Background Thread 3 ] DEBUG Engine               - class com.almasb.fxgl.app.FXGLApplication$GameApplicationService
09:30:02.019 [FXGL Background Thread 3 ] DEBUG Engine               - class com.almasb.fxgl.app.services.FXGLDialogService
09:30:02.019 [FXGL Background Thread 3 ] DEBUG Engine               - class com.almasb.fxgl.app.services.IOTaskExecutorService
09:30:02.019 [FXGL Background Thread 3 ] DEBUG Engine               - class com.almasb.fxgl.io.FileSystemService
09:30:02.019 [FXGL Background Thread 3 ] DEBUG Engine               - class com.almasb.fxgl.localization.LocalizationService
09:30:02.019 [FXGL Background Thread 3 ] DEBUG Engine               - class com.almasb.fxgl.app.services.SystemBundleService
09:30:02.019 [FXGL Background Thread 3 ] DEBUG Engine               - class com.almasb.fxgl.profile.SaveLoadService
09:30:02.019 [FXGL Background Thread 3 ] DEBUG Engine               - class com.almasb.fxgl.ui.FXGLUIFactoryServiceProvider
09:30:02.020 [FXGL Background Thread 3 ] DEBUG Engine               - class com.almasb.fxgl.ui.FXGLDialogFactoryServiceProvider
09:30:02.020 [FXGL Background Thread 3 ] DEBUG Engine               - class com.almasb.fxgl.audio.AudioPlayer
09:30:02.020 [FXGL Background Thread 3 ] DEBUG Engine               - class com.almasb.fxgl.notification.impl.NotificationServiceProvider
09:30:02.020 [FXGL Background Thread 3 ] DEBUG Engine               - class com.almasb.fxgl.achievement.AchievementService
09:30:02.020 [FXGL Background Thread 3 ] DEBUG Engine               - class com.almasb.fxgl.cutscene.CutsceneService
09:30:02.020 [FXGL Background Thread 3 ] DEBUG Engine               - class com.almasb.fxgl.minigames.MiniGameService
09:30:02.020 [FXGL Background Thread 3 ] DEBUG Engine               - class com.almasb.fxgl.net.NetService
09:30:02.020 [FXGL Background Thread 3 ] DEBUG Engine               - class com.almasb.fxgl.app.services.UpdaterService
09:30:02.020 [FXGL Background Thread 3 ] DEBUG Engine               - class com.almasb.fxgl.dev.DevService
09:30:13.843 [JavaFX Application Thread] DEBUG FXGLApplication      - Exiting FXGL
09:30:13.844 [JavaFX Application Thread] DEBUG Async                - Shutting down background threads
09:30:13.844 [JavaFX Application Thread] DEBUG PrimaryStageWindow   - Closing main window
09:30:13.859 [JavaFX Application Thread] DEBUG Logger               - Closing Logger
