08:04:14.774 [main                     ] DEBUG Logger               - Configured Logger
08:04:14.804 [main                     ] DEBUG GameApplication      - Logging settings
Title: Probando demoCuboApp
Version: 0.0
Width: 800
Height: 600
Fullscreen: false
Intro: false
Profiling: false
Single step:false
App Mode: DEVELOPER
Menu Key: ESCAPE
Stage Style: DECORATED
Scene Factory: class com.almasb.fxgl.app.scene.SceneFactory

08:04:15.110 [JavaFX Application Thread] DEBUG FXGLApplication      - Initializing FXGL
08:04:15.115 [JavaFX Application Thread] INFO  Engine               - FXGL-17.2 (20.08.2022 16.50) on WINDOWS (J:21.0.1 FX:21-ea)
08:04:15.116 [JavaFX Application Thread] DEBUG Engine               - JRE Vendor Name: Oracle Corporation
08:04:15.116 [JavaFX Application Thread] DEBUG Engine               - Running on OS: Windows 10 version 10.0
08:04:15.116 [JavaFX Application Thread] DEBUG Engine               - Architecture: amd64
08:04:15.116 [JavaFX Application Thread] INFO  Engine               - Source code and latest versions at: https://github.com/AlmasB/FXGL
08:04:15.116 [JavaFX Application Thread] INFO  Engine               -       Ask questions and discuss at: https://github.com/AlmasB/FXGL/discussions
08:04:15.116 [JavaFX Application Thread] INFO  Engine               -              Join the FXGL chat at: https://gitter.im/AlmasB/FXGL
08:04:15.207 [JavaFX Application Thread] DEBUG PrimaryStageWindow   - Creating a JavaFX scene
08:04:15.262 [JavaFX Application Thread] DEBUG PrimaryStageWindow   - Target settings size: 800.0 x 600.0
08:04:15.263 [JavaFX Application Thread] DEBUG PrimaryStageWindow   - Scaled scene size:    800.0 x 600.0
08:04:15.263 [JavaFX Application Thread] DEBUG PrimaryStageWindow   - Scaled ratio: (1.0, 1.0)
08:04:15.264 [JavaFX Application Thread] DEBUG PrimaryStageWindow   - Set initial scene to FXGLStartupScene
08:04:15.267 [JavaFX Application Thread] DEBUG PrimaryStageWindow   - Opening main window
08:04:15.370 [JavaFX Application Thread] DEBUG PrimaryStageWindow   - Window border size: (14.4000244140625, 37.5999755859375)
08:04:15.370 [JavaFX Application Thread] DEBUG PrimaryStageWindow   - Scaled size: 800.0 x 600.0
08:04:15.371 [JavaFX Application Thread] DEBUG PrimaryStageWindow   - Scaled ratio: (1.0, 1.0)
08:04:15.371 [JavaFX Application Thread] DEBUG PrimaryStageWindow   - Scene size: 800.0 x 600.0
08:04:15.372 [JavaFX Application Thread] DEBUG PrimaryStageWindow   - Stage size: 814.4000244140625 x 637.5999755859375
08:04:15.385 [FXGL Background Thread 1 ] DEBUG Engine               - Initializing environment variables
08:04:15.483 [FXGL Background Thread 1 ] DEBUG FXGLAssetLoaderServi - User app class for loading assets: class com.demo.fxgldemo.demoCuboApp
08:04:15.483 [FXGL Background Thread 1 ] DEBUG GameApplicationServi - Applying CSS: fxgl_dark.css
08:04:15.484 [FXGL Background Thread 1 ] DEBUG FXGLAssetLoaderServi - Loading from file system: jar:file:///C:/Users/Usuario/.m2/repository/com/github/almasb/fxgl/17.2/fxgl-17.2.jar!/fxglassets/ui/css/fxgl_dark.css
08:04:15.551 [FXGL Background Thread 1 ] DEBUG GameApplicationServi - Initializing application scenes
08:04:15.601 [FXGL Background Thread 1 ] DEBUG GameWorld            - Game world initialized
08:04:15.692 [FXGL Background Thread 1 ] DEBUG PhysicsWorld         - Physics world initialized: appHeight=600, physics.ppm=50,0
08:04:15.693 [FXGL Background Thread 1 ] DEBUG PhysicsWorld         - Using strategy: BRUTE_FORCE
08:04:15.698 [FXGL Background Thread 1 ] DEBUG GameScene            - Game scene initialized: 800x600
08:04:15.714 [FXGL Background Thread 1 ] DEBUG FXGL.DefaultMenu     - createMenuBodyGameMenu()
08:04:15.728 [FXGL Background Thread 1 ] DEBUG FXGL.DefaultMenu     - createOptionsMenu()
08:04:15.739 [FXGL Background Thread 1 ] DEBUG FXGLAssetLoaderServi - Loading from file system: jar:file:///C:/Users/Usuario/.m2/repository/com/github/almasb/fxgl/17.2/fxgl-17.2.jar!/fxglassets/textures/particles/smoke.png
08:04:15.835 [FXGL Background Thread 1 ] DEBUG FXGLAssetLoaderServi - Loading from file system: jar:file:///C:/Users/Usuario/.m2/repository/com/github/almasb/fxgl/17.2/fxgl-17.2.jar!/fxglassets/textures/particles/trace_horizontal.png
08:04:15.862 [FXGL Background Thread 1 ] DEBUG GameApplicationServi - Application scenes initialized
08:04:15.873 [FXGL Background Thread 1 ] DEBUG SystemBundleService  - Loading FXGL system data
08:04:15.877 [FXGL Background Thread 1 ] DEBUG FileSystemAccess     - Reading from: F:\Proyectos javafx\javafxgl\fxgl-demo\system\fxgl.bundle
08:04:15.887 [FXGL Background Thread 1 ] DEBUG SystemBundleService  - Bundle FXGL: {}
08:04:15.887 [FXGL Background Thread 1 ] DEBUG UpdaterService       - Checking for updates
08:04:15.893 [FXGL Background Thread 4 ] DEBUG FXGLApplication      - Loading fonts
08:04:15.893 [FXGL Background Thread 4 ] DEBUG FXGLAssetLoaderServi - Loading from file system: jar:file:///C:/Users/Usuario/.m2/repository/com/github/almasb/fxgl/17.2/fxgl-17.2.jar!/fxglassets/ui/fonts/VarelaRound-Regular.ttf
08:04:15.893 [FXGL Background Thread 1 ] DEBUG FXGLApplication      - Loading default localization
08:04:15.894 [FXGL Background Thread 1 ] DEBUG FXGLAssetLoaderServi - Loading from file system: jar:file:///C:/Users/Usuario/.m2/repository/com/github/almasb/fxgl/17.2/fxgl-17.2.jar!/fxglassets/languages/english.lang
08:04:15.927 [FXGL Background Thread 1 ] INFO  FXGLApplication      - FXGL initialization took: 0,542 sec
08:04:15.932 [FXGL Background Thread 4 ] DEBUG FXGLAssetLoaderServi - Loading from file system: jar:file:///C:/Users/Usuario/.m2/repository/com/github/almasb/fxgl/17.2/fxgl-17.2.jar!/fxglassets/ui/fonts/Abel-Regular.ttf
08:04:15.941 [FXGL Background Thread 4 ] DEBUG FXGLAssetLoaderServi - Loading from file system: jar:file:///C:/Users/Usuario/.m2/repository/com/github/almasb/fxgl/17.2/fxgl-17.2.jar!/fxglassets/ui/fonts/TerminalLandMono-Regular.otf
08:04:15.944 [JavaFX Application Thread] DEBUG Input                - Registered new binding: action0 - A
08:04:15.945 [JavaFX Application Thread] DEBUG Input                - Registered new binding: action1 - D
08:04:15.945 [JavaFX Application Thread] DEBUG Input                - Registered new binding: action2 - W
08:04:15.946 [JavaFX Application Thread] DEBUG Input                - Registered new binding: action3 - S
08:04:15.946 [JavaFX Application Thread] DEBUG Input                - Registered new binding: action4 - J
08:04:15.947 [JavaFX Application Thread] DEBUG Input                - Registered new binding: action5 - L
08:04:15.947 [JavaFX Application Thread] DEBUG Input                - Registered new binding: action6 - I
08:04:15.948 [JavaFX Application Thread] DEBUG Input                - Registered new binding: action7 - K
08:04:15.948 [JavaFX Application Thread] DEBUG FXGLAssetLoaderServi - Loading from file system: jar:file:///C:/Users/Usuario/.m2/repository/com/github/almasb/fxgl/17.2/fxgl-17.2.jar!/fxglassets/textures/fxgl_icon.png
08:04:15.952 [FXGL Background Thread 4 ] DEBUG FXGLAssetLoaderServi - Loading from file system: jar:file:///C:/Users/Usuario/.m2/repository/com/github/almasb/fxgl/17.2/fxgl-17.2.jar!/fxglassets/ui/fonts/Courier-Prime.ttf
08:04:15.970 [JavaFX Application Thread] DEBUG FXGLAssetLoaderServi - Loading from file system: jar:file:///C:/Users/Usuario/.m2/repository/com/github/almasb/fxgl/17.2/fxgl-17.2.jar!/fxglassets/textures/fxgl_default_cursor.png
08:04:15.973 [JavaFX Application Thread] DEBUG Input                - Registered new binding: Screenshot - CTRL+8
08:04:15.974 [JavaFX Application Thread] DEBUG Input                - Registered new binding: System info dump - CTRL+9
08:04:15.974 [JavaFX Application Thread] DEBUG Input                - Registered new binding: Restart - CTRL+R
08:04:15.975 [JavaFX Application Thread] DEBUG Input                - Registered new binding: Toggle Debug Camera - CTRL+7
08:04:15.978 [JavaFX Application Thread] DEBUG LoopRunner           - Starting loop
08:04:15.978 [JavaFX Application Thread] DEBUG LoopRunner           - Initializing JavaFX AnimationTimerLoop
08:04:15.981 [JavaFX Application Thread] DEBUG GameApplicationServi - Starting new game
08:04:15.981 [JavaFX Application Thread] DEBUG Input                - Clearing active input actions
08:04:15.994 [JavaFX Application Thread] DEBUG GameApplicationServi - Removing overlay from FXGLStartupScene and adding to FXGLLoadingScene
08:04:15.995 [JavaFX Application Thread] DEBUG PrimaryStageWindow   - FXGLStartupScene -> FXGLLoadingScene
08:04:15.995 [JavaFX Application Thread] DEBUG GameApplicationServi - Clearing previous game
08:04:15.995 [JavaFX Application Thread] DEBUG GameScene            - Clearing game scene
08:04:15.995 [JavaFX Application Thread] DEBUG GameWorld            - Clearing game world
08:04:15.995 [JavaFX Application Thread] DEBUG PhysicsWorld         - Clearing physics world
08:04:15.998 [FXGL Background Thread 4 ] DEBUG FXGLApplication      - Initializing game
08:04:16.056 [JavaFX Application Thread] DEBUG LoopRunner           - Stopping loop
08:04:16.059 [JavaFX Application Thread] FATAL FXGLApplication      - Uncaught Exception:
java.lang.RuntimeException: Initialization failed
	at com.almasb.fxgl.all@17.2/com.almasb.fxgl.app.FXGLApplication$InitAppTask.failed(FXGLApplication.kt:343)
	at javafx.graphics@21-ea/javafx.concurrent.Task.setState(Task.java:710)
	at javafx.graphics@21-ea/javafx.concurrent.Task$TaskCallable.lambda$call$2(Task.java:1429)
	at javafx.graphics@21-ea/com.sun.javafx.application.PlatformImpl.lambda$runLater$10(PlatformImpl.java:456)
	at java.base/java.security.AccessController.doPrivileged(AccessController.java:400)
	at javafx.graphics@21-ea/com.sun.javafx.application.PlatformImpl.lambda$runLater$11(PlatformImpl.java:455)
	at javafx.graphics@21-ea/com.sun.glass.ui.InvokeLaterDispatcher$Future.run(InvokeLaterDispatcher.java:95)
	at javafx.graphics@21-ea/com.sun.glass.ui.win.WinApplication._runLoop(Native Method)
	at javafx.graphics@21-ea/com.sun.glass.ui.win.WinApplication.lambda$runLoop$3(WinApplication.java:185)
	at java.base/java.lang.Thread.run(Thread.java:1583)
Caused by: java.lang.IllegalArgumentException: Invalid URL or resource not found
	at javafx.graphics@21-ea/javafx.scene.image.Image.validateUrl(Image.java:1122)
	at javafx.graphics@21-ea/javafx.scene.image.Image.<init>(Image.java:627)
	at com.demo.fxgldemo/com.demo.fxgldemo.factories.DemoFactory.newBackground(DemoFactory.java:89)
	at java.base/jdk.internal.reflect.DirectMethodHandleAccessor.invoke(DirectMethodHandleAccessor.java:103)
	at java.base/java.lang.reflect.Method.invoke(Method.java:580)
	at com.almasb.fxgl.core@17.2/com.almasb.fxgl.core.reflect.ReflectionUtils.call(ReflectionUtils.java:104)
	at com.almasb.fxgl.core@17.2/com.almasb.fxgl.core.reflect.ReflectionUtils.lambda$mapToFunction$3(ReflectionUtils.java:111)
	at com.almasb.fxgl.entity@17.2/com.almasb.fxgl.entity.GameWorld$create$2.invoke(GameWorld.kt:430)
	at com.almasb.fxgl.entity@17.2/com.almasb.fxgl.entity.GameWorld$create$2.invoke(GameWorld.kt:430)
	at com.almasb.fxgl.core@17.2/com.almasb.fxgl.core.util.DSLKt.tryCatchRoot(DSL.kt:34)
	at com.almasb.fxgl.entity@17.2/com.almasb.fxgl.entity.GameWorld.create(GameWorld.kt:430)
	at com.almasb.fxgl.entity@17.2/com.almasb.fxgl.entity.GameWorld.spawn(GameWorld.kt:396)
	at com.almasb.fxgl.entity@17.2/com.almasb.fxgl.entity.GameWorld.spawn(GameWorld.kt:384)
	at com.almasb.fxgl.entity@17.2/com.almasb.fxgl.entity.GameWorld.spawn(GameWorld.kt:359)
	at com.almasb.fxgl.all@17.2/com.almasb.fxgl.dsl.FXGL$Companion.spawn(FXGL.kt:555)
	at com.almasb.fxgl.all@17.2/com.almasb.fxgl.dsl.FXGL.spawn(FXGL.kt)
	at com.demo.fxgldemo/com.demo.fxgldemo.demoCuboApp.initGame(demoCuboApp.java:48)
	at com.almasb.fxgl.all@17.2/com.almasb.fxgl.app.FXGLApplication$InitAppTask.initGame(FXGLApplication.kt:339)
	at com.almasb.fxgl.all@17.2/com.almasb.fxgl.app.FXGLApplication$InitAppTask.call(FXGLApplication.kt:319)
	at com.almasb.fxgl.all@17.2/com.almasb.fxgl.app.FXGLApplication$InitAppTask.call(FXGLApplication.kt:311)
	at javafx.graphics@21-ea/javafx.concurrent.Task$TaskCallable.call(Task.java:1399)
	at java.base/java.util.concurrent.FutureTask.run(FutureTask.java:317)
	at java.base/java.util.concurrent.Executors$RunnableAdapter.call(Executors.java:572)
	at java.base/java.util.concurrent.FutureTask.run(FutureTask.java:317)
	at java.base/java.util.concurrent.ThreadPoolExecutor.runWorker(ThreadPoolExecutor.java:1144)
	at java.base/java.util.concurrent.ThreadPoolExecutor$Worker.run(ThreadPoolExecutor.java:642)
	... 1 more

08:04:16.059 [JavaFX Application Thread] FATAL FXGLApplication      - Application will now exit
08:04:16.098 [JavaFX Application Thread] DEBUG PrimaryStageWindow   - Push state: ErrorSubScene
08:04:16.099 [JavaFX Application Thread] DEBUG Input                - Clearing active input actions
08:04:16.107 [JavaFX Application Thread] DEBUG GameApplicationServi - Removing overlay from FXGLLoadingScene and adding to ErrorSubScene
08:04:16.108 [JavaFX Application Thread] DEBUG PrimaryStageWindow   - FXGLLoadingScene -> ErrorSubScene
08:04:16.482 [FXGL Background Thread 2 ] INFO  UpdaterService       - Your current version:  17.2
08:04:16.482 [FXGL Background Thread 2 ] INFO  UpdaterService       - Latest stable version: 21
08:04:18.892 [FXGL Background Thread 3 ] DEBUG Engine               - Logging environment variables
08:04:18.894 [FXGL Background Thread 3 ] DEBUG Engine               - achievements: []
08:04:18.894 [FXGL Background Thread 3 ] DEBUG Engine               - actualHeight: 600.0
08:04:18.895 [FXGL Background Thread 3 ] DEBUG Engine               - actualHeightProperty: ReadOnlyDoubleProperty [value: 600.0]
08:04:18.895 [FXGL Background Thread 3 ] DEBUG Engine               - actualWidth: 800.0
08:04:18.895 [FXGL Background Thread 3 ] DEBUG Engine               - actualWidthProperty: ReadOnlyDoubleProperty [value: 800.0]
08:04:18.896 [FXGL Background Thread 3 ] DEBUG Engine               - appIcon: fxgl_icon.png
08:04:18.896 [FXGL Background Thread 3 ] DEBUG Engine               - applicationMode: DEVELOPER
08:04:18.896 [FXGL Background Thread 3 ] DEBUG Engine               - cSSList: [fxgl_dark.css]
08:04:18.896 [FXGL Background Thread 3 ] DEBUG Engine               - collisionDetectionStrategy: BRUTE_FORCE
08:04:18.896 [FXGL Background Thread 3 ] DEBUG Engine               - configClass: Optional.empty
08:04:18.897 [FXGL Background Thread 3 ] DEBUG Engine               - credits: []
08:04:18.898 [FXGL Background Thread 3 ] DEBUG Engine               - defaultCursor: CursorInfo(imageName=fxgl_default_cursor.png, hotspotX=7.0, hotspotY=6.0)
08:04:18.898 [FXGL Background Thread 3 ] DEBUG Engine               - devBBoxColorProperty: ObjectProperty [value: 0xff0000ff]
08:04:18.899 [FXGL Background Thread 3 ] DEBUG Engine               - devEnableDebugCameraProperty: BooleanProperty [value: false]
08:04:18.899 [FXGL Background Thread 3 ] DEBUG Engine               - devSensorColorProperty: ObjectProperty [value: 0xffff00ff]
08:04:18.899 [FXGL Background Thread 3 ] DEBUG Engine               - devShowBBoxProperty: BooleanProperty [value: false]
08:04:18.900 [FXGL Background Thread 3 ] DEBUG Engine               - devShowPositionProperty: BooleanProperty [value: false]
08:04:18.900 [FXGL Background Thread 3 ] DEBUG Engine               - enabledMenuItems: []
08:04:18.900 [FXGL Background Thread 3 ] DEBUG Engine               - engineServices: [class com.almasb.fxgl.app.services.FXGLAssetLoaderService, class com.almasb.fxgl.app.FXGLApplication$GameApplicationService, class com.almasb.fxgl.app.services.FXGLDialogService, class com.almasb.fxgl.app.services.IOTaskExecutorService, class com.almasb.fxgl.io.FileSystemService, class com.almasb.fxgl.localization.LocalizationService, class com.almasb.fxgl.app.services.SystemBundleService, class com.almasb.fxgl.profile.SaveLoadService, class com.almasb.fxgl.ui.FXGLUIFactoryServiceProvider, class com.almasb.fxgl.ui.FXGLDialogFactoryServiceProvider, class com.almasb.fxgl.audio.AudioPlayer, class com.almasb.fxgl.notification.impl.NotificationServiceProvider, class com.almasb.fxgl.achievement.AchievementService, class com.almasb.fxgl.cutscene.CutsceneService, class com.almasb.fxgl.minigames.MiniGameService, class com.almasb.fxgl.net.NetService, class com.almasb.fxgl.app.services.UpdaterService, class com.almasb.fxgl.dev.DevService]
08:04:18.900 [FXGL Background Thread 3 ] DEBUG Engine               - fontGame: Abel-Regular.ttf
08:04:18.901 [FXGL Background Thread 3 ] DEBUG Engine               - fontMono: TerminalLandMono-Regular.otf
08:04:18.901 [FXGL Background Thread 3 ] DEBUG Engine               - fontText: Courier-Prime.ttf
08:04:18.901 [FXGL Background Thread 3 ] DEBUG Engine               - fontUI: VarelaRound-Regular.ttf
08:04:18.901 [FXGL Background Thread 3 ] DEBUG Engine               - fullScreen: BooleanProperty [value: false]
08:04:18.901 [FXGL Background Thread 3 ] DEBUG Engine               - gameDifficulty: MEDIUM
08:04:18.902 [FXGL Background Thread 3 ] DEBUG Engine               - gameDifficultyProperty: ObjectProperty [value: MEDIUM]
08:04:18.902 [FXGL Background Thread 3 ] DEBUG Engine               - globalMusicVolume: 0.5
08:04:18.902 [FXGL Background Thread 3 ] DEBUG Engine               - globalMusicVolumeProperty: DoubleProperty [value: 0.5]
08:04:18.903 [FXGL Background Thread 3 ] DEBUG Engine               - globalSoundVolume: 0.5
08:04:18.903 [FXGL Background Thread 3 ] DEBUG Engine               - globalSoundVolumeProperty: DoubleProperty [value: 0.5]
08:04:18.903 [FXGL Background Thread 3 ] DEBUG Engine               - height: 600
08:04:18.903 [FXGL Background Thread 3 ] DEBUG Engine               - is3D: false
08:04:18.903 [FXGL Background Thread 3 ] DEBUG Engine               - isAndroid: false
08:04:18.904 [FXGL Background Thread 3 ] DEBUG Engine               - isBrowser: false
08:04:18.904 [FXGL Background Thread 3 ] DEBUG Engine               - isClickFeedbackEnabled: false
08:04:18.904 [FXGL Background Thread 3 ] DEBUG Engine               - isCloseConfirmation: false
08:04:18.904 [FXGL Background Thread 3 ] DEBUG Engine               - isDesktop: true
08:04:18.904 [FXGL Background Thread 3 ] DEBUG Engine               - isDeveloperMenuEnabled: false
08:04:18.905 [FXGL Background Thread 3 ] DEBUG Engine               - isEmbedded: false
08:04:18.905 [FXGL Background Thread 3 ] DEBUG Engine               - isEntityPreloadEnabled: true
08:04:18.905 [FXGL Background Thread 3 ] DEBUG Engine               - isExperimentalTiledLargeMap: false
08:04:18.905 [FXGL Background Thread 3 ] DEBUG Engine               - isFileSystemWriteAllowed: true
08:04:18.906 [FXGL Background Thread 3 ] DEBUG Engine               - isFullScreenAllowed: false
08:04:18.906 [FXGL Background Thread 3 ] DEBUG Engine               - isFullScreenFromStart: false
08:04:18.907 [FXGL Background Thread 3 ] DEBUG Engine               - isGameMenuEnabled: true
08:04:18.907 [FXGL Background Thread 3 ] DEBUG Engine               - isIOS: false
08:04:18.908 [FXGL Background Thread 3 ] DEBUG Engine               - isIntroEnabled: false
08:04:18.908 [FXGL Background Thread 3 ] DEBUG Engine               - isLinux: false
08:04:18.908 [FXGL Background Thread 3 ] DEBUG Engine               - isMac: false
08:04:18.909 [FXGL Background Thread 3 ] DEBUG Engine               - isMainMenuEnabled: false
08:04:18.909 [FXGL Background Thread 3 ] DEBUG Engine               - isManualResizeEnabled: false
08:04:18.909 [FXGL Background Thread 3 ] DEBUG Engine               - isMobile: false
08:04:18.910 [FXGL Background Thread 3 ] DEBUG Engine               - isNative: false
08:04:18.910 [FXGL Background Thread 3 ] DEBUG Engine               - isPauseMusicWhenMinimized: true
08:04:18.910 [FXGL Background Thread 3 ] DEBUG Engine               - isPreserveResizeRatio: false
08:04:18.911 [FXGL Background Thread 3 ] DEBUG Engine               - isProfilingEnabled: false
08:04:18.911 [FXGL Background Thread 3 ] DEBUG Engine               - isScaleAffectedOnResize: true
08:04:18.911 [FXGL Background Thread 3 ] DEBUG Engine               - isSingleStep: false
08:04:18.911 [FXGL Background Thread 3 ] DEBUG Engine               - isUserProfileEnabled: false
08:04:18.912 [FXGL Background Thread 3 ] DEBUG Engine               - isWindows: true
08:04:18.912 [FXGL Background Thread 3 ] DEBUG Engine               - language: ObjectProperty [value: ENGLISH]
08:04:18.912 [FXGL Background Thread 3 ] DEBUG Engine               - menuKey: ESCAPE
08:04:18.913 [FXGL Background Thread 3 ] DEBUG Engine               - mouseSensitivity: 0.2
08:04:18.913 [FXGL Background Thread 3 ] DEBUG Engine               - notificationViewClass: class com.almasb.fxgl.notification.view.XboxNotificationView
08:04:18.914 [FXGL Background Thread 3 ] DEBUG Engine               - pixelsPerMeter: 50.0
08:04:18.914 [FXGL Background Thread 3 ] DEBUG Engine               - platform: WINDOWS
08:04:18.914 [FXGL Background Thread 3 ] DEBUG Engine               - prefHeightProperty: ReadOnlyDoubleProperty [value: 600.0]
08:04:18.915 [FXGL Background Thread 3 ] DEBUG Engine               - prefWidthProperty: ReadOnlyDoubleProperty [value: 800.0]
08:04:18.915 [FXGL Background Thread 3 ] DEBUG Engine               - profileDir: profiles/
08:04:18.915 [FXGL Background Thread 3 ] DEBUG Engine               - profileName: StringProperty [value: DEFAULT]
08:04:18.915 [FXGL Background Thread 3 ] DEBUG Engine               - randomSeed: -1
08:04:18.916 [FXGL Background Thread 3 ] DEBUG Engine               - runtimeInfo: RuntimeInfo(platform=WINDOWS, version=17.2, build=20.08.2022 16.50)
08:04:18.917 [FXGL Background Thread 3 ] DEBUG Engine               - saveFileExt: sav
08:04:18.917 [FXGL Background Thread 3 ] DEBUG Engine               - scaledHeightProp$fxgl: DoubleProperty [bound, value: 600.0]
08:04:18.918 [FXGL Background Thread 3 ] DEBUG Engine               - scaledWidthProp$fxgl: DoubleProperty [bound, value: 800.0]
08:04:18.918 [FXGL Background Thread 3 ] DEBUG Engine               - sceneFactory: com.almasb.fxgl.app.scene.SceneFactory@4195d18
08:04:18.918 [FXGL Background Thread 3 ] DEBUG Engine               - secondsIn24h: 60
08:04:18.919 [FXGL Background Thread 3 ] DEBUG Engine               - soundMenuBack: menu/back.wav
08:04:18.919 [FXGL Background Thread 3 ] DEBUG Engine               - soundMenuPress: menu/press.wav
08:04:18.919 [FXGL Background Thread 3 ] DEBUG Engine               - soundMenuSelect: menu/select.wav
08:04:18.920 [FXGL Background Thread 3 ] DEBUG Engine               - soundNotification: core/notification.wav
08:04:18.920 [FXGL Background Thread 3 ] DEBUG Engine               - stageStyle: DECORATED
08:04:18.920 [FXGL Background Thread 3 ] DEBUG Engine               - supportedLanguages: [ENGLISH, FRENCH, GERMAN, HUNGARIAN, RUSSIAN]
08:04:18.920 [FXGL Background Thread 3 ] DEBUG Engine               - ticksPerSecond: -1
08:04:18.921 [FXGL Background Thread 3 ] DEBUG Engine               - title: Probando demoCuboApp
08:04:18.921 [FXGL Background Thread 3 ] DEBUG Engine               - urlGithub: https://github.com/AlmasB/FXGL
08:04:18.921 [FXGL Background Thread 3 ] DEBUG Engine               - urlLeaderboard: http://fxgl-top.herokuapp.com/
08:04:18.921 [FXGL Background Thread 3 ] DEBUG Engine               - urlPOM: https://raw.githubusercontent.com/AlmasB/FXGL/release/README.md
08:04:18.922 [FXGL Background Thread 3 ] DEBUG Engine               - userAppClass: class com.demo.fxgldemo.demoCuboApp
08:04:18.922 [FXGL Background Thread 3 ] DEBUG Engine               - version: 0.0
08:04:18.922 [FXGL Background Thread 3 ] DEBUG Engine               - versionCheckDays: 7
08:04:18.923 [FXGL Background Thread 3 ] DEBUG Engine               - width: 800
08:04:18.923 [FXGL Background Thread 3 ] DEBUG Engine               - Logging services
08:04:18.923 [FXGL Background Thread 3 ] DEBUG Engine               - class com.almasb.fxgl.app.services.FXGLAssetLoaderService
08:04:18.924 [FXGL Background Thread 3 ] DEBUG Engine               - class com.almasb.fxgl.app.FXGLApplication$GameApplicationService
08:04:18.924 [FXGL Background Thread 3 ] DEBUG Engine               - class com.almasb.fxgl.app.services.FXGLDialogService
08:04:18.924 [FXGL Background Thread 3 ] DEBUG Engine               - class com.almasb.fxgl.app.services.IOTaskExecutorService
08:04:18.925 [FXGL Background Thread 3 ] DEBUG Engine               - class com.almasb.fxgl.io.FileSystemService
08:04:18.925 [FXGL Background Thread 3 ] DEBUG Engine               - class com.almasb.fxgl.localization.LocalizationService
08:04:18.925 [FXGL Background Thread 3 ] DEBUG Engine               - class com.almasb.fxgl.app.services.SystemBundleService
08:04:18.926 [FXGL Background Thread 3 ] DEBUG Engine               - class com.almasb.fxgl.profile.SaveLoadService
08:04:18.926 [FXGL Background Thread 3 ] DEBUG Engine               - class com.almasb.fxgl.ui.FXGLUIFactoryServiceProvider
08:04:18.926 [FXGL Background Thread 3 ] DEBUG Engine               - class com.almasb.fxgl.ui.FXGLDialogFactoryServiceProvider
08:04:18.926 [FXGL Background Thread 3 ] DEBUG Engine               - class com.almasb.fxgl.audio.AudioPlayer
08:04:18.926 [FXGL Background Thread 3 ] DEBUG Engine               - class com.almasb.fxgl.notification.impl.NotificationServiceProvider
08:04:18.927 [FXGL Background Thread 3 ] DEBUG Engine               - class com.almasb.fxgl.achievement.AchievementService
08:04:18.927 [FXGL Background Thread 3 ] DEBUG Engine               - class com.almasb.fxgl.cutscene.CutsceneService
08:04:18.927 [FXGL Background Thread 3 ] DEBUG Engine               - class com.almasb.fxgl.minigames.MiniGameService
08:04:18.927 [FXGL Background Thread 3 ] DEBUG Engine               - class com.almasb.fxgl.net.NetService
08:04:18.927 [FXGL Background Thread 3 ] DEBUG Engine               - class com.almasb.fxgl.app.services.UpdaterService
08:04:18.927 [FXGL Background Thread 3 ] DEBUG Engine               - class com.almasb.fxgl.dev.DevService
08:04:23.107 [JavaFX Application Thread] DEBUG FXGLApplication      - Exiting FXGL
08:04:23.108 [JavaFX Application Thread] DEBUG Async                - Shutting down background threads
08:04:23.108 [JavaFX Application Thread] DEBUG PrimaryStageWindow   - Closing main window
08:04:23.122 [JavaFX Application Thread] DEBUG Logger               - Closing Logger
