08:04:32.818 [main                     ] DEBUG Logger               - Configured Logger
08:04:32.848 [main                     ] DEBUG GameApplication      - Logging settings
Title: Probando demoCuboApp
Version: 0.0
Width: 800
Height: 600
Fullscreen: false
Intro: false
Profiling: false
Single step:false
App Mode: DEVELOPER
Menu Key: ESCAPE
Stage Style: DECORATED
Scene Factory: class com.almasb.fxgl.app.scene.SceneFactory

08:04:33.139 [JavaFX Application Thread] DEBUG FXGLApplication      - Initializing FXGL
08:04:33.145 [JavaFX Application Thread] INFO  Engine               - FXGL-17.2 (20.08.2022 16.50) on WINDOWS (J:21.0.1 FX:21-ea)
08:04:33.145 [JavaFX Application Thread] DEBUG Engine               - JRE Vendor Name: Oracle Corporation
08:04:33.145 [JavaFX Application Thread] DEBUG Engine               - Running on OS: Windows 10 version 10.0
08:04:33.145 [JavaFX Application Thread] DEBUG Engine               - Architecture: amd64
08:04:33.145 [JavaFX Application Thread] INFO  Engine               - Source code and latest versions at: https://github.com/AlmasB/FXGL
08:04:33.146 [JavaFX Application Thread] INFO  Engine               -       Ask questions and discuss at: https://github.com/AlmasB/FXGL/discussions
08:04:33.146 [JavaFX Application Thread] INFO  Engine               -              Join the FXGL chat at: https://gitter.im/AlmasB/FXGL
08:04:33.247 [JavaFX Application Thread] DEBUG PrimaryStageWindow   - Creating a JavaFX scene
08:04:33.301 [JavaFX Application Thread] DEBUG PrimaryStageWindow   - Target settings size: 800.0 x 600.0
08:04:33.302 [JavaFX Application Thread] DEBUG PrimaryStageWindow   - Scaled scene size:    800.0 x 600.0
08:04:33.302 [JavaFX Application Thread] DEBUG PrimaryStageWindow   - Scaled ratio: (1.0, 1.0)
08:04:33.303 [JavaFX Application Thread] DEBUG PrimaryStageWindow   - Set initial scene to FXGLStartupScene
08:04:33.306 [JavaFX Application Thread] DEBUG PrimaryStageWindow   - Opening main window
08:04:33.416 [JavaFX Application Thread] DEBUG PrimaryStageWindow   - Window border size: (14.4000244140625, 37.5999755859375)
08:04:33.416 [JavaFX Application Thread] DEBUG PrimaryStageWindow   - Scaled size: 800.0 x 600.0
08:04:33.416 [JavaFX Application Thread] DEBUG PrimaryStageWindow   - Scaled ratio: (1.0, 1.0)
08:04:33.416 [JavaFX Application Thread] DEBUG PrimaryStageWindow   - Scene size: 800.0 x 600.0
08:04:33.417 [JavaFX Application Thread] DEBUG PrimaryStageWindow   - Stage size: 814.4000244140625 x 637.5999755859375
08:04:33.432 [FXGL Background Thread 1 ] DEBUG Engine               - Initializing environment variables
08:04:33.519 [FXGL Background Thread 1 ] DEBUG FXGLAssetLoaderServi - User app class for loading assets: class com.demo.fxgldemo.demoCuboApp
08:04:33.519 [FXGL Background Thread 1 ] DEBUG GameApplicationServi - Applying CSS: fxgl_dark.css
08:04:33.520 [FXGL Background Thread 1 ] DEBUG FXGLAssetLoaderServi - Loading from file system: jar:file:///C:/Users/Usuario/.m2/repository/com/github/almasb/fxgl/17.2/fxgl-17.2.jar!/fxglassets/ui/css/fxgl_dark.css
08:04:33.589 [FXGL Background Thread 1 ] DEBUG GameApplicationServi - Initializing application scenes
08:04:33.637 [FXGL Background Thread 1 ] DEBUG GameWorld            - Game world initialized
08:04:33.735 [FXGL Background Thread 1 ] DEBUG PhysicsWorld         - Physics world initialized: appHeight=600, physics.ppm=50,0
08:04:33.735 [FXGL Background Thread 1 ] DEBUG PhysicsWorld         - Using strategy: BRUTE_FORCE
08:04:33.741 [FXGL Background Thread 1 ] DEBUG GameScene            - Game scene initialized: 800x600
08:04:33.759 [FXGL Background Thread 1 ] DEBUG FXGL.DefaultMenu     - createMenuBodyGameMenu()
08:04:33.781 [FXGL Background Thread 1 ] DEBUG FXGL.DefaultMenu     - createOptionsMenu()
08:04:33.794 [FXGL Background Thread 1 ] DEBUG FXGLAssetLoaderServi - Loading from file system: jar:file:///C:/Users/Usuario/.m2/repository/com/github/almasb/fxgl/17.2/fxgl-17.2.jar!/fxglassets/textures/particles/smoke.png
08:04:33.921 [FXGL Background Thread 1 ] DEBUG FXGLAssetLoaderServi - Loading from file system: jar:file:///C:/Users/Usuario/.m2/repository/com/github/almasb/fxgl/17.2/fxgl-17.2.jar!/fxglassets/textures/particles/trace_horizontal.png
08:04:33.964 [FXGL Background Thread 1 ] DEBUG GameApplicationServi - Application scenes initialized
08:04:33.982 [FXGL Background Thread 1 ] DEBUG SystemBundleService  - Loading FXGL system data
08:04:33.987 [FXGL Background Thread 1 ] DEBUG FileSystemAccess     - Reading from: F:\Proyectos javafx\javafxgl\fxgl-demo\system\fxgl.bundle
08:04:34.002 [FXGL Background Thread 1 ] DEBUG SystemBundleService  - Bundle FXGL: {}
08:04:34.003 [FXGL Background Thread 1 ] DEBUG UpdaterService       - Checking for updates
08:04:34.008 [FXGL Background Thread 1 ] DEBUG FXGLApplication      - Loading default localization
08:04:34.009 [FXGL Background Thread 1 ] DEBUG FXGLAssetLoaderServi - Loading from file system: jar:file:///C:/Users/Usuario/.m2/repository/com/github/almasb/fxgl/17.2/fxgl-17.2.jar!/fxglassets/languages/english.lang
08:04:34.013 [FXGL Background Thread 4 ] DEBUG FXGLApplication      - Loading fonts
08:04:34.014 [FXGL Background Thread 4 ] DEBUG FXGLAssetLoaderServi - Loading from file system: jar:file:///C:/Users/Usuario/.m2/repository/com/github/almasb/fxgl/17.2/fxgl-17.2.jar!/fxglassets/ui/fonts/VarelaRound-Regular.ttf
08:04:34.033 [FXGL Background Thread 1 ] INFO  FXGLApplication      - FXGL initialization took: 0,600 sec
08:04:34.049 [JavaFX Application Thread] DEBUG Input                - Registered new binding: action0 - A
08:04:34.049 [JavaFX Application Thread] DEBUG Input                - Registered new binding: action1 - D
08:04:34.049 [JavaFX Application Thread] DEBUG Input                - Registered new binding: action2 - W
08:04:34.050 [JavaFX Application Thread] DEBUG Input                - Registered new binding: action3 - S
08:04:34.050 [JavaFX Application Thread] DEBUG Input                - Registered new binding: action4 - J
08:04:34.050 [JavaFX Application Thread] DEBUG Input                - Registered new binding: action5 - L
08:04:34.051 [JavaFX Application Thread] DEBUG Input                - Registered new binding: action6 - I
08:04:34.051 [JavaFX Application Thread] DEBUG Input                - Registered new binding: action7 - K
08:04:34.052 [JavaFX Application Thread] DEBUG FXGLAssetLoaderServi - Loading from file system: jar:file:///C:/Users/Usuario/.m2/repository/com/github/almasb/fxgl/17.2/fxgl-17.2.jar!/fxglassets/textures/fxgl_icon.png
08:04:34.058 [FXGL Background Thread 4 ] DEBUG FXGLAssetLoaderServi - Loading from file system: jar:file:///C:/Users/Usuario/.m2/repository/com/github/almasb/fxgl/17.2/fxgl-17.2.jar!/fxglassets/ui/fonts/Abel-Regular.ttf
08:04:34.077 [JavaFX Application Thread] DEBUG FXGLAssetLoaderServi - Loading from file system: jar:file:///C:/Users/Usuario/.m2/repository/com/github/almasb/fxgl/17.2/fxgl-17.2.jar!/fxglassets/textures/fxgl_default_cursor.png
08:04:34.078 [FXGL Background Thread 4 ] DEBUG FXGLAssetLoaderServi - Loading from file system: jar:file:///C:/Users/Usuario/.m2/repository/com/github/almasb/fxgl/17.2/fxgl-17.2.jar!/fxglassets/ui/fonts/TerminalLandMono-Regular.otf
08:04:34.080 [JavaFX Application Thread] DEBUG Input                - Registered new binding: Screenshot - CTRL+8
08:04:34.080 [JavaFX Application Thread] DEBUG Input                - Registered new binding: System info dump - CTRL+9
08:04:34.080 [JavaFX Application Thread] DEBUG Input                - Registered new binding: Restart - CTRL+R
08:04:34.081 [JavaFX Application Thread] DEBUG Input                - Registered new binding: Toggle Debug Camera - CTRL+7
08:04:34.084 [JavaFX Application Thread] DEBUG LoopRunner           - Starting loop
08:04:34.084 [JavaFX Application Thread] DEBUG LoopRunner           - Initializing JavaFX AnimationTimerLoop
08:04:34.085 [JavaFX Application Thread] DEBUG GameApplicationServi - Starting new game
08:04:34.086 [JavaFX Application Thread] DEBUG Input                - Clearing active input actions
08:04:34.102 [JavaFX Application Thread] DEBUG GameApplicationServi - Removing overlay from FXGLStartupScene and adding to FXGLLoadingScene
08:04:34.102 [JavaFX Application Thread] DEBUG PrimaryStageWindow   - FXGLStartupScene -> FXGLLoadingScene
08:04:34.102 [JavaFX Application Thread] DEBUG GameApplicationServi - Clearing previous game
08:04:34.102 [JavaFX Application Thread] DEBUG GameScene            - Clearing game scene
08:04:34.103 [JavaFX Application Thread] DEBUG GameWorld            - Clearing game world
08:04:34.103 [JavaFX Application Thread] DEBUG PhysicsWorld         - Clearing physics world
08:04:34.105 [FXGL Background Thread 1 ] DEBUG FXGLApplication      - Initializing game
08:04:34.120 [FXGL Background Thread 4 ] DEBUG FXGLAssetLoaderServi - Loading from file system: jar:file:///C:/Users/Usuario/.m2/repository/com/github/almasb/fxgl/17.2/fxgl-17.2.jar!/fxglassets/ui/fonts/Courier-Prime.ttf
08:04:34.164 [JavaFX Application Thread] DEBUG FXGLApplication      - Registering font factories with UI factory
08:04:34.167 [JavaFX Application Thread] DEBUG LoopRunner           - Stopping loop
08:04:34.172 [JavaFX Application Thread] FATAL FXGLApplication      - Uncaught Exception:
java.lang.RuntimeException: Initialization failed
	at com.almasb.fxgl.all@17.2/com.almasb.fxgl.app.FXGLApplication$InitAppTask.failed(FXGLApplication.kt:343)
	at javafx.graphics@21-ea/javafx.concurrent.Task.setState(Task.java:710)
	at javafx.graphics@21-ea/javafx.concurrent.Task$TaskCallable.lambda$call$2(Task.java:1429)
	at javafx.graphics@21-ea/com.sun.javafx.application.PlatformImpl.lambda$runLater$10(PlatformImpl.java:456)
	at java.base/java.security.AccessController.doPrivileged(AccessController.java:400)
	at javafx.graphics@21-ea/com.sun.javafx.application.PlatformImpl.lambda$runLater$11(PlatformImpl.java:455)
	at javafx.graphics@21-ea/com.sun.glass.ui.InvokeLaterDispatcher$Future.run(InvokeLaterDispatcher.java:95)
	at javafx.graphics@21-ea/com.sun.glass.ui.win.WinApplication._runLoop(Native Method)
	at javafx.graphics@21-ea/com.sun.glass.ui.win.WinApplication.lambda$runLoop$3(WinApplication.java:185)
	at java.base/java.lang.Thread.run(Thread.java:1583)
Caused by: java.lang.IllegalArgumentException: Invalid URL or resource not found
	at javafx.graphics@21-ea/javafx.scene.image.Image.validateUrl(Image.java:1122)
	at javafx.graphics@21-ea/javafx.scene.image.Image.<init>(Image.java:627)
	at com.demo.fxgldemo/com.demo.fxgldemo.factories.DemoFactory.newBackground(DemoFactory.java:89)
	at java.base/jdk.internal.reflect.DirectMethodHandleAccessor.invoke(DirectMethodHandleAccessor.java:103)
	at java.base/java.lang.reflect.Method.invoke(Method.java:580)
	at com.almasb.fxgl.core@17.2/com.almasb.fxgl.core.reflect.ReflectionUtils.call(ReflectionUtils.java:104)
	at com.almasb.fxgl.core@17.2/com.almasb.fxgl.core.reflect.ReflectionUtils.lambda$mapToFunction$3(ReflectionUtils.java:111)
	at com.almasb.fxgl.entity@17.2/com.almasb.fxgl.entity.GameWorld$create$2.invoke(GameWorld.kt:430)
	at com.almasb.fxgl.entity@17.2/com.almasb.fxgl.entity.GameWorld$create$2.invoke(GameWorld.kt:430)
	at com.almasb.fxgl.core@17.2/com.almasb.fxgl.core.util.DSLKt.tryCatchRoot(DSL.kt:34)
	at com.almasb.fxgl.entity@17.2/com.almasb.fxgl.entity.GameWorld.create(GameWorld.kt:430)
	at com.almasb.fxgl.entity@17.2/com.almasb.fxgl.entity.GameWorld.spawn(GameWorld.kt:396)
	at com.almasb.fxgl.entity@17.2/com.almasb.fxgl.entity.GameWorld.spawn(GameWorld.kt:384)
	at com.almasb.fxgl.entity@17.2/com.almasb.fxgl.entity.GameWorld.spawn(GameWorld.kt:359)
	at com.almasb.fxgl.all@17.2/com.almasb.fxgl.dsl.FXGL$Companion.spawn(FXGL.kt:555)
	at com.almasb.fxgl.all@17.2/com.almasb.fxgl.dsl.FXGL.spawn(FXGL.kt)
	at com.demo.fxgldemo/com.demo.fxgldemo.demoCuboApp.initGame(demoCuboApp.java:48)
	at com.almasb.fxgl.all@17.2/com.almasb.fxgl.app.FXGLApplication$InitAppTask.initGame(FXGLApplication.kt:339)
	at com.almasb.fxgl.all@17.2/com.almasb.fxgl.app.FXGLApplication$InitAppTask.call(FXGLApplication.kt:319)
	at com.almasb.fxgl.all@17.2/com.almasb.fxgl.app.FXGLApplication$InitAppTask.call(FXGLApplication.kt:311)
	at javafx.graphics@21-ea/javafx.concurrent.Task$TaskCallable.call(Task.java:1399)
	at java.base/java.util.concurrent.FutureTask.run(FutureTask.java:317)
	at java.base/java.util.concurrent.Executors$RunnableAdapter.call(Executors.java:572)
	at java.base/java.util.concurrent.FutureTask.run(FutureTask.java:317)
	at java.base/java.util.concurrent.ThreadPoolExecutor.runWorker(ThreadPoolExecutor.java:1144)
	at java.base/java.util.concurrent.ThreadPoolExecutor$Worker.run(ThreadPoolExecutor.java:642)
	... 1 more

08:04:34.173 [JavaFX Application Thread] FATAL FXGLApplication      - Application will now exit
08:04:34.211 [JavaFX Application Thread] DEBUG PrimaryStageWindow   - Push state: ErrorSubScene
08:04:34.212 [JavaFX Application Thread] DEBUG Input                - Clearing active input actions
08:04:34.220 [JavaFX Application Thread] DEBUG GameApplicationServi - Removing overlay from FXGLLoadingScene and adding to ErrorSubScene
08:04:34.221 [JavaFX Application Thread] DEBUG PrimaryStageWindow   - FXGLLoadingScene -> ErrorSubScene
08:04:34.615 [FXGL Background Thread 2 ] INFO  UpdaterService       - Your current version:  17.2
08:04:34.616 [FXGL Background Thread 2 ] INFO  UpdaterService       - Latest stable version: 21
08:04:36.347 [JavaFX Application Thread] DEBUG FXGLApplication      - Exiting FXGL
08:04:36.347 [JavaFX Application Thread] DEBUG Async                - Shutting down background threads
08:04:36.348 [JavaFX Application Thread] DEBUG PrimaryStageWindow   - Closing main window
08:04:36.362 [JavaFX Application Thread] DEBUG Logger               - Closing Logger
