08:50:38.624 [main                     ] DEBUG Logger               - Configured Logger
08:50:38.649 [main                     ] DEBUG GameApplication      - Logging settings
Title: Probando demoCuboApp
Version: 0.0
Width: 800
Height: 600
Fullscreen: false
Intro: false
Profiling: false
Single step:false
App Mode: DEVELOPER
Menu Key: ESCAPE
Stage Style: DECORATED
Scene Factory: class com.almasb.fxgl.app.scene.SceneFactory

08:50:38.928 [JavaFX Application Thread] DEBUG FXGLApplication      - Initializing FXGL
08:50:38.933 [JavaFX Application Thread] INFO  Engine               - FXGL-17.2 (20.08.2022 16.50) on WINDOWS (J:21.0.1 FX:21-ea)
08:50:38.934 [JavaFX Application Thread] DEBUG Engine               - JRE Vendor Name: Oracle Corporation
08:50:38.934 [JavaFX Application Thread] DEBUG Engine               - Running on OS: Windows 10 version 10.0
08:50:38.934 [JavaFX Application Thread] DEBUG Engine               - Architecture: amd64
08:50:38.934 [JavaFX Application Thread] INFO  Engine               - Source code and latest versions at: https://github.com/AlmasB/FXGL
08:50:38.935 [JavaFX Application Thread] INFO  Engine               -       Ask questions and discuss at: https://github.com/AlmasB/FXGL/discussions
08:50:38.935 [JavaFX Application Thread] INFO  Engine               -              Join the FXGL chat at: https://gitter.im/AlmasB/FXGL
08:50:39.024 [JavaFX Application Thread] DEBUG PrimaryStageWindow   - Creating a JavaFX scene
08:50:39.081 [JavaFX Application Thread] DEBUG PrimaryStageWindow   - Target settings size: 800.0 x 600.0
08:50:39.081 [JavaFX Application Thread] DEBUG PrimaryStageWindow   - Scaled scene size:    800.0 x 600.0
08:50:39.081 [JavaFX Application Thread] DEBUG PrimaryStageWindow   - Scaled ratio: (1.0, 1.0)
08:50:39.082 [JavaFX Application Thread] DEBUG PrimaryStageWindow   - Set initial scene to FXGLStartupScene
08:50:39.086 [JavaFX Application Thread] DEBUG PrimaryStageWindow   - Opening main window
08:50:39.179 [JavaFX Application Thread] DEBUG PrimaryStageWindow   - Window border size: (14.4000244140625, 37.5999755859375)
08:50:39.179 [JavaFX Application Thread] DEBUG PrimaryStageWindow   - Scaled size: 800.0 x 600.0
08:50:39.179 [JavaFX Application Thread] DEBUG PrimaryStageWindow   - Scaled ratio: (1.0, 1.0)
08:50:39.180 [JavaFX Application Thread] DEBUG PrimaryStageWindow   - Scene size: 800.0 x 600.0
08:50:39.180 [JavaFX Application Thread] DEBUG PrimaryStageWindow   - Stage size: 814.4000244140625 x 637.5999755859375
08:50:39.187 [FXGL Background Thread 1 ] DEBUG Engine               - Initializing environment variables
08:50:39.277 [FXGL Background Thread 1 ] DEBUG FXGLAssetLoaderServi - User app class for loading assets: class com.demo.fxgldemo.demoCuboApp
08:50:39.278 [FXGL Background Thread 1 ] DEBUG GameApplicationServi - Applying CSS: fxgl_dark.css
08:50:39.280 [FXGL Background Thread 1 ] DEBUG FXGLAssetLoaderServi - Loading from file system: jar:file:///C:/Users/Usuario/.m2/repository/com/github/almasb/fxgl/17.2/fxgl-17.2.jar!/fxglassets/ui/css/fxgl_dark.css
08:50:39.340 [FXGL Background Thread 1 ] DEBUG GameApplicationServi - Initializing application scenes
08:50:39.398 [FXGL Background Thread 1 ] DEBUG GameWorld            - Game world initialized
08:50:39.479 [FXGL Background Thread 1 ] DEBUG PhysicsWorld         - Physics world initialized: appHeight=600, physics.ppm=50,0
08:50:39.479 [FXGL Background Thread 1 ] DEBUG PhysicsWorld         - Using strategy: BRUTE_FORCE
08:50:39.485 [FXGL Background Thread 1 ] DEBUG GameScene            - Game scene initialized: 800x600
08:50:39.500 [FXGL Background Thread 1 ] DEBUG FXGL.DefaultMenu     - createMenuBodyGameMenu()
08:50:39.514 [FXGL Background Thread 1 ] DEBUG FXGL.DefaultMenu     - createOptionsMenu()
08:50:39.524 [FXGL Background Thread 1 ] DEBUG FXGLAssetLoaderServi - Loading from file system: jar:file:///C:/Users/Usuario/.m2/repository/com/github/almasb/fxgl/17.2/fxgl-17.2.jar!/fxglassets/textures/particles/smoke.png
08:50:39.621 [FXGL Background Thread 1 ] DEBUG FXGLAssetLoaderServi - Loading from file system: jar:file:///C:/Users/Usuario/.m2/repository/com/github/almasb/fxgl/17.2/fxgl-17.2.jar!/fxglassets/textures/particles/trace_horizontal.png
08:50:39.650 [FXGL Background Thread 1 ] DEBUG GameApplicationServi - Application scenes initialized
08:50:39.661 [FXGL Background Thread 1 ] DEBUG SystemBundleService  - Loading FXGL system data
08:50:39.664 [FXGL Background Thread 1 ] DEBUG FileSystemAccess     - Reading from: F:\Proyectos javafx\javafxgl\fxgl-demo\system\fxgl.bundle
08:50:39.673 [FXGL Background Thread 1 ] DEBUG SystemBundleService  - Bundle FXGL: {}
08:50:39.673 [FXGL Background Thread 1 ] DEBUG UpdaterService       - Checking for updates
08:50:39.677 [FXGL Background Thread 4 ] DEBUG FXGLApplication      - Loading fonts
08:50:39.677 [FXGL Background Thread 1 ] DEBUG FXGLApplication      - Loading default localization
08:50:39.678 [FXGL Background Thread 4 ] DEBUG FXGLAssetLoaderServi - Loading from file system: jar:file:///C:/Users/Usuario/.m2/repository/com/github/almasb/fxgl/17.2/fxgl-17.2.jar!/fxglassets/ui/fonts/VarelaRound-Regular.ttf
08:50:39.678 [FXGL Background Thread 1 ] DEBUG FXGLAssetLoaderServi - Loading from file system: jar:file:///C:/Users/Usuario/.m2/repository/com/github/almasb/fxgl/17.2/fxgl-17.2.jar!/fxglassets/languages/english.lang
08:50:39.708 [FXGL Background Thread 1 ] INFO  FXGLApplication      - FXGL initialization took: 0,521 sec
08:50:39.717 [FXGL Background Thread 4 ] DEBUG FXGLAssetLoaderServi - Loading from file system: jar:file:///C:/Users/Usuario/.m2/repository/com/github/almasb/fxgl/17.2/fxgl-17.2.jar!/fxglassets/ui/fonts/Abel-Regular.ttf
08:50:39.723 [JavaFX Application Thread] DEBUG Input                - Registered new binding: action0 - A
08:50:39.723 [JavaFX Application Thread] DEBUG Input                - Registered new binding: action1 - D
08:50:39.723 [JavaFX Application Thread] DEBUG Input                - Registered new binding: action2 - W
08:50:39.724 [JavaFX Application Thread] DEBUG Input                - Registered new binding: action3 - S
08:50:39.724 [JavaFX Application Thread] DEBUG Input                - Registered new binding: action4 - J
08:50:39.725 [JavaFX Application Thread] DEBUG Input                - Registered new binding: action5 - L
08:50:39.725 [JavaFX Application Thread] DEBUG Input                - Registered new binding: action6 - I
08:50:39.725 [JavaFX Application Thread] DEBUG Input                - Registered new binding: action7 - K
08:50:39.726 [JavaFX Application Thread] DEBUG FXGLAssetLoaderServi - Loading from file system: jar:file:///C:/Users/Usuario/.m2/repository/com/github/almasb/fxgl/17.2/fxgl-17.2.jar!/fxglassets/textures/fxgl_icon.png
08:50:39.728 [FXGL Background Thread 4 ] DEBUG FXGLAssetLoaderServi - Loading from file system: jar:file:///C:/Users/Usuario/.m2/repository/com/github/almasb/fxgl/17.2/fxgl-17.2.jar!/fxglassets/ui/fonts/TerminalLandMono-Regular.otf
08:50:39.740 [FXGL Background Thread 4 ] DEBUG FXGLAssetLoaderServi - Loading from file system: jar:file:///C:/Users/Usuario/.m2/repository/com/github/almasb/fxgl/17.2/fxgl-17.2.jar!/fxglassets/ui/fonts/Courier-Prime.ttf
08:50:39.754 [JavaFX Application Thread] DEBUG FXGLAssetLoaderServi - Loading from file system: jar:file:///C:/Users/Usuario/.m2/repository/com/github/almasb/fxgl/17.2/fxgl-17.2.jar!/fxglassets/textures/fxgl_default_cursor.png
08:50:39.757 [JavaFX Application Thread] DEBUG Input                - Registered new binding: Screenshot - CTRL+8
08:50:39.758 [JavaFX Application Thread] DEBUG Input                - Registered new binding: System info dump - CTRL+9
08:50:39.759 [JavaFX Application Thread] DEBUG Input                - Registered new binding: Restart - CTRL+R
08:50:39.760 [JavaFX Application Thread] DEBUG Input                - Registered new binding: Toggle Debug Camera - CTRL+7
08:50:39.764 [JavaFX Application Thread] DEBUG LoopRunner           - Starting loop
08:50:39.764 [JavaFX Application Thread] DEBUG LoopRunner           - Initializing JavaFX AnimationTimerLoop
08:50:39.766 [JavaFX Application Thread] DEBUG GameApplicationServi - Starting new game
08:50:39.766 [JavaFX Application Thread] DEBUG Input                - Clearing active input actions
08:50:39.779 [JavaFX Application Thread] DEBUG GameApplicationServi - Removing overlay from FXGLStartupScene and adding to FXGLLoadingScene
08:50:39.780 [JavaFX Application Thread] DEBUG PrimaryStageWindow   - FXGLStartupScene -> FXGLLoadingScene
08:50:39.780 [JavaFX Application Thread] DEBUG GameApplicationServi - Clearing previous game
08:50:39.780 [JavaFX Application Thread] DEBUG GameScene            - Clearing game scene
08:50:39.780 [JavaFX Application Thread] DEBUG GameWorld            - Clearing game world
08:50:39.780 [JavaFX Application Thread] DEBUG PhysicsWorld         - Clearing physics world
08:50:39.782 [JavaFX Application Thread] DEBUG FXGLApplication      - Registering font factories with UI factory
08:50:39.833 [FXGL Background Thread 4 ] INFO  FXGLApplication      - Game initialization took: 0,051 sec
08:50:39.840 [JavaFX Application Thread] DEBUG Input                - Clearing active input actions
08:50:39.846 [JavaFX Application Thread] DEBUG GameApplicationServi - Removing overlay from FXGLLoadingScene and adding to GameScene
08:50:39.846 [JavaFX Application Thread] DEBUG PrimaryStageWindow   - FXGLLoadingScene -> GameScene
08:50:40.147 [FXGL Background Thread 2 ] INFO  UpdaterService       - Your current version:  17.2
08:50:40.147 [FXGL Background Thread 2 ] INFO  UpdaterService       - Latest stable version: 21
08:50:42.461 [JavaFX Application Thread] DEBUG FXGLApplication      - Exiting FXGL
08:50:42.461 [JavaFX Application Thread] DEBUG LoopRunner           - Stopping loop
08:50:42.461 [JavaFX Application Thread] DEBUG SystemBundleService  - Saving FXGL system data
08:50:42.463 [JavaFX Application Thread] DEBUG FileSystemAccess     - Writing to: F:\Proyectos javafx\javafxgl\fxgl-demo\system\fxgl.bundle
08:50:42.465 [JavaFX Application Thread] DEBUG Async                - Shutting down background threads
08:50:42.465 [JavaFX Application Thread] DEBUG PrimaryStageWindow   - Closing main window
08:50:42.484 [JavaFX Application Thread] DEBUG Logger               - Closing Logger
