08:41:37.830 [main                     ] DEBUG Logger               - Configured Logger
08:41:37.856 [main                     ] DEBUG GameApplication      - Logging settings
Title: Probando demoCuboApp
Version: 0.0
Width: 800
Height: 600
Fullscreen: false
Intro: false
Profiling: false
Single step:false
App Mode: DEVELOPER
Menu Key: ESCAPE
Stage Style: DECORATED
Scene Factory: class com.almasb.fxgl.app.scene.SceneFactory

08:41:38.193 [JavaFX Application Thread] DEBUG FXGLApplication      - Initializing FXGL
08:41:38.197 [JavaFX Application Thread] INFO  Engine               - FXGL-17.2 (20.08.2022 16.50) on WINDOWS (J:21.0.1 FX:21-ea)
08:41:38.197 [JavaFX Application Thread] DEBUG Engine               - JRE Vendor Name: Oracle Corporation
08:41:38.197 [JavaFX Application Thread] DEBUG Engine               - Running on OS: Windows 10 version 10.0
08:41:38.197 [JavaFX Application Thread] DEBUG Engine               - Architecture: amd64
08:41:38.197 [JavaFX Application Thread] INFO  Engine               - Source code and latest versions at: https://github.com/AlmasB/FXGL
08:41:38.198 [JavaFX Application Thread] INFO  Engine               -       Ask questions and discuss at: https://github.com/AlmasB/FXGL/discussions
08:41:38.198 [JavaFX Application Thread] INFO  Engine               -              Join the FXGL chat at: https://gitter.im/AlmasB/FXGL
08:41:38.285 [JavaFX Application Thread] DEBUG PrimaryStageWindow   - Creating a JavaFX scene
08:41:38.364 [JavaFX Application Thread] DEBUG PrimaryStageWindow   - Target settings size: 800.0 x 600.0
08:41:38.365 [JavaFX Application Thread] DEBUG PrimaryStageWindow   - Scaled scene size:    800.0 x 600.0
08:41:38.365 [JavaFX Application Thread] DEBUG PrimaryStageWindow   - Scaled ratio: (1.0, 1.0)
08:41:38.366 [JavaFX Application Thread] DEBUG PrimaryStageWindow   - Set initial scene to FXGLStartupScene
08:41:38.369 [JavaFX Application Thread] DEBUG PrimaryStageWindow   - Opening main window
08:41:38.475 [JavaFX Application Thread] DEBUG PrimaryStageWindow   - Window border size: (14.4000244140625, 37.5999755859375)
08:41:38.476 [JavaFX Application Thread] DEBUG PrimaryStageWindow   - Scaled size: 800.0 x 600.0
08:41:38.476 [JavaFX Application Thread] DEBUG PrimaryStageWindow   - Scaled ratio: (1.0, 1.0)
08:41:38.476 [JavaFX Application Thread] DEBUG PrimaryStageWindow   - Scene size: 800.0 x 600.0
08:41:38.477 [JavaFX Application Thread] DEBUG PrimaryStageWindow   - Stage size: 814.4000244140625 x 637.5999755859375
08:41:38.484 [FXGL Background Thread 1 ] DEBUG Engine               - Initializing environment variables
08:41:38.557 [FXGL Background Thread 1 ] DEBUG FXGLAssetLoaderServi - User app class for loading assets: class com.demo.fxgldemo.demoCuboApp
08:41:38.557 [FXGL Background Thread 1 ] DEBUG GameApplicationServi - Applying CSS: fxgl_dark.css
08:41:38.558 [FXGL Background Thread 1 ] DEBUG FXGLAssetLoaderServi - Loading from file system: jar:file:///C:/Users/Usuario/.m2/repository/com/github/almasb/fxgl/17.2/fxgl-17.2.jar!/fxglassets/ui/css/fxgl_dark.css
08:41:38.603 [FXGL Background Thread 1 ] DEBUG GameApplicationServi - Initializing application scenes
08:41:38.642 [FXGL Background Thread 1 ] DEBUG GameWorld            - Game world initialized
08:41:38.711 [FXGL Background Thread 1 ] DEBUG PhysicsWorld         - Physics world initialized: appHeight=600, physics.ppm=50,0
08:41:38.711 [FXGL Background Thread 1 ] DEBUG PhysicsWorld         - Using strategy: BRUTE_FORCE
08:41:38.714 [FXGL Background Thread 1 ] DEBUG GameScene            - Game scene initialized: 800x600
08:41:38.727 [FXGL Background Thread 1 ] DEBUG FXGL.DefaultMenu     - createMenuBodyGameMenu()
08:41:38.742 [FXGL Background Thread 1 ] DEBUG FXGL.DefaultMenu     - createOptionsMenu()
08:41:38.752 [FXGL Background Thread 1 ] DEBUG FXGLAssetLoaderServi - Loading from file system: jar:file:///C:/Users/Usuario/.m2/repository/com/github/almasb/fxgl/17.2/fxgl-17.2.jar!/fxglassets/textures/particles/smoke.png
08:41:38.873 [FXGL Background Thread 1 ] DEBUG FXGLAssetLoaderServi - Loading from file system: jar:file:///C:/Users/Usuario/.m2/repository/com/github/almasb/fxgl/17.2/fxgl-17.2.jar!/fxglassets/textures/particles/trace_horizontal.png
08:41:38.901 [FXGL Background Thread 1 ] DEBUG GameApplicationServi - Application scenes initialized
08:41:38.915 [FXGL Background Thread 1 ] DEBUG SystemBundleService  - Loading FXGL system data
08:41:38.919 [FXGL Background Thread 1 ] DEBUG FileSystemAccess     - Reading from: F:\Proyectos javafx\javafxgl\fxgl-demo\system\fxgl.bundle
08:41:38.932 [FXGL Background Thread 1 ] DEBUG SystemBundleService  - Bundle FXGL: {}
08:41:38.932 [FXGL Background Thread 1 ] DEBUG UpdaterService       - Checking for updates
08:41:38.939 [FXGL Background Thread 4 ] DEBUG FXGLApplication      - Loading fonts
08:41:38.940 [FXGL Background Thread 4 ] DEBUG FXGLAssetLoaderServi - Loading from file system: jar:file:///C:/Users/Usuario/.m2/repository/com/github/almasb/fxgl/17.2/fxgl-17.2.jar!/fxglassets/ui/fonts/VarelaRound-Regular.ttf
08:41:38.940 [FXGL Background Thread 1 ] DEBUG FXGLApplication      - Loading default localization
08:41:38.941 [FXGL Background Thread 1 ] DEBUG FXGLAssetLoaderServi - Loading from file system: jar:file:///C:/Users/Usuario/.m2/repository/com/github/almasb/fxgl/17.2/fxgl-17.2.jar!/fxglassets/languages/english.lang
08:41:38.980 [FXGL Background Thread 1 ] INFO  FXGLApplication      - FXGL initialization took: 0,495 sec
08:41:38.988 [FXGL Background Thread 4 ] DEBUG FXGLAssetLoaderServi - Loading from file system: jar:file:///C:/Users/Usuario/.m2/repository/com/github/almasb/fxgl/17.2/fxgl-17.2.jar!/fxglassets/ui/fonts/Abel-Regular.ttf
08:41:38.992 [JavaFX Application Thread] DEBUG Input                - Registered new binding: Left - A
08:41:38.992 [JavaFX Application Thread] DEBUG Input                - Registered new binding: Right - D
08:41:38.993 [JavaFX Application Thread] DEBUG FXGLAssetLoaderServi - Loading from file system: jar:file:///C:/Users/Usuario/.m2/repository/com/github/almasb/fxgl/17.2/fxgl-17.2.jar!/fxglassets/textures/fxgl_icon.png
08:41:38.999 [FXGL Background Thread 4 ] DEBUG FXGLAssetLoaderServi - Loading from file system: jar:file:///C:/Users/Usuario/.m2/repository/com/github/almasb/fxgl/17.2/fxgl-17.2.jar!/fxglassets/ui/fonts/TerminalLandMono-Regular.otf
08:41:39.010 [FXGL Background Thread 4 ] DEBUG FXGLAssetLoaderServi - Loading from file system: jar:file:///C:/Users/Usuario/.m2/repository/com/github/almasb/fxgl/17.2/fxgl-17.2.jar!/fxglassets/ui/fonts/Courier-Prime.ttf
08:41:39.017 [JavaFX Application Thread] DEBUG FXGLAssetLoaderServi - Loading from file system: jar:file:///C:/Users/Usuario/.m2/repository/com/github/almasb/fxgl/17.2/fxgl-17.2.jar!/fxglassets/textures/fxgl_default_cursor.png
08:41:39.020 [JavaFX Application Thread] DEBUG Input                - Registered new binding: Screenshot - CTRL+8
08:41:39.021 [JavaFX Application Thread] DEBUG Input                - Registered new binding: System info dump - CTRL+9
08:41:39.021 [JavaFX Application Thread] DEBUG Input                - Registered new binding: Restart - CTRL+R
08:41:39.022 [JavaFX Application Thread] DEBUG Input                - Registered new binding: Toggle Debug Camera - CTRL+7
08:41:39.024 [JavaFX Application Thread] DEBUG LoopRunner           - Starting loop
08:41:39.024 [JavaFX Application Thread] DEBUG LoopRunner           - Initializing JavaFX AnimationTimerLoop
08:41:39.027 [JavaFX Application Thread] DEBUG GameApplicationServi - Starting new game
08:41:39.027 [JavaFX Application Thread] DEBUG Input                - Clearing active input actions
08:41:39.043 [JavaFX Application Thread] DEBUG GameApplicationServi - Removing overlay from FXGLStartupScene and adding to FXGLLoadingScene
08:41:39.044 [JavaFX Application Thread] DEBUG PrimaryStageWindow   - FXGLStartupScene -> FXGLLoadingScene
08:41:39.044 [JavaFX Application Thread] DEBUG GameApplicationServi - Clearing previous game
08:41:39.044 [JavaFX Application Thread] DEBUG GameScene            - Clearing game scene
08:41:39.044 [JavaFX Application Thread] DEBUG GameWorld            - Clearing game world
08:41:39.044 [JavaFX Application Thread] DEBUG PhysicsWorld         - Clearing physics world
08:41:39.046 [FXGL Background Thread 4 ] DEBUG FXGLApplication      - Initializing game
08:41:39.046 [JavaFX Application Thread] DEBUG FXGLApplication      - Registering font factories with UI factory
08:41:39.095 [FXGL Background Thread 4 ] INFO  FXGLApplication      - Game initialization took: 0,049 sec
08:41:39.104 [JavaFX Application Thread] DEBUG Input                - Clearing active input actions
08:41:39.113 [JavaFX Application Thread] DEBUG GameApplicationServi - Removing overlay from FXGLLoadingScene and adding to GameScene
08:41:39.114 [JavaFX Application Thread] DEBUG PrimaryStageWindow   - FXGLLoadingScene -> GameScene
08:41:39.433 [FXGL Background Thread 2 ] INFO  UpdaterService       - Your current version:  17.2
08:41:39.433 [FXGL Background Thread 2 ] INFO  UpdaterService       - Latest stable version: 21
08:41:40.421 [JavaFX Application Thread] DEBUG LoopRunner           - Stopping loop
08:41:40.425 [JavaFX Application Thread] FATAL FXGLApplication      - Uncaught Exception:
java.lang.IllegalArgumentException: Component PlayerCuboComponent not found!
	at com.almasb.fxgl.entity@17.2/com.almasb.fxgl.entity.Entity.getComponent(Entity.java:366)
	at com.demo.fxgldemo/com.demo.fxgldemo.demoCuboApp$2.onAction(demoCuboApp.java:60)
	at com.almasb.fxgl.core@17.2/com.almasb.fxgl.input.UserAction.action$fxgl_core(UserAction.kt:38)
	at com.almasb.fxgl.core@17.2/com.almasb.fxgl.input.Input.update(Input.kt:288)
	at com.almasb.fxgl.scene@17.2/com.almasb.fxgl.scene.Scene.update(Scene.kt:103)
	at com.almasb.fxgl.all@17.2/com.almasb.fxgl.app.MainWindow$update$1.invoke(MainWindow.kt:115)
	at com.almasb.fxgl.all@17.2/com.almasb.fxgl.app.MainWindow$update$1.invoke(MainWindow.kt:115)
	at com.almasb.fxgl.core@17.2/com.almasb.fxgl.core.fsm.StateMachine.runOnActiveStates(StateMachine.kt:69)
	at com.almasb.fxgl.all@17.2/com.almasb.fxgl.app.MainWindow.update(MainWindow.kt:115)
	at com.almasb.fxgl.all@17.2/com.almasb.fxgl.app.FXGLApplication$GameApplicationService.onUpdate(FXGLApplication.kt:426)
	at com.almasb.fxgl.all@17.2/com.almasb.fxgl.app.Engine.loop(Engine.kt:134)
	at com.almasb.fxgl.all@17.2/com.almasb.fxgl.app.Engine.access$loop(Engine.kt:24)
	at com.almasb.fxgl.all@17.2/com.almasb.fxgl.app.Engine$loop$1.invoke(Engine.kt:28)
	at com.almasb.fxgl.all@17.2/com.almasb.fxgl.app.Engine$loop$1.invoke(Engine.kt:28)
	at com.almasb.fxgl.all@17.2/com.almasb.fxgl.app.LoopRunner.frame(LoopRunner.kt:103)
	at com.almasb.fxgl.all@17.2/com.almasb.fxgl.app.LoopRunner.access$frame(LoopRunner.kt:23)
	at com.almasb.fxgl.all@17.2/com.almasb.fxgl.app.LoopRunner$impl$2$1.onTick(LoopRunner.kt:57)
	at com.almasb.fxgl.all@17.2/com.almasb.fxgl.app.AnimationTimerLoop$timer$1.handle(LoopRunner.kt:137)
	at javafx.graphics@21-ea/javafx.animation.AnimationTimer$AnimationTimerReceiver.lambda$handle$0(AnimationTimer.java:58)
	at java.base/java.security.AccessController.doPrivileged(AccessController.java:400)
	at javafx.graphics@21-ea/javafx.animation.AnimationTimer$AnimationTimerReceiver.handle(AnimationTimer.java:57)
	at javafx.graphics@21-ea/com.sun.scenario.animation.AbstractPrimaryTimer.timePulseImpl(AbstractPrimaryTimer.java:356)
	at javafx.graphics@21-ea/com.sun.scenario.animation.AbstractPrimaryTimer$MainLoop.run(AbstractPrimaryTimer.java:266)
	at javafx.graphics@21-ea/com.sun.javafx.tk.quantum.QuantumToolkit.pulse(QuantumToolkit.java:588)
	at javafx.graphics@21-ea/com.sun.javafx.tk.quantum.QuantumToolkit.pulse(QuantumToolkit.java:572)
	at javafx.graphics@21-ea/com.sun.javafx.tk.quantum.QuantumToolkit.pulseFromQueue(QuantumToolkit.java:565)
	at javafx.graphics@21-ea/com.sun.javafx.tk.quantum.QuantumToolkit.lambda$runToolkit$11(QuantumToolkit.java:352)
	at javafx.graphics@21-ea/com.sun.glass.ui.InvokeLaterDispatcher$Future.run(InvokeLaterDispatcher.java:95)
	at javafx.graphics@21-ea/com.sun.glass.ui.win.WinApplication._runLoop(Native Method)
	at javafx.graphics@21-ea/com.sun.glass.ui.win.WinApplication.lambda$runLoop$3(WinApplication.java:185)
	at java.base/java.lang.Thread.run(Thread.java:1583)

08:41:40.426 [JavaFX Application Thread] FATAL FXGLApplication      - Application will now exit
08:41:40.467 [JavaFX Application Thread] DEBUG PrimaryStageWindow   - Push state: ErrorSubScene
08:41:40.467 [JavaFX Application Thread] DEBUG Input                - Clearing active input actions
08:41:41.937 [FXGL Background Thread 3 ] DEBUG Engine               - Logging environment variables
08:41:41.939 [FXGL Background Thread 3 ] DEBUG Engine               - achievements: []
08:41:41.939 [FXGL Background Thread 3 ] DEBUG Engine               - actualHeight: 600.0
08:41:41.940 [FXGL Background Thread 3 ] DEBUG Engine               - actualHeightProperty: ReadOnlyDoubleProperty [value: 600.0]
08:41:41.940 [FXGL Background Thread 3 ] DEBUG Engine               - actualWidth: 800.0
08:41:41.940 [FXGL Background Thread 3 ] DEBUG Engine               - actualWidthProperty: ReadOnlyDoubleProperty [value: 800.0]
08:41:41.941 [FXGL Background Thread 3 ] DEBUG Engine               - appIcon: fxgl_icon.png
08:41:41.941 [FXGL Background Thread 3 ] DEBUG Engine               - applicationMode: DEVELOPER
08:41:41.941 [FXGL Background Thread 3 ] DEBUG Engine               - cSSList: [fxgl_dark.css]
08:41:41.941 [FXGL Background Thread 3 ] DEBUG Engine               - collisionDetectionStrategy: BRUTE_FORCE
08:41:41.942 [FXGL Background Thread 3 ] DEBUG Engine               - configClass: Optional.empty
08:41:41.942 [FXGL Background Thread 3 ] DEBUG Engine               - credits: []
08:41:41.943 [FXGL Background Thread 3 ] DEBUG Engine               - defaultCursor: CursorInfo(imageName=fxgl_default_cursor.png, hotspotX=7.0, hotspotY=6.0)
08:41:41.943 [FXGL Background Thread 3 ] DEBUG Engine               - devBBoxColorProperty: ObjectProperty [value: 0xff0000ff]
08:41:41.944 [FXGL Background Thread 3 ] DEBUG Engine               - devEnableDebugCameraProperty: BooleanProperty [value: false]
08:41:41.944 [FXGL Background Thread 3 ] DEBUG Engine               - devSensorColorProperty: ObjectProperty [value: 0xffff00ff]
08:41:41.945 [FXGL Background Thread 3 ] DEBUG Engine               - devShowBBoxProperty: BooleanProperty [value: false]
08:41:41.945 [FXGL Background Thread 3 ] DEBUG Engine               - devShowPositionProperty: BooleanProperty [value: false]
08:41:41.945 [FXGL Background Thread 3 ] DEBUG Engine               - enabledMenuItems: []
08:41:41.945 [FXGL Background Thread 3 ] DEBUG Engine               - engineServices: [class com.almasb.fxgl.app.services.FXGLAssetLoaderService, class com.almasb.fxgl.app.FXGLApplication$GameApplicationService, class com.almasb.fxgl.app.services.FXGLDialogService, class com.almasb.fxgl.app.services.IOTaskExecutorService, class com.almasb.fxgl.io.FileSystemService, class com.almasb.fxgl.localization.LocalizationService, class com.almasb.fxgl.app.services.SystemBundleService, class com.almasb.fxgl.profile.SaveLoadService, class com.almasb.fxgl.ui.FXGLUIFactoryServiceProvider, class com.almasb.fxgl.ui.FXGLDialogFactoryServiceProvider, class com.almasb.fxgl.audio.AudioPlayer, class com.almasb.fxgl.notification.impl.NotificationServiceProvider, class com.almasb.fxgl.achievement.AchievementService, class com.almasb.fxgl.cutscene.CutsceneService, class com.almasb.fxgl.minigames.MiniGameService, class com.almasb.fxgl.net.NetService, class com.almasb.fxgl.app.services.UpdaterService, class com.almasb.fxgl.dev.DevService]
08:41:41.946 [FXGL Background Thread 3 ] DEBUG Engine               - fontGame: Abel-Regular.ttf
08:41:41.946 [FXGL Background Thread 3 ] DEBUG Engine               - fontMono: TerminalLandMono-Regular.otf
08:41:41.946 [FXGL Background Thread 3 ] DEBUG Engine               - fontText: Courier-Prime.ttf
08:41:41.946 [FXGL Background Thread 3 ] DEBUG Engine               - fontUI: VarelaRound-Regular.ttf
08:41:41.947 [FXGL Background Thread 3 ] DEBUG Engine               - fullScreen: BooleanProperty [value: false]
08:41:41.947 [FXGL Background Thread 3 ] DEBUG Engine               - gameDifficulty: MEDIUM
08:41:41.947 [FXGL Background Thread 3 ] DEBUG Engine               - gameDifficultyProperty: ObjectProperty [value: MEDIUM]
08:41:41.947 [FXGL Background Thread 3 ] DEBUG Engine               - globalMusicVolume: 0.5
08:41:41.948 [FXGL Background Thread 3 ] DEBUG Engine               - globalMusicVolumeProperty: DoubleProperty [value: 0.5]
08:41:41.948 [FXGL Background Thread 3 ] DEBUG Engine               - globalSoundVolume: 0.5
08:41:41.948 [FXGL Background Thread 3 ] DEBUG Engine               - globalSoundVolumeProperty: DoubleProperty [value: 0.5]
08:41:41.949 [FXGL Background Thread 3 ] DEBUG Engine               - height: 600
08:41:41.949 [FXGL Background Thread 3 ] DEBUG Engine               - is3D: false
08:41:41.949 [FXGL Background Thread 3 ] DEBUG Engine               - isAndroid: false
08:41:41.949 [FXGL Background Thread 3 ] DEBUG Engine               - isBrowser: false
08:41:41.950 [FXGL Background Thread 3 ] DEBUG Engine               - isClickFeedbackEnabled: false
08:41:41.950 [FXGL Background Thread 3 ] DEBUG Engine               - isCloseConfirmation: false
08:41:41.950 [FXGL Background Thread 3 ] DEBUG Engine               - isDesktop: true
08:41:41.950 [FXGL Background Thread 3 ] DEBUG Engine               - isDeveloperMenuEnabled: false
08:41:41.951 [FXGL Background Thread 3 ] DEBUG Engine               - isEmbedded: false
08:41:41.951 [FXGL Background Thread 3 ] DEBUG Engine               - isEntityPreloadEnabled: true
08:41:41.951 [FXGL Background Thread 3 ] DEBUG Engine               - isExperimentalTiledLargeMap: false
08:41:41.951 [FXGL Background Thread 3 ] DEBUG Engine               - isFileSystemWriteAllowed: true
08:41:41.952 [FXGL Background Thread 3 ] DEBUG Engine               - isFullScreenAllowed: false
08:41:41.952 [FXGL Background Thread 3 ] DEBUG Engine               - isFullScreenFromStart: false
08:41:41.952 [FXGL Background Thread 3 ] DEBUG Engine               - isGameMenuEnabled: true
08:41:41.952 [FXGL Background Thread 3 ] DEBUG Engine               - isIOS: false
08:41:41.952 [FXGL Background Thread 3 ] DEBUG Engine               - isIntroEnabled: false
08:41:41.953 [FXGL Background Thread 3 ] DEBUG Engine               - isLinux: false
08:41:41.953 [FXGL Background Thread 3 ] DEBUG Engine               - isMac: false
08:41:41.953 [FXGL Background Thread 3 ] DEBUG Engine               - isMainMenuEnabled: false
08:41:41.954 [FXGL Background Thread 3 ] DEBUG Engine               - isManualResizeEnabled: false
08:41:41.954 [FXGL Background Thread 3 ] DEBUG Engine               - isMobile: false
08:41:41.954 [FXGL Background Thread 3 ] DEBUG Engine               - isNative: false
08:41:41.954 [FXGL Background Thread 3 ] DEBUG Engine               - isPauseMusicWhenMinimized: true
08:41:41.955 [FXGL Background Thread 3 ] DEBUG Engine               - isPreserveResizeRatio: false
08:41:41.955 [FXGL Background Thread 3 ] DEBUG Engine               - isProfilingEnabled: false
08:41:41.955 [FXGL Background Thread 3 ] DEBUG Engine               - isScaleAffectedOnResize: true
08:41:41.955 [FXGL Background Thread 3 ] DEBUG Engine               - isSingleStep: false
08:41:41.955 [FXGL Background Thread 3 ] DEBUG Engine               - isUserProfileEnabled: false
08:41:41.956 [FXGL Background Thread 3 ] DEBUG Engine               - isWindows: true
08:41:41.956 [FXGL Background Thread 3 ] DEBUG Engine               - language: ObjectProperty [value: ENGLISH]
08:41:41.956 [FXGL Background Thread 3 ] DEBUG Engine               - menuKey: ESCAPE
08:41:41.956 [FXGL Background Thread 3 ] DEBUG Engine               - mouseSensitivity: 0.2
08:41:41.957 [FXGL Background Thread 3 ] DEBUG Engine               - notificationViewClass: class com.almasb.fxgl.notification.view.XboxNotificationView
08:41:41.957 [FXGL Background Thread 3 ] DEBUG Engine               - pixelsPerMeter: 50.0
08:41:41.957 [FXGL Background Thread 3 ] DEBUG Engine               - platform: WINDOWS
08:41:41.957 [FXGL Background Thread 3 ] DEBUG Engine               - prefHeightProperty: ReadOnlyDoubleProperty [value: 600.0]
08:41:41.958 [FXGL Background Thread 3 ] DEBUG Engine               - prefWidthProperty: ReadOnlyDoubleProperty [value: 800.0]
08:41:41.958 [FXGL Background Thread 3 ] DEBUG Engine               - profileDir: profiles/
08:41:41.958 [FXGL Background Thread 3 ] DEBUG Engine               - profileName: StringProperty [value: DEFAULT]
08:41:41.958 [FXGL Background Thread 3 ] DEBUG Engine               - randomSeed: -1
08:41:41.959 [FXGL Background Thread 3 ] DEBUG Engine               - runtimeInfo: RuntimeInfo(platform=WINDOWS, version=17.2, build=20.08.2022 16.50)
08:41:41.960 [FXGL Background Thread 3 ] DEBUG Engine               - saveFileExt: sav
08:41:41.960 [FXGL Background Thread 3 ] DEBUG Engine               - scaledHeightProp$fxgl: DoubleProperty [bound, value: 600.0]
08:41:41.960 [FXGL Background Thread 3 ] DEBUG Engine               - scaledWidthProp$fxgl: DoubleProperty [bound, value: 800.0]
08:41:41.960 [FXGL Background Thread 3 ] DEBUG Engine               - sceneFactory: com.almasb.fxgl.app.scene.SceneFactory@4f5830fe
08:41:41.961 [FXGL Background Thread 3 ] DEBUG Engine               - secondsIn24h: 60
08:41:41.961 [FXGL Background Thread 3 ] DEBUG Engine               - soundMenuBack: menu/back.wav
08:41:41.961 [FXGL Background Thread 3 ] DEBUG Engine               - soundMenuPress: menu/press.wav
08:41:41.961 [FXGL Background Thread 3 ] DEBUG Engine               - soundMenuSelect: menu/select.wav
08:41:41.961 [FXGL Background Thread 3 ] DEBUG Engine               - soundNotification: core/notification.wav
08:41:41.962 [FXGL Background Thread 3 ] DEBUG Engine               - stageStyle: DECORATED
08:41:41.962 [FXGL Background Thread 3 ] DEBUG Engine               - supportedLanguages: [ENGLISH, FRENCH, GERMAN, HUNGARIAN, RUSSIAN]
08:41:41.962 [FXGL Background Thread 3 ] DEBUG Engine               - ticksPerSecond: -1
08:41:41.962 [FXGL Background Thread 3 ] DEBUG Engine               - title: Probando demoCuboApp
08:41:41.962 [FXGL Background Thread 3 ] DEBUG Engine               - urlGithub: https://github.com/AlmasB/FXGL
08:41:41.963 [FXGL Background Thread 3 ] DEBUG Engine               - urlLeaderboard: http://fxgl-top.herokuapp.com/
08:41:41.963 [FXGL Background Thread 3 ] DEBUG Engine               - urlPOM: https://raw.githubusercontent.com/AlmasB/FXGL/release/README.md
08:41:41.963 [FXGL Background Thread 3 ] DEBUG Engine               - userAppClass: class com.demo.fxgldemo.demoCuboApp
08:41:41.964 [FXGL Background Thread 3 ] DEBUG Engine               - version: 0.0
08:41:41.964 [FXGL Background Thread 3 ] DEBUG Engine               - versionCheckDays: 7
08:41:41.964 [FXGL Background Thread 3 ] DEBUG Engine               - width: 800
08:41:41.964 [FXGL Background Thread 3 ] DEBUG Engine               - Logging services
08:41:41.965 [FXGL Background Thread 3 ] DEBUG Engine               - class com.almasb.fxgl.app.services.FXGLAssetLoaderService
08:41:41.965 [FXGL Background Thread 3 ] DEBUG Engine               - class com.almasb.fxgl.app.FXGLApplication$GameApplicationService
08:41:41.965 [FXGL Background Thread 3 ] DEBUG Engine               - class com.almasb.fxgl.app.services.FXGLDialogService
08:41:41.965 [FXGL Background Thread 3 ] DEBUG Engine               - class com.almasb.fxgl.app.services.IOTaskExecutorService
08:41:41.965 [FXGL Background Thread 3 ] DEBUG Engine               - class com.almasb.fxgl.io.FileSystemService
08:41:41.966 [FXGL Background Thread 3 ] DEBUG Engine               - class com.almasb.fxgl.localization.LocalizationService
08:41:41.966 [FXGL Background Thread 3 ] DEBUG Engine               - class com.almasb.fxgl.app.services.SystemBundleService
08:41:41.966 [FXGL Background Thread 3 ] DEBUG Engine               - class com.almasb.fxgl.profile.SaveLoadService
08:41:41.966 [FXGL Background Thread 3 ] DEBUG Engine               - class com.almasb.fxgl.ui.FXGLUIFactoryServiceProvider
08:41:41.966 [FXGL Background Thread 3 ] DEBUG Engine               - class com.almasb.fxgl.ui.FXGLDialogFactoryServiceProvider
08:41:41.967 [FXGL Background Thread 3 ] DEBUG Engine               - class com.almasb.fxgl.audio.AudioPlayer
08:41:41.967 [FXGL Background Thread 3 ] DEBUG Engine               - class com.almasb.fxgl.notification.impl.NotificationServiceProvider
08:41:41.967 [FXGL Background Thread 3 ] DEBUG Engine               - class com.almasb.fxgl.achievement.AchievementService
08:41:41.967 [FXGL Background Thread 3 ] DEBUG Engine               - class com.almasb.fxgl.cutscene.CutsceneService
08:41:41.967 [FXGL Background Thread 3 ] DEBUG Engine               - class com.almasb.fxgl.minigames.MiniGameService
08:41:41.967 [FXGL Background Thread 3 ] DEBUG Engine               - class com.almasb.fxgl.net.NetService
08:41:41.968 [FXGL Background Thread 3 ] DEBUG Engine               - class com.almasb.fxgl.app.services.UpdaterService
08:41:41.968 [FXGL Background Thread 3 ] DEBUG Engine               - class com.almasb.fxgl.dev.DevService
08:41:44.231 [JavaFX Application Thread] DEBUG FXGLApplication      - Exiting FXGL
08:41:44.231 [JavaFX Application Thread] DEBUG Async                - Shutting down background threads
08:41:44.231 [JavaFX Application Thread] DEBUG PrimaryStageWindow   - Closing main window
08:41:44.252 [JavaFX Application Thread] DEBUG Logger               - Closing Logger
