05:49:47.713 [main                     ] DEBUG Logger               - Configured Logger
05:49:47.743 [main                     ] DEBUG GameApplication      - Logging settings
Title: Probando demoCuboApp
Version: 0.0
Width: 800
Height: 600
Fullscreen: false
Intro: false
Profiling: false
Single step:false
App Mode: DEVELOPER
Menu Key: ESCAPE
Stage Style: DECORATED
Scene Factory: class com.almasb.fxgl.app.scene.SceneFactory

05:49:48.314 [JavaFX Application Thread] DEBUG FXGLApplication      - Initializing FXGL
05:49:48.319 [JavaFX Application Thread] INFO  Engine               - FXGL-17.2 (20.08.2022 16.50) on WINDOWS (J:21.0.1 FX:21-ea)
05:49:48.319 [JavaFX Application Thread] DEBUG Engine               - JRE Vendor Name: Oracle Corporation
05:49:48.320 [JavaFX Application Thread] DEBUG Engine               - Running on OS: Windows 10 version 10.0
05:49:48.320 [JavaFX Application Thread] DEBUG Engine               - Architecture: amd64
05:49:48.320 [JavaFX Application Thread] INFO  Engine               - Source code and latest versions at: https://github.com/AlmasB/FXGL
05:49:48.320 [JavaFX Application Thread] INFO  Engine               -       Ask questions and discuss at: https://github.com/AlmasB/FXGL/discussions
05:49:48.320 [JavaFX Application Thread] INFO  Engine               -              Join the FXGL chat at: https://gitter.im/AlmasB/FXGL
05:49:48.419 [JavaFX Application Thread] DEBUG PrimaryStageWindow   - Creating a JavaFX scene
05:49:48.597 [JavaFX Application Thread] DEBUG PrimaryStageWindow   - Target settings size: 800.0 x 600.0
05:49:48.598 [JavaFX Application Thread] DEBUG PrimaryStageWindow   - Scaled scene size:    800.0 x 600.0
05:49:48.598 [JavaFX Application Thread] DEBUG PrimaryStageWindow   - Scaled ratio: (1.0, 1.0)
05:49:48.599 [JavaFX Application Thread] DEBUG PrimaryStageWindow   - Set initial scene to FXGLStartupScene
05:49:48.601 [JavaFX Application Thread] DEBUG PrimaryStageWindow   - Opening main window
05:49:48.724 [JavaFX Application Thread] DEBUG PrimaryStageWindow   - Window border size: (14.4000244140625, 37.5999755859375)
05:49:48.725 [JavaFX Application Thread] DEBUG PrimaryStageWindow   - Scaled size: 800.0 x 600.0
05:49:48.726 [JavaFX Application Thread] DEBUG PrimaryStageWindow   - Scaled ratio: (1.0, 1.0)
05:49:48.727 [JavaFX Application Thread] DEBUG PrimaryStageWindow   - Scene size: 800.0 x 600.0
05:49:48.727 [JavaFX Application Thread] DEBUG PrimaryStageWindow   - Stage size: 814.4000244140625 x 637.5999755859375
05:49:48.735 [FXGL Background Thread 1 ] DEBUG Engine               - Initializing environment variables
05:49:48.817 [FXGL Background Thread 1 ] DEBUG FXGLAssetLoaderServi - User app class for loading assets: class com.demo.fxgldemo.demoCuboApp
05:49:48.817 [FXGL Background Thread 1 ] DEBUG GameApplicationServi - Applying CSS: fxgl_dark.css
05:49:48.818 [FXGL Background Thread 1 ] DEBUG FXGLAssetLoaderServi - Loading from file system: jar:file:///C:/Users/Usuario/.m2/repository/com/github/almasb/fxgl/17.2/fxgl-17.2.jar!/fxglassets/ui/css/fxgl_dark.css
05:49:48.869 [FXGL Background Thread 1 ] DEBUG GameApplicationServi - Initializing application scenes
05:49:48.919 [FXGL Background Thread 1 ] DEBUG GameWorld            - Game world initialized
05:49:49.004 [FXGL Background Thread 1 ] DEBUG PhysicsWorld         - Physics world initialized: appHeight=600, physics.ppm=50,0
05:49:49.004 [FXGL Background Thread 1 ] DEBUG PhysicsWorld         - Using strategy: BRUTE_FORCE
05:49:49.010 [FXGL Background Thread 1 ] DEBUG GameScene            - Game scene initialized: 800x600
05:49:49.025 [FXGL Background Thread 1 ] DEBUG FXGL.DefaultMenu     - createMenuBodyGameMenu()
05:49:49.040 [FXGL Background Thread 1 ] DEBUG FXGL.DefaultMenu     - createOptionsMenu()
05:49:49.049 [FXGL Background Thread 1 ] DEBUG FXGLAssetLoaderServi - Loading from file system: jar:file:///C:/Users/Usuario/.m2/repository/com/github/almasb/fxgl/17.2/fxgl-17.2.jar!/fxglassets/textures/particles/smoke.png
05:49:49.189 [FXGL Background Thread 1 ] DEBUG FXGLAssetLoaderServi - Loading from file system: jar:file:///C:/Users/Usuario/.m2/repository/com/github/almasb/fxgl/17.2/fxgl-17.2.jar!/fxglassets/textures/particles/trace_horizontal.png
05:49:49.222 [FXGL Background Thread 1 ] DEBUG GameApplicationServi - Application scenes initialized
05:49:49.235 [FXGL Background Thread 1 ] DEBUG SystemBundleService  - Loading FXGL system data
05:49:49.244 [FXGL Background Thread 1 ] DEBUG FileSystemAccess     - Reading from: F:\Proyectos javafx\javafxgl\fxgl-demo\system\fxgl.bundle
05:49:49.254 [FXGL Background Thread 1 ] DEBUG SystemBundleService  - Bundle FXGL: {}
05:49:49.254 [FXGL Background Thread 1 ] DEBUG UpdaterService       - Checking for updates
05:49:49.259 [FXGL Background Thread 4 ] DEBUG FXGLApplication      - Loading fonts
05:49:49.259 [FXGL Background Thread 1 ] DEBUG FXGLApplication      - Loading default localization
05:49:49.259 [FXGL Background Thread 4 ] DEBUG FXGLAssetLoaderServi - Loading from file system: jar:file:///C:/Users/Usuario/.m2/repository/com/github/almasb/fxgl/17.2/fxgl-17.2.jar!/fxglassets/ui/fonts/VarelaRound-Regular.ttf
05:49:49.260 [FXGL Background Thread 1 ] DEBUG FXGLAssetLoaderServi - Loading from file system: jar:file:///C:/Users/Usuario/.m2/repository/com/github/almasb/fxgl/17.2/fxgl-17.2.jar!/fxglassets/languages/english.lang
05:49:49.297 [FXGL Background Thread 1 ] INFO  FXGLApplication      - FXGL initialization took: 0,562 sec
05:49:49.300 [FXGL Background Thread 4 ] DEBUG FXGLAssetLoaderServi - Loading from file system: jar:file:///C:/Users/Usuario/.m2/repository/com/github/almasb/fxgl/17.2/fxgl-17.2.jar!/fxglassets/ui/fonts/Abel-Regular.ttf
05:49:49.312 [JavaFX Application Thread] DEBUG Input                - Registered new binding: action0 - A
05:49:49.312 [JavaFX Application Thread] DEBUG Input                - Registered new binding: action1 - D
05:49:49.313 [JavaFX Application Thread] DEBUG Input                - Registered new binding: action2 - W
05:49:49.313 [JavaFX Application Thread] DEBUG Input                - Registered new binding: action3 - S
05:49:49.314 [JavaFX Application Thread] DEBUG Input                - Registered new binding: action4 - J
05:49:49.314 [JavaFX Application Thread] DEBUG Input                - Registered new binding: action5 - L
05:49:49.315 [JavaFX Application Thread] DEBUG Input                - Registered new binding: action6 - I
05:49:49.315 [JavaFX Application Thread] DEBUG Input                - Registered new binding: action7 - K
05:49:49.316 [JavaFX Application Thread] DEBUG FXGLAssetLoaderServi - Loading from file system: jar:file:///C:/Users/Usuario/.m2/repository/com/github/almasb/fxgl/17.2/fxgl-17.2.jar!/fxglassets/textures/fxgl_icon.png
05:49:49.319 [FXGL Background Thread 4 ] DEBUG FXGLAssetLoaderServi - Loading from file system: jar:file:///C:/Users/Usuario/.m2/repository/com/github/almasb/fxgl/17.2/fxgl-17.2.jar!/fxglassets/ui/fonts/TerminalLandMono-Regular.otf
05:49:49.331 [FXGL Background Thread 4 ] DEBUG FXGLAssetLoaderServi - Loading from file system: jar:file:///C:/Users/Usuario/.m2/repository/com/github/almasb/fxgl/17.2/fxgl-17.2.jar!/fxglassets/ui/fonts/Courier-Prime.ttf
05:49:49.346 [JavaFX Application Thread] DEBUG FXGLAssetLoaderServi - Loading from file system: jar:file:///C:/Users/Usuario/.m2/repository/com/github/almasb/fxgl/17.2/fxgl-17.2.jar!/fxglassets/textures/fxgl_default_cursor.png
05:49:49.349 [JavaFX Application Thread] DEBUG Input                - Registered new binding: Screenshot - CTRL+8
05:49:49.350 [JavaFX Application Thread] DEBUG Input                - Registered new binding: System info dump - CTRL+9
05:49:49.351 [JavaFX Application Thread] DEBUG Input                - Registered new binding: Restart - CTRL+R
05:49:49.352 [JavaFX Application Thread] DEBUG Input                - Registered new binding: Toggle Debug Camera - CTRL+7
05:49:49.356 [JavaFX Application Thread] DEBUG LoopRunner           - Starting loop
05:49:49.356 [JavaFX Application Thread] DEBUG LoopRunner           - Initializing JavaFX AnimationTimerLoop
05:49:49.359 [JavaFX Application Thread] DEBUG GameApplicationServi - Starting new game
05:49:49.360 [JavaFX Application Thread] DEBUG Input                - Clearing active input actions
05:49:49.377 [JavaFX Application Thread] DEBUG GameApplicationServi - Removing overlay from FXGLStartupScene and adding to FXGLLoadingScene
05:49:49.377 [JavaFX Application Thread] DEBUG PrimaryStageWindow   - FXGLStartupScene -> FXGLLoadingScene
05:49:49.377 [JavaFX Application Thread] DEBUG GameApplicationServi - Clearing previous game
05:49:49.377 [JavaFX Application Thread] DEBUG GameScene            - Clearing game scene
05:49:49.377 [JavaFX Application Thread] DEBUG GameWorld            - Clearing game world
05:49:49.377 [JavaFX Application Thread] DEBUG PhysicsWorld         - Clearing physics world
05:49:49.380 [JavaFX Application Thread] DEBUG FXGLApplication      - Registering font factories with UI factory
05:49:49.380 [FXGL Background Thread 4 ] DEBUG FXGLApplication      - Initializing game
05:49:49.430 [FXGL Background Thread 4 ] WARN  FXGLAssetLoaderServi - Asset "/assets/textures/sprite_player.png" was not found!
05:49:49.430 [FXGL Background Thread 4 ] WARN  FXGLAssetLoaderServi - Failed to load RESIZABLE_IMAGE
05:49:49.562 [FXGL Background Thread 4 ] INFO  FXGLApplication      - Game initialization took: 0,182 sec
05:49:49.563 [JavaFX Application Thread] DEBUG Input                - Clearing active input actions
05:49:49.571 [JavaFX Application Thread] DEBUG GameApplicationServi - Removing overlay from FXGLLoadingScene and adding to GameScene
05:49:49.571 [JavaFX Application Thread] DEBUG PrimaryStageWindow   - FXGLLoadingScene -> GameScene
05:49:50.537 [FXGL Background Thread 2 ] INFO  UpdaterService       - Your current version:  17.2
05:49:50.538 [FXGL Background Thread 2 ] INFO  UpdaterService       - Latest stable version: 21
05:49:52.257 [FXGL Background Thread 3 ] DEBUG Engine               - Logging environment variables
05:49:52.259 [FXGL Background Thread 3 ] DEBUG Engine               - achievements: []
05:49:52.260 [FXGL Background Thread 3 ] DEBUG Engine               - actualHeight: 600.0
05:49:52.260 [FXGL Background Thread 3 ] DEBUG Engine               - actualHeightProperty: ReadOnlyDoubleProperty [value: 600.0]
05:49:52.261 [FXGL Background Thread 3 ] DEBUG Engine               - actualWidth: 800.0
05:49:52.261 [FXGL Background Thread 3 ] DEBUG Engine               - actualWidthProperty: ReadOnlyDoubleProperty [value: 800.0]
05:49:52.261 [FXGL Background Thread 3 ] DEBUG Engine               - appIcon: fxgl_icon.png
05:49:52.262 [FXGL Background Thread 3 ] DEBUG Engine               - applicationMode: DEVELOPER
05:49:52.262 [FXGL Background Thread 3 ] DEBUG Engine               - cSSList: [fxgl_dark.css]
05:49:52.262 [FXGL Background Thread 3 ] DEBUG Engine               - collisionDetectionStrategy: BRUTE_FORCE
05:49:52.262 [FXGL Background Thread 3 ] DEBUG Engine               - configClass: Optional.empty
05:49:52.262 [FXGL Background Thread 3 ] DEBUG Engine               - credits: []
05:49:52.263 [FXGL Background Thread 3 ] DEBUG Engine               - defaultCursor: CursorInfo(imageName=fxgl_default_cursor.png, hotspotX=7.0, hotspotY=6.0)
05:49:52.263 [FXGL Background Thread 3 ] DEBUG Engine               - devBBoxColorProperty: ObjectProperty [value: 0xff0000ff]
05:49:52.264 [FXGL Background Thread 3 ] DEBUG Engine               - devEnableDebugCameraProperty: BooleanProperty [value: false]
05:49:52.264 [FXGL Background Thread 3 ] DEBUG Engine               - devSensorColorProperty: ObjectProperty [value: 0xffff00ff]
05:49:52.264 [FXGL Background Thread 3 ] DEBUG Engine               - devShowBBoxProperty: BooleanProperty [value: false]
05:49:52.264 [FXGL Background Thread 3 ] DEBUG Engine               - devShowPositionProperty: BooleanProperty [value: false]
05:49:52.264 [FXGL Background Thread 3 ] DEBUG Engine               - enabledMenuItems: []
05:49:52.264 [FXGL Background Thread 3 ] DEBUG Engine               - engineServices: [class com.almasb.fxgl.app.services.FXGLAssetLoaderService, class com.almasb.fxgl.app.FXGLApplication$GameApplicationService, class com.almasb.fxgl.app.services.FXGLDialogService, class com.almasb.fxgl.app.services.IOTaskExecutorService, class com.almasb.fxgl.io.FileSystemService, class com.almasb.fxgl.localization.LocalizationService, class com.almasb.fxgl.app.services.SystemBundleService, class com.almasb.fxgl.profile.SaveLoadService, class com.almasb.fxgl.ui.FXGLUIFactoryServiceProvider, class com.almasb.fxgl.ui.FXGLDialogFactoryServiceProvider, class com.almasb.fxgl.audio.AudioPlayer, class com.almasb.fxgl.notification.impl.NotificationServiceProvider, class com.almasb.fxgl.achievement.AchievementService, class com.almasb.fxgl.cutscene.CutsceneService, class com.almasb.fxgl.minigames.MiniGameService, class com.almasb.fxgl.net.NetService, class com.almasb.fxgl.app.services.UpdaterService, class com.almasb.fxgl.dev.DevService]
05:49:52.265 [FXGL Background Thread 3 ] DEBUG Engine               - fontGame: Abel-Regular.ttf
05:49:52.265 [FXGL Background Thread 3 ] DEBUG Engine               - fontMono: TerminalLandMono-Regular.otf
05:49:52.265 [FXGL Background Thread 3 ] DEBUG Engine               - fontText: Courier-Prime.ttf
05:49:52.265 [FXGL Background Thread 3 ] DEBUG Engine               - fontUI: VarelaRound-Regular.ttf
05:49:52.265 [FXGL Background Thread 3 ] DEBUG Engine               - fullScreen: BooleanProperty [value: false]
05:49:52.265 [FXGL Background Thread 3 ] DEBUG Engine               - gameDifficulty: MEDIUM
05:49:52.265 [FXGL Background Thread 3 ] DEBUG Engine               - gameDifficultyProperty: ObjectProperty [value: MEDIUM]
05:49:52.265 [FXGL Background Thread 3 ] DEBUG Engine               - globalMusicVolume: 0.5
05:49:52.266 [FXGL Background Thread 3 ] DEBUG Engine               - globalMusicVolumeProperty: DoubleProperty [value: 0.5]
05:49:52.266 [FXGL Background Thread 3 ] DEBUG Engine               - globalSoundVolume: 0.5
05:49:52.266 [FXGL Background Thread 3 ] DEBUG Engine               - globalSoundVolumeProperty: DoubleProperty [value: 0.5]
05:49:52.266 [FXGL Background Thread 3 ] DEBUG Engine               - height: 600
05:49:52.266 [FXGL Background Thread 3 ] DEBUG Engine               - is3D: false
05:49:52.266 [FXGL Background Thread 3 ] DEBUG Engine               - isAndroid: false
05:49:52.266 [FXGL Background Thread 3 ] DEBUG Engine               - isBrowser: false
05:49:52.267 [FXGL Background Thread 3 ] DEBUG Engine               - isClickFeedbackEnabled: false
05:49:52.267 [FXGL Background Thread 3 ] DEBUG Engine               - isCloseConfirmation: false
05:49:52.267 [FXGL Background Thread 3 ] DEBUG Engine               - isDesktop: true
05:49:52.267 [FXGL Background Thread 3 ] DEBUG Engine               - isDeveloperMenuEnabled: false
05:49:52.267 [FXGL Background Thread 3 ] DEBUG Engine               - isEmbedded: false
05:49:52.267 [FXGL Background Thread 3 ] DEBUG Engine               - isEntityPreloadEnabled: true
05:49:52.268 [FXGL Background Thread 3 ] DEBUG Engine               - isExperimentalTiledLargeMap: false
05:49:52.268 [FXGL Background Thread 3 ] DEBUG Engine               - isFileSystemWriteAllowed: true
05:49:52.268 [FXGL Background Thread 3 ] DEBUG Engine               - isFullScreenAllowed: false
05:49:52.268 [FXGL Background Thread 3 ] DEBUG Engine               - isFullScreenFromStart: false
05:49:52.268 [FXGL Background Thread 3 ] DEBUG Engine               - isGameMenuEnabled: true
05:49:52.268 [FXGL Background Thread 3 ] DEBUG Engine               - isIOS: false
05:49:52.268 [FXGL Background Thread 3 ] DEBUG Engine               - isIntroEnabled: false
05:49:52.269 [FXGL Background Thread 3 ] DEBUG Engine               - isLinux: false
05:49:52.269 [FXGL Background Thread 3 ] DEBUG Engine               - isMac: false
05:49:52.269 [FXGL Background Thread 3 ] DEBUG Engine               - isMainMenuEnabled: false
05:49:52.269 [FXGL Background Thread 3 ] DEBUG Engine               - isManualResizeEnabled: false
05:49:52.269 [FXGL Background Thread 3 ] DEBUG Engine               - isMobile: false
05:49:52.269 [FXGL Background Thread 3 ] DEBUG Engine               - isNative: false
05:49:52.269 [FXGL Background Thread 3 ] DEBUG Engine               - isPauseMusicWhenMinimized: true
05:49:52.269 [FXGL Background Thread 3 ] DEBUG Engine               - isPreserveResizeRatio: false
05:49:52.270 [FXGL Background Thread 3 ] DEBUG Engine               - isProfilingEnabled: false
05:49:52.270 [FXGL Background Thread 3 ] DEBUG Engine               - isScaleAffectedOnResize: true
05:49:52.270 [FXGL Background Thread 3 ] DEBUG Engine               - isSingleStep: false
05:49:52.270 [FXGL Background Thread 3 ] DEBUG Engine               - isUserProfileEnabled: false
05:49:52.270 [FXGL Background Thread 3 ] DEBUG Engine               - isWindows: true
05:49:52.270 [FXGL Background Thread 3 ] DEBUG Engine               - language: ObjectProperty [value: ENGLISH]
05:49:52.270 [FXGL Background Thread 3 ] DEBUG Engine               - menuKey: ESCAPE
05:49:52.270 [FXGL Background Thread 3 ] DEBUG Engine               - mouseSensitivity: 0.2
05:49:52.271 [FXGL Background Thread 3 ] DEBUG Engine               - notificationViewClass: class com.almasb.fxgl.notification.view.XboxNotificationView
05:49:52.271 [FXGL Background Thread 3 ] DEBUG Engine               - pixelsPerMeter: 50.0
05:49:52.271 [FXGL Background Thread 3 ] DEBUG Engine               - platform: WINDOWS
05:49:52.271 [FXGL Background Thread 3 ] DEBUG Engine               - prefHeightProperty: ReadOnlyDoubleProperty [value: 600.0]
05:49:52.271 [FXGL Background Thread 3 ] DEBUG Engine               - prefWidthProperty: ReadOnlyDoubleProperty [value: 800.0]
05:49:52.271 [FXGL Background Thread 3 ] DEBUG Engine               - profileDir: profiles/
05:49:52.271 [FXGL Background Thread 3 ] DEBUG Engine               - profileName: StringProperty [value: DEFAULT]
05:49:52.272 [FXGL Background Thread 3 ] DEBUG Engine               - randomSeed: -1
05:49:52.272 [FXGL Background Thread 3 ] DEBUG Engine               - runtimeInfo: RuntimeInfo(platform=WINDOWS, version=17.2, build=20.08.2022 16.50)
05:49:52.272 [FXGL Background Thread 3 ] DEBUG Engine               - saveFileExt: sav
05:49:52.272 [FXGL Background Thread 3 ] DEBUG Engine               - scaledHeightProp$fxgl: DoubleProperty [bound, value: 600.0]
05:49:52.273 [FXGL Background Thread 3 ] DEBUG Engine               - scaledWidthProp$fxgl: DoubleProperty [bound, value: 800.0]
05:49:52.273 [FXGL Background Thread 3 ] DEBUG Engine               - sceneFactory: com.almasb.fxgl.app.scene.SceneFactory@4c1e7367
05:49:52.273 [FXGL Background Thread 3 ] DEBUG Engine               - secondsIn24h: 60
05:49:52.273 [FXGL Background Thread 3 ] DEBUG Engine               - soundMenuBack: menu/back.wav
05:49:52.273 [FXGL Background Thread 3 ] DEBUG Engine               - soundMenuPress: menu/press.wav
05:49:52.273 [FXGL Background Thread 3 ] DEBUG Engine               - soundMenuSelect: menu/select.wav
05:49:52.273 [FXGL Background Thread 3 ] DEBUG Engine               - soundNotification: core/notification.wav
05:49:52.273 [FXGL Background Thread 3 ] DEBUG Engine               - stageStyle: DECORATED
05:49:52.274 [FXGL Background Thread 3 ] DEBUG Engine               - supportedLanguages: [ENGLISH, FRENCH, GERMAN, HUNGARIAN, RUSSIAN]
05:49:52.274 [FXGL Background Thread 3 ] DEBUG Engine               - ticksPerSecond: -1
05:49:52.274 [FXGL Background Thread 3 ] DEBUG Engine               - title: Probando demoCuboApp
05:49:52.274 [FXGL Background Thread 3 ] DEBUG Engine               - urlGithub: https://github.com/AlmasB/FXGL
05:49:52.274 [FXGL Background Thread 3 ] DEBUG Engine               - urlLeaderboard: http://fxgl-top.herokuapp.com/
05:49:52.274 [FXGL Background Thread 3 ] DEBUG Engine               - urlPOM: https://raw.githubusercontent.com/AlmasB/FXGL/release/README.md
05:49:52.275 [FXGL Background Thread 3 ] DEBUG Engine               - userAppClass: class com.demo.fxgldemo.demoCuboApp
05:49:52.275 [FXGL Background Thread 3 ] DEBUG Engine               - version: 0.0
05:49:52.275 [FXGL Background Thread 3 ] DEBUG Engine               - versionCheckDays: 7
05:49:52.275 [FXGL Background Thread 3 ] DEBUG Engine               - width: 800
05:49:52.275 [FXGL Background Thread 3 ] DEBUG Engine               - Logging services
05:49:52.275 [FXGL Background Thread 3 ] DEBUG Engine               - class com.almasb.fxgl.app.services.FXGLAssetLoaderService
05:49:52.275 [FXGL Background Thread 3 ] DEBUG Engine               - class com.almasb.fxgl.app.FXGLApplication$GameApplicationService
05:49:52.276 [FXGL Background Thread 3 ] DEBUG Engine               - class com.almasb.fxgl.app.services.FXGLDialogService
05:49:52.276 [FXGL Background Thread 3 ] DEBUG Engine               - class com.almasb.fxgl.app.services.IOTaskExecutorService
05:49:52.276 [FXGL Background Thread 3 ] DEBUG Engine               - class com.almasb.fxgl.io.FileSystemService
05:49:52.276 [FXGL Background Thread 3 ] DEBUG Engine               - class com.almasb.fxgl.localization.LocalizationService
05:49:52.276 [FXGL Background Thread 3 ] DEBUG Engine               - class com.almasb.fxgl.app.services.SystemBundleService
05:49:52.276 [FXGL Background Thread 3 ] DEBUG Engine               - class com.almasb.fxgl.profile.SaveLoadService
05:49:52.276 [FXGL Background Thread 3 ] DEBUG Engine               - class com.almasb.fxgl.ui.FXGLUIFactoryServiceProvider
05:49:52.276 [FXGL Background Thread 3 ] DEBUG Engine               - class com.almasb.fxgl.ui.FXGLDialogFactoryServiceProvider
05:49:52.277 [FXGL Background Thread 3 ] DEBUG Engine               - class com.almasb.fxgl.audio.AudioPlayer
05:49:52.277 [FXGL Background Thread 3 ] DEBUG Engine               - class com.almasb.fxgl.notification.impl.NotificationServiceProvider
05:49:52.277 [FXGL Background Thread 3 ] DEBUG Engine               - class com.almasb.fxgl.achievement.AchievementService
05:49:52.277 [FXGL Background Thread 3 ] DEBUG Engine               - class com.almasb.fxgl.cutscene.CutsceneService
05:49:52.277 [FXGL Background Thread 3 ] DEBUG Engine               - class com.almasb.fxgl.minigames.MiniGameService
05:49:52.277 [FXGL Background Thread 3 ] DEBUG Engine               - class com.almasb.fxgl.net.NetService
05:49:52.277 [FXGL Background Thread 3 ] DEBUG Engine               - class com.almasb.fxgl.app.services.UpdaterService
05:49:52.277 [FXGL Background Thread 3 ] DEBUG Engine               - class com.almasb.fxgl.dev.DevService
05:50:12.212 [JavaFX Application Thread] DEBUG FXGLApplication      - Exiting FXGL
05:50:12.212 [JavaFX Application Thread] DEBUG LoopRunner           - Stopping loop
05:50:12.212 [JavaFX Application Thread] DEBUG SystemBundleService  - Saving FXGL system data
05:50:12.214 [JavaFX Application Thread] DEBUG FileSystemAccess     - Writing to: F:\Proyectos javafx\javafxgl\fxgl-demo\system\fxgl.bundle
05:50:12.216 [JavaFX Application Thread] DEBUG Async                - Shutting down background threads
05:50:12.217 [JavaFX Application Thread] DEBUG PrimaryStageWindow   - Closing main window
05:50:12.233 [JavaFX Application Thread] DEBUG Logger               - Closing Logger
