09:38:55.779 [main                     ] DEBUG Logger               - Configured Logger
09:38:55.803 [main                     ] DEBUG GameApplication      - Logging settings
Title: Probando demoCuboApp
Version: 0.0
Width: 800
Height: 600
Fullscreen: false
Intro: false
Profiling: false
Single step:false
App Mode: DEVELOPER
Menu Key: ESCAPE
Stage Style: DECORATED
Scene Factory: class com.almasb.fxgl.app.scene.SceneFactory

09:38:56.095 [JavaFX Application Thread] DEBUG FXGLApplication      - Initializing FXGL
09:38:56.099 [JavaFX Application Thread] INFO  Engine               - FXGL-17.2 (20.08.2022 16.50) on WINDOWS (J:21.0.1 FX:21-ea)
09:38:56.100 [JavaFX Application Thread] DEBUG Engine               - JRE Vendor Name: Oracle Corporation
09:38:56.100 [JavaFX Application Thread] DEBUG Engine               - Running on OS: Windows 10 version 10.0
09:38:56.100 [JavaFX Application Thread] DEBUG Engine               - Architecture: amd64
09:38:56.100 [JavaFX Application Thread] INFO  Engine               - Source code and latest versions at: https://github.com/AlmasB/FXGL
09:38:56.101 [JavaFX Application Thread] INFO  Engine               -       Ask questions and discuss at: https://github.com/AlmasB/FXGL/discussions
09:38:56.101 [JavaFX Application Thread] INFO  Engine               -              Join the FXGL chat at: https://gitter.im/AlmasB/FXGL
09:38:56.189 [JavaFX Application Thread] DEBUG PrimaryStageWindow   - Creating a JavaFX scene
09:38:56.249 [JavaFX Application Thread] DEBUG PrimaryStageWindow   - Target settings size: 800.0 x 600.0
09:38:56.249 [JavaFX Application Thread] DEBUG PrimaryStageWindow   - Scaled scene size:    800.0 x 600.0
09:38:56.249 [JavaFX Application Thread] DEBUG PrimaryStageWindow   - Scaled ratio: (1.0, 1.0)
09:38:56.250 [JavaFX Application Thread] DEBUG PrimaryStageWindow   - Set initial scene to FXGLStartupScene
09:38:56.253 [JavaFX Application Thread] DEBUG PrimaryStageWindow   - Opening main window
09:38:56.361 [JavaFX Application Thread] DEBUG PrimaryStageWindow   - Window border size: (14.4000244140625, 37.5999755859375)
09:38:56.361 [JavaFX Application Thread] DEBUG PrimaryStageWindow   - Scaled size: 800.0 x 600.0
09:38:56.362 [JavaFX Application Thread] DEBUG PrimaryStageWindow   - Scaled ratio: (1.0, 1.0)
09:38:56.363 [JavaFX Application Thread] DEBUG PrimaryStageWindow   - Scene size: 800.0 x 600.0
09:38:56.363 [JavaFX Application Thread] DEBUG PrimaryStageWindow   - Stage size: 814.4000244140625 x 637.5999755859375
09:38:56.371 [FXGL Background Thread 1 ] DEBUG Engine               - Initializing environment variables
09:38:56.452 [FXGL Background Thread 1 ] DEBUG FXGLAssetLoaderServi - User app class for loading assets: class com.demo.fxgldemo.demoCuboApp
09:38:56.452 [FXGL Background Thread 1 ] DEBUG GameApplicationServi - Applying CSS: fxgl_dark.css
09:38:56.453 [FXGL Background Thread 1 ] DEBUG FXGLAssetLoaderServi - Loading from file system: jar:file:///C:/Users/Usuario/.m2/repository/com/github/almasb/fxgl/17.2/fxgl-17.2.jar!/fxglassets/ui/css/fxgl_dark.css
09:38:56.515 [FXGL Background Thread 1 ] DEBUG GameApplicationServi - Initializing application scenes
09:38:56.566 [FXGL Background Thread 1 ] DEBUG GameWorld            - Game world initialized
09:38:56.648 [FXGL Background Thread 1 ] DEBUG PhysicsWorld         - Physics world initialized: appHeight=600, physics.ppm=50,0
09:38:56.650 [FXGL Background Thread 1 ] DEBUG PhysicsWorld         - Using strategy: BRUTE_FORCE
09:38:56.655 [FXGL Background Thread 1 ] DEBUG GameScene            - Game scene initialized: 800x600
09:38:56.671 [FXGL Background Thread 1 ] DEBUG FXGL.DefaultMenu     - createMenuBodyGameMenu()
09:38:56.688 [FXGL Background Thread 1 ] DEBUG FXGL.DefaultMenu     - createOptionsMenu()
09:38:56.699 [FXGL Background Thread 1 ] DEBUG FXGLAssetLoaderServi - Loading from file system: jar:file:///C:/Users/Usuario/.m2/repository/com/github/almasb/fxgl/17.2/fxgl-17.2.jar!/fxglassets/textures/particles/smoke.png
09:38:56.812 [FXGL Background Thread 1 ] DEBUG FXGLAssetLoaderServi - Loading from file system: jar:file:///C:/Users/Usuario/.m2/repository/com/github/almasb/fxgl/17.2/fxgl-17.2.jar!/fxglassets/textures/particles/trace_horizontal.png
09:38:56.841 [FXGL Background Thread 1 ] DEBUG GameApplicationServi - Application scenes initialized
09:38:56.853 [FXGL Background Thread 1 ] DEBUG SystemBundleService  - Loading FXGL system data
09:38:56.857 [FXGL Background Thread 1 ] DEBUG FileSystemAccess     - Reading from: F:\Proyectos javafx\javafxgl\fxgl-demo\system\fxgl.bundle
09:38:56.868 [FXGL Background Thread 1 ] DEBUG SystemBundleService  - Bundle FXGL: {}
09:38:56.868 [FXGL Background Thread 1 ] DEBUG UpdaterService       - Checking for updates
09:38:56.874 [FXGL Background Thread 4 ] DEBUG FXGLApplication      - Loading fonts
09:38:56.874 [FXGL Background Thread 1 ] DEBUG FXGLApplication      - Loading default localization
09:38:56.874 [FXGL Background Thread 4 ] DEBUG FXGLAssetLoaderServi - Loading from file system: jar:file:///C:/Users/Usuario/.m2/repository/com/github/almasb/fxgl/17.2/fxgl-17.2.jar!/fxglassets/ui/fonts/VarelaRound-Regular.ttf
09:38:56.875 [FXGL Background Thread 1 ] DEBUG FXGLAssetLoaderServi - Loading from file system: jar:file:///C:/Users/Usuario/.m2/repository/com/github/almasb/fxgl/17.2/fxgl-17.2.jar!/fxglassets/languages/english.lang
09:38:56.907 [FXGL Background Thread 1 ] INFO  FXGLApplication      - FXGL initialization took: 0,535 sec
09:38:56.914 [FXGL Background Thread 4 ] DEBUG FXGLAssetLoaderServi - Loading from file system: jar:file:///C:/Users/Usuario/.m2/repository/com/github/almasb/fxgl/17.2/fxgl-17.2.jar!/fxglassets/ui/fonts/Abel-Regular.ttf
09:38:56.921 [JavaFX Application Thread] DEBUG Input                - Registered new binding: action0 - A
09:38:56.922 [JavaFX Application Thread] DEBUG Input                - Registered new binding: action1 - D
09:38:56.922 [JavaFX Application Thread] DEBUG Input                - Registered new binding: action2 - W
09:38:56.923 [JavaFX Application Thread] DEBUG Input                - Registered new binding: action3 - S
09:38:56.923 [JavaFX Application Thread] DEBUG Input                - Registered new binding: action4 - Numpad Left
09:38:56.924 [JavaFX Application Thread] DEBUG Input                - Registered new binding: action5 - Numpad Right
09:38:56.924 [JavaFX Application Thread] DEBUG Input                - Registered new binding: action6 - Numpad Up
09:38:56.925 [JavaFX Application Thread] DEBUG Input                - Registered new binding: action7 - Numpad Down
09:38:56.925 [FXGL Background Thread 4 ] DEBUG FXGLAssetLoaderServi - Loading from file system: jar:file:///C:/Users/Usuario/.m2/repository/com/github/almasb/fxgl/17.2/fxgl-17.2.jar!/fxglassets/ui/fonts/TerminalLandMono-Regular.otf
09:38:56.925 [JavaFX Application Thread] DEBUG FXGLAssetLoaderServi - Loading from file system: jar:file:///C:/Users/Usuario/.m2/repository/com/github/almasb/fxgl/17.2/fxgl-17.2.jar!/fxglassets/textures/fxgl_icon.png
09:38:56.937 [FXGL Background Thread 4 ] DEBUG FXGLAssetLoaderServi - Loading from file system: jar:file:///C:/Users/Usuario/.m2/repository/com/github/almasb/fxgl/17.2/fxgl-17.2.jar!/fxglassets/ui/fonts/Courier-Prime.ttf
09:38:56.957 [JavaFX Application Thread] DEBUG FXGLAssetLoaderServi - Loading from file system: jar:file:///C:/Users/Usuario/.m2/repository/com/github/almasb/fxgl/17.2/fxgl-17.2.jar!/fxglassets/textures/fxgl_default_cursor.png
09:38:56.959 [JavaFX Application Thread] DEBUG Input                - Registered new binding: Screenshot - CTRL+8
09:38:56.959 [JavaFX Application Thread] DEBUG Input                - Registered new binding: System info dump - CTRL+9
09:38:56.960 [JavaFX Application Thread] DEBUG Input                - Registered new binding: Restart - CTRL+R
09:38:56.961 [JavaFX Application Thread] DEBUG Input                - Registered new binding: Toggle Debug Camera - CTRL+7
09:38:56.964 [JavaFX Application Thread] DEBUG LoopRunner           - Starting loop
09:38:56.965 [JavaFX Application Thread] DEBUG LoopRunner           - Initializing JavaFX AnimationTimerLoop
09:38:56.966 [JavaFX Application Thread] DEBUG GameApplicationServi - Starting new game
09:38:56.967 [JavaFX Application Thread] DEBUG Input                - Clearing active input actions
09:38:56.982 [JavaFX Application Thread] DEBUG GameApplicationServi - Removing overlay from FXGLStartupScene and adding to FXGLLoadingScene
09:38:56.983 [JavaFX Application Thread] DEBUG PrimaryStageWindow   - FXGLStartupScene -> FXGLLoadingScene
09:38:56.983 [JavaFX Application Thread] DEBUG GameApplicationServi - Clearing previous game
09:38:56.983 [JavaFX Application Thread] DEBUG GameScene            - Clearing game scene
09:38:56.983 [JavaFX Application Thread] DEBUG GameWorld            - Clearing game world
09:38:56.983 [JavaFX Application Thread] DEBUG PhysicsWorld         - Clearing physics world
09:38:56.985 [JavaFX Application Thread] DEBUG FXGLApplication      - Registering font factories with UI factory
09:38:56.985 [FXGL Background Thread 4 ] DEBUG FXGLApplication      - Initializing game
09:38:57.035 [FXGL Background Thread 4 ] INFO  FXGLApplication      - Game initialization took: 0,050 sec
09:38:57.043 [JavaFX Application Thread] DEBUG Input                - Clearing active input actions
09:38:57.053 [JavaFX Application Thread] DEBUG GameApplicationServi - Removing overlay from FXGLLoadingScene and adding to GameScene
09:38:57.053 [JavaFX Application Thread] DEBUG PrimaryStageWindow   - FXGLLoadingScene -> GameScene
09:38:57.562 [FXGL Background Thread 2 ] INFO  UpdaterService       - Your current version:  17.2
09:38:57.563 [FXGL Background Thread 2 ] INFO  UpdaterService       - Latest stable version: 21
09:38:59.872 [FXGL Background Thread 3 ] DEBUG Engine               - Logging environment variables
09:38:59.874 [FXGL Background Thread 3 ] DEBUG Engine               - achievements: []
09:38:59.874 [FXGL Background Thread 3 ] DEBUG Engine               - actualHeight: 600.0
09:38:59.875 [FXGL Background Thread 3 ] DEBUG Engine               - actualHeightProperty: ReadOnlyDoubleProperty [value: 600.0]
09:38:59.875 [FXGL Background Thread 3 ] DEBUG Engine               - actualWidth: 800.0
09:38:59.875 [FXGL Background Thread 3 ] DEBUG Engine               - actualWidthProperty: ReadOnlyDoubleProperty [value: 800.0]
09:38:59.876 [FXGL Background Thread 3 ] DEBUG Engine               - appIcon: fxgl_icon.png
09:38:59.876 [FXGL Background Thread 3 ] DEBUG Engine               - applicationMode: DEVELOPER
09:38:59.876 [FXGL Background Thread 3 ] DEBUG Engine               - cSSList: [fxgl_dark.css]
09:38:59.876 [FXGL Background Thread 3 ] DEBUG Engine               - collisionDetectionStrategy: BRUTE_FORCE
09:38:59.877 [FXGL Background Thread 3 ] DEBUG Engine               - configClass: Optional.empty
09:38:59.877 [FXGL Background Thread 3 ] DEBUG Engine               - credits: []
09:38:59.878 [FXGL Background Thread 3 ] DEBUG Engine               - defaultCursor: CursorInfo(imageName=fxgl_default_cursor.png, hotspotX=7.0, hotspotY=6.0)
09:38:59.878 [FXGL Background Thread 3 ] DEBUG Engine               - devBBoxColorProperty: ObjectProperty [value: 0xff0000ff]
09:38:59.879 [FXGL Background Thread 3 ] DEBUG Engine               - devEnableDebugCameraProperty: BooleanProperty [value: false]
09:38:59.879 [FXGL Background Thread 3 ] DEBUG Engine               - devSensorColorProperty: ObjectProperty [value: 0xffff00ff]
09:38:59.879 [FXGL Background Thread 3 ] DEBUG Engine               - devShowBBoxProperty: BooleanProperty [value: false]
09:38:59.880 [FXGL Background Thread 3 ] DEBUG Engine               - devShowPositionProperty: BooleanProperty [value: false]
09:38:59.880 [FXGL Background Thread 3 ] DEBUG Engine               - enabledMenuItems: []
09:38:59.880 [FXGL Background Thread 3 ] DEBUG Engine               - engineServices: [class com.almasb.fxgl.app.services.FXGLAssetLoaderService, class com.almasb.fxgl.app.FXGLApplication$GameApplicationService, class com.almasb.fxgl.app.services.FXGLDialogService, class com.almasb.fxgl.app.services.IOTaskExecutorService, class com.almasb.fxgl.io.FileSystemService, class com.almasb.fxgl.localization.LocalizationService, class com.almasb.fxgl.app.services.SystemBundleService, class com.almasb.fxgl.profile.SaveLoadService, class com.almasb.fxgl.ui.FXGLUIFactoryServiceProvider, class com.almasb.fxgl.ui.FXGLDialogFactoryServiceProvider, class com.almasb.fxgl.audio.AudioPlayer, class com.almasb.fxgl.notification.impl.NotificationServiceProvider, class com.almasb.fxgl.achievement.AchievementService, class com.almasb.fxgl.cutscene.CutsceneService, class com.almasb.fxgl.minigames.MiniGameService, class com.almasb.fxgl.net.NetService, class com.almasb.fxgl.app.services.UpdaterService, class com.almasb.fxgl.dev.DevService]
09:38:59.880 [FXGL Background Thread 3 ] DEBUG Engine               - fontGame: Abel-Regular.ttf
09:38:59.881 [FXGL Background Thread 3 ] DEBUG Engine               - fontMono: TerminalLandMono-Regular.otf
09:38:59.881 [FXGL Background Thread 3 ] DEBUG Engine               - fontText: Courier-Prime.ttf
09:38:59.881 [FXGL Background Thread 3 ] DEBUG Engine               - fontUI: VarelaRound-Regular.ttf
09:38:59.882 [FXGL Background Thread 3 ] DEBUG Engine               - fullScreen: BooleanProperty [value: false]
09:38:59.882 [FXGL Background Thread 3 ] DEBUG Engine               - gameDifficulty: MEDIUM
09:38:59.882 [FXGL Background Thread 3 ] DEBUG Engine               - gameDifficultyProperty: ObjectProperty [value: MEDIUM]
09:38:59.882 [FXGL Background Thread 3 ] DEBUG Engine               - globalMusicVolume: 0.5
09:38:59.883 [FXGL Background Thread 3 ] DEBUG Engine               - globalMusicVolumeProperty: DoubleProperty [value: 0.5]
09:38:59.883 [FXGL Background Thread 3 ] DEBUG Engine               - globalSoundVolume: 0.5
09:38:59.884 [FXGL Background Thread 3 ] DEBUG Engine               - globalSoundVolumeProperty: DoubleProperty [value: 0.5]
09:38:59.884 [FXGL Background Thread 3 ] DEBUG Engine               - height: 600
09:38:59.884 [FXGL Background Thread 3 ] DEBUG Engine               - is3D: false
09:38:59.884 [FXGL Background Thread 3 ] DEBUG Engine               - isAndroid: false
09:38:59.885 [FXGL Background Thread 3 ] DEBUG Engine               - isBrowser: false
09:38:59.885 [FXGL Background Thread 3 ] DEBUG Engine               - isClickFeedbackEnabled: false
09:38:59.885 [FXGL Background Thread 3 ] DEBUG Engine               - isCloseConfirmation: false
09:38:59.886 [FXGL Background Thread 3 ] DEBUG Engine               - isDesktop: true
09:38:59.886 [FXGL Background Thread 3 ] DEBUG Engine               - isDeveloperMenuEnabled: false
09:38:59.886 [FXGL Background Thread 3 ] DEBUG Engine               - isEmbedded: false
09:38:59.887 [FXGL Background Thread 3 ] DEBUG Engine               - isEntityPreloadEnabled: true
09:38:59.887 [FXGL Background Thread 3 ] DEBUG Engine               - isExperimentalTiledLargeMap: false
09:38:59.887 [FXGL Background Thread 3 ] DEBUG Engine               - isFileSystemWriteAllowed: true
09:38:59.888 [FXGL Background Thread 3 ] DEBUG Engine               - isFullScreenAllowed: false
09:38:59.888 [FXGL Background Thread 3 ] DEBUG Engine               - isFullScreenFromStart: false
09:38:59.888 [FXGL Background Thread 3 ] DEBUG Engine               - isGameMenuEnabled: true
09:38:59.889 [FXGL Background Thread 3 ] DEBUG Engine               - isIOS: false
09:38:59.889 [FXGL Background Thread 3 ] DEBUG Engine               - isIntroEnabled: false
09:38:59.889 [FXGL Background Thread 3 ] DEBUG Engine               - isLinux: false
09:38:59.890 [FXGL Background Thread 3 ] DEBUG Engine               - isMac: false
09:38:59.890 [FXGL Background Thread 3 ] DEBUG Engine               - isMainMenuEnabled: false
09:38:59.890 [FXGL Background Thread 3 ] DEBUG Engine               - isManualResizeEnabled: false
09:38:59.891 [FXGL Background Thread 3 ] DEBUG Engine               - isMobile: false
09:38:59.891 [FXGL Background Thread 3 ] DEBUG Engine               - isNative: false
09:38:59.891 [FXGL Background Thread 3 ] DEBUG Engine               - isPauseMusicWhenMinimized: true
09:38:59.892 [FXGL Background Thread 3 ] DEBUG Engine               - isPreserveResizeRatio: false
09:38:59.892 [FXGL Background Thread 3 ] DEBUG Engine               - isProfilingEnabled: false
09:38:59.892 [FXGL Background Thread 3 ] DEBUG Engine               - isScaleAffectedOnResize: true
09:38:59.892 [FXGL Background Thread 3 ] DEBUG Engine               - isSingleStep: false
09:38:59.892 [FXGL Background Thread 3 ] DEBUG Engine               - isUserProfileEnabled: false
09:38:59.893 [FXGL Background Thread 3 ] DEBUG Engine               - isWindows: true
09:38:59.893 [FXGL Background Thread 3 ] DEBUG Engine               - language: ObjectProperty [value: ENGLISH]
09:38:59.893 [FXGL Background Thread 3 ] DEBUG Engine               - menuKey: ESCAPE
09:38:59.893 [FXGL Background Thread 3 ] DEBUG Engine               - mouseSensitivity: 0.2
09:38:59.894 [FXGL Background Thread 3 ] DEBUG Engine               - notificationViewClass: class com.almasb.fxgl.notification.view.XboxNotificationView
09:38:59.894 [FXGL Background Thread 3 ] DEBUG Engine               - pixelsPerMeter: 50.0
09:38:59.894 [FXGL Background Thread 3 ] DEBUG Engine               - platform: WINDOWS
09:38:59.894 [FXGL Background Thread 3 ] DEBUG Engine               - prefHeightProperty: ReadOnlyDoubleProperty [value: 600.0]
09:38:59.895 [FXGL Background Thread 3 ] DEBUG Engine               - prefWidthProperty: ReadOnlyDoubleProperty [value: 800.0]
09:38:59.895 [FXGL Background Thread 3 ] DEBUG Engine               - profileDir: profiles/
09:38:59.895 [FXGL Background Thread 3 ] DEBUG Engine               - profileName: StringProperty [value: DEFAULT]
09:38:59.896 [FXGL Background Thread 3 ] DEBUG Engine               - randomSeed: -1
09:38:59.896 [FXGL Background Thread 3 ] DEBUG Engine               - runtimeInfo: RuntimeInfo(platform=WINDOWS, version=17.2, build=20.08.2022 16.50)
09:38:59.897 [FXGL Background Thread 3 ] DEBUG Engine               - saveFileExt: sav
09:38:59.897 [FXGL Background Thread 3 ] DEBUG Engine               - scaledHeightProp$fxgl: DoubleProperty [bound, value: 600.0]
09:38:59.897 [FXGL Background Thread 3 ] DEBUG Engine               - scaledWidthProp$fxgl: DoubleProperty [bound, value: 800.0]
09:38:59.897 [FXGL Background Thread 3 ] DEBUG Engine               - sceneFactory: com.almasb.fxgl.app.scene.SceneFactory@4c4d7624
09:38:59.898 [FXGL Background Thread 3 ] DEBUG Engine               - secondsIn24h: 60
09:38:59.898 [FXGL Background Thread 3 ] DEBUG Engine               - soundMenuBack: menu/back.wav
09:38:59.898 [FXGL Background Thread 3 ] DEBUG Engine               - soundMenuPress: menu/press.wav
09:38:59.898 [FXGL Background Thread 3 ] DEBUG Engine               - soundMenuSelect: menu/select.wav
09:38:59.899 [FXGL Background Thread 3 ] DEBUG Engine               - soundNotification: core/notification.wav
09:38:59.899 [FXGL Background Thread 3 ] DEBUG Engine               - stageStyle: DECORATED
09:38:59.899 [FXGL Background Thread 3 ] DEBUG Engine               - supportedLanguages: [ENGLISH, FRENCH, GERMAN, HUNGARIAN, RUSSIAN]
09:38:59.899 [FXGL Background Thread 3 ] DEBUG Engine               - ticksPerSecond: -1
09:38:59.899 [FXGL Background Thread 3 ] DEBUG Engine               - title: Probando demoCuboApp
09:38:59.900 [FXGL Background Thread 3 ] DEBUG Engine               - urlGithub: https://github.com/AlmasB/FXGL
09:38:59.900 [FXGL Background Thread 3 ] DEBUG Engine               - urlLeaderboard: http://fxgl-top.herokuapp.com/
09:38:59.900 [FXGL Background Thread 3 ] DEBUG Engine               - urlPOM: https://raw.githubusercontent.com/AlmasB/FXGL/release/README.md
09:38:59.901 [FXGL Background Thread 3 ] DEBUG Engine               - userAppClass: class com.demo.fxgldemo.demoCuboApp
09:38:59.901 [FXGL Background Thread 3 ] DEBUG Engine               - version: 0.0
09:38:59.901 [FXGL Background Thread 3 ] DEBUG Engine               - versionCheckDays: 7
09:38:59.901 [FXGL Background Thread 3 ] DEBUG Engine               - width: 800
09:38:59.902 [FXGL Background Thread 3 ] DEBUG Engine               - Logging services
09:38:59.902 [FXGL Background Thread 3 ] DEBUG Engine               - class com.almasb.fxgl.app.services.FXGLAssetLoaderService
09:38:59.902 [FXGL Background Thread 3 ] DEBUG Engine               - class com.almasb.fxgl.app.FXGLApplication$GameApplicationService
09:38:59.902 [FXGL Background Thread 3 ] DEBUG Engine               - class com.almasb.fxgl.app.services.FXGLDialogService
09:38:59.902 [FXGL Background Thread 3 ] DEBUG Engine               - class com.almasb.fxgl.app.services.IOTaskExecutorService
09:38:59.902 [FXGL Background Thread 3 ] DEBUG Engine               - class com.almasb.fxgl.io.FileSystemService
09:38:59.903 [FXGL Background Thread 3 ] DEBUG Engine               - class com.almasb.fxgl.localization.LocalizationService
09:38:59.903 [FXGL Background Thread 3 ] DEBUG Engine               - class com.almasb.fxgl.app.services.SystemBundleService
09:38:59.903 [FXGL Background Thread 3 ] DEBUG Engine               - class com.almasb.fxgl.profile.SaveLoadService
09:38:59.903 [FXGL Background Thread 3 ] DEBUG Engine               - class com.almasb.fxgl.ui.FXGLUIFactoryServiceProvider
09:38:59.903 [FXGL Background Thread 3 ] DEBUG Engine               - class com.almasb.fxgl.ui.FXGLDialogFactoryServiceProvider
09:38:59.903 [FXGL Background Thread 3 ] DEBUG Engine               - class com.almasb.fxgl.audio.AudioPlayer
09:38:59.904 [FXGL Background Thread 3 ] DEBUG Engine               - class com.almasb.fxgl.notification.impl.NotificationServiceProvider
09:38:59.904 [FXGL Background Thread 3 ] DEBUG Engine               - class com.almasb.fxgl.achievement.AchievementService
09:38:59.904 [FXGL Background Thread 3 ] DEBUG Engine               - class com.almasb.fxgl.cutscene.CutsceneService
09:38:59.904 [FXGL Background Thread 3 ] DEBUG Engine               - class com.almasb.fxgl.minigames.MiniGameService
09:38:59.904 [FXGL Background Thread 3 ] DEBUG Engine               - class com.almasb.fxgl.net.NetService
09:38:59.904 [FXGL Background Thread 3 ] DEBUG Engine               - class com.almasb.fxgl.app.services.UpdaterService
09:38:59.905 [FXGL Background Thread 3 ] DEBUG Engine               - class com.almasb.fxgl.dev.DevService
09:39:15.154 [JavaFX Application Thread] DEBUG FXGLApplication      - Exiting FXGL
09:39:15.154 [JavaFX Application Thread] DEBUG LoopRunner           - Stopping loop
09:39:15.154 [JavaFX Application Thread] DEBUG SystemBundleService  - Saving FXGL system data
09:39:15.156 [JavaFX Application Thread] DEBUG FileSystemAccess     - Writing to: F:\Proyectos javafx\javafxgl\fxgl-demo\system\fxgl.bundle
09:39:15.158 [JavaFX Application Thread] DEBUG Async                - Shutting down background threads
09:39:15.158 [JavaFX Application Thread] DEBUG PrimaryStageWindow   - Closing main window
09:39:15.177 [JavaFX Application Thread] DEBUG Logger               - Closing Logger
