09:26:47.948 [main                     ] DEBUG Logger               - Configured Logger
09:26:47.977 [main                     ] DEBUG GameApplication      - Logging settings
Title: Probando demoCuboApp
Version: 0.0
Width: 800
Height: 600
Fullscreen: false
Intro: false
Profiling: false
Single step:false
App Mode: DEVELOPER
Menu Key: ESCAPE
Stage Style: DECORATED
Scene Factory: class com.almasb.fxgl.app.scene.SceneFactory

09:26:48.273 [JavaFX Application Thread] DEBUG FXGLApplication      - Initializing FXGL
09:26:48.279 [JavaFX Application Thread] INFO  Engine               - FXGL-17.2 (20.08.2022 16.50) on WINDOWS (J:21.0.1 FX:21-ea)
09:26:48.279 [JavaFX Application Thread] DEBUG Engine               - JRE Vendor Name: Oracle Corporation
09:26:48.279 [JavaFX Application Thread] DEBUG Engine               - Running on OS: Windows 10 version 10.0
09:26:48.280 [JavaFX Application Thread] DEBUG Engine               - Architecture: amd64
09:26:48.280 [JavaFX Application Thread] INFO  Engine               - Source code and latest versions at: https://github.com/AlmasB/FXGL
09:26:48.280 [JavaFX Application Thread] INFO  Engine               -       Ask questions and discuss at: https://github.com/AlmasB/FXGL/discussions
09:26:48.280 [JavaFX Application Thread] INFO  Engine               -              Join the FXGL chat at: https://gitter.im/AlmasB/FXGL
09:26:48.370 [JavaFX Application Thread] DEBUG PrimaryStageWindow   - Creating a JavaFX scene
09:26:48.427 [JavaFX Application Thread] DEBUG PrimaryStageWindow   - Target settings size: 800.0 x 600.0
09:26:48.427 [JavaFX Application Thread] DEBUG PrimaryStageWindow   - Scaled scene size:    800.0 x 600.0
09:26:48.427 [JavaFX Application Thread] DEBUG PrimaryStageWindow   - Scaled ratio: (1.0, 1.0)
09:26:48.428 [JavaFX Application Thread] DEBUG PrimaryStageWindow   - Set initial scene to FXGLStartupScene
09:26:48.431 [JavaFX Application Thread] DEBUG PrimaryStageWindow   - Opening main window
09:26:48.529 [JavaFX Application Thread] DEBUG PrimaryStageWindow   - Window border size: (14.4000244140625, 37.5999755859375)
09:26:48.529 [JavaFX Application Thread] DEBUG PrimaryStageWindow   - Scaled size: 800.0 x 600.0
09:26:48.530 [JavaFX Application Thread] DEBUG PrimaryStageWindow   - Scaled ratio: (1.0, 1.0)
09:26:48.530 [JavaFX Application Thread] DEBUG PrimaryStageWindow   - Scene size: 800.0 x 600.0
09:26:48.530 [JavaFX Application Thread] DEBUG PrimaryStageWindow   - Stage size: 814.4000244140625 x 637.5999755859375
09:26:48.543 [FXGL Background Thread 1 ] DEBUG Engine               - Initializing environment variables
09:26:48.633 [FXGL Background Thread 1 ] DEBUG FXGLAssetLoaderServi - User app class for loading assets: class com.demo.fxgldemo.demoCuboApp
09:26:48.634 [FXGL Background Thread 1 ] DEBUG GameApplicationServi - Applying CSS: fxgl_dark.css
09:26:48.634 [FXGL Background Thread 1 ] DEBUG FXGLAssetLoaderServi - Loading from file system: jar:file:///C:/Users/Usuario/.m2/repository/com/github/almasb/fxgl/17.2/fxgl-17.2.jar!/fxglassets/ui/css/fxgl_dark.css
09:26:48.701 [FXGL Background Thread 1 ] DEBUG GameApplicationServi - Initializing application scenes
09:26:48.756 [FXGL Background Thread 1 ] DEBUG GameWorld            - Game world initialized
09:26:48.842 [FXGL Background Thread 1 ] DEBUG PhysicsWorld         - Physics world initialized: appHeight=600, physics.ppm=50,0
09:26:48.842 [FXGL Background Thread 1 ] DEBUG PhysicsWorld         - Using strategy: BRUTE_FORCE
09:26:48.847 [FXGL Background Thread 1 ] DEBUG GameScene            - Game scene initialized: 800x600
09:26:48.862 [FXGL Background Thread 1 ] DEBUG FXGL.DefaultMenu     - createMenuBodyGameMenu()
09:26:48.877 [FXGL Background Thread 1 ] DEBUG FXGL.DefaultMenu     - createOptionsMenu()
09:26:48.891 [FXGL Background Thread 1 ] DEBUG FXGLAssetLoaderServi - Loading from file system: jar:file:///C:/Users/Usuario/.m2/repository/com/github/almasb/fxgl/17.2/fxgl-17.2.jar!/fxglassets/textures/particles/smoke.png
09:26:48.986 [FXGL Background Thread 1 ] DEBUG FXGLAssetLoaderServi - Loading from file system: jar:file:///C:/Users/Usuario/.m2/repository/com/github/almasb/fxgl/17.2/fxgl-17.2.jar!/fxglassets/textures/particles/trace_horizontal.png
09:26:49.012 [FXGL Background Thread 1 ] DEBUG GameApplicationServi - Application scenes initialized
09:26:49.025 [FXGL Background Thread 1 ] DEBUG SystemBundleService  - Loading FXGL system data
09:26:49.029 [FXGL Background Thread 1 ] DEBUG FileSystemAccess     - Reading from: F:\Proyectos javafx\javafxgl\fxgl-demo\system\fxgl.bundle
09:26:49.038 [FXGL Background Thread 1 ] DEBUG SystemBundleService  - Bundle FXGL: {}
09:26:49.038 [FXGL Background Thread 1 ] DEBUG UpdaterService       - Checking for updates
09:26:49.045 [FXGL Background Thread 4 ] DEBUG FXGLApplication      - Loading fonts
09:26:49.045 [FXGL Background Thread 1 ] DEBUG FXGLApplication      - Loading default localization
09:26:49.045 [FXGL Background Thread 4 ] DEBUG FXGLAssetLoaderServi - Loading from file system: jar:file:///C:/Users/Usuario/.m2/repository/com/github/almasb/fxgl/17.2/fxgl-17.2.jar!/fxglassets/ui/fonts/VarelaRound-Regular.ttf
09:26:49.046 [FXGL Background Thread 1 ] DEBUG FXGLAssetLoaderServi - Loading from file system: jar:file:///C:/Users/Usuario/.m2/repository/com/github/almasb/fxgl/17.2/fxgl-17.2.jar!/fxglassets/languages/english.lang
09:26:49.081 [FXGL Background Thread 1 ] INFO  FXGLApplication      - FXGL initialization took: 0,538 sec
09:26:49.084 [FXGL Background Thread 4 ] DEBUG FXGLAssetLoaderServi - Loading from file system: jar:file:///C:/Users/Usuario/.m2/repository/com/github/almasb/fxgl/17.2/fxgl-17.2.jar!/fxglassets/ui/fonts/Abel-Regular.ttf
09:26:49.094 [FXGL Background Thread 4 ] DEBUG FXGLAssetLoaderServi - Loading from file system: jar:file:///C:/Users/Usuario/.m2/repository/com/github/almasb/fxgl/17.2/fxgl-17.2.jar!/fxglassets/ui/fonts/TerminalLandMono-Regular.otf
09:26:49.095 [JavaFX Application Thread] DEBUG Input                - Registered new binding: action0 - A
09:26:49.096 [JavaFX Application Thread] DEBUG Input                - Registered new binding: action1 - D
09:26:49.096 [JavaFX Application Thread] DEBUG Input                - Registered new binding: action2 - W
09:26:49.097 [JavaFX Application Thread] DEBUG Input                - Registered new binding: action3 - S
09:26:49.097 [JavaFX Application Thread] DEBUG Input                - Registered new binding: action4 - J
09:26:49.098 [JavaFX Application Thread] DEBUG Input                - Registered new binding: action5 - L
09:26:49.099 [JavaFX Application Thread] DEBUG Input                - Registered new binding: action6 - I
09:26:49.099 [JavaFX Application Thread] DEBUG Input                - Registered new binding: action7 - K
09:26:49.099 [JavaFX Application Thread] DEBUG FXGLAssetLoaderServi - Loading from file system: jar:file:///C:/Users/Usuario/.m2/repository/com/github/almasb/fxgl/17.2/fxgl-17.2.jar!/fxglassets/textures/fxgl_icon.png
09:26:49.105 [FXGL Background Thread 4 ] DEBUG FXGLAssetLoaderServi - Loading from file system: jar:file:///C:/Users/Usuario/.m2/repository/com/github/almasb/fxgl/17.2/fxgl-17.2.jar!/fxglassets/ui/fonts/Courier-Prime.ttf
09:26:49.122 [JavaFX Application Thread] DEBUG FXGLAssetLoaderServi - Loading from file system: jar:file:///C:/Users/Usuario/.m2/repository/com/github/almasb/fxgl/17.2/fxgl-17.2.jar!/fxglassets/textures/fxgl_default_cursor.png
09:26:49.125 [JavaFX Application Thread] DEBUG Input                - Registered new binding: Screenshot - CTRL+8
09:26:49.125 [JavaFX Application Thread] DEBUG Input                - Registered new binding: System info dump - CTRL+9
09:26:49.126 [JavaFX Application Thread] DEBUG Input                - Registered new binding: Restart - CTRL+R
09:26:49.127 [JavaFX Application Thread] DEBUG Input                - Registered new binding: Toggle Debug Camera - CTRL+7
09:26:49.129 [JavaFX Application Thread] DEBUG LoopRunner           - Starting loop
09:26:49.129 [JavaFX Application Thread] DEBUG LoopRunner           - Initializing JavaFX AnimationTimerLoop
09:26:49.131 [JavaFX Application Thread] DEBUG GameApplicationServi - Starting new game
09:26:49.131 [JavaFX Application Thread] DEBUG Input                - Clearing active input actions
09:26:49.148 [JavaFX Application Thread] DEBUG GameApplicationServi - Removing overlay from FXGLStartupScene and adding to FXGLLoadingScene
09:26:49.148 [JavaFX Application Thread] DEBUG PrimaryStageWindow   - FXGLStartupScene -> FXGLLoadingScene
09:26:49.148 [JavaFX Application Thread] DEBUG GameApplicationServi - Clearing previous game
09:26:49.148 [JavaFX Application Thread] DEBUG GameScene            - Clearing game scene
09:26:49.148 [JavaFX Application Thread] DEBUG GameWorld            - Clearing game world
09:26:49.149 [JavaFX Application Thread] DEBUG PhysicsWorld         - Clearing physics world
09:26:49.151 [JavaFX Application Thread] DEBUG FXGLApplication      - Registering font factories with UI factory
09:26:49.166 [FXGL Background Thread 4 ] DEBUG FXGLAssetLoaderServi - Loading from file system: jar:file:///C:/Users/Usuario/.m2/repository/com/github/almasb/fxgl/17.2/fxgl-17.2.jar!/fxglassets/textures/
09:26:49.170 [FXGL Background Thread 4 ] WARN  FXGLAssetLoaderServi - Failed to load jar:file:///C:/Users/Usuario/.m2/repository/com/github/almasb/fxgl/17.2/fxgl-17.2.jar!/fxglassets/textures/
com.sun.javafx.iio.ImageStorageException: No loader for image data
	at javafx.graphics@21-ea/com.sun.javafx.iio.ImageStorage.loadAll(ImageStorage.java:398)
	at javafx.graphics@21-ea/com.sun.javafx.tk.quantum.PrismImageLoader2.loadAll(PrismImageLoader2.java:134)
	at javafx.graphics@21-ea/com.sun.javafx.tk.quantum.PrismImageLoader2.<init>(PrismImageLoader2.java:71)
	at javafx.graphics@21-ea/com.sun.javafx.tk.quantum.QuantumToolkit.loadImage(QuantumToolkit.java:804)
	at javafx.graphics@21-ea/javafx.scene.image.Image.loadImage(Image.java:1075)
	at javafx.graphics@21-ea/javafx.scene.image.Image.initialize(Image.java:821)
	at javafx.graphics@21-ea/javafx.scene.image.Image.<init>(Image.java:628)
	at com.almasb.fxgl.all@17.2/com.almasb.fxgl.app.services.ImageAssetLoader.load(FXGLAssetLoaderService.kt:641)
	at com.almasb.fxgl.all@17.2/com.almasb.fxgl.app.services.ImageAssetLoader.load(FXGLAssetLoaderService.kt:636)
	at com.almasb.fxgl.all@17.2/com.almasb.fxgl.app.services.AssetLoader.load(FXGLAssetLoaderService.kt:625)
	at com.almasb.fxgl.all@17.2/com.almasb.fxgl.app.services.FXGLAssetLoaderService.load(FXGLAssetLoaderService.kt:530)
	at com.almasb.fxgl.all@17.2/com.almasb.fxgl.app.services.FXGLAssetLoaderService.load(FXGLAssetLoaderService.kt:507)
	at com.almasb.fxgl.all@17.2/com.almasb.fxgl.app.services.FXGLAssetLoaderService.load(FXGLAssetLoaderService.kt:496)
	at com.almasb.fxgl.all@17.2/com.almasb.fxgl.app.services.FXGLAssetLoaderService.loadImage(FXGLAssetLoaderService.kt:166)
	at com.almasb.fxgl.all@17.2/com.almasb.fxgl.app.services.FXGLAssetLoaderService.loadTexture(FXGLAssetLoaderService.kt:125)
	at com.almasb.fxgl.all@17.2/com.almasb.fxgl.dsl.FXGL$Companion.texture(FXGL.kt:401)
	at com.almasb.fxgl.all@17.2/com.almasb.fxgl.dsl.EntityBuilder.view(EntityBuilder.kt:164)
	at com.demo.fxgldemo/com.demo.fxgldemo.factories.DemoFactory.newPlayerCubo(DemoFactory.java:72)
	at java.base/jdk.internal.reflect.DirectMethodHandleAccessor.invoke(DirectMethodHandleAccessor.java:103)
	at java.base/java.lang.reflect.Method.invoke(Method.java:580)
	at com.almasb.fxgl.core@17.2/com.almasb.fxgl.core.reflect.ReflectionUtils.call(ReflectionUtils.java:104)
	at com.almasb.fxgl.core@17.2/com.almasb.fxgl.core.reflect.ReflectionUtils.lambda$mapToFunction$3(ReflectionUtils.java:111)
	at com.almasb.fxgl.entity@17.2/com.almasb.fxgl.entity.GameWorld$create$2.invoke(GameWorld.kt:430)
	at com.almasb.fxgl.entity@17.2/com.almasb.fxgl.entity.GameWorld$create$2.invoke(GameWorld.kt:430)
	at com.almasb.fxgl.core@17.2/com.almasb.fxgl.core.util.DSLKt.tryCatchRoot(DSL.kt:34)
	at com.almasb.fxgl.entity@17.2/com.almasb.fxgl.entity.GameWorld.create(GameWorld.kt:430)
	at com.almasb.fxgl.entity@17.2/com.almasb.fxgl.entity.GameWorld.spawn(GameWorld.kt:396)
	at com.almasb.fxgl.entity@17.2/com.almasb.fxgl.entity.GameWorld.spawn(GameWorld.kt:384)
	at com.almasb.fxgl.all@17.2/com.almasb.fxgl.dsl.FXGL$Companion.spawn(FXGL.kt:557)
	at com.almasb.fxgl.all@17.2/com.almasb.fxgl.dsl.FXGL.spawn(FXGL.kt)
	at com.demo.fxgldemo/com.demo.fxgldemo.demoCuboApp.initGame(demoCuboApp.java:101)
	at com.almasb.fxgl.all@17.2/com.almasb.fxgl.app.FXGLApplication$InitAppTask.initGame(FXGLApplication.kt:339)
	at com.almasb.fxgl.all@17.2/com.almasb.fxgl.app.FXGLApplication$InitAppTask.call(FXGLApplication.kt:319)
	at com.almasb.fxgl.all@17.2/com.almasb.fxgl.app.FXGLApplication$InitAppTask.call(FXGLApplication.kt:311)
	at javafx.graphics@21-ea/javafx.concurrent.Task$TaskCallable.call(Task.java:1399)
	at java.base/java.util.concurrent.FutureTask.run(FutureTask.java:317)
	at java.base/java.util.concurrent.Executors$RunnableAdapter.call(Executors.java:572)
	at java.base/java.util.concurrent.FutureTask.run(FutureTask.java:317)
	at java.base/java.util.concurrent.ThreadPoolExecutor.runWorker(ThreadPoolExecutor.java:1144)
	at java.base/java.util.concurrent.ThreadPoolExecutor$Worker.run(ThreadPoolExecutor.java:642)
	at java.base/java.lang.Thread.run(Thread.java:1583)

09:26:49.317 [FXGL Background Thread 4 ] INFO  FXGLApplication      - Game initialization took: 0,166 sec
09:26:49.331 [JavaFX Application Thread] DEBUG Input                - Clearing active input actions
09:26:49.352 [JavaFX Application Thread] DEBUG GameApplicationServi - Removing overlay from FXGLLoadingScene and adding to GameScene
09:26:49.353 [JavaFX Application Thread] DEBUG PrimaryStageWindow   - FXGLLoadingScene -> GameScene
09:26:49.565 [FXGL Background Thread 2 ] INFO  UpdaterService       - Your current version:  17.2
09:26:49.565 [FXGL Background Thread 2 ] INFO  UpdaterService       - Latest stable version: 21
09:26:51.154 [JavaFX Application Thread] DEBUG FXGLApplication      - Exiting FXGL
09:26:51.154 [JavaFX Application Thread] DEBUG LoopRunner           - Stopping loop
09:26:51.154 [JavaFX Application Thread] DEBUG SystemBundleService  - Saving FXGL system data
09:26:51.156 [JavaFX Application Thread] DEBUG FileSystemAccess     - Writing to: F:\Proyectos javafx\javafxgl\fxgl-demo\system\fxgl.bundle
09:26:51.158 [JavaFX Application Thread] DEBUG Async                - Shutting down background threads
09:26:51.158 [JavaFX Application Thread] DEBUG PrimaryStageWindow   - Closing main window
09:26:51.177 [JavaFX Application Thread] DEBUG Logger               - Closing Logger
