08:32:04.651 [main                     ] DEBUG Logger               - Configured Logger
08:32:04.678 [main                     ] DEBUG GameApplication      - Logging settings
Title: Probando demoCuboApp
Version: 0.0
Width: 800
Height: 600
Fullscreen: false
Intro: false
Profiling: false
Single step:false
App Mode: DEVELOPER
Menu Key: ESCAPE
Stage Style: DECORATED
Scene Factory: class com.almasb.fxgl.app.scene.SceneFactory

08:32:05.009 [JavaFX Application Thread] DEBUG FXGLApplication      - Initializing FXGL
08:32:05.013 [JavaFX Application Thread] INFO  Engine               - FXGL-17.2 (20.08.2022 16.50) on WINDOWS (J:21.0.1 FX:21-ea)
08:32:05.014 [JavaFX Application Thread] DEBUG Engine               - JRE Vendor Name: Oracle Corporation
08:32:05.014 [JavaFX Application Thread] DEBUG Engine               - Running on OS: Windows 10 version 10.0
08:32:05.014 [JavaFX Application Thread] DEBUG Engine               - Architecture: amd64
08:32:05.015 [JavaFX Application Thread] INFO  Engine               - Source code and latest versions at: https://github.com/AlmasB/FXGL
08:32:05.015 [JavaFX Application Thread] INFO  Engine               -       Ask questions and discuss at: https://github.com/AlmasB/FXGL/discussions
08:32:05.015 [JavaFX Application Thread] INFO  Engine               -              Join the FXGL chat at: https://gitter.im/AlmasB/FXGL
08:32:05.129 [JavaFX Application Thread] DEBUG PrimaryStageWindow   - Creating a JavaFX scene
08:32:05.179 [JavaFX Application Thread] DEBUG PrimaryStageWindow   - Target settings size: 800.0 x 600.0
08:32:05.179 [JavaFX Application Thread] DEBUG PrimaryStageWindow   - Scaled scene size:    800.0 x 600.0
08:32:05.180 [JavaFX Application Thread] DEBUG PrimaryStageWindow   - Scaled ratio: (1.0, 1.0)
08:32:05.181 [JavaFX Application Thread] DEBUG PrimaryStageWindow   - Set initial scene to FXGLStartupScene
08:32:05.185 [JavaFX Application Thread] DEBUG PrimaryStageWindow   - Opening main window
08:32:05.286 [JavaFX Application Thread] DEBUG PrimaryStageWindow   - Window border size: (14.4000244140625, 37.5999755859375)
08:32:05.286 [JavaFX Application Thread] DEBUG PrimaryStageWindow   - Scaled size: 800.0 x 600.0
08:32:05.287 [JavaFX Application Thread] DEBUG PrimaryStageWindow   - Scaled ratio: (1.0, 1.0)
08:32:05.287 [JavaFX Application Thread] DEBUG PrimaryStageWindow   - Scene size: 800.0 x 600.0
08:32:05.287 [JavaFX Application Thread] DEBUG PrimaryStageWindow   - Stage size: 814.4000244140625 x 637.5999755859375
08:32:05.296 [FXGL Background Thread 1 ] DEBUG Engine               - Initializing environment variables
08:32:05.369 [FXGL Background Thread 1 ] DEBUG FXGLAssetLoaderServi - User app class for loading assets: class com.demo.fxgldemo.demoCuboApp
08:32:05.369 [FXGL Background Thread 1 ] DEBUG GameApplicationServi - Applying CSS: fxgl_dark.css
08:32:05.370 [FXGL Background Thread 1 ] DEBUG FXGLAssetLoaderServi - Loading from file system: jar:file:///C:/Users/Usuario/.m2/repository/com/github/almasb/fxgl/17.2/fxgl-17.2.jar!/fxglassets/ui/css/fxgl_dark.css
08:32:05.453 [FXGL Background Thread 1 ] DEBUG GameApplicationServi - Initializing application scenes
08:32:05.505 [FXGL Background Thread 1 ] DEBUG GameWorld            - Game world initialized
08:32:05.585 [FXGL Background Thread 1 ] DEBUG PhysicsWorld         - Physics world initialized: appHeight=600, physics.ppm=50,0
08:32:05.586 [FXGL Background Thread 1 ] DEBUG PhysicsWorld         - Using strategy: BRUTE_FORCE
08:32:05.591 [FXGL Background Thread 1 ] DEBUG GameScene            - Game scene initialized: 800x600
08:32:05.604 [FXGL Background Thread 1 ] DEBUG FXGL.DefaultMenu     - createMenuBodyMainMenu()
08:32:05.618 [FXGL Background Thread 1 ] DEBUG FXGL.DefaultMenu     - createOptionsMenu()
08:32:05.629 [FXGL Background Thread 1 ] DEBUG FXGLAssetLoaderServi - Loading from file system: jar:file:///C:/Users/Usuario/.m2/repository/com/github/almasb/fxgl/17.2/fxgl-17.2.jar!/fxglassets/textures/particles/smoke.png
08:32:05.750 [FXGL Background Thread 1 ] DEBUG FXGLAssetLoaderServi - Loading from file system: jar:file:///C:/Users/Usuario/.m2/repository/com/github/almasb/fxgl/17.2/fxgl-17.2.jar!/fxglassets/textures/particles/trace_horizontal.png
08:32:05.794 [FXGL Background Thread 1 ] DEBUG FXGL.DefaultMenu     - createMenuBodyGameMenu()
08:32:05.795 [FXGL Background Thread 1 ] DEBUG FXGL.DefaultMenu     - createOptionsMenu()
08:32:05.820 [FXGL Background Thread 1 ] DEBUG GameApplicationServi - Application scenes initialized
08:32:05.839 [FXGL Background Thread 1 ] DEBUG SystemBundleService  - Loading FXGL system data
08:32:05.845 [FXGL Background Thread 1 ] DEBUG FileSystemAccess     - Reading from: F:\Proyectos javafx\javafxgl\fxgl-demo\system\fxgl.bundle
08:32:05.861 [FXGL Background Thread 1 ] DEBUG SystemBundleService  - Bundle FXGL: {}
08:32:05.861 [FXGL Background Thread 1 ] DEBUG UpdaterService       - Checking for updates
08:32:05.868 [FXGL Background Thread 1 ] DEBUG FXGLApplication      - Loading default localization
08:32:05.868 [FXGL Background Thread 4 ] DEBUG FXGLApplication      - Loading fonts
08:32:05.869 [FXGL Background Thread 4 ] DEBUG FXGLAssetLoaderServi - Loading from file system: jar:file:///C:/Users/Usuario/.m2/repository/com/github/almasb/fxgl/17.2/fxgl-17.2.jar!/fxglassets/ui/fonts/VarelaRound-Regular.ttf
08:32:05.869 [FXGL Background Thread 1 ] DEBUG FXGLAssetLoaderServi - Loading from file system: jar:file:///C:/Users/Usuario/.m2/repository/com/github/almasb/fxgl/17.2/fxgl-17.2.jar!/fxglassets/languages/english.lang
08:32:05.892 [FXGL Background Thread 1 ] INFO  FXGLApplication      - FXGL initialization took: 0,595 sec
08:32:05.909 [JavaFX Application Thread] DEBUG Input                - Registered new binding: action0 - A
08:32:05.909 [JavaFX Application Thread] DEBUG Input                - Registered new binding: action1 - D
08:32:05.909 [FXGL Background Thread 4 ] DEBUG FXGLAssetLoaderServi - Loading from file system: jar:file:///C:/Users/Usuario/.m2/repository/com/github/almasb/fxgl/17.2/fxgl-17.2.jar!/fxglassets/ui/fonts/Abel-Regular.ttf
08:32:05.910 [JavaFX Application Thread] DEBUG Input                - Registered new binding: action2 - W
08:32:05.910 [JavaFX Application Thread] DEBUG Input                - Registered new binding: action3 - S
08:32:05.910 [JavaFX Application Thread] DEBUG Input                - Registered new binding: action4 - J
08:32:05.911 [JavaFX Application Thread] DEBUG Input                - Registered new binding: action5 - L
08:32:05.911 [JavaFX Application Thread] DEBUG Input                - Registered new binding: action6 - I
08:32:05.912 [JavaFX Application Thread] DEBUG Input                - Registered new binding: action7 - K
08:32:05.912 [JavaFX Application Thread] DEBUG FXGLAssetLoaderServi - Loading from file system: jar:file:///C:/Users/Usuario/.m2/repository/com/github/almasb/fxgl/17.2/fxgl-17.2.jar!/fxglassets/textures/fxgl_icon.png
08:32:05.940 [JavaFX Application Thread] DEBUG FXGLAssetLoaderServi - Loading from file system: jar:file:///C:/Users/Usuario/.m2/repository/com/github/almasb/fxgl/17.2/fxgl-17.2.jar!/fxglassets/textures/fxgl_default_cursor.png
08:32:05.943 [JavaFX Application Thread] DEBUG Input                - Registered new binding: Screenshot - CTRL+8
08:32:05.943 [JavaFX Application Thread] DEBUG Input                - Registered new binding: System info dump - CTRL+9
08:32:05.944 [JavaFX Application Thread] DEBUG Input                - Registered new binding: Restart - CTRL+R
08:32:05.944 [JavaFX Application Thread] DEBUG Input                - Registered new binding: Toggle Debug Camera - CTRL+7
08:32:05.948 [JavaFX Application Thread] DEBUG LoopRunner           - Starting loop
08:32:05.948 [JavaFX Application Thread] DEBUG LoopRunner           - Initializing JavaFX AnimationTimerLoop
08:32:05.951 [JavaFX Application Thread] DEBUG Input                - Clearing active input actions
08:32:05.952 [FXGL Background Thread 4 ] DEBUG FXGLAssetLoaderServi - Loading from file system: jar:file:///C:/Users/Usuario/.m2/repository/com/github/almasb/fxgl/17.2/fxgl-17.2.jar!/fxglassets/ui/fonts/TerminalLandMono-Regular.otf
08:32:05.960 [JavaFX Application Thread] DEBUG GameApplicationServi - Removing overlay from FXGLStartupScene and adding to FXGLMainMenuDummyScene
08:32:05.961 [JavaFX Application Thread] DEBUG PrimaryStageWindow   - FXGLStartupScene -> FXGLMainMenuDummyScene
08:32:05.961 [JavaFX Application Thread] DEBUG PrimaryStageWindow   - Push state: FXGLDefaultMenu
08:32:05.969 [JavaFX Application Thread] DEBUG Input                - Clearing active input actions
08:32:05.970 [FXGL Background Thread 4 ] DEBUG FXGLAssetLoaderServi - Loading from file system: jar:file:///C:/Users/Usuario/.m2/repository/com/github/almasb/fxgl/17.2/fxgl-17.2.jar!/fxglassets/ui/fonts/Courier-Prime.ttf
08:32:05.983 [JavaFX Application Thread] DEBUG GameApplicationServi - Removing overlay from FXGLMainMenuDummyScene and adding to FXGLDefaultMenu
08:32:05.984 [JavaFX Application Thread] DEBUG PrimaryStageWindow   - FXGLMainMenuDummyScene -> FXGLDefaultMenu
08:32:06.094 [JavaFX Application Thread] DEBUG FXGLApplication      - Registering font factories with UI factory
08:32:06.458 [FXGL Background Thread 2 ] INFO  UpdaterService       - Your current version:  17.2
08:32:06.458 [FXGL Background Thread 2 ] INFO  UpdaterService       - Latest stable version: 21
08:32:07.700 [JavaFX Application Thread] DEBUG Menu                 - fireNewGame()
08:32:07.700 [JavaFX Application Thread] DEBUG GameApplicationServi - Starting new game
08:32:07.702 [JavaFX Application Thread] DEBUG PrimaryStageWindow   - Pop state: FXGLDefaultMenu
08:32:07.702 [JavaFX Application Thread] DEBUG Input                - Clearing active input actions
08:32:07.703 [JavaFX Application Thread] DEBUG GameApplicationServi - Removing overlay from FXGLDefaultMenu and adding to FXGLMainMenuDummyScene
08:32:07.704 [JavaFX Application Thread] DEBUG PrimaryStageWindow   - FXGLMainMenuDummyScene <- FXGLDefaultMenu
08:32:07.704 [JavaFX Application Thread] DEBUG Input                - Clearing active input actions
08:32:07.719 [JavaFX Application Thread] DEBUG GameApplicationServi - Removing overlay from FXGLMainMenuDummyScene and adding to FXGLLoadingScene
08:32:07.720 [JavaFX Application Thread] DEBUG PrimaryStageWindow   - FXGLMainMenuDummyScene -> FXGLLoadingScene
08:32:07.720 [JavaFX Application Thread] DEBUG GameApplicationServi - Clearing previous game
08:32:07.720 [JavaFX Application Thread] DEBUG GameScene            - Clearing game scene
08:32:07.720 [JavaFX Application Thread] DEBUG GameWorld            - Clearing game world
08:32:07.720 [JavaFX Application Thread] DEBUG PhysicsWorld         - Clearing physics world
08:32:07.722 [FXGL Background Thread 2 ] DEBUG FXGLApplication      - Initializing game
08:32:07.761 [FXGL Background Thread 2 ] INFO  FXGLApplication      - Game initialization took: 0,039 sec
08:32:07.761 [JavaFX Application Thread] DEBUG Input                - Clearing active input actions
08:32:07.774 [JavaFX Application Thread] DEBUG GameApplicationServi - Removing overlay from FXGLLoadingScene and adding to GameScene
08:32:07.774 [JavaFX Application Thread] DEBUG PrimaryStageWindow   - FXGLLoadingScene -> GameScene
08:32:08.866 [FXGL Background Thread 3 ] DEBUG Engine               - Logging environment variables
08:32:08.866 [FXGL Background Thread 3 ] DEBUG Engine               - achievements: []
08:32:08.866 [FXGL Background Thread 3 ] DEBUG Engine               - actualHeight: 600.0
08:32:08.866 [FXGL Background Thread 3 ] DEBUG Engine               - actualHeightProperty: ReadOnlyDoubleProperty [value: 600.0]
08:32:08.867 [FXGL Background Thread 3 ] DEBUG Engine               - actualWidth: 800.0
08:32:08.867 [FXGL Background Thread 3 ] DEBUG Engine               - actualWidthProperty: ReadOnlyDoubleProperty [value: 800.0]
08:32:08.867 [FXGL Background Thread 3 ] DEBUG Engine               - appIcon: fxgl_icon.png
08:32:08.867 [FXGL Background Thread 3 ] DEBUG Engine               - applicationMode: DEVELOPER
08:32:08.867 [FXGL Background Thread 3 ] DEBUG Engine               - cSSList: [fxgl_dark.css]
08:32:08.867 [FXGL Background Thread 3 ] DEBUG Engine               - collisionDetectionStrategy: BRUTE_FORCE
08:32:08.867 [FXGL Background Thread 3 ] DEBUG Engine               - configClass: Optional.empty
08:32:08.867 [FXGL Background Thread 3 ] DEBUG Engine               - credits: []
08:32:08.867 [FXGL Background Thread 3 ] DEBUG Engine               - defaultCursor: CursorInfo(imageName=fxgl_default_cursor.png, hotspotX=7.0, hotspotY=6.0)
08:32:08.867 [FXGL Background Thread 3 ] DEBUG Engine               - devBBoxColorProperty: ObjectProperty [value: 0xff0000ff]
08:32:08.867 [FXGL Background Thread 3 ] DEBUG Engine               - devEnableDebugCameraProperty: BooleanProperty [value: false]
08:32:08.868 [FXGL Background Thread 3 ] DEBUG Engine               - devSensorColorProperty: ObjectProperty [value: 0xffff00ff]
08:32:08.868 [FXGL Background Thread 3 ] DEBUG Engine               - devShowBBoxProperty: BooleanProperty [value: false]
08:32:08.868 [FXGL Background Thread 3 ] DEBUG Engine               - devShowPositionProperty: BooleanProperty [value: false]
08:32:08.868 [FXGL Background Thread 3 ] DEBUG Engine               - enabledMenuItems: []
08:32:08.868 [FXGL Background Thread 3 ] DEBUG Engine               - engineServices: [class com.almasb.fxgl.app.services.FXGLAssetLoaderService, class com.almasb.fxgl.app.FXGLApplication$GameApplicationService, class com.almasb.fxgl.app.services.FXGLDialogService, class com.almasb.fxgl.app.services.IOTaskExecutorService, class com.almasb.fxgl.io.FileSystemService, class com.almasb.fxgl.localization.LocalizationService, class com.almasb.fxgl.app.services.SystemBundleService, class com.almasb.fxgl.profile.SaveLoadService, class com.almasb.fxgl.ui.FXGLUIFactoryServiceProvider, class com.almasb.fxgl.ui.FXGLDialogFactoryServiceProvider, class com.almasb.fxgl.audio.AudioPlayer, class com.almasb.fxgl.notification.impl.NotificationServiceProvider, class com.almasb.fxgl.achievement.AchievementService, class com.almasb.fxgl.cutscene.CutsceneService, class com.almasb.fxgl.minigames.MiniGameService, class com.almasb.fxgl.net.NetService, class com.almasb.fxgl.app.services.UpdaterService, class com.almasb.fxgl.dev.DevService]
08:32:08.868 [FXGL Background Thread 3 ] DEBUG Engine               - fontGame: Abel-Regular.ttf
08:32:08.868 [FXGL Background Thread 3 ] DEBUG Engine               - fontMono: TerminalLandMono-Regular.otf
08:32:08.868 [FXGL Background Thread 3 ] DEBUG Engine               - fontText: Courier-Prime.ttf
08:32:08.868 [FXGL Background Thread 3 ] DEBUG Engine               - fontUI: VarelaRound-Regular.ttf
08:32:08.868 [FXGL Background Thread 3 ] DEBUG Engine               - fullScreen: BooleanProperty [value: false]
08:32:08.868 [FXGL Background Thread 3 ] DEBUG Engine               - gameDifficulty: MEDIUM
08:32:08.868 [FXGL Background Thread 3 ] DEBUG Engine               - gameDifficultyProperty: ObjectProperty [value: MEDIUM]
08:32:08.868 [FXGL Background Thread 3 ] DEBUG Engine               - globalMusicVolume: 0.5
08:32:08.868 [FXGL Background Thread 3 ] DEBUG Engine               - globalMusicVolumeProperty: DoubleProperty [value: 0.5]
08:32:08.868 [FXGL Background Thread 3 ] DEBUG Engine               - globalSoundVolume: 0.5
08:32:08.868 [FXGL Background Thread 3 ] DEBUG Engine               - globalSoundVolumeProperty: DoubleProperty [value: 0.5]
08:32:08.869 [FXGL Background Thread 3 ] DEBUG Engine               - height: 600
08:32:08.869 [FXGL Background Thread 3 ] DEBUG Engine               - is3D: false
08:32:08.869 [FXGL Background Thread 3 ] DEBUG Engine               - isAndroid: false
08:32:08.869 [FXGL Background Thread 3 ] DEBUG Engine               - isBrowser: false
08:32:08.869 [FXGL Background Thread 3 ] DEBUG Engine               - isClickFeedbackEnabled: false
08:32:08.869 [FXGL Background Thread 3 ] DEBUG Engine               - isCloseConfirmation: false
08:32:08.869 [FXGL Background Thread 3 ] DEBUG Engine               - isDesktop: true
08:32:08.869 [FXGL Background Thread 3 ] DEBUG Engine               - isDeveloperMenuEnabled: false
08:32:08.869 [FXGL Background Thread 3 ] DEBUG Engine               - isEmbedded: false
08:32:08.869 [FXGL Background Thread 3 ] DEBUG Engine               - isEntityPreloadEnabled: true
08:32:08.869 [FXGL Background Thread 3 ] DEBUG Engine               - isExperimentalTiledLargeMap: false
08:32:08.869 [FXGL Background Thread 3 ] DEBUG Engine               - isFileSystemWriteAllowed: true
08:32:08.869 [FXGL Background Thread 3 ] DEBUG Engine               - isFullScreenAllowed: false
08:32:08.869 [FXGL Background Thread 3 ] DEBUG Engine               - isFullScreenFromStart: false
08:32:08.869 [FXGL Background Thread 3 ] DEBUG Engine               - isGameMenuEnabled: true
08:32:08.870 [FXGL Background Thread 3 ] DEBUG Engine               - isIOS: false
08:32:08.870 [FXGL Background Thread 3 ] DEBUG Engine               - isIntroEnabled: false
08:32:08.870 [FXGL Background Thread 3 ] DEBUG Engine               - isLinux: false
08:32:08.870 [FXGL Background Thread 3 ] DEBUG Engine               - isMac: false
08:32:08.870 [FXGL Background Thread 3 ] DEBUG Engine               - isMainMenuEnabled: true
08:32:08.870 [FXGL Background Thread 3 ] DEBUG Engine               - isManualResizeEnabled: false
08:32:08.870 [FXGL Background Thread 3 ] DEBUG Engine               - isMobile: false
08:32:08.870 [FXGL Background Thread 3 ] DEBUG Engine               - isNative: false
08:32:08.870 [FXGL Background Thread 3 ] DEBUG Engine               - isPauseMusicWhenMinimized: true
08:32:08.870 [FXGL Background Thread 3 ] DEBUG Engine               - isPreserveResizeRatio: false
08:32:08.870 [FXGL Background Thread 3 ] DEBUG Engine               - isProfilingEnabled: false
08:32:08.870 [FXGL Background Thread 3 ] DEBUG Engine               - isScaleAffectedOnResize: true
08:32:08.870 [FXGL Background Thread 3 ] DEBUG Engine               - isSingleStep: false
08:32:08.870 [FXGL Background Thread 3 ] DEBUG Engine               - isUserProfileEnabled: false
08:32:08.870 [FXGL Background Thread 3 ] DEBUG Engine               - isWindows: true
08:32:08.870 [FXGL Background Thread 3 ] DEBUG Engine               - language: ObjectProperty [value: ENGLISH]
08:32:08.870 [FXGL Background Thread 3 ] DEBUG Engine               - menuKey: ESCAPE
08:32:08.870 [FXGL Background Thread 3 ] DEBUG Engine               - mouseSensitivity: 0.2
08:32:08.870 [FXGL Background Thread 3 ] DEBUG Engine               - notificationViewClass: class com.almasb.fxgl.notification.view.XboxNotificationView
08:32:08.870 [FXGL Background Thread 3 ] DEBUG Engine               - pixelsPerMeter: 50.0
08:32:08.870 [FXGL Background Thread 3 ] DEBUG Engine               - platform: WINDOWS
08:32:08.871 [FXGL Background Thread 3 ] DEBUG Engine               - prefHeightProperty: ReadOnlyDoubleProperty [value: 600.0]
08:32:08.871 [FXGL Background Thread 3 ] DEBUG Engine               - prefWidthProperty: ReadOnlyDoubleProperty [value: 800.0]
08:32:08.871 [FXGL Background Thread 3 ] DEBUG Engine               - profileDir: profiles/
08:32:08.871 [FXGL Background Thread 3 ] DEBUG Engine               - profileName: StringProperty [value: DEFAULT]
08:32:08.871 [FXGL Background Thread 3 ] DEBUG Engine               - randomSeed: -1
08:32:08.871 [FXGL Background Thread 3 ] DEBUG Engine               - runtimeInfo: RuntimeInfo(platform=WINDOWS, version=17.2, build=20.08.2022 16.50)
08:32:08.871 [FXGL Background Thread 3 ] DEBUG Engine               - saveFileExt: sav
08:32:08.871 [FXGL Background Thread 3 ] DEBUG Engine               - scaledHeightProp$fxgl: DoubleProperty [bound, value: 600.0]
08:32:08.871 [FXGL Background Thread 3 ] DEBUG Engine               - scaledWidthProp$fxgl: DoubleProperty [bound, value: 800.0]
08:32:08.871 [FXGL Background Thread 3 ] DEBUG Engine               - sceneFactory: com.almasb.fxgl.app.scene.SceneFactory@5ec8992b
08:32:08.871 [FXGL Background Thread 3 ] DEBUG Engine               - secondsIn24h: 60
08:32:08.871 [FXGL Background Thread 3 ] DEBUG Engine               - soundMenuBack: menu/back.wav
08:32:08.871 [FXGL Background Thread 3 ] DEBUG Engine               - soundMenuPress: menu/press.wav
08:32:08.871 [FXGL Background Thread 3 ] DEBUG Engine               - soundMenuSelect: menu/select.wav
08:32:08.871 [FXGL Background Thread 3 ] DEBUG Engine               - soundNotification: core/notification.wav
08:32:08.871 [FXGL Background Thread 3 ] DEBUG Engine               - stageStyle: DECORATED
08:32:08.872 [FXGL Background Thread 3 ] DEBUG Engine               - supportedLanguages: [ENGLISH, FRENCH, GERMAN, HUNGARIAN, RUSSIAN]
08:32:08.872 [FXGL Background Thread 3 ] DEBUG Engine               - ticksPerSecond: -1
08:32:08.872 [FXGL Background Thread 3 ] DEBUG Engine               - title: Probando demoCuboApp
08:32:08.872 [FXGL Background Thread 3 ] DEBUG Engine               - urlGithub: https://github.com/AlmasB/FXGL
08:32:08.872 [FXGL Background Thread 3 ] DEBUG Engine               - urlLeaderboard: http://fxgl-top.herokuapp.com/
08:32:08.872 [FXGL Background Thread 3 ] DEBUG Engine               - urlPOM: https://raw.githubusercontent.com/AlmasB/FXGL/release/README.md
08:32:08.872 [FXGL Background Thread 3 ] DEBUG Engine               - userAppClass: class com.demo.fxgldemo.demoCuboApp
08:32:08.872 [FXGL Background Thread 3 ] DEBUG Engine               - version: 0.0
08:32:08.872 [FXGL Background Thread 3 ] DEBUG Engine               - versionCheckDays: 7
08:32:08.872 [FXGL Background Thread 3 ] DEBUG Engine               - width: 800
08:32:08.872 [FXGL Background Thread 3 ] DEBUG Engine               - Logging services
08:32:08.872 [FXGL Background Thread 3 ] DEBUG Engine               - class com.almasb.fxgl.app.services.FXGLAssetLoaderService
08:32:08.872 [FXGL Background Thread 3 ] DEBUG Engine               - class com.almasb.fxgl.app.FXGLApplication$GameApplicationService
08:32:08.872 [FXGL Background Thread 3 ] DEBUG Engine               - class com.almasb.fxgl.app.services.FXGLDialogService
08:32:08.872 [FXGL Background Thread 3 ] DEBUG Engine               - class com.almasb.fxgl.app.services.IOTaskExecutorService
08:32:08.872 [FXGL Background Thread 3 ] DEBUG Engine               - class com.almasb.fxgl.io.FileSystemService
08:32:08.872 [FXGL Background Thread 3 ] DEBUG Engine               - class com.almasb.fxgl.localization.LocalizationService
08:32:08.872 [FXGL Background Thread 3 ] DEBUG Engine               - class com.almasb.fxgl.app.services.SystemBundleService
08:32:08.872 [FXGL Background Thread 3 ] DEBUG Engine               - class com.almasb.fxgl.profile.SaveLoadService
08:32:08.872 [FXGL Background Thread 3 ] DEBUG Engine               - class com.almasb.fxgl.ui.FXGLUIFactoryServiceProvider
08:32:08.872 [FXGL Background Thread 3 ] DEBUG Engine               - class com.almasb.fxgl.ui.FXGLDialogFactoryServiceProvider
08:32:08.872 [FXGL Background Thread 3 ] DEBUG Engine               - class com.almasb.fxgl.audio.AudioPlayer
08:32:08.872 [FXGL Background Thread 3 ] DEBUG Engine               - class com.almasb.fxgl.notification.impl.NotificationServiceProvider
08:32:08.873 [FXGL Background Thread 3 ] DEBUG Engine               - class com.almasb.fxgl.achievement.AchievementService
08:32:08.873 [FXGL Background Thread 3 ] DEBUG Engine               - class com.almasb.fxgl.cutscene.CutsceneService
08:32:08.873 [FXGL Background Thread 3 ] DEBUG Engine               - class com.almasb.fxgl.minigames.MiniGameService
08:32:08.873 [FXGL Background Thread 3 ] DEBUG Engine               - class com.almasb.fxgl.net.NetService
08:32:08.873 [FXGL Background Thread 3 ] DEBUG Engine               - class com.almasb.fxgl.app.services.UpdaterService
08:32:08.873 [FXGL Background Thread 3 ] DEBUG Engine               - class com.almasb.fxgl.dev.DevService
08:32:14.132 [JavaFX Application Thread] DEBUG FXGLApplication      - Exiting FXGL
08:32:14.132 [JavaFX Application Thread] DEBUG LoopRunner           - Stopping loop
08:32:14.132 [JavaFX Application Thread] DEBUG SystemBundleService  - Saving FXGL system data
08:32:14.134 [JavaFX Application Thread] DEBUG FileSystemAccess     - Writing to: F:\Proyectos javafx\javafxgl\fxgl-demo\system\fxgl.bundle
08:32:14.136 [JavaFX Application Thread] DEBUG Async                - Shutting down background threads
08:32:14.137 [JavaFX Application Thread] DEBUG PrimaryStageWindow   - Closing main window
08:32:14.153 [JavaFX Application Thread] DEBUG Logger               - Closing Logger
