16:06:01.607 [main                     ] DEBUG Logger               - Configured Logger
16:06:01.633 [main                     ] DEBUG GameApplication      - Logging settings
Title: DemoImage
Version: 0.0
Width: 800
Height: 600
Fullscreen: false
Intro: false
Profiling: false
Single step:false
App Mode: DEVELOPER
Menu Key: ESCAPE
Stage Style: DECORATED
Scene Factory: class com.almasb.fxgl.app.scene.SceneFactory

16:06:01.994 [JavaFX Application Thread] DEBUG FXGLApplication      - Initializing FXGL
16:06:02.005 [JavaFX Application Thread] INFO  Engine               - FXGL-21 (28.12.2023 13.35) on WINDOWS (J:21.0.1 FX:21.0.1)
16:06:02.006 [JavaFX Application Thread] DEBUG Engine               - JRE Vendor Name: Oracle Corporation
16:06:02.006 [JavaFX Application Thread] DEBUG Engine               - Running on OS: Windows 10 version 10.0
16:06:02.006 [JavaFX Application Thread] DEBUG Engine               - Architecture: amd64
16:06:02.006 [JavaFX Application Thread] INFO  Engine               - Source code and latest versions at: https://github.com/AlmasB/FXGL
16:06:02.006 [JavaFX Application Thread] INFO  Engine               -       Ask questions and discuss at: https://github.com/AlmasB/FXGL/discussions
16:06:02.007 [JavaFX Application Thread] INFO  Engine               -              Join the FXGL chat at: https://gitter.im/AlmasB/FXGL
16:06:02.127 [JavaFX Application Thread] DEBUG PrimaryStageWindow   - Creating a JavaFX scene
16:06:02.184 [JavaFX Application Thread] DEBUG PrimaryStageWindow   - Target settings size: 800.0 x 600.0
16:06:02.185 [JavaFX Application Thread] DEBUG PrimaryStageWindow   - Scaled scene size:    800.0 x 600.0
16:06:02.185 [JavaFX Application Thread] DEBUG PrimaryStageWindow   - Scaled ratio: (1.0, 1.0)
16:06:02.186 [JavaFX Application Thread] DEBUG PrimaryStageWindow   - Set initial scene to FXGLStartupScene
16:06:02.189 [JavaFX Application Thread] DEBUG PrimaryStageWindow   - Opening main window
16:06:02.294 [JavaFX Application Thread] DEBUG PrimaryStageWindow   - Window border size: (14.4000244140625, 37.5999755859375)
16:06:02.295 [JavaFX Application Thread] DEBUG PrimaryStageWindow   - Scaled size: 800.0 x 600.0
16:06:02.295 [JavaFX Application Thread] DEBUG PrimaryStageWindow   - Scaled ratio: (1.0, 1.0)
16:06:02.296 [JavaFX Application Thread] DEBUG PrimaryStageWindow   - Scene size: 800.0 x 600.0
16:06:02.296 [JavaFX Application Thread] DEBUG PrimaryStageWindow   - Stage size: 814.4000244140625 x 637.5999755859375
16:06:02.304 [FXGL Background Thread 1 ] DEBUG Engine               - Initializing environment variables
16:06:02.404 [FXGL Background Thread 1 ] DEBUG FXGLAssetLoaderServi - User app class for loading assets: class org.example.App
16:06:02.404 [FXGL Background Thread 1 ] DEBUG GameApplicationServi - Applying CSS: fxgl_dark.css
16:06:02.405 [FXGL Background Thread 1 ] DEBUG FXGLAssetLoaderServi - Loading from file system: jar:file:/C:/Users/Usuario/.m2/repository/com/github/almasb/fxgl/21/fxgl-21.jar!/fxglassets/ui/css/fxgl_dark.css
16:06:02.463 [FXGL Background Thread 1 ] DEBUG GameApplicationServi - Initializing application scenes
16:06:02.519 [FXGL Background Thread 1 ] DEBUG GameWorld            - Game world initialized
16:06:02.612 [FXGL Background Thread 1 ] DEBUG PhysicsWorld         - Physics world initialized: appHeight=600, physics.ppm=50,0
16:06:02.613 [FXGL Background Thread 1 ] DEBUG PhysicsWorld         - Using strategy: BRUTE_FORCE
16:06:02.618 [FXGL Background Thread 1 ] DEBUG GameScene            - Game scene initialized: 800x600
16:06:02.639 [FXGL Background Thread 1 ] DEBUG FXGL.DefaultMenu     - createMenuBodyGameMenu()
16:06:02.661 [FXGL Background Thread 1 ] DEBUG FXGL.DefaultMenu     - createOptionsMenu()
16:06:02.670 [FXGL Background Thread 1 ] DEBUG FXGLAssetLoaderServi - Loading from file system: jar:file:/C:/Users/Usuario/.m2/repository/com/github/almasb/fxgl/21/fxgl-21.jar!/fxglassets/textures/particles/smoke.png
16:06:02.781 [FXGL Background Thread 1 ] DEBUG FXGLAssetLoaderServi - Loading from file system: jar:file:/C:/Users/Usuario/.m2/repository/com/github/almasb/fxgl/21/fxgl-21.jar!/fxglassets/textures/particles/trace_horizontal.png
16:06:02.807 [FXGL Background Thread 1 ] DEBUG GameApplicationServi - Application scenes initialized
16:06:02.821 [FXGL Background Thread 1 ] DEBUG SystemBundleService  - Loading FXGL system data
16:06:02.825 [FXGL Background Thread 1 ] DEBUG FileSystemAccess     - Reading from: F:\Proyectos javafx\javafxgl\fxgl-demoImage\system\fxgl.bundle
16:06:02.834 [FXGL Background Thread 1 ] DEBUG SystemBundleService  - Bundle FXGL: {}
16:06:02.834 [FXGL Background Thread 1 ] DEBUG UpdaterService       - Checking for updates
16:06:02.842 [FXGL Background Thread 4 ] DEBUG FXGLApplication      - Loading fonts
16:06:02.843 [FXGL Background Thread 4 ] DEBUG FXGLAssetLoaderServi - Loading from file system: jar:file:/C:/Users/Usuario/.m2/repository/com/github/almasb/fxgl/21/fxgl-21.jar!/fxglassets/ui/fonts/VarelaRound-Regular.ttf
16:06:02.844 [FXGL Background Thread 1 ] DEBUG FXGLApplication      - Loading default localization
16:06:02.845 [FXGL Background Thread 1 ] DEBUG FXGLAssetLoaderServi - Loading from file system: jar:file:/C:/Users/Usuario/.m2/repository/com/github/almasb/fxgl/21/fxgl-21.jar!/fxglassets/languages/english.lang
16:06:02.891 [FXGL Background Thread 4 ] DEBUG FXGLAssetLoaderServi - Loading from file system: jar:file:/C:/Users/Usuario/.m2/repository/com/github/almasb/fxgl/21/fxgl-21.jar!/fxglassets/ui/fonts/Abel-Regular.ttf
16:06:02.891 [FXGL Background Thread 1 ] INFO  FXGLApplication      - FXGL initialization took: 0,587 sec
16:06:02.901 [FXGL Background Thread 4 ] DEBUG FXGLAssetLoaderServi - Loading from file system: jar:file:/C:/Users/Usuario/.m2/repository/com/github/almasb/fxgl/21/fxgl-21.jar!/fxglassets/ui/fonts/TerminalLandMono-Regular.otf
16:06:02.905 [JavaFX Application Thread] DEBUG Input                - Registered new binding: action0 - J
16:06:02.906 [JavaFX Application Thread] DEBUG Input                - Registered new binding: action1 - L
16:06:02.907 [JavaFX Application Thread] DEBUG Input                - Registered new binding: action2 - I
16:06:02.907 [JavaFX Application Thread] DEBUG Input                - Registered new binding: action3 - K
16:06:02.907 [JavaFX Application Thread] DEBUG Input                - Registered new binding: action4 - A
16:06:02.908 [JavaFX Application Thread] DEBUG Input                - Registered new binding: action5 - D
16:06:02.908 [JavaFX Application Thread] DEBUG Input                - Registered new binding: action6 - W
16:06:02.908 [JavaFX Application Thread] DEBUG Input                - Registered new binding: action7 - S
16:06:02.909 [JavaFX Application Thread] DEBUG FXGLAssetLoaderServi - Loading from file system: jar:file:/C:/Users/Usuario/.m2/repository/com/github/almasb/fxgl/21/fxgl-21.jar!/fxglassets/textures/fxgl_icon.png
16:06:02.911 [FXGL Background Thread 4 ] DEBUG FXGLAssetLoaderServi - Loading from file system: jar:file:/C:/Users/Usuario/.m2/repository/com/github/almasb/fxgl/21/fxgl-21.jar!/fxglassets/ui/fonts/Courier-Prime.ttf
16:06:02.937 [JavaFX Application Thread] DEBUG FXGLAssetLoaderServi - Loading from file system: jar:file:/C:/Users/Usuario/.m2/repository/com/github/almasb/fxgl/21/fxgl-21.jar!/fxglassets/textures/fxgl_default_cursor.png
16:06:02.940 [JavaFX Application Thread] DEBUG Input                - Registered new binding: Screenshot - CTRL+8
16:06:02.941 [JavaFX Application Thread] DEBUG Input                - Registered new binding: System info dump - CTRL+9
16:06:02.941 [JavaFX Application Thread] DEBUG Input                - Registered new binding: Restart - CTRL+R
16:06:02.942 [JavaFX Application Thread] DEBUG Input                - Registered new binding: Toggle Debug Camera - CTRL+7
16:06:02.946 [JavaFX Application Thread] DEBUG LoopRunner           - Starting loop
16:06:02.947 [JavaFX Application Thread] DEBUG LoopRunner           - Initializing JavaFX AnimationTimerLoop
16:06:02.950 [JavaFX Application Thread] DEBUG GameApplicationServi - Starting new game
16:06:02.951 [JavaFX Application Thread] DEBUG Input                - Clearing active input actions
16:06:02.963 [JavaFX Application Thread] DEBUG GameApplicationServi - Removing overlay from FXGLStartupScene and adding to FXGLLoadingScene
16:06:02.963 [JavaFX Application Thread] DEBUG PrimaryStageWindow   - FXGLStartupScene -> FXGLLoadingScene
16:06:02.963 [JavaFX Application Thread] DEBUG GameApplicationServi - Clearing previous game
16:06:02.963 [JavaFX Application Thread] DEBUG GameScene            - Clearing game scene
16:06:02.963 [JavaFX Application Thread] DEBUG GameWorld            - Clearing game world
16:06:02.964 [JavaFX Application Thread] DEBUG PhysicsWorld         - Clearing physics world
16:06:02.966 [JavaFX Application Thread] DEBUG FXGLApplication      - Registering font factories with UI factory
16:06:02.966 [FXGL Background Thread 4 ] DEBUG FXGLApplication      - Initializing game
16:06:02.983 [FXGL Background Thread 4 ] DEBUG FXGLAssetLoaderServi - Loading from file system: file:/F:/Proyectos%20javafx/javafxgl/fxgl-demoImage/target/classes/assets/textures/bosque.jpg
16:06:03.075 [FXGL Background Thread 4 ] DEBUG FXGLAssetLoaderServi - Loading from file system: file:/F:/Proyectos%20javafx/javafxgl/fxgl-demoImage/target/classes/assets/textures/sprite_pug.png
16:06:03.102 [FXGL Background Thread 4 ] DEBUG FXGLAssetLoaderServi - Loading from file system: file:/F:/Proyectos%20javafx/javafxgl/fxgl-demoImage/target/classes/assets/textures/sprite_player.png
16:06:03.114 [FXGL Background Thread 4 ] INFO  FXGLApplication      - Game initialization took: 0,147 sec
16:06:03.123 [JavaFX Application Thread] DEBUG Input                - Clearing active input actions
16:06:03.136 [JavaFX Application Thread] DEBUG GameApplicationServi - Removing overlay from FXGLLoadingScene and adding to GameScene
16:06:03.136 [JavaFX Application Thread] DEBUG PrimaryStageWindow   - FXGLLoadingScene -> GameScene
16:06:03.375 [JavaFX Application Thread] DEBUG FXGLAssetLoaderServi - Loading from file system: file:/F:/Proyectos%20javafx/javafxgl/fxgl-demoImage/target/classes/assets/textures/hueso.png
16:06:05.409 [JavaFX Application Thread] DEBUG FXGLApplication      - Exiting FXGL
16:06:05.409 [JavaFX Application Thread] DEBUG LoopRunner           - Stopping loop
16:06:05.409 [JavaFX Application Thread] DEBUG SystemBundleService  - Saving FXGL system data
16:06:05.411 [JavaFX Application Thread] DEBUG FileSystemAccess     - Writing to: F:\Proyectos javafx\javafxgl\fxgl-demoImage\system\fxgl.bundle
16:06:05.413 [JavaFX Application Thread] DEBUG Async                - Shutting down background threads
16:06:05.414 [JavaFX Application Thread] DEBUG PrimaryStageWindow   - Closing main window
16:06:05.429 [JavaFX Application Thread] DEBUG Logger               - Closing Logger
