19:15:54.246 [main                     ] DEBUG Logger               - Configured Logger
19:15:54.271 [main                     ] DEBUG GameApplication      - Logging settings
Title: DemoImage
Version: 0.0
Width: 300
Height: 400
Fullscreen: false
Intro: false
Profiling: false
Single step:false
App Mode: DEVELOPER
Menu Key: ESCAPE
Stage Style: DECORATED
Scene Factory: class com.almasb.fxgl.app.scene.SceneFactory

19:15:54.651 [JavaFX Application Thread] DEBUG FXGLApplication      - Initializing FXGL
19:15:54.655 [JavaFX Application Thread] INFO  Engine               - FXGL-21 (28.12.2023 13.35) on WINDOWS (J:21.0.1 FX:21.0.1)
19:15:54.655 [JavaFX Application Thread] DEBUG Engine               - JRE Vendor Name: Oracle Corporation
19:15:54.656 [JavaFX Application Thread] DEBUG Engine               - Running on OS: Windows 10 version 10.0
19:15:54.656 [JavaFX Application Thread] DEBUG Engine               - Architecture: amd64
19:15:54.656 [JavaFX Application Thread] INFO  Engine               - Source code and latest versions at: https://github.com/AlmasB/FXGL
19:15:54.656 [JavaFX Application Thread] INFO  Engine               -       Ask questions and discuss at: https://github.com/AlmasB/FXGL/discussions
19:15:54.656 [JavaFX Application Thread] INFO  Engine               -              Join the FXGL chat at: https://gitter.im/AlmasB/FXGL
19:15:54.788 [JavaFX Application Thread] DEBUG PrimaryStageWindow   - Creating a JavaFX scene
19:15:54.847 [JavaFX Application Thread] DEBUG PrimaryStageWindow   - Target settings size: 300.0 x 400.0
19:15:54.847 [JavaFX Application Thread] DEBUG PrimaryStageWindow   - Scaled scene size:    300.0 x 400.0
19:15:54.848 [JavaFX Application Thread] DEBUG PrimaryStageWindow   - Scaled ratio: (1.0, 1.0)
19:15:54.849 [JavaFX Application Thread] DEBUG PrimaryStageWindow   - Set initial scene to FXGLStartupScene
19:15:54.852 [JavaFX Application Thread] DEBUG PrimaryStageWindow   - Opening main window
19:15:54.959 [JavaFX Application Thread] DEBUG PrimaryStageWindow   - Window border size: (14.399993896484375, 37.600006103515625)
19:15:54.959 [JavaFX Application Thread] DEBUG PrimaryStageWindow   - Scaled size: 300.0 x 400.0
19:15:54.960 [JavaFX Application Thread] DEBUG PrimaryStageWindow   - Scaled ratio: (1.0, 1.0)
19:15:54.960 [JavaFX Application Thread] DEBUG PrimaryStageWindow   - Scene size: 300.0 x 400.0
19:15:54.960 [JavaFX Application Thread] DEBUG PrimaryStageWindow   - Stage size: 314.3999938964844 x 437.6000061035156
19:15:54.972 [FXGL Background Thread 1 ] DEBUG Engine               - Initializing environment variables
19:15:55.071 [FXGL Background Thread 1 ] DEBUG FXGLAssetLoaderServi - User app class for loading assets: class org.example.App
19:15:55.072 [FXGL Background Thread 1 ] DEBUG GameApplicationServi - Applying CSS: fxgl_dark.css
19:15:55.073 [FXGL Background Thread 1 ] DEBUG FXGLAssetLoaderServi - Loading from file system: jar:file:/C:/Users/Usuario/.m2/repository/com/github/almasb/fxgl/21/fxgl-21.jar!/fxglassets/ui/css/fxgl_dark.css
19:15:55.130 [FXGL Background Thread 1 ] DEBUG GameApplicationServi - Initializing application scenes
19:15:55.182 [FXGL Background Thread 1 ] DEBUG GameWorld            - Game world initialized
19:15:55.279 [FXGL Background Thread 1 ] DEBUG PhysicsWorld         - Physics world initialized: appHeight=400, physics.ppm=50,0
19:15:55.280 [FXGL Background Thread 1 ] DEBUG PhysicsWorld         - Using strategy: BRUTE_FORCE
19:15:55.285 [FXGL Background Thread 1 ] DEBUG GameScene            - Game scene initialized: 300x400
19:15:55.301 [FXGL Background Thread 1 ] WARN  FXGL.DefaultMenu     - FXGLDefaultMenu is not designed for resolutions < 800x600
19:15:55.301 [FXGL Background Thread 1 ] DEBUG FXGL.DefaultMenu     - createMenuBodyGameMenu()
19:15:55.320 [FXGL Background Thread 1 ] DEBUG FXGL.DefaultMenu     - createOptionsMenu()
19:15:55.328 [FXGL Background Thread 1 ] DEBUG FXGLAssetLoaderServi - Loading from file system: jar:file:/C:/Users/Usuario/.m2/repository/com/github/almasb/fxgl/21/fxgl-21.jar!/fxglassets/textures/particles/smoke.png
19:15:55.443 [FXGL Background Thread 1 ] DEBUG FXGLAssetLoaderServi - Loading from file system: jar:file:/C:/Users/Usuario/.m2/repository/com/github/almasb/fxgl/21/fxgl-21.jar!/fxglassets/textures/particles/trace_horizontal.png
19:15:55.477 [FXGL Background Thread 1 ] DEBUG GameApplicationServi - Application scenes initialized
19:15:55.491 [FXGL Background Thread 1 ] DEBUG SystemBundleService  - Loading FXGL system data
19:15:55.495 [FXGL Background Thread 1 ] DEBUG FileSystemAccess     - Reading from: F:\Proyectos javafx\javafxgl\fxgl-demoImage\system\fxgl.bundle
19:15:55.507 [FXGL Background Thread 1 ] DEBUG SystemBundleService  - Bundle FXGL: {}
19:15:55.507 [FXGL Background Thread 1 ] DEBUG UpdaterService       - Checking for updates
19:15:55.515 [FXGL Background Thread 4 ] DEBUG FXGLApplication      - Loading fonts
19:15:55.515 [FXGL Background Thread 4 ] DEBUG FXGLAssetLoaderServi - Loading from file system: jar:file:/C:/Users/Usuario/.m2/repository/com/github/almasb/fxgl/21/fxgl-21.jar!/fxglassets/ui/fonts/VarelaRound-Regular.ttf
19:15:55.517 [FXGL Background Thread 1 ] DEBUG FXGLApplication      - Loading default localization
19:15:55.517 [FXGL Background Thread 1 ] DEBUG FXGLAssetLoaderServi - Loading from file system: jar:file:/C:/Users/Usuario/.m2/repository/com/github/almasb/fxgl/21/fxgl-21.jar!/fxglassets/languages/english.lang
19:15:55.564 [FXGL Background Thread 1 ] INFO  FXGLApplication      - FXGL initialization took: 0,593 sec
19:15:55.566 [FXGL Background Thread 4 ] DEBUG FXGLAssetLoaderServi - Loading from file system: jar:file:/C:/Users/Usuario/.m2/repository/com/github/almasb/fxgl/21/fxgl-21.jar!/fxglassets/ui/fonts/Abel-Regular.ttf
19:15:55.575 [FXGL Background Thread 4 ] DEBUG FXGLAssetLoaderServi - Loading from file system: jar:file:/C:/Users/Usuario/.m2/repository/com/github/almasb/fxgl/21/fxgl-21.jar!/fxglassets/ui/fonts/TerminalLandMono-Regular.otf
19:15:55.578 [JavaFX Application Thread] DEBUG Input                - Registered new binding: action0 - A
19:15:55.578 [JavaFX Application Thread] DEBUG Input                - Registered new binding: action1 - D
19:15:55.579 [JavaFX Application Thread] DEBUG Input                - Registered new binding: action2 - W
19:15:55.579 [JavaFX Application Thread] DEBUG Input                - Registered new binding: action3 - S
19:15:55.579 [JavaFX Application Thread] DEBUG FXGLAssetLoaderServi - Loading from file system: jar:file:/C:/Users/Usuario/.m2/repository/com/github/almasb/fxgl/21/fxgl-21.jar!/fxglassets/textures/fxgl_icon.png
19:15:55.586 [FXGL Background Thread 4 ] DEBUG FXGLAssetLoaderServi - Loading from file system: jar:file:/C:/Users/Usuario/.m2/repository/com/github/almasb/fxgl/21/fxgl-21.jar!/fxglassets/ui/fonts/Courier-Prime.ttf
19:15:55.607 [JavaFX Application Thread] DEBUG FXGLAssetLoaderServi - Loading from file system: jar:file:/C:/Users/Usuario/.m2/repository/com/github/almasb/fxgl/21/fxgl-21.jar!/fxglassets/textures/fxgl_default_cursor.png
19:15:55.610 [JavaFX Application Thread] DEBUG Input                - Registered new binding: Screenshot - CTRL+8
19:15:55.611 [JavaFX Application Thread] DEBUG Input                - Registered new binding: System info dump - CTRL+9
19:15:55.612 [JavaFX Application Thread] DEBUG Input                - Registered new binding: Restart - CTRL+R
19:15:55.613 [JavaFX Application Thread] DEBUG Input                - Registered new binding: Toggle Debug Camera - CTRL+7
19:15:55.618 [JavaFX Application Thread] DEBUG LoopRunner           - Starting loop
19:15:55.618 [JavaFX Application Thread] DEBUG LoopRunner           - Initializing JavaFX AnimationTimerLoop
19:15:55.620 [JavaFX Application Thread] DEBUG GameApplicationServi - Starting new game
19:15:55.621 [JavaFX Application Thread] DEBUG Input                - Clearing active input actions
19:15:55.633 [JavaFX Application Thread] DEBUG GameApplicationServi - Removing overlay from FXGLStartupScene and adding to FXGLLoadingScene
19:15:55.634 [JavaFX Application Thread] DEBUG PrimaryStageWindow   - FXGLStartupScene -> FXGLLoadingScene
19:15:55.634 [JavaFX Application Thread] DEBUG GameApplicationServi - Clearing previous game
19:15:55.634 [JavaFX Application Thread] DEBUG GameScene            - Clearing game scene
19:15:55.634 [JavaFX Application Thread] DEBUG GameWorld            - Clearing game world
19:15:55.634 [JavaFX Application Thread] DEBUG PhysicsWorld         - Clearing physics world
19:15:55.636 [FXGL Background Thread 4 ] DEBUG FXGLApplication      - Initializing game
19:15:55.636 [JavaFX Application Thread] DEBUG FXGLApplication      - Registering font factories with UI factory
19:15:55.647 [FXGL Background Thread 4 ] DEBUG FXGLAssetLoaderServi - Loading from file system: file:/F:/Proyectos%20javafx/javafxgl/fxgl-demoImage/target/classes/assets/textures/bosque.jpg
19:15:55.745 [FXGL Background Thread 4 ] DEBUG FXGLAssetLoaderServi - Loading from file system: file:/F:/Proyectos%20javafx/javafxgl/fxgl-demoImage/target/classes/assets/textures/perro-right.png
19:15:55.772 [FXGL Background Thread 4 ] DEBUG FXGLAssetLoaderServi - Loading from file system: file:/F:/Proyectos%20javafx/javafxgl/fxgl-demoImage/target/classes/assets/textures/sprite_player.png
19:15:55.780 [FXGL Background Thread 4 ] INFO  FXGLApplication      - Game initialization took: 0,144 sec
19:15:55.784 [JavaFX Application Thread] DEBUG Input                - Clearing active input actions
19:15:55.796 [JavaFX Application Thread] DEBUG GameApplicationServi - Removing overlay from FXGLLoadingScene and adding to GameScene
19:15:55.796 [JavaFX Application Thread] DEBUG PrimaryStageWindow   - FXGLLoadingScene -> GameScene
19:15:55.994 [JavaFX Application Thread] DEBUG FXGLAssetLoaderServi - Loading from file system: file:/F:/Proyectos%20javafx/javafxgl/fxgl-demoImage/target/classes/assets/textures/hueso.png
19:15:58.512 [FXGL Background Thread 3 ] DEBUG Engine               - Logging environment variables
19:15:58.514 [FXGL Background Thread 3 ] DEBUG Engine               - achievements: []
19:15:58.514 [FXGL Background Thread 3 ] DEBUG Engine               - actualHeight: 400.0
19:15:58.515 [FXGL Background Thread 3 ] DEBUG Engine               - actualHeightProperty: ReadOnlyDoubleProperty [value: 400.0]
19:15:58.515 [FXGL Background Thread 3 ] DEBUG Engine               - actualWidth: 300.0
19:15:58.515 [FXGL Background Thread 3 ] DEBUG Engine               - actualWidthProperty: ReadOnlyDoubleProperty [value: 300.0]
19:15:58.515 [FXGL Background Thread 3 ] DEBUG Engine               - appIcon: fxgl_icon.png
19:15:58.516 [FXGL Background Thread 3 ] DEBUG Engine               - applicationMode: DEVELOPER
19:15:58.516 [FXGL Background Thread 3 ] DEBUG Engine               - cSSList: [fxgl_dark.css]
19:15:58.516 [FXGL Background Thread 3 ] DEBUG Engine               - collisionDetectionStrategy: BRUTE_FORCE
19:15:58.516 [FXGL Background Thread 3 ] DEBUG Engine               - configClass: Optional.empty
19:15:58.517 [FXGL Background Thread 3 ] DEBUG Engine               - credits: []
19:15:58.518 [FXGL Background Thread 3 ] DEBUG Engine               - defaultCursor: CursorInfo(imageName=fxgl_default_cursor.png, hotspotX=7.0, hotspotY=6.0)
19:15:58.518 [FXGL Background Thread 3 ] DEBUG Engine               - devBBoxColorProperty: ObjectProperty [value: 0xff0000ff]
19:15:58.519 [FXGL Background Thread 3 ] DEBUG Engine               - devEnableDebugCameraProperty: BooleanProperty [value: false]
19:15:58.519 [FXGL Background Thread 3 ] DEBUG Engine               - devSensorColorProperty: ObjectProperty [value: 0xffff00ff]
19:15:58.519 [FXGL Background Thread 3 ] DEBUG Engine               - devShowBBoxProperty: BooleanProperty [value: false]
19:15:58.520 [FXGL Background Thread 3 ] DEBUG Engine               - devShowPositionProperty: BooleanProperty [value: false]
19:15:58.520 [FXGL Background Thread 3 ] DEBUG Engine               - enabledMenuItems: []
19:15:58.520 [FXGL Background Thread 3 ] DEBUG Engine               - engineServices: [class com.almasb.fxgl.app.services.FXGLAssetLoaderService, class com.almasb.fxgl.app.FXGLApplication$GameApplicationService, class com.almasb.fxgl.app.services.FXGLDialogService, class com.almasb.fxgl.app.services.IOTaskExecutorService, class com.almasb.fxgl.io.FileSystemService, class com.almasb.fxgl.localization.LocalizationService, class com.almasb.fxgl.app.services.SystemBundleService, class com.almasb.fxgl.profile.SaveLoadService, class com.almasb.fxgl.ui.FXGLUIFactoryServiceProvider, class com.almasb.fxgl.ui.FXGLDialogFactoryServiceProvider, class com.almasb.fxgl.audio.AudioPlayer, class com.almasb.fxgl.notification.impl.NotificationServiceProvider, class com.almasb.fxgl.achievement.AchievementService, class com.almasb.fxgl.cutscene.CutsceneService, class com.almasb.fxgl.minigames.MiniGameService, class com.almasb.fxgl.net.NetService, class com.almasb.fxgl.app.services.UpdaterService, class com.almasb.fxgl.dev.DevService]
19:15:58.520 [FXGL Background Thread 3 ] DEBUG Engine               - fontGame: Abel-Regular.ttf
19:15:58.521 [FXGL Background Thread 3 ] DEBUG Engine               - fontMono: TerminalLandMono-Regular.otf
19:15:58.521 [FXGL Background Thread 3 ] DEBUG Engine               - fontSizeScaleUI: 1.0
19:15:58.522 [FXGL Background Thread 3 ] DEBUG Engine               - fontText: Courier-Prime.ttf
19:15:58.522 [FXGL Background Thread 3 ] DEBUG Engine               - fontUI: VarelaRound-Regular.ttf
19:15:58.522 [FXGL Background Thread 3 ] DEBUG Engine               - fullScreen: BooleanProperty [value: false]
19:15:58.522 [FXGL Background Thread 3 ] DEBUG Engine               - gameDifficulty: MEDIUM
19:15:58.522 [FXGL Background Thread 3 ] DEBUG Engine               - gameDifficultyProperty: ObjectProperty [value: MEDIUM]
19:15:58.523 [FXGL Background Thread 3 ] DEBUG Engine               - globalMusicVolume: 0.5
19:15:58.523 [FXGL Background Thread 3 ] DEBUG Engine               - globalMusicVolumeProperty: DoubleProperty [value: 0.5]
19:15:58.523 [FXGL Background Thread 3 ] DEBUG Engine               - globalSoundVolume: 0.5
19:15:58.523 [FXGL Background Thread 3 ] DEBUG Engine               - globalSoundVolumeProperty: DoubleProperty [value: 0.5]
19:15:58.524 [FXGL Background Thread 3 ] DEBUG Engine               - height: 400
19:15:58.524 [FXGL Background Thread 3 ] DEBUG Engine               - is3D: false
19:15:58.524 [FXGL Background Thread 3 ] DEBUG Engine               - isAndroid: false
19:15:58.524 [FXGL Background Thread 3 ] DEBUG Engine               - isBrowser: false
19:15:58.525 [FXGL Background Thread 3 ] DEBUG Engine               - isClickFeedbackEnabled: false
19:15:58.525 [FXGL Background Thread 3 ] DEBUG Engine               - isCloseConfirmation: false
19:15:58.525 [FXGL Background Thread 3 ] DEBUG Engine               - isDesktop: true
19:15:58.525 [FXGL Background Thread 3 ] DEBUG Engine               - isDeveloperMenuEnabled: false
19:15:58.526 [FXGL Background Thread 3 ] DEBUG Engine               - isEmbedded: false
19:15:58.526 [FXGL Background Thread 3 ] DEBUG Engine               - isEntityPreloadEnabled: true
19:15:58.526 [FXGL Background Thread 3 ] DEBUG Engine               - isExperimentalTiledLargeMap: false
19:15:58.526 [FXGL Background Thread 3 ] DEBUG Engine               - isFileSystemWriteAllowed: true
19:15:58.527 [FXGL Background Thread 3 ] DEBUG Engine               - isFullScreenAllowed: false
19:15:58.527 [FXGL Background Thread 3 ] DEBUG Engine               - isFullScreenFromStart: false
19:15:58.527 [FXGL Background Thread 3 ] DEBUG Engine               - isGameMenuEnabled: true
19:15:58.527 [FXGL Background Thread 3 ] DEBUG Engine               - isIOS: false
19:15:58.528 [FXGL Background Thread 3 ] DEBUG Engine               - isIntroEnabled: false
19:15:58.528 [FXGL Background Thread 3 ] DEBUG Engine               - isLinux: false
19:15:58.528 [FXGL Background Thread 3 ] DEBUG Engine               - isMac: false
19:15:58.528 [FXGL Background Thread 3 ] DEBUG Engine               - isMainMenuEnabled: false
19:15:58.529 [FXGL Background Thread 3 ] DEBUG Engine               - isManualResizeEnabled: false
19:15:58.529 [FXGL Background Thread 3 ] DEBUG Engine               - isMobile: false
19:15:58.529 [FXGL Background Thread 3 ] DEBUG Engine               - isNative: false
19:15:58.530 [FXGL Background Thread 3 ] DEBUG Engine               - isPauseMusicWhenMinimized: true
19:15:58.530 [FXGL Background Thread 3 ] DEBUG Engine               - isPreserveResizeRatio: false
19:15:58.530 [FXGL Background Thread 3 ] DEBUG Engine               - isProfilingEnabled: false
19:15:58.531 [FXGL Background Thread 3 ] DEBUG Engine               - isScaleAffectedOnResize: true
19:15:58.531 [FXGL Background Thread 3 ] DEBUG Engine               - isSingleStep: false
19:15:58.531 [FXGL Background Thread 3 ] DEBUG Engine               - isUserProfileEnabled: false
19:15:58.531 [FXGL Background Thread 3 ] DEBUG Engine               - isWindows: true
19:15:58.532 [FXGL Background Thread 3 ] DEBUG Engine               - language: ObjectProperty [value: ENGLISH]
19:15:58.532 [FXGL Background Thread 3 ] DEBUG Engine               - menuKey: ESCAPE
19:15:58.532 [FXGL Background Thread 3 ] DEBUG Engine               - mouseSensitivity: 0.2
19:15:58.532 [FXGL Background Thread 3 ] DEBUG Engine               - notificationViewClass: class com.almasb.fxgl.notification.view.XboxNotificationView
19:15:58.532 [FXGL Background Thread 3 ] DEBUG Engine               - pixelsPerMeter: 50.0
19:15:58.533 [FXGL Background Thread 3 ] DEBUG Engine               - platform: WINDOWS
19:15:58.533 [FXGL Background Thread 3 ] DEBUG Engine               - prefHeightProperty: ReadOnlyDoubleProperty [value: 400.0]
19:15:58.533 [FXGL Background Thread 3 ] DEBUG Engine               - prefWidthProperty: ReadOnlyDoubleProperty [value: 300.0]
19:15:58.533 [FXGL Background Thread 3 ] DEBUG Engine               - profileDir: profiles/
19:15:58.534 [FXGL Background Thread 3 ] DEBUG Engine               - profileName: StringProperty [value: DEFAULT]
19:15:58.534 [FXGL Background Thread 3 ] DEBUG Engine               - randomSeed: -1
19:15:58.535 [FXGL Background Thread 3 ] DEBUG Engine               - runtimeInfo: RuntimeInfo(platform=WINDOWS, version=21, build=28.12.2023 13.35)
19:15:58.535 [FXGL Background Thread 3 ] DEBUG Engine               - saveFileExt: sav
19:15:58.535 [FXGL Background Thread 3 ] DEBUG Engine               - scaledHeightProp$fxgl: DoubleProperty [bound, value: 400.0]
19:15:58.536 [FXGL Background Thread 3 ] DEBUG Engine               - scaledWidthProp$fxgl: DoubleProperty [bound, value: 300.0]
19:15:58.536 [FXGL Background Thread 3 ] DEBUG Engine               - sceneFactory: com.almasb.fxgl.app.scene.SceneFactory@45f8c897
19:15:58.536 [FXGL Background Thread 3 ] DEBUG Engine               - secondsIn24h: 60
19:15:58.536 [FXGL Background Thread 3 ] DEBUG Engine               - soundMenuBack: menu/back.wav
19:15:58.537 [FXGL Background Thread 3 ] DEBUG Engine               - soundMenuPress: menu/press.wav
19:15:58.537 [FXGL Background Thread 3 ] DEBUG Engine               - soundMenuSelect: menu/select.wav
19:15:58.537 [FXGL Background Thread 3 ] DEBUG Engine               - soundNotification: core/notification.wav
19:15:58.538 [FXGL Background Thread 3 ] DEBUG Engine               - stageStyle: DECORATED
19:15:58.538 [FXGL Background Thread 3 ] DEBUG Engine               - supportedLanguages: [ENGLISH, FRENCH, GERMAN, HUNGARIAN, RUSSIAN]
19:15:58.538 [FXGL Background Thread 3 ] DEBUG Engine               - ticksPerSecond: -1
19:15:58.538 [FXGL Background Thread 3 ] DEBUG Engine               - title: DemoImage
19:15:58.539 [FXGL Background Thread 3 ] DEBUG Engine               - urlGithub: https://github.com/AlmasB/FXGL
19:15:58.539 [FXGL Background Thread 3 ] DEBUG Engine               - urlLeaderboard: http://fxgl-top.herokuapp.com/
19:15:58.539 [FXGL Background Thread 3 ] DEBUG Engine               - urlPOM: https://raw.githubusercontent.com/AlmasB/FXGL/release/README.md
19:15:58.539 [FXGL Background Thread 3 ] DEBUG Engine               - userAppClass: class org.example.App
19:15:58.539 [FXGL Background Thread 3 ] DEBUG Engine               - version: 0.0
19:15:58.539 [FXGL Background Thread 3 ] DEBUG Engine               - versionCheckDays: 7
19:15:58.540 [FXGL Background Thread 3 ] DEBUG Engine               - width: 300
19:15:58.540 [FXGL Background Thread 3 ] DEBUG Engine               - Logging services
19:15:58.540 [FXGL Background Thread 3 ] DEBUG Engine               - class com.almasb.fxgl.app.services.FXGLAssetLoaderService
19:15:58.540 [FXGL Background Thread 3 ] DEBUG Engine               - class com.almasb.fxgl.app.FXGLApplication$GameApplicationService
19:15:58.540 [FXGL Background Thread 3 ] DEBUG Engine               - class com.almasb.fxgl.app.services.FXGLDialogService
19:15:58.540 [FXGL Background Thread 3 ] DEBUG Engine               - class com.almasb.fxgl.app.services.IOTaskExecutorService
19:15:58.540 [FXGL Background Thread 3 ] DEBUG Engine               - class com.almasb.fxgl.io.FileSystemService
19:15:58.540 [FXGL Background Thread 3 ] DEBUG Engine               - class com.almasb.fxgl.localization.LocalizationService
19:15:58.540 [FXGL Background Thread 3 ] DEBUG Engine               - class com.almasb.fxgl.app.services.SystemBundleService
19:15:58.541 [FXGL Background Thread 3 ] DEBUG Engine               - class com.almasb.fxgl.profile.SaveLoadService
19:15:58.541 [FXGL Background Thread 3 ] DEBUG Engine               - class com.almasb.fxgl.ui.FXGLUIFactoryServiceProvider
19:15:58.541 [FXGL Background Thread 3 ] DEBUG Engine               - class com.almasb.fxgl.ui.FXGLDialogFactoryServiceProvider
19:15:58.541 [FXGL Background Thread 3 ] DEBUG Engine               - class com.almasb.fxgl.audio.AudioPlayer
19:15:58.541 [FXGL Background Thread 3 ] DEBUG Engine               - class com.almasb.fxgl.notification.impl.NotificationServiceProvider
19:15:58.541 [FXGL Background Thread 3 ] DEBUG Engine               - class com.almasb.fxgl.achievement.AchievementService
19:15:58.541 [FXGL Background Thread 3 ] DEBUG Engine               - class com.almasb.fxgl.cutscene.CutsceneService
19:15:58.541 [FXGL Background Thread 3 ] DEBUG Engine               - class com.almasb.fxgl.minigames.MiniGameService
19:15:58.541 [FXGL Background Thread 3 ] DEBUG Engine               - class com.almasb.fxgl.net.NetService
19:15:58.542 [FXGL Background Thread 3 ] DEBUG Engine               - class com.almasb.fxgl.app.services.UpdaterService
19:15:58.542 [FXGL Background Thread 3 ] DEBUG Engine               - class com.almasb.fxgl.dev.DevService
19:16:13.629 [JavaFX Application Thread] DEBUG FXGLApplication      - Exiting FXGL
19:16:13.630 [JavaFX Application Thread] DEBUG LoopRunner           - Stopping loop
19:16:13.630 [JavaFX Application Thread] DEBUG SystemBundleService  - Saving FXGL system data
19:16:13.632 [JavaFX Application Thread] DEBUG FileSystemAccess     - Writing to: F:\Proyectos javafx\javafxgl\fxgl-demoImage\system\fxgl.bundle
19:16:13.634 [JavaFX Application Thread] DEBUG Async                - Shutting down background threads
19:16:13.634 [JavaFX Application Thread] DEBUG PrimaryStageWindow   - Closing main window
19:16:13.650 [JavaFX Application Thread] DEBUG Logger               - Closing Logger
