11:20:25.853 [main                     ] DEBUG Logger               - Configured Logger
11:20:25.880 [main                     ] DEBUG GameApplication      - Logging settings
Title: DemoImage
Version: 0.0
Width: 800
Height: 600
Fullscreen: false
Intro: false
Profiling: false
Single step:false
App Mode: DEVELOPER
Menu Key: ESCAPE
Stage Style: DECORATED
Scene Factory: class com.almasb.fxgl.app.scene.SceneFactory

11:20:26.251 [JavaFX Application Thread] DEBUG FXGLApplication      - Initializing FXGL
11:20:26.261 [JavaFX Application Thread] INFO  Engine               - FXGL-21 (28.12.2023 13.35) on WINDOWS (J:21.0.1 FX:21.0.1)
11:20:26.262 [JavaFX Application Thread] DEBUG Engine               - JRE Vendor Name: Oracle Corporation
11:20:26.262 [JavaFX Application Thread] DEBUG Engine               - Running on OS: Windows 10 version 10.0
11:20:26.262 [JavaFX Application Thread] DEBUG Engine               - Architecture: amd64
11:20:26.262 [JavaFX Application Thread] INFO  Engine               - Source code and latest versions at: https://github.com/AlmasB/FXGL
11:20:26.263 [JavaFX Application Thread] INFO  Engine               -       Ask questions and discuss at: https://github.com/AlmasB/FXGL/discussions
11:20:26.263 [JavaFX Application Thread] INFO  Engine               -              Join the FXGL chat at: https://gitter.im/AlmasB/FXGL
11:20:26.386 [JavaFX Application Thread] DEBUG PrimaryStageWindow   - Creating a JavaFX scene
11:20:26.447 [JavaFX Application Thread] DEBUG PrimaryStageWindow   - Target settings size: 800.0 x 600.0
11:20:26.447 [JavaFX Application Thread] DEBUG PrimaryStageWindow   - Scaled scene size:    800.0 x 600.0
11:20:26.448 [JavaFX Application Thread] DEBUG PrimaryStageWindow   - Scaled ratio: (1.0, 1.0)
11:20:26.449 [JavaFX Application Thread] DEBUG PrimaryStageWindow   - Set initial scene to FXGLStartupScene
11:20:26.452 [JavaFX Application Thread] DEBUG PrimaryStageWindow   - Opening main window
11:20:26.562 [JavaFX Application Thread] DEBUG PrimaryStageWindow   - Window border size: (14.4000244140625, 37.5999755859375)
11:20:26.563 [JavaFX Application Thread] DEBUG PrimaryStageWindow   - Scaled size: 800.0 x 600.0
11:20:26.563 [JavaFX Application Thread] DEBUG PrimaryStageWindow   - Scaled ratio: (1.0, 1.0)
11:20:26.564 [JavaFX Application Thread] DEBUG PrimaryStageWindow   - Scene size: 800.0 x 600.0
11:20:26.564 [JavaFX Application Thread] DEBUG PrimaryStageWindow   - Stage size: 814.4000244140625 x 637.5999755859375
11:20:26.575 [FXGL Background Thread 1 ] DEBUG Engine               - Initializing environment variables
11:20:26.673 [FXGL Background Thread 1 ] DEBUG FXGLAssetLoaderServi - User app class for loading assets: class org.example.App
11:20:26.674 [FXGL Background Thread 1 ] DEBUG GameApplicationServi - Applying CSS: fxgl_dark.css
11:20:26.675 [FXGL Background Thread 1 ] DEBUG FXGLAssetLoaderServi - Loading from file system: jar:file:/C:/Users/Usuario/.m2/repository/com/github/almasb/fxgl/21/fxgl-21.jar!/fxglassets/ui/css/fxgl_dark.css
11:20:26.734 [FXGL Background Thread 1 ] DEBUG GameApplicationServi - Initializing application scenes
11:20:26.784 [FXGL Background Thread 1 ] DEBUG GameWorld            - Game world initialized
11:20:26.880 [FXGL Background Thread 1 ] DEBUG PhysicsWorld         - Physics world initialized: appHeight=600, physics.ppm=50,0
11:20:26.880 [FXGL Background Thread 1 ] DEBUG PhysicsWorld         - Using strategy: BRUTE_FORCE
11:20:26.886 [FXGL Background Thread 1 ] DEBUG GameScene            - Game scene initialized: 800x600
11:20:26.904 [FXGL Background Thread 1 ] DEBUG FXGL.DefaultMenu     - createMenuBodyGameMenu()
11:20:26.921 [FXGL Background Thread 1 ] DEBUG FXGL.DefaultMenu     - createOptionsMenu()
11:20:26.930 [FXGL Background Thread 1 ] DEBUG FXGLAssetLoaderServi - Loading from file system: jar:file:/C:/Users/Usuario/.m2/repository/com/github/almasb/fxgl/21/fxgl-21.jar!/fxglassets/textures/particles/smoke.png
11:20:27.038 [FXGL Background Thread 1 ] DEBUG FXGLAssetLoaderServi - Loading from file system: jar:file:/C:/Users/Usuario/.m2/repository/com/github/almasb/fxgl/21/fxgl-21.jar!/fxglassets/textures/particles/trace_horizontal.png
11:20:27.071 [FXGL Background Thread 1 ] DEBUG GameApplicationServi - Application scenes initialized
11:20:27.086 [FXGL Background Thread 1 ] DEBUG SystemBundleService  - Loading FXGL system data
11:20:27.091 [FXGL Background Thread 1 ] DEBUG FileSystemAccess     - Reading from: F:\Proyectos javafx\javafxgl\fxgl-demoImage\system\fxgl.bundle
11:20:27.102 [FXGL Background Thread 1 ] DEBUG SystemBundleService  - Bundle FXGL: {}
11:20:27.102 [FXGL Background Thread 1 ] DEBUG UpdaterService       - Checking for updates
11:20:27.108 [FXGL Background Thread 4 ] DEBUG FXGLApplication      - Loading fonts
11:20:27.109 [FXGL Background Thread 4 ] DEBUG FXGLAssetLoaderServi - Loading from file system: jar:file:/C:/Users/Usuario/.m2/repository/com/github/almasb/fxgl/21/fxgl-21.jar!/fxglassets/ui/fonts/VarelaRound-Regular.ttf
11:20:27.110 [FXGL Background Thread 1 ] DEBUG FXGLApplication      - Loading default localization
11:20:27.111 [FXGL Background Thread 1 ] DEBUG FXGLAssetLoaderServi - Loading from file system: jar:file:/C:/Users/Usuario/.m2/repository/com/github/almasb/fxgl/21/fxgl-21.jar!/fxglassets/languages/english.lang
11:20:27.147 [FXGL Background Thread 1 ] INFO  FXGLApplication      - FXGL initialization took: 0,572 sec
11:20:27.151 [FXGL Background Thread 4 ] DEBUG FXGLAssetLoaderServi - Loading from file system: jar:file:/C:/Users/Usuario/.m2/repository/com/github/almasb/fxgl/21/fxgl-21.jar!/fxglassets/ui/fonts/Abel-Regular.ttf
11:20:27.160 [FXGL Background Thread 4 ] DEBUG FXGLAssetLoaderServi - Loading from file system: jar:file:/C:/Users/Usuario/.m2/repository/com/github/almasb/fxgl/21/fxgl-21.jar!/fxglassets/ui/fonts/TerminalLandMono-Regular.otf
11:20:27.161 [JavaFX Application Thread] DEBUG Input                - Registered new binding: action0 - J
11:20:27.161 [JavaFX Application Thread] DEBUG Input                - Registered new binding: action1 - L
11:20:27.162 [JavaFX Application Thread] DEBUG Input                - Registered new binding: action2 - I
11:20:27.162 [JavaFX Application Thread] DEBUG Input                - Registered new binding: action3 - K
11:20:27.163 [JavaFX Application Thread] DEBUG Input                - Registered new binding: action4 - A
11:20:27.163 [JavaFX Application Thread] DEBUG Input                - Registered new binding: action5 - D
11:20:27.163 [JavaFX Application Thread] DEBUG Input                - Registered new binding: action6 - W
11:20:27.164 [JavaFX Application Thread] DEBUG Input                - Registered new binding: action7 - S
11:20:27.164 [JavaFX Application Thread] DEBUG FXGLAssetLoaderServi - Loading from file system: jar:file:/C:/Users/Usuario/.m2/repository/com/github/almasb/fxgl/21/fxgl-21.jar!/fxglassets/textures/fxgl_icon.png
11:20:27.172 [FXGL Background Thread 4 ] DEBUG FXGLAssetLoaderServi - Loading from file system: jar:file:/C:/Users/Usuario/.m2/repository/com/github/almasb/fxgl/21/fxgl-21.jar!/fxglassets/ui/fonts/Courier-Prime.ttf
11:20:27.195 [JavaFX Application Thread] DEBUG FXGLAssetLoaderServi - Loading from file system: jar:file:/C:/Users/Usuario/.m2/repository/com/github/almasb/fxgl/21/fxgl-21.jar!/fxglassets/textures/fxgl_default_cursor.png
11:20:27.199 [JavaFX Application Thread] DEBUG Input                - Registered new binding: Screenshot - CTRL+8
11:20:27.199 [JavaFX Application Thread] DEBUG Input                - Registered new binding: System info dump - CTRL+9
11:20:27.200 [JavaFX Application Thread] DEBUG Input                - Registered new binding: Restart - CTRL+R
11:20:27.201 [JavaFX Application Thread] DEBUG Input                - Registered new binding: Toggle Debug Camera - CTRL+7
11:20:27.204 [JavaFX Application Thread] DEBUG LoopRunner           - Starting loop
11:20:27.204 [JavaFX Application Thread] DEBUG LoopRunner           - Initializing JavaFX AnimationTimerLoop
11:20:27.207 [JavaFX Application Thread] DEBUG GameApplicationServi - Starting new game
11:20:27.207 [JavaFX Application Thread] DEBUG Input                - Clearing active input actions
11:20:27.220 [JavaFX Application Thread] DEBUG GameApplicationServi - Removing overlay from FXGLStartupScene and adding to FXGLLoadingScene
11:20:27.221 [JavaFX Application Thread] DEBUG PrimaryStageWindow   - FXGLStartupScene -> FXGLLoadingScene
11:20:27.221 [JavaFX Application Thread] DEBUG GameApplicationServi - Clearing previous game
11:20:27.221 [JavaFX Application Thread] DEBUG GameScene            - Clearing game scene
11:20:27.221 [JavaFX Application Thread] DEBUG GameWorld            - Clearing game world
11:20:27.221 [JavaFX Application Thread] DEBUG PhysicsWorld         - Clearing physics world
11:20:27.223 [FXGL Background Thread 4 ] DEBUG FXGLApplication      - Initializing game
11:20:27.223 [JavaFX Application Thread] DEBUG FXGLApplication      - Registering font factories with UI factory
11:20:27.239 [FXGL Background Thread 4 ] DEBUG FXGLAssetLoaderServi - Loading from file system: file:/F:/Proyectos%20javafx/javafxgl/fxgl-demoImage/target/classes/assets/textures/bosque.jpg
11:20:27.335 [FXGL Background Thread 4 ] DEBUG FXGLAssetLoaderServi - Loading from file system: file:/F:/Proyectos%20javafx/javafxgl/fxgl-demoImage/target/classes/assets/textures/sprite_pug.png
11:20:27.359 [FXGL Background Thread 4 ] DEBUG FXGLAssetLoaderServi - Loading from file system: file:/F:/Proyectos%20javafx/javafxgl/fxgl-demoImage/target/classes/assets/textures/sprite_player.png
11:20:27.377 [FXGL Background Thread 4 ] INFO  FXGLApplication      - Game initialization took: 0,153 sec
11:20:27.402 [JavaFX Application Thread] DEBUG Input                - Clearing active input actions
11:20:27.414 [JavaFX Application Thread] DEBUG GameApplicationServi - Removing overlay from FXGLLoadingScene and adding to GameScene
11:20:27.415 [JavaFX Application Thread] DEBUG PrimaryStageWindow   - FXGLLoadingScene -> GameScene
11:20:27.611 [JavaFX Application Thread] DEBUG FXGLAssetLoaderServi - Loading from file system: file:/F:/Proyectos%20javafx/javafxgl/fxgl-demoImage/target/classes/assets/textures/hueso.png
11:20:29.857 [JavaFX Application Thread] DEBUG FXGLApplication      - Exiting FXGL
11:20:29.857 [JavaFX Application Thread] DEBUG LoopRunner           - Stopping loop
11:20:29.857 [JavaFX Application Thread] DEBUG SystemBundleService  - Saving FXGL system data
11:20:29.859 [JavaFX Application Thread] DEBUG FileSystemAccess     - Writing to: F:\Proyectos javafx\javafxgl\fxgl-demoImage\system\fxgl.bundle
11:20:29.861 [JavaFX Application Thread] DEBUG Async                - Shutting down background threads
11:20:29.861 [JavaFX Application Thread] DEBUG PrimaryStageWindow   - Closing main window
11:20:29.876 [JavaFX Application Thread] DEBUG Logger               - Closing Logger
