17:21:53.978 [main                     ] DEBUG Logger               - Configured Logger
17:21:54.004 [main                     ] DEBUG GameApplication      - Logging settings
Title: DemoImage
Version: 0.0
Width: 800
Height: 600
Fullscreen: false
Intro: false
Profiling: false
Single step:false
App Mode: DEVELOPER
Menu Key: ESCAPE
Stage Style: DECORATED
Scene Factory: class com.almasb.fxgl.app.scene.SceneFactory

17:21:54.380 [JavaFX Application Thread] DEBUG FXGLApplication      - Initializing FXGL
17:21:54.390 [JavaFX Application Thread] INFO  Engine               - FXGL-21 (28.12.2023 13.35) on WINDOWS (J:21.0.1 FX:21.0.1)
17:21:54.390 [JavaFX Application Thread] DEBUG Engine               - JRE Vendor Name: Oracle Corporation
17:21:54.391 [JavaFX Application Thread] DEBUG Engine               - Running on OS: Windows 10 version 10.0
17:21:54.391 [JavaFX Application Thread] DEBUG Engine               - Architecture: amd64
17:21:54.391 [JavaFX Application Thread] INFO  Engine               - Source code and latest versions at: https://github.com/AlmasB/FXGL
17:21:54.391 [JavaFX Application Thread] INFO  Engine               -       Ask questions and discuss at: https://github.com/AlmasB/FXGL/discussions
17:21:54.391 [JavaFX Application Thread] INFO  Engine               -              Join the FXGL chat at: https://gitter.im/AlmasB/FXGL
17:21:54.514 [JavaFX Application Thread] DEBUG PrimaryStageWindow   - Creating a JavaFX scene
17:21:54.569 [JavaFX Application Thread] DEBUG PrimaryStageWindow   - Target settings size: 800.0 x 600.0
17:21:54.569 [JavaFX Application Thread] DEBUG PrimaryStageWindow   - Scaled scene size:    800.0 x 600.0
17:21:54.570 [JavaFX Application Thread] DEBUG PrimaryStageWindow   - Scaled ratio: (1.0, 1.0)
17:21:54.571 [JavaFX Application Thread] DEBUG PrimaryStageWindow   - Set initial scene to FXGLStartupScene
17:21:54.574 [JavaFX Application Thread] DEBUG PrimaryStageWindow   - Opening main window
17:21:54.691 [JavaFX Application Thread] DEBUG PrimaryStageWindow   - Window border size: (14.4000244140625, 37.5999755859375)
17:21:54.691 [JavaFX Application Thread] DEBUG PrimaryStageWindow   - Scaled size: 800.0 x 600.0
17:21:54.692 [JavaFX Application Thread] DEBUG PrimaryStageWindow   - Scaled ratio: (1.0, 1.0)
17:21:54.692 [JavaFX Application Thread] DEBUG PrimaryStageWindow   - Scene size: 800.0 x 600.0
17:21:54.692 [JavaFX Application Thread] DEBUG PrimaryStageWindow   - Stage size: 814.4000244140625 x 637.5999755859375
17:21:54.707 [FXGL Background Thread 1 ] DEBUG Engine               - Initializing environment variables
17:21:54.816 [FXGL Background Thread 1 ] DEBUG FXGLAssetLoaderServi - User app class for loading assets: class org.example.App
17:21:54.817 [FXGL Background Thread 1 ] DEBUG GameApplicationServi - Applying CSS: fxgl_dark.css
17:21:54.818 [FXGL Background Thread 1 ] DEBUG FXGLAssetLoaderServi - Loading from file system: jar:file:/C:/Users/Usuario/.m2/repository/com/github/almasb/fxgl/21/fxgl-21.jar!/fxglassets/ui/css/fxgl_dark.css
17:21:54.878 [FXGL Background Thread 1 ] DEBUG GameApplicationServi - Initializing application scenes
17:21:54.929 [FXGL Background Thread 1 ] DEBUG GameWorld            - Game world initialized
17:21:55.022 [FXGL Background Thread 1 ] DEBUG PhysicsWorld         - Physics world initialized: appHeight=600, physics.ppm=50,0
17:21:55.022 [FXGL Background Thread 1 ] DEBUG PhysicsWorld         - Using strategy: BRUTE_FORCE
17:21:55.028 [FXGL Background Thread 1 ] DEBUG GameScene            - Game scene initialized: 800x600
17:21:55.046 [FXGL Background Thread 1 ] DEBUG FXGL.DefaultMenu     - createMenuBodyGameMenu()
17:21:55.063 [FXGL Background Thread 1 ] DEBUG FXGL.DefaultMenu     - createOptionsMenu()
17:21:55.073 [FXGL Background Thread 1 ] DEBUG FXGLAssetLoaderServi - Loading from file system: jar:file:/C:/Users/Usuario/.m2/repository/com/github/almasb/fxgl/21/fxgl-21.jar!/fxglassets/textures/particles/smoke.png
17:21:55.184 [FXGL Background Thread 1 ] DEBUG FXGLAssetLoaderServi - Loading from file system: jar:file:/C:/Users/Usuario/.m2/repository/com/github/almasb/fxgl/21/fxgl-21.jar!/fxglassets/textures/particles/trace_horizontal.png
17:21:55.210 [FXGL Background Thread 1 ] DEBUG GameApplicationServi - Application scenes initialized
17:21:55.223 [FXGL Background Thread 1 ] DEBUG SystemBundleService  - Loading FXGL system data
17:21:55.228 [FXGL Background Thread 1 ] DEBUG FileSystemAccess     - Reading from: F:\Proyectos javafx\javafxgl\fxgl-demoImage\system\fxgl.bundle
17:21:55.238 [FXGL Background Thread 1 ] DEBUG SystemBundleService  - Bundle FXGL: {}
17:21:55.238 [FXGL Background Thread 1 ] DEBUG UpdaterService       - Checking for updates
17:21:55.242 [FXGL Background Thread 4 ] DEBUG FXGLApplication      - Loading fonts
17:21:55.243 [FXGL Background Thread 4 ] DEBUG FXGLAssetLoaderServi - Loading from file system: jar:file:/C:/Users/Usuario/.m2/repository/com/github/almasb/fxgl/21/fxgl-21.jar!/fxglassets/ui/fonts/VarelaRound-Regular.ttf
17:21:55.243 [FXGL Background Thread 1 ] DEBUG FXGLApplication      - Loading default localization
17:21:55.244 [FXGL Background Thread 1 ] DEBUG FXGLAssetLoaderServi - Loading from file system: jar:file:/C:/Users/Usuario/.m2/repository/com/github/almasb/fxgl/21/fxgl-21.jar!/fxglassets/languages/english.lang
17:21:55.286 [FXGL Background Thread 1 ] INFO  FXGLApplication      - FXGL initialization took: 0,578 sec
17:21:55.287 [JavaFX Application Thread] DEBUG FXGLAssetLoaderServi - Loading from file system: jar:file:/C:/Users/Usuario/.m2/repository/com/github/almasb/fxgl/21/fxgl-21.jar!/fxglassets/textures/fxgl_icon.png
17:21:55.288 [FXGL Background Thread 4 ] DEBUG FXGLAssetLoaderServi - Loading from file system: jar:file:/C:/Users/Usuario/.m2/repository/com/github/almasb/fxgl/21/fxgl-21.jar!/fxglassets/ui/fonts/Abel-Regular.ttf
17:21:55.299 [FXGL Background Thread 4 ] DEBUG FXGLAssetLoaderServi - Loading from file system: jar:file:/C:/Users/Usuario/.m2/repository/com/github/almasb/fxgl/21/fxgl-21.jar!/fxglassets/ui/fonts/TerminalLandMono-Regular.otf
17:21:55.309 [FXGL Background Thread 4 ] DEBUG FXGLAssetLoaderServi - Loading from file system: jar:file:/C:/Users/Usuario/.m2/repository/com/github/almasb/fxgl/21/fxgl-21.jar!/fxglassets/ui/fonts/Courier-Prime.ttf
17:21:55.319 [JavaFX Application Thread] DEBUG FXGLAssetLoaderServi - Loading from file system: jar:file:/C:/Users/Usuario/.m2/repository/com/github/almasb/fxgl/21/fxgl-21.jar!/fxglassets/textures/fxgl_default_cursor.png
17:21:55.336 [JavaFX Application Thread] DEBUG Input                - Registered new binding: Screenshot - CTRL+8
17:21:55.337 [JavaFX Application Thread] DEBUG Input                - Registered new binding: System info dump - CTRL+9
17:21:55.338 [JavaFX Application Thread] DEBUG Input                - Registered new binding: Restart - CTRL+R
17:21:55.339 [JavaFX Application Thread] DEBUG Input                - Registered new binding: Toggle Debug Camera - CTRL+7
17:21:55.342 [JavaFX Application Thread] DEBUG LoopRunner           - Starting loop
17:21:55.342 [JavaFX Application Thread] DEBUG LoopRunner           - Initializing JavaFX AnimationTimerLoop
17:21:55.344 [JavaFX Application Thread] DEBUG GameApplicationServi - Starting new game
17:21:55.345 [JavaFX Application Thread] DEBUG Input                - Clearing active input actions
17:21:55.357 [JavaFX Application Thread] DEBUG GameApplicationServi - Removing overlay from FXGLStartupScene and adding to FXGLLoadingScene
17:21:55.358 [JavaFX Application Thread] DEBUG PrimaryStageWindow   - FXGLStartupScene -> FXGLLoadingScene
17:21:55.358 [JavaFX Application Thread] DEBUG GameApplicationServi - Clearing previous game
17:21:55.358 [JavaFX Application Thread] DEBUG GameScene            - Clearing game scene
17:21:55.358 [JavaFX Application Thread] DEBUG GameWorld            - Clearing game world
17:21:55.358 [JavaFX Application Thread] DEBUG PhysicsWorld         - Clearing physics world
17:21:55.360 [JavaFX Application Thread] DEBUG FXGLApplication      - Registering font factories with UI factory
17:21:55.360 [FXGL Background Thread 4 ] DEBUG FXGLApplication      - Initializing game
17:21:55.381 [FXGL Background Thread 4 ] INFO  FXGLApplication      - Game initialization took: 0,021 sec
17:21:55.420 [JavaFX Application Thread] DEBUG Input                - Clearing active input actions
17:21:55.430 [JavaFX Application Thread] DEBUG GameApplicationServi - Removing overlay from FXGLLoadingScene and adding to GameScene
17:21:55.430 [JavaFX Application Thread] DEBUG PrimaryStageWindow   - FXGLLoadingScene -> GameScene
17:21:58.241 [FXGL Background Thread 3 ] DEBUG Engine               - Logging environment variables
17:21:58.243 [FXGL Background Thread 3 ] DEBUG Engine               - achievements: []
17:21:58.243 [FXGL Background Thread 3 ] DEBUG Engine               - actualHeight: 600.0
17:21:58.244 [FXGL Background Thread 3 ] DEBUG Engine               - actualHeightProperty: ReadOnlyDoubleProperty [value: 600.0]
17:21:58.244 [FXGL Background Thread 3 ] DEBUG Engine               - actualWidth: 800.0
17:21:58.244 [FXGL Background Thread 3 ] DEBUG Engine               - actualWidthProperty: ReadOnlyDoubleProperty [value: 800.0]
17:21:58.245 [FXGL Background Thread 3 ] DEBUG Engine               - appIcon: fxgl_icon.png
17:21:58.245 [FXGL Background Thread 3 ] DEBUG Engine               - applicationMode: DEVELOPER
17:21:58.245 [FXGL Background Thread 3 ] DEBUG Engine               - cSSList: [fxgl_dark.css]
17:21:58.246 [FXGL Background Thread 3 ] DEBUG Engine               - collisionDetectionStrategy: BRUTE_FORCE
17:21:58.246 [FXGL Background Thread 3 ] DEBUG Engine               - configClass: Optional.empty
17:21:58.246 [FXGL Background Thread 3 ] DEBUG Engine               - credits: []
17:21:58.247 [FXGL Background Thread 3 ] DEBUG Engine               - defaultCursor: CursorInfo(imageName=fxgl_default_cursor.png, hotspotX=7.0, hotspotY=6.0)
17:21:58.248 [FXGL Background Thread 3 ] DEBUG Engine               - devBBoxColorProperty: ObjectProperty [value: 0xff0000ff]
17:21:58.248 [FXGL Background Thread 3 ] DEBUG Engine               - devEnableDebugCameraProperty: BooleanProperty [value: false]
17:21:58.249 [FXGL Background Thread 3 ] DEBUG Engine               - devSensorColorProperty: ObjectProperty [value: 0xffff00ff]
17:21:58.249 [FXGL Background Thread 3 ] DEBUG Engine               - devShowBBoxProperty: BooleanProperty [value: false]
17:21:58.250 [FXGL Background Thread 3 ] DEBUG Engine               - devShowPositionProperty: BooleanProperty [value: false]
17:21:58.250 [FXGL Background Thread 3 ] DEBUG Engine               - enabledMenuItems: []
17:21:58.251 [FXGL Background Thread 3 ] DEBUG Engine               - engineServices: [class com.almasb.fxgl.app.services.FXGLAssetLoaderService, class com.almasb.fxgl.app.FXGLApplication$GameApplicationService, class com.almasb.fxgl.app.services.FXGLDialogService, class com.almasb.fxgl.app.services.IOTaskExecutorService, class com.almasb.fxgl.io.FileSystemService, class com.almasb.fxgl.localization.LocalizationService, class com.almasb.fxgl.app.services.SystemBundleService, class com.almasb.fxgl.profile.SaveLoadService, class com.almasb.fxgl.ui.FXGLUIFactoryServiceProvider, class com.almasb.fxgl.ui.FXGLDialogFactoryServiceProvider, class com.almasb.fxgl.audio.AudioPlayer, class com.almasb.fxgl.notification.impl.NotificationServiceProvider, class com.almasb.fxgl.achievement.AchievementService, class com.almasb.fxgl.cutscene.CutsceneService, class com.almasb.fxgl.minigames.MiniGameService, class com.almasb.fxgl.net.NetService, class com.almasb.fxgl.app.services.UpdaterService, class com.almasb.fxgl.dev.DevService]
17:21:58.251 [FXGL Background Thread 3 ] DEBUG Engine               - fontGame: Abel-Regular.ttf
17:21:58.251 [FXGL Background Thread 3 ] DEBUG Engine               - fontMono: TerminalLandMono-Regular.otf
17:21:58.252 [FXGL Background Thread 3 ] DEBUG Engine               - fontSizeScaleUI: 1.0
17:21:58.252 [FXGL Background Thread 3 ] DEBUG Engine               - fontText: Courier-Prime.ttf
17:21:58.252 [FXGL Background Thread 3 ] DEBUG Engine               - fontUI: VarelaRound-Regular.ttf
17:21:58.253 [FXGL Background Thread 3 ] DEBUG Engine               - fullScreen: BooleanProperty [value: false]
17:21:58.253 [FXGL Background Thread 3 ] DEBUG Engine               - gameDifficulty: MEDIUM
17:21:58.253 [FXGL Background Thread 3 ] DEBUG Engine               - gameDifficultyProperty: ObjectProperty [value: MEDIUM]
17:21:58.253 [FXGL Background Thread 3 ] DEBUG Engine               - globalMusicVolume: 0.5
17:21:58.254 [FXGL Background Thread 3 ] DEBUG Engine               - globalMusicVolumeProperty: DoubleProperty [value: 0.5]
17:21:58.254 [FXGL Background Thread 3 ] DEBUG Engine               - globalSoundVolume: 0.5
17:21:58.255 [FXGL Background Thread 3 ] DEBUG Engine               - globalSoundVolumeProperty: DoubleProperty [value: 0.5]
17:21:58.255 [FXGL Background Thread 3 ] DEBUG Engine               - height: 600
17:21:58.255 [FXGL Background Thread 3 ] DEBUG Engine               - is3D: false
17:21:58.255 [FXGL Background Thread 3 ] DEBUG Engine               - isAndroid: false
17:21:58.256 [FXGL Background Thread 3 ] DEBUG Engine               - isBrowser: false
17:21:58.256 [FXGL Background Thread 3 ] DEBUG Engine               - isClickFeedbackEnabled: false
17:21:58.256 [FXGL Background Thread 3 ] DEBUG Engine               - isCloseConfirmation: false
17:21:58.256 [FXGL Background Thread 3 ] DEBUG Engine               - isDesktop: true
17:21:58.257 [FXGL Background Thread 3 ] DEBUG Engine               - isDeveloperMenuEnabled: false
17:21:58.257 [FXGL Background Thread 3 ] DEBUG Engine               - isEmbedded: false
17:21:58.257 [FXGL Background Thread 3 ] DEBUG Engine               - isEntityPreloadEnabled: true
17:21:58.257 [FXGL Background Thread 3 ] DEBUG Engine               - isExperimentalTiledLargeMap: false
17:21:58.258 [FXGL Background Thread 3 ] DEBUG Engine               - isFileSystemWriteAllowed: true
17:21:58.258 [FXGL Background Thread 3 ] DEBUG Engine               - isFullScreenAllowed: false
17:21:58.258 [FXGL Background Thread 3 ] DEBUG Engine               - isFullScreenFromStart: false
17:21:58.258 [FXGL Background Thread 3 ] DEBUG Engine               - isGameMenuEnabled: true
17:21:58.259 [FXGL Background Thread 3 ] DEBUG Engine               - isIOS: false
17:21:58.259 [FXGL Background Thread 3 ] DEBUG Engine               - isIntroEnabled: false
17:21:58.259 [FXGL Background Thread 3 ] DEBUG Engine               - isLinux: false
17:21:58.259 [FXGL Background Thread 3 ] DEBUG Engine               - isMac: false
17:21:58.259 [FXGL Background Thread 3 ] DEBUG Engine               - isMainMenuEnabled: false
17:21:58.260 [FXGL Background Thread 3 ] DEBUG Engine               - isManualResizeEnabled: false
17:21:58.260 [FXGL Background Thread 3 ] DEBUG Engine               - isMobile: false
17:21:58.260 [FXGL Background Thread 3 ] DEBUG Engine               - isNative: false
17:21:58.261 [FXGL Background Thread 3 ] DEBUG Engine               - isPauseMusicWhenMinimized: true
17:21:58.261 [FXGL Background Thread 3 ] DEBUG Engine               - isPreserveResizeRatio: false
17:21:58.261 [FXGL Background Thread 3 ] DEBUG Engine               - isProfilingEnabled: false
17:21:58.262 [FXGL Background Thread 3 ] DEBUG Engine               - isScaleAffectedOnResize: true
17:21:58.262 [FXGL Background Thread 3 ] DEBUG Engine               - isSingleStep: false
17:21:58.262 [FXGL Background Thread 3 ] DEBUG Engine               - isUserProfileEnabled: false
17:21:58.262 [FXGL Background Thread 3 ] DEBUG Engine               - isWindows: true
17:21:58.263 [FXGL Background Thread 3 ] DEBUG Engine               - language: ObjectProperty [value: ENGLISH]
17:21:58.263 [FXGL Background Thread 3 ] DEBUG Engine               - menuKey: ESCAPE
17:21:58.263 [FXGL Background Thread 3 ] DEBUG Engine               - mouseSensitivity: 0.2
17:21:58.263 [FXGL Background Thread 3 ] DEBUG Engine               - notificationViewClass: class com.almasb.fxgl.notification.view.XboxNotificationView
17:21:58.264 [FXGL Background Thread 3 ] DEBUG Engine               - pixelsPerMeter: 50.0
17:21:58.264 [FXGL Background Thread 3 ] DEBUG Engine               - platform: WINDOWS
17:21:58.264 [FXGL Background Thread 3 ] DEBUG Engine               - prefHeightProperty: ReadOnlyDoubleProperty [value: 600.0]
17:21:58.265 [FXGL Background Thread 3 ] DEBUG Engine               - prefWidthProperty: ReadOnlyDoubleProperty [value: 800.0]
17:21:58.265 [FXGL Background Thread 3 ] DEBUG Engine               - profileDir: profiles/
17:21:58.265 [FXGL Background Thread 3 ] DEBUG Engine               - profileName: StringProperty [value: DEFAULT]
17:21:58.266 [FXGL Background Thread 3 ] DEBUG Engine               - randomSeed: -1
17:21:58.267 [FXGL Background Thread 3 ] DEBUG Engine               - runtimeInfo: RuntimeInfo(platform=WINDOWS, version=21, build=28.12.2023 13.35)
17:21:58.267 [FXGL Background Thread 3 ] DEBUG Engine               - saveFileExt: sav
17:21:58.267 [FXGL Background Thread 3 ] DEBUG Engine               - scaledHeightProp$fxgl: DoubleProperty [bound, value: 600.0]
17:21:58.268 [FXGL Background Thread 3 ] DEBUG Engine               - scaledWidthProp$fxgl: DoubleProperty [bound, value: 800.0]
17:21:58.268 [FXGL Background Thread 3 ] DEBUG Engine               - sceneFactory: com.almasb.fxgl.app.scene.SceneFactory@66694b2f
17:21:58.268 [FXGL Background Thread 3 ] DEBUG Engine               - secondsIn24h: 60
17:21:58.268 [FXGL Background Thread 3 ] DEBUG Engine               - soundMenuBack: menu/back.wav
17:21:58.269 [FXGL Background Thread 3 ] DEBUG Engine               - soundMenuPress: menu/press.wav
17:21:58.269 [FXGL Background Thread 3 ] DEBUG Engine               - soundMenuSelect: menu/select.wav
17:21:58.269 [FXGL Background Thread 3 ] DEBUG Engine               - soundNotification: core/notification.wav
17:21:58.269 [FXGL Background Thread 3 ] DEBUG Engine               - stageStyle: DECORATED
17:21:58.270 [FXGL Background Thread 3 ] DEBUG Engine               - supportedLanguages: [ENGLISH, FRENCH, GERMAN, HUNGARIAN, RUSSIAN]
17:21:58.270 [FXGL Background Thread 3 ] DEBUG Engine               - ticksPerSecond: -1
17:21:58.270 [FXGL Background Thread 3 ] DEBUG Engine               - title: DemoImage
17:21:58.270 [FXGL Background Thread 3 ] DEBUG Engine               - urlGithub: https://github.com/AlmasB/FXGL
17:21:58.270 [FXGL Background Thread 3 ] DEBUG Engine               - urlLeaderboard: http://fxgl-top.herokuapp.com/
17:21:58.270 [FXGL Background Thread 3 ] DEBUG Engine               - urlPOM: https://raw.githubusercontent.com/AlmasB/FXGL/release/README.md
17:21:58.270 [FXGL Background Thread 3 ] DEBUG Engine               - userAppClass: class org.example.App
17:21:58.270 [FXGL Background Thread 3 ] DEBUG Engine               - version: 0.0
17:21:58.270 [FXGL Background Thread 3 ] DEBUG Engine               - versionCheckDays: 7
17:21:58.271 [FXGL Background Thread 3 ] DEBUG Engine               - width: 800
17:21:58.271 [FXGL Background Thread 3 ] DEBUG Engine               - Logging services
17:21:58.271 [FXGL Background Thread 3 ] DEBUG Engine               - class com.almasb.fxgl.app.services.FXGLAssetLoaderService
17:21:58.271 [FXGL Background Thread 3 ] DEBUG Engine               - class com.almasb.fxgl.app.FXGLApplication$GameApplicationService
17:21:58.271 [FXGL Background Thread 3 ] DEBUG Engine               - class com.almasb.fxgl.app.services.FXGLDialogService
17:21:58.271 [FXGL Background Thread 3 ] DEBUG Engine               - class com.almasb.fxgl.app.services.IOTaskExecutorService
17:21:58.271 [FXGL Background Thread 3 ] DEBUG Engine               - class com.almasb.fxgl.io.FileSystemService
17:21:58.271 [FXGL Background Thread 3 ] DEBUG Engine               - class com.almasb.fxgl.localization.LocalizationService
17:21:58.271 [FXGL Background Thread 3 ] DEBUG Engine               - class com.almasb.fxgl.app.services.SystemBundleService
17:21:58.272 [FXGL Background Thread 3 ] DEBUG Engine               - class com.almasb.fxgl.profile.SaveLoadService
17:21:58.272 [FXGL Background Thread 3 ] DEBUG Engine               - class com.almasb.fxgl.ui.FXGLUIFactoryServiceProvider
17:21:58.272 [FXGL Background Thread 3 ] DEBUG Engine               - class com.almasb.fxgl.ui.FXGLDialogFactoryServiceProvider
17:21:58.272 [FXGL Background Thread 3 ] DEBUG Engine               - class com.almasb.fxgl.audio.AudioPlayer
17:21:58.272 [FXGL Background Thread 3 ] DEBUG Engine               - class com.almasb.fxgl.notification.impl.NotificationServiceProvider
17:21:58.272 [FXGL Background Thread 3 ] DEBUG Engine               - class com.almasb.fxgl.achievement.AchievementService
17:21:58.272 [FXGL Background Thread 3 ] DEBUG Engine               - class com.almasb.fxgl.cutscene.CutsceneService
17:21:58.272 [FXGL Background Thread 3 ] DEBUG Engine               - class com.almasb.fxgl.minigames.MiniGameService
17:21:58.272 [FXGL Background Thread 3 ] DEBUG Engine               - class com.almasb.fxgl.net.NetService
17:21:58.272 [FXGL Background Thread 3 ] DEBUG Engine               - class com.almasb.fxgl.app.services.UpdaterService
17:21:58.273 [FXGL Background Thread 3 ] DEBUG Engine               - class com.almasb.fxgl.dev.DevService
17:21:58.908 [JavaFX Application Thread] DEBUG FXGLApplication      - Exiting FXGL
17:21:58.908 [JavaFX Application Thread] DEBUG LoopRunner           - Stopping loop
17:21:58.908 [JavaFX Application Thread] DEBUG SystemBundleService  - Saving FXGL system data
17:21:58.910 [JavaFX Application Thread] DEBUG FileSystemAccess     - Writing to: F:\Proyectos javafx\javafxgl\fxgl-demoImage\system\fxgl.bundle
17:21:58.912 [JavaFX Application Thread] DEBUG Async                - Shutting down background threads
17:21:58.912 [JavaFX Application Thread] DEBUG PrimaryStageWindow   - Closing main window
17:21:58.931 [JavaFX Application Thread] DEBUG Logger               - Closing Logger
