11:49:00.409 [main                     ] DEBUG Logger               - Configured Logger
11:49:00.437 [main                     ] DEBUG GameApplication      - Logging settings
Title: DemoImage
Version: 0.0
Width: 800
Height: 600
Fullscreen: false
Intro: false
Profiling: false
Single step:false
App Mode: DEVELOPER
Menu Key: ESCAPE
Stage Style: DECORATED
Scene Factory: class com.almasb.fxgl.app.scene.SceneFactory

11:49:00.977 [JavaFX Application Thread] DEBUG FXGLApplication      - Initializing FXGL
11:49:00.988 [JavaFX Application Thread] INFO  Engine               - FXGL-21 (28.12.2023 13.35) on WINDOWS (J:21.0.1 FX:21.0.1)
11:49:00.988 [JavaFX Application Thread] DEBUG Engine               - JRE Vendor Name: Oracle Corporation
11:49:00.989 [JavaFX Application Thread] DEBUG Engine               - Running on OS: Windows 10 version 10.0
11:49:00.989 [JavaFX Application Thread] DEBUG Engine               - Architecture: amd64
11:49:00.989 [JavaFX Application Thread] INFO  Engine               - Source code and latest versions at: https://github.com/AlmasB/FXGL
11:49:00.989 [JavaFX Application Thread] INFO  Engine               -       Ask questions and discuss at: https://github.com/AlmasB/FXGL/discussions
11:49:00.989 [JavaFX Application Thread] INFO  Engine               -              Join the FXGL chat at: https://gitter.im/AlmasB/FXGL
11:49:01.142 [JavaFX Application Thread] DEBUG PrimaryStageWindow   - Creating a JavaFX scene
11:49:01.273 [JavaFX Application Thread] DEBUG PrimaryStageWindow   - Target settings size: 800.0 x 600.0
11:49:01.273 [JavaFX Application Thread] DEBUG PrimaryStageWindow   - Scaled scene size:    800.0 x 600.0
11:49:01.273 [JavaFX Application Thread] DEBUG PrimaryStageWindow   - Scaled ratio: (1.0, 1.0)
11:49:01.275 [JavaFX Application Thread] DEBUG PrimaryStageWindow   - Set initial scene to FXGLStartupScene
11:49:01.283 [JavaFX Application Thread] DEBUG PrimaryStageWindow   - Opening main window
11:49:01.441 [JavaFX Application Thread] DEBUG PrimaryStageWindow   - Window border size: (14.4000244140625, 37.5999755859375)
11:49:01.442 [JavaFX Application Thread] DEBUG PrimaryStageWindow   - Scaled size: 800.0 x 600.0
11:49:01.442 [JavaFX Application Thread] DEBUG PrimaryStageWindow   - Scaled ratio: (1.0, 1.0)
11:49:01.443 [JavaFX Application Thread] DEBUG PrimaryStageWindow   - Scene size: 800.0 x 600.0
11:49:01.443 [JavaFX Application Thread] DEBUG PrimaryStageWindow   - Stage size: 814.4000244140625 x 637.5999755859375
11:49:01.455 [FXGL Background Thread 1 ] DEBUG Engine               - Initializing environment variables
11:49:01.572 [FXGL Background Thread 1 ] DEBUG FXGLAssetLoaderServi - User app class for loading assets: class org.example.App
11:49:01.573 [FXGL Background Thread 1 ] DEBUG GameApplicationServi - Applying CSS: fxgl_dark.css
11:49:01.575 [FXGL Background Thread 1 ] DEBUG FXGLAssetLoaderServi - Loading from file system: jar:file:/C:/Users/Usuario/.m2/repository/com/github/almasb/fxgl/21/fxgl-21.jar!/fxglassets/ui/css/fxgl_dark.css
11:49:01.636 [FXGL Background Thread 1 ] DEBUG GameApplicationServi - Initializing application scenes
11:49:01.677 [FXGL Background Thread 1 ] DEBUG GameWorld            - Game world initialized
11:49:01.760 [FXGL Background Thread 1 ] DEBUG PhysicsWorld         - Physics world initialized: appHeight=600, physics.ppm=50,0
11:49:01.760 [FXGL Background Thread 1 ] DEBUG PhysicsWorld         - Using strategy: BRUTE_FORCE
11:49:01.764 [FXGL Background Thread 1 ] DEBUG GameScene            - Game scene initialized: 800x600
11:49:01.778 [FXGL Background Thread 1 ] DEBUG FXGL.DefaultMenu     - createMenuBodyGameMenu()
11:49:01.796 [FXGL Background Thread 1 ] DEBUG FXGL.DefaultMenu     - createOptionsMenu()
11:49:01.805 [FXGL Background Thread 1 ] DEBUG FXGLAssetLoaderServi - Loading from file system: jar:file:/C:/Users/Usuario/.m2/repository/com/github/almasb/fxgl/21/fxgl-21.jar!/fxglassets/textures/particles/smoke.png
11:49:01.926 [FXGL Background Thread 1 ] DEBUG FXGLAssetLoaderServi - Loading from file system: jar:file:/C:/Users/Usuario/.m2/repository/com/github/almasb/fxgl/21/fxgl-21.jar!/fxglassets/textures/particles/trace_horizontal.png
11:49:01.951 [FXGL Background Thread 1 ] DEBUG GameApplicationServi - Application scenes initialized
11:49:01.968 [FXGL Background Thread 1 ] DEBUG SystemBundleService  - Loading FXGL system data
11:49:01.973 [FXGL Background Thread 1 ] DEBUG FileSystemAccess     - Reading from: F:\Proyectos javafx\javafxgl\fxgl-demoImage\system\fxgl.bundle
11:49:01.985 [FXGL Background Thread 1 ] DEBUG SystemBundleService  - Bundle FXGL: {}
11:49:01.986 [FXGL Background Thread 1 ] DEBUG UpdaterService       - Checking for updates
11:49:01.990 [FXGL Background Thread 4 ] DEBUG FXGLApplication      - Loading fonts
11:49:01.991 [FXGL Background Thread 4 ] DEBUG FXGLAssetLoaderServi - Loading from file system: jar:file:/C:/Users/Usuario/.m2/repository/com/github/almasb/fxgl/21/fxgl-21.jar!/fxglassets/ui/fonts/VarelaRound-Regular.ttf
11:49:01.991 [FXGL Background Thread 1 ] DEBUG FXGLApplication      - Loading default localization
11:49:01.992 [FXGL Background Thread 1 ] DEBUG FXGLAssetLoaderServi - Loading from file system: jar:file:/C:/Users/Usuario/.m2/repository/com/github/almasb/fxgl/21/fxgl-21.jar!/fxglassets/languages/english.lang
11:49:02.025 [FXGL Background Thread 1 ] INFO  FXGLApplication      - FXGL initialization took: 0,570 sec
11:49:02.037 [JavaFX Application Thread] DEBUG Input                - Registered new binding: action0 - A
11:49:02.037 [JavaFX Application Thread] DEBUG Input                - Registered new binding: action1 - D
11:49:02.038 [JavaFX Application Thread] DEBUG FXGLAssetLoaderServi - Loading from file system: jar:file:/C:/Users/Usuario/.m2/repository/com/github/almasb/fxgl/21/fxgl-21.jar!/fxglassets/textures/fxgl_icon.png
11:49:02.060 [FXGL Background Thread 4 ] DEBUG FXGLAssetLoaderServi - Loading from file system: jar:file:/C:/Users/Usuario/.m2/repository/com/github/almasb/fxgl/21/fxgl-21.jar!/fxglassets/ui/fonts/Abel-Regular.ttf
11:49:02.063 [JavaFX Application Thread] DEBUG FXGLAssetLoaderServi - Loading from file system: jar:file:/C:/Users/Usuario/.m2/repository/com/github/almasb/fxgl/21/fxgl-21.jar!/fxglassets/textures/fxgl_default_cursor.png
11:49:02.067 [JavaFX Application Thread] DEBUG Input                - Registered new binding: Screenshot - CTRL+8
11:49:02.068 [JavaFX Application Thread] DEBUG Input                - Registered new binding: System info dump - CTRL+9
11:49:02.069 [JavaFX Application Thread] DEBUG Input                - Registered new binding: Restart - CTRL+R
11:49:02.069 [JavaFX Application Thread] DEBUG Input                - Registered new binding: Toggle Debug Camera - CTRL+7
11:49:02.073 [JavaFX Application Thread] DEBUG LoopRunner           - Starting loop
11:49:02.073 [JavaFX Application Thread] DEBUG LoopRunner           - Initializing JavaFX AnimationTimerLoop
11:49:02.077 [JavaFX Application Thread] DEBUG GameApplicationServi - Starting new game
11:49:02.078 [JavaFX Application Thread] DEBUG Input                - Clearing active input actions
11:49:02.082 [FXGL Background Thread 4 ] DEBUG FXGLAssetLoaderServi - Loading from file system: jar:file:/C:/Users/Usuario/.m2/repository/com/github/almasb/fxgl/21/fxgl-21.jar!/fxglassets/ui/fonts/TerminalLandMono-Regular.otf
11:49:02.092 [JavaFX Application Thread] DEBUG GameApplicationServi - Removing overlay from FXGLStartupScene and adding to FXGLLoadingScene
11:49:02.092 [JavaFX Application Thread] DEBUG PrimaryStageWindow   - FXGLStartupScene -> FXGLLoadingScene
11:49:02.092 [JavaFX Application Thread] DEBUG GameApplicationServi - Clearing previous game
11:49:02.092 [JavaFX Application Thread] DEBUG GameScene            - Clearing game scene
11:49:02.092 [JavaFX Application Thread] DEBUG GameWorld            - Clearing game world
11:49:02.093 [JavaFX Application Thread] DEBUG PhysicsWorld         - Clearing physics world
11:49:02.095 [FXGL Background Thread 1 ] DEBUG FXGLApplication      - Initializing game
11:49:02.095 [FXGL Background Thread 4 ] DEBUG FXGLAssetLoaderServi - Loading from file system: jar:file:/C:/Users/Usuario/.m2/repository/com/github/almasb/fxgl/21/fxgl-21.jar!/fxglassets/ui/fonts/Courier-Prime.ttf
11:49:02.104 [FXGL Background Thread 1 ] DEBUG FXGLAssetLoaderServi - Loading from file system: file:/F:/Proyectos%20javafx/javafxgl/fxgl-demoImage/target/classes/assets/textures/sprite_player.png
11:49:02.119 [FXGL Background Thread 1 ] INFO  FXGLApplication      - Game initialization took: 0,024 sec
11:49:02.147 [JavaFX Application Thread] DEBUG FXGLApplication      - Registering font factories with UI factory
11:49:02.150 [JavaFX Application Thread] DEBUG Input                - Clearing active input actions
11:49:02.157 [JavaFX Application Thread] DEBUG GameApplicationServi - Removing overlay from FXGLLoadingScene and adding to GameScene
11:49:02.157 [JavaFX Application Thread] DEBUG PrimaryStageWindow   - FXGLLoadingScene -> GameScene
11:49:04.186 [JavaFX Application Thread] DEBUG FXGLApplication      - Exiting FXGL
11:49:04.186 [JavaFX Application Thread] DEBUG LoopRunner           - Stopping loop
11:49:04.186 [JavaFX Application Thread] DEBUG SystemBundleService  - Saving FXGL system data
11:49:04.189 [JavaFX Application Thread] DEBUG FileSystemAccess     - Writing to: F:\Proyectos javafx\javafxgl\fxgl-demoImage\system\fxgl.bundle
11:49:04.191 [JavaFX Application Thread] DEBUG Async                - Shutting down background threads
11:49:04.191 [JavaFX Application Thread] DEBUG PrimaryStageWindow   - Closing main window
11:49:04.213 [JavaFX Application Thread] DEBUG Logger               - Closing Logger
