10:06:07.055 [main                     ] DEBUG Logger               - Configured Logger
10:06:07.083 [main                     ] DEBUG GameApplication      - Logging settings
Title: DemoImage
Version: 0.0
Width: 800
Height: 600
Fullscreen: false
Intro: false
Profiling: false
Single step:false
App Mode: DEVELOPER
Menu Key: ESCAPE
Stage Style: DECORATED
Scene Factory: class com.almasb.fxgl.app.scene.SceneFactory

10:06:07.453 [JavaFX Application Thread] DEBUG FXGLApplication      - Initializing FXGL
10:06:07.463 [JavaFX Application Thread] INFO  Engine               - FXGL-21 (28.12.2023 13.35) on WINDOWS (J:21.0.1 FX:21.0.1)
10:06:07.464 [JavaFX Application Thread] DEBUG Engine               - JRE Vendor Name: Oracle Corporation
10:06:07.464 [JavaFX Application Thread] DEBUG Engine               - Running on OS: Windows 10 version 10.0
10:06:07.464 [JavaFX Application Thread] DEBUG Engine               - Architecture: amd64
10:06:07.464 [JavaFX Application Thread] INFO  Engine               - Source code and latest versions at: https://github.com/AlmasB/FXGL
10:06:07.465 [JavaFX Application Thread] INFO  Engine               -       Ask questions and discuss at: https://github.com/AlmasB/FXGL/discussions
10:06:07.465 [JavaFX Application Thread] INFO  Engine               -              Join the FXGL chat at: https://gitter.im/AlmasB/FXGL
10:06:07.589 [JavaFX Application Thread] DEBUG PrimaryStageWindow   - Creating a JavaFX scene
10:06:07.641 [JavaFX Application Thread] DEBUG PrimaryStageWindow   - Target settings size: 800.0 x 600.0
10:06:07.641 [JavaFX Application Thread] DEBUG PrimaryStageWindow   - Scaled scene size:    800.0 x 600.0
10:06:07.641 [JavaFX Application Thread] DEBUG PrimaryStageWindow   - Scaled ratio: (1.0, 1.0)
10:06:07.643 [JavaFX Application Thread] DEBUG PrimaryStageWindow   - Set initial scene to FXGLStartupScene
10:06:07.647 [JavaFX Application Thread] DEBUG PrimaryStageWindow   - Opening main window
10:06:07.754 [JavaFX Application Thread] DEBUG PrimaryStageWindow   - Window border size: (14.4000244140625, 37.5999755859375)
10:06:07.754 [JavaFX Application Thread] DEBUG PrimaryStageWindow   - Scaled size: 800.0 x 600.0
10:06:07.754 [JavaFX Application Thread] DEBUG PrimaryStageWindow   - Scaled ratio: (1.0, 1.0)
10:06:07.755 [JavaFX Application Thread] DEBUG PrimaryStageWindow   - Scene size: 800.0 x 600.0
10:06:07.755 [JavaFX Application Thread] DEBUG PrimaryStageWindow   - Stage size: 814.4000244140625 x 637.5999755859375
10:06:07.768 [FXGL Background Thread 1 ] DEBUG Engine               - Initializing environment variables
10:06:07.870 [FXGL Background Thread 1 ] DEBUG FXGLAssetLoaderServi - User app class for loading assets: class org.example.App
10:06:07.870 [FXGL Background Thread 1 ] DEBUG GameApplicationServi - Applying CSS: fxgl_dark.css
10:06:07.871 [FXGL Background Thread 1 ] DEBUG FXGLAssetLoaderServi - Loading from file system: jar:file:/C:/Users/Usuario/.m2/repository/com/github/almasb/fxgl/21/fxgl-21.jar!/fxglassets/ui/css/fxgl_dark.css
10:06:07.931 [FXGL Background Thread 1 ] DEBUG GameApplicationServi - Initializing application scenes
10:06:07.981 [FXGL Background Thread 1 ] DEBUG GameWorld            - Game world initialized
10:06:08.075 [FXGL Background Thread 1 ] DEBUG PhysicsWorld         - Physics world initialized: appHeight=600, physics.ppm=50,0
10:06:08.075 [FXGL Background Thread 1 ] DEBUG PhysicsWorld         - Using strategy: BRUTE_FORCE
10:06:08.082 [FXGL Background Thread 1 ] DEBUG GameScene            - Game scene initialized: 800x600
10:06:08.098 [FXGL Background Thread 1 ] DEBUG FXGL.DefaultMenu     - createMenuBodyGameMenu()
10:06:08.117 [FXGL Background Thread 1 ] DEBUG FXGL.DefaultMenu     - createOptionsMenu()
10:06:08.125 [FXGL Background Thread 1 ] DEBUG FXGLAssetLoaderServi - Loading from file system: jar:file:/C:/Users/Usuario/.m2/repository/com/github/almasb/fxgl/21/fxgl-21.jar!/fxglassets/textures/particles/smoke.png
10:06:08.234 [FXGL Background Thread 1 ] DEBUG FXGLAssetLoaderServi - Loading from file system: jar:file:/C:/Users/Usuario/.m2/repository/com/github/almasb/fxgl/21/fxgl-21.jar!/fxglassets/textures/particles/trace_horizontal.png
10:06:08.263 [FXGL Background Thread 1 ] DEBUG GameApplicationServi - Application scenes initialized
10:06:08.276 [FXGL Background Thread 1 ] DEBUG SystemBundleService  - Loading FXGL system data
10:06:08.280 [FXGL Background Thread 1 ] DEBUG FileSystemAccess     - Reading from: F:\Proyectos javafx\javafxgl\fxgl-demoImage\system\fxgl.bundle
10:06:08.291 [FXGL Background Thread 1 ] DEBUG SystemBundleService  - Bundle FXGL: {}
10:06:08.291 [FXGL Background Thread 1 ] DEBUG UpdaterService       - Checking for updates
10:06:08.297 [FXGL Background Thread 4 ] DEBUG FXGLApplication      - Loading fonts
10:06:08.298 [FXGL Background Thread 4 ] DEBUG FXGLAssetLoaderServi - Loading from file system: jar:file:/C:/Users/Usuario/.m2/repository/com/github/almasb/fxgl/21/fxgl-21.jar!/fxglassets/ui/fonts/VarelaRound-Regular.ttf
10:06:08.298 [FXGL Background Thread 1 ] DEBUG FXGLApplication      - Loading default localization
10:06:08.299 [FXGL Background Thread 1 ] DEBUG FXGLAssetLoaderServi - Loading from file system: jar:file:/C:/Users/Usuario/.m2/repository/com/github/almasb/fxgl/21/fxgl-21.jar!/fxglassets/languages/english.lang
10:06:08.345 [FXGL Background Thread 4 ] DEBUG FXGLAssetLoaderServi - Loading from file system: jar:file:/C:/Users/Usuario/.m2/repository/com/github/almasb/fxgl/21/fxgl-21.jar!/fxglassets/ui/fonts/Abel-Regular.ttf
10:06:08.347 [FXGL Background Thread 1 ] INFO  FXGLApplication      - FXGL initialization took: 0,579 sec
10:06:08.355 [FXGL Background Thread 4 ] DEBUG FXGLAssetLoaderServi - Loading from file system: jar:file:/C:/Users/Usuario/.m2/repository/com/github/almasb/fxgl/21/fxgl-21.jar!/fxglassets/ui/fonts/TerminalLandMono-Regular.otf
10:06:08.365 [JavaFX Application Thread] DEBUG Input                - Registered new binding: action0 - J
10:06:08.365 [JavaFX Application Thread] DEBUG Input                - Registered new binding: action1 - L
10:06:08.366 [JavaFX Application Thread] DEBUG Input                - Registered new binding: action2 - I
10:06:08.366 [JavaFX Application Thread] DEBUG Input                - Registered new binding: action3 - K
10:06:08.366 [JavaFX Application Thread] DEBUG Input                - Registered new binding: action4 - A
10:06:08.366 [FXGL Background Thread 4 ] DEBUG FXGLAssetLoaderServi - Loading from file system: jar:file:/C:/Users/Usuario/.m2/repository/com/github/almasb/fxgl/21/fxgl-21.jar!/fxglassets/ui/fonts/Courier-Prime.ttf
10:06:08.367 [JavaFX Application Thread] DEBUG Input                - Registered new binding: action5 - D
10:06:08.367 [JavaFX Application Thread] DEBUG Input                - Registered new binding: action6 - W
10:06:08.368 [JavaFX Application Thread] DEBUG Input                - Registered new binding: action7 - S
10:06:08.368 [JavaFX Application Thread] DEBUG FXGLAssetLoaderServi - Loading from file system: jar:file:/C:/Users/Usuario/.m2/repository/com/github/almasb/fxgl/21/fxgl-21.jar!/fxglassets/textures/fxgl_icon.png
10:06:08.390 [JavaFX Application Thread] DEBUG FXGLAssetLoaderServi - Loading from file system: jar:file:/C:/Users/Usuario/.m2/repository/com/github/almasb/fxgl/21/fxgl-21.jar!/fxglassets/textures/fxgl_default_cursor.png
10:06:08.395 [JavaFX Application Thread] DEBUG Input                - Registered new binding: Screenshot - CTRL+8
10:06:08.395 [JavaFX Application Thread] DEBUG Input                - Registered new binding: System info dump - CTRL+9
10:06:08.396 [JavaFX Application Thread] DEBUG Input                - Registered new binding: Restart - CTRL+R
10:06:08.397 [JavaFX Application Thread] DEBUG Input                - Registered new binding: Toggle Debug Camera - CTRL+7
10:06:08.400 [JavaFX Application Thread] DEBUG LoopRunner           - Starting loop
10:06:08.400 [JavaFX Application Thread] DEBUG LoopRunner           - Initializing JavaFX AnimationTimerLoop
10:06:08.402 [JavaFX Application Thread] DEBUG GameApplicationServi - Starting new game
10:06:08.403 [JavaFX Application Thread] DEBUG Input                - Clearing active input actions
10:06:08.418 [JavaFX Application Thread] DEBUG GameApplicationServi - Removing overlay from FXGLStartupScene and adding to FXGLLoadingScene
10:06:08.418 [JavaFX Application Thread] DEBUG PrimaryStageWindow   - FXGLStartupScene -> FXGLLoadingScene
10:06:08.418 [JavaFX Application Thread] DEBUG GameApplicationServi - Clearing previous game
10:06:08.418 [JavaFX Application Thread] DEBUG GameScene            - Clearing game scene
10:06:08.418 [JavaFX Application Thread] DEBUG GameWorld            - Clearing game world
10:06:08.418 [JavaFX Application Thread] DEBUG PhysicsWorld         - Clearing physics world
10:06:08.421 [JavaFX Application Thread] DEBUG FXGLApplication      - Registering font factories with UI factory
10:06:08.421 [FXGL Background Thread 4 ] DEBUG FXGLApplication      - Initializing game
10:06:08.438 [FXGL Background Thread 4 ] DEBUG FXGLAssetLoaderServi - Loading from file system: file:/F:/Proyectos%20javafx/javafxgl/fxgl-demoImage/target/classes/assets/textures/bosque.jpg
10:06:08.537 [FXGL Background Thread 4 ] DEBUG FXGLAssetLoaderServi - Loading from file system: file:/F:/Proyectos%20javafx/javafxgl/fxgl-demoImage/target/classes/assets/textures/lilpuddinpuggums.png
10:06:08.588 [FXGL Background Thread 4 ] DEBUG FXGLAssetLoaderServi - Loading from file system: file:/F:/Proyectos%20javafx/javafxgl/fxgl-demoImage/target/classes/assets/textures/sprite_player.png
10:06:08.602 [FXGL Background Thread 4 ] INFO  FXGLApplication      - Game initialization took: 0,182 sec
10:06:08.611 [JavaFX Application Thread] DEBUG Input                - Clearing active input actions
10:06:08.621 [JavaFX Application Thread] DEBUG GameApplicationServi - Removing overlay from FXGLLoadingScene and adding to GameScene
10:06:08.621 [JavaFX Application Thread] DEBUG PrimaryStageWindow   - FXGLLoadingScene -> GameScene
10:06:08.797 [JavaFX Application Thread] DEBUG FXGLAssetLoaderServi - Loading from file system: file:/F:/Proyectos%20javafx/javafxgl/fxgl-demoImage/target/classes/assets/textures/hueso.png
10:06:11.296 [FXGL Background Thread 3 ] DEBUG Engine               - Logging environment variables
10:06:11.297 [FXGL Background Thread 3 ] DEBUG Engine               - achievements: []
10:06:11.298 [FXGL Background Thread 3 ] DEBUG Engine               - actualHeight: 600.0
10:06:11.298 [FXGL Background Thread 3 ] DEBUG Engine               - actualHeightProperty: ReadOnlyDoubleProperty [value: 600.0]
10:06:11.298 [FXGL Background Thread 3 ] DEBUG Engine               - actualWidth: 800.0
10:06:11.299 [FXGL Background Thread 3 ] DEBUG Engine               - actualWidthProperty: ReadOnlyDoubleProperty [value: 800.0]
10:06:11.299 [FXGL Background Thread 3 ] DEBUG Engine               - appIcon: fxgl_icon.png
10:06:11.299 [FXGL Background Thread 3 ] DEBUG Engine               - applicationMode: DEVELOPER
10:06:11.299 [FXGL Background Thread 3 ] DEBUG Engine               - cSSList: [fxgl_dark.css]
10:06:11.299 [FXGL Background Thread 3 ] DEBUG Engine               - collisionDetectionStrategy: BRUTE_FORCE
10:06:11.299 [FXGL Background Thread 3 ] DEBUG Engine               - configClass: Optional.empty
10:06:11.300 [FXGL Background Thread 3 ] DEBUG Engine               - credits: []
10:06:11.301 [FXGL Background Thread 3 ] DEBUG Engine               - defaultCursor: CursorInfo(imageName=fxgl_default_cursor.png, hotspotX=7.0, hotspotY=6.0)
10:06:11.301 [FXGL Background Thread 3 ] DEBUG Engine               - devBBoxColorProperty: ObjectProperty [value: 0xff0000ff]
10:06:11.302 [FXGL Background Thread 3 ] DEBUG Engine               - devEnableDebugCameraProperty: BooleanProperty [value: false]
10:06:11.302 [FXGL Background Thread 3 ] DEBUG Engine               - devSensorColorProperty: ObjectProperty [value: 0xffff00ff]
10:06:11.302 [FXGL Background Thread 3 ] DEBUG Engine               - devShowBBoxProperty: BooleanProperty [value: false]
10:06:11.303 [FXGL Background Thread 3 ] DEBUG Engine               - devShowPositionProperty: BooleanProperty [value: false]
10:06:11.303 [FXGL Background Thread 3 ] DEBUG Engine               - enabledMenuItems: []
10:06:11.303 [FXGL Background Thread 3 ] DEBUG Engine               - engineServices: [class com.almasb.fxgl.app.services.FXGLAssetLoaderService, class com.almasb.fxgl.app.FXGLApplication$GameApplicationService, class com.almasb.fxgl.app.services.FXGLDialogService, class com.almasb.fxgl.app.services.IOTaskExecutorService, class com.almasb.fxgl.io.FileSystemService, class com.almasb.fxgl.localization.LocalizationService, class com.almasb.fxgl.app.services.SystemBundleService, class com.almasb.fxgl.profile.SaveLoadService, class com.almasb.fxgl.ui.FXGLUIFactoryServiceProvider, class com.almasb.fxgl.ui.FXGLDialogFactoryServiceProvider, class com.almasb.fxgl.audio.AudioPlayer, class com.almasb.fxgl.notification.impl.NotificationServiceProvider, class com.almasb.fxgl.achievement.AchievementService, class com.almasb.fxgl.cutscene.CutsceneService, class com.almasb.fxgl.minigames.MiniGameService, class com.almasb.fxgl.net.NetService, class com.almasb.fxgl.app.services.UpdaterService, class com.almasb.fxgl.dev.DevService]
10:06:11.303 [FXGL Background Thread 3 ] DEBUG Engine               - fontGame: Abel-Regular.ttf
10:06:11.303 [FXGL Background Thread 3 ] DEBUG Engine               - fontMono: TerminalLandMono-Regular.otf
10:06:11.304 [FXGL Background Thread 3 ] DEBUG Engine               - fontSizeScaleUI: 1.0
10:06:11.304 [FXGL Background Thread 3 ] DEBUG Engine               - fontText: Courier-Prime.ttf
10:06:11.304 [FXGL Background Thread 3 ] DEBUG Engine               - fontUI: VarelaRound-Regular.ttf
10:06:11.304 [FXGL Background Thread 3 ] DEBUG Engine               - fullScreen: BooleanProperty [value: false]
10:06:11.304 [FXGL Background Thread 3 ] DEBUG Engine               - gameDifficulty: MEDIUM
10:06:11.305 [FXGL Background Thread 3 ] DEBUG Engine               - gameDifficultyProperty: ObjectProperty [value: MEDIUM]
10:06:11.305 [FXGL Background Thread 3 ] DEBUG Engine               - globalMusicVolume: 0.5
10:06:11.305 [FXGL Background Thread 3 ] DEBUG Engine               - globalMusicVolumeProperty: DoubleProperty [value: 0.5]
10:06:11.305 [FXGL Background Thread 3 ] DEBUG Engine               - globalSoundVolume: 0.5
10:06:11.305 [FXGL Background Thread 3 ] DEBUG Engine               - globalSoundVolumeProperty: DoubleProperty [value: 0.5]
10:06:11.306 [FXGL Background Thread 3 ] DEBUG Engine               - height: 600
10:06:11.306 [FXGL Background Thread 3 ] DEBUG Engine               - is3D: false
10:06:11.306 [FXGL Background Thread 3 ] DEBUG Engine               - isAndroid: false
10:06:11.306 [FXGL Background Thread 3 ] DEBUG Engine               - isBrowser: false
10:06:11.306 [FXGL Background Thread 3 ] DEBUG Engine               - isClickFeedbackEnabled: false
10:06:11.306 [FXGL Background Thread 3 ] DEBUG Engine               - isCloseConfirmation: false
10:06:11.307 [FXGL Background Thread 3 ] DEBUG Engine               - isDesktop: true
10:06:11.307 [FXGL Background Thread 3 ] DEBUG Engine               - isDeveloperMenuEnabled: false
10:06:11.307 [FXGL Background Thread 3 ] DEBUG Engine               - isEmbedded: false
10:06:11.307 [FXGL Background Thread 3 ] DEBUG Engine               - isEntityPreloadEnabled: true
10:06:11.307 [FXGL Background Thread 3 ] DEBUG Engine               - isExperimentalTiledLargeMap: false
10:06:11.308 [FXGL Background Thread 3 ] DEBUG Engine               - isFileSystemWriteAllowed: true
10:06:11.308 [FXGL Background Thread 3 ] DEBUG Engine               - isFullScreenAllowed: false
10:06:11.308 [FXGL Background Thread 3 ] DEBUG Engine               - isFullScreenFromStart: false
10:06:11.308 [FXGL Background Thread 3 ] DEBUG Engine               - isGameMenuEnabled: true
10:06:11.308 [FXGL Background Thread 3 ] DEBUG Engine               - isIOS: false
10:06:11.309 [FXGL Background Thread 3 ] DEBUG Engine               - isIntroEnabled: false
10:06:11.309 [FXGL Background Thread 3 ] DEBUG Engine               - isLinux: false
10:06:11.309 [FXGL Background Thread 3 ] DEBUG Engine               - isMac: false
10:06:11.309 [FXGL Background Thread 3 ] DEBUG Engine               - isMainMenuEnabled: false
10:06:11.309 [FXGL Background Thread 3 ] DEBUG Engine               - isManualResizeEnabled: false
10:06:11.309 [FXGL Background Thread 3 ] DEBUG Engine               - isMobile: false
10:06:11.310 [FXGL Background Thread 3 ] DEBUG Engine               - isNative: false
10:06:11.310 [FXGL Background Thread 3 ] DEBUG Engine               - isPauseMusicWhenMinimized: true
10:06:11.310 [FXGL Background Thread 3 ] DEBUG Engine               - isPreserveResizeRatio: false
10:06:11.310 [FXGL Background Thread 3 ] DEBUG Engine               - isProfilingEnabled: false
10:06:11.310 [FXGL Background Thread 3 ] DEBUG Engine               - isScaleAffectedOnResize: true
10:06:11.310 [FXGL Background Thread 3 ] DEBUG Engine               - isSingleStep: false
10:06:11.311 [FXGL Background Thread 3 ] DEBUG Engine               - isUserProfileEnabled: false
10:06:11.311 [FXGL Background Thread 3 ] DEBUG Engine               - isWindows: true
10:06:11.311 [FXGL Background Thread 3 ] DEBUG Engine               - language: ObjectProperty [value: ENGLISH]
10:06:11.311 [FXGL Background Thread 3 ] DEBUG Engine               - menuKey: ESCAPE
10:06:11.311 [FXGL Background Thread 3 ] DEBUG Engine               - mouseSensitivity: 0.2
10:06:11.311 [FXGL Background Thread 3 ] DEBUG Engine               - notificationViewClass: class com.almasb.fxgl.notification.view.XboxNotificationView
10:06:11.312 [FXGL Background Thread 3 ] DEBUG Engine               - pixelsPerMeter: 50.0
10:06:11.312 [FXGL Background Thread 3 ] DEBUG Engine               - platform: WINDOWS
10:06:11.312 [FXGL Background Thread 3 ] DEBUG Engine               - prefHeightProperty: ReadOnlyDoubleProperty [value: 600.0]
10:06:11.312 [FXGL Background Thread 3 ] DEBUG Engine               - prefWidthProperty: ReadOnlyDoubleProperty [value: 800.0]
10:06:11.313 [FXGL Background Thread 3 ] DEBUG Engine               - profileDir: profiles/
10:06:11.313 [FXGL Background Thread 3 ] DEBUG Engine               - profileName: StringProperty [value: DEFAULT]
10:06:11.313 [FXGL Background Thread 3 ] DEBUG Engine               - randomSeed: -1
10:06:11.314 [FXGL Background Thread 3 ] DEBUG Engine               - runtimeInfo: RuntimeInfo(platform=WINDOWS, version=21, build=28.12.2023 13.35)
10:06:11.314 [FXGL Background Thread 3 ] DEBUG Engine               - saveFileExt: sav
10:06:11.314 [FXGL Background Thread 3 ] DEBUG Engine               - scaledHeightProp$fxgl: DoubleProperty [bound, value: 600.0]
10:06:11.314 [FXGL Background Thread 3 ] DEBUG Engine               - scaledWidthProp$fxgl: DoubleProperty [bound, value: 800.0]
10:06:11.315 [FXGL Background Thread 3 ] DEBUG Engine               - sceneFactory: com.almasb.fxgl.app.scene.SceneFactory@4c270bf7
10:06:11.315 [FXGL Background Thread 3 ] DEBUG Engine               - secondsIn24h: 60
10:06:11.315 [FXGL Background Thread 3 ] DEBUG Engine               - soundMenuBack: menu/back.wav
10:06:11.315 [FXGL Background Thread 3 ] DEBUG Engine               - soundMenuPress: menu/press.wav
10:06:11.315 [FXGL Background Thread 3 ] DEBUG Engine               - soundMenuSelect: menu/select.wav
10:06:11.316 [FXGL Background Thread 3 ] DEBUG Engine               - soundNotification: core/notification.wav
10:06:11.316 [FXGL Background Thread 3 ] DEBUG Engine               - stageStyle: DECORATED
10:06:11.316 [FXGL Background Thread 3 ] DEBUG Engine               - supportedLanguages: [ENGLISH, FRENCH, GERMAN, HUNGARIAN, RUSSIAN]
10:06:11.317 [FXGL Background Thread 3 ] DEBUG Engine               - ticksPerSecond: -1
10:06:11.317 [FXGL Background Thread 3 ] DEBUG Engine               - title: DemoImage
10:06:11.317 [FXGL Background Thread 3 ] DEBUG Engine               - urlGithub: https://github.com/AlmasB/FXGL
10:06:11.317 [FXGL Background Thread 3 ] DEBUG Engine               - urlLeaderboard: http://fxgl-top.herokuapp.com/
10:06:11.317 [FXGL Background Thread 3 ] DEBUG Engine               - urlPOM: https://raw.githubusercontent.com/AlmasB/FXGL/release/README.md
10:06:11.318 [FXGL Background Thread 3 ] DEBUG Engine               - userAppClass: class org.example.App
10:06:11.318 [FXGL Background Thread 3 ] DEBUG Engine               - version: 0.0
10:06:11.318 [FXGL Background Thread 3 ] DEBUG Engine               - versionCheckDays: 7
10:06:11.318 [FXGL Background Thread 3 ] DEBUG Engine               - width: 800
10:06:11.318 [FXGL Background Thread 3 ] DEBUG Engine               - Logging services
10:06:11.318 [FXGL Background Thread 3 ] DEBUG Engine               - class com.almasb.fxgl.app.services.FXGLAssetLoaderService
10:06:11.318 [FXGL Background Thread 3 ] DEBUG Engine               - class com.almasb.fxgl.app.FXGLApplication$GameApplicationService
10:06:11.319 [FXGL Background Thread 3 ] DEBUG Engine               - class com.almasb.fxgl.app.services.FXGLDialogService
10:06:11.319 [FXGL Background Thread 3 ] DEBUG Engine               - class com.almasb.fxgl.app.services.IOTaskExecutorService
10:06:11.319 [FXGL Background Thread 3 ] DEBUG Engine               - class com.almasb.fxgl.io.FileSystemService
10:06:11.319 [FXGL Background Thread 3 ] DEBUG Engine               - class com.almasb.fxgl.localization.LocalizationService
10:06:11.319 [FXGL Background Thread 3 ] DEBUG Engine               - class com.almasb.fxgl.app.services.SystemBundleService
10:06:11.319 [FXGL Background Thread 3 ] DEBUG Engine               - class com.almasb.fxgl.profile.SaveLoadService
10:06:11.319 [FXGL Background Thread 3 ] DEBUG Engine               - class com.almasb.fxgl.ui.FXGLUIFactoryServiceProvider
10:06:11.319 [FXGL Background Thread 3 ] DEBUG Engine               - class com.almasb.fxgl.ui.FXGLDialogFactoryServiceProvider
10:06:11.319 [FXGL Background Thread 3 ] DEBUG Engine               - class com.almasb.fxgl.audio.AudioPlayer
10:06:11.319 [FXGL Background Thread 3 ] DEBUG Engine               - class com.almasb.fxgl.notification.impl.NotificationServiceProvider
10:06:11.319 [FXGL Background Thread 3 ] DEBUG Engine               - class com.almasb.fxgl.achievement.AchievementService
10:06:11.320 [FXGL Background Thread 3 ] DEBUG Engine               - class com.almasb.fxgl.cutscene.CutsceneService
10:06:11.320 [FXGL Background Thread 3 ] DEBUG Engine               - class com.almasb.fxgl.minigames.MiniGameService
10:06:11.320 [FXGL Background Thread 3 ] DEBUG Engine               - class com.almasb.fxgl.net.NetService
10:06:11.320 [FXGL Background Thread 3 ] DEBUG Engine               - class com.almasb.fxgl.app.services.UpdaterService
10:06:11.320 [FXGL Background Thread 3 ] DEBUG Engine               - class com.almasb.fxgl.dev.DevService
10:06:25.244 [JavaFX Application Thread] DEBUG FXGLApplication      - Exiting FXGL
10:06:25.244 [JavaFX Application Thread] DEBUG LoopRunner           - Stopping loop
10:06:25.245 [JavaFX Application Thread] DEBUG SystemBundleService  - Saving FXGL system data
10:06:25.246 [JavaFX Application Thread] DEBUG FileSystemAccess     - Writing to: F:\Proyectos javafx\javafxgl\fxgl-demoImage\system\fxgl.bundle
10:06:25.248 [JavaFX Application Thread] DEBUG Async                - Shutting down background threads
10:06:25.248 [JavaFX Application Thread] DEBUG PrimaryStageWindow   - Closing main window
10:06:25.268 [JavaFX Application Thread] DEBUG Logger               - Closing Logger
