07:58:31.428 [main                     ] DEBUG Logger               - Configured Logger
07:58:31.459 [main                     ] DEBUG GameApplication      - Logging settings
Title: DemoImage
Version: 0.0
Width: 800
Height: 600
Fullscreen: false
Intro: false
Profiling: false
Single step:false
App Mode: DEVELOPER
Menu Key: ESCAPE
Stage Style: DECORATED
Scene Factory: class com.almasb.fxgl.app.scene.SceneFactory

07:58:31.844 [JavaFX Application Thread] DEBUG FXGLApplication      - Initializing FXGL
07:58:31.854 [JavaFX Application Thread] INFO  Engine               - FXGL-21 (28.12.2023 13.35) on WINDOWS (J:21.0.1 FX:21.0.1)
07:58:31.854 [JavaFX Application Thread] DEBUG Engine               - JRE Vendor Name: Oracle Corporation
07:58:31.854 [JavaFX Application Thread] DEBUG Engine               - Running on OS: Windows 10 version 10.0
07:58:31.854 [JavaFX Application Thread] DEBUG Engine               - Architecture: amd64
07:58:31.855 [JavaFX Application Thread] INFO  Engine               - Source code and latest versions at: https://github.com/AlmasB/FXGL
07:58:31.855 [JavaFX Application Thread] INFO  Engine               -       Ask questions and discuss at: https://github.com/AlmasB/FXGL/discussions
07:58:31.855 [JavaFX Application Thread] INFO  Engine               -              Join the FXGL chat at: https://gitter.im/AlmasB/FXGL
07:58:31.977 [JavaFX Application Thread] DEBUG PrimaryStageWindow   - Creating a JavaFX scene
07:58:32.029 [JavaFX Application Thread] DEBUG PrimaryStageWindow   - Target settings size: 800.0 x 600.0
07:58:32.029 [JavaFX Application Thread] DEBUG PrimaryStageWindow   - Scaled scene size:    800.0 x 600.0
07:58:32.030 [JavaFX Application Thread] DEBUG PrimaryStageWindow   - Scaled ratio: (1.0, 1.0)
07:58:32.031 [JavaFX Application Thread] DEBUG PrimaryStageWindow   - Set initial scene to FXGLStartupScene
07:58:32.034 [JavaFX Application Thread] DEBUG PrimaryStageWindow   - Opening main window
07:58:32.147 [JavaFX Application Thread] DEBUG PrimaryStageWindow   - Window border size: (14.4000244140625, 37.5999755859375)
07:58:32.148 [JavaFX Application Thread] DEBUG PrimaryStageWindow   - Scaled size: 800.0 x 600.0
07:58:32.148 [JavaFX Application Thread] DEBUG PrimaryStageWindow   - Scaled ratio: (1.0, 1.0)
07:58:32.148 [JavaFX Application Thread] DEBUG PrimaryStageWindow   - Scene size: 800.0 x 600.0
07:58:32.149 [JavaFX Application Thread] DEBUG PrimaryStageWindow   - Stage size: 814.4000244140625 x 637.5999755859375
07:58:32.161 [FXGL Background Thread 1 ] DEBUG Engine               - Initializing environment variables
07:58:32.259 [FXGL Background Thread 1 ] DEBUG FXGLAssetLoaderServi - User app class for loading assets: class org.example.App
07:58:32.260 [FXGL Background Thread 1 ] DEBUG GameApplicationServi - Applying CSS: fxgl_dark.css
07:58:32.261 [FXGL Background Thread 1 ] DEBUG FXGLAssetLoaderServi - Loading from file system: jar:file:/C:/Users/Usuario/.m2/repository/com/github/almasb/fxgl/21/fxgl-21.jar!/fxglassets/ui/css/fxgl_dark.css
07:58:32.322 [FXGL Background Thread 1 ] DEBUG GameApplicationServi - Initializing application scenes
07:58:32.374 [FXGL Background Thread 1 ] DEBUG GameWorld            - Game world initialized
07:58:32.468 [FXGL Background Thread 1 ] DEBUG PhysicsWorld         - Physics world initialized: appHeight=600, physics.ppm=50,0
07:58:32.468 [FXGL Background Thread 1 ] DEBUG PhysicsWorld         - Using strategy: BRUTE_FORCE
07:58:32.474 [FXGL Background Thread 1 ] DEBUG GameScene            - Game scene initialized: 800x600
07:58:32.494 [FXGL Background Thread 1 ] DEBUG FXGL.DefaultMenu     - createMenuBodyGameMenu()
07:58:32.516 [FXGL Background Thread 1 ] DEBUG FXGL.DefaultMenu     - createOptionsMenu()
07:58:32.528 [FXGL Background Thread 1 ] DEBUG FXGLAssetLoaderServi - Loading from file system: jar:file:/C:/Users/Usuario/.m2/repository/com/github/almasb/fxgl/21/fxgl-21.jar!/fxglassets/textures/particles/smoke.png
07:58:32.660 [FXGL Background Thread 1 ] DEBUG FXGLAssetLoaderServi - Loading from file system: jar:file:/C:/Users/Usuario/.m2/repository/com/github/almasb/fxgl/21/fxgl-21.jar!/fxglassets/textures/particles/trace_horizontal.png
07:58:32.694 [FXGL Background Thread 1 ] DEBUG GameApplicationServi - Application scenes initialized
07:58:32.707 [FXGL Background Thread 1 ] DEBUG SystemBundleService  - Loading FXGL system data
07:58:32.711 [FXGL Background Thread 1 ] DEBUG FileSystemAccess     - Reading from: F:\Proyectos javafx\javafxgl\fxgl-demoImage\system\fxgl.bundle
07:58:32.721 [FXGL Background Thread 1 ] DEBUG SystemBundleService  - Bundle FXGL: {}
07:58:32.721 [FXGL Background Thread 1 ] DEBUG UpdaterService       - Checking for updates
07:58:32.726 [FXGL Background Thread 4 ] DEBUG FXGLApplication      - Loading fonts
07:58:32.726 [FXGL Background Thread 4 ] DEBUG FXGLAssetLoaderServi - Loading from file system: jar:file:/C:/Users/Usuario/.m2/repository/com/github/almasb/fxgl/21/fxgl-21.jar!/fxglassets/ui/fonts/VarelaRound-Regular.ttf
07:58:32.729 [FXGL Background Thread 1 ] DEBUG FXGLApplication      - Loading default localization
07:58:32.729 [FXGL Background Thread 1 ] DEBUG FXGLAssetLoaderServi - Loading from file system: jar:file:/C:/Users/Usuario/.m2/repository/com/github/almasb/fxgl/21/fxgl-21.jar!/fxglassets/languages/english.lang
07:58:32.775 [FXGL Background Thread 1 ] INFO  FXGLApplication      - FXGL initialization took: 0,615 sec
07:58:32.782 [FXGL Background Thread 4 ] DEBUG FXGLAssetLoaderServi - Loading from file system: jar:file:/C:/Users/Usuario/.m2/repository/com/github/almasb/fxgl/21/fxgl-21.jar!/fxglassets/ui/fonts/Abel-Regular.ttf
07:58:32.790 [JavaFX Application Thread] DEBUG Input                - Registered new binding: action0 - A
07:58:32.791 [JavaFX Application Thread] DEBUG Input                - Registered new binding: action1 - D
07:58:32.791 [JavaFX Application Thread] DEBUG Input                - Registered new binding: action2 - W
07:58:32.792 [JavaFX Application Thread] DEBUG Input                - Registered new binding: action3 - S
07:58:32.793 [JavaFX Application Thread] DEBUG FXGLAssetLoaderServi - Loading from file system: jar:file:/C:/Users/Usuario/.m2/repository/com/github/almasb/fxgl/21/fxgl-21.jar!/fxglassets/textures/fxgl_icon.png
07:58:32.794 [FXGL Background Thread 4 ] DEBUG FXGLAssetLoaderServi - Loading from file system: jar:file:/C:/Users/Usuario/.m2/repository/com/github/almasb/fxgl/21/fxgl-21.jar!/fxglassets/ui/fonts/TerminalLandMono-Regular.otf
07:58:32.805 [FXGL Background Thread 4 ] DEBUG FXGLAssetLoaderServi - Loading from file system: jar:file:/C:/Users/Usuario/.m2/repository/com/github/almasb/fxgl/21/fxgl-21.jar!/fxglassets/ui/fonts/Courier-Prime.ttf
07:58:32.818 [JavaFX Application Thread] DEBUG FXGLAssetLoaderServi - Loading from file system: jar:file:/C:/Users/Usuario/.m2/repository/com/github/almasb/fxgl/21/fxgl-21.jar!/fxglassets/textures/fxgl_default_cursor.png
07:58:32.821 [JavaFX Application Thread] DEBUG Input                - Registered new binding: Screenshot - CTRL+8
07:58:32.822 [JavaFX Application Thread] DEBUG Input                - Registered new binding: System info dump - CTRL+9
07:58:32.822 [JavaFX Application Thread] DEBUG Input                - Registered new binding: Restart - CTRL+R
07:58:32.823 [JavaFX Application Thread] DEBUG Input                - Registered new binding: Toggle Debug Camera - CTRL+7
07:58:32.827 [JavaFX Application Thread] DEBUG LoopRunner           - Starting loop
07:58:32.827 [JavaFX Application Thread] DEBUG LoopRunner           - Initializing JavaFX AnimationTimerLoop
07:58:32.830 [JavaFX Application Thread] DEBUG GameApplicationServi - Starting new game
07:58:32.830 [JavaFX Application Thread] DEBUG Input                - Clearing active input actions
07:58:32.840 [JavaFX Application Thread] DEBUG GameApplicationServi - Removing overlay from FXGLStartupScene and adding to FXGLLoadingScene
07:58:32.841 [JavaFX Application Thread] DEBUG PrimaryStageWindow   - FXGLStartupScene -> FXGLLoadingScene
07:58:32.841 [JavaFX Application Thread] DEBUG GameApplicationServi - Clearing previous game
07:58:32.841 [JavaFX Application Thread] DEBUG GameScene            - Clearing game scene
07:58:32.841 [JavaFX Application Thread] DEBUG GameWorld            - Clearing game world
07:58:32.841 [JavaFX Application Thread] DEBUG PhysicsWorld         - Clearing physics world
07:58:32.843 [JavaFX Application Thread] DEBUG FXGLApplication      - Registering font factories with UI factory
07:58:32.843 [FXGL Background Thread 4 ] DEBUG FXGLApplication      - Initializing game
07:58:32.862 [FXGL Background Thread 4 ] DEBUG FXGLAssetLoaderServi - Loading from file system: file:/F:/Proyectos%20javafx/javafxgl/fxgl-demoImage/target/classes/assets/textures/bosque.jpg
07:58:32.965 [FXGL Background Thread 4 ] DEBUG FXGLAssetLoaderServi - Loading from file system: file:/F:/Proyectos%20javafx/javafxgl/fxgl-demoImage/target/classes/assets/textures/lilpuddinpuggums.png
07:58:32.981 [FXGL Background Thread 4 ] DEBUG FXGLAssetLoaderServi - Loading from file system: file:/F:/Proyectos%20javafx/javafxgl/fxgl-demoImage/target/classes/assets/textures/lilpuddinpuggums.png
07:58:33.006 [FXGL Background Thread 4 ] DEBUG FXGLAssetLoaderServi - Loading from file system: file:/F:/Proyectos%20javafx/javafxgl/fxgl-demoImage/target/classes/assets/textures/sprite_player.png
07:58:33.015 [FXGL Background Thread 4 ] INFO  FXGLApplication      - Game initialization took: 0,171 sec
07:58:33.034 [JavaFX Application Thread] DEBUG Input                - Clearing active input actions
07:58:33.047 [JavaFX Application Thread] DEBUG GameApplicationServi - Removing overlay from FXGLLoadingScene and adding to GameScene
07:58:33.048 [JavaFX Application Thread] DEBUG PrimaryStageWindow   - FXGLLoadingScene -> GameScene
07:58:33.233 [JavaFX Application Thread] DEBUG FXGLAssetLoaderServi - Loading from file system: file:/F:/Proyectos%20javafx/javafxgl/fxgl-demoImage/target/classes/assets/textures/hueso.png
07:58:35.725 [FXGL Background Thread 3 ] DEBUG Engine               - Logging environment variables
07:58:35.726 [FXGL Background Thread 3 ] DEBUG Engine               - achievements: []
07:58:35.726 [FXGL Background Thread 3 ] DEBUG Engine               - actualHeight: 600.0
07:58:35.727 [FXGL Background Thread 3 ] DEBUG Engine               - actualHeightProperty: ReadOnlyDoubleProperty [value: 600.0]
07:58:35.727 [FXGL Background Thread 3 ] DEBUG Engine               - actualWidth: 800.0
07:58:35.727 [FXGL Background Thread 3 ] DEBUG Engine               - actualWidthProperty: ReadOnlyDoubleProperty [value: 800.0]
07:58:35.728 [FXGL Background Thread 3 ] DEBUG Engine               - appIcon: fxgl_icon.png
07:58:35.730 [FXGL Background Thread 3 ] DEBUG Engine               - applicationMode: DEVELOPER
07:58:35.730 [FXGL Background Thread 3 ] DEBUG Engine               - cSSList: [fxgl_dark.css]
07:58:35.730 [FXGL Background Thread 3 ] DEBUG Engine               - collisionDetectionStrategy: BRUTE_FORCE
07:58:35.731 [FXGL Background Thread 3 ] DEBUG Engine               - configClass: Optional.empty
07:58:35.731 [FXGL Background Thread 3 ] DEBUG Engine               - credits: []
07:58:35.733 [FXGL Background Thread 3 ] DEBUG Engine               - defaultCursor: CursorInfo(imageName=fxgl_default_cursor.png, hotspotX=7.0, hotspotY=6.0)
07:58:35.734 [FXGL Background Thread 3 ] DEBUG Engine               - devBBoxColorProperty: ObjectProperty [value: 0xff0000ff]
07:58:35.734 [FXGL Background Thread 3 ] DEBUG Engine               - devEnableDebugCameraProperty: BooleanProperty [value: false]
07:58:35.735 [FXGL Background Thread 3 ] DEBUG Engine               - devSensorColorProperty: ObjectProperty [value: 0xffff00ff]
07:58:35.735 [FXGL Background Thread 3 ] DEBUG Engine               - devShowBBoxProperty: BooleanProperty [value: false]
07:58:35.735 [FXGL Background Thread 3 ] DEBUG Engine               - devShowPositionProperty: BooleanProperty [value: false]
07:58:35.736 [FXGL Background Thread 3 ] DEBUG Engine               - enabledMenuItems: []
07:58:35.736 [FXGL Background Thread 3 ] DEBUG Engine               - engineServices: [class com.almasb.fxgl.app.services.FXGLAssetLoaderService, class com.almasb.fxgl.app.FXGLApplication$GameApplicationService, class com.almasb.fxgl.app.services.FXGLDialogService, class com.almasb.fxgl.app.services.IOTaskExecutorService, class com.almasb.fxgl.io.FileSystemService, class com.almasb.fxgl.localization.LocalizationService, class com.almasb.fxgl.app.services.SystemBundleService, class com.almasb.fxgl.profile.SaveLoadService, class com.almasb.fxgl.ui.FXGLUIFactoryServiceProvider, class com.almasb.fxgl.ui.FXGLDialogFactoryServiceProvider, class com.almasb.fxgl.audio.AudioPlayer, class com.almasb.fxgl.notification.impl.NotificationServiceProvider, class com.almasb.fxgl.achievement.AchievementService, class com.almasb.fxgl.cutscene.CutsceneService, class com.almasb.fxgl.minigames.MiniGameService, class com.almasb.fxgl.net.NetService, class com.almasb.fxgl.app.services.UpdaterService, class com.almasb.fxgl.dev.DevService]
07:58:35.737 [FXGL Background Thread 3 ] DEBUG Engine               - fontGame: Abel-Regular.ttf
07:58:35.737 [FXGL Background Thread 3 ] DEBUG Engine               - fontMono: TerminalLandMono-Regular.otf
07:58:35.737 [FXGL Background Thread 3 ] DEBUG Engine               - fontSizeScaleUI: 1.0
07:58:35.738 [FXGL Background Thread 3 ] DEBUG Engine               - fontText: Courier-Prime.ttf
07:58:35.738 [FXGL Background Thread 3 ] DEBUG Engine               - fontUI: VarelaRound-Regular.ttf
07:58:35.739 [FXGL Background Thread 3 ] DEBUG Engine               - fullScreen: BooleanProperty [value: false]
07:58:35.739 [FXGL Background Thread 3 ] DEBUG Engine               - gameDifficulty: MEDIUM
07:58:35.739 [FXGL Background Thread 3 ] DEBUG Engine               - gameDifficultyProperty: ObjectProperty [value: MEDIUM]
07:58:35.740 [FXGL Background Thread 3 ] DEBUG Engine               - globalMusicVolume: 0.5
07:58:35.740 [FXGL Background Thread 3 ] DEBUG Engine               - globalMusicVolumeProperty: DoubleProperty [value: 0.5]
07:58:35.742 [FXGL Background Thread 3 ] DEBUG Engine               - globalSoundVolume: 0.5
07:58:35.742 [FXGL Background Thread 3 ] DEBUG Engine               - globalSoundVolumeProperty: DoubleProperty [value: 0.5]
07:58:35.743 [FXGL Background Thread 3 ] DEBUG Engine               - height: 600
07:58:35.743 [FXGL Background Thread 3 ] DEBUG Engine               - is3D: false
07:58:35.743 [FXGL Background Thread 3 ] DEBUG Engine               - isAndroid: false
07:58:35.744 [FXGL Background Thread 3 ] DEBUG Engine               - isBrowser: false
07:58:35.744 [FXGL Background Thread 3 ] DEBUG Engine               - isClickFeedbackEnabled: false
07:58:35.745 [FXGL Background Thread 3 ] DEBUG Engine               - isCloseConfirmation: false
07:58:35.745 [FXGL Background Thread 3 ] DEBUG Engine               - isDesktop: true
07:58:35.745 [FXGL Background Thread 3 ] DEBUG Engine               - isDeveloperMenuEnabled: false
07:58:35.745 [FXGL Background Thread 3 ] DEBUG Engine               - isEmbedded: false
07:58:35.746 [FXGL Background Thread 3 ] DEBUG Engine               - isEntityPreloadEnabled: true
07:58:35.746 [FXGL Background Thread 3 ] DEBUG Engine               - isExperimentalTiledLargeMap: false
07:58:35.747 [FXGL Background Thread 3 ] DEBUG Engine               - isFileSystemWriteAllowed: true
07:58:35.747 [FXGL Background Thread 3 ] DEBUG Engine               - isFullScreenAllowed: false
07:58:35.749 [FXGL Background Thread 3 ] DEBUG Engine               - isFullScreenFromStart: false
07:58:35.749 [FXGL Background Thread 3 ] DEBUG Engine               - isGameMenuEnabled: true
07:58:35.749 [FXGL Background Thread 3 ] DEBUG Engine               - isIOS: false
07:58:35.750 [FXGL Background Thread 3 ] DEBUG Engine               - isIntroEnabled: false
07:58:35.750 [FXGL Background Thread 3 ] DEBUG Engine               - isLinux: false
07:58:35.751 [FXGL Background Thread 3 ] DEBUG Engine               - isMac: false
07:58:35.751 [FXGL Background Thread 3 ] DEBUG Engine               - isMainMenuEnabled: false
07:58:35.752 [FXGL Background Thread 3 ] DEBUG Engine               - isManualResizeEnabled: false
07:58:35.752 [FXGL Background Thread 3 ] DEBUG Engine               - isMobile: false
07:58:35.752 [FXGL Background Thread 3 ] DEBUG Engine               - isNative: false
07:58:35.753 [FXGL Background Thread 3 ] DEBUG Engine               - isPauseMusicWhenMinimized: true
07:58:35.753 [FXGL Background Thread 3 ] DEBUG Engine               - isPreserveResizeRatio: false
07:58:35.753 [FXGL Background Thread 3 ] DEBUG Engine               - isProfilingEnabled: false
07:58:35.754 [FXGL Background Thread 3 ] DEBUG Engine               - isScaleAffectedOnResize: true
07:58:35.754 [FXGL Background Thread 3 ] DEBUG Engine               - isSingleStep: false
07:58:35.754 [FXGL Background Thread 3 ] DEBUG Engine               - isUserProfileEnabled: false
07:58:35.755 [FXGL Background Thread 3 ] DEBUG Engine               - isWindows: true
07:58:35.755 [FXGL Background Thread 3 ] DEBUG Engine               - language: ObjectProperty [value: ENGLISH]
07:58:35.755 [FXGL Background Thread 3 ] DEBUG Engine               - menuKey: ESCAPE
07:58:35.756 [FXGL Background Thread 3 ] DEBUG Engine               - mouseSensitivity: 0.2
07:58:35.756 [FXGL Background Thread 3 ] DEBUG Engine               - notificationViewClass: class com.almasb.fxgl.notification.view.XboxNotificationView
07:58:35.757 [FXGL Background Thread 3 ] DEBUG Engine               - pixelsPerMeter: 50.0
07:58:35.757 [FXGL Background Thread 3 ] DEBUG Engine               - platform: WINDOWS
07:58:35.757 [FXGL Background Thread 3 ] DEBUG Engine               - prefHeightProperty: ReadOnlyDoubleProperty [value: 600.0]
07:58:35.758 [FXGL Background Thread 3 ] DEBUG Engine               - prefWidthProperty: ReadOnlyDoubleProperty [value: 800.0]
07:58:35.758 [FXGL Background Thread 3 ] DEBUG Engine               - profileDir: profiles/
07:58:35.758 [FXGL Background Thread 3 ] DEBUG Engine               - profileName: StringProperty [value: DEFAULT]
07:58:35.759 [FXGL Background Thread 3 ] DEBUG Engine               - randomSeed: -1
07:58:35.760 [FXGL Background Thread 3 ] DEBUG Engine               - runtimeInfo: RuntimeInfo(platform=WINDOWS, version=21, build=28.12.2023 13.35)
07:58:35.760 [FXGL Background Thread 3 ] DEBUG Engine               - saveFileExt: sav
07:58:35.761 [FXGL Background Thread 3 ] DEBUG Engine               - scaledHeightProp$fxgl: DoubleProperty [bound, value: 600.0]
07:58:35.761 [FXGL Background Thread 3 ] DEBUG Engine               - scaledWidthProp$fxgl: DoubleProperty [bound, value: 800.0]
07:58:35.761 [FXGL Background Thread 3 ] DEBUG Engine               - sceneFactory: com.almasb.fxgl.app.scene.SceneFactory@631fc762
07:58:35.761 [FXGL Background Thread 3 ] DEBUG Engine               - secondsIn24h: 60
07:58:35.761 [FXGL Background Thread 3 ] DEBUG Engine               - soundMenuBack: menu/back.wav
07:58:35.761 [FXGL Background Thread 3 ] DEBUG Engine               - soundMenuPress: menu/press.wav
07:58:35.761 [FXGL Background Thread 3 ] DEBUG Engine               - soundMenuSelect: menu/select.wav
07:58:35.761 [FXGL Background Thread 3 ] DEBUG Engine               - soundNotification: core/notification.wav
07:58:35.761 [FXGL Background Thread 3 ] DEBUG Engine               - stageStyle: DECORATED
07:58:35.761 [FXGL Background Thread 3 ] DEBUG Engine               - supportedLanguages: [ENGLISH, FRENCH, GERMAN, HUNGARIAN, RUSSIAN]
07:58:35.761 [FXGL Background Thread 3 ] DEBUG Engine               - ticksPerSecond: -1
07:58:35.761 [FXGL Background Thread 3 ] DEBUG Engine               - title: DemoImage
07:58:35.761 [FXGL Background Thread 3 ] DEBUG Engine               - urlGithub: https://github.com/AlmasB/FXGL
07:58:35.761 [FXGL Background Thread 3 ] DEBUG Engine               - urlLeaderboard: http://fxgl-top.herokuapp.com/
07:58:35.761 [FXGL Background Thread 3 ] DEBUG Engine               - urlPOM: https://raw.githubusercontent.com/AlmasB/FXGL/release/README.md
07:58:35.761 [FXGL Background Thread 3 ] DEBUG Engine               - userAppClass: class org.example.App
07:58:35.761 [FXGL Background Thread 3 ] DEBUG Engine               - version: 0.0
07:58:35.762 [FXGL Background Thread 3 ] DEBUG Engine               - versionCheckDays: 7
07:58:35.762 [FXGL Background Thread 3 ] DEBUG Engine               - width: 800
07:58:35.762 [FXGL Background Thread 3 ] DEBUG Engine               - Logging services
07:58:35.762 [FXGL Background Thread 3 ] DEBUG Engine               - class com.almasb.fxgl.app.services.FXGLAssetLoaderService
07:58:35.762 [FXGL Background Thread 3 ] DEBUG Engine               - class com.almasb.fxgl.app.FXGLApplication$GameApplicationService
07:58:35.762 [FXGL Background Thread 3 ] DEBUG Engine               - class com.almasb.fxgl.app.services.FXGLDialogService
07:58:35.762 [FXGL Background Thread 3 ] DEBUG Engine               - class com.almasb.fxgl.app.services.IOTaskExecutorService
07:58:35.762 [FXGL Background Thread 3 ] DEBUG Engine               - class com.almasb.fxgl.io.FileSystemService
07:58:35.762 [FXGL Background Thread 3 ] DEBUG Engine               - class com.almasb.fxgl.localization.LocalizationService
07:58:35.762 [FXGL Background Thread 3 ] DEBUG Engine               - class com.almasb.fxgl.app.services.SystemBundleService
07:58:35.762 [FXGL Background Thread 3 ] DEBUG Engine               - class com.almasb.fxgl.profile.SaveLoadService
07:58:35.763 [FXGL Background Thread 3 ] DEBUG Engine               - class com.almasb.fxgl.ui.FXGLUIFactoryServiceProvider
07:58:35.763 [FXGL Background Thread 3 ] DEBUG Engine               - class com.almasb.fxgl.ui.FXGLDialogFactoryServiceProvider
07:58:35.763 [FXGL Background Thread 3 ] DEBUG Engine               - class com.almasb.fxgl.audio.AudioPlayer
07:58:35.763 [FXGL Background Thread 3 ] DEBUG Engine               - class com.almasb.fxgl.notification.impl.NotificationServiceProvider
07:58:35.763 [FXGL Background Thread 3 ] DEBUG Engine               - class com.almasb.fxgl.achievement.AchievementService
07:58:35.763 [FXGL Background Thread 3 ] DEBUG Engine               - class com.almasb.fxgl.cutscene.CutsceneService
07:58:35.763 [FXGL Background Thread 3 ] DEBUG Engine               - class com.almasb.fxgl.minigames.MiniGameService
07:58:35.763 [FXGL Background Thread 3 ] DEBUG Engine               - class com.almasb.fxgl.net.NetService
07:58:35.763 [FXGL Background Thread 3 ] DEBUG Engine               - class com.almasb.fxgl.app.services.UpdaterService
07:58:35.763 [FXGL Background Thread 3 ] DEBUG Engine               - class com.almasb.fxgl.dev.DevService
07:58:39.446 [JavaFX Application Thread] DEBUG FXGLApplication      - Exiting FXGL
07:58:39.447 [JavaFX Application Thread] DEBUG LoopRunner           - Stopping loop
07:58:39.447 [JavaFX Application Thread] DEBUG SystemBundleService  - Saving FXGL system data
07:58:39.448 [JavaFX Application Thread] DEBUG FileSystemAccess     - Writing to: F:\Proyectos javafx\javafxgl\fxgl-demoImage\system\fxgl.bundle
07:58:39.450 [JavaFX Application Thread] DEBUG Async                - Shutting down background threads
07:58:39.451 [JavaFX Application Thread] DEBUG PrimaryStageWindow   - Closing main window
07:58:39.470 [JavaFX Application Thread] DEBUG Logger               - Closing Logger
