17:22:33.105 [main                     ] DEBUG Logger               - Configured Logger
17:22:33.140 [main                     ] DEBUG GameApplication      - Logging settings
Title: DemoImage
Version: 0.0
Width: 800
Height: 600
Fullscreen: false
Intro: false
Profiling: false
Single step:false
App Mode: DEVELOPER
Menu Key: ESCAPE
Stage Style: DECORATED
Scene Factory: class com.almasb.fxgl.app.scene.SceneFactory

17:22:33.505 [JavaFX Application Thread] DEBUG FXGLApplication      - Initializing FXGL
17:22:33.517 [JavaFX Application Thread] INFO  Engine               - FXGL-21 (28.12.2023 13.35) on WINDOWS (J:21.0.1 FX:21.0.1)
17:22:33.517 [JavaFX Application Thread] DEBUG Engine               - JRE Vendor Name: Oracle Corporation
17:22:33.517 [JavaFX Application Thread] DEBUG Engine               - Running on OS: Windows 10 version 10.0
17:22:33.518 [JavaFX Application Thread] DEBUG Engine               - Architecture: amd64
17:22:33.518 [JavaFX Application Thread] INFO  Engine               - Source code and latest versions at: https://github.com/AlmasB/FXGL
17:22:33.518 [JavaFX Application Thread] INFO  Engine               -       Ask questions and discuss at: https://github.com/AlmasB/FXGL/discussions
17:22:33.518 [JavaFX Application Thread] INFO  Engine               -              Join the FXGL chat at: https://gitter.im/AlmasB/FXGL
17:22:33.646 [JavaFX Application Thread] DEBUG PrimaryStageWindow   - Creating a JavaFX scene
17:22:33.702 [JavaFX Application Thread] DEBUG PrimaryStageWindow   - Target settings size: 800.0 x 600.0
17:22:33.702 [JavaFX Application Thread] DEBUG PrimaryStageWindow   - Scaled scene size:    800.0 x 600.0
17:22:33.703 [JavaFX Application Thread] DEBUG PrimaryStageWindow   - Scaled ratio: (1.0, 1.0)
17:22:33.704 [JavaFX Application Thread] DEBUG PrimaryStageWindow   - Set initial scene to FXGLStartupScene
17:22:33.707 [JavaFX Application Thread] DEBUG PrimaryStageWindow   - Opening main window
17:22:33.820 [JavaFX Application Thread] DEBUG PrimaryStageWindow   - Window border size: (14.4000244140625, 37.5999755859375)
17:22:33.821 [JavaFX Application Thread] DEBUG PrimaryStageWindow   - Scaled size: 800.0 x 600.0
17:22:33.821 [JavaFX Application Thread] DEBUG PrimaryStageWindow   - Scaled ratio: (1.0, 1.0)
17:22:33.822 [JavaFX Application Thread] DEBUG PrimaryStageWindow   - Scene size: 800.0 x 600.0
17:22:33.822 [JavaFX Application Thread] DEBUG PrimaryStageWindow   - Stage size: 814.4000244140625 x 637.5999755859375
17:22:33.834 [FXGL Background Thread 1 ] DEBUG Engine               - Initializing environment variables
17:22:33.934 [FXGL Background Thread 1 ] DEBUG FXGLAssetLoaderServi - User app class for loading assets: class org.example.App
17:22:33.934 [FXGL Background Thread 1 ] DEBUG GameApplicationServi - Applying CSS: fxgl_dark.css
17:22:33.935 [FXGL Background Thread 1 ] DEBUG FXGLAssetLoaderServi - Loading from file system: jar:file:/C:/Users/Usuario/.m2/repository/com/github/almasb/fxgl/21/fxgl-21.jar!/fxglassets/ui/css/fxgl_dark.css
17:22:33.991 [FXGL Background Thread 1 ] DEBUG GameApplicationServi - Initializing application scenes
17:22:34.046 [FXGL Background Thread 1 ] DEBUG GameWorld            - Game world initialized
17:22:34.139 [FXGL Background Thread 1 ] DEBUG PhysicsWorld         - Physics world initialized: appHeight=600, physics.ppm=50,0
17:22:34.139 [FXGL Background Thread 1 ] DEBUG PhysicsWorld         - Using strategy: BRUTE_FORCE
17:22:34.144 [FXGL Background Thread 1 ] DEBUG GameScene            - Game scene initialized: 800x600
17:22:34.160 [FXGL Background Thread 1 ] DEBUG FXGL.DefaultMenu     - createMenuBodyGameMenu()
17:22:34.177 [FXGL Background Thread 1 ] DEBUG FXGL.DefaultMenu     - createOptionsMenu()
17:22:34.188 [FXGL Background Thread 1 ] DEBUG FXGLAssetLoaderServi - Loading from file system: jar:file:/C:/Users/Usuario/.m2/repository/com/github/almasb/fxgl/21/fxgl-21.jar!/fxglassets/textures/particles/smoke.png
17:22:34.316 [FXGL Background Thread 1 ] DEBUG FXGLAssetLoaderServi - Loading from file system: jar:file:/C:/Users/Usuario/.m2/repository/com/github/almasb/fxgl/21/fxgl-21.jar!/fxglassets/textures/particles/trace_horizontal.png
17:22:34.343 [FXGL Background Thread 1 ] DEBUG GameApplicationServi - Application scenes initialized
17:22:34.356 [FXGL Background Thread 1 ] DEBUG SystemBundleService  - Loading FXGL system data
17:22:34.359 [FXGL Background Thread 1 ] DEBUG FileSystemAccess     - Reading from: F:\Proyectos javafx\javafxgl\fxgl-demoImage\system\fxgl.bundle
17:22:34.368 [FXGL Background Thread 1 ] DEBUG SystemBundleService  - Bundle FXGL: {}
17:22:34.368 [FXGL Background Thread 1 ] DEBUG UpdaterService       - Checking for updates
17:22:34.373 [FXGL Background Thread 4 ] DEBUG FXGLApplication      - Loading fonts
17:22:34.373 [FXGL Background Thread 4 ] DEBUG FXGLAssetLoaderServi - Loading from file system: jar:file:/C:/Users/Usuario/.m2/repository/com/github/almasb/fxgl/21/fxgl-21.jar!/fxglassets/ui/fonts/VarelaRound-Regular.ttf
17:22:34.374 [FXGL Background Thread 1 ] DEBUG FXGLApplication      - Loading default localization
17:22:34.375 [FXGL Background Thread 1 ] DEBUG FXGLAssetLoaderServi - Loading from file system: jar:file:/C:/Users/Usuario/.m2/repository/com/github/almasb/fxgl/21/fxgl-21.jar!/fxglassets/languages/english.lang
17:22:34.417 [FXGL Background Thread 1 ] INFO  FXGLApplication      - FXGL initialization took: 0,583 sec
17:22:34.418 [JavaFX Application Thread] DEBUG FXGLAssetLoaderServi - Loading from file system: jar:file:/C:/Users/Usuario/.m2/repository/com/github/almasb/fxgl/21/fxgl-21.jar!/fxglassets/textures/fxgl_icon.png
17:22:34.421 [FXGL Background Thread 4 ] DEBUG FXGLAssetLoaderServi - Loading from file system: jar:file:/C:/Users/Usuario/.m2/repository/com/github/almasb/fxgl/21/fxgl-21.jar!/fxglassets/ui/fonts/Abel-Regular.ttf
17:22:34.430 [FXGL Background Thread 4 ] DEBUG FXGLAssetLoaderServi - Loading from file system: jar:file:/C:/Users/Usuario/.m2/repository/com/github/almasb/fxgl/21/fxgl-21.jar!/fxglassets/ui/fonts/TerminalLandMono-Regular.otf
17:22:34.440 [FXGL Background Thread 4 ] DEBUG FXGLAssetLoaderServi - Loading from file system: jar:file:/C:/Users/Usuario/.m2/repository/com/github/almasb/fxgl/21/fxgl-21.jar!/fxglassets/ui/fonts/Courier-Prime.ttf
17:22:34.446 [JavaFX Application Thread] DEBUG FXGLAssetLoaderServi - Loading from file system: jar:file:/C:/Users/Usuario/.m2/repository/com/github/almasb/fxgl/21/fxgl-21.jar!/fxglassets/textures/fxgl_default_cursor.png
17:22:34.458 [JavaFX Application Thread] DEBUG Input                - Registered new binding: Screenshot - CTRL+8
17:22:34.459 [JavaFX Application Thread] DEBUG Input                - Registered new binding: System info dump - CTRL+9
17:22:34.460 [JavaFX Application Thread] DEBUG Input                - Registered new binding: Restart - CTRL+R
17:22:34.461 [JavaFX Application Thread] DEBUG Input                - Registered new binding: Toggle Debug Camera - CTRL+7
17:22:34.465 [JavaFX Application Thread] DEBUG LoopRunner           - Starting loop
17:22:34.465 [JavaFX Application Thread] DEBUG LoopRunner           - Initializing JavaFX AnimationTimerLoop
17:22:34.467 [JavaFX Application Thread] DEBUG GameApplicationServi - Starting new game
17:22:34.467 [JavaFX Application Thread] DEBUG Input                - Clearing active input actions
17:22:34.481 [JavaFX Application Thread] DEBUG GameApplicationServi - Removing overlay from FXGLStartupScene and adding to FXGLLoadingScene
17:22:34.481 [JavaFX Application Thread] DEBUG PrimaryStageWindow   - FXGLStartupScene -> FXGLLoadingScene
17:22:34.481 [JavaFX Application Thread] DEBUG GameApplicationServi - Clearing previous game
17:22:34.482 [JavaFX Application Thread] DEBUG GameScene            - Clearing game scene
17:22:34.482 [JavaFX Application Thread] DEBUG GameWorld            - Clearing game world
17:22:34.482 [JavaFX Application Thread] DEBUG PhysicsWorld         - Clearing physics world
17:22:34.484 [JavaFX Application Thread] DEBUG FXGLApplication      - Registering font factories with UI factory
17:22:34.506 [FXGL Background Thread 4 ] INFO  FXGLApplication      - Game initialization took: 0,022 sec
17:22:34.541 [JavaFX Application Thread] DEBUG Input                - Clearing active input actions
17:22:34.555 [JavaFX Application Thread] DEBUG GameApplicationServi - Removing overlay from FXGLLoadingScene and adding to GameScene
17:22:34.555 [JavaFX Application Thread] DEBUG PrimaryStageWindow   - FXGLLoadingScene -> GameScene
17:22:36.796 [JavaFX Application Thread] DEBUG FXGLApplication      - Exiting FXGL
17:22:36.796 [JavaFX Application Thread] DEBUG LoopRunner           - Stopping loop
17:22:36.796 [JavaFX Application Thread] DEBUG SystemBundleService  - Saving FXGL system data
17:22:36.799 [JavaFX Application Thread] DEBUG FileSystemAccess     - Writing to: F:\Proyectos javafx\javafxgl\fxgl-demoImage\system\fxgl.bundle
17:22:36.801 [JavaFX Application Thread] DEBUG Async                - Shutting down background threads
17:22:36.801 [JavaFX Application Thread] DEBUG PrimaryStageWindow   - Closing main window
17:22:36.817 [JavaFX Application Thread] DEBUG Logger               - Closing Logger
