16:12:33.936 [main                     ] DEBUG Logger               - Configured Logger
16:12:33.965 [main                     ] DEBUG GameApplication      - Logging settings
Title: DemoImage
Version: 0.0
Width: 800
Height: 600
Fullscreen: false
Intro: false
Profiling: false
Single step:false
App Mode: DEVELOPER
Menu Key: ESCAPE
Stage Style: DECORATED
Scene Factory: class com.almasb.fxgl.app.scene.SceneFactory

16:12:34.331 [JavaFX Application Thread] DEBUG FXGLApplication      - Initializing FXGL
16:12:34.342 [JavaFX Application Thread] INFO  Engine               - FXGL-21 (28.12.2023 13.35) on WINDOWS (J:21.0.1 FX:21.0.1)
16:12:34.343 [JavaFX Application Thread] DEBUG Engine               - JRE Vendor Name: Oracle Corporation
16:12:34.343 [JavaFX Application Thread] DEBUG Engine               - Running on OS: Windows 10 version 10.0
16:12:34.343 [JavaFX Application Thread] DEBUG Engine               - Architecture: amd64
16:12:34.343 [JavaFX Application Thread] INFO  Engine               - Source code and latest versions at: https://github.com/AlmasB/FXGL
16:12:34.343 [JavaFX Application Thread] INFO  Engine               -       Ask questions and discuss at: https://github.com/AlmasB/FXGL/discussions
16:12:34.343 [JavaFX Application Thread] INFO  Engine               -              Join the FXGL chat at: https://gitter.im/AlmasB/FXGL
16:12:34.485 [JavaFX Application Thread] DEBUG PrimaryStageWindow   - Creating a JavaFX scene
16:12:34.550 [JavaFX Application Thread] DEBUG PrimaryStageWindow   - Target settings size: 800.0 x 600.0
16:12:34.551 [JavaFX Application Thread] DEBUG PrimaryStageWindow   - Scaled scene size:    800.0 x 600.0
16:12:34.552 [JavaFX Application Thread] DEBUG PrimaryStageWindow   - Scaled ratio: (1.0, 1.0)
16:12:34.553 [JavaFX Application Thread] DEBUG PrimaryStageWindow   - Set initial scene to FXGLStartupScene
16:12:34.557 [JavaFX Application Thread] DEBUG PrimaryStageWindow   - Opening main window
16:12:34.671 [JavaFX Application Thread] DEBUG PrimaryStageWindow   - Window border size: (14.4000244140625, 37.5999755859375)
16:12:34.671 [JavaFX Application Thread] DEBUG PrimaryStageWindow   - Scaled size: 800.0 x 600.0
16:12:34.672 [JavaFX Application Thread] DEBUG PrimaryStageWindow   - Scaled ratio: (1.0, 1.0)
16:12:34.672 [JavaFX Application Thread] DEBUG PrimaryStageWindow   - Scene size: 800.0 x 600.0
16:12:34.672 [JavaFX Application Thread] DEBUG PrimaryStageWindow   - Stage size: 814.4000244140625 x 637.5999755859375
16:12:34.681 [FXGL Background Thread 1 ] DEBUG Engine               - Initializing environment variables
16:12:34.772 [FXGL Background Thread 1 ] DEBUG FXGLAssetLoaderServi - User app class for loading assets: class org.example.App
16:12:34.773 [FXGL Background Thread 1 ] DEBUG GameApplicationServi - Applying CSS: fxgl_dark.css
16:12:34.774 [FXGL Background Thread 1 ] DEBUG FXGLAssetLoaderServi - Loading from file system: jar:file:/C:/Users/Usuario/.m2/repository/com/github/almasb/fxgl/21/fxgl-21.jar!/fxglassets/ui/css/fxgl_dark.css
16:12:34.838 [FXGL Background Thread 1 ] DEBUG GameApplicationServi - Initializing application scenes
16:12:34.893 [FXGL Background Thread 1 ] DEBUG GameWorld            - Game world initialized
16:12:34.982 [FXGL Background Thread 1 ] DEBUG PhysicsWorld         - Physics world initialized: appHeight=600, physics.ppm=50,0
16:12:34.983 [FXGL Background Thread 1 ] DEBUG PhysicsWorld         - Using strategy: BRUTE_FORCE
16:12:34.990 [FXGL Background Thread 1 ] DEBUG GameScene            - Game scene initialized: 800x600
16:12:35.010 [FXGL Background Thread 1 ] DEBUG FXGL.DefaultMenu     - createMenuBodyGameMenu()
16:12:35.032 [FXGL Background Thread 1 ] DEBUG FXGL.DefaultMenu     - createOptionsMenu()
16:12:35.041 [FXGL Background Thread 1 ] DEBUG FXGLAssetLoaderServi - Loading from file system: jar:file:/C:/Users/Usuario/.m2/repository/com/github/almasb/fxgl/21/fxgl-21.jar!/fxglassets/textures/particles/smoke.png
16:12:35.151 [FXGL Background Thread 1 ] DEBUG FXGLAssetLoaderServi - Loading from file system: jar:file:/C:/Users/Usuario/.m2/repository/com/github/almasb/fxgl/21/fxgl-21.jar!/fxglassets/textures/particles/trace_horizontal.png
16:12:35.180 [FXGL Background Thread 1 ] DEBUG GameApplicationServi - Application scenes initialized
16:12:35.193 [FXGL Background Thread 1 ] DEBUG SystemBundleService  - Loading FXGL system data
16:12:35.196 [FXGL Background Thread 1 ] DEBUG FileSystemAccess     - Reading from: F:\Proyectos javafx\javafxgl\fxgl-demoImage\system\fxgl.bundle
16:12:35.206 [FXGL Background Thread 1 ] DEBUG SystemBundleService  - Bundle FXGL: {}
16:12:35.206 [FXGL Background Thread 1 ] DEBUG UpdaterService       - Checking for updates
16:12:35.213 [FXGL Background Thread 4 ] DEBUG FXGLApplication      - Loading fonts
16:12:35.213 [FXGL Background Thread 4 ] DEBUG FXGLAssetLoaderServi - Loading from file system: jar:file:/C:/Users/Usuario/.m2/repository/com/github/almasb/fxgl/21/fxgl-21.jar!/fxglassets/ui/fonts/VarelaRound-Regular.ttf
16:12:35.215 [FXGL Background Thread 1 ] DEBUG FXGLApplication      - Loading default localization
16:12:35.216 [FXGL Background Thread 1 ] DEBUG FXGLAssetLoaderServi - Loading from file system: jar:file:/C:/Users/Usuario/.m2/repository/com/github/almasb/fxgl/21/fxgl-21.jar!/fxglassets/languages/english.lang
16:12:35.260 [FXGL Background Thread 1 ] INFO  FXGLApplication      - FXGL initialization took: 0,579 sec
16:12:35.262 [FXGL Background Thread 4 ] DEBUG FXGLAssetLoaderServi - Loading from file system: jar:file:/C:/Users/Usuario/.m2/repository/com/github/almasb/fxgl/21/fxgl-21.jar!/fxglassets/ui/fonts/Abel-Regular.ttf
16:12:35.271 [FXGL Background Thread 4 ] DEBUG FXGLAssetLoaderServi - Loading from file system: jar:file:/C:/Users/Usuario/.m2/repository/com/github/almasb/fxgl/21/fxgl-21.jar!/fxglassets/ui/fonts/TerminalLandMono-Regular.otf
16:12:35.276 [JavaFX Application Thread] DEBUG Input                - Registered new binding: action0 - J
16:12:35.277 [JavaFX Application Thread] DEBUG Input                - Registered new binding: action1 - L
16:12:35.277 [JavaFX Application Thread] DEBUG Input                - Registered new binding: action2 - I
16:12:35.277 [JavaFX Application Thread] DEBUG Input                - Registered new binding: action3 - K
16:12:35.278 [JavaFX Application Thread] DEBUG Input                - Registered new binding: action4 - A
16:12:35.278 [JavaFX Application Thread] DEBUG Input                - Registered new binding: action5 - D
16:12:35.278 [JavaFX Application Thread] DEBUG Input                - Registered new binding: action6 - W
16:12:35.279 [JavaFX Application Thread] DEBUG Input                - Registered new binding: action7 - S
16:12:35.279 [JavaFX Application Thread] DEBUG FXGLAssetLoaderServi - Loading from file system: jar:file:/C:/Users/Usuario/.m2/repository/com/github/almasb/fxgl/21/fxgl-21.jar!/fxglassets/textures/fxgl_icon.png
16:12:35.283 [FXGL Background Thread 4 ] DEBUG FXGLAssetLoaderServi - Loading from file system: jar:file:/C:/Users/Usuario/.m2/repository/com/github/almasb/fxgl/21/fxgl-21.jar!/fxglassets/ui/fonts/Courier-Prime.ttf
16:12:35.307 [JavaFX Application Thread] DEBUG FXGLAssetLoaderServi - Loading from file system: jar:file:/C:/Users/Usuario/.m2/repository/com/github/almasb/fxgl/21/fxgl-21.jar!/fxglassets/textures/fxgl_default_cursor.png
16:12:35.310 [JavaFX Application Thread] DEBUG Input                - Registered new binding: Screenshot - CTRL+8
16:12:35.310 [JavaFX Application Thread] DEBUG Input                - Registered new binding: System info dump - CTRL+9
16:12:35.311 [JavaFX Application Thread] DEBUG Input                - Registered new binding: Restart - CTRL+R
16:12:35.311 [JavaFX Application Thread] DEBUG Input                - Registered new binding: Toggle Debug Camera - CTRL+7
16:12:35.314 [JavaFX Application Thread] DEBUG LoopRunner           - Starting loop
16:12:35.314 [JavaFX Application Thread] DEBUG LoopRunner           - Initializing JavaFX AnimationTimerLoop
16:12:35.317 [JavaFX Application Thread] DEBUG GameApplicationServi - Starting new game
16:12:35.318 [JavaFX Application Thread] DEBUG Input                - Clearing active input actions
16:12:35.335 [JavaFX Application Thread] DEBUG GameApplicationServi - Removing overlay from FXGLStartupScene and adding to FXGLLoadingScene
16:12:35.335 [JavaFX Application Thread] DEBUG PrimaryStageWindow   - FXGLStartupScene -> FXGLLoadingScene
16:12:35.335 [JavaFX Application Thread] DEBUG GameApplicationServi - Clearing previous game
16:12:35.335 [JavaFX Application Thread] DEBUG GameScene            - Clearing game scene
16:12:35.335 [JavaFX Application Thread] DEBUG GameWorld            - Clearing game world
16:12:35.335 [JavaFX Application Thread] DEBUG PhysicsWorld         - Clearing physics world
16:12:35.338 [FXGL Background Thread 4 ] DEBUG FXGLApplication      - Initializing game
16:12:35.340 [JavaFX Application Thread] DEBUG FXGLApplication      - Registering font factories with UI factory
16:12:35.351 [FXGL Background Thread 4 ] DEBUG FXGLAssetLoaderServi - Loading from file system: file:/F:/Proyectos%20javafx/javafxgl/fxgl-demoImage/target/classes/assets/textures/bosque.jpg
16:12:35.448 [FXGL Background Thread 4 ] DEBUG FXGLAssetLoaderServi - Loading from file system: file:/F:/Proyectos%20javafx/javafxgl/fxgl-demoImage/target/classes/assets/textures/sprite_pug.png
16:12:35.480 [FXGL Background Thread 4 ] DEBUG FXGLAssetLoaderServi - Loading from file system: file:/F:/Proyectos%20javafx/javafxgl/fxgl-demoImage/target/classes/assets/textures/sprite_player.png
16:12:35.492 [FXGL Background Thread 4 ] INFO  FXGLApplication      - Game initialization took: 0,154 sec
16:12:35.492 [JavaFX Application Thread] DEBUG Input                - Clearing active input actions
16:12:35.504 [JavaFX Application Thread] DEBUG GameApplicationServi - Removing overlay from FXGLLoadingScene and adding to GameScene
16:12:35.504 [JavaFX Application Thread] DEBUG PrimaryStageWindow   - FXGLLoadingScene -> GameScene
16:12:35.755 [JavaFX Application Thread] DEBUG FXGLAssetLoaderServi - Loading from file system: file:/F:/Proyectos%20javafx/javafxgl/fxgl-demoImage/target/classes/assets/textures/hueso.png
16:12:38.212 [FXGL Background Thread 3 ] DEBUG Engine               - Logging environment variables
16:12:38.213 [FXGL Background Thread 3 ] DEBUG Engine               - achievements: []
16:12:38.213 [FXGL Background Thread 3 ] DEBUG Engine               - actualHeight: 600.0
16:12:38.213 [FXGL Background Thread 3 ] DEBUG Engine               - actualHeightProperty: ReadOnlyDoubleProperty [value: 600.0]
16:12:38.213 [FXGL Background Thread 3 ] DEBUG Engine               - actualWidth: 800.0
16:12:38.213 [FXGL Background Thread 3 ] DEBUG Engine               - actualWidthProperty: ReadOnlyDoubleProperty [value: 800.0]
16:12:38.213 [FXGL Background Thread 3 ] DEBUG Engine               - appIcon: fxgl_icon.png
16:12:38.213 [FXGL Background Thread 3 ] DEBUG Engine               - applicationMode: DEVELOPER
16:12:38.213 [FXGL Background Thread 3 ] DEBUG Engine               - cSSList: [fxgl_dark.css]
16:12:38.213 [FXGL Background Thread 3 ] DEBUG Engine               - collisionDetectionStrategy: BRUTE_FORCE
16:12:38.213 [FXGL Background Thread 3 ] DEBUG Engine               - configClass: Optional.empty
16:12:38.213 [FXGL Background Thread 3 ] DEBUG Engine               - credits: []
16:12:38.214 [FXGL Background Thread 3 ] DEBUG Engine               - defaultCursor: CursorInfo(imageName=fxgl_default_cursor.png, hotspotX=7.0, hotspotY=6.0)
16:12:38.214 [FXGL Background Thread 3 ] DEBUG Engine               - devBBoxColorProperty: ObjectProperty [value: 0xff0000ff]
16:12:38.214 [FXGL Background Thread 3 ] DEBUG Engine               - devEnableDebugCameraProperty: BooleanProperty [value: false]
16:12:38.214 [FXGL Background Thread 3 ] DEBUG Engine               - devSensorColorProperty: ObjectProperty [value: 0xffff00ff]
16:12:38.214 [FXGL Background Thread 3 ] DEBUG Engine               - devShowBBoxProperty: BooleanProperty [value: false]
16:12:38.214 [FXGL Background Thread 3 ] DEBUG Engine               - devShowPositionProperty: BooleanProperty [value: false]
16:12:38.214 [FXGL Background Thread 3 ] DEBUG Engine               - enabledMenuItems: []
16:12:38.214 [FXGL Background Thread 3 ] DEBUG Engine               - engineServices: [class com.almasb.fxgl.app.services.FXGLAssetLoaderService, class com.almasb.fxgl.app.FXGLApplication$GameApplicationService, class com.almasb.fxgl.app.services.FXGLDialogService, class com.almasb.fxgl.app.services.IOTaskExecutorService, class com.almasb.fxgl.io.FileSystemService, class com.almasb.fxgl.localization.LocalizationService, class com.almasb.fxgl.app.services.SystemBundleService, class com.almasb.fxgl.profile.SaveLoadService, class com.almasb.fxgl.ui.FXGLUIFactoryServiceProvider, class com.almasb.fxgl.ui.FXGLDialogFactoryServiceProvider, class com.almasb.fxgl.audio.AudioPlayer, class com.almasb.fxgl.notification.impl.NotificationServiceProvider, class com.almasb.fxgl.achievement.AchievementService, class com.almasb.fxgl.cutscene.CutsceneService, class com.almasb.fxgl.minigames.MiniGameService, class com.almasb.fxgl.net.NetService, class com.almasb.fxgl.app.services.UpdaterService, class com.almasb.fxgl.dev.DevService]
16:12:38.214 [FXGL Background Thread 3 ] DEBUG Engine               - fontGame: Abel-Regular.ttf
16:12:38.215 [FXGL Background Thread 3 ] DEBUG Engine               - fontMono: TerminalLandMono-Regular.otf
16:12:38.215 [FXGL Background Thread 3 ] DEBUG Engine               - fontSizeScaleUI: 1.0
16:12:38.215 [FXGL Background Thread 3 ] DEBUG Engine               - fontText: Courier-Prime.ttf
16:12:38.215 [FXGL Background Thread 3 ] DEBUG Engine               - fontUI: VarelaRound-Regular.ttf
16:12:38.215 [FXGL Background Thread 3 ] DEBUG Engine               - fullScreen: BooleanProperty [value: false]
16:12:38.215 [FXGL Background Thread 3 ] DEBUG Engine               - gameDifficulty: MEDIUM
16:12:38.215 [FXGL Background Thread 3 ] DEBUG Engine               - gameDifficultyProperty: ObjectProperty [value: MEDIUM]
16:12:38.215 [FXGL Background Thread 3 ] DEBUG Engine               - globalMusicVolume: 0.5
16:12:38.215 [FXGL Background Thread 3 ] DEBUG Engine               - globalMusicVolumeProperty: DoubleProperty [value: 0.5]
16:12:38.215 [FXGL Background Thread 3 ] DEBUG Engine               - globalSoundVolume: 0.5
16:12:38.215 [FXGL Background Thread 3 ] DEBUG Engine               - globalSoundVolumeProperty: DoubleProperty [value: 0.5]
16:12:38.215 [FXGL Background Thread 3 ] DEBUG Engine               - height: 600
16:12:38.215 [FXGL Background Thread 3 ] DEBUG Engine               - is3D: false
16:12:38.215 [FXGL Background Thread 3 ] DEBUG Engine               - isAndroid: false
16:12:38.215 [FXGL Background Thread 3 ] DEBUG Engine               - isBrowser: false
16:12:38.215 [FXGL Background Thread 3 ] DEBUG Engine               - isClickFeedbackEnabled: false
16:12:38.215 [FXGL Background Thread 3 ] DEBUG Engine               - isCloseConfirmation: false
16:12:38.215 [FXGL Background Thread 3 ] DEBUG Engine               - isDesktop: true
16:12:38.215 [FXGL Background Thread 3 ] DEBUG Engine               - isDeveloperMenuEnabled: false
16:12:38.216 [FXGL Background Thread 3 ] DEBUG Engine               - isEmbedded: false
16:12:38.216 [FXGL Background Thread 3 ] DEBUG Engine               - isEntityPreloadEnabled: true
16:12:38.216 [FXGL Background Thread 3 ] DEBUG Engine               - isExperimentalTiledLargeMap: false
16:12:38.216 [FXGL Background Thread 3 ] DEBUG Engine               - isFileSystemWriteAllowed: true
16:12:38.216 [FXGL Background Thread 3 ] DEBUG Engine               - isFullScreenAllowed: false
16:12:38.216 [FXGL Background Thread 3 ] DEBUG Engine               - isFullScreenFromStart: false
16:12:38.216 [FXGL Background Thread 3 ] DEBUG Engine               - isGameMenuEnabled: true
16:12:38.216 [FXGL Background Thread 3 ] DEBUG Engine               - isIOS: false
16:12:38.216 [FXGL Background Thread 3 ] DEBUG Engine               - isIntroEnabled: false
16:12:38.216 [FXGL Background Thread 3 ] DEBUG Engine               - isLinux: false
16:12:38.216 [FXGL Background Thread 3 ] DEBUG Engine               - isMac: false
16:12:38.216 [FXGL Background Thread 3 ] DEBUG Engine               - isMainMenuEnabled: false
16:12:38.216 [FXGL Background Thread 3 ] DEBUG Engine               - isManualResizeEnabled: false
16:12:38.216 [FXGL Background Thread 3 ] DEBUG Engine               - isMobile: false
16:12:38.216 [FXGL Background Thread 3 ] DEBUG Engine               - isNative: false
16:12:38.216 [FXGL Background Thread 3 ] DEBUG Engine               - isPauseMusicWhenMinimized: true
16:12:38.216 [FXGL Background Thread 3 ] DEBUG Engine               - isPreserveResizeRatio: false
16:12:38.217 [FXGL Background Thread 3 ] DEBUG Engine               - isProfilingEnabled: false
16:12:38.217 [FXGL Background Thread 3 ] DEBUG Engine               - isScaleAffectedOnResize: true
16:12:38.217 [FXGL Background Thread 3 ] DEBUG Engine               - isSingleStep: false
16:12:38.217 [FXGL Background Thread 3 ] DEBUG Engine               - isUserProfileEnabled: false
16:12:38.217 [FXGL Background Thread 3 ] DEBUG Engine               - isWindows: true
16:12:38.217 [FXGL Background Thread 3 ] DEBUG Engine               - language: ObjectProperty [value: ENGLISH]
16:12:38.217 [FXGL Background Thread 3 ] DEBUG Engine               - menuKey: ESCAPE
16:12:38.217 [FXGL Background Thread 3 ] DEBUG Engine               - mouseSensitivity: 0.2
16:12:38.217 [FXGL Background Thread 3 ] DEBUG Engine               - notificationViewClass: class com.almasb.fxgl.notification.view.XboxNotificationView
16:12:38.217 [FXGL Background Thread 3 ] DEBUG Engine               - pixelsPerMeter: 50.0
16:12:38.217 [FXGL Background Thread 3 ] DEBUG Engine               - platform: WINDOWS
16:12:38.217 [FXGL Background Thread 3 ] DEBUG Engine               - prefHeightProperty: ReadOnlyDoubleProperty [value: 600.0]
16:12:38.217 [FXGL Background Thread 3 ] DEBUG Engine               - prefWidthProperty: ReadOnlyDoubleProperty [value: 800.0]
16:12:38.217 [FXGL Background Thread 3 ] DEBUG Engine               - profileDir: profiles/
16:12:38.217 [FXGL Background Thread 3 ] DEBUG Engine               - profileName: StringProperty [value: DEFAULT]
16:12:38.217 [FXGL Background Thread 3 ] DEBUG Engine               - randomSeed: -1
16:12:38.218 [FXGL Background Thread 3 ] DEBUG Engine               - runtimeInfo: RuntimeInfo(platform=WINDOWS, version=21, build=28.12.2023 13.35)
16:12:38.218 [FXGL Background Thread 3 ] DEBUG Engine               - saveFileExt: sav
16:12:38.218 [FXGL Background Thread 3 ] DEBUG Engine               - scaledHeightProp$fxgl: DoubleProperty [bound, value: 600.0]
16:12:38.218 [FXGL Background Thread 3 ] DEBUG Engine               - scaledWidthProp$fxgl: DoubleProperty [bound, value: 800.0]
16:12:38.218 [FXGL Background Thread 3 ] DEBUG Engine               - sceneFactory: com.almasb.fxgl.app.scene.SceneFactory@59b52f21
16:12:38.218 [FXGL Background Thread 3 ] DEBUG Engine               - secondsIn24h: 60
16:12:38.218 [FXGL Background Thread 3 ] DEBUG Engine               - soundMenuBack: menu/back.wav
16:12:38.218 [FXGL Background Thread 3 ] DEBUG Engine               - soundMenuPress: menu/press.wav
16:12:38.218 [FXGL Background Thread 3 ] DEBUG Engine               - soundMenuSelect: menu/select.wav
16:12:38.218 [FXGL Background Thread 3 ] DEBUG Engine               - soundNotification: core/notification.wav
16:12:38.218 [FXGL Background Thread 3 ] DEBUG Engine               - stageStyle: DECORATED
16:12:38.218 [FXGL Background Thread 3 ] DEBUG Engine               - supportedLanguages: [ENGLISH, FRENCH, GERMAN, HUNGARIAN, RUSSIAN]
16:12:38.218 [FXGL Background Thread 3 ] DEBUG Engine               - ticksPerSecond: -1
16:12:38.218 [FXGL Background Thread 3 ] DEBUG Engine               - title: DemoImage
16:12:38.218 [FXGL Background Thread 3 ] DEBUG Engine               - urlGithub: https://github.com/AlmasB/FXGL
16:12:38.218 [FXGL Background Thread 3 ] DEBUG Engine               - urlLeaderboard: http://fxgl-top.herokuapp.com/
16:12:38.218 [FXGL Background Thread 3 ] DEBUG Engine               - urlPOM: https://raw.githubusercontent.com/AlmasB/FXGL/release/README.md
16:12:38.218 [FXGL Background Thread 3 ] DEBUG Engine               - userAppClass: class org.example.App
16:12:38.219 [FXGL Background Thread 3 ] DEBUG Engine               - version: 0.0
16:12:38.219 [FXGL Background Thread 3 ] DEBUG Engine               - versionCheckDays: 7
16:12:38.219 [FXGL Background Thread 3 ] DEBUG Engine               - width: 800
16:12:38.219 [FXGL Background Thread 3 ] DEBUG Engine               - Logging services
16:12:38.219 [FXGL Background Thread 3 ] DEBUG Engine               - class com.almasb.fxgl.app.services.FXGLAssetLoaderService
16:12:38.219 [FXGL Background Thread 3 ] DEBUG Engine               - class com.almasb.fxgl.app.FXGLApplication$GameApplicationService
16:12:38.219 [FXGL Background Thread 3 ] DEBUG Engine               - class com.almasb.fxgl.app.services.FXGLDialogService
16:12:38.219 [FXGL Background Thread 3 ] DEBUG Engine               - class com.almasb.fxgl.app.services.IOTaskExecutorService
16:12:38.219 [FXGL Background Thread 3 ] DEBUG Engine               - class com.almasb.fxgl.io.FileSystemService
16:12:38.219 [FXGL Background Thread 3 ] DEBUG Engine               - class com.almasb.fxgl.localization.LocalizationService
16:12:38.219 [FXGL Background Thread 3 ] DEBUG Engine               - class com.almasb.fxgl.app.services.SystemBundleService
16:12:38.219 [FXGL Background Thread 3 ] DEBUG Engine               - class com.almasb.fxgl.profile.SaveLoadService
16:12:38.219 [FXGL Background Thread 3 ] DEBUG Engine               - class com.almasb.fxgl.ui.FXGLUIFactoryServiceProvider
16:12:38.219 [FXGL Background Thread 3 ] DEBUG Engine               - class com.almasb.fxgl.ui.FXGLDialogFactoryServiceProvider
16:12:38.219 [FXGL Background Thread 3 ] DEBUG Engine               - class com.almasb.fxgl.audio.AudioPlayer
16:12:38.219 [FXGL Background Thread 3 ] DEBUG Engine               - class com.almasb.fxgl.notification.impl.NotificationServiceProvider
16:12:38.220 [FXGL Background Thread 3 ] DEBUG Engine               - class com.almasb.fxgl.achievement.AchievementService
16:12:38.220 [FXGL Background Thread 3 ] DEBUG Engine               - class com.almasb.fxgl.cutscene.CutsceneService
16:12:38.220 [FXGL Background Thread 3 ] DEBUG Engine               - class com.almasb.fxgl.minigames.MiniGameService
16:12:38.220 [FXGL Background Thread 3 ] DEBUG Engine               - class com.almasb.fxgl.net.NetService
16:12:38.220 [FXGL Background Thread 3 ] DEBUG Engine               - class com.almasb.fxgl.app.services.UpdaterService
16:12:38.220 [FXGL Background Thread 3 ] DEBUG Engine               - class com.almasb.fxgl.dev.DevService
16:12:40.104 [JavaFX Application Thread] DEBUG FXGLApplication      - Exiting FXGL
16:12:40.105 [JavaFX Application Thread] DEBUG LoopRunner           - Stopping loop
16:12:40.105 [JavaFX Application Thread] DEBUG SystemBundleService  - Saving FXGL system data
16:12:40.106 [JavaFX Application Thread] DEBUG FileSystemAccess     - Writing to: F:\Proyectos javafx\javafxgl\fxgl-demoImage\system\fxgl.bundle
16:12:40.108 [JavaFX Application Thread] DEBUG Async                - Shutting down background threads
16:12:40.109 [JavaFX Application Thread] DEBUG PrimaryStageWindow   - Closing main window
16:12:40.128 [JavaFX Application Thread] DEBUG Logger               - Closing Logger
