21:12:42.262 [main                     ] DEBUG Logger               - Configured Logger
21:12:42.291 [main                     ] DEBUG GameApplication      - Logging settings
Title: DemoImage
Version: 0.0
Width: 800
Height: 600
Fullscreen: false
Intro: false
Profiling: false
Single step:false
App Mode: DEVELOPER
Menu Key: ESCAPE
Stage Style: DECORATED
Scene Factory: class com.almasb.fxgl.app.scene.SceneFactory

21:12:42.665 [JavaFX Application Thread] DEBUG FXGLApplication      - Initializing FXGL
21:12:42.670 [JavaFX Application Thread] INFO  Engine               - FXGL-21 (28.12.2023 13.35) on WINDOWS (J:21.0.1 FX:21.0.1)
21:12:42.670 [JavaFX Application Thread] DEBUG Engine               - JRE Vendor Name: Oracle Corporation
21:12:42.670 [JavaFX Application Thread] DEBUG Engine               - Running on OS: Windows 10 version 10.0
21:12:42.671 [JavaFX Application Thread] DEBUG Engine               - Architecture: amd64
21:12:42.671 [JavaFX Application Thread] INFO  Engine               - Source code and latest versions at: https://github.com/AlmasB/FXGL
21:12:42.671 [JavaFX Application Thread] INFO  Engine               -       Ask questions and discuss at: https://github.com/AlmasB/FXGL/discussions
21:12:42.671 [JavaFX Application Thread] INFO  Engine               -              Join the FXGL chat at: https://gitter.im/AlmasB/FXGL
21:12:42.799 [JavaFX Application Thread] DEBUG PrimaryStageWindow   - Creating a JavaFX scene
21:12:42.851 [JavaFX Application Thread] DEBUG PrimaryStageWindow   - Target settings size: 800.0 x 600.0
21:12:42.851 [JavaFX Application Thread] DEBUG PrimaryStageWindow   - Scaled scene size:    800.0 x 600.0
21:12:42.852 [JavaFX Application Thread] DEBUG PrimaryStageWindow   - Scaled ratio: (1.0, 1.0)
21:12:42.853 [JavaFX Application Thread] DEBUG PrimaryStageWindow   - Set initial scene to FXGLStartupScene
21:12:42.856 [JavaFX Application Thread] DEBUG PrimaryStageWindow   - Opening main window
21:12:42.962 [JavaFX Application Thread] DEBUG PrimaryStageWindow   - Window border size: (14.4000244140625, 37.5999755859375)
21:12:42.962 [JavaFX Application Thread] DEBUG PrimaryStageWindow   - Scaled size: 800.0 x 600.0
21:12:42.963 [JavaFX Application Thread] DEBUG PrimaryStageWindow   - Scaled ratio: (1.0, 1.0)
21:12:42.963 [JavaFX Application Thread] DEBUG PrimaryStageWindow   - Scene size: 800.0 x 600.0
21:12:42.963 [JavaFX Application Thread] DEBUG PrimaryStageWindow   - Stage size: 814.4000244140625 x 637.5999755859375
21:12:42.975 [FXGL Background Thread 1 ] DEBUG Engine               - Initializing environment variables
21:12:43.074 [FXGL Background Thread 1 ] DEBUG FXGLAssetLoaderServi - User app class for loading assets: class org.example.App
21:12:43.074 [FXGL Background Thread 1 ] DEBUG GameApplicationServi - Applying CSS: fxgl_dark.css
21:12:43.075 [FXGL Background Thread 1 ] DEBUG FXGLAssetLoaderServi - Loading from file system: jar:file:/C:/Users/Usuario/.m2/repository/com/github/almasb/fxgl/21/fxgl-21.jar!/fxglassets/ui/css/fxgl_dark.css
21:12:43.128 [FXGL Background Thread 1 ] DEBUG GameApplicationServi - Initializing application scenes
21:12:43.182 [FXGL Background Thread 1 ] DEBUG GameWorld            - Game world initialized
21:12:43.283 [FXGL Background Thread 1 ] DEBUG PhysicsWorld         - Physics world initialized: appHeight=600, physics.ppm=50,0
21:12:43.283 [FXGL Background Thread 1 ] DEBUG PhysicsWorld         - Using strategy: BRUTE_FORCE
21:12:43.291 [FXGL Background Thread 1 ] DEBUG GameScene            - Game scene initialized: 800x600
21:12:43.313 [FXGL Background Thread 1 ] DEBUG FXGL.DefaultMenu     - createMenuBodyGameMenu()
21:12:43.332 [FXGL Background Thread 1 ] DEBUG FXGL.DefaultMenu     - createOptionsMenu()
21:12:43.343 [FXGL Background Thread 1 ] DEBUG FXGLAssetLoaderServi - Loading from file system: jar:file:/C:/Users/Usuario/.m2/repository/com/github/almasb/fxgl/21/fxgl-21.jar!/fxglassets/textures/particles/smoke.png
21:12:43.466 [FXGL Background Thread 1 ] DEBUG FXGLAssetLoaderServi - Loading from file system: jar:file:/C:/Users/Usuario/.m2/repository/com/github/almasb/fxgl/21/fxgl-21.jar!/fxglassets/textures/particles/trace_horizontal.png
21:12:43.494 [FXGL Background Thread 1 ] DEBUG GameApplicationServi - Application scenes initialized
21:12:43.508 [FXGL Background Thread 1 ] DEBUG SystemBundleService  - Loading FXGL system data
21:12:43.512 [FXGL Background Thread 1 ] DEBUG FileSystemAccess     - Reading from: F:\Proyectos javafx\javafxgl\fxgl-demoImage\system\fxgl.bundle
21:12:43.522 [FXGL Background Thread 1 ] DEBUG SystemBundleService  - Bundle FXGL: {}
21:12:43.523 [FXGL Background Thread 1 ] DEBUG UpdaterService       - Checking for updates
21:12:43.529 [FXGL Background Thread 4 ] DEBUG FXGLApplication      - Loading fonts
21:12:43.530 [FXGL Background Thread 4 ] DEBUG FXGLAssetLoaderServi - Loading from file system: jar:file:/C:/Users/Usuario/.m2/repository/com/github/almasb/fxgl/21/fxgl-21.jar!/fxglassets/ui/fonts/VarelaRound-Regular.ttf
21:12:43.531 [FXGL Background Thread 1 ] DEBUG FXGLApplication      - Loading default localization
21:12:43.532 [FXGL Background Thread 1 ] DEBUG FXGLAssetLoaderServi - Loading from file system: jar:file:/C:/Users/Usuario/.m2/repository/com/github/almasb/fxgl/21/fxgl-21.jar!/fxglassets/languages/english.lang
21:12:43.574 [FXGL Background Thread 4 ] DEBUG FXGLAssetLoaderServi - Loading from file system: jar:file:/C:/Users/Usuario/.m2/repository/com/github/almasb/fxgl/21/fxgl-21.jar!/fxglassets/ui/fonts/Abel-Regular.ttf
21:12:43.582 [FXGL Background Thread 1 ] INFO  FXGLApplication      - FXGL initialization took: 0,607 sec
21:12:43.584 [FXGL Background Thread 4 ] DEBUG FXGLAssetLoaderServi - Loading from file system: jar:file:/C:/Users/Usuario/.m2/repository/com/github/almasb/fxgl/21/fxgl-21.jar!/fxglassets/ui/fonts/TerminalLandMono-Regular.otf
21:12:43.595 [FXGL Background Thread 4 ] DEBUG FXGLAssetLoaderServi - Loading from file system: jar:file:/C:/Users/Usuario/.m2/repository/com/github/almasb/fxgl/21/fxgl-21.jar!/fxglassets/ui/fonts/Courier-Prime.ttf
21:12:43.596 [JavaFX Application Thread] DEBUG Input                - Registered new binding: action0 - A
21:12:43.596 [JavaFX Application Thread] DEBUG Input                - Registered new binding: action1 - D
21:12:43.597 [JavaFX Application Thread] DEBUG Input                - Registered new binding: action2 - W
21:12:43.597 [JavaFX Application Thread] DEBUG Input                - Registered new binding: action3 - S
21:12:43.598 [JavaFX Application Thread] DEBUG FXGLAssetLoaderServi - Loading from file system: jar:file:/C:/Users/Usuario/.m2/repository/com/github/almasb/fxgl/21/fxgl-21.jar!/fxglassets/textures/fxgl_icon.png
21:12:43.623 [JavaFX Application Thread] DEBUG FXGLAssetLoaderServi - Loading from file system: jar:file:/C:/Users/Usuario/.m2/repository/com/github/almasb/fxgl/21/fxgl-21.jar!/fxglassets/textures/fxgl_default_cursor.png
21:12:43.625 [JavaFX Application Thread] DEBUG Input                - Registered new binding: Screenshot - CTRL+8
21:12:43.626 [JavaFX Application Thread] DEBUG Input                - Registered new binding: System info dump - CTRL+9
21:12:43.626 [JavaFX Application Thread] DEBUG Input                - Registered new binding: Restart - CTRL+R
21:12:43.627 [JavaFX Application Thread] DEBUG Input                - Registered new binding: Toggle Debug Camera - CTRL+7
21:12:43.631 [JavaFX Application Thread] DEBUG LoopRunner           - Starting loop
21:12:43.631 [JavaFX Application Thread] DEBUG LoopRunner           - Initializing JavaFX AnimationTimerLoop
21:12:43.632 [JavaFX Application Thread] DEBUG GameApplicationServi - Starting new game
21:12:43.633 [JavaFX Application Thread] DEBUG Input                - Clearing active input actions
21:12:43.648 [JavaFX Application Thread] DEBUG GameApplicationServi - Removing overlay from FXGLStartupScene and adding to FXGLLoadingScene
21:12:43.648 [JavaFX Application Thread] DEBUG PrimaryStageWindow   - FXGLStartupScene -> FXGLLoadingScene
21:12:43.648 [JavaFX Application Thread] DEBUG GameApplicationServi - Clearing previous game
21:12:43.649 [JavaFX Application Thread] DEBUG GameScene            - Clearing game scene
21:12:43.649 [JavaFX Application Thread] DEBUG GameWorld            - Clearing game world
21:12:43.649 [JavaFX Application Thread] DEBUG PhysicsWorld         - Clearing physics world
21:12:43.651 [JavaFX Application Thread] DEBUG FXGLApplication      - Registering font factories with UI factory
21:12:43.651 [FXGL Background Thread 4 ] DEBUG FXGLApplication      - Initializing game
21:12:43.665 [FXGL Background Thread 4 ] DEBUG FXGLAssetLoaderServi - Loading from file system: file:/F:/Proyectos%20javafx/javafxgl/fxgl-demoImage/target/classes/assets/textures/bosque.jpg
21:12:43.763 [FXGL Background Thread 4 ] DEBUG FXGLAssetLoaderServi - Loading from file system: file:/F:/Proyectos%20javafx/javafxgl/fxgl-demoImage/target/classes/assets/textures/sprite_player.png
21:12:43.776 [FXGL Background Thread 4 ] DEBUG FXGLAssetLoaderServi - Loading from file system: file:/F:/Proyectos%20javafx/javafxgl/fxgl-demoImage/target/classes/assets/textures/sprite_player.png
21:12:43.784 [FXGL Background Thread 4 ] INFO  FXGLApplication      - Game initialization took: 0,133 sec
21:12:43.796 [JavaFX Application Thread] DEBUG Input                - Clearing active input actions
21:12:43.812 [JavaFX Application Thread] DEBUG GameApplicationServi - Removing overlay from FXGLLoadingScene and adding to GameScene
21:12:43.813 [JavaFX Application Thread] DEBUG PrimaryStageWindow   - FXGLLoadingScene -> GameScene
21:12:44.010 [JavaFX Application Thread] DEBUG FXGLAssetLoaderServi - Loading from file system: file:/F:/Proyectos%20javafx/javafxgl/fxgl-demoImage/target/classes/assets/textures/hueso.png
21:12:46.527 [FXGL Background Thread 3 ] DEBUG Engine               - Logging environment variables
21:12:46.528 [FXGL Background Thread 3 ] DEBUG Engine               - achievements: []
21:12:46.528 [FXGL Background Thread 3 ] DEBUG Engine               - actualHeight: 600.0
21:12:46.528 [FXGL Background Thread 3 ] DEBUG Engine               - actualHeightProperty: ReadOnlyDoubleProperty [value: 600.0]
21:12:46.528 [FXGL Background Thread 3 ] DEBUG Engine               - actualWidth: 800.0
21:12:46.529 [FXGL Background Thread 3 ] DEBUG Engine               - actualWidthProperty: ReadOnlyDoubleProperty [value: 800.0]
21:12:46.529 [FXGL Background Thread 3 ] DEBUG Engine               - appIcon: fxgl_icon.png
21:12:46.529 [FXGL Background Thread 3 ] DEBUG Engine               - applicationMode: DEVELOPER
21:12:46.529 [FXGL Background Thread 3 ] DEBUG Engine               - cSSList: [fxgl_dark.css]
21:12:46.529 [FXGL Background Thread 3 ] DEBUG Engine               - collisionDetectionStrategy: BRUTE_FORCE
21:12:46.529 [FXGL Background Thread 3 ] DEBUG Engine               - configClass: Optional.empty
21:12:46.529 [FXGL Background Thread 3 ] DEBUG Engine               - credits: []
21:12:46.530 [FXGL Background Thread 3 ] DEBUG Engine               - defaultCursor: CursorInfo(imageName=fxgl_default_cursor.png, hotspotX=7.0, hotspotY=6.0)
21:12:46.530 [FXGL Background Thread 3 ] DEBUG Engine               - devBBoxColorProperty: ObjectProperty [value: 0xff0000ff]
21:12:46.531 [FXGL Background Thread 3 ] DEBUG Engine               - devEnableDebugCameraProperty: BooleanProperty [value: false]
21:12:46.531 [FXGL Background Thread 3 ] DEBUG Engine               - devSensorColorProperty: ObjectProperty [value: 0xffff00ff]
21:12:46.531 [FXGL Background Thread 3 ] DEBUG Engine               - devShowBBoxProperty: BooleanProperty [value: false]
21:12:46.531 [FXGL Background Thread 3 ] DEBUG Engine               - devShowPositionProperty: BooleanProperty [value: false]
21:12:46.531 [FXGL Background Thread 3 ] DEBUG Engine               - enabledMenuItems: []
21:12:46.531 [FXGL Background Thread 3 ] DEBUG Engine               - engineServices: [class com.almasb.fxgl.app.services.FXGLAssetLoaderService, class com.almasb.fxgl.app.FXGLApplication$GameApplicationService, class com.almasb.fxgl.app.services.FXGLDialogService, class com.almasb.fxgl.app.services.IOTaskExecutorService, class com.almasb.fxgl.io.FileSystemService, class com.almasb.fxgl.localization.LocalizationService, class com.almasb.fxgl.app.services.SystemBundleService, class com.almasb.fxgl.profile.SaveLoadService, class com.almasb.fxgl.ui.FXGLUIFactoryServiceProvider, class com.almasb.fxgl.ui.FXGLDialogFactoryServiceProvider, class com.almasb.fxgl.audio.AudioPlayer, class com.almasb.fxgl.notification.impl.NotificationServiceProvider, class com.almasb.fxgl.achievement.AchievementService, class com.almasb.fxgl.cutscene.CutsceneService, class com.almasb.fxgl.minigames.MiniGameService, class com.almasb.fxgl.net.NetService, class com.almasb.fxgl.app.services.UpdaterService, class com.almasb.fxgl.dev.DevService]
21:12:46.531 [FXGL Background Thread 3 ] DEBUG Engine               - fontGame: Abel-Regular.ttf
21:12:46.532 [FXGL Background Thread 3 ] DEBUG Engine               - fontMono: TerminalLandMono-Regular.otf
21:12:46.532 [FXGL Background Thread 3 ] DEBUG Engine               - fontSizeScaleUI: 1.0
21:12:46.532 [FXGL Background Thread 3 ] DEBUG Engine               - fontText: Courier-Prime.ttf
21:12:46.532 [FXGL Background Thread 3 ] DEBUG Engine               - fontUI: VarelaRound-Regular.ttf
21:12:46.532 [FXGL Background Thread 3 ] DEBUG Engine               - fullScreen: BooleanProperty [value: false]
21:12:46.532 [FXGL Background Thread 3 ] DEBUG Engine               - gameDifficulty: MEDIUM
21:12:46.532 [FXGL Background Thread 3 ] DEBUG Engine               - gameDifficultyProperty: ObjectProperty [value: MEDIUM]
21:12:46.533 [FXGL Background Thread 3 ] DEBUG Engine               - globalMusicVolume: 0.5
21:12:46.533 [FXGL Background Thread 3 ] DEBUG Engine               - globalMusicVolumeProperty: DoubleProperty [value: 0.5]
21:12:46.533 [FXGL Background Thread 3 ] DEBUG Engine               - globalSoundVolume: 0.5
21:12:46.533 [FXGL Background Thread 3 ] DEBUG Engine               - globalSoundVolumeProperty: DoubleProperty [value: 0.5]
21:12:46.533 [FXGL Background Thread 3 ] DEBUG Engine               - height: 600
21:12:46.533 [FXGL Background Thread 3 ] DEBUG Engine               - is3D: false
21:12:46.533 [FXGL Background Thread 3 ] DEBUG Engine               - isAndroid: false
21:12:46.534 [FXGL Background Thread 3 ] DEBUG Engine               - isBrowser: false
21:12:46.534 [FXGL Background Thread 3 ] DEBUG Engine               - isClickFeedbackEnabled: false
21:12:46.534 [FXGL Background Thread 3 ] DEBUG Engine               - isCloseConfirmation: false
21:12:46.534 [FXGL Background Thread 3 ] DEBUG Engine               - isDesktop: true
21:12:46.534 [FXGL Background Thread 3 ] DEBUG Engine               - isDeveloperMenuEnabled: false
21:12:46.534 [FXGL Background Thread 3 ] DEBUG Engine               - isEmbedded: false
21:12:46.534 [FXGL Background Thread 3 ] DEBUG Engine               - isEntityPreloadEnabled: true
21:12:46.534 [FXGL Background Thread 3 ] DEBUG Engine               - isExperimentalTiledLargeMap: false
21:12:46.535 [FXGL Background Thread 3 ] DEBUG Engine               - isFileSystemWriteAllowed: true
21:12:46.535 [FXGL Background Thread 3 ] DEBUG Engine               - isFullScreenAllowed: false
21:12:46.535 [FXGL Background Thread 3 ] DEBUG Engine               - isFullScreenFromStart: false
21:12:46.535 [FXGL Background Thread 3 ] DEBUG Engine               - isGameMenuEnabled: true
21:12:46.535 [FXGL Background Thread 3 ] DEBUG Engine               - isIOS: false
21:12:46.535 [FXGL Background Thread 3 ] DEBUG Engine               - isIntroEnabled: false
21:12:46.535 [FXGL Background Thread 3 ] DEBUG Engine               - isLinux: false
21:12:46.535 [FXGL Background Thread 3 ] DEBUG Engine               - isMac: false
21:12:46.536 [FXGL Background Thread 3 ] DEBUG Engine               - isMainMenuEnabled: false
21:12:46.536 [FXGL Background Thread 3 ] DEBUG Engine               - isManualResizeEnabled: false
21:12:46.536 [FXGL Background Thread 3 ] DEBUG Engine               - isMobile: false
21:12:46.536 [FXGL Background Thread 3 ] DEBUG Engine               - isNative: false
21:12:46.537 [FXGL Background Thread 3 ] DEBUG Engine               - isPauseMusicWhenMinimized: true
21:12:46.537 [FXGL Background Thread 3 ] DEBUG Engine               - isPreserveResizeRatio: false
21:12:46.538 [FXGL Background Thread 3 ] DEBUG Engine               - isProfilingEnabled: false
21:12:46.538 [FXGL Background Thread 3 ] DEBUG Engine               - isScaleAffectedOnResize: true
21:12:46.538 [FXGL Background Thread 3 ] DEBUG Engine               - isSingleStep: false
21:12:46.539 [FXGL Background Thread 3 ] DEBUG Engine               - isUserProfileEnabled: false
21:12:46.539 [FXGL Background Thread 3 ] DEBUG Engine               - isWindows: true
21:12:46.539 [FXGL Background Thread 3 ] DEBUG Engine               - language: ObjectProperty [value: ENGLISH]
21:12:46.540 [FXGL Background Thread 3 ] DEBUG Engine               - menuKey: ESCAPE
21:12:46.540 [FXGL Background Thread 3 ] DEBUG Engine               - mouseSensitivity: 0.2
21:12:46.540 [FXGL Background Thread 3 ] DEBUG Engine               - notificationViewClass: class com.almasb.fxgl.notification.view.XboxNotificationView
21:12:46.541 [FXGL Background Thread 3 ] DEBUG Engine               - pixelsPerMeter: 50.0
21:12:46.541 [FXGL Background Thread 3 ] DEBUG Engine               - platform: WINDOWS
21:12:46.541 [FXGL Background Thread 3 ] DEBUG Engine               - prefHeightProperty: ReadOnlyDoubleProperty [value: 600.0]
21:12:46.542 [FXGL Background Thread 3 ] DEBUG Engine               - prefWidthProperty: ReadOnlyDoubleProperty [value: 800.0]
21:12:46.542 [FXGL Background Thread 3 ] DEBUG Engine               - profileDir: profiles/
21:12:46.542 [FXGL Background Thread 3 ] DEBUG Engine               - profileName: StringProperty [value: DEFAULT]
21:12:46.542 [FXGL Background Thread 3 ] DEBUG Engine               - randomSeed: -1
21:12:46.543 [FXGL Background Thread 3 ] DEBUG Engine               - runtimeInfo: RuntimeInfo(platform=WINDOWS, version=21, build=28.12.2023 13.35)
21:12:46.543 [FXGL Background Thread 3 ] DEBUG Engine               - saveFileExt: sav
21:12:46.544 [FXGL Background Thread 3 ] DEBUG Engine               - scaledHeightProp$fxgl: DoubleProperty [bound, value: 600.0]
21:12:46.544 [FXGL Background Thread 3 ] DEBUG Engine               - scaledWidthProp$fxgl: DoubleProperty [bound, value: 800.0]
21:12:46.544 [FXGL Background Thread 3 ] DEBUG Engine               - sceneFactory: com.almasb.fxgl.app.scene.SceneFactory@46d086cc
21:12:46.544 [FXGL Background Thread 3 ] DEBUG Engine               - secondsIn24h: 60
21:12:46.544 [FXGL Background Thread 3 ] DEBUG Engine               - soundMenuBack: menu/back.wav
21:12:46.545 [FXGL Background Thread 3 ] DEBUG Engine               - soundMenuPress: menu/press.wav
21:12:46.545 [FXGL Background Thread 3 ] DEBUG Engine               - soundMenuSelect: menu/select.wav
21:12:46.545 [FXGL Background Thread 3 ] DEBUG Engine               - soundNotification: core/notification.wav
21:12:46.545 [FXGL Background Thread 3 ] DEBUG Engine               - stageStyle: DECORATED
21:12:46.545 [FXGL Background Thread 3 ] DEBUG Engine               - supportedLanguages: [ENGLISH, FRENCH, GERMAN, HUNGARIAN, RUSSIAN]
21:12:46.546 [FXGL Background Thread 3 ] DEBUG Engine               - ticksPerSecond: -1
21:12:46.546 [FXGL Background Thread 3 ] DEBUG Engine               - title: DemoImage
21:12:46.546 [FXGL Background Thread 3 ] DEBUG Engine               - urlGithub: https://github.com/AlmasB/FXGL
21:12:46.546 [FXGL Background Thread 3 ] DEBUG Engine               - urlLeaderboard: http://fxgl-top.herokuapp.com/
21:12:46.547 [FXGL Background Thread 3 ] DEBUG Engine               - urlPOM: https://raw.githubusercontent.com/AlmasB/FXGL/release/README.md
21:12:46.547 [FXGL Background Thread 3 ] DEBUG Engine               - userAppClass: class org.example.App
21:12:46.547 [FXGL Background Thread 3 ] DEBUG Engine               - version: 0.0
21:12:46.547 [FXGL Background Thread 3 ] DEBUG Engine               - versionCheckDays: 7
21:12:46.547 [FXGL Background Thread 3 ] DEBUG Engine               - width: 800
21:12:46.548 [FXGL Background Thread 3 ] DEBUG Engine               - Logging services
21:12:46.548 [FXGL Background Thread 3 ] DEBUG Engine               - class com.almasb.fxgl.app.services.FXGLAssetLoaderService
21:12:46.548 [FXGL Background Thread 3 ] DEBUG Engine               - class com.almasb.fxgl.app.FXGLApplication$GameApplicationService
21:12:46.548 [FXGL Background Thread 3 ] DEBUG Engine               - class com.almasb.fxgl.app.services.FXGLDialogService
21:12:46.548 [FXGL Background Thread 3 ] DEBUG Engine               - class com.almasb.fxgl.app.services.IOTaskExecutorService
21:12:46.549 [FXGL Background Thread 3 ] DEBUG Engine               - class com.almasb.fxgl.io.FileSystemService
21:12:46.549 [FXGL Background Thread 3 ] DEBUG Engine               - class com.almasb.fxgl.localization.LocalizationService
21:12:46.549 [FXGL Background Thread 3 ] DEBUG Engine               - class com.almasb.fxgl.app.services.SystemBundleService
21:12:46.549 [FXGL Background Thread 3 ] DEBUG Engine               - class com.almasb.fxgl.profile.SaveLoadService
21:12:46.549 [FXGL Background Thread 3 ] DEBUG Engine               - class com.almasb.fxgl.ui.FXGLUIFactoryServiceProvider
21:12:46.549 [FXGL Background Thread 3 ] DEBUG Engine               - class com.almasb.fxgl.ui.FXGLDialogFactoryServiceProvider
21:12:46.550 [FXGL Background Thread 3 ] DEBUG Engine               - class com.almasb.fxgl.audio.AudioPlayer
21:12:46.550 [FXGL Background Thread 3 ] DEBUG Engine               - class com.almasb.fxgl.notification.impl.NotificationServiceProvider
21:12:46.550 [FXGL Background Thread 3 ] DEBUG Engine               - class com.almasb.fxgl.achievement.AchievementService
21:12:46.550 [FXGL Background Thread 3 ] DEBUG Engine               - class com.almasb.fxgl.cutscene.CutsceneService
21:12:46.550 [FXGL Background Thread 3 ] DEBUG Engine               - class com.almasb.fxgl.minigames.MiniGameService
21:12:46.550 [FXGL Background Thread 3 ] DEBUG Engine               - class com.almasb.fxgl.net.NetService
21:12:46.551 [FXGL Background Thread 3 ] DEBUG Engine               - class com.almasb.fxgl.app.services.UpdaterService
21:12:46.551 [FXGL Background Thread 3 ] DEBUG Engine               - class com.almasb.fxgl.dev.DevService
21:13:16.014 [JavaFX Application Thread] DEBUG FXGLApplication      - Exiting FXGL
21:13:16.014 [JavaFX Application Thread] DEBUG LoopRunner           - Stopping loop
21:13:16.014 [JavaFX Application Thread] DEBUG SystemBundleService  - Saving FXGL system data
21:13:16.016 [JavaFX Application Thread] DEBUG FileSystemAccess     - Writing to: F:\Proyectos javafx\javafxgl\fxgl-demoImage\system\fxgl.bundle
21:13:16.018 [JavaFX Application Thread] DEBUG Async                - Shutting down background threads
21:13:16.018 [JavaFX Application Thread] DEBUG PrimaryStageWindow   - Closing main window
21:13:16.037 [JavaFX Application Thread] DEBUG Logger               - Closing Logger
