11:21:11.218 [main                     ] DEBUG Logger               - Configured Logger
11:21:11.245 [main                     ] DEBUG GameApplication      - Logging settings
Title: DemoImage
Version: 0.0
Width: 800
Height: 600
Fullscreen: false
Intro: false
Profiling: false
Single step:false
App Mode: DEVELOPER
Menu Key: ESCAPE
Stage Style: DECORATED
Scene Factory: class com.almasb.fxgl.app.scene.SceneFactory

11:21:11.613 [JavaFX Application Thread] DEBUG FXGLApplication      - Initializing FXGL
11:21:11.624 [JavaFX Application Thread] INFO  Engine               - FXGL-21 (28.12.2023 13.35) on WINDOWS (J:21.0.1 FX:21.0.1)
11:21:11.625 [JavaFX Application Thread] DEBUG Engine               - JRE Vendor Name: Oracle Corporation
11:21:11.625 [JavaFX Application Thread] DEBUG Engine               - Running on OS: Windows 10 version 10.0
11:21:11.626 [JavaFX Application Thread] DEBUG Engine               - Architecture: amd64
11:21:11.626 [JavaFX Application Thread] INFO  Engine               - Source code and latest versions at: https://github.com/AlmasB/FXGL
11:21:11.626 [JavaFX Application Thread] INFO  Engine               -       Ask questions and discuss at: https://github.com/AlmasB/FXGL/discussions
11:21:11.626 [JavaFX Application Thread] INFO  Engine               -              Join the FXGL chat at: https://gitter.im/AlmasB/FXGL
11:21:11.746 [JavaFX Application Thread] DEBUG PrimaryStageWindow   - Creating a JavaFX scene
11:21:11.802 [JavaFX Application Thread] DEBUG PrimaryStageWindow   - Target settings size: 800.0 x 600.0
11:21:11.803 [JavaFX Application Thread] DEBUG PrimaryStageWindow   - Scaled scene size:    800.0 x 600.0
11:21:11.803 [JavaFX Application Thread] DEBUG PrimaryStageWindow   - Scaled ratio: (1.0, 1.0)
11:21:11.804 [JavaFX Application Thread] DEBUG PrimaryStageWindow   - Set initial scene to FXGLStartupScene
11:21:11.807 [JavaFX Application Thread] DEBUG PrimaryStageWindow   - Opening main window
11:21:11.914 [JavaFX Application Thread] DEBUG PrimaryStageWindow   - Window border size: (14.4000244140625, 37.5999755859375)
11:21:11.914 [JavaFX Application Thread] DEBUG PrimaryStageWindow   - Scaled size: 800.0 x 600.0
11:21:11.914 [JavaFX Application Thread] DEBUG PrimaryStageWindow   - Scaled ratio: (1.0, 1.0)
11:21:11.914 [JavaFX Application Thread] DEBUG PrimaryStageWindow   - Scene size: 800.0 x 600.0
11:21:11.915 [JavaFX Application Thread] DEBUG PrimaryStageWindow   - Stage size: 814.4000244140625 x 637.5999755859375
11:21:11.925 [FXGL Background Thread 1 ] DEBUG Engine               - Initializing environment variables
11:21:12.032 [FXGL Background Thread 1 ] DEBUG FXGLAssetLoaderServi - User app class for loading assets: class org.example.App
11:21:12.033 [FXGL Background Thread 1 ] DEBUG GameApplicationServi - Applying CSS: fxgl_dark.css
11:21:12.034 [FXGL Background Thread 1 ] DEBUG FXGLAssetLoaderServi - Loading from file system: jar:file:/C:/Users/Usuario/.m2/repository/com/github/almasb/fxgl/21/fxgl-21.jar!/fxglassets/ui/css/fxgl_dark.css
11:21:12.083 [FXGL Background Thread 1 ] DEBUG GameApplicationServi - Initializing application scenes
11:21:12.136 [FXGL Background Thread 1 ] DEBUG GameWorld            - Game world initialized
11:21:12.228 [FXGL Background Thread 1 ] DEBUG PhysicsWorld         - Physics world initialized: appHeight=600, physics.ppm=50,0
11:21:12.228 [FXGL Background Thread 1 ] DEBUG PhysicsWorld         - Using strategy: BRUTE_FORCE
11:21:12.234 [FXGL Background Thread 1 ] DEBUG GameScene            - Game scene initialized: 800x600
11:21:12.254 [FXGL Background Thread 1 ] DEBUG FXGL.DefaultMenu     - createMenuBodyGameMenu()
11:21:12.272 [FXGL Background Thread 1 ] DEBUG FXGL.DefaultMenu     - createOptionsMenu()
11:21:12.281 [FXGL Background Thread 1 ] DEBUG FXGLAssetLoaderServi - Loading from file system: jar:file:/C:/Users/Usuario/.m2/repository/com/github/almasb/fxgl/21/fxgl-21.jar!/fxglassets/textures/particles/smoke.png
11:21:12.389 [FXGL Background Thread 1 ] DEBUG FXGLAssetLoaderServi - Loading from file system: jar:file:/C:/Users/Usuario/.m2/repository/com/github/almasb/fxgl/21/fxgl-21.jar!/fxglassets/textures/particles/trace_horizontal.png
11:21:12.419 [FXGL Background Thread 1 ] DEBUG GameApplicationServi - Application scenes initialized
11:21:12.431 [FXGL Background Thread 1 ] DEBUG SystemBundleService  - Loading FXGL system data
11:21:12.435 [FXGL Background Thread 1 ] DEBUG FileSystemAccess     - Reading from: F:\Proyectos javafx\javafxgl\fxgl-demoImage\system\fxgl.bundle
11:21:12.447 [FXGL Background Thread 1 ] DEBUG SystemBundleService  - Bundle FXGL: {}
11:21:12.447 [FXGL Background Thread 1 ] DEBUG UpdaterService       - Checking for updates
11:21:12.454 [FXGL Background Thread 4 ] DEBUG FXGLApplication      - Loading fonts
11:21:12.455 [FXGL Background Thread 4 ] DEBUG FXGLAssetLoaderServi - Loading from file system: jar:file:/C:/Users/Usuario/.m2/repository/com/github/almasb/fxgl/21/fxgl-21.jar!/fxglassets/ui/fonts/VarelaRound-Regular.ttf
11:21:12.457 [FXGL Background Thread 1 ] DEBUG FXGLApplication      - Loading default localization
11:21:12.458 [FXGL Background Thread 1 ] DEBUG FXGLAssetLoaderServi - Loading from file system: jar:file:/C:/Users/Usuario/.m2/repository/com/github/almasb/fxgl/21/fxgl-21.jar!/fxglassets/languages/english.lang
11:21:12.498 [FXGL Background Thread 1 ] INFO  FXGLApplication      - FXGL initialization took: 0,574 sec
11:21:12.500 [FXGL Background Thread 4 ] DEBUG FXGLAssetLoaderServi - Loading from file system: jar:file:/C:/Users/Usuario/.m2/repository/com/github/almasb/fxgl/21/fxgl-21.jar!/fxglassets/ui/fonts/Abel-Regular.ttf
11:21:12.511 [FXGL Background Thread 4 ] DEBUG FXGLAssetLoaderServi - Loading from file system: jar:file:/C:/Users/Usuario/.m2/repository/com/github/almasb/fxgl/21/fxgl-21.jar!/fxglassets/ui/fonts/TerminalLandMono-Regular.otf
11:21:12.516 [JavaFX Application Thread] DEBUG Input                - Registered new binding: action0 - J
11:21:12.516 [JavaFX Application Thread] DEBUG Input                - Registered new binding: action1 - L
11:21:12.517 [JavaFX Application Thread] DEBUG Input                - Registered new binding: action2 - I
11:21:12.517 [JavaFX Application Thread] DEBUG Input                - Registered new binding: action3 - K
11:21:12.518 [JavaFX Application Thread] DEBUG Input                - Registered new binding: action4 - A
11:21:12.518 [JavaFX Application Thread] DEBUG Input                - Registered new binding: action5 - D
11:21:12.519 [JavaFX Application Thread] DEBUG Input                - Registered new binding: action6 - W
11:21:12.519 [JavaFX Application Thread] DEBUG Input                - Registered new binding: action7 - S
11:21:12.520 [JavaFX Application Thread] DEBUG FXGLAssetLoaderServi - Loading from file system: jar:file:/C:/Users/Usuario/.m2/repository/com/github/almasb/fxgl/21/fxgl-21.jar!/fxglassets/textures/fxgl_icon.png
11:21:12.524 [FXGL Background Thread 4 ] DEBUG FXGLAssetLoaderServi - Loading from file system: jar:file:/C:/Users/Usuario/.m2/repository/com/github/almasb/fxgl/21/fxgl-21.jar!/fxglassets/ui/fonts/Courier-Prime.ttf
11:21:12.542 [JavaFX Application Thread] DEBUG FXGLAssetLoaderServi - Loading from file system: jar:file:/C:/Users/Usuario/.m2/repository/com/github/almasb/fxgl/21/fxgl-21.jar!/fxglassets/textures/fxgl_default_cursor.png
11:21:12.544 [JavaFX Application Thread] DEBUG Input                - Registered new binding: Screenshot - CTRL+8
11:21:12.544 [JavaFX Application Thread] DEBUG Input                - Registered new binding: System info dump - CTRL+9
11:21:12.544 [JavaFX Application Thread] DEBUG Input                - Registered new binding: Restart - CTRL+R
11:21:12.546 [JavaFX Application Thread] DEBUG Input                - Registered new binding: Toggle Debug Camera - CTRL+7
11:21:12.550 [JavaFX Application Thread] DEBUG LoopRunner           - Starting loop
11:21:12.550 [JavaFX Application Thread] DEBUG LoopRunner           - Initializing JavaFX AnimationTimerLoop
11:21:12.554 [JavaFX Application Thread] DEBUG GameApplicationServi - Starting new game
11:21:12.555 [JavaFX Application Thread] DEBUG Input                - Clearing active input actions
11:21:12.566 [JavaFX Application Thread] DEBUG GameApplicationServi - Removing overlay from FXGLStartupScene and adding to FXGLLoadingScene
11:21:12.566 [JavaFX Application Thread] DEBUG PrimaryStageWindow   - FXGLStartupScene -> FXGLLoadingScene
11:21:12.566 [JavaFX Application Thread] DEBUG GameApplicationServi - Clearing previous game
11:21:12.566 [JavaFX Application Thread] DEBUG GameScene            - Clearing game scene
11:21:12.566 [JavaFX Application Thread] DEBUG GameWorld            - Clearing game world
11:21:12.567 [JavaFX Application Thread] DEBUG PhysicsWorld         - Clearing physics world
11:21:12.569 [FXGL Background Thread 4 ] DEBUG FXGLApplication      - Initializing game
11:21:12.569 [JavaFX Application Thread] DEBUG FXGLApplication      - Registering font factories with UI factory
11:21:12.587 [FXGL Background Thread 4 ] DEBUG FXGLAssetLoaderServi - Loading from file system: file:/F:/Proyectos%20javafx/javafxgl/fxgl-demoImage/target/classes/assets/textures/bosque.jpg
11:21:12.688 [FXGL Background Thread 4 ] DEBUG FXGLAssetLoaderServi - Loading from file system: file:/F:/Proyectos%20javafx/javafxgl/fxgl-demoImage/target/classes/assets/textures/sprite_pug.png
11:21:12.710 [FXGL Background Thread 4 ] DEBUG FXGLAssetLoaderServi - Loading from file system: file:/F:/Proyectos%20javafx/javafxgl/fxgl-demoImage/target/classes/assets/textures/sprite_player.png
11:21:12.722 [FXGL Background Thread 4 ] INFO  FXGLApplication      - Game initialization took: 0,153 sec
11:21:12.723 [JavaFX Application Thread] DEBUG Input                - Clearing active input actions
11:21:12.734 [JavaFX Application Thread] DEBUG GameApplicationServi - Removing overlay from FXGLLoadingScene and adding to GameScene
11:21:12.735 [JavaFX Application Thread] DEBUG PrimaryStageWindow   - FXGLLoadingScene -> GameScene
11:21:12.924 [JavaFX Application Thread] DEBUG FXGLAssetLoaderServi - Loading from file system: file:/F:/Proyectos%20javafx/javafxgl/fxgl-demoImage/target/classes/assets/textures/hueso.png
11:21:15.452 [FXGL Background Thread 3 ] DEBUG Engine               - Logging environment variables
11:21:15.452 [FXGL Background Thread 3 ] DEBUG Engine               - achievements: []
11:21:15.453 [FXGL Background Thread 3 ] DEBUG Engine               - actualHeight: 600.0
11:21:15.453 [FXGL Background Thread 3 ] DEBUG Engine               - actualHeightProperty: ReadOnlyDoubleProperty [value: 600.0]
11:21:15.453 [FXGL Background Thread 3 ] DEBUG Engine               - actualWidth: 800.0
11:21:15.453 [FXGL Background Thread 3 ] DEBUG Engine               - actualWidthProperty: ReadOnlyDoubleProperty [value: 800.0]
11:21:15.453 [FXGL Background Thread 3 ] DEBUG Engine               - appIcon: fxgl_icon.png
11:21:15.453 [FXGL Background Thread 3 ] DEBUG Engine               - applicationMode: DEVELOPER
11:21:15.453 [FXGL Background Thread 3 ] DEBUG Engine               - cSSList: [fxgl_dark.css]
11:21:15.453 [FXGL Background Thread 3 ] DEBUG Engine               - collisionDetectionStrategy: BRUTE_FORCE
11:21:15.453 [FXGL Background Thread 3 ] DEBUG Engine               - configClass: Optional.empty
11:21:15.453 [FXGL Background Thread 3 ] DEBUG Engine               - credits: []
11:21:15.454 [FXGL Background Thread 3 ] DEBUG Engine               - defaultCursor: CursorInfo(imageName=fxgl_default_cursor.png, hotspotX=7.0, hotspotY=6.0)
11:21:15.454 [FXGL Background Thread 3 ] DEBUG Engine               - devBBoxColorProperty: ObjectProperty [value: 0xff0000ff]
11:21:15.454 [FXGL Background Thread 3 ] DEBUG Engine               - devEnableDebugCameraProperty: BooleanProperty [value: false]
11:21:15.454 [FXGL Background Thread 3 ] DEBUG Engine               - devSensorColorProperty: ObjectProperty [value: 0xffff00ff]
11:21:15.454 [FXGL Background Thread 3 ] DEBUG Engine               - devShowBBoxProperty: BooleanProperty [value: false]
11:21:15.454 [FXGL Background Thread 3 ] DEBUG Engine               - devShowPositionProperty: BooleanProperty [value: false]
11:21:15.454 [FXGL Background Thread 3 ] DEBUG Engine               - enabledMenuItems: []
11:21:15.455 [FXGL Background Thread 3 ] DEBUG Engine               - engineServices: [class com.almasb.fxgl.app.services.FXGLAssetLoaderService, class com.almasb.fxgl.app.FXGLApplication$GameApplicationService, class com.almasb.fxgl.app.services.FXGLDialogService, class com.almasb.fxgl.app.services.IOTaskExecutorService, class com.almasb.fxgl.io.FileSystemService, class com.almasb.fxgl.localization.LocalizationService, class com.almasb.fxgl.app.services.SystemBundleService, class com.almasb.fxgl.profile.SaveLoadService, class com.almasb.fxgl.ui.FXGLUIFactoryServiceProvider, class com.almasb.fxgl.ui.FXGLDialogFactoryServiceProvider, class com.almasb.fxgl.audio.AudioPlayer, class com.almasb.fxgl.notification.impl.NotificationServiceProvider, class com.almasb.fxgl.achievement.AchievementService, class com.almasb.fxgl.cutscene.CutsceneService, class com.almasb.fxgl.minigames.MiniGameService, class com.almasb.fxgl.net.NetService, class com.almasb.fxgl.app.services.UpdaterService, class com.almasb.fxgl.dev.DevService]
11:21:15.455 [FXGL Background Thread 3 ] DEBUG Engine               - fontGame: Abel-Regular.ttf
11:21:15.455 [FXGL Background Thread 3 ] DEBUG Engine               - fontMono: TerminalLandMono-Regular.otf
11:21:15.455 [FXGL Background Thread 3 ] DEBUG Engine               - fontSizeScaleUI: 1.0
11:21:15.455 [FXGL Background Thread 3 ] DEBUG Engine               - fontText: Courier-Prime.ttf
11:21:15.455 [FXGL Background Thread 3 ] DEBUG Engine               - fontUI: VarelaRound-Regular.ttf
11:21:15.455 [FXGL Background Thread 3 ] DEBUG Engine               - fullScreen: BooleanProperty [value: false]
11:21:15.455 [FXGL Background Thread 3 ] DEBUG Engine               - gameDifficulty: MEDIUM
11:21:15.455 [FXGL Background Thread 3 ] DEBUG Engine               - gameDifficultyProperty: ObjectProperty [value: MEDIUM]
11:21:15.455 [FXGL Background Thread 3 ] DEBUG Engine               - globalMusicVolume: 0.5
11:21:15.455 [FXGL Background Thread 3 ] DEBUG Engine               - globalMusicVolumeProperty: DoubleProperty [value: 0.5]
11:21:15.455 [FXGL Background Thread 3 ] DEBUG Engine               - globalSoundVolume: 0.5
11:21:15.456 [FXGL Background Thread 3 ] DEBUG Engine               - globalSoundVolumeProperty: DoubleProperty [value: 0.5]
11:21:15.456 [FXGL Background Thread 3 ] DEBUG Engine               - height: 600
11:21:15.456 [FXGL Background Thread 3 ] DEBUG Engine               - is3D: false
11:21:15.456 [FXGL Background Thread 3 ] DEBUG Engine               - isAndroid: false
11:21:15.456 [FXGL Background Thread 3 ] DEBUG Engine               - isBrowser: false
11:21:15.456 [FXGL Background Thread 3 ] DEBUG Engine               - isClickFeedbackEnabled: false
11:21:15.456 [FXGL Background Thread 3 ] DEBUG Engine               - isCloseConfirmation: false
11:21:15.456 [FXGL Background Thread 3 ] DEBUG Engine               - isDesktop: true
11:21:15.456 [FXGL Background Thread 3 ] DEBUG Engine               - isDeveloperMenuEnabled: false
11:21:15.456 [FXGL Background Thread 3 ] DEBUG Engine               - isEmbedded: false
11:21:15.456 [FXGL Background Thread 3 ] DEBUG Engine               - isEntityPreloadEnabled: true
11:21:15.456 [FXGL Background Thread 3 ] DEBUG Engine               - isExperimentalTiledLargeMap: false
11:21:15.456 [FXGL Background Thread 3 ] DEBUG Engine               - isFileSystemWriteAllowed: true
11:21:15.457 [FXGL Background Thread 3 ] DEBUG Engine               - isFullScreenAllowed: false
11:21:15.457 [FXGL Background Thread 3 ] DEBUG Engine               - isFullScreenFromStart: false
11:21:15.457 [FXGL Background Thread 3 ] DEBUG Engine               - isGameMenuEnabled: true
11:21:15.457 [FXGL Background Thread 3 ] DEBUG Engine               - isIOS: false
11:21:15.457 [FXGL Background Thread 3 ] DEBUG Engine               - isIntroEnabled: false
11:21:15.457 [FXGL Background Thread 3 ] DEBUG Engine               - isLinux: false
11:21:15.457 [FXGL Background Thread 3 ] DEBUG Engine               - isMac: false
11:21:15.457 [FXGL Background Thread 3 ] DEBUG Engine               - isMainMenuEnabled: false
11:21:15.457 [FXGL Background Thread 3 ] DEBUG Engine               - isManualResizeEnabled: false
11:21:15.457 [FXGL Background Thread 3 ] DEBUG Engine               - isMobile: false
11:21:15.457 [FXGL Background Thread 3 ] DEBUG Engine               - isNative: false
11:21:15.457 [FXGL Background Thread 3 ] DEBUG Engine               - isPauseMusicWhenMinimized: true
11:21:15.457 [FXGL Background Thread 3 ] DEBUG Engine               - isPreserveResizeRatio: false
11:21:15.457 [FXGL Background Thread 3 ] DEBUG Engine               - isProfilingEnabled: false
11:21:15.457 [FXGL Background Thread 3 ] DEBUG Engine               - isScaleAffectedOnResize: true
11:21:15.458 [FXGL Background Thread 3 ] DEBUG Engine               - isSingleStep: false
11:21:15.458 [FXGL Background Thread 3 ] DEBUG Engine               - isUserProfileEnabled: false
11:21:15.458 [FXGL Background Thread 3 ] DEBUG Engine               - isWindows: true
11:21:15.458 [FXGL Background Thread 3 ] DEBUG Engine               - language: ObjectProperty [value: ENGLISH]
11:21:15.458 [FXGL Background Thread 3 ] DEBUG Engine               - menuKey: ESCAPE
11:21:15.458 [FXGL Background Thread 3 ] DEBUG Engine               - mouseSensitivity: 0.2
11:21:15.458 [FXGL Background Thread 3 ] DEBUG Engine               - notificationViewClass: class com.almasb.fxgl.notification.view.XboxNotificationView
11:21:15.458 [FXGL Background Thread 3 ] DEBUG Engine               - pixelsPerMeter: 50.0
11:21:15.458 [FXGL Background Thread 3 ] DEBUG Engine               - platform: WINDOWS
11:21:15.458 [FXGL Background Thread 3 ] DEBUG Engine               - prefHeightProperty: ReadOnlyDoubleProperty [value: 600.0]
11:21:15.458 [FXGL Background Thread 3 ] DEBUG Engine               - prefWidthProperty: ReadOnlyDoubleProperty [value: 800.0]
11:21:15.458 [FXGL Background Thread 3 ] DEBUG Engine               - profileDir: profiles/
11:21:15.458 [FXGL Background Thread 3 ] DEBUG Engine               - profileName: StringProperty [value: DEFAULT]
11:21:15.458 [FXGL Background Thread 3 ] DEBUG Engine               - randomSeed: -1
11:21:15.459 [FXGL Background Thread 3 ] DEBUG Engine               - runtimeInfo: RuntimeInfo(platform=WINDOWS, version=21, build=28.12.2023 13.35)
11:21:15.459 [FXGL Background Thread 3 ] DEBUG Engine               - saveFileExt: sav
11:21:15.460 [FXGL Background Thread 3 ] DEBUG Engine               - scaledHeightProp$fxgl: DoubleProperty [bound, value: 600.0]
11:21:15.460 [FXGL Background Thread 3 ] DEBUG Engine               - scaledWidthProp$fxgl: DoubleProperty [bound, value: 800.0]
11:21:15.460 [FXGL Background Thread 3 ] DEBUG Engine               - sceneFactory: com.almasb.fxgl.app.scene.SceneFactory@4717a7db
11:21:15.460 [FXGL Background Thread 3 ] DEBUG Engine               - secondsIn24h: 60
11:21:15.461 [FXGL Background Thread 3 ] DEBUG Engine               - soundMenuBack: menu/back.wav
11:21:15.461 [FXGL Background Thread 3 ] DEBUG Engine               - soundMenuPress: menu/press.wav
11:21:15.461 [FXGL Background Thread 3 ] DEBUG Engine               - soundMenuSelect: menu/select.wav
11:21:15.461 [FXGL Background Thread 3 ] DEBUG Engine               - soundNotification: core/notification.wav
11:21:15.462 [FXGL Background Thread 3 ] DEBUG Engine               - stageStyle: DECORATED
11:21:15.462 [FXGL Background Thread 3 ] DEBUG Engine               - supportedLanguages: [ENGLISH, FRENCH, GERMAN, HUNGARIAN, RUSSIAN]
11:21:15.462 [FXGL Background Thread 3 ] DEBUG Engine               - ticksPerSecond: -1
11:21:15.462 [FXGL Background Thread 3 ] DEBUG Engine               - title: DemoImage
11:21:15.462 [FXGL Background Thread 3 ] DEBUG Engine               - urlGithub: https://github.com/AlmasB/FXGL
11:21:15.463 [FXGL Background Thread 3 ] DEBUG Engine               - urlLeaderboard: http://fxgl-top.herokuapp.com/
11:21:15.463 [FXGL Background Thread 3 ] DEBUG Engine               - urlPOM: https://raw.githubusercontent.com/AlmasB/FXGL/release/README.md
11:21:15.463 [FXGL Background Thread 3 ] DEBUG Engine               - userAppClass: class org.example.App
11:21:15.463 [FXGL Background Thread 3 ] DEBUG Engine               - version: 0.0
11:21:15.463 [FXGL Background Thread 3 ] DEBUG Engine               - versionCheckDays: 7
11:21:15.464 [FXGL Background Thread 3 ] DEBUG Engine               - width: 800
11:21:15.464 [FXGL Background Thread 3 ] DEBUG Engine               - Logging services
11:21:15.464 [FXGL Background Thread 3 ] DEBUG Engine               - class com.almasb.fxgl.app.services.FXGLAssetLoaderService
11:21:15.464 [FXGL Background Thread 3 ] DEBUG Engine               - class com.almasb.fxgl.app.FXGLApplication$GameApplicationService
11:21:15.464 [FXGL Background Thread 3 ] DEBUG Engine               - class com.almasb.fxgl.app.services.FXGLDialogService
11:21:15.465 [FXGL Background Thread 3 ] DEBUG Engine               - class com.almasb.fxgl.app.services.IOTaskExecutorService
11:21:15.465 [FXGL Background Thread 3 ] DEBUG Engine               - class com.almasb.fxgl.io.FileSystemService
11:21:15.465 [FXGL Background Thread 3 ] DEBUG Engine               - class com.almasb.fxgl.localization.LocalizationService
11:21:15.465 [FXGL Background Thread 3 ] DEBUG Engine               - class com.almasb.fxgl.app.services.SystemBundleService
11:21:15.465 [FXGL Background Thread 3 ] DEBUG Engine               - class com.almasb.fxgl.profile.SaveLoadService
11:21:15.465 [FXGL Background Thread 3 ] DEBUG Engine               - class com.almasb.fxgl.ui.FXGLUIFactoryServiceProvider
11:21:15.466 [FXGL Background Thread 3 ] DEBUG Engine               - class com.almasb.fxgl.ui.FXGLDialogFactoryServiceProvider
11:21:15.466 [FXGL Background Thread 3 ] DEBUG Engine               - class com.almasb.fxgl.audio.AudioPlayer
11:21:15.466 [FXGL Background Thread 3 ] DEBUG Engine               - class com.almasb.fxgl.notification.impl.NotificationServiceProvider
11:21:15.466 [FXGL Background Thread 3 ] DEBUG Engine               - class com.almasb.fxgl.achievement.AchievementService
11:21:15.466 [FXGL Background Thread 3 ] DEBUG Engine               - class com.almasb.fxgl.cutscene.CutsceneService
11:21:15.466 [FXGL Background Thread 3 ] DEBUG Engine               - class com.almasb.fxgl.minigames.MiniGameService
11:21:15.466 [FXGL Background Thread 3 ] DEBUG Engine               - class com.almasb.fxgl.net.NetService
11:21:15.467 [FXGL Background Thread 3 ] DEBUG Engine               - class com.almasb.fxgl.app.services.UpdaterService
11:21:15.467 [FXGL Background Thread 3 ] DEBUG Engine               - class com.almasb.fxgl.dev.DevService
11:21:17.048 [JavaFX Application Thread] DEBUG FXGLApplication      - Exiting FXGL
11:21:17.048 [JavaFX Application Thread] DEBUG LoopRunner           - Stopping loop
11:21:17.048 [JavaFX Application Thread] DEBUG SystemBundleService  - Saving FXGL system data
11:21:17.050 [JavaFX Application Thread] DEBUG FileSystemAccess     - Writing to: F:\Proyectos javafx\javafxgl\fxgl-demoImage\system\fxgl.bundle
11:21:17.052 [JavaFX Application Thread] DEBUG Async                - Shutting down background threads
11:21:17.052 [JavaFX Application Thread] DEBUG PrimaryStageWindow   - Closing main window
11:21:17.071 [JavaFX Application Thread] DEBUG Logger               - Closing Logger
