17:29:20.058 [main                     ] DEBUG Logger               - Configured Logger
17:29:20.084 [main                     ] DEBUG GameApplication      - Logging settings
Title: DemoImage
Version: 0.0
Width: 800
Height: 600
Fullscreen: false
Intro: false
Profiling: false
Single step:false
App Mode: DEVELOPER
Menu Key: ESCAPE
Stage Style: DECORATED
Scene Factory: class com.almasb.fxgl.app.scene.SceneFactory

17:29:20.459 [JavaFX Application Thread] DEBUG FXGLApplication      - Initializing FXGL
17:29:20.468 [JavaFX Application Thread] INFO  Engine               - FXGL-21 (28.12.2023 13.35) on WINDOWS (J:21.0.1 FX:21.0.1)
17:29:20.469 [JavaFX Application Thread] DEBUG Engine               - JRE Vendor Name: Oracle Corporation
17:29:20.469 [JavaFX Application Thread] DEBUG Engine               - Running on OS: Windows 10 version 10.0
17:29:20.470 [JavaFX Application Thread] DEBUG Engine               - Architecture: amd64
17:29:20.470 [JavaFX Application Thread] INFO  Engine               - Source code and latest versions at: https://github.com/AlmasB/FXGL
17:29:20.470 [JavaFX Application Thread] INFO  Engine               -       Ask questions and discuss at: https://github.com/AlmasB/FXGL/discussions
17:29:20.470 [JavaFX Application Thread] INFO  Engine               -              Join the FXGL chat at: https://gitter.im/AlmasB/FXGL
17:29:20.598 [JavaFX Application Thread] DEBUG PrimaryStageWindow   - Creating a JavaFX scene
17:29:20.654 [JavaFX Application Thread] DEBUG PrimaryStageWindow   - Target settings size: 800.0 x 600.0
17:29:20.654 [JavaFX Application Thread] DEBUG PrimaryStageWindow   - Scaled scene size:    800.0 x 600.0
17:29:20.654 [JavaFX Application Thread] DEBUG PrimaryStageWindow   - Scaled ratio: (1.0, 1.0)
17:29:20.656 [JavaFX Application Thread] DEBUG PrimaryStageWindow   - Set initial scene to FXGLStartupScene
17:29:20.659 [JavaFX Application Thread] DEBUG PrimaryStageWindow   - Opening main window
17:29:20.772 [JavaFX Application Thread] DEBUG PrimaryStageWindow   - Window border size: (14.4000244140625, 37.5999755859375)
17:29:20.773 [JavaFX Application Thread] DEBUG PrimaryStageWindow   - Scaled size: 800.0 x 600.0
17:29:20.773 [JavaFX Application Thread] DEBUG PrimaryStageWindow   - Scaled ratio: (1.0, 1.0)
17:29:20.774 [JavaFX Application Thread] DEBUG PrimaryStageWindow   - Scene size: 800.0 x 600.0
17:29:20.774 [JavaFX Application Thread] DEBUG PrimaryStageWindow   - Stage size: 814.4000244140625 x 637.5999755859375
17:29:20.786 [FXGL Background Thread 1 ] DEBUG Engine               - Initializing environment variables
17:29:20.884 [FXGL Background Thread 1 ] DEBUG FXGLAssetLoaderServi - User app class for loading assets: class org.example.App
17:29:20.884 [FXGL Background Thread 1 ] DEBUG GameApplicationServi - Applying CSS: fxgl_dark.css
17:29:20.885 [FXGL Background Thread 1 ] DEBUG FXGLAssetLoaderServi - Loading from file system: jar:file:/C:/Users/Usuario/.m2/repository/com/github/almasb/fxgl/21/fxgl-21.jar!/fxglassets/ui/css/fxgl_dark.css
17:29:20.944 [FXGL Background Thread 1 ] DEBUG GameApplicationServi - Initializing application scenes
17:29:20.995 [FXGL Background Thread 1 ] DEBUG GameWorld            - Game world initialized
17:29:21.089 [FXGL Background Thread 1 ] DEBUG PhysicsWorld         - Physics world initialized: appHeight=600, physics.ppm=50,0
17:29:21.089 [FXGL Background Thread 1 ] DEBUG PhysicsWorld         - Using strategy: BRUTE_FORCE
17:29:21.095 [FXGL Background Thread 1 ] DEBUG GameScene            - Game scene initialized: 800x600
17:29:21.111 [FXGL Background Thread 1 ] DEBUG FXGL.DefaultMenu     - createMenuBodyGameMenu()
17:29:21.128 [FXGL Background Thread 1 ] DEBUG FXGL.DefaultMenu     - createOptionsMenu()
17:29:21.138 [FXGL Background Thread 1 ] DEBUG FXGLAssetLoaderServi - Loading from file system: jar:file:/C:/Users/Usuario/.m2/repository/com/github/almasb/fxgl/21/fxgl-21.jar!/fxglassets/textures/particles/smoke.png
17:29:21.255 [FXGL Background Thread 1 ] DEBUG FXGLAssetLoaderServi - Loading from file system: jar:file:/C:/Users/Usuario/.m2/repository/com/github/almasb/fxgl/21/fxgl-21.jar!/fxglassets/textures/particles/trace_horizontal.png
17:29:21.288 [FXGL Background Thread 1 ] DEBUG GameApplicationServi - Application scenes initialized
17:29:21.302 [FXGL Background Thread 1 ] DEBUG SystemBundleService  - Loading FXGL system data
17:29:21.307 [FXGL Background Thread 1 ] DEBUG FileSystemAccess     - Reading from: F:\Proyectos javafx\javafxgl\fxgl-demoImage\system\fxgl.bundle
17:29:21.317 [FXGL Background Thread 1 ] DEBUG SystemBundleService  - Bundle FXGL: {}
17:29:21.317 [FXGL Background Thread 1 ] DEBUG UpdaterService       - Checking for updates
17:29:21.321 [FXGL Background Thread 4 ] DEBUG FXGLApplication      - Loading fonts
17:29:21.322 [FXGL Background Thread 4 ] DEBUG FXGLAssetLoaderServi - Loading from file system: jar:file:/C:/Users/Usuario/.m2/repository/com/github/almasb/fxgl/21/fxgl-21.jar!/fxglassets/ui/fonts/VarelaRound-Regular.ttf
17:29:21.322 [FXGL Background Thread 1 ] DEBUG FXGLApplication      - Loading default localization
17:29:21.323 [FXGL Background Thread 1 ] DEBUG FXGLAssetLoaderServi - Loading from file system: jar:file:/C:/Users/Usuario/.m2/repository/com/github/almasb/fxgl/21/fxgl-21.jar!/fxglassets/languages/english.lang
17:29:21.386 [FXGL Background Thread 1 ] INFO  FXGLApplication      - FXGL initialization took: 0,600 sec
17:29:21.387 [FXGL Background Thread 4 ] DEBUG FXGLAssetLoaderServi - Loading from file system: jar:file:/C:/Users/Usuario/.m2/repository/com/github/almasb/fxgl/21/fxgl-21.jar!/fxglassets/ui/fonts/Abel-Regular.ttf
17:29:21.387 [JavaFX Application Thread] DEBUG FXGLAssetLoaderServi - Loading from file system: jar:file:/C:/Users/Usuario/.m2/repository/com/github/almasb/fxgl/21/fxgl-21.jar!/fxglassets/textures/fxgl_icon.png
17:29:21.399 [FXGL Background Thread 4 ] DEBUG FXGLAssetLoaderServi - Loading from file system: jar:file:/C:/Users/Usuario/.m2/repository/com/github/almasb/fxgl/21/fxgl-21.jar!/fxglassets/ui/fonts/TerminalLandMono-Regular.otf
17:29:21.409 [FXGL Background Thread 4 ] DEBUG FXGLAssetLoaderServi - Loading from file system: jar:file:/C:/Users/Usuario/.m2/repository/com/github/almasb/fxgl/21/fxgl-21.jar!/fxglassets/ui/fonts/Courier-Prime.ttf
17:29:21.415 [JavaFX Application Thread] DEBUG FXGLAssetLoaderServi - Loading from file system: jar:file:/C:/Users/Usuario/.m2/repository/com/github/almasb/fxgl/21/fxgl-21.jar!/fxglassets/textures/fxgl_default_cursor.png
17:29:21.430 [JavaFX Application Thread] DEBUG Input                - Registered new binding: Screenshot - CTRL+8
17:29:21.431 [JavaFX Application Thread] DEBUG Input                - Registered new binding: System info dump - CTRL+9
17:29:21.431 [JavaFX Application Thread] DEBUG Input                - Registered new binding: Restart - CTRL+R
17:29:21.432 [JavaFX Application Thread] DEBUG Input                - Registered new binding: Toggle Debug Camera - CTRL+7
17:29:21.436 [JavaFX Application Thread] DEBUG LoopRunner           - Starting loop
17:29:21.436 [JavaFX Application Thread] DEBUG LoopRunner           - Initializing JavaFX AnimationTimerLoop
17:29:21.438 [JavaFX Application Thread] DEBUG GameApplicationServi - Starting new game
17:29:21.439 [JavaFX Application Thread] DEBUG Input                - Clearing active input actions
17:29:21.452 [JavaFX Application Thread] DEBUG GameApplicationServi - Removing overlay from FXGLStartupScene and adding to FXGLLoadingScene
17:29:21.453 [JavaFX Application Thread] DEBUG PrimaryStageWindow   - FXGLStartupScene -> FXGLLoadingScene
17:29:21.453 [JavaFX Application Thread] DEBUG GameApplicationServi - Clearing previous game
17:29:21.453 [JavaFX Application Thread] DEBUG GameScene            - Clearing game scene
17:29:21.453 [JavaFX Application Thread] DEBUG GameWorld            - Clearing game world
17:29:21.453 [JavaFX Application Thread] DEBUG PhysicsWorld         - Clearing physics world
17:29:21.456 [JavaFX Application Thread] DEBUG FXGLApplication      - Registering font factories with UI factory
17:29:21.472 [FXGL Background Thread 4 ] INFO  FXGLApplication      - Game initialization took: 0,016 sec
17:29:21.523 [JavaFX Application Thread] DEBUG Input                - Clearing active input actions
17:29:21.533 [JavaFX Application Thread] DEBUG GameApplicationServi - Removing overlay from FXGLLoadingScene and adding to GameScene
17:29:21.533 [JavaFX Application Thread] DEBUG PrimaryStageWindow   - FXGLLoadingScene -> GameScene
17:29:23.444 [JavaFX Application Thread] DEBUG FXGLApplication      - Exiting FXGL
17:29:23.444 [JavaFX Application Thread] DEBUG LoopRunner           - Stopping loop
17:29:23.444 [JavaFX Application Thread] DEBUG SystemBundleService  - Saving FXGL system data
17:29:23.446 [JavaFX Application Thread] DEBUG FileSystemAccess     - Writing to: F:\Proyectos javafx\javafxgl\fxgl-demoImage\system\fxgl.bundle
17:29:23.448 [JavaFX Application Thread] DEBUG Async                - Shutting down background threads
17:29:23.449 [JavaFX Application Thread] DEBUG PrimaryStageWindow   - Closing main window
17:29:23.467 [JavaFX Application Thread] DEBUG Logger               - Closing Logger
