17:28:55.633 [main                     ] DEBUG Logger               - Configured Logger
17:28:55.663 [main                     ] DEBUG GameApplication      - Logging settings
Title: DemoImage
Version: 0.0
Width: 800
Height: 600
Fullscreen: false
Intro: false
Profiling: false
Single step:false
App Mode: DEVELOPER
Menu Key: ESCAPE
Stage Style: DECORATED
Scene Factory: class com.almasb.fxgl.app.scene.SceneFactory

17:28:56.027 [JavaFX Application Thread] DEBUG FXGLApplication      - Initializing FXGL
17:28:56.037 [JavaFX Application Thread] INFO  Engine               - FXGL-21 (28.12.2023 13.35) on WINDOWS (J:21.0.1 FX:21.0.1)
17:28:56.037 [JavaFX Application Thread] DEBUG Engine               - JRE Vendor Name: Oracle Corporation
17:28:56.037 [JavaFX Application Thread] DEBUG Engine               - Running on OS: Windows 10 version 10.0
17:28:56.038 [JavaFX Application Thread] DEBUG Engine               - Architecture: amd64
17:28:56.038 [JavaFX Application Thread] INFO  Engine               - Source code and latest versions at: https://github.com/AlmasB/FXGL
17:28:56.038 [JavaFX Application Thread] INFO  Engine               -       Ask questions and discuss at: https://github.com/AlmasB/FXGL/discussions
17:28:56.038 [JavaFX Application Thread] INFO  Engine               -              Join the FXGL chat at: https://gitter.im/AlmasB/FXGL
17:28:56.170 [JavaFX Application Thread] DEBUG PrimaryStageWindow   - Creating a JavaFX scene
17:28:56.223 [JavaFX Application Thread] DEBUG PrimaryStageWindow   - Target settings size: 800.0 x 600.0
17:28:56.223 [JavaFX Application Thread] DEBUG PrimaryStageWindow   - Scaled scene size:    800.0 x 600.0
17:28:56.223 [JavaFX Application Thread] DEBUG PrimaryStageWindow   - Scaled ratio: (1.0, 1.0)
17:28:56.224 [JavaFX Application Thread] DEBUG PrimaryStageWindow   - Set initial scene to FXGLStartupScene
17:28:56.228 [JavaFX Application Thread] DEBUG PrimaryStageWindow   - Opening main window
17:28:56.345 [JavaFX Application Thread] DEBUG PrimaryStageWindow   - Window border size: (14.4000244140625, 37.5999755859375)
17:28:56.345 [JavaFX Application Thread] DEBUG PrimaryStageWindow   - Scaled size: 800.0 x 600.0
17:28:56.346 [JavaFX Application Thread] DEBUG PrimaryStageWindow   - Scaled ratio: (1.0, 1.0)
17:28:56.346 [JavaFX Application Thread] DEBUG PrimaryStageWindow   - Scene size: 800.0 x 600.0
17:28:56.346 [JavaFX Application Thread] DEBUG PrimaryStageWindow   - Stage size: 814.4000244140625 x 637.5999755859375
17:28:56.357 [FXGL Background Thread 1 ] DEBUG Engine               - Initializing environment variables
17:28:56.458 [FXGL Background Thread 1 ] DEBUG FXGLAssetLoaderServi - User app class for loading assets: class org.example.App
17:28:56.458 [FXGL Background Thread 1 ] DEBUG GameApplicationServi - Applying CSS: fxgl_dark.css
17:28:56.459 [FXGL Background Thread 1 ] DEBUG FXGLAssetLoaderServi - Loading from file system: jar:file:/C:/Users/Usuario/.m2/repository/com/github/almasb/fxgl/21/fxgl-21.jar!/fxglassets/ui/css/fxgl_dark.css
17:28:56.513 [FXGL Background Thread 1 ] DEBUG GameApplicationServi - Initializing application scenes
17:28:56.566 [FXGL Background Thread 1 ] DEBUG GameWorld            - Game world initialized
17:28:56.658 [FXGL Background Thread 1 ] DEBUG PhysicsWorld         - Physics world initialized: appHeight=600, physics.ppm=50,0
17:28:56.659 [FXGL Background Thread 1 ] DEBUG PhysicsWorld         - Using strategy: BRUTE_FORCE
17:28:56.664 [FXGL Background Thread 1 ] DEBUG GameScene            - Game scene initialized: 800x600
17:28:56.680 [FXGL Background Thread 1 ] DEBUG FXGL.DefaultMenu     - createMenuBodyGameMenu()
17:28:56.698 [FXGL Background Thread 1 ] DEBUG FXGL.DefaultMenu     - createOptionsMenu()
17:28:56.708 [FXGL Background Thread 1 ] DEBUG FXGLAssetLoaderServi - Loading from file system: jar:file:/C:/Users/Usuario/.m2/repository/com/github/almasb/fxgl/21/fxgl-21.jar!/fxglassets/textures/particles/smoke.png
17:28:56.822 [FXGL Background Thread 1 ] DEBUG FXGLAssetLoaderServi - Loading from file system: jar:file:/C:/Users/Usuario/.m2/repository/com/github/almasb/fxgl/21/fxgl-21.jar!/fxglassets/textures/particles/trace_horizontal.png
17:28:56.852 [FXGL Background Thread 1 ] DEBUG GameApplicationServi - Application scenes initialized
17:28:56.866 [FXGL Background Thread 1 ] DEBUG SystemBundleService  - Loading FXGL system data
17:28:56.871 [FXGL Background Thread 1 ] DEBUG FileSystemAccess     - Reading from: F:\Proyectos javafx\javafxgl\fxgl-demoImage\system\fxgl.bundle
17:28:56.881 [FXGL Background Thread 1 ] DEBUG SystemBundleService  - Bundle FXGL: {}
17:28:56.881 [FXGL Background Thread 1 ] DEBUG UpdaterService       - Checking for updates
17:28:56.885 [FXGL Background Thread 4 ] DEBUG FXGLApplication      - Loading fonts
17:28:56.885 [FXGL Background Thread 4 ] DEBUG FXGLAssetLoaderServi - Loading from file system: jar:file:/C:/Users/Usuario/.m2/repository/com/github/almasb/fxgl/21/fxgl-21.jar!/fxglassets/ui/fonts/VarelaRound-Regular.ttf
17:28:56.886 [FXGL Background Thread 1 ] DEBUG FXGLApplication      - Loading default localization
17:28:56.886 [FXGL Background Thread 1 ] DEBUG FXGLAssetLoaderServi - Loading from file system: jar:file:/C:/Users/Usuario/.m2/repository/com/github/almasb/fxgl/21/fxgl-21.jar!/fxglassets/languages/english.lang
17:28:56.949 [FXGL Background Thread 1 ] INFO  FXGLApplication      - FXGL initialization took: 0,591 sec
17:28:56.951 [JavaFX Application Thread] DEBUG FXGLAssetLoaderServi - Loading from file system: jar:file:/C:/Users/Usuario/.m2/repository/com/github/almasb/fxgl/21/fxgl-21.jar!/fxglassets/textures/fxgl_icon.png
17:28:56.954 [FXGL Background Thread 4 ] DEBUG FXGLAssetLoaderServi - Loading from file system: jar:file:/C:/Users/Usuario/.m2/repository/com/github/almasb/fxgl/21/fxgl-21.jar!/fxglassets/ui/fonts/Abel-Regular.ttf
17:28:56.971 [FXGL Background Thread 4 ] DEBUG FXGLAssetLoaderServi - Loading from file system: jar:file:/C:/Users/Usuario/.m2/repository/com/github/almasb/fxgl/21/fxgl-21.jar!/fxglassets/ui/fonts/TerminalLandMono-Regular.otf
17:28:56.985 [FXGL Background Thread 4 ] DEBUG FXGLAssetLoaderServi - Loading from file system: jar:file:/C:/Users/Usuario/.m2/repository/com/github/almasb/fxgl/21/fxgl-21.jar!/fxglassets/ui/fonts/Courier-Prime.ttf
17:28:56.988 [JavaFX Application Thread] DEBUG FXGLAssetLoaderServi - Loading from file system: jar:file:/C:/Users/Usuario/.m2/repository/com/github/almasb/fxgl/21/fxgl-21.jar!/fxglassets/textures/fxgl_default_cursor.png
17:28:57.005 [JavaFX Application Thread] DEBUG Input                - Registered new binding: Screenshot - CTRL+8
17:28:57.006 [JavaFX Application Thread] DEBUG Input                - Registered new binding: System info dump - CTRL+9
17:28:57.007 [JavaFX Application Thread] DEBUG Input                - Registered new binding: Restart - CTRL+R
17:28:57.008 [JavaFX Application Thread] DEBUG Input                - Registered new binding: Toggle Debug Camera - CTRL+7
17:28:57.011 [JavaFX Application Thread] DEBUG LoopRunner           - Starting loop
17:28:57.011 [JavaFX Application Thread] DEBUG LoopRunner           - Initializing JavaFX AnimationTimerLoop
17:28:57.014 [JavaFX Application Thread] DEBUG GameApplicationServi - Starting new game
17:28:57.015 [JavaFX Application Thread] DEBUG Input                - Clearing active input actions
17:28:57.033 [JavaFX Application Thread] DEBUG GameApplicationServi - Removing overlay from FXGLStartupScene and adding to FXGLLoadingScene
17:28:57.033 [JavaFX Application Thread] DEBUG PrimaryStageWindow   - FXGLStartupScene -> FXGLLoadingScene
17:28:57.033 [JavaFX Application Thread] DEBUG GameApplicationServi - Clearing previous game
17:28:57.034 [JavaFX Application Thread] DEBUG GameScene            - Clearing game scene
17:28:57.034 [JavaFX Application Thread] DEBUG GameWorld            - Clearing game world
17:28:57.034 [JavaFX Application Thread] DEBUG PhysicsWorld         - Clearing physics world
17:28:57.036 [JavaFX Application Thread] DEBUG FXGLApplication      - Registering font factories with UI factory
17:28:57.036 [FXGL Background Thread 4 ] DEBUG FXGLApplication      - Initializing game
17:28:57.061 [FXGL Background Thread 4 ] INFO  FXGLApplication      - Game initialization took: 0,025 sec
17:28:57.098 [JavaFX Application Thread] DEBUG Input                - Clearing active input actions
17:28:57.113 [JavaFX Application Thread] DEBUG GameApplicationServi - Removing overlay from FXGLLoadingScene and adding to GameScene
17:28:57.113 [JavaFX Application Thread] DEBUG PrimaryStageWindow   - FXGLLoadingScene -> GameScene
17:28:59.884 [FXGL Background Thread 3 ] DEBUG Engine               - Logging environment variables
17:28:59.886 [FXGL Background Thread 3 ] DEBUG Engine               - achievements: []
17:28:59.886 [FXGL Background Thread 3 ] DEBUG Engine               - actualHeight: 600.0
17:28:59.887 [FXGL Background Thread 3 ] DEBUG Engine               - actualHeightProperty: ReadOnlyDoubleProperty [value: 600.0]
17:28:59.887 [FXGL Background Thread 3 ] DEBUG Engine               - actualWidth: 800.0
17:28:59.887 [FXGL Background Thread 3 ] DEBUG Engine               - actualWidthProperty: ReadOnlyDoubleProperty [value: 800.0]
17:28:59.888 [FXGL Background Thread 3 ] DEBUG Engine               - appIcon: fxgl_icon.png
17:28:59.888 [FXGL Background Thread 3 ] DEBUG Engine               - applicationMode: DEVELOPER
17:28:59.888 [FXGL Background Thread 3 ] DEBUG Engine               - cSSList: [fxgl_dark.css]
17:28:59.888 [FXGL Background Thread 3 ] DEBUG Engine               - collisionDetectionStrategy: BRUTE_FORCE
17:28:59.889 [FXGL Background Thread 3 ] DEBUG Engine               - configClass: Optional.empty
17:28:59.889 [FXGL Background Thread 3 ] DEBUG Engine               - credits: []
17:28:59.890 [FXGL Background Thread 3 ] DEBUG Engine               - defaultCursor: CursorInfo(imageName=fxgl_default_cursor.png, hotspotX=7.0, hotspotY=6.0)
17:28:59.891 [FXGL Background Thread 3 ] DEBUG Engine               - devBBoxColorProperty: ObjectProperty [value: 0xff0000ff]
17:28:59.891 [FXGL Background Thread 3 ] DEBUG Engine               - devEnableDebugCameraProperty: BooleanProperty [value: false]
17:28:59.891 [FXGL Background Thread 3 ] DEBUG Engine               - devSensorColorProperty: ObjectProperty [value: 0xffff00ff]
17:28:59.892 [FXGL Background Thread 3 ] DEBUG Engine               - devShowBBoxProperty: BooleanProperty [value: false]
17:28:59.892 [FXGL Background Thread 3 ] DEBUG Engine               - devShowPositionProperty: BooleanProperty [value: false]
17:28:59.893 [FXGL Background Thread 3 ] DEBUG Engine               - enabledMenuItems: []
17:28:59.893 [FXGL Background Thread 3 ] DEBUG Engine               - engineServices: [class com.almasb.fxgl.app.services.FXGLAssetLoaderService, class com.almasb.fxgl.app.FXGLApplication$GameApplicationService, class com.almasb.fxgl.app.services.FXGLDialogService, class com.almasb.fxgl.app.services.IOTaskExecutorService, class com.almasb.fxgl.io.FileSystemService, class com.almasb.fxgl.localization.LocalizationService, class com.almasb.fxgl.app.services.SystemBundleService, class com.almasb.fxgl.profile.SaveLoadService, class com.almasb.fxgl.ui.FXGLUIFactoryServiceProvider, class com.almasb.fxgl.ui.FXGLDialogFactoryServiceProvider, class com.almasb.fxgl.audio.AudioPlayer, class com.almasb.fxgl.notification.impl.NotificationServiceProvider, class com.almasb.fxgl.achievement.AchievementService, class com.almasb.fxgl.cutscene.CutsceneService, class com.almasb.fxgl.minigames.MiniGameService, class com.almasb.fxgl.net.NetService, class com.almasb.fxgl.app.services.UpdaterService, class com.almasb.fxgl.dev.DevService]
17:28:59.893 [FXGL Background Thread 3 ] DEBUG Engine               - fontGame: Abel-Regular.ttf
17:28:59.893 [FXGL Background Thread 3 ] DEBUG Engine               - fontMono: TerminalLandMono-Regular.otf
17:28:59.894 [FXGL Background Thread 3 ] DEBUG Engine               - fontSizeScaleUI: 1.0
17:28:59.894 [FXGL Background Thread 3 ] DEBUG Engine               - fontText: Courier-Prime.ttf
17:28:59.894 [FXGL Background Thread 3 ] DEBUG Engine               - fontUI: VarelaRound-Regular.ttf
17:28:59.894 [FXGL Background Thread 3 ] DEBUG Engine               - fullScreen: BooleanProperty [value: false]
17:28:59.895 [FXGL Background Thread 3 ] DEBUG Engine               - gameDifficulty: MEDIUM
17:28:59.895 [FXGL Background Thread 3 ] DEBUG Engine               - gameDifficultyProperty: ObjectProperty [value: MEDIUM]
17:28:59.895 [FXGL Background Thread 3 ] DEBUG Engine               - globalMusicVolume: 0.5
17:28:59.895 [FXGL Background Thread 3 ] DEBUG Engine               - globalMusicVolumeProperty: DoubleProperty [value: 0.5]
17:28:59.896 [FXGL Background Thread 3 ] DEBUG Engine               - globalSoundVolume: 0.5
17:28:59.896 [FXGL Background Thread 3 ] DEBUG Engine               - globalSoundVolumeProperty: DoubleProperty [value: 0.5]
17:28:59.897 [FXGL Background Thread 3 ] DEBUG Engine               - height: 600
17:28:59.897 [FXGL Background Thread 3 ] DEBUG Engine               - is3D: false
17:28:59.897 [FXGL Background Thread 3 ] DEBUG Engine               - isAndroid: false
17:28:59.897 [FXGL Background Thread 3 ] DEBUG Engine               - isBrowser: false
17:28:59.897 [FXGL Background Thread 3 ] DEBUG Engine               - isClickFeedbackEnabled: false
17:28:59.898 [FXGL Background Thread 3 ] DEBUG Engine               - isCloseConfirmation: false
17:28:59.898 [FXGL Background Thread 3 ] DEBUG Engine               - isDesktop: true
17:28:59.898 [FXGL Background Thread 3 ] DEBUG Engine               - isDeveloperMenuEnabled: false
17:28:59.898 [FXGL Background Thread 3 ] DEBUG Engine               - isEmbedded: false
17:28:59.898 [FXGL Background Thread 3 ] DEBUG Engine               - isEntityPreloadEnabled: true
17:28:59.899 [FXGL Background Thread 3 ] DEBUG Engine               - isExperimentalTiledLargeMap: false
17:28:59.899 [FXGL Background Thread 3 ] DEBUG Engine               - isFileSystemWriteAllowed: true
17:28:59.899 [FXGL Background Thread 3 ] DEBUG Engine               - isFullScreenAllowed: false
17:28:59.899 [FXGL Background Thread 3 ] DEBUG Engine               - isFullScreenFromStart: false
17:28:59.899 [FXGL Background Thread 3 ] DEBUG Engine               - isGameMenuEnabled: true
17:28:59.900 [FXGL Background Thread 3 ] DEBUG Engine               - isIOS: false
17:28:59.900 [FXGL Background Thread 3 ] DEBUG Engine               - isIntroEnabled: false
17:28:59.901 [FXGL Background Thread 3 ] DEBUG Engine               - isLinux: false
17:28:59.901 [FXGL Background Thread 3 ] DEBUG Engine               - isMac: false
17:28:59.901 [FXGL Background Thread 3 ] DEBUG Engine               - isMainMenuEnabled: false
17:28:59.902 [FXGL Background Thread 3 ] DEBUG Engine               - isManualResizeEnabled: false
17:28:59.902 [FXGL Background Thread 3 ] DEBUG Engine               - isMobile: false
17:28:59.902 [FXGL Background Thread 3 ] DEBUG Engine               - isNative: false
17:28:59.903 [FXGL Background Thread 3 ] DEBUG Engine               - isPauseMusicWhenMinimized: true
17:28:59.903 [FXGL Background Thread 3 ] DEBUG Engine               - isPreserveResizeRatio: false
17:28:59.903 [FXGL Background Thread 3 ] DEBUG Engine               - isProfilingEnabled: false
17:28:59.903 [FXGL Background Thread 3 ] DEBUG Engine               - isScaleAffectedOnResize: true
17:28:59.904 [FXGL Background Thread 3 ] DEBUG Engine               - isSingleStep: false
17:28:59.904 [FXGL Background Thread 3 ] DEBUG Engine               - isUserProfileEnabled: false
17:28:59.904 [FXGL Background Thread 3 ] DEBUG Engine               - isWindows: true
17:28:59.904 [FXGL Background Thread 3 ] DEBUG Engine               - language: ObjectProperty [value: ENGLISH]
17:28:59.905 [FXGL Background Thread 3 ] DEBUG Engine               - menuKey: ESCAPE
17:28:59.905 [FXGL Background Thread 3 ] DEBUG Engine               - mouseSensitivity: 0.2
17:28:59.905 [FXGL Background Thread 3 ] DEBUG Engine               - notificationViewClass: class com.almasb.fxgl.notification.view.XboxNotificationView
17:28:59.905 [FXGL Background Thread 3 ] DEBUG Engine               - pixelsPerMeter: 50.0
17:28:59.905 [FXGL Background Thread 3 ] DEBUG Engine               - platform: WINDOWS
17:28:59.906 [FXGL Background Thread 3 ] DEBUG Engine               - prefHeightProperty: ReadOnlyDoubleProperty [value: 600.0]
17:28:59.906 [FXGL Background Thread 3 ] DEBUG Engine               - prefWidthProperty: ReadOnlyDoubleProperty [value: 800.0]
17:28:59.906 [FXGL Background Thread 3 ] DEBUG Engine               - profileDir: profiles/
17:28:59.906 [FXGL Background Thread 3 ] DEBUG Engine               - profileName: StringProperty [value: DEFAULT]
17:28:59.907 [FXGL Background Thread 3 ] DEBUG Engine               - randomSeed: -1
17:28:59.908 [FXGL Background Thread 3 ] DEBUG Engine               - runtimeInfo: RuntimeInfo(platform=WINDOWS, version=21, build=28.12.2023 13.35)
17:28:59.908 [FXGL Background Thread 3 ] DEBUG Engine               - saveFileExt: sav
17:28:59.908 [FXGL Background Thread 3 ] DEBUG Engine               - scaledHeightProp$fxgl: DoubleProperty [bound, value: 600.0]
17:28:59.908 [FXGL Background Thread 3 ] DEBUG Engine               - scaledWidthProp$fxgl: DoubleProperty [bound, value: 800.0]
17:28:59.909 [FXGL Background Thread 3 ] DEBUG Engine               - sceneFactory: com.almasb.fxgl.app.scene.SceneFactory@69f2ab84
17:28:59.909 [FXGL Background Thread 3 ] DEBUG Engine               - secondsIn24h: 60
17:28:59.909 [FXGL Background Thread 3 ] DEBUG Engine               - soundMenuBack: menu/back.wav
17:28:59.909 [FXGL Background Thread 3 ] DEBUG Engine               - soundMenuPress: menu/press.wav
17:28:59.909 [FXGL Background Thread 3 ] DEBUG Engine               - soundMenuSelect: menu/select.wav
17:28:59.909 [FXGL Background Thread 3 ] DEBUG Engine               - soundNotification: core/notification.wav
17:28:59.910 [FXGL Background Thread 3 ] DEBUG Engine               - stageStyle: DECORATED
17:28:59.910 [FXGL Background Thread 3 ] DEBUG Engine               - supportedLanguages: [ENGLISH, FRENCH, GERMAN, HUNGARIAN, RUSSIAN]
17:28:59.910 [FXGL Background Thread 3 ] DEBUG Engine               - ticksPerSecond: -1
17:28:59.910 [FXGL Background Thread 3 ] DEBUG Engine               - title: DemoImage
17:28:59.910 [FXGL Background Thread 3 ] DEBUG Engine               - urlGithub: https://github.com/AlmasB/FXGL
17:28:59.911 [FXGL Background Thread 3 ] DEBUG Engine               - urlLeaderboard: http://fxgl-top.herokuapp.com/
17:28:59.911 [FXGL Background Thread 3 ] DEBUG Engine               - urlPOM: https://raw.githubusercontent.com/AlmasB/FXGL/release/README.md
17:28:59.911 [FXGL Background Thread 3 ] DEBUG Engine               - userAppClass: class org.example.App
17:28:59.911 [FXGL Background Thread 3 ] DEBUG Engine               - version: 0.0
17:28:59.911 [FXGL Background Thread 3 ] DEBUG Engine               - versionCheckDays: 7
17:28:59.912 [FXGL Background Thread 3 ] DEBUG Engine               - width: 800
17:28:59.912 [FXGL Background Thread 3 ] DEBUG Engine               - Logging services
17:28:59.912 [FXGL Background Thread 3 ] DEBUG Engine               - class com.almasb.fxgl.app.services.FXGLAssetLoaderService
17:28:59.913 [FXGL Background Thread 3 ] DEBUG Engine               - class com.almasb.fxgl.app.FXGLApplication$GameApplicationService
17:28:59.913 [FXGL Background Thread 3 ] DEBUG Engine               - class com.almasb.fxgl.app.services.FXGLDialogService
17:28:59.913 [FXGL Background Thread 3 ] DEBUG Engine               - class com.almasb.fxgl.app.services.IOTaskExecutorService
17:28:59.913 [FXGL Background Thread 3 ] DEBUG Engine               - class com.almasb.fxgl.io.FileSystemService
17:28:59.913 [FXGL Background Thread 3 ] DEBUG Engine               - class com.almasb.fxgl.localization.LocalizationService
17:28:59.914 [FXGL Background Thread 3 ] DEBUG Engine               - class com.almasb.fxgl.app.services.SystemBundleService
17:28:59.914 [FXGL Background Thread 3 ] DEBUG Engine               - class com.almasb.fxgl.profile.SaveLoadService
17:28:59.914 [FXGL Background Thread 3 ] DEBUG Engine               - class com.almasb.fxgl.ui.FXGLUIFactoryServiceProvider
17:28:59.914 [FXGL Background Thread 3 ] DEBUG Engine               - class com.almasb.fxgl.ui.FXGLDialogFactoryServiceProvider
17:28:59.915 [FXGL Background Thread 3 ] DEBUG Engine               - class com.almasb.fxgl.audio.AudioPlayer
17:28:59.915 [FXGL Background Thread 3 ] DEBUG Engine               - class com.almasb.fxgl.notification.impl.NotificationServiceProvider
17:28:59.915 [FXGL Background Thread 3 ] DEBUG Engine               - class com.almasb.fxgl.achievement.AchievementService
17:28:59.915 [FXGL Background Thread 3 ] DEBUG Engine               - class com.almasb.fxgl.cutscene.CutsceneService
17:28:59.916 [FXGL Background Thread 3 ] DEBUG Engine               - class com.almasb.fxgl.minigames.MiniGameService
17:28:59.916 [FXGL Background Thread 3 ] DEBUG Engine               - class com.almasb.fxgl.net.NetService
17:28:59.916 [FXGL Background Thread 3 ] DEBUG Engine               - class com.almasb.fxgl.app.services.UpdaterService
17:28:59.916 [FXGL Background Thread 3 ] DEBUG Engine               - class com.almasb.fxgl.dev.DevService
17:29:01.109 [JavaFX Application Thread] DEBUG FXGLApplication      - Exiting FXGL
17:29:01.109 [JavaFX Application Thread] DEBUG LoopRunner           - Stopping loop
17:29:01.109 [JavaFX Application Thread] DEBUG SystemBundleService  - Saving FXGL system data
17:29:01.111 [JavaFX Application Thread] DEBUG FileSystemAccess     - Writing to: F:\Proyectos javafx\javafxgl\fxgl-demoImage\system\fxgl.bundle
17:29:01.113 [JavaFX Application Thread] DEBUG Async                - Shutting down background threads
17:29:01.113 [JavaFX Application Thread] DEBUG PrimaryStageWindow   - Closing main window
17:29:01.127 [JavaFX Application Thread] DEBUG Logger               - Closing Logger
