10:16:56.250 [main                     ] DEBUG Logger               - Configured Logger
10:16:56.278 [main                     ] DEBUG GameApplication      - Logging settings
Title: DemoImage
Version: 0.0
Width: 800
Height: 600
Fullscreen: false
Intro: false
Profiling: false
Single step:false
App Mode: DEVELOPER
Menu Key: ESCAPE
Stage Style: DECORATED
Scene Factory: class com.almasb.fxgl.app.scene.SceneFactory

10:16:56.644 [JavaFX Application Thread] DEBUG FXGLApplication      - Initializing FXGL
10:16:56.656 [JavaFX Application Thread] INFO  Engine               - FXGL-21 (28.12.2023 13.35) on WINDOWS (J:21.0.1 FX:21.0.1)
10:16:56.656 [JavaFX Application Thread] DEBUG Engine               - JRE Vendor Name: Oracle Corporation
10:16:56.657 [JavaFX Application Thread] DEBUG Engine               - Running on OS: Windows 10 version 10.0
10:16:56.657 [JavaFX Application Thread] DEBUG Engine               - Architecture: amd64
10:16:56.657 [JavaFX Application Thread] INFO  Engine               - Source code and latest versions at: https://github.com/AlmasB/FXGL
10:16:56.657 [JavaFX Application Thread] INFO  Engine               -       Ask questions and discuss at: https://github.com/AlmasB/FXGL/discussions
10:16:56.657 [JavaFX Application Thread] INFO  Engine               -              Join the FXGL chat at: https://gitter.im/AlmasB/FXGL
10:16:56.779 [JavaFX Application Thread] DEBUG PrimaryStageWindow   - Creating a JavaFX scene
10:16:56.836 [JavaFX Application Thread] DEBUG PrimaryStageWindow   - Target settings size: 800.0 x 600.0
10:16:56.837 [JavaFX Application Thread] DEBUG PrimaryStageWindow   - Scaled scene size:    800.0 x 600.0
10:16:56.837 [JavaFX Application Thread] DEBUG PrimaryStageWindow   - Scaled ratio: (1.0, 1.0)
10:16:56.838 [JavaFX Application Thread] DEBUG PrimaryStageWindow   - Set initial scene to FXGLStartupScene
10:16:56.842 [JavaFX Application Thread] DEBUG PrimaryStageWindow   - Opening main window
10:16:56.945 [JavaFX Application Thread] DEBUG PrimaryStageWindow   - Window border size: (14.4000244140625, 37.5999755859375)
10:16:56.946 [JavaFX Application Thread] DEBUG PrimaryStageWindow   - Scaled size: 800.0 x 600.0
10:16:56.946 [JavaFX Application Thread] DEBUG PrimaryStageWindow   - Scaled ratio: (1.0, 1.0)
10:16:56.947 [JavaFX Application Thread] DEBUG PrimaryStageWindow   - Scene size: 800.0 x 600.0
10:16:56.947 [JavaFX Application Thread] DEBUG PrimaryStageWindow   - Stage size: 814.4000244140625 x 637.5999755859375
10:16:56.961 [FXGL Background Thread 1 ] DEBUG Engine               - Initializing environment variables
10:16:57.062 [FXGL Background Thread 1 ] DEBUG FXGLAssetLoaderServi - User app class for loading assets: class org.example.App
10:16:57.062 [FXGL Background Thread 1 ] DEBUG GameApplicationServi - Applying CSS: fxgl_dark.css
10:16:57.063 [FXGL Background Thread 1 ] DEBUG FXGLAssetLoaderServi - Loading from file system: jar:file:/C:/Users/Usuario/.m2/repository/com/github/almasb/fxgl/21/fxgl-21.jar!/fxglassets/ui/css/fxgl_dark.css
10:16:57.115 [FXGL Background Thread 1 ] DEBUG GameApplicationServi - Initializing application scenes
10:16:57.168 [FXGL Background Thread 1 ] DEBUG GameWorld            - Game world initialized
10:16:57.266 [FXGL Background Thread 1 ] DEBUG PhysicsWorld         - Physics world initialized: appHeight=600, physics.ppm=50,0
10:16:57.266 [FXGL Background Thread 1 ] DEBUG PhysicsWorld         - Using strategy: BRUTE_FORCE
10:16:57.272 [FXGL Background Thread 1 ] DEBUG GameScene            - Game scene initialized: 800x600
10:16:57.292 [FXGL Background Thread 1 ] DEBUG FXGL.DefaultMenu     - createMenuBodyGameMenu()
10:16:57.312 [FXGL Background Thread 1 ] DEBUG FXGL.DefaultMenu     - createOptionsMenu()
10:16:57.321 [FXGL Background Thread 1 ] DEBUG FXGLAssetLoaderServi - Loading from file system: jar:file:/C:/Users/Usuario/.m2/repository/com/github/almasb/fxgl/21/fxgl-21.jar!/fxglassets/textures/particles/smoke.png
10:16:57.441 [FXGL Background Thread 1 ] DEBUG FXGLAssetLoaderServi - Loading from file system: jar:file:/C:/Users/Usuario/.m2/repository/com/github/almasb/fxgl/21/fxgl-21.jar!/fxglassets/textures/particles/trace_horizontal.png
10:16:57.468 [FXGL Background Thread 1 ] DEBUG GameApplicationServi - Application scenes initialized
10:16:57.484 [FXGL Background Thread 1 ] DEBUG SystemBundleService  - Loading FXGL system data
10:16:57.487 [FXGL Background Thread 1 ] DEBUG FileSystemAccess     - Reading from: F:\Proyectos javafx\javafxgl\fxgl-demoImage\system\fxgl.bundle
10:16:57.497 [FXGL Background Thread 1 ] DEBUG SystemBundleService  - Bundle FXGL: {}
10:16:57.498 [FXGL Background Thread 1 ] DEBUG UpdaterService       - Checking for updates
10:16:57.502 [FXGL Background Thread 4 ] DEBUG FXGLApplication      - Loading fonts
10:16:57.502 [FXGL Background Thread 4 ] DEBUG FXGLAssetLoaderServi - Loading from file system: jar:file:/C:/Users/Usuario/.m2/repository/com/github/almasb/fxgl/21/fxgl-21.jar!/fxglassets/ui/fonts/VarelaRound-Regular.ttf
10:16:57.503 [FXGL Background Thread 1 ] DEBUG FXGLApplication      - Loading default localization
10:16:57.503 [FXGL Background Thread 1 ] DEBUG FXGLAssetLoaderServi - Loading from file system: jar:file:/C:/Users/Usuario/.m2/repository/com/github/almasb/fxgl/21/fxgl-21.jar!/fxglassets/languages/english.lang
10:16:57.541 [FXGL Background Thread 1 ] INFO  FXGLApplication      - FXGL initialization took: 0,580 sec
10:16:57.544 [FXGL Background Thread 4 ] DEBUG FXGLAssetLoaderServi - Loading from file system: jar:file:/C:/Users/Usuario/.m2/repository/com/github/almasb/fxgl/21/fxgl-21.jar!/fxglassets/ui/fonts/Abel-Regular.ttf
10:16:57.556 [FXGL Background Thread 4 ] DEBUG FXGLAssetLoaderServi - Loading from file system: jar:file:/C:/Users/Usuario/.m2/repository/com/github/almasb/fxgl/21/fxgl-21.jar!/fxglassets/ui/fonts/TerminalLandMono-Regular.otf
10:16:57.557 [JavaFX Application Thread] DEBUG Input                - Registered new binding: action0 - A
10:16:57.558 [JavaFX Application Thread] DEBUG Input                - Registered new binding: action1 - D
10:16:57.558 [JavaFX Application Thread] DEBUG Input                - Registered new binding: action2 - W
10:16:57.559 [JavaFX Application Thread] DEBUG Input                - Registered new binding: action3 - S
10:16:57.569 [JavaFX Application Thread] DEBUG FXGLAssetLoaderServi - Loading from file system: file:/F:/Proyectos%20javafx/javafxgl/fxgl-demoImage/target/classes/assets/textures/sprite_player.png
10:16:57.580 [JavaFX Application Thread] DEBUG FXGLAssetLoaderServi - Loading from file system: jar:file:/C:/Users/Usuario/.m2/repository/com/github/almasb/fxgl/21/fxgl-21.jar!/fxglassets/textures/fxgl_icon.png
10:16:57.584 [FXGL Background Thread 4 ] DEBUG FXGLAssetLoaderServi - Loading from file system: jar:file:/C:/Users/Usuario/.m2/repository/com/github/almasb/fxgl/21/fxgl-21.jar!/fxglassets/ui/fonts/Courier-Prime.ttf
10:16:57.602 [JavaFX Application Thread] DEBUG FXGLAssetLoaderServi - Loading from file system: jar:file:/C:/Users/Usuario/.m2/repository/com/github/almasb/fxgl/21/fxgl-21.jar!/fxglassets/textures/fxgl_default_cursor.png
10:16:57.604 [JavaFX Application Thread] DEBUG Input                - Registered new binding: Screenshot - CTRL+8
10:16:57.605 [JavaFX Application Thread] DEBUG Input                - Registered new binding: System info dump - CTRL+9
10:16:57.606 [JavaFX Application Thread] DEBUG Input                - Registered new binding: Restart - CTRL+R
10:16:57.606 [JavaFX Application Thread] DEBUG Input                - Registered new binding: Toggle Debug Camera - CTRL+7
10:16:57.610 [JavaFX Application Thread] DEBUG LoopRunner           - Starting loop
10:16:57.610 [JavaFX Application Thread] DEBUG LoopRunner           - Initializing JavaFX AnimationTimerLoop
10:16:57.611 [JavaFX Application Thread] DEBUG GameApplicationServi - Starting new game
10:16:57.612 [JavaFX Application Thread] DEBUG Input                - Clearing active input actions
10:16:57.628 [JavaFX Application Thread] DEBUG GameApplicationServi - Removing overlay from FXGLStartupScene and adding to FXGLLoadingScene
10:16:57.628 [JavaFX Application Thread] DEBUG PrimaryStageWindow   - FXGLStartupScene -> FXGLLoadingScene
10:16:57.628 [JavaFX Application Thread] DEBUG GameApplicationServi - Clearing previous game
10:16:57.628 [JavaFX Application Thread] DEBUG GameScene            - Clearing game scene
10:16:57.628 [JavaFX Application Thread] DEBUG GameWorld            - Clearing game world
10:16:57.630 [JavaFX Application Thread] DEBUG PhysicsWorld         - Clearing physics world
10:16:57.633 [FXGL Background Thread 4 ] DEBUG FXGLApplication      - Initializing game
10:16:57.635 [FXGL Background Thread 4 ] DEBUG FXGLAssetLoaderServi - Loading from file system: file:/F:/Proyectos%20javafx/javafxgl/fxgl-demoImage/target/classes/assets/textures/bfrances.png
10:16:57.658 [FXGL Background Thread 4 ] INFO  FXGLApplication      - Game initialization took: 0,026 sec
10:16:57.688 [JavaFX Application Thread] DEBUG FXGLApplication      - Registering font factories with UI factory
10:16:57.691 [JavaFX Application Thread] DEBUG Input                - Clearing active input actions
10:16:57.716 [JavaFX Application Thread] DEBUG GameApplicationServi - Removing overlay from FXGLLoadingScene and adding to GameScene
10:16:57.716 [JavaFX Application Thread] DEBUG PrimaryStageWindow   - FXGLLoadingScene -> GameScene
10:16:58.243 [JavaFX Application Thread] DEBUG FXGLAssetLoaderServi - Loading from file system: file:/F:/Proyectos%20javafx/javafxgl/fxgl-demoImage/target/classes/assets/textures/hueso.png
10:17:00.502 [FXGL Background Thread 3 ] DEBUG Engine               - Logging environment variables
10:17:00.504 [FXGL Background Thread 3 ] DEBUG Engine               - achievements: []
10:17:00.505 [FXGL Background Thread 3 ] DEBUG Engine               - actualHeight: 600.0
10:17:00.505 [FXGL Background Thread 3 ] DEBUG Engine               - actualHeightProperty: ReadOnlyDoubleProperty [value: 600.0]
10:17:00.505 [FXGL Background Thread 3 ] DEBUG Engine               - actualWidth: 800.0
10:17:00.506 [FXGL Background Thread 3 ] DEBUG Engine               - actualWidthProperty: ReadOnlyDoubleProperty [value: 800.0]
10:17:00.506 [FXGL Background Thread 3 ] DEBUG Engine               - appIcon: fxgl_icon.png
10:17:00.506 [FXGL Background Thread 3 ] DEBUG Engine               - applicationMode: DEVELOPER
10:17:00.506 [FXGL Background Thread 3 ] DEBUG Engine               - cSSList: [fxgl_dark.css]
10:17:00.506 [FXGL Background Thread 3 ] DEBUG Engine               - collisionDetectionStrategy: BRUTE_FORCE
10:17:00.507 [FXGL Background Thread 3 ] DEBUG Engine               - configClass: Optional.empty
10:17:00.507 [FXGL Background Thread 3 ] DEBUG Engine               - credits: []
10:17:00.508 [FXGL Background Thread 3 ] DEBUG Engine               - defaultCursor: CursorInfo(imageName=fxgl_default_cursor.png, hotspotX=7.0, hotspotY=6.0)
10:17:00.509 [FXGL Background Thread 3 ] DEBUG Engine               - devBBoxColorProperty: ObjectProperty [value: 0xff0000ff]
10:17:00.509 [FXGL Background Thread 3 ] DEBUG Engine               - devEnableDebugCameraProperty: BooleanProperty [value: false]
10:17:00.509 [FXGL Background Thread 3 ] DEBUG Engine               - devSensorColorProperty: ObjectProperty [value: 0xffff00ff]
10:17:00.510 [FXGL Background Thread 3 ] DEBUG Engine               - devShowBBoxProperty: BooleanProperty [value: false]
10:17:00.510 [FXGL Background Thread 3 ] DEBUG Engine               - devShowPositionProperty: BooleanProperty [value: false]
10:17:00.510 [FXGL Background Thread 3 ] DEBUG Engine               - enabledMenuItems: []
10:17:00.510 [FXGL Background Thread 3 ] DEBUG Engine               - engineServices: [class com.almasb.fxgl.app.services.FXGLAssetLoaderService, class com.almasb.fxgl.app.FXGLApplication$GameApplicationService, class com.almasb.fxgl.app.services.FXGLDialogService, class com.almasb.fxgl.app.services.IOTaskExecutorService, class com.almasb.fxgl.io.FileSystemService, class com.almasb.fxgl.localization.LocalizationService, class com.almasb.fxgl.app.services.SystemBundleService, class com.almasb.fxgl.profile.SaveLoadService, class com.almasb.fxgl.ui.FXGLUIFactoryServiceProvider, class com.almasb.fxgl.ui.FXGLDialogFactoryServiceProvider, class com.almasb.fxgl.audio.AudioPlayer, class com.almasb.fxgl.notification.impl.NotificationServiceProvider, class com.almasb.fxgl.achievement.AchievementService, class com.almasb.fxgl.cutscene.CutsceneService, class com.almasb.fxgl.minigames.MiniGameService, class com.almasb.fxgl.net.NetService, class com.almasb.fxgl.app.services.UpdaterService, class com.almasb.fxgl.dev.DevService]
10:17:00.511 [FXGL Background Thread 3 ] DEBUG Engine               - fontGame: Abel-Regular.ttf
10:17:00.511 [FXGL Background Thread 3 ] DEBUG Engine               - fontMono: TerminalLandMono-Regular.otf
10:17:00.511 [FXGL Background Thread 3 ] DEBUG Engine               - fontSizeScaleUI: 1.0
10:17:00.512 [FXGL Background Thread 3 ] DEBUG Engine               - fontText: Courier-Prime.ttf
10:17:00.512 [FXGL Background Thread 3 ] DEBUG Engine               - fontUI: VarelaRound-Regular.ttf
10:17:00.512 [FXGL Background Thread 3 ] DEBUG Engine               - fullScreen: BooleanProperty [value: false]
10:17:00.512 [FXGL Background Thread 3 ] DEBUG Engine               - gameDifficulty: MEDIUM
10:17:00.512 [FXGL Background Thread 3 ] DEBUG Engine               - gameDifficultyProperty: ObjectProperty [value: MEDIUM]
10:17:00.513 [FXGL Background Thread 3 ] DEBUG Engine               - globalMusicVolume: 0.5
10:17:00.513 [FXGL Background Thread 3 ] DEBUG Engine               - globalMusicVolumeProperty: DoubleProperty [value: 0.5]
10:17:00.513 [FXGL Background Thread 3 ] DEBUG Engine               - globalSoundVolume: 0.5
10:17:00.514 [FXGL Background Thread 3 ] DEBUG Engine               - globalSoundVolumeProperty: DoubleProperty [value: 0.5]
10:17:00.514 [FXGL Background Thread 3 ] DEBUG Engine               - height: 600
10:17:00.514 [FXGL Background Thread 3 ] DEBUG Engine               - is3D: false
10:17:00.514 [FXGL Background Thread 3 ] DEBUG Engine               - isAndroid: false
10:17:00.515 [FXGL Background Thread 3 ] DEBUG Engine               - isBrowser: false
10:17:00.515 [FXGL Background Thread 3 ] DEBUG Engine               - isClickFeedbackEnabled: false
10:17:00.515 [FXGL Background Thread 3 ] DEBUG Engine               - isCloseConfirmation: false
10:17:00.515 [FXGL Background Thread 3 ] DEBUG Engine               - isDesktop: true
10:17:00.515 [FXGL Background Thread 3 ] DEBUG Engine               - isDeveloperMenuEnabled: false
10:17:00.516 [FXGL Background Thread 3 ] DEBUG Engine               - isEmbedded: false
10:17:00.516 [FXGL Background Thread 3 ] DEBUG Engine               - isEntityPreloadEnabled: true
10:17:00.516 [FXGL Background Thread 3 ] DEBUG Engine               - isExperimentalTiledLargeMap: false
10:17:00.516 [FXGL Background Thread 3 ] DEBUG Engine               - isFileSystemWriteAllowed: true
10:17:00.517 [FXGL Background Thread 3 ] DEBUG Engine               - isFullScreenAllowed: false
10:17:00.517 [FXGL Background Thread 3 ] DEBUG Engine               - isFullScreenFromStart: false
10:17:00.517 [FXGL Background Thread 3 ] DEBUG Engine               - isGameMenuEnabled: true
10:17:00.517 [FXGL Background Thread 3 ] DEBUG Engine               - isIOS: false
10:17:00.518 [FXGL Background Thread 3 ] DEBUG Engine               - isIntroEnabled: false
10:17:00.518 [FXGL Background Thread 3 ] DEBUG Engine               - isLinux: false
10:17:00.518 [FXGL Background Thread 3 ] DEBUG Engine               - isMac: false
10:17:00.518 [FXGL Background Thread 3 ] DEBUG Engine               - isMainMenuEnabled: false
10:17:00.519 [FXGL Background Thread 3 ] DEBUG Engine               - isManualResizeEnabled: false
10:17:00.519 [FXGL Background Thread 3 ] DEBUG Engine               - isMobile: false
10:17:00.520 [FXGL Background Thread 3 ] DEBUG Engine               - isNative: false
10:17:00.520 [FXGL Background Thread 3 ] DEBUG Engine               - isPauseMusicWhenMinimized: true
10:17:00.520 [FXGL Background Thread 3 ] DEBUG Engine               - isPreserveResizeRatio: false
10:17:00.520 [FXGL Background Thread 3 ] DEBUG Engine               - isProfilingEnabled: false
10:17:00.521 [FXGL Background Thread 3 ] DEBUG Engine               - isScaleAffectedOnResize: true
10:17:00.521 [FXGL Background Thread 3 ] DEBUG Engine               - isSingleStep: false
10:17:00.521 [FXGL Background Thread 3 ] DEBUG Engine               - isUserProfileEnabled: false
10:17:00.521 [FXGL Background Thread 3 ] DEBUG Engine               - isWindows: true
10:17:00.521 [FXGL Background Thread 3 ] DEBUG Engine               - language: ObjectProperty [value: ENGLISH]
10:17:00.522 [FXGL Background Thread 3 ] DEBUG Engine               - menuKey: ESCAPE
10:17:00.522 [FXGL Background Thread 3 ] DEBUG Engine               - mouseSensitivity: 0.2
10:17:00.522 [FXGL Background Thread 3 ] DEBUG Engine               - notificationViewClass: class com.almasb.fxgl.notification.view.XboxNotificationView
10:17:00.522 [FXGL Background Thread 3 ] DEBUG Engine               - pixelsPerMeter: 50.0
10:17:00.523 [FXGL Background Thread 3 ] DEBUG Engine               - platform: WINDOWS
10:17:00.523 [FXGL Background Thread 3 ] DEBUG Engine               - prefHeightProperty: ReadOnlyDoubleProperty [value: 600.0]
10:17:00.523 [FXGL Background Thread 3 ] DEBUG Engine               - prefWidthProperty: ReadOnlyDoubleProperty [value: 800.0]
10:17:00.523 [FXGL Background Thread 3 ] DEBUG Engine               - profileDir: profiles/
10:17:00.524 [FXGL Background Thread 3 ] DEBUG Engine               - profileName: StringProperty [value: DEFAULT]
10:17:00.524 [FXGL Background Thread 3 ] DEBUG Engine               - randomSeed: -1
10:17:00.525 [FXGL Background Thread 3 ] DEBUG Engine               - runtimeInfo: RuntimeInfo(platform=WINDOWS, version=21, build=28.12.2023 13.35)
10:17:00.525 [FXGL Background Thread 3 ] DEBUG Engine               - saveFileExt: sav
10:17:00.525 [FXGL Background Thread 3 ] DEBUG Engine               - scaledHeightProp$fxgl: DoubleProperty [bound, value: 600.0]
10:17:00.525 [FXGL Background Thread 3 ] DEBUG Engine               - scaledWidthProp$fxgl: DoubleProperty [bound, value: 800.0]
10:17:00.526 [FXGL Background Thread 3 ] DEBUG Engine               - sceneFactory: com.almasb.fxgl.app.scene.SceneFactory@5434eb86
10:17:00.526 [FXGL Background Thread 3 ] DEBUG Engine               - secondsIn24h: 60
10:17:00.526 [FXGL Background Thread 3 ] DEBUG Engine               - soundMenuBack: menu/back.wav
10:17:00.526 [FXGL Background Thread 3 ] DEBUG Engine               - soundMenuPress: menu/press.wav
10:17:00.526 [FXGL Background Thread 3 ] DEBUG Engine               - soundMenuSelect: menu/select.wav
10:17:00.527 [FXGL Background Thread 3 ] DEBUG Engine               - soundNotification: core/notification.wav
10:17:00.527 [FXGL Background Thread 3 ] DEBUG Engine               - stageStyle: DECORATED
10:17:00.527 [FXGL Background Thread 3 ] DEBUG Engine               - supportedLanguages: [ENGLISH, FRENCH, GERMAN, HUNGARIAN, RUSSIAN]
10:17:00.527 [FXGL Background Thread 3 ] DEBUG Engine               - ticksPerSecond: -1
10:17:00.528 [FXGL Background Thread 3 ] DEBUG Engine               - title: DemoImage
10:17:00.528 [FXGL Background Thread 3 ] DEBUG Engine               - urlGithub: https://github.com/AlmasB/FXGL
10:17:00.528 [FXGL Background Thread 3 ] DEBUG Engine               - urlLeaderboard: http://fxgl-top.herokuapp.com/
10:17:00.528 [FXGL Background Thread 3 ] DEBUG Engine               - urlPOM: https://raw.githubusercontent.com/AlmasB/FXGL/release/README.md
10:17:00.529 [FXGL Background Thread 3 ] DEBUG Engine               - userAppClass: class org.example.App
10:17:00.529 [FXGL Background Thread 3 ] DEBUG Engine               - version: 0.0
10:17:00.529 [FXGL Background Thread 3 ] DEBUG Engine               - versionCheckDays: 7
10:17:00.529 [FXGL Background Thread 3 ] DEBUG Engine               - width: 800
10:17:00.530 [FXGL Background Thread 3 ] DEBUG Engine               - Logging services
10:17:00.530 [FXGL Background Thread 3 ] DEBUG Engine               - class com.almasb.fxgl.app.services.FXGLAssetLoaderService
10:17:00.530 [FXGL Background Thread 3 ] DEBUG Engine               - class com.almasb.fxgl.app.FXGLApplication$GameApplicationService
10:17:00.530 [FXGL Background Thread 3 ] DEBUG Engine               - class com.almasb.fxgl.app.services.FXGLDialogService
10:17:00.530 [FXGL Background Thread 3 ] DEBUG Engine               - class com.almasb.fxgl.app.services.IOTaskExecutorService
10:17:00.531 [FXGL Background Thread 3 ] DEBUG Engine               - class com.almasb.fxgl.io.FileSystemService
10:17:00.531 [FXGL Background Thread 3 ] DEBUG Engine               - class com.almasb.fxgl.localization.LocalizationService
10:17:00.531 [FXGL Background Thread 3 ] DEBUG Engine               - class com.almasb.fxgl.app.services.SystemBundleService
10:17:00.531 [FXGL Background Thread 3 ] DEBUG Engine               - class com.almasb.fxgl.profile.SaveLoadService
10:17:00.531 [FXGL Background Thread 3 ] DEBUG Engine               - class com.almasb.fxgl.ui.FXGLUIFactoryServiceProvider
10:17:00.531 [FXGL Background Thread 3 ] DEBUG Engine               - class com.almasb.fxgl.ui.FXGLDialogFactoryServiceProvider
10:17:00.532 [FXGL Background Thread 3 ] DEBUG Engine               - class com.almasb.fxgl.audio.AudioPlayer
10:17:00.532 [FXGL Background Thread 3 ] DEBUG Engine               - class com.almasb.fxgl.notification.impl.NotificationServiceProvider
10:17:00.532 [FXGL Background Thread 3 ] DEBUG Engine               - class com.almasb.fxgl.achievement.AchievementService
10:17:00.532 [FXGL Background Thread 3 ] DEBUG Engine               - class com.almasb.fxgl.cutscene.CutsceneService
10:17:00.532 [FXGL Background Thread 3 ] DEBUG Engine               - class com.almasb.fxgl.minigames.MiniGameService
10:17:00.532 [FXGL Background Thread 3 ] DEBUG Engine               - class com.almasb.fxgl.net.NetService
10:17:00.533 [FXGL Background Thread 3 ] DEBUG Engine               - class com.almasb.fxgl.app.services.UpdaterService
10:17:00.533 [FXGL Background Thread 3 ] DEBUG Engine               - class com.almasb.fxgl.dev.DevService
10:17:01.676 [JavaFX Application Thread] DEBUG FXGLApplication      - Exiting FXGL
10:17:01.676 [JavaFX Application Thread] DEBUG LoopRunner           - Stopping loop
10:17:01.676 [JavaFX Application Thread] DEBUG SystemBundleService  - Saving FXGL system data
10:17:01.678 [JavaFX Application Thread] DEBUG FileSystemAccess     - Writing to: F:\Proyectos javafx\javafxgl\fxgl-demoImage\system\fxgl.bundle
10:17:01.680 [JavaFX Application Thread] DEBUG Async                - Shutting down background threads
10:17:01.680 [JavaFX Application Thread] DEBUG PrimaryStageWindow   - Closing main window
10:17:01.701 [JavaFX Application Thread] DEBUG Logger               - Closing Logger
