12:21:28.459 [main                     ] DEBUG Logger               - Configured Logger
12:21:28.487 [main                     ] DEBUG GameApplication      - Logging settings
Title: DemoImage
Version: 0.0
Width: 800
Height: 600
Fullscreen: false
Intro: false
Profiling: false
Single step:false
App Mode: DEVELOPER
Menu Key: ESCAPE
Stage Style: DECORATED
Scene Factory: class com.almasb.fxgl.app.scene.SceneFactory

12:21:28.857 [JavaFX Application Thread] DEBUG FXGLApplication      - Initializing FXGL
12:21:28.869 [JavaFX Application Thread] INFO  Engine               - FXGL-21 (28.12.2023 13.35) on WINDOWS (J:21.0.1 FX:21.0.1)
12:21:28.869 [JavaFX Application Thread] DEBUG Engine               - JRE Vendor Name: Oracle Corporation
12:21:28.870 [JavaFX Application Thread] DEBUG Engine               - Running on OS: Windows 10 version 10.0
12:21:28.870 [JavaFX Application Thread] DEBUG Engine               - Architecture: amd64
12:21:28.870 [JavaFX Application Thread] INFO  Engine               - Source code and latest versions at: https://github.com/AlmasB/FXGL
12:21:28.870 [JavaFX Application Thread] INFO  Engine               -       Ask questions and discuss at: https://github.com/AlmasB/FXGL/discussions
12:21:28.870 [JavaFX Application Thread] INFO  Engine               -              Join the FXGL chat at: https://gitter.im/AlmasB/FXGL
12:21:29.000 [JavaFX Application Thread] DEBUG PrimaryStageWindow   - Creating a JavaFX scene
12:21:29.058 [JavaFX Application Thread] DEBUG PrimaryStageWindow   - Target settings size: 800.0 x 600.0
12:21:29.058 [JavaFX Application Thread] DEBUG PrimaryStageWindow   - Scaled scene size:    800.0 x 600.0
12:21:29.059 [JavaFX Application Thread] DEBUG PrimaryStageWindow   - Scaled ratio: (1.0, 1.0)
12:21:29.060 [JavaFX Application Thread] DEBUG PrimaryStageWindow   - Set initial scene to FXGLStartupScene
12:21:29.066 [JavaFX Application Thread] DEBUG PrimaryStageWindow   - Opening main window
12:21:29.174 [JavaFX Application Thread] DEBUG PrimaryStageWindow   - Window border size: (14.4000244140625, 37.5999755859375)
12:21:29.175 [JavaFX Application Thread] DEBUG PrimaryStageWindow   - Scaled size: 800.0 x 600.0
12:21:29.175 [JavaFX Application Thread] DEBUG PrimaryStageWindow   - Scaled ratio: (1.0, 1.0)
12:21:29.175 [JavaFX Application Thread] DEBUG PrimaryStageWindow   - Scene size: 800.0 x 600.0
12:21:29.176 [JavaFX Application Thread] DEBUG PrimaryStageWindow   - Stage size: 814.4000244140625 x 637.5999755859375
12:21:29.187 [FXGL Background Thread 1 ] DEBUG Engine               - Initializing environment variables
12:21:29.276 [FXGL Background Thread 1 ] DEBUG FXGLAssetLoaderServi - User app class for loading assets: class org.example.App
12:21:29.276 [FXGL Background Thread 1 ] DEBUG GameApplicationServi - Applying CSS: fxgl_dark.css
12:21:29.277 [FXGL Background Thread 1 ] DEBUG FXGLAssetLoaderServi - Loading from file system: jar:file:/C:/Users/Usuario/.m2/repository/com/github/almasb/fxgl/21/fxgl-21.jar!/fxglassets/ui/css/fxgl_dark.css
12:21:29.336 [FXGL Background Thread 1 ] DEBUG GameApplicationServi - Initializing application scenes
12:21:29.394 [FXGL Background Thread 1 ] DEBUG GameWorld            - Game world initialized
12:21:29.485 [FXGL Background Thread 1 ] DEBUG PhysicsWorld         - Physics world initialized: appHeight=600, physics.ppm=50,0
12:21:29.485 [FXGL Background Thread 1 ] DEBUG PhysicsWorld         - Using strategy: BRUTE_FORCE
12:21:29.490 [FXGL Background Thread 1 ] DEBUG GameScene            - Game scene initialized: 800x600
12:21:29.506 [FXGL Background Thread 1 ] DEBUG FXGL.DefaultMenu     - createMenuBodyGameMenu()
12:21:29.520 [FXGL Background Thread 1 ] DEBUG FXGL.DefaultMenu     - createOptionsMenu()
12:21:29.529 [FXGL Background Thread 1 ] DEBUG FXGLAssetLoaderServi - Loading from file system: jar:file:/C:/Users/Usuario/.m2/repository/com/github/almasb/fxgl/21/fxgl-21.jar!/fxglassets/textures/particles/smoke.png
12:21:29.691 [FXGL Background Thread 1 ] DEBUG FXGLAssetLoaderServi - Loading from file system: jar:file:/C:/Users/Usuario/.m2/repository/com/github/almasb/fxgl/21/fxgl-21.jar!/fxglassets/textures/particles/trace_horizontal.png
12:21:29.737 [FXGL Background Thread 1 ] DEBUG GameApplicationServi - Application scenes initialized
12:21:29.755 [FXGL Background Thread 1 ] DEBUG SystemBundleService  - Loading FXGL system data
12:21:29.759 [FXGL Background Thread 1 ] DEBUG FileSystemAccess     - Reading from: F:\Proyectos javafx\javafxgl\fxgl-demoImage\system\fxgl.bundle
12:21:29.770 [FXGL Background Thread 1 ] DEBUG SystemBundleService  - Bundle FXGL: {}
12:21:29.771 [FXGL Background Thread 1 ] DEBUG UpdaterService       - Checking for updates
12:21:29.783 [FXGL Background Thread 4 ] DEBUG FXGLApplication      - Loading fonts
12:21:29.784 [FXGL Background Thread 4 ] DEBUG FXGLAssetLoaderServi - Loading from file system: jar:file:/C:/Users/Usuario/.m2/repository/com/github/almasb/fxgl/21/fxgl-21.jar!/fxglassets/ui/fonts/VarelaRound-Regular.ttf
12:21:29.785 [FXGL Background Thread 1 ] DEBUG FXGLApplication      - Loading default localization
12:21:29.786 [FXGL Background Thread 1 ] DEBUG FXGLAssetLoaderServi - Loading from file system: jar:file:/C:/Users/Usuario/.m2/repository/com/github/almasb/fxgl/21/fxgl-21.jar!/fxglassets/languages/english.lang
12:21:29.848 [FXGL Background Thread 4 ] DEBUG FXGLAssetLoaderServi - Loading from file system: jar:file:/C:/Users/Usuario/.m2/repository/com/github/almasb/fxgl/21/fxgl-21.jar!/fxglassets/ui/fonts/Abel-Regular.ttf
12:21:29.854 [FXGL Background Thread 1 ] INFO  FXGLApplication      - FXGL initialization took: 0,667 sec
12:21:29.859 [FXGL Background Thread 4 ] DEBUG FXGLAssetLoaderServi - Loading from file system: jar:file:/C:/Users/Usuario/.m2/repository/com/github/almasb/fxgl/21/fxgl-21.jar!/fxglassets/ui/fonts/TerminalLandMono-Regular.otf
12:21:29.871 [FXGL Background Thread 4 ] DEBUG FXGLAssetLoaderServi - Loading from file system: jar:file:/C:/Users/Usuario/.m2/repository/com/github/almasb/fxgl/21/fxgl-21.jar!/fxglassets/ui/fonts/Courier-Prime.ttf
12:21:29.873 [JavaFX Application Thread] DEBUG Input                - Registered new binding: action0 - J
12:21:29.873 [JavaFX Application Thread] DEBUG Input                - Registered new binding: action1 - L
12:21:29.874 [JavaFX Application Thread] DEBUG Input                - Registered new binding: action2 - I
12:21:29.874 [JavaFX Application Thread] DEBUG Input                - Registered new binding: action3 - K
12:21:29.875 [JavaFX Application Thread] DEBUG Input                - Registered new binding: action4 - A
12:21:29.875 [JavaFX Application Thread] DEBUG Input                - Registered new binding: action5 - D
12:21:29.875 [JavaFX Application Thread] DEBUG Input                - Registered new binding: action6 - W
12:21:29.875 [JavaFX Application Thread] DEBUG Input                - Registered new binding: action7 - S
12:21:29.876 [JavaFX Application Thread] DEBUG FXGLAssetLoaderServi - Loading from file system: jar:file:/C:/Users/Usuario/.m2/repository/com/github/almasb/fxgl/21/fxgl-21.jar!/fxglassets/textures/fxgl_icon.png
12:21:29.899 [JavaFX Application Thread] DEBUG FXGLAssetLoaderServi - Loading from file system: jar:file:/C:/Users/Usuario/.m2/repository/com/github/almasb/fxgl/21/fxgl-21.jar!/fxglassets/textures/fxgl_default_cursor.png
12:21:29.902 [JavaFX Application Thread] DEBUG Input                - Registered new binding: Screenshot - CTRL+8
12:21:29.903 [JavaFX Application Thread] DEBUG Input                - Registered new binding: System info dump - CTRL+9
12:21:29.903 [JavaFX Application Thread] DEBUG Input                - Registered new binding: Restart - CTRL+R
12:21:29.904 [JavaFX Application Thread] DEBUG Input                - Registered new binding: Toggle Debug Camera - CTRL+7
12:21:29.907 [JavaFX Application Thread] DEBUG LoopRunner           - Starting loop
12:21:29.908 [JavaFX Application Thread] DEBUG LoopRunner           - Initializing JavaFX AnimationTimerLoop
12:21:29.910 [JavaFX Application Thread] DEBUG GameApplicationServi - Starting new game
12:21:29.910 [JavaFX Application Thread] DEBUG Input                - Clearing active input actions
12:21:29.927 [JavaFX Application Thread] DEBUG GameApplicationServi - Removing overlay from FXGLStartupScene and adding to FXGLLoadingScene
12:21:29.927 [JavaFX Application Thread] DEBUG PrimaryStageWindow   - FXGLStartupScene -> FXGLLoadingScene
12:21:29.928 [JavaFX Application Thread] DEBUG GameApplicationServi - Clearing previous game
12:21:29.928 [JavaFX Application Thread] DEBUG GameScene            - Clearing game scene
12:21:29.928 [JavaFX Application Thread] DEBUG GameWorld            - Clearing game world
12:21:29.928 [JavaFX Application Thread] DEBUG PhysicsWorld         - Clearing physics world
12:21:29.930 [FXGL Background Thread 4 ] DEBUG FXGLApplication      - Initializing game
12:21:29.945 [FXGL Background Thread 4 ] DEBUG FXGLAssetLoaderServi - Loading from file system: file:/F:/Proyectos%20javafx/javafxgl/fxgl-demoImage/target/classes/assets/textures/bosque.jpg
12:21:30.048 [FXGL Background Thread 4 ] DEBUG FXGLAssetLoaderServi - Loading from file system: file:/F:/Proyectos%20javafx/javafxgl/fxgl-demoImage/target/classes/assets/textures/sprite_pug.png
12:21:30.068 [FXGL Background Thread 4 ] DEBUG FXGLAssetLoaderServi - Loading from file system: file:/F:/Proyectos%20javafx/javafxgl/fxgl-demoImage/target/classes/assets/textures/sprite_player.png
12:21:30.084 [FXGL Background Thread 4 ] INFO  FXGLApplication      - Game initialization took: 0,153 sec
12:21:30.088 [JavaFX Application Thread] DEBUG Input                - Clearing active input actions
12:21:30.102 [JavaFX Application Thread] DEBUG GameApplicationServi - Removing overlay from FXGLLoadingScene and adding to GameScene
12:21:30.103 [JavaFX Application Thread] DEBUG PrimaryStageWindow   - FXGLLoadingScene -> GameScene
12:21:30.345 [JavaFX Application Thread] DEBUG FXGLAssetLoaderServi - Loading from file system: file:/F:/Proyectos%20javafx/javafxgl/fxgl-demoImage/target/classes/assets/textures/hueso.png
12:21:32.769 [JavaFX Application Thread] DEBUG FXGLApplication      - Exiting FXGL
12:21:32.769 [JavaFX Application Thread] DEBUG LoopRunner           - Stopping loop
12:21:32.769 [JavaFX Application Thread] DEBUG SystemBundleService  - Saving FXGL system data
12:21:32.771 [JavaFX Application Thread] DEBUG FileSystemAccess     - Writing to: F:\Proyectos javafx\javafxgl\fxgl-demoImage\system\fxgl.bundle
12:21:32.773 [JavaFX Application Thread] DEBUG Async                - Shutting down background threads
12:21:32.773 [JavaFX Application Thread] DEBUG PrimaryStageWindow   - Closing main window
12:21:32.793 [JavaFX Application Thread] DEBUG Logger               - Closing Logger
