19:16:31.928 [main                     ] DEBUG Logger               - Configured Logger
19:16:31.955 [main                     ] DEBUG GameApplication      - Logging settings
Title: DemoImage
Version: 0.0
Width: 300
Height: 400
Fullscreen: false
Intro: false
Profiling: false
Single step:false
App Mode: DEVELOPER
Menu Key: ESCAPE
Stage Style: DECORATED
Scene Factory: class com.almasb.fxgl.app.scene.SceneFactory

19:16:32.337 [JavaFX Application Thread] DEBUG FXGLApplication      - Initializing FXGL
19:16:32.348 [JavaFX Application Thread] INFO  Engine               - FXGL-21 (28.12.2023 13.35) on WINDOWS (J:21.0.1 FX:21.0.1)
19:16:32.348 [JavaFX Application Thread] DEBUG Engine               - JRE Vendor Name: Oracle Corporation
19:16:32.349 [JavaFX Application Thread] DEBUG Engine               - Running on OS: Windows 10 version 10.0
19:16:32.349 [JavaFX Application Thread] DEBUG Engine               - Architecture: amd64
19:16:32.349 [JavaFX Application Thread] INFO  Engine               - Source code and latest versions at: https://github.com/AlmasB/FXGL
19:16:32.349 [JavaFX Application Thread] INFO  Engine               -       Ask questions and discuss at: https://github.com/AlmasB/FXGL/discussions
19:16:32.349 [JavaFX Application Thread] INFO  Engine               -              Join the FXGL chat at: https://gitter.im/AlmasB/FXGL
19:16:32.471 [JavaFX Application Thread] DEBUG PrimaryStageWindow   - Creating a JavaFX scene
19:16:32.529 [JavaFX Application Thread] DEBUG PrimaryStageWindow   - Target settings size: 300.0 x 400.0
19:16:32.530 [JavaFX Application Thread] DEBUG PrimaryStageWindow   - Scaled scene size:    300.0 x 400.0
19:16:32.530 [JavaFX Application Thread] DEBUG PrimaryStageWindow   - Scaled ratio: (1.0, 1.0)
19:16:32.531 [JavaFX Application Thread] DEBUG PrimaryStageWindow   - Set initial scene to FXGLStartupScene
19:16:32.534 [JavaFX Application Thread] DEBUG PrimaryStageWindow   - Opening main window
19:16:32.641 [JavaFX Application Thread] DEBUG PrimaryStageWindow   - Window border size: (14.399993896484375, 37.600006103515625)
19:16:32.642 [JavaFX Application Thread] DEBUG PrimaryStageWindow   - Scaled size: 300.0 x 400.0
19:16:32.642 [JavaFX Application Thread] DEBUG PrimaryStageWindow   - Scaled ratio: (1.0, 1.0)
19:16:32.643 [JavaFX Application Thread] DEBUG PrimaryStageWindow   - Scene size: 300.0 x 400.0
19:16:32.643 [JavaFX Application Thread] DEBUG PrimaryStageWindow   - Stage size: 314.3999938964844 x 437.6000061035156
19:16:32.655 [FXGL Background Thread 1 ] DEBUG Engine               - Initializing environment variables
19:16:32.753 [FXGL Background Thread 1 ] DEBUG FXGLAssetLoaderServi - User app class for loading assets: class org.example.App
19:16:32.753 [FXGL Background Thread 1 ] DEBUG GameApplicationServi - Applying CSS: fxgl_dark.css
19:16:32.755 [FXGL Background Thread 1 ] DEBUG FXGLAssetLoaderServi - Loading from file system: jar:file:/C:/Users/Usuario/.m2/repository/com/github/almasb/fxgl/21/fxgl-21.jar!/fxglassets/ui/css/fxgl_dark.css
19:16:32.827 [FXGL Background Thread 1 ] DEBUG GameApplicationServi - Initializing application scenes
19:16:32.887 [FXGL Background Thread 1 ] DEBUG GameWorld            - Game world initialized
19:16:32.980 [FXGL Background Thread 1 ] DEBUG PhysicsWorld         - Physics world initialized: appHeight=400, physics.ppm=50,0
19:16:32.981 [FXGL Background Thread 1 ] DEBUG PhysicsWorld         - Using strategy: BRUTE_FORCE
19:16:32.986 [FXGL Background Thread 1 ] DEBUG GameScene            - Game scene initialized: 300x400
19:16:33.002 [FXGL Background Thread 1 ] WARN  FXGL.DefaultMenu     - FXGLDefaultMenu is not designed for resolutions < 800x600
19:16:33.002 [FXGL Background Thread 1 ] DEBUG FXGL.DefaultMenu     - createMenuBodyGameMenu()
19:16:33.018 [FXGL Background Thread 1 ] DEBUG FXGL.DefaultMenu     - createOptionsMenu()
19:16:33.027 [FXGL Background Thread 1 ] DEBUG FXGLAssetLoaderServi - Loading from file system: jar:file:/C:/Users/Usuario/.m2/repository/com/github/almasb/fxgl/21/fxgl-21.jar!/fxglassets/textures/particles/smoke.png
19:16:33.167 [FXGL Background Thread 1 ] DEBUG FXGLAssetLoaderServi - Loading from file system: jar:file:/C:/Users/Usuario/.m2/repository/com/github/almasb/fxgl/21/fxgl-21.jar!/fxglassets/textures/particles/trace_horizontal.png
19:16:33.198 [FXGL Background Thread 1 ] DEBUG GameApplicationServi - Application scenes initialized
19:16:33.214 [FXGL Background Thread 1 ] DEBUG SystemBundleService  - Loading FXGL system data
19:16:33.217 [FXGL Background Thread 1 ] DEBUG FileSystemAccess     - Reading from: F:\Proyectos javafx\javafxgl\fxgl-demoImage\system\fxgl.bundle
19:16:33.228 [FXGL Background Thread 1 ] DEBUG SystemBundleService  - Bundle FXGL: {}
19:16:33.228 [FXGL Background Thread 1 ] DEBUG UpdaterService       - Checking for updates
19:16:33.233 [FXGL Background Thread 4 ] DEBUG FXGLApplication      - Loading fonts
19:16:33.233 [FXGL Background Thread 4 ] DEBUG FXGLAssetLoaderServi - Loading from file system: jar:file:/C:/Users/Usuario/.m2/repository/com/github/almasb/fxgl/21/fxgl-21.jar!/fxglassets/ui/fonts/VarelaRound-Regular.ttf
19:16:33.234 [FXGL Background Thread 1 ] DEBUG FXGLApplication      - Loading default localization
19:16:33.234 [FXGL Background Thread 1 ] DEBUG FXGLAssetLoaderServi - Loading from file system: jar:file:/C:/Users/Usuario/.m2/repository/com/github/almasb/fxgl/21/fxgl-21.jar!/fxglassets/languages/english.lang
19:16:33.290 [FXGL Background Thread 4 ] DEBUG FXGLAssetLoaderServi - Loading from file system: jar:file:/C:/Users/Usuario/.m2/repository/com/github/almasb/fxgl/21/fxgl-21.jar!/fxglassets/ui/fonts/Abel-Regular.ttf
19:16:33.294 [FXGL Background Thread 1 ] INFO  FXGLApplication      - FXGL initialization took: 0,639 sec
19:16:33.300 [FXGL Background Thread 4 ] DEBUG FXGLAssetLoaderServi - Loading from file system: jar:file:/C:/Users/Usuario/.m2/repository/com/github/almasb/fxgl/21/fxgl-21.jar!/fxglassets/ui/fonts/TerminalLandMono-Regular.otf
19:16:33.309 [JavaFX Application Thread] DEBUG Input                - Registered new binding: action0 - A
19:16:33.309 [JavaFX Application Thread] DEBUG Input                - Registered new binding: action1 - D
19:16:33.310 [JavaFX Application Thread] DEBUG Input                - Registered new binding: action2 - W
19:16:33.310 [JavaFX Application Thread] DEBUG Input                - Registered new binding: action3 - S
19:16:33.310 [JavaFX Application Thread] DEBUG FXGLAssetLoaderServi - Loading from file system: jar:file:/C:/Users/Usuario/.m2/repository/com/github/almasb/fxgl/21/fxgl-21.jar!/fxglassets/textures/fxgl_icon.png
19:16:33.312 [FXGL Background Thread 4 ] DEBUG FXGLAssetLoaderServi - Loading from file system: jar:file:/C:/Users/Usuario/.m2/repository/com/github/almasb/fxgl/21/fxgl-21.jar!/fxglassets/ui/fonts/Courier-Prime.ttf
19:16:33.338 [JavaFX Application Thread] DEBUG FXGLAssetLoaderServi - Loading from file system: jar:file:/C:/Users/Usuario/.m2/repository/com/github/almasb/fxgl/21/fxgl-21.jar!/fxglassets/textures/fxgl_default_cursor.png
19:16:33.341 [JavaFX Application Thread] DEBUG Input                - Registered new binding: Screenshot - CTRL+8
19:16:33.342 [JavaFX Application Thread] DEBUG Input                - Registered new binding: System info dump - CTRL+9
19:16:33.342 [JavaFX Application Thread] DEBUG Input                - Registered new binding: Restart - CTRL+R
19:16:33.343 [JavaFX Application Thread] DEBUG Input                - Registered new binding: Toggle Debug Camera - CTRL+7
19:16:33.348 [JavaFX Application Thread] DEBUG LoopRunner           - Starting loop
19:16:33.348 [JavaFX Application Thread] DEBUG LoopRunner           - Initializing JavaFX AnimationTimerLoop
19:16:33.350 [JavaFX Application Thread] DEBUG GameApplicationServi - Starting new game
19:16:33.350 [JavaFX Application Thread] DEBUG Input                - Clearing active input actions
19:16:33.364 [JavaFX Application Thread] DEBUG GameApplicationServi - Removing overlay from FXGLStartupScene and adding to FXGLLoadingScene
19:16:33.364 [JavaFX Application Thread] DEBUG PrimaryStageWindow   - FXGLStartupScene -> FXGLLoadingScene
19:16:33.365 [JavaFX Application Thread] DEBUG GameApplicationServi - Clearing previous game
19:16:33.365 [JavaFX Application Thread] DEBUG GameScene            - Clearing game scene
19:16:33.365 [JavaFX Application Thread] DEBUG GameWorld            - Clearing game world
19:16:33.365 [JavaFX Application Thread] DEBUG PhysicsWorld         - Clearing physics world
19:16:33.367 [JavaFX Application Thread] DEBUG FXGLApplication      - Registering font factories with UI factory
19:16:33.383 [FXGL Background Thread 4 ] DEBUG FXGLAssetLoaderServi - Loading from file system: file:/F:/Proyectos%20javafx/javafxgl/fxgl-demoImage/target/classes/assets/textures/bosque.jpg
19:16:33.473 [FXGL Background Thread 4 ] DEBUG FXGLAssetLoaderServi - Loading from file system: file:/F:/Proyectos%20javafx/javafxgl/fxgl-demoImage/target/classes/assets/textures/perro-right.png
19:16:33.509 [FXGL Background Thread 4 ] DEBUG FXGLAssetLoaderServi - Loading from file system: file:/F:/Proyectos%20javafx/javafxgl/fxgl-demoImage/target/classes/assets/textures/sprite_player.png
19:16:33.520 [FXGL Background Thread 4 ] INFO  FXGLApplication      - Game initialization took: 0,153 sec
19:16:33.539 [JavaFX Application Thread] DEBUG Input                - Clearing active input actions
19:16:33.550 [JavaFX Application Thread] DEBUG GameApplicationServi - Removing overlay from FXGLLoadingScene and adding to GameScene
19:16:33.551 [JavaFX Application Thread] DEBUG PrimaryStageWindow   - FXGLLoadingScene -> GameScene
19:16:33.745 [JavaFX Application Thread] DEBUG FXGLAssetLoaderServi - Loading from file system: file:/F:/Proyectos%20javafx/javafxgl/fxgl-demoImage/target/classes/assets/textures/hueso.png
19:16:36.233 [FXGL Background Thread 3 ] DEBUG Engine               - Logging environment variables
19:16:36.236 [FXGL Background Thread 3 ] DEBUG Engine               - achievements: []
19:16:36.236 [FXGL Background Thread 3 ] DEBUG Engine               - actualHeight: 400.0
19:16:36.237 [FXGL Background Thread 3 ] DEBUG Engine               - actualHeightProperty: ReadOnlyDoubleProperty [value: 400.0]
19:16:36.238 [FXGL Background Thread 3 ] DEBUG Engine               - actualWidth: 300.0
19:16:36.238 [FXGL Background Thread 3 ] DEBUG Engine               - actualWidthProperty: ReadOnlyDoubleProperty [value: 300.0]
19:16:36.239 [FXGL Background Thread 3 ] DEBUG Engine               - appIcon: fxgl_icon.png
19:16:36.239 [FXGL Background Thread 3 ] DEBUG Engine               - applicationMode: DEVELOPER
19:16:36.240 [FXGL Background Thread 3 ] DEBUG Engine               - cSSList: [fxgl_dark.css]
19:16:36.240 [FXGL Background Thread 3 ] DEBUG Engine               - collisionDetectionStrategy: BRUTE_FORCE
19:16:36.241 [FXGL Background Thread 3 ] DEBUG Engine               - configClass: Optional.empty
19:16:36.241 [FXGL Background Thread 3 ] DEBUG Engine               - credits: []
19:16:36.243 [FXGL Background Thread 3 ] DEBUG Engine               - defaultCursor: CursorInfo(imageName=fxgl_default_cursor.png, hotspotX=7.0, hotspotY=6.0)
19:16:36.244 [FXGL Background Thread 3 ] DEBUG Engine               - devBBoxColorProperty: ObjectProperty [value: 0xff0000ff]
19:16:36.244 [FXGL Background Thread 3 ] DEBUG Engine               - devEnableDebugCameraProperty: BooleanProperty [value: false]
19:16:36.245 [FXGL Background Thread 3 ] DEBUG Engine               - devSensorColorProperty: ObjectProperty [value: 0xffff00ff]
19:16:36.245 [FXGL Background Thread 3 ] DEBUG Engine               - devShowBBoxProperty: BooleanProperty [value: false]
19:16:36.246 [FXGL Background Thread 3 ] DEBUG Engine               - devShowPositionProperty: BooleanProperty [value: false]
19:16:36.246 [FXGL Background Thread 3 ] DEBUG Engine               - enabledMenuItems: []
19:16:36.246 [FXGL Background Thread 3 ] DEBUG Engine               - engineServices: [class com.almasb.fxgl.app.services.FXGLAssetLoaderService, class com.almasb.fxgl.app.FXGLApplication$GameApplicationService, class com.almasb.fxgl.app.services.FXGLDialogService, class com.almasb.fxgl.app.services.IOTaskExecutorService, class com.almasb.fxgl.io.FileSystemService, class com.almasb.fxgl.localization.LocalizationService, class com.almasb.fxgl.app.services.SystemBundleService, class com.almasb.fxgl.profile.SaveLoadService, class com.almasb.fxgl.ui.FXGLUIFactoryServiceProvider, class com.almasb.fxgl.ui.FXGLDialogFactoryServiceProvider, class com.almasb.fxgl.audio.AudioPlayer, class com.almasb.fxgl.notification.impl.NotificationServiceProvider, class com.almasb.fxgl.achievement.AchievementService, class com.almasb.fxgl.cutscene.CutsceneService, class com.almasb.fxgl.minigames.MiniGameService, class com.almasb.fxgl.net.NetService, class com.almasb.fxgl.app.services.UpdaterService, class com.almasb.fxgl.dev.DevService]
19:16:36.247 [FXGL Background Thread 3 ] DEBUG Engine               - fontGame: Abel-Regular.ttf
19:16:36.247 [FXGL Background Thread 3 ] DEBUG Engine               - fontMono: TerminalLandMono-Regular.otf
19:16:36.247 [FXGL Background Thread 3 ] DEBUG Engine               - fontSizeScaleUI: 1.0
19:16:36.248 [FXGL Background Thread 3 ] DEBUG Engine               - fontText: Courier-Prime.ttf
19:16:36.248 [FXGL Background Thread 3 ] DEBUG Engine               - fontUI: VarelaRound-Regular.ttf
19:16:36.248 [FXGL Background Thread 3 ] DEBUG Engine               - fullScreen: BooleanProperty [value: false]
19:16:36.248 [FXGL Background Thread 3 ] DEBUG Engine               - gameDifficulty: MEDIUM
19:16:36.248 [FXGL Background Thread 3 ] DEBUG Engine               - gameDifficultyProperty: ObjectProperty [value: MEDIUM]
19:16:36.249 [FXGL Background Thread 3 ] DEBUG Engine               - globalMusicVolume: 0.5
19:16:36.249 [FXGL Background Thread 3 ] DEBUG Engine               - globalMusicVolumeProperty: DoubleProperty [value: 0.5]
19:16:36.250 [FXGL Background Thread 3 ] DEBUG Engine               - globalSoundVolume: 0.5
19:16:36.250 [FXGL Background Thread 3 ] DEBUG Engine               - globalSoundVolumeProperty: DoubleProperty [value: 0.5]
19:16:36.250 [FXGL Background Thread 3 ] DEBUG Engine               - height: 400
19:16:36.250 [FXGL Background Thread 3 ] DEBUG Engine               - is3D: false
19:16:36.251 [FXGL Background Thread 3 ] DEBUG Engine               - isAndroid: false
19:16:36.251 [FXGL Background Thread 3 ] DEBUG Engine               - isBrowser: false
19:16:36.251 [FXGL Background Thread 3 ] DEBUG Engine               - isClickFeedbackEnabled: false
19:16:36.251 [FXGL Background Thread 3 ] DEBUG Engine               - isCloseConfirmation: false
19:16:36.251 [FXGL Background Thread 3 ] DEBUG Engine               - isDesktop: true
19:16:36.252 [FXGL Background Thread 3 ] DEBUG Engine               - isDeveloperMenuEnabled: false
19:16:36.252 [FXGL Background Thread 3 ] DEBUG Engine               - isEmbedded: false
19:16:36.252 [FXGL Background Thread 3 ] DEBUG Engine               - isEntityPreloadEnabled: true
19:16:36.253 [FXGL Background Thread 3 ] DEBUG Engine               - isExperimentalTiledLargeMap: false
19:16:36.253 [FXGL Background Thread 3 ] DEBUG Engine               - isFileSystemWriteAllowed: true
19:16:36.253 [FXGL Background Thread 3 ] DEBUG Engine               - isFullScreenAllowed: false
19:16:36.253 [FXGL Background Thread 3 ] DEBUG Engine               - isFullScreenFromStart: false
19:16:36.254 [FXGL Background Thread 3 ] DEBUG Engine               - isGameMenuEnabled: true
19:16:36.254 [FXGL Background Thread 3 ] DEBUG Engine               - isIOS: false
19:16:36.254 [FXGL Background Thread 3 ] DEBUG Engine               - isIntroEnabled: false
19:16:36.255 [FXGL Background Thread 3 ] DEBUG Engine               - isLinux: false
19:16:36.255 [FXGL Background Thread 3 ] DEBUG Engine               - isMac: false
19:16:36.255 [FXGL Background Thread 3 ] DEBUG Engine               - isMainMenuEnabled: false
19:16:36.256 [FXGL Background Thread 3 ] DEBUG Engine               - isManualResizeEnabled: false
19:16:36.256 [FXGL Background Thread 3 ] DEBUG Engine               - isMobile: false
19:16:36.256 [FXGL Background Thread 3 ] DEBUG Engine               - isNative: false
19:16:36.256 [FXGL Background Thread 3 ] DEBUG Engine               - isPauseMusicWhenMinimized: true
19:16:36.257 [FXGL Background Thread 3 ] DEBUG Engine               - isPreserveResizeRatio: false
19:16:36.257 [FXGL Background Thread 3 ] DEBUG Engine               - isProfilingEnabled: false
19:16:36.257 [FXGL Background Thread 3 ] DEBUG Engine               - isScaleAffectedOnResize: true
19:16:36.257 [FXGL Background Thread 3 ] DEBUG Engine               - isSingleStep: false
19:16:36.257 [FXGL Background Thread 3 ] DEBUG Engine               - isUserProfileEnabled: false
19:16:36.258 [FXGL Background Thread 3 ] DEBUG Engine               - isWindows: true
19:16:36.258 [FXGL Background Thread 3 ] DEBUG Engine               - language: ObjectProperty [value: ENGLISH]
19:16:36.258 [FXGL Background Thread 3 ] DEBUG Engine               - menuKey: ESCAPE
19:16:36.258 [FXGL Background Thread 3 ] DEBUG Engine               - mouseSensitivity: 0.2
19:16:36.258 [FXGL Background Thread 3 ] DEBUG Engine               - notificationViewClass: class com.almasb.fxgl.notification.view.XboxNotificationView
19:16:36.259 [FXGL Background Thread 3 ] DEBUG Engine               - pixelsPerMeter: 50.0
19:16:36.259 [FXGL Background Thread 3 ] DEBUG Engine               - platform: WINDOWS
19:16:36.259 [FXGL Background Thread 3 ] DEBUG Engine               - prefHeightProperty: ReadOnlyDoubleProperty [value: 400.0]
19:16:36.259 [FXGL Background Thread 3 ] DEBUG Engine               - prefWidthProperty: ReadOnlyDoubleProperty [value: 300.0]
19:16:36.259 [FXGL Background Thread 3 ] DEBUG Engine               - profileDir: profiles/
19:16:36.260 [FXGL Background Thread 3 ] DEBUG Engine               - profileName: StringProperty [value: DEFAULT]
19:16:36.260 [FXGL Background Thread 3 ] DEBUG Engine               - randomSeed: -1
19:16:36.261 [FXGL Background Thread 3 ] DEBUG Engine               - runtimeInfo: RuntimeInfo(platform=WINDOWS, version=21, build=28.12.2023 13.35)
19:16:36.261 [FXGL Background Thread 3 ] DEBUG Engine               - saveFileExt: sav
19:16:36.261 [FXGL Background Thread 3 ] DEBUG Engine               - scaledHeightProp$fxgl: DoubleProperty [bound, value: 400.0]
19:16:36.262 [FXGL Background Thread 3 ] DEBUG Engine               - scaledWidthProp$fxgl: DoubleProperty [bound, value: 300.0]
19:16:36.262 [FXGL Background Thread 3 ] DEBUG Engine               - sceneFactory: com.almasb.fxgl.app.scene.SceneFactory@7048d654
19:16:36.262 [FXGL Background Thread 3 ] DEBUG Engine               - secondsIn24h: 60
19:16:36.262 [FXGL Background Thread 3 ] DEBUG Engine               - soundMenuBack: menu/back.wav
19:16:36.262 [FXGL Background Thread 3 ] DEBUG Engine               - soundMenuPress: menu/press.wav
19:16:36.263 [FXGL Background Thread 3 ] DEBUG Engine               - soundMenuSelect: menu/select.wav
19:16:36.263 [FXGL Background Thread 3 ] DEBUG Engine               - soundNotification: core/notification.wav
19:16:36.263 [FXGL Background Thread 3 ] DEBUG Engine               - stageStyle: DECORATED
19:16:36.263 [FXGL Background Thread 3 ] DEBUG Engine               - supportedLanguages: [ENGLISH, FRENCH, GERMAN, HUNGARIAN, RUSSIAN]
19:16:36.263 [FXGL Background Thread 3 ] DEBUG Engine               - ticksPerSecond: -1
19:16:36.264 [FXGL Background Thread 3 ] DEBUG Engine               - title: DemoImage
19:16:36.264 [FXGL Background Thread 3 ] DEBUG Engine               - urlGithub: https://github.com/AlmasB/FXGL
19:16:36.264 [FXGL Background Thread 3 ] DEBUG Engine               - urlLeaderboard: http://fxgl-top.herokuapp.com/
19:16:36.264 [FXGL Background Thread 3 ] DEBUG Engine               - urlPOM: https://raw.githubusercontent.com/AlmasB/FXGL/release/README.md
19:16:36.265 [FXGL Background Thread 3 ] DEBUG Engine               - userAppClass: class org.example.App
19:16:36.265 [FXGL Background Thread 3 ] DEBUG Engine               - version: 0.0
19:16:36.265 [FXGL Background Thread 3 ] DEBUG Engine               - versionCheckDays: 7
19:16:36.265 [FXGL Background Thread 3 ] DEBUG Engine               - width: 300
19:16:36.266 [FXGL Background Thread 3 ] DEBUG Engine               - Logging services
19:16:36.266 [FXGL Background Thread 3 ] DEBUG Engine               - class com.almasb.fxgl.app.services.FXGLAssetLoaderService
19:16:36.266 [FXGL Background Thread 3 ] DEBUG Engine               - class com.almasb.fxgl.app.FXGLApplication$GameApplicationService
19:16:36.266 [FXGL Background Thread 3 ] DEBUG Engine               - class com.almasb.fxgl.app.services.FXGLDialogService
19:16:36.266 [FXGL Background Thread 3 ] DEBUG Engine               - class com.almasb.fxgl.app.services.IOTaskExecutorService
19:16:36.267 [FXGL Background Thread 3 ] DEBUG Engine               - class com.almasb.fxgl.io.FileSystemService
19:16:36.267 [FXGL Background Thread 3 ] DEBUG Engine               - class com.almasb.fxgl.localization.LocalizationService
19:16:36.267 [FXGL Background Thread 3 ] DEBUG Engine               - class com.almasb.fxgl.app.services.SystemBundleService
19:16:36.267 [FXGL Background Thread 3 ] DEBUG Engine               - class com.almasb.fxgl.profile.SaveLoadService
19:16:36.267 [FXGL Background Thread 3 ] DEBUG Engine               - class com.almasb.fxgl.ui.FXGLUIFactoryServiceProvider
19:16:36.267 [FXGL Background Thread 3 ] DEBUG Engine               - class com.almasb.fxgl.ui.FXGLDialogFactoryServiceProvider
19:16:36.268 [FXGL Background Thread 3 ] DEBUG Engine               - class com.almasb.fxgl.audio.AudioPlayer
19:16:36.268 [FXGL Background Thread 3 ] DEBUG Engine               - class com.almasb.fxgl.notification.impl.NotificationServiceProvider
19:16:36.268 [FXGL Background Thread 3 ] DEBUG Engine               - class com.almasb.fxgl.achievement.AchievementService
19:16:36.268 [FXGL Background Thread 3 ] DEBUG Engine               - class com.almasb.fxgl.cutscene.CutsceneService
19:16:36.268 [FXGL Background Thread 3 ] DEBUG Engine               - class com.almasb.fxgl.minigames.MiniGameService
19:16:36.268 [FXGL Background Thread 3 ] DEBUG Engine               - class com.almasb.fxgl.net.NetService
19:16:36.268 [FXGL Background Thread 3 ] DEBUG Engine               - class com.almasb.fxgl.app.services.UpdaterService
19:16:36.269 [FXGL Background Thread 3 ] DEBUG Engine               - class com.almasb.fxgl.dev.DevService
19:16:43.637 [JavaFX Application Thread] DEBUG FXGLApplication      - Exiting FXGL
19:16:43.637 [JavaFX Application Thread] DEBUG LoopRunner           - Stopping loop
19:16:43.637 [JavaFX Application Thread] DEBUG SystemBundleService  - Saving FXGL system data
19:16:43.639 [JavaFX Application Thread] DEBUG FileSystemAccess     - Writing to: F:\Proyectos javafx\javafxgl\fxgl-demoImage\system\fxgl.bundle
19:16:43.641 [JavaFX Application Thread] DEBUG Async                - Shutting down background threads
19:16:43.641 [JavaFX Application Thread] DEBUG PrimaryStageWindow   - Closing main window
19:16:43.660 [JavaFX Application Thread] DEBUG Logger               - Closing Logger
