17:34:46.506 [main                     ] DEBUG Logger               - Configured Logger
17:34:46.536 [main                     ] DEBUG GameApplication      - Logging settings
Title: DemoImage
Version: 0.0
Width: 800
Height: 600
Fullscreen: false
Intro: false
Profiling: false
Single step:false
App Mode: DEVELOPER
Menu Key: ESCAPE
Stage Style: DECORATED
Scene Factory: class com.almasb.fxgl.app.scene.SceneFactory

17:34:47.084 [JavaFX Application Thread] DEBUG FXGLApplication      - Initializing FXGL
17:34:47.095 [JavaFX Application Thread] INFO  Engine               - FXGL-21 (28.12.2023 13.35) on WINDOWS (J:21.0.1 FX:21.0.1)
17:34:47.095 [JavaFX Application Thread] DEBUG Engine               - JRE Vendor Name: Oracle Corporation
17:34:47.095 [JavaFX Application Thread] DEBUG Engine               - Running on OS: Windows 10 version 10.0
17:34:47.095 [JavaFX Application Thread] DEBUG Engine               - Architecture: amd64
17:34:47.096 [JavaFX Application Thread] INFO  Engine               - Source code and latest versions at: https://github.com/AlmasB/FXGL
17:34:47.096 [JavaFX Application Thread] INFO  Engine               -       Ask questions and discuss at: https://github.com/AlmasB/FXGL/discussions
17:34:47.096 [JavaFX Application Thread] INFO  Engine               -              Join the FXGL chat at: https://gitter.im/AlmasB/FXGL
17:34:47.250 [JavaFX Application Thread] DEBUG PrimaryStageWindow   - Creating a JavaFX scene
17:34:47.312 [JavaFX Application Thread] DEBUG PrimaryStageWindow   - Target settings size: 800.0 x 600.0
17:34:47.313 [JavaFX Application Thread] DEBUG PrimaryStageWindow   - Scaled scene size:    800.0 x 600.0
17:34:47.313 [JavaFX Application Thread] DEBUG PrimaryStageWindow   - Scaled ratio: (1.0, 1.0)
17:34:47.314 [JavaFX Application Thread] DEBUG PrimaryStageWindow   - Set initial scene to FXGLStartupScene
17:34:47.318 [JavaFX Application Thread] DEBUG PrimaryStageWindow   - Opening main window
17:34:47.446 [JavaFX Application Thread] DEBUG PrimaryStageWindow   - Window border size: (14.4000244140625, 37.5999755859375)
17:34:47.446 [JavaFX Application Thread] DEBUG PrimaryStageWindow   - Scaled size: 800.0 x 600.0
17:34:47.446 [JavaFX Application Thread] DEBUG PrimaryStageWindow   - Scaled ratio: (1.0, 1.0)
17:34:47.447 [JavaFX Application Thread] DEBUG PrimaryStageWindow   - Scene size: 800.0 x 600.0
17:34:47.447 [JavaFX Application Thread] DEBUG PrimaryStageWindow   - Stage size: 814.4000244140625 x 637.5999755859375
17:34:47.456 [FXGL Background Thread 1 ] DEBUG Engine               - Initializing environment variables
17:34:47.549 [FXGL Background Thread 1 ] DEBUG FXGLAssetLoaderServi - User app class for loading assets: class org.example.App
17:34:47.549 [FXGL Background Thread 1 ] DEBUG GameApplicationServi - Applying CSS: fxgl_dark.css
17:34:47.550 [FXGL Background Thread 1 ] DEBUG FXGLAssetLoaderServi - Loading from file system: jar:file:/C:/Users/Usuario/.m2/repository/com/github/almasb/fxgl/21/fxgl-21.jar!/fxglassets/ui/css/fxgl_dark.css
17:34:47.595 [FXGL Background Thread 1 ] DEBUG GameApplicationServi - Initializing application scenes
17:34:47.652 [FXGL Background Thread 1 ] DEBUG GameWorld            - Game world initialized
17:34:47.759 [FXGL Background Thread 1 ] DEBUG PhysicsWorld         - Physics world initialized: appHeight=600, physics.ppm=50,0
17:34:47.759 [FXGL Background Thread 1 ] DEBUG PhysicsWorld         - Using strategy: BRUTE_FORCE
17:34:47.763 [FXGL Background Thread 1 ] DEBUG GameScene            - Game scene initialized: 800x600
17:34:47.775 [FXGL Background Thread 1 ] DEBUG FXGL.DefaultMenu     - createMenuBodyGameMenu()
17:34:47.792 [FXGL Background Thread 1 ] DEBUG FXGL.DefaultMenu     - createOptionsMenu()
17:34:47.803 [FXGL Background Thread 1 ] DEBUG FXGLAssetLoaderServi - Loading from file system: jar:file:/C:/Users/Usuario/.m2/repository/com/github/almasb/fxgl/21/fxgl-21.jar!/fxglassets/textures/particles/smoke.png
17:34:47.942 [FXGL Background Thread 1 ] DEBUG FXGLAssetLoaderServi - Loading from file system: jar:file:/C:/Users/Usuario/.m2/repository/com/github/almasb/fxgl/21/fxgl-21.jar!/fxglassets/textures/particles/trace_horizontal.png
17:34:47.969 [FXGL Background Thread 1 ] DEBUG GameApplicationServi - Application scenes initialized
17:34:47.983 [FXGL Background Thread 1 ] DEBUG SystemBundleService  - Loading FXGL system data
17:34:47.988 [FXGL Background Thread 1 ] DEBUG FileSystemAccess     - Reading from: F:\Proyectos javafx\javafxgl\fxgl-demoImage\system\fxgl.bundle
17:34:48.000 [FXGL Background Thread 1 ] DEBUG SystemBundleService  - Bundle FXGL: {}
17:34:48.000 [FXGL Background Thread 1 ] DEBUG UpdaterService       - Checking for updates
17:34:48.005 [FXGL Background Thread 4 ] DEBUG FXGLApplication      - Loading fonts
17:34:48.005 [FXGL Background Thread 4 ] DEBUG FXGLAssetLoaderServi - Loading from file system: jar:file:/C:/Users/Usuario/.m2/repository/com/github/almasb/fxgl/21/fxgl-21.jar!/fxglassets/ui/fonts/VarelaRound-Regular.ttf
17:34:48.006 [FXGL Background Thread 1 ] DEBUG FXGLApplication      - Loading default localization
17:34:48.006 [FXGL Background Thread 1 ] DEBUG FXGLAssetLoaderServi - Loading from file system: jar:file:/C:/Users/Usuario/.m2/repository/com/github/almasb/fxgl/21/fxgl-21.jar!/fxglassets/languages/english.lang
17:34:48.057 [FXGL Background Thread 1 ] INFO  FXGLApplication      - FXGL initialization took: 0,602 sec
17:34:48.058 [JavaFX Application Thread] DEBUG FXGLAssetLoaderServi - Loading from file system: jar:file:/C:/Users/Usuario/.m2/repository/com/github/almasb/fxgl/21/fxgl-21.jar!/fxglassets/textures/fxgl_icon.png
17:34:48.084 [FXGL Background Thread 4 ] DEBUG FXGLAssetLoaderServi - Loading from file system: jar:file:/C:/Users/Usuario/.m2/repository/com/github/almasb/fxgl/21/fxgl-21.jar!/fxglassets/ui/fonts/Abel-Regular.ttf
17:34:48.089 [JavaFX Application Thread] DEBUG FXGLAssetLoaderServi - Loading from file system: jar:file:/C:/Users/Usuario/.m2/repository/com/github/almasb/fxgl/21/fxgl-21.jar!/fxglassets/textures/fxgl_default_cursor.png
17:34:48.100 [FXGL Background Thread 4 ] DEBUG FXGLAssetLoaderServi - Loading from file system: jar:file:/C:/Users/Usuario/.m2/repository/com/github/almasb/fxgl/21/fxgl-21.jar!/fxglassets/ui/fonts/TerminalLandMono-Regular.otf
17:34:48.102 [JavaFX Application Thread] DEBUG Input                - Registered new binding: Screenshot - CTRL+8
17:34:48.103 [JavaFX Application Thread] DEBUG Input                - Registered new binding: System info dump - CTRL+9
17:34:48.104 [JavaFX Application Thread] DEBUG Input                - Registered new binding: Restart - CTRL+R
17:34:48.105 [JavaFX Application Thread] DEBUG Input                - Registered new binding: Toggle Debug Camera - CTRL+7
17:34:48.110 [JavaFX Application Thread] DEBUG LoopRunner           - Starting loop
17:34:48.110 [JavaFX Application Thread] DEBUG LoopRunner           - Initializing JavaFX AnimationTimerLoop
17:34:48.112 [JavaFX Application Thread] DEBUG GameApplicationServi - Starting new game
17:34:48.113 [FXGL Background Thread 4 ] DEBUG FXGLAssetLoaderServi - Loading from file system: jar:file:/C:/Users/Usuario/.m2/repository/com/github/almasb/fxgl/21/fxgl-21.jar!/fxglassets/ui/fonts/Courier-Prime.ttf
17:34:48.113 [JavaFX Application Thread] DEBUG Input                - Clearing active input actions
17:34:48.130 [JavaFX Application Thread] DEBUG GameApplicationServi - Removing overlay from FXGLStartupScene and adding to FXGLLoadingScene
17:34:48.130 [JavaFX Application Thread] DEBUG PrimaryStageWindow   - FXGLStartupScene -> FXGLLoadingScene
17:34:48.130 [JavaFX Application Thread] DEBUG GameApplicationServi - Clearing previous game
17:34:48.130 [JavaFX Application Thread] DEBUG GameScene            - Clearing game scene
17:34:48.130 [JavaFX Application Thread] DEBUG GameWorld            - Clearing game world
17:34:48.130 [JavaFX Application Thread] DEBUG PhysicsWorld         - Clearing physics world
17:34:48.132 [FXGL Background Thread 4 ] DEBUG FXGLApplication      - Initializing game
17:34:48.155 [FXGL Background Thread 4 ] INFO  FXGLApplication      - Game initialization took: 0,022 sec
17:34:48.187 [JavaFX Application Thread] DEBUG FXGLApplication      - Registering font factories with UI factory
17:34:48.191 [JavaFX Application Thread] DEBUG Input                - Clearing active input actions
17:34:48.200 [JavaFX Application Thread] DEBUG GameApplicationServi - Removing overlay from FXGLLoadingScene and adding to GameScene
17:34:48.200 [JavaFX Application Thread] DEBUG PrimaryStageWindow   - FXGLLoadingScene -> GameScene
17:34:49.749 [JavaFX Application Thread] DEBUG FXGLApplication      - Exiting FXGL
17:34:49.749 [JavaFX Application Thread] DEBUG LoopRunner           - Stopping loop
17:34:49.749 [JavaFX Application Thread] DEBUG SystemBundleService  - Saving FXGL system data
17:34:49.752 [JavaFX Application Thread] DEBUG FileSystemAccess     - Writing to: F:\Proyectos javafx\javafxgl\fxgl-demoImage\system\fxgl.bundle
17:34:49.754 [JavaFX Application Thread] DEBUG Async                - Shutting down background threads
17:34:49.754 [JavaFX Application Thread] DEBUG PrimaryStageWindow   - Closing main window
17:34:49.770 [JavaFX Application Thread] DEBUG Logger               - Closing Logger
