12:19:47.484 [main                     ] DEBUG Logger               - Configured Logger
12:19:47.509 [main                     ] DEBUG GameApplication      - Logging settings
Title: DemoImage
Version: 0.0
Width: 800
Height: 600
Fullscreen: false
Intro: false
Profiling: false
Single step:false
App Mode: DEVELOPER
Menu Key: ESCAPE
Stage Style: DECORATED
Scene Factory: class com.almasb.fxgl.app.scene.SceneFactory

12:19:47.874 [JavaFX Application Thread] DEBUG FXGLApplication      - Initializing FXGL
12:19:47.884 [JavaFX Application Thread] INFO  Engine               - FXGL-21 (28.12.2023 13.35) on WINDOWS (J:21.0.1 FX:21.0.1)
12:19:47.884 [JavaFX Application Thread] DEBUG Engine               - JRE Vendor Name: Oracle Corporation
12:19:47.885 [JavaFX Application Thread] DEBUG Engine               - Running on OS: Windows 10 version 10.0
12:19:47.885 [JavaFX Application Thread] DEBUG Engine               - Architecture: amd64
12:19:47.885 [JavaFX Application Thread] INFO  Engine               - Source code and latest versions at: https://github.com/AlmasB/FXGL
12:19:47.885 [JavaFX Application Thread] INFO  Engine               -       Ask questions and discuss at: https://github.com/AlmasB/FXGL/discussions
12:19:47.885 [JavaFX Application Thread] INFO  Engine               -              Join the FXGL chat at: https://gitter.im/AlmasB/FXGL
12:19:48.011 [JavaFX Application Thread] DEBUG PrimaryStageWindow   - Creating a JavaFX scene
12:19:48.063 [JavaFX Application Thread] DEBUG PrimaryStageWindow   - Target settings size: 800.0 x 600.0
12:19:48.064 [JavaFX Application Thread] DEBUG PrimaryStageWindow   - Scaled scene size:    800.0 x 600.0
12:19:48.064 [JavaFX Application Thread] DEBUG PrimaryStageWindow   - Scaled ratio: (1.0, 1.0)
12:19:48.065 [JavaFX Application Thread] DEBUG PrimaryStageWindow   - Set initial scene to FXGLStartupScene
12:19:48.068 [JavaFX Application Thread] DEBUG PrimaryStageWindow   - Opening main window
12:19:48.172 [JavaFX Application Thread] DEBUG PrimaryStageWindow   - Window border size: (14.4000244140625, 37.5999755859375)
12:19:48.173 [JavaFX Application Thread] DEBUG PrimaryStageWindow   - Scaled size: 800.0 x 600.0
12:19:48.173 [JavaFX Application Thread] DEBUG PrimaryStageWindow   - Scaled ratio: (1.0, 1.0)
12:19:48.173 [JavaFX Application Thread] DEBUG PrimaryStageWindow   - Scene size: 800.0 x 600.0
12:19:48.174 [JavaFX Application Thread] DEBUG PrimaryStageWindow   - Stage size: 814.4000244140625 x 637.5999755859375
12:19:48.186 [FXGL Background Thread 1 ] DEBUG Engine               - Initializing environment variables
12:19:48.273 [FXGL Background Thread 1 ] DEBUG FXGLAssetLoaderServi - User app class for loading assets: class org.example.App
12:19:48.273 [FXGL Background Thread 1 ] DEBUG GameApplicationServi - Applying CSS: fxgl_dark.css
12:19:48.274 [FXGL Background Thread 1 ] DEBUG FXGLAssetLoaderServi - Loading from file system: jar:file:/C:/Users/Usuario/.m2/repository/com/github/almasb/fxgl/21/fxgl-21.jar!/fxglassets/ui/css/fxgl_dark.css
12:19:48.328 [FXGL Background Thread 1 ] DEBUG GameApplicationServi - Initializing application scenes
12:19:48.379 [FXGL Background Thread 1 ] DEBUG GameWorld            - Game world initialized
12:19:48.468 [FXGL Background Thread 1 ] DEBUG PhysicsWorld         - Physics world initialized: appHeight=600, physics.ppm=50,0
12:19:48.468 [FXGL Background Thread 1 ] DEBUG PhysicsWorld         - Using strategy: BRUTE_FORCE
12:19:48.472 [FXGL Background Thread 1 ] DEBUG GameScene            - Game scene initialized: 800x600
12:19:48.488 [FXGL Background Thread 1 ] DEBUG FXGL.DefaultMenu     - createMenuBodyGameMenu()
12:19:48.503 [FXGL Background Thread 1 ] DEBUG FXGL.DefaultMenu     - createOptionsMenu()
12:19:48.512 [FXGL Background Thread 1 ] DEBUG FXGLAssetLoaderServi - Loading from file system: jar:file:/C:/Users/Usuario/.m2/repository/com/github/almasb/fxgl/21/fxgl-21.jar!/fxglassets/textures/particles/smoke.png
12:19:48.637 [FXGL Background Thread 1 ] DEBUG FXGLAssetLoaderServi - Loading from file system: jar:file:/C:/Users/Usuario/.m2/repository/com/github/almasb/fxgl/21/fxgl-21.jar!/fxglassets/textures/particles/trace_horizontal.png
12:19:48.666 [FXGL Background Thread 1 ] DEBUG GameApplicationServi - Application scenes initialized
12:19:48.681 [FXGL Background Thread 1 ] DEBUG SystemBundleService  - Loading FXGL system data
12:19:48.685 [FXGL Background Thread 1 ] DEBUG FileSystemAccess     - Reading from: F:\Proyectos javafx\javafxgl\fxgl-demoImage\system\fxgl.bundle
12:19:48.695 [FXGL Background Thread 1 ] DEBUG SystemBundleService  - Bundle FXGL: {}
12:19:48.695 [FXGL Background Thread 1 ] DEBUG UpdaterService       - Checking for updates
12:19:48.701 [FXGL Background Thread 4 ] DEBUG FXGLApplication      - Loading fonts
12:19:48.702 [FXGL Background Thread 4 ] DEBUG FXGLAssetLoaderServi - Loading from file system: jar:file:/C:/Users/Usuario/.m2/repository/com/github/almasb/fxgl/21/fxgl-21.jar!/fxglassets/ui/fonts/VarelaRound-Regular.ttf
12:19:48.703 [FXGL Background Thread 1 ] DEBUG FXGLApplication      - Loading default localization
12:19:48.704 [FXGL Background Thread 1 ] DEBUG FXGLAssetLoaderServi - Loading from file system: jar:file:/C:/Users/Usuario/.m2/repository/com/github/almasb/fxgl/21/fxgl-21.jar!/fxglassets/languages/english.lang
12:19:48.745 [FXGL Background Thread 1 ] INFO  FXGLApplication      - FXGL initialization took: 0,559 sec
12:19:48.745 [FXGL Background Thread 4 ] DEBUG FXGLAssetLoaderServi - Loading from file system: jar:file:/C:/Users/Usuario/.m2/repository/com/github/almasb/fxgl/21/fxgl-21.jar!/fxglassets/ui/fonts/Abel-Regular.ttf
12:19:48.754 [FXGL Background Thread 4 ] DEBUG FXGLAssetLoaderServi - Loading from file system: jar:file:/C:/Users/Usuario/.m2/repository/com/github/almasb/fxgl/21/fxgl-21.jar!/fxglassets/ui/fonts/TerminalLandMono-Regular.otf
12:19:48.761 [JavaFX Application Thread] DEBUG Input                - Registered new binding: action0 - J
12:19:48.761 [JavaFX Application Thread] DEBUG Input                - Registered new binding: action1 - L
12:19:48.762 [JavaFX Application Thread] DEBUG Input                - Registered new binding: action2 - I
12:19:48.762 [JavaFX Application Thread] DEBUG Input                - Registered new binding: action3 - K
12:19:48.762 [JavaFX Application Thread] DEBUG Input                - Registered new binding: action4 - A
12:19:48.762 [JavaFX Application Thread] DEBUG Input                - Registered new binding: action5 - D
12:19:48.763 [JavaFX Application Thread] DEBUG Input                - Registered new binding: action6 - W
12:19:48.763 [JavaFX Application Thread] DEBUG Input                - Registered new binding: action7 - S
12:19:48.763 [JavaFX Application Thread] DEBUG FXGLAssetLoaderServi - Loading from file system: jar:file:/C:/Users/Usuario/.m2/repository/com/github/almasb/fxgl/21/fxgl-21.jar!/fxglassets/textures/fxgl_icon.png
12:19:48.765 [FXGL Background Thread 4 ] DEBUG FXGLAssetLoaderServi - Loading from file system: jar:file:/C:/Users/Usuario/.m2/repository/com/github/almasb/fxgl/21/fxgl-21.jar!/fxglassets/ui/fonts/Courier-Prime.ttf
12:19:48.785 [JavaFX Application Thread] DEBUG FXGLAssetLoaderServi - Loading from file system: jar:file:/C:/Users/Usuario/.m2/repository/com/github/almasb/fxgl/21/fxgl-21.jar!/fxglassets/textures/fxgl_default_cursor.png
12:19:48.788 [JavaFX Application Thread] DEBUG Input                - Registered new binding: Screenshot - CTRL+8
12:19:48.788 [JavaFX Application Thread] DEBUG Input                - Registered new binding: System info dump - CTRL+9
12:19:48.788 [JavaFX Application Thread] DEBUG Input                - Registered new binding: Restart - CTRL+R
12:19:48.789 [JavaFX Application Thread] DEBUG Input                - Registered new binding: Toggle Debug Camera - CTRL+7
12:19:48.793 [JavaFX Application Thread] DEBUG LoopRunner           - Starting loop
12:19:48.793 [JavaFX Application Thread] DEBUG LoopRunner           - Initializing JavaFX AnimationTimerLoop
12:19:48.796 [JavaFX Application Thread] DEBUG GameApplicationServi - Starting new game
12:19:48.796 [JavaFX Application Thread] DEBUG Input                - Clearing active input actions
12:19:48.809 [JavaFX Application Thread] DEBUG GameApplicationServi - Removing overlay from FXGLStartupScene and adding to FXGLLoadingScene
12:19:48.810 [JavaFX Application Thread] DEBUG PrimaryStageWindow   - FXGLStartupScene -> FXGLLoadingScene
12:19:48.810 [JavaFX Application Thread] DEBUG GameApplicationServi - Clearing previous game
12:19:48.810 [JavaFX Application Thread] DEBUG GameScene            - Clearing game scene
12:19:48.810 [JavaFX Application Thread] DEBUG GameWorld            - Clearing game world
12:19:48.810 [JavaFX Application Thread] DEBUG PhysicsWorld         - Clearing physics world
12:19:48.812 [JavaFX Application Thread] DEBUG FXGLApplication      - Registering font factories with UI factory
12:19:48.812 [FXGL Background Thread 4 ] DEBUG FXGLApplication      - Initializing game
12:19:48.827 [FXGL Background Thread 4 ] DEBUG FXGLAssetLoaderServi - Loading from file system: file:/F:/Proyectos%20javafx/javafxgl/fxgl-demoImage/target/classes/assets/textures/bosque.jpg
12:19:48.928 [FXGL Background Thread 4 ] DEBUG FXGLAssetLoaderServi - Loading from file system: file:/F:/Proyectos%20javafx/javafxgl/fxgl-demoImage/target/classes/assets/textures/sprite_pug.png
12:19:48.946 [FXGL Background Thread 4 ] DEBUG FXGLAssetLoaderServi - Loading from file system: file:/F:/Proyectos%20javafx/javafxgl/fxgl-demoImage/target/classes/assets/textures/sprite_player.png
12:19:48.965 [FXGL Background Thread 4 ] INFO  FXGLApplication      - Game initialization took: 0,153 sec
12:19:48.967 [JavaFX Application Thread] DEBUG Input                - Clearing active input actions
12:19:48.977 [JavaFX Application Thread] DEBUG GameApplicationServi - Removing overlay from FXGLLoadingScene and adding to GameScene
12:19:48.978 [JavaFX Application Thread] DEBUG PrimaryStageWindow   - FXGLLoadingScene -> GameScene
12:19:49.234 [JavaFX Application Thread] DEBUG FXGLAssetLoaderServi - Loading from file system: file:/F:/Proyectos%20javafx/javafxgl/fxgl-demoImage/target/classes/assets/textures/hueso.png
12:19:51.699 [FXGL Background Thread 3 ] DEBUG Engine               - Logging environment variables
12:19:51.702 [FXGL Background Thread 3 ] DEBUG Engine               - achievements: []
12:19:51.702 [FXGL Background Thread 3 ] DEBUG Engine               - actualHeight: 600.0
12:19:51.702 [FXGL Background Thread 3 ] DEBUG Engine               - actualHeightProperty: ReadOnlyDoubleProperty [value: 600.0]
12:19:51.703 [FXGL Background Thread 3 ] DEBUG Engine               - actualWidth: 800.0
12:19:51.703 [FXGL Background Thread 3 ] DEBUG Engine               - actualWidthProperty: ReadOnlyDoubleProperty [value: 800.0]
12:19:51.703 [FXGL Background Thread 3 ] DEBUG Engine               - appIcon: fxgl_icon.png
12:19:51.703 [FXGL Background Thread 3 ] DEBUG Engine               - applicationMode: DEVELOPER
12:19:51.704 [FXGL Background Thread 3 ] DEBUG Engine               - cSSList: [fxgl_dark.css]
12:19:51.704 [FXGL Background Thread 3 ] DEBUG Engine               - collisionDetectionStrategy: BRUTE_FORCE
12:19:51.704 [FXGL Background Thread 3 ] DEBUG Engine               - configClass: Optional.empty
12:19:51.704 [FXGL Background Thread 3 ] DEBUG Engine               - credits: []
12:19:51.706 [FXGL Background Thread 3 ] DEBUG Engine               - defaultCursor: CursorInfo(imageName=fxgl_default_cursor.png, hotspotX=7.0, hotspotY=6.0)
12:19:51.707 [FXGL Background Thread 3 ] DEBUG Engine               - devBBoxColorProperty: ObjectProperty [value: 0xff0000ff]
12:19:51.707 [FXGL Background Thread 3 ] DEBUG Engine               - devEnableDebugCameraProperty: BooleanProperty [value: false]
12:19:51.707 [FXGL Background Thread 3 ] DEBUG Engine               - devSensorColorProperty: ObjectProperty [value: 0xffff00ff]
12:19:51.708 [FXGL Background Thread 3 ] DEBUG Engine               - devShowBBoxProperty: BooleanProperty [value: false]
12:19:51.708 [FXGL Background Thread 3 ] DEBUG Engine               - devShowPositionProperty: BooleanProperty [value: false]
12:19:51.708 [FXGL Background Thread 3 ] DEBUG Engine               - enabledMenuItems: []
12:19:51.708 [FXGL Background Thread 3 ] DEBUG Engine               - engineServices: [class com.almasb.fxgl.app.services.FXGLAssetLoaderService, class com.almasb.fxgl.app.FXGLApplication$GameApplicationService, class com.almasb.fxgl.app.services.FXGLDialogService, class com.almasb.fxgl.app.services.IOTaskExecutorService, class com.almasb.fxgl.io.FileSystemService, class com.almasb.fxgl.localization.LocalizationService, class com.almasb.fxgl.app.services.SystemBundleService, class com.almasb.fxgl.profile.SaveLoadService, class com.almasb.fxgl.ui.FXGLUIFactoryServiceProvider, class com.almasb.fxgl.ui.FXGLDialogFactoryServiceProvider, class com.almasb.fxgl.audio.AudioPlayer, class com.almasb.fxgl.notification.impl.NotificationServiceProvider, class com.almasb.fxgl.achievement.AchievementService, class com.almasb.fxgl.cutscene.CutsceneService, class com.almasb.fxgl.minigames.MiniGameService, class com.almasb.fxgl.net.NetService, class com.almasb.fxgl.app.services.UpdaterService, class com.almasb.fxgl.dev.DevService]
12:19:51.709 [FXGL Background Thread 3 ] DEBUG Engine               - fontGame: Abel-Regular.ttf
12:19:51.709 [FXGL Background Thread 3 ] DEBUG Engine               - fontMono: TerminalLandMono-Regular.otf
12:19:51.709 [FXGL Background Thread 3 ] DEBUG Engine               - fontSizeScaleUI: 1.0
12:19:51.709 [FXGL Background Thread 3 ] DEBUG Engine               - fontText: Courier-Prime.ttf
12:19:51.709 [FXGL Background Thread 3 ] DEBUG Engine               - fontUI: VarelaRound-Regular.ttf
12:19:51.710 [FXGL Background Thread 3 ] DEBUG Engine               - fullScreen: BooleanProperty [value: false]
12:19:51.710 [FXGL Background Thread 3 ] DEBUG Engine               - gameDifficulty: MEDIUM
12:19:51.710 [FXGL Background Thread 3 ] DEBUG Engine               - gameDifficultyProperty: ObjectProperty [value: MEDIUM]
12:19:51.710 [FXGL Background Thread 3 ] DEBUG Engine               - globalMusicVolume: 0.5
12:19:51.711 [FXGL Background Thread 3 ] DEBUG Engine               - globalMusicVolumeProperty: DoubleProperty [value: 0.5]
12:19:51.711 [FXGL Background Thread 3 ] DEBUG Engine               - globalSoundVolume: 0.5
12:19:51.711 [FXGL Background Thread 3 ] DEBUG Engine               - globalSoundVolumeProperty: DoubleProperty [value: 0.5]
12:19:51.711 [FXGL Background Thread 3 ] DEBUG Engine               - height: 600
12:19:51.711 [FXGL Background Thread 3 ] DEBUG Engine               - is3D: false
12:19:51.712 [FXGL Background Thread 3 ] DEBUG Engine               - isAndroid: false
12:19:51.712 [FXGL Background Thread 3 ] DEBUG Engine               - isBrowser: false
12:19:51.712 [FXGL Background Thread 3 ] DEBUG Engine               - isClickFeedbackEnabled: false
12:19:51.712 [FXGL Background Thread 3 ] DEBUG Engine               - isCloseConfirmation: false
12:19:51.712 [FXGL Background Thread 3 ] DEBUG Engine               - isDesktop: true
12:19:51.713 [FXGL Background Thread 3 ] DEBUG Engine               - isDeveloperMenuEnabled: false
12:19:51.713 [FXGL Background Thread 3 ] DEBUG Engine               - isEmbedded: false
12:19:51.713 [FXGL Background Thread 3 ] DEBUG Engine               - isEntityPreloadEnabled: true
12:19:51.713 [FXGL Background Thread 3 ] DEBUG Engine               - isExperimentalTiledLargeMap: false
12:19:51.713 [FXGL Background Thread 3 ] DEBUG Engine               - isFileSystemWriteAllowed: true
12:19:51.713 [FXGL Background Thread 3 ] DEBUG Engine               - isFullScreenAllowed: false
12:19:51.713 [FXGL Background Thread 3 ] DEBUG Engine               - isFullScreenFromStart: false
12:19:51.714 [FXGL Background Thread 3 ] DEBUG Engine               - isGameMenuEnabled: true
12:19:51.714 [FXGL Background Thread 3 ] DEBUG Engine               - isIOS: false
12:19:51.714 [FXGL Background Thread 3 ] DEBUG Engine               - isIntroEnabled: false
12:19:51.714 [FXGL Background Thread 3 ] DEBUG Engine               - isLinux: false
12:19:51.714 [FXGL Background Thread 3 ] DEBUG Engine               - isMac: false
12:19:51.714 [FXGL Background Thread 3 ] DEBUG Engine               - isMainMenuEnabled: false
12:19:51.715 [FXGL Background Thread 3 ] DEBUG Engine               - isManualResizeEnabled: false
12:19:51.715 [FXGL Background Thread 3 ] DEBUG Engine               - isMobile: false
12:19:51.715 [FXGL Background Thread 3 ] DEBUG Engine               - isNative: false
12:19:51.715 [FXGL Background Thread 3 ] DEBUG Engine               - isPauseMusicWhenMinimized: true
12:19:51.715 [FXGL Background Thread 3 ] DEBUG Engine               - isPreserveResizeRatio: false
12:19:51.715 [FXGL Background Thread 3 ] DEBUG Engine               - isProfilingEnabled: false
12:19:51.715 [FXGL Background Thread 3 ] DEBUG Engine               - isScaleAffectedOnResize: true
12:19:51.715 [FXGL Background Thread 3 ] DEBUG Engine               - isSingleStep: false
12:19:51.715 [FXGL Background Thread 3 ] DEBUG Engine               - isUserProfileEnabled: false
12:19:51.716 [FXGL Background Thread 3 ] DEBUG Engine               - isWindows: true
12:19:51.716 [FXGL Background Thread 3 ] DEBUG Engine               - language: ObjectProperty [value: ENGLISH]
12:19:51.716 [FXGL Background Thread 3 ] DEBUG Engine               - menuKey: ESCAPE
12:19:51.716 [FXGL Background Thread 3 ] DEBUG Engine               - mouseSensitivity: 0.2
12:19:51.716 [FXGL Background Thread 3 ] DEBUG Engine               - notificationViewClass: class com.almasb.fxgl.notification.view.XboxNotificationView
12:19:51.716 [FXGL Background Thread 3 ] DEBUG Engine               - pixelsPerMeter: 50.0
12:19:51.716 [FXGL Background Thread 3 ] DEBUG Engine               - platform: WINDOWS
12:19:51.716 [FXGL Background Thread 3 ] DEBUG Engine               - prefHeightProperty: ReadOnlyDoubleProperty [value: 600.0]
12:19:51.717 [FXGL Background Thread 3 ] DEBUG Engine               - prefWidthProperty: ReadOnlyDoubleProperty [value: 800.0]
12:19:51.717 [FXGL Background Thread 3 ] DEBUG Engine               - profileDir: profiles/
12:19:51.717 [FXGL Background Thread 3 ] DEBUG Engine               - profileName: StringProperty [value: DEFAULT]
12:19:51.717 [FXGL Background Thread 3 ] DEBUG Engine               - randomSeed: -1
12:19:51.718 [FXGL Background Thread 3 ] DEBUG Engine               - runtimeInfo: RuntimeInfo(platform=WINDOWS, version=21, build=28.12.2023 13.35)
12:19:51.718 [FXGL Background Thread 3 ] DEBUG Engine               - saveFileExt: sav
12:19:51.718 [FXGL Background Thread 3 ] DEBUG Engine               - scaledHeightProp$fxgl: DoubleProperty [bound, value: 600.0]
12:19:51.718 [FXGL Background Thread 3 ] DEBUG Engine               - scaledWidthProp$fxgl: DoubleProperty [bound, value: 800.0]
12:19:51.718 [FXGL Background Thread 3 ] DEBUG Engine               - sceneFactory: com.almasb.fxgl.app.scene.SceneFactory@312083fc
12:19:51.719 [FXGL Background Thread 3 ] DEBUG Engine               - secondsIn24h: 60
12:19:51.719 [FXGL Background Thread 3 ] DEBUG Engine               - soundMenuBack: menu/back.wav
12:19:51.719 [FXGL Background Thread 3 ] DEBUG Engine               - soundMenuPress: menu/press.wav
12:19:51.719 [FXGL Background Thread 3 ] DEBUG Engine               - soundMenuSelect: menu/select.wav
12:19:51.719 [FXGL Background Thread 3 ] DEBUG Engine               - soundNotification: core/notification.wav
12:19:51.719 [FXGL Background Thread 3 ] DEBUG Engine               - stageStyle: DECORATED
12:19:51.719 [FXGL Background Thread 3 ] DEBUG Engine               - supportedLanguages: [ENGLISH, FRENCH, GERMAN, HUNGARIAN, RUSSIAN]
12:19:51.720 [FXGL Background Thread 3 ] DEBUG Engine               - ticksPerSecond: -1
12:19:51.720 [FXGL Background Thread 3 ] DEBUG Engine               - title: DemoImage
12:19:51.720 [FXGL Background Thread 3 ] DEBUG Engine               - urlGithub: https://github.com/AlmasB/FXGL
12:19:51.720 [FXGL Background Thread 3 ] DEBUG Engine               - urlLeaderboard: http://fxgl-top.herokuapp.com/
12:19:51.720 [FXGL Background Thread 3 ] DEBUG Engine               - urlPOM: https://raw.githubusercontent.com/AlmasB/FXGL/release/README.md
12:19:51.720 [FXGL Background Thread 3 ] DEBUG Engine               - userAppClass: class org.example.App
12:19:51.720 [FXGL Background Thread 3 ] DEBUG Engine               - version: 0.0
12:19:51.720 [FXGL Background Thread 3 ] DEBUG Engine               - versionCheckDays: 7
12:19:51.721 [FXGL Background Thread 3 ] DEBUG Engine               - width: 800
12:19:51.721 [FXGL Background Thread 3 ] DEBUG Engine               - Logging services
12:19:51.721 [FXGL Background Thread 3 ] DEBUG Engine               - class com.almasb.fxgl.app.services.FXGLAssetLoaderService
12:19:51.721 [FXGL Background Thread 3 ] DEBUG Engine               - class com.almasb.fxgl.app.FXGLApplication$GameApplicationService
12:19:51.721 [FXGL Background Thread 3 ] DEBUG Engine               - class com.almasb.fxgl.app.services.FXGLDialogService
12:19:51.721 [FXGL Background Thread 3 ] DEBUG Engine               - class com.almasb.fxgl.app.services.IOTaskExecutorService
12:19:51.721 [FXGL Background Thread 3 ] DEBUG Engine               - class com.almasb.fxgl.io.FileSystemService
12:19:51.721 [FXGL Background Thread 3 ] DEBUG Engine               - class com.almasb.fxgl.localization.LocalizationService
12:19:51.721 [FXGL Background Thread 3 ] DEBUG Engine               - class com.almasb.fxgl.app.services.SystemBundleService
12:19:51.722 [FXGL Background Thread 3 ] DEBUG Engine               - class com.almasb.fxgl.profile.SaveLoadService
12:19:51.722 [FXGL Background Thread 3 ] DEBUG Engine               - class com.almasb.fxgl.ui.FXGLUIFactoryServiceProvider
12:19:51.722 [FXGL Background Thread 3 ] DEBUG Engine               - class com.almasb.fxgl.ui.FXGLDialogFactoryServiceProvider
12:19:51.722 [FXGL Background Thread 3 ] DEBUG Engine               - class com.almasb.fxgl.audio.AudioPlayer
12:19:51.722 [FXGL Background Thread 3 ] DEBUG Engine               - class com.almasb.fxgl.notification.impl.NotificationServiceProvider
12:19:51.722 [FXGL Background Thread 3 ] DEBUG Engine               - class com.almasb.fxgl.achievement.AchievementService
12:19:51.723 [FXGL Background Thread 3 ] DEBUG Engine               - class com.almasb.fxgl.cutscene.CutsceneService
12:19:51.723 [FXGL Background Thread 3 ] DEBUG Engine               - class com.almasb.fxgl.minigames.MiniGameService
12:19:51.723 [FXGL Background Thread 3 ] DEBUG Engine               - class com.almasb.fxgl.net.NetService
12:19:51.723 [FXGL Background Thread 3 ] DEBUG Engine               - class com.almasb.fxgl.app.services.UpdaterService
12:19:51.723 [FXGL Background Thread 3 ] DEBUG Engine               - class com.almasb.fxgl.dev.DevService
12:20:05.745 [JavaFX Application Thread] DEBUG FXGLApplication      - Exiting FXGL
12:20:05.745 [JavaFX Application Thread] DEBUG LoopRunner           - Stopping loop
12:20:05.745 [JavaFX Application Thread] DEBUG SystemBundleService  - Saving FXGL system data
12:20:05.747 [JavaFX Application Thread] DEBUG FileSystemAccess     - Writing to: F:\Proyectos javafx\javafxgl\fxgl-demoImage\system\fxgl.bundle
12:20:05.749 [JavaFX Application Thread] DEBUG Async                - Shutting down background threads
12:20:05.749 [JavaFX Application Thread] DEBUG PrimaryStageWindow   - Closing main window
12:20:05.769 [JavaFX Application Thread] DEBUG Logger               - Closing Logger
