10:20:26.928 [main                     ] DEBUG Logger               - Configured Logger
10:20:26.951 [main                     ] DEBUG GameApplication      - Logging settings
Title: DemoImage
Version: 0.0
Width: 800
Height: 600
Fullscreen: false
Intro: false
Profiling: false
Single step:false
App Mode: DEVELOPER
Menu Key: ESCAPE
Stage Style: DECORATED
Scene Factory: class com.almasb.fxgl.app.scene.SceneFactory

10:20:27.326 [JavaFX Application Thread] DEBUG FXGLApplication      - Initializing FXGL
10:20:27.339 [JavaFX Application Thread] INFO  Engine               - FXGL-21 (28.12.2023 13.35) on WINDOWS (J:21.0.1 FX:21.0.1)
10:20:27.339 [JavaFX Application Thread] DEBUG Engine               - JRE Vendor Name: Oracle Corporation
10:20:27.340 [JavaFX Application Thread] DEBUG Engine               - Running on OS: Windows 10 version 10.0
10:20:27.340 [JavaFX Application Thread] DEBUG Engine               - Architecture: amd64
10:20:27.340 [JavaFX Application Thread] INFO  Engine               - Source code and latest versions at: https://github.com/AlmasB/FXGL
10:20:27.340 [JavaFX Application Thread] INFO  Engine               -       Ask questions and discuss at: https://github.com/AlmasB/FXGL/discussions
10:20:27.340 [JavaFX Application Thread] INFO  Engine               -              Join the FXGL chat at: https://gitter.im/AlmasB/FXGL
10:20:27.467 [JavaFX Application Thread] DEBUG PrimaryStageWindow   - Creating a JavaFX scene
10:20:27.519 [JavaFX Application Thread] DEBUG PrimaryStageWindow   - Target settings size: 800.0 x 600.0
10:20:27.520 [JavaFX Application Thread] DEBUG PrimaryStageWindow   - Scaled scene size:    800.0 x 600.0
10:20:27.520 [JavaFX Application Thread] DEBUG PrimaryStageWindow   - Scaled ratio: (1.0, 1.0)
10:20:27.521 [JavaFX Application Thread] DEBUG PrimaryStageWindow   - Set initial scene to FXGLStartupScene
10:20:27.524 [JavaFX Application Thread] DEBUG PrimaryStageWindow   - Opening main window
10:20:27.629 [JavaFX Application Thread] DEBUG PrimaryStageWindow   - Window border size: (14.4000244140625, 37.5999755859375)
10:20:27.630 [JavaFX Application Thread] DEBUG PrimaryStageWindow   - Scaled size: 800.0 x 600.0
10:20:27.630 [JavaFX Application Thread] DEBUG PrimaryStageWindow   - Scaled ratio: (1.0, 1.0)
10:20:27.631 [JavaFX Application Thread] DEBUG PrimaryStageWindow   - Scene size: 800.0 x 600.0
10:20:27.631 [JavaFX Application Thread] DEBUG PrimaryStageWindow   - Stage size: 814.4000244140625 x 637.5999755859375
10:20:27.644 [FXGL Background Thread 1 ] DEBUG Engine               - Initializing environment variables
10:20:27.743 [FXGL Background Thread 1 ] DEBUG FXGLAssetLoaderServi - User app class for loading assets: class org.example.App
10:20:27.744 [FXGL Background Thread 1 ] DEBUG GameApplicationServi - Applying CSS: fxgl_dark.css
10:20:27.745 [FXGL Background Thread 1 ] DEBUG FXGLAssetLoaderServi - Loading from file system: jar:file:/C:/Users/Usuario/.m2/repository/com/github/almasb/fxgl/21/fxgl-21.jar!/fxglassets/ui/css/fxgl_dark.css
10:20:27.801 [FXGL Background Thread 1 ] DEBUG GameApplicationServi - Initializing application scenes
10:20:27.865 [FXGL Background Thread 1 ] DEBUG GameWorld            - Game world initialized
10:20:27.958 [FXGL Background Thread 1 ] DEBUG PhysicsWorld         - Physics world initialized: appHeight=600, physics.ppm=50,0
10:20:27.958 [FXGL Background Thread 1 ] DEBUG PhysicsWorld         - Using strategy: BRUTE_FORCE
10:20:27.964 [FXGL Background Thread 1 ] DEBUG GameScene            - Game scene initialized: 800x600
10:20:27.982 [FXGL Background Thread 1 ] DEBUG FXGL.DefaultMenu     - createMenuBodyGameMenu()
10:20:28.000 [FXGL Background Thread 1 ] DEBUG FXGL.DefaultMenu     - createOptionsMenu()
10:20:28.009 [FXGL Background Thread 1 ] DEBUG FXGLAssetLoaderServi - Loading from file system: jar:file:/C:/Users/Usuario/.m2/repository/com/github/almasb/fxgl/21/fxgl-21.jar!/fxglassets/textures/particles/smoke.png
10:20:28.124 [FXGL Background Thread 1 ] DEBUG FXGLAssetLoaderServi - Loading from file system: jar:file:/C:/Users/Usuario/.m2/repository/com/github/almasb/fxgl/21/fxgl-21.jar!/fxglassets/textures/particles/trace_horizontal.png
10:20:28.151 [FXGL Background Thread 1 ] DEBUG GameApplicationServi - Application scenes initialized
10:20:28.165 [FXGL Background Thread 1 ] DEBUG SystemBundleService  - Loading FXGL system data
10:20:28.169 [FXGL Background Thread 1 ] DEBUG FileSystemAccess     - Reading from: F:\Proyectos javafx\javafxgl\fxgl-demoImage\system\fxgl.bundle
10:20:28.179 [FXGL Background Thread 1 ] DEBUG SystemBundleService  - Bundle FXGL: {}
10:20:28.179 [FXGL Background Thread 1 ] DEBUG UpdaterService       - Checking for updates
10:20:28.183 [FXGL Background Thread 4 ] DEBUG FXGLApplication      - Loading fonts
10:20:28.184 [FXGL Background Thread 1 ] DEBUG FXGLApplication      - Loading default localization
10:20:28.184 [FXGL Background Thread 4 ] DEBUG FXGLAssetLoaderServi - Loading from file system: jar:file:/C:/Users/Usuario/.m2/repository/com/github/almasb/fxgl/21/fxgl-21.jar!/fxglassets/ui/fonts/VarelaRound-Regular.ttf
10:20:28.185 [FXGL Background Thread 1 ] DEBUG FXGLAssetLoaderServi - Loading from file system: jar:file:/C:/Users/Usuario/.m2/repository/com/github/almasb/fxgl/21/fxgl-21.jar!/fxglassets/languages/english.lang
10:20:28.228 [FXGL Background Thread 4 ] DEBUG FXGLAssetLoaderServi - Loading from file system: jar:file:/C:/Users/Usuario/.m2/repository/com/github/almasb/fxgl/21/fxgl-21.jar!/fxglassets/ui/fonts/Abel-Regular.ttf
10:20:28.228 [FXGL Background Thread 1 ] INFO  FXGLApplication      - FXGL initialization took: 0,584 sec
10:20:28.237 [FXGL Background Thread 4 ] DEBUG FXGLAssetLoaderServi - Loading from file system: jar:file:/C:/Users/Usuario/.m2/repository/com/github/almasb/fxgl/21/fxgl-21.jar!/fxglassets/ui/fonts/TerminalLandMono-Regular.otf
10:20:28.242 [JavaFX Application Thread] DEBUG Input                - Registered new binding: action0 - A
10:20:28.243 [JavaFX Application Thread] DEBUG Input                - Registered new binding: action1 - D
10:20:28.243 [JavaFX Application Thread] DEBUG Input                - Registered new binding: action2 - W
10:20:28.244 [JavaFX Application Thread] DEBUG Input                - Registered new binding: action3 - S
10:20:28.244 [JavaFX Application Thread] DEBUG FXGLAssetLoaderServi - Loading from file system: jar:file:/C:/Users/Usuario/.m2/repository/com/github/almasb/fxgl/21/fxgl-21.jar!/fxglassets/textures/fxgl_icon.png
10:20:28.249 [FXGL Background Thread 4 ] DEBUG FXGLAssetLoaderServi - Loading from file system: jar:file:/C:/Users/Usuario/.m2/repository/com/github/almasb/fxgl/21/fxgl-21.jar!/fxglassets/ui/fonts/Courier-Prime.ttf
10:20:28.268 [JavaFX Application Thread] DEBUG FXGLAssetLoaderServi - Loading from file system: jar:file:/C:/Users/Usuario/.m2/repository/com/github/almasb/fxgl/21/fxgl-21.jar!/fxglassets/textures/fxgl_default_cursor.png
10:20:28.272 [JavaFX Application Thread] DEBUG Input                - Registered new binding: Screenshot - CTRL+8
10:20:28.272 [JavaFX Application Thread] DEBUG Input                - Registered new binding: System info dump - CTRL+9
10:20:28.273 [JavaFX Application Thread] DEBUG Input                - Registered new binding: Restart - CTRL+R
10:20:28.274 [JavaFX Application Thread] DEBUG Input                - Registered new binding: Toggle Debug Camera - CTRL+7
10:20:28.277 [JavaFX Application Thread] DEBUG LoopRunner           - Starting loop
10:20:28.278 [JavaFX Application Thread] DEBUG LoopRunner           - Initializing JavaFX AnimationTimerLoop
10:20:28.279 [JavaFX Application Thread] DEBUG GameApplicationServi - Starting new game
10:20:28.280 [JavaFX Application Thread] DEBUG Input                - Clearing active input actions
10:20:28.292 [JavaFX Application Thread] DEBUG GameApplicationServi - Removing overlay from FXGLStartupScene and adding to FXGLLoadingScene
10:20:28.293 [JavaFX Application Thread] DEBUG PrimaryStageWindow   - FXGLStartupScene -> FXGLLoadingScene
10:20:28.293 [JavaFX Application Thread] DEBUG GameApplicationServi - Clearing previous game
10:20:28.293 [JavaFX Application Thread] DEBUG GameScene            - Clearing game scene
10:20:28.293 [JavaFX Application Thread] DEBUG GameWorld            - Clearing game world
10:20:28.293 [JavaFX Application Thread] DEBUG PhysicsWorld         - Clearing physics world
10:20:28.295 [JavaFX Application Thread] DEBUG FXGLApplication      - Registering font factories with UI factory
10:20:28.295 [FXGL Background Thread 4 ] DEBUG FXGLApplication      - Initializing game
10:20:28.309 [FXGL Background Thread 4 ] DEBUG FXGLAssetLoaderServi - Loading from file system: file:/F:/Proyectos%20javafx/javafxgl/fxgl-demoImage/target/classes/assets/textures/bfrances.png
10:20:28.337 [FXGL Background Thread 4 ] DEBUG FXGLAssetLoaderServi - Loading from file system: file:/F:/Proyectos%20javafx/javafxgl/fxgl-demoImage/target/classes/assets/textures/sprite_player.png
10:20:28.343 [FXGL Background Thread 4 ] INFO  FXGLApplication      - Game initialization took: 0,048 sec
10:20:28.349 [JavaFX Application Thread] DEBUG Input                - Clearing active input actions
10:20:28.367 [JavaFX Application Thread] DEBUG GameApplicationServi - Removing overlay from FXGLLoadingScene and adding to GameScene
10:20:28.368 [JavaFX Application Thread] DEBUG PrimaryStageWindow   - FXGLLoadingScene -> GameScene
10:20:28.892 [JavaFX Application Thread] DEBUG FXGLAssetLoaderServi - Loading from file system: file:/F:/Proyectos%20javafx/javafxgl/fxgl-demoImage/target/classes/assets/textures/hueso.png
10:20:30.276 [JavaFX Application Thread] DEBUG FXGLApplication      - Exiting FXGL
10:20:30.276 [JavaFX Application Thread] DEBUG LoopRunner           - Stopping loop
10:20:30.276 [JavaFX Application Thread] DEBUG SystemBundleService  - Saving FXGL system data
10:20:30.279 [JavaFX Application Thread] DEBUG FileSystemAccess     - Writing to: F:\Proyectos javafx\javafxgl\fxgl-demoImage\system\fxgl.bundle
10:20:30.281 [JavaFX Application Thread] DEBUG Async                - Shutting down background threads
10:20:30.281 [JavaFX Application Thread] DEBUG PrimaryStageWindow   - Closing main window
10:20:30.301 [JavaFX Application Thread] DEBUG Logger               - Closing Logger
