12:17:58.726 [main                     ] DEBUG Logger               - Configured Logger
12:17:58.758 [main                     ] DEBUG GameApplication      - Logging settings
Title: DemoImage
Version: 0.0
Width: 800
Height: 600
Fullscreen: false
Intro: false
Profiling: false
Single step:false
App Mode: DEVELOPER
Menu Key: ESCAPE
Stage Style: DECORATED
Scene Factory: class com.almasb.fxgl.app.scene.SceneFactory

12:17:59.139 [JavaFX Application Thread] DEBUG FXGLApplication      - Initializing FXGL
12:17:59.149 [JavaFX Application Thread] INFO  Engine               - FXGL-21 (28.12.2023 13.35) on WINDOWS (J:21.0.1 FX:21.0.1)
12:17:59.149 [JavaFX Application Thread] DEBUG Engine               - JRE Vendor Name: Oracle Corporation
12:17:59.150 [JavaFX Application Thread] DEBUG Engine               - Running on OS: Windows 10 version 10.0
12:17:59.150 [JavaFX Application Thread] DEBUG Engine               - Architecture: amd64
12:17:59.150 [JavaFX Application Thread] INFO  Engine               - Source code and latest versions at: https://github.com/AlmasB/FXGL
12:17:59.150 [JavaFX Application Thread] INFO  Engine               -       Ask questions and discuss at: https://github.com/AlmasB/FXGL/discussions
12:17:59.150 [JavaFX Application Thread] INFO  Engine               -              Join the FXGL chat at: https://gitter.im/AlmasB/FXGL
12:17:59.276 [JavaFX Application Thread] DEBUG PrimaryStageWindow   - Creating a JavaFX scene
12:17:59.331 [JavaFX Application Thread] DEBUG PrimaryStageWindow   - Target settings size: 800.0 x 600.0
12:17:59.331 [JavaFX Application Thread] DEBUG PrimaryStageWindow   - Scaled scene size:    800.0 x 600.0
12:17:59.332 [JavaFX Application Thread] DEBUG PrimaryStageWindow   - Scaled ratio: (1.0, 1.0)
12:17:59.333 [JavaFX Application Thread] DEBUG PrimaryStageWindow   - Set initial scene to FXGLStartupScene
12:17:59.336 [JavaFX Application Thread] DEBUG PrimaryStageWindow   - Opening main window
12:17:59.442 [JavaFX Application Thread] DEBUG PrimaryStageWindow   - Window border size: (14.4000244140625, 37.5999755859375)
12:17:59.442 [JavaFX Application Thread] DEBUG PrimaryStageWindow   - Scaled size: 800.0 x 600.0
12:17:59.442 [JavaFX Application Thread] DEBUG PrimaryStageWindow   - Scaled ratio: (1.0, 1.0)
12:17:59.443 [JavaFX Application Thread] DEBUG PrimaryStageWindow   - Scene size: 800.0 x 600.0
12:17:59.443 [JavaFX Application Thread] DEBUG PrimaryStageWindow   - Stage size: 814.4000244140625 x 637.5999755859375
12:17:59.454 [FXGL Background Thread 1 ] DEBUG Engine               - Initializing environment variables
12:17:59.545 [FXGL Background Thread 1 ] DEBUG FXGLAssetLoaderServi - User app class for loading assets: class org.example.App
12:17:59.546 [FXGL Background Thread 1 ] DEBUG GameApplicationServi - Applying CSS: fxgl_dark.css
12:17:59.547 [FXGL Background Thread 1 ] DEBUG FXGLAssetLoaderServi - Loading from file system: jar:file:/C:/Users/Usuario/.m2/repository/com/github/almasb/fxgl/21/fxgl-21.jar!/fxglassets/ui/css/fxgl_dark.css
12:17:59.603 [FXGL Background Thread 1 ] DEBUG GameApplicationServi - Initializing application scenes
12:17:59.654 [FXGL Background Thread 1 ] DEBUG GameWorld            - Game world initialized
12:17:59.738 [FXGL Background Thread 1 ] DEBUG PhysicsWorld         - Physics world initialized: appHeight=600, physics.ppm=50,0
12:17:59.739 [FXGL Background Thread 1 ] DEBUG PhysicsWorld         - Using strategy: BRUTE_FORCE
12:17:59.746 [FXGL Background Thread 1 ] DEBUG GameScene            - Game scene initialized: 800x600
12:17:59.766 [FXGL Background Thread 1 ] DEBUG FXGL.DefaultMenu     - createMenuBodyGameMenu()
12:17:59.782 [FXGL Background Thread 1 ] DEBUG FXGL.DefaultMenu     - createOptionsMenu()
12:17:59.791 [FXGL Background Thread 1 ] DEBUG FXGLAssetLoaderServi - Loading from file system: jar:file:/C:/Users/Usuario/.m2/repository/com/github/almasb/fxgl/21/fxgl-21.jar!/fxglassets/textures/particles/smoke.png
12:17:59.905 [FXGL Background Thread 1 ] DEBUG FXGLAssetLoaderServi - Loading from file system: jar:file:/C:/Users/Usuario/.m2/repository/com/github/almasb/fxgl/21/fxgl-21.jar!/fxglassets/textures/particles/trace_horizontal.png
12:17:59.931 [FXGL Background Thread 1 ] DEBUG GameApplicationServi - Application scenes initialized
12:17:59.945 [FXGL Background Thread 1 ] DEBUG SystemBundleService  - Loading FXGL system data
12:17:59.949 [FXGL Background Thread 1 ] DEBUG FileSystemAccess     - Reading from: F:\Proyectos javafx\javafxgl\fxgl-demoImage\system\fxgl.bundle
12:17:59.959 [FXGL Background Thread 1 ] DEBUG SystemBundleService  - Bundle FXGL: {}
12:17:59.959 [FXGL Background Thread 1 ] DEBUG UpdaterService       - Checking for updates
12:17:59.966 [FXGL Background Thread 4 ] DEBUG FXGLApplication      - Loading fonts
12:17:59.967 [FXGL Background Thread 4 ] DEBUG FXGLAssetLoaderServi - Loading from file system: jar:file:/C:/Users/Usuario/.m2/repository/com/github/almasb/fxgl/21/fxgl-21.jar!/fxglassets/ui/fonts/VarelaRound-Regular.ttf
12:17:59.969 [FXGL Background Thread 1 ] DEBUG FXGLApplication      - Loading default localization
12:17:59.970 [FXGL Background Thread 1 ] DEBUG FXGLAssetLoaderServi - Loading from file system: jar:file:/C:/Users/Usuario/.m2/repository/com/github/almasb/fxgl/21/fxgl-21.jar!/fxglassets/languages/english.lang
12:18:00.012 [FXGL Background Thread 1 ] INFO  FXGLApplication      - FXGL initialization took: 0,558 sec
12:18:00.017 [FXGL Background Thread 4 ] DEBUG FXGLAssetLoaderServi - Loading from file system: jar:file:/C:/Users/Usuario/.m2/repository/com/github/almasb/fxgl/21/fxgl-21.jar!/fxglassets/ui/fonts/Abel-Regular.ttf
12:18:00.028 [JavaFX Application Thread] DEBUG Input                - Registered new binding: action0 - J
12:18:00.028 [JavaFX Application Thread] DEBUG Input                - Registered new binding: action1 - L
12:18:00.029 [FXGL Background Thread 4 ] DEBUG FXGLAssetLoaderServi - Loading from file system: jar:file:/C:/Users/Usuario/.m2/repository/com/github/almasb/fxgl/21/fxgl-21.jar!/fxglassets/ui/fonts/TerminalLandMono-Regular.otf
12:18:00.029 [JavaFX Application Thread] DEBUG Input                - Registered new binding: action2 - I
12:18:00.029 [JavaFX Application Thread] DEBUG Input                - Registered new binding: action3 - K
12:18:00.029 [JavaFX Application Thread] DEBUG Input                - Registered new binding: action4 - A
12:18:00.030 [JavaFX Application Thread] DEBUG Input                - Registered new binding: action5 - D
12:18:00.030 [JavaFX Application Thread] DEBUG Input                - Registered new binding: action6 - W
12:18:00.030 [JavaFX Application Thread] DEBUG Input                - Registered new binding: action7 - S
12:18:00.031 [JavaFX Application Thread] DEBUG FXGLAssetLoaderServi - Loading from file system: jar:file:/C:/Users/Usuario/.m2/repository/com/github/almasb/fxgl/21/fxgl-21.jar!/fxglassets/textures/fxgl_icon.png
12:18:00.047 [FXGL Background Thread 4 ] DEBUG FXGLAssetLoaderServi - Loading from file system: jar:file:/C:/Users/Usuario/.m2/repository/com/github/almasb/fxgl/21/fxgl-21.jar!/fxglassets/ui/fonts/Courier-Prime.ttf
12:18:00.052 [JavaFX Application Thread] DEBUG FXGLAssetLoaderServi - Loading from file system: jar:file:/C:/Users/Usuario/.m2/repository/com/github/almasb/fxgl/21/fxgl-21.jar!/fxglassets/textures/fxgl_default_cursor.png
12:18:00.055 [JavaFX Application Thread] DEBUG Input                - Registered new binding: Screenshot - CTRL+8
12:18:00.055 [JavaFX Application Thread] DEBUG Input                - Registered new binding: System info dump - CTRL+9
12:18:00.056 [JavaFX Application Thread] DEBUG Input                - Registered new binding: Restart - CTRL+R
12:18:00.056 [JavaFX Application Thread] DEBUG Input                - Registered new binding: Toggle Debug Camera - CTRL+7
12:18:00.060 [JavaFX Application Thread] DEBUG LoopRunner           - Starting loop
12:18:00.060 [JavaFX Application Thread] DEBUG LoopRunner           - Initializing JavaFX AnimationTimerLoop
12:18:00.062 [JavaFX Application Thread] DEBUG GameApplicationServi - Starting new game
12:18:00.062 [JavaFX Application Thread] DEBUG Input                - Clearing active input actions
12:18:00.075 [JavaFX Application Thread] DEBUG GameApplicationServi - Removing overlay from FXGLStartupScene and adding to FXGLLoadingScene
12:18:00.076 [JavaFX Application Thread] DEBUG PrimaryStageWindow   - FXGLStartupScene -> FXGLLoadingScene
12:18:00.076 [JavaFX Application Thread] DEBUG GameApplicationServi - Clearing previous game
12:18:00.076 [JavaFX Application Thread] DEBUG GameScene            - Clearing game scene
12:18:00.076 [JavaFX Application Thread] DEBUG GameWorld            - Clearing game world
12:18:00.076 [JavaFX Application Thread] DEBUG PhysicsWorld         - Clearing physics world
12:18:00.078 [FXGL Background Thread 4 ] DEBUG FXGLApplication      - Initializing game
12:18:00.078 [JavaFX Application Thread] DEBUG FXGLApplication      - Registering font factories with UI factory
12:18:00.095 [FXGL Background Thread 4 ] DEBUG FXGLAssetLoaderServi - Loading from file system: file:/F:/Proyectos%20javafx/javafxgl/fxgl-demoImage/target/classes/assets/textures/bosque.jpg
12:18:00.194 [FXGL Background Thread 4 ] DEBUG FXGLAssetLoaderServi - Loading from file system: file:/F:/Proyectos%20javafx/javafxgl/fxgl-demoImage/target/classes/assets/textures/sprite_pug.png
12:18:00.218 [FXGL Background Thread 4 ] DEBUG FXGLAssetLoaderServi - Loading from file system: file:/F:/Proyectos%20javafx/javafxgl/fxgl-demoImage/target/classes/assets/textures/sprite_player.png
12:18:00.234 [FXGL Background Thread 4 ] INFO  FXGLApplication      - Game initialization took: 0,156 sec
12:18:00.236 [JavaFX Application Thread] DEBUG Input                - Clearing active input actions
12:18:00.254 [JavaFX Application Thread] DEBUG GameApplicationServi - Removing overlay from FXGLLoadingScene and adding to GameScene
12:18:00.255 [JavaFX Application Thread] DEBUG PrimaryStageWindow   - FXGLLoadingScene -> GameScene
12:18:00.497 [JavaFX Application Thread] DEBUG FXGLAssetLoaderServi - Loading from file system: file:/F:/Proyectos%20javafx/javafxgl/fxgl-demoImage/target/classes/assets/textures/hueso.png
12:18:02.664 [JavaFX Application Thread] DEBUG FXGLApplication      - Exiting FXGL
12:18:02.664 [JavaFX Application Thread] DEBUG LoopRunner           - Stopping loop
12:18:02.664 [JavaFX Application Thread] DEBUG SystemBundleService  - Saving FXGL system data
12:18:02.666 [JavaFX Application Thread] DEBUG FileSystemAccess     - Writing to: F:\Proyectos javafx\javafxgl\fxgl-demoImage\system\fxgl.bundle
12:18:02.668 [JavaFX Application Thread] DEBUG Async                - Shutting down background threads
12:18:02.668 [JavaFX Application Thread] DEBUG PrimaryStageWindow   - Closing main window
12:18:02.687 [JavaFX Application Thread] DEBUG Logger               - Closing Logger
