10:13:43.320 [main                     ] DEBUG Logger               - Configured Logger
10:13:43.350 [main                     ] DEBUG GameApplication      - Logging settings
Title: DemoImage
Version: 0.0
Width: 800
Height: 600
Fullscreen: false
Intro: false
Profiling: false
Single step:false
App Mode: DEVELOPER
Menu Key: ESCAPE
Stage Style: DECORATED
Scene Factory: class com.almasb.fxgl.app.scene.SceneFactory

10:13:43.729 [JavaFX Application Thread] DEBUG FXGLApplication      - Initializing FXGL
10:13:43.732 [JavaFX Application Thread] INFO  Engine               - FXGL-21 (28.12.2023 13.35) on WINDOWS (J:21.0.1 FX:21.0.1)
10:13:43.733 [JavaFX Application Thread] DEBUG Engine               - JRE Vendor Name: Oracle Corporation
10:13:43.733 [JavaFX Application Thread] DEBUG Engine               - Running on OS: Windows 10 version 10.0
10:13:43.733 [JavaFX Application Thread] DEBUG Engine               - Architecture: amd64
10:13:43.733 [JavaFX Application Thread] INFO  Engine               - Source code and latest versions at: https://github.com/AlmasB/FXGL
10:13:43.733 [JavaFX Application Thread] INFO  Engine               -       Ask questions and discuss at: https://github.com/AlmasB/FXGL/discussions
10:13:43.733 [JavaFX Application Thread] INFO  Engine               -              Join the FXGL chat at: https://gitter.im/AlmasB/FXGL
10:13:43.867 [JavaFX Application Thread] DEBUG PrimaryStageWindow   - Creating a JavaFX scene
10:13:43.924 [JavaFX Application Thread] DEBUG PrimaryStageWindow   - Target settings size: 800.0 x 600.0
10:13:43.924 [JavaFX Application Thread] DEBUG PrimaryStageWindow   - Scaled scene size:    800.0 x 600.0
10:13:43.925 [JavaFX Application Thread] DEBUG PrimaryStageWindow   - Scaled ratio: (1.0, 1.0)
10:13:43.926 [JavaFX Application Thread] DEBUG PrimaryStageWindow   - Set initial scene to FXGLStartupScene
10:13:43.929 [JavaFX Application Thread] DEBUG PrimaryStageWindow   - Opening main window
10:13:44.042 [JavaFX Application Thread] DEBUG PrimaryStageWindow   - Window border size: (14.4000244140625, 37.5999755859375)
10:13:44.043 [JavaFX Application Thread] DEBUG PrimaryStageWindow   - Scaled size: 800.0 x 600.0
10:13:44.043 [JavaFX Application Thread] DEBUG PrimaryStageWindow   - Scaled ratio: (1.0, 1.0)
10:13:44.045 [JavaFX Application Thread] DEBUG PrimaryStageWindow   - Scene size: 800.0 x 600.0
10:13:44.046 [JavaFX Application Thread] DEBUG PrimaryStageWindow   - Stage size: 814.4000244140625 x 637.5999755859375
10:13:44.057 [FXGL Background Thread 1 ] DEBUG Engine               - Initializing environment variables
10:13:44.151 [FXGL Background Thread 1 ] DEBUG FXGLAssetLoaderServi - User app class for loading assets: class org.example.App
10:13:44.152 [FXGL Background Thread 1 ] DEBUG GameApplicationServi - Applying CSS: fxgl_dark.css
10:13:44.153 [FXGL Background Thread 1 ] DEBUG FXGLAssetLoaderServi - Loading from file system: jar:file:/C:/Users/Usuario/.m2/repository/com/github/almasb/fxgl/21/fxgl-21.jar!/fxglassets/ui/css/fxgl_dark.css
10:13:44.214 [FXGL Background Thread 1 ] DEBUG GameApplicationServi - Initializing application scenes
10:13:44.272 [FXGL Background Thread 1 ] DEBUG GameWorld            - Game world initialized
10:13:44.371 [FXGL Background Thread 1 ] DEBUG PhysicsWorld         - Physics world initialized: appHeight=600, physics.ppm=50,0
10:13:44.372 [FXGL Background Thread 1 ] DEBUG PhysicsWorld         - Using strategy: BRUTE_FORCE
10:13:44.378 [FXGL Background Thread 1 ] DEBUG GameScene            - Game scene initialized: 800x600
10:13:44.402 [FXGL Background Thread 1 ] DEBUG FXGL.DefaultMenu     - createMenuBodyGameMenu()
10:13:44.421 [FXGL Background Thread 1 ] DEBUG FXGL.DefaultMenu     - createOptionsMenu()
10:13:44.431 [FXGL Background Thread 1 ] DEBUG FXGLAssetLoaderServi - Loading from file system: jar:file:/C:/Users/Usuario/.m2/repository/com/github/almasb/fxgl/21/fxgl-21.jar!/fxglassets/textures/particles/smoke.png
10:13:44.564 [FXGL Background Thread 1 ] DEBUG FXGLAssetLoaderServi - Loading from file system: jar:file:/C:/Users/Usuario/.m2/repository/com/github/almasb/fxgl/21/fxgl-21.jar!/fxglassets/textures/particles/trace_horizontal.png
10:13:44.596 [FXGL Background Thread 1 ] DEBUG GameApplicationServi - Application scenes initialized
10:13:44.610 [FXGL Background Thread 1 ] DEBUG SystemBundleService  - Loading FXGL system data
10:13:44.613 [FXGL Background Thread 1 ] DEBUG FileSystemAccess     - Reading from: F:\Proyectos javafx\javafxgl\fxgl-demoImage\system\fxgl.bundle
10:13:44.624 [FXGL Background Thread 1 ] DEBUG SystemBundleService  - Bundle FXGL: {}
10:13:44.624 [FXGL Background Thread 1 ] DEBUG UpdaterService       - Checking for updates
10:13:44.628 [FXGL Background Thread 4 ] DEBUG FXGLApplication      - Loading fonts
10:13:44.629 [FXGL Background Thread 4 ] DEBUG FXGLAssetLoaderServi - Loading from file system: jar:file:/C:/Users/Usuario/.m2/repository/com/github/almasb/fxgl/21/fxgl-21.jar!/fxglassets/ui/fonts/VarelaRound-Regular.ttf
10:13:44.629 [FXGL Background Thread 1 ] DEBUG FXGLApplication      - Loading default localization
10:13:44.630 [FXGL Background Thread 1 ] DEBUG FXGLAssetLoaderServi - Loading from file system: jar:file:/C:/Users/Usuario/.m2/repository/com/github/almasb/fxgl/21/fxgl-21.jar!/fxglassets/languages/english.lang
10:13:44.680 [FXGL Background Thread 4 ] DEBUG FXGLAssetLoaderServi - Loading from file system: jar:file:/C:/Users/Usuario/.m2/repository/com/github/almasb/fxgl/21/fxgl-21.jar!/fxglassets/ui/fonts/Abel-Regular.ttf
10:13:44.682 [FXGL Background Thread 1 ] INFO  FXGLApplication      - FXGL initialization took: 0,625 sec
10:13:44.695 [JavaFX Application Thread] DEBUG Input                - Registered new binding: action0 - A
10:13:44.695 [JavaFX Application Thread] DEBUG Input                - Registered new binding: action1 - D
10:13:44.696 [JavaFX Application Thread] DEBUG Input                - Registered new binding: action2 - W
10:13:44.696 [JavaFX Application Thread] DEBUG Input                - Registered new binding: action3 - S
10:13:44.697 [JavaFX Application Thread] DEBUG FXGLAssetLoaderServi - Loading from file system: jar:file:/C:/Users/Usuario/.m2/repository/com/github/almasb/fxgl/21/fxgl-21.jar!/fxglassets/textures/fxgl_icon.png
10:13:44.705 [FXGL Background Thread 4 ] DEBUG FXGLAssetLoaderServi - Loading from file system: jar:file:/C:/Users/Usuario/.m2/repository/com/github/almasb/fxgl/21/fxgl-21.jar!/fxglassets/ui/fonts/TerminalLandMono-Regular.otf
10:13:44.717 [FXGL Background Thread 4 ] DEBUG FXGLAssetLoaderServi - Loading from file system: jar:file:/C:/Users/Usuario/.m2/repository/com/github/almasb/fxgl/21/fxgl-21.jar!/fxglassets/ui/fonts/Courier-Prime.ttf
10:13:44.723 [JavaFX Application Thread] DEBUG FXGLAssetLoaderServi - Loading from file system: jar:file:/C:/Users/Usuario/.m2/repository/com/github/almasb/fxgl/21/fxgl-21.jar!/fxglassets/textures/fxgl_default_cursor.png
10:13:44.727 [JavaFX Application Thread] DEBUG Input                - Registered new binding: Screenshot - CTRL+8
10:13:44.728 [JavaFX Application Thread] DEBUG Input                - Registered new binding: System info dump - CTRL+9
10:13:44.728 [JavaFX Application Thread] DEBUG Input                - Registered new binding: Restart - CTRL+R
10:13:44.729 [JavaFX Application Thread] DEBUG Input                - Registered new binding: Toggle Debug Camera - CTRL+7
10:13:44.735 [JavaFX Application Thread] DEBUG LoopRunner           - Starting loop
10:13:44.736 [JavaFX Application Thread] DEBUG LoopRunner           - Initializing JavaFX AnimationTimerLoop
10:13:44.739 [JavaFX Application Thread] DEBUG GameApplicationServi - Starting new game
10:13:44.739 [JavaFX Application Thread] DEBUG Input                - Clearing active input actions
10:13:44.758 [JavaFX Application Thread] DEBUG GameApplicationServi - Removing overlay from FXGLStartupScene and adding to FXGLLoadingScene
10:13:44.760 [JavaFX Application Thread] DEBUG PrimaryStageWindow   - FXGLStartupScene -> FXGLLoadingScene
10:13:44.760 [JavaFX Application Thread] DEBUG GameApplicationServi - Clearing previous game
10:13:44.760 [JavaFX Application Thread] DEBUG GameScene            - Clearing game scene
10:13:44.760 [JavaFX Application Thread] DEBUG GameWorld            - Clearing game world
10:13:44.760 [JavaFX Application Thread] DEBUG PhysicsWorld         - Clearing physics world
10:13:44.764 [FXGL Background Thread 4 ] DEBUG FXGLApplication      - Initializing game
10:13:44.782 [FXGL Background Thread 4 ] DEBUG FXGLAssetLoaderServi - Loading from file system: file:/F:/Proyectos%20javafx/javafxgl/fxgl-demoImage/target/classes/assets/textures/bfrances.png
10:13:44.807 [FXGL Background Thread 4 ] WARN  FXGLAssetLoaderServi - Asset "/assets/textures/nave.png" was not found!
10:13:44.808 [FXGL Background Thread 4 ] WARN  FXGLAssetLoaderServi - Failed to load IMAGE
10:13:44.917 [FXGL Background Thread 4 ] INFO  FXGLApplication      - Game initialization took: 0,153 sec
10:13:44.917 [JavaFX Application Thread] DEBUG Input                - Clearing active input actions
10:13:44.931 [JavaFX Application Thread] DEBUG GameApplicationServi - Removing overlay from FXGLLoadingScene and adding to GameScene
10:13:44.932 [JavaFX Application Thread] DEBUG PrimaryStageWindow   - FXGLLoadingScene -> GameScene
10:13:45.426 [JavaFX Application Thread] DEBUG FXGLAssetLoaderServi - Loading from file system: file:/F:/Proyectos%20javafx/javafxgl/fxgl-demoImage/target/classes/assets/textures/hueso.png
10:13:47.628 [FXGL Background Thread 3 ] DEBUG Engine               - Logging environment variables
10:13:47.630 [FXGL Background Thread 3 ] DEBUG Engine               - achievements: []
10:13:47.630 [FXGL Background Thread 3 ] DEBUG Engine               - actualHeight: 600.0
10:13:47.631 [FXGL Background Thread 3 ] DEBUG Engine               - actualHeightProperty: ReadOnlyDoubleProperty [value: 600.0]
10:13:47.631 [FXGL Background Thread 3 ] DEBUG Engine               - actualWidth: 800.0
10:13:47.631 [FXGL Background Thread 3 ] DEBUG Engine               - actualWidthProperty: ReadOnlyDoubleProperty [value: 800.0]
10:13:47.631 [FXGL Background Thread 3 ] DEBUG Engine               - appIcon: fxgl_icon.png
10:13:47.632 [FXGL Background Thread 3 ] DEBUG Engine               - applicationMode: DEVELOPER
10:13:47.632 [FXGL Background Thread 3 ] DEBUG Engine               - cSSList: [fxgl_dark.css]
10:13:47.632 [FXGL Background Thread 3 ] DEBUG Engine               - collisionDetectionStrategy: BRUTE_FORCE
10:13:47.632 [FXGL Background Thread 3 ] DEBUG Engine               - configClass: Optional.empty
10:13:47.632 [FXGL Background Thread 3 ] DEBUG Engine               - credits: []
10:13:47.633 [FXGL Background Thread 3 ] DEBUG Engine               - defaultCursor: CursorInfo(imageName=fxgl_default_cursor.png, hotspotX=7.0, hotspotY=6.0)
10:13:47.634 [FXGL Background Thread 3 ] DEBUG Engine               - devBBoxColorProperty: ObjectProperty [value: 0xff0000ff]
10:13:47.634 [FXGL Background Thread 3 ] DEBUG Engine               - devEnableDebugCameraProperty: BooleanProperty [value: false]
10:13:47.635 [FXGL Background Thread 3 ] DEBUG Engine               - devSensorColorProperty: ObjectProperty [value: 0xffff00ff]
10:13:47.635 [FXGL Background Thread 3 ] DEBUG Engine               - devShowBBoxProperty: BooleanProperty [value: false]
10:13:47.636 [FXGL Background Thread 3 ] DEBUG Engine               - devShowPositionProperty: BooleanProperty [value: false]
10:13:47.636 [FXGL Background Thread 3 ] DEBUG Engine               - enabledMenuItems: []
10:13:47.636 [FXGL Background Thread 3 ] DEBUG Engine               - engineServices: [class com.almasb.fxgl.app.services.FXGLAssetLoaderService, class com.almasb.fxgl.app.FXGLApplication$GameApplicationService, class com.almasb.fxgl.app.services.FXGLDialogService, class com.almasb.fxgl.app.services.IOTaskExecutorService, class com.almasb.fxgl.io.FileSystemService, class com.almasb.fxgl.localization.LocalizationService, class com.almasb.fxgl.app.services.SystemBundleService, class com.almasb.fxgl.profile.SaveLoadService, class com.almasb.fxgl.ui.FXGLUIFactoryServiceProvider, class com.almasb.fxgl.ui.FXGLDialogFactoryServiceProvider, class com.almasb.fxgl.audio.AudioPlayer, class com.almasb.fxgl.notification.impl.NotificationServiceProvider, class com.almasb.fxgl.achievement.AchievementService, class com.almasb.fxgl.cutscene.CutsceneService, class com.almasb.fxgl.minigames.MiniGameService, class com.almasb.fxgl.net.NetService, class com.almasb.fxgl.app.services.UpdaterService, class com.almasb.fxgl.dev.DevService]
10:13:47.636 [FXGL Background Thread 3 ] DEBUG Engine               - fontGame: Abel-Regular.ttf
10:13:47.636 [FXGL Background Thread 3 ] DEBUG Engine               - fontMono: TerminalLandMono-Regular.otf
10:13:47.637 [FXGL Background Thread 3 ] DEBUG Engine               - fontSizeScaleUI: 1.0
10:13:47.637 [FXGL Background Thread 3 ] DEBUG Engine               - fontText: Courier-Prime.ttf
10:13:47.637 [FXGL Background Thread 3 ] DEBUG Engine               - fontUI: VarelaRound-Regular.ttf
10:13:47.637 [FXGL Background Thread 3 ] DEBUG Engine               - fullScreen: BooleanProperty [value: false]
10:13:47.638 [FXGL Background Thread 3 ] DEBUG Engine               - gameDifficulty: MEDIUM
10:13:47.638 [FXGL Background Thread 3 ] DEBUG Engine               - gameDifficultyProperty: ObjectProperty [value: MEDIUM]
10:13:47.638 [FXGL Background Thread 3 ] DEBUG Engine               - globalMusicVolume: 0.5
10:13:47.638 [FXGL Background Thread 3 ] DEBUG Engine               - globalMusicVolumeProperty: DoubleProperty [value: 0.5]
10:13:47.639 [FXGL Background Thread 3 ] DEBUG Engine               - globalSoundVolume: 0.5
10:13:47.639 [FXGL Background Thread 3 ] DEBUG Engine               - globalSoundVolumeProperty: DoubleProperty [value: 0.5]
10:13:47.639 [FXGL Background Thread 3 ] DEBUG Engine               - height: 600
10:13:47.640 [FXGL Background Thread 3 ] DEBUG Engine               - is3D: false
10:13:47.640 [FXGL Background Thread 3 ] DEBUG Engine               - isAndroid: false
10:13:47.640 [FXGL Background Thread 3 ] DEBUG Engine               - isBrowser: false
10:13:47.640 [FXGL Background Thread 3 ] DEBUG Engine               - isClickFeedbackEnabled: false
10:13:47.640 [FXGL Background Thread 3 ] DEBUG Engine               - isCloseConfirmation: false
10:13:47.641 [FXGL Background Thread 3 ] DEBUG Engine               - isDesktop: true
10:13:47.641 [FXGL Background Thread 3 ] DEBUG Engine               - isDeveloperMenuEnabled: false
10:13:47.641 [FXGL Background Thread 3 ] DEBUG Engine               - isEmbedded: false
10:13:47.641 [FXGL Background Thread 3 ] DEBUG Engine               - isEntityPreloadEnabled: true
10:13:47.641 [FXGL Background Thread 3 ] DEBUG Engine               - isExperimentalTiledLargeMap: false
10:13:47.642 [FXGL Background Thread 3 ] DEBUG Engine               - isFileSystemWriteAllowed: true
10:13:47.642 [FXGL Background Thread 3 ] DEBUG Engine               - isFullScreenAllowed: false
10:13:47.642 [FXGL Background Thread 3 ] DEBUG Engine               - isFullScreenFromStart: false
10:13:47.642 [FXGL Background Thread 3 ] DEBUG Engine               - isGameMenuEnabled: true
10:13:47.642 [FXGL Background Thread 3 ] DEBUG Engine               - isIOS: false
10:13:47.643 [FXGL Background Thread 3 ] DEBUG Engine               - isIntroEnabled: false
10:13:47.643 [FXGL Background Thread 3 ] DEBUG Engine               - isLinux: false
10:13:47.643 [FXGL Background Thread 3 ] DEBUG Engine               - isMac: false
10:13:47.644 [FXGL Background Thread 3 ] DEBUG Engine               - isMainMenuEnabled: false
10:13:47.644 [FXGL Background Thread 3 ] DEBUG Engine               - isManualResizeEnabled: false
10:13:47.644 [FXGL Background Thread 3 ] DEBUG Engine               - isMobile: false
10:13:47.644 [FXGL Background Thread 3 ] DEBUG Engine               - isNative: false
10:13:47.645 [FXGL Background Thread 3 ] DEBUG Engine               - isPauseMusicWhenMinimized: true
10:13:47.645 [FXGL Background Thread 3 ] DEBUG Engine               - isPreserveResizeRatio: false
10:13:47.645 [FXGL Background Thread 3 ] DEBUG Engine               - isProfilingEnabled: false
10:13:47.645 [FXGL Background Thread 3 ] DEBUG Engine               - isScaleAffectedOnResize: true
10:13:47.645 [FXGL Background Thread 3 ] DEBUG Engine               - isSingleStep: false
10:13:47.646 [FXGL Background Thread 3 ] DEBUG Engine               - isUserProfileEnabled: false
10:13:47.646 [FXGL Background Thread 3 ] DEBUG Engine               - isWindows: true
10:13:47.646 [FXGL Background Thread 3 ] DEBUG Engine               - language: ObjectProperty [value: ENGLISH]
10:13:47.646 [FXGL Background Thread 3 ] DEBUG Engine               - menuKey: ESCAPE
10:13:47.646 [FXGL Background Thread 3 ] DEBUG Engine               - mouseSensitivity: 0.2
10:13:47.647 [FXGL Background Thread 3 ] DEBUG Engine               - notificationViewClass: class com.almasb.fxgl.notification.view.XboxNotificationView
10:13:47.647 [FXGL Background Thread 3 ] DEBUG Engine               - pixelsPerMeter: 50.0
10:13:47.647 [FXGL Background Thread 3 ] DEBUG Engine               - platform: WINDOWS
10:13:47.647 [FXGL Background Thread 3 ] DEBUG Engine               - prefHeightProperty: ReadOnlyDoubleProperty [value: 600.0]
10:13:47.648 [FXGL Background Thread 3 ] DEBUG Engine               - prefWidthProperty: ReadOnlyDoubleProperty [value: 800.0]
10:13:47.648 [FXGL Background Thread 3 ] DEBUG Engine               - profileDir: profiles/
10:13:47.648 [FXGL Background Thread 3 ] DEBUG Engine               - profileName: StringProperty [value: DEFAULT]
10:13:47.648 [FXGL Background Thread 3 ] DEBUG Engine               - randomSeed: -1
10:13:47.649 [FXGL Background Thread 3 ] DEBUG Engine               - runtimeInfo: RuntimeInfo(platform=WINDOWS, version=21, build=28.12.2023 13.35)
10:13:47.649 [FXGL Background Thread 3 ] DEBUG Engine               - saveFileExt: sav
10:13:47.650 [FXGL Background Thread 3 ] DEBUG Engine               - scaledHeightProp$fxgl: DoubleProperty [bound, value: 600.0]
10:13:47.650 [FXGL Background Thread 3 ] DEBUG Engine               - scaledWidthProp$fxgl: DoubleProperty [bound, value: 800.0]
10:13:47.650 [FXGL Background Thread 3 ] DEBUG Engine               - sceneFactory: com.almasb.fxgl.app.scene.SceneFactory@4f2780a4
10:13:47.650 [FXGL Background Thread 3 ] DEBUG Engine               - secondsIn24h: 60
10:13:47.650 [FXGL Background Thread 3 ] DEBUG Engine               - soundMenuBack: menu/back.wav
10:13:47.651 [FXGL Background Thread 3 ] DEBUG Engine               - soundMenuPress: menu/press.wav
10:13:47.651 [FXGL Background Thread 3 ] DEBUG Engine               - soundMenuSelect: menu/select.wav
10:13:47.651 [FXGL Background Thread 3 ] DEBUG Engine               - soundNotification: core/notification.wav
10:13:47.651 [FXGL Background Thread 3 ] DEBUG Engine               - stageStyle: DECORATED
10:13:47.651 [FXGL Background Thread 3 ] DEBUG Engine               - supportedLanguages: [ENGLISH, FRENCH, GERMAN, HUNGARIAN, RUSSIAN]
10:13:47.652 [FXGL Background Thread 3 ] DEBUG Engine               - ticksPerSecond: -1
10:13:47.652 [FXGL Background Thread 3 ] DEBUG Engine               - title: DemoImage
10:13:47.652 [FXGL Background Thread 3 ] DEBUG Engine               - urlGithub: https://github.com/AlmasB/FXGL
10:13:47.652 [FXGL Background Thread 3 ] DEBUG Engine               - urlLeaderboard: http://fxgl-top.herokuapp.com/
10:13:47.653 [FXGL Background Thread 3 ] DEBUG Engine               - urlPOM: https://raw.githubusercontent.com/AlmasB/FXGL/release/README.md
10:13:47.653 [FXGL Background Thread 3 ] DEBUG Engine               - userAppClass: class org.example.App
10:13:47.653 [FXGL Background Thread 3 ] DEBUG Engine               - version: 0.0
10:13:47.653 [FXGL Background Thread 3 ] DEBUG Engine               - versionCheckDays: 7
10:13:47.654 [FXGL Background Thread 3 ] DEBUG Engine               - width: 800
10:13:47.654 [FXGL Background Thread 3 ] DEBUG Engine               - Logging services
10:13:47.654 [FXGL Background Thread 3 ] DEBUG Engine               - class com.almasb.fxgl.app.services.FXGLAssetLoaderService
10:13:47.654 [FXGL Background Thread 3 ] DEBUG Engine               - class com.almasb.fxgl.app.FXGLApplication$GameApplicationService
10:13:47.654 [FXGL Background Thread 3 ] DEBUG Engine               - class com.almasb.fxgl.app.services.FXGLDialogService
10:13:47.655 [FXGL Background Thread 3 ] DEBUG Engine               - class com.almasb.fxgl.app.services.IOTaskExecutorService
10:13:47.655 [FXGL Background Thread 3 ] DEBUG Engine               - class com.almasb.fxgl.io.FileSystemService
10:13:47.655 [FXGL Background Thread 3 ] DEBUG Engine               - class com.almasb.fxgl.localization.LocalizationService
10:13:47.655 [FXGL Background Thread 3 ] DEBUG Engine               - class com.almasb.fxgl.app.services.SystemBundleService
10:13:47.655 [FXGL Background Thread 3 ] DEBUG Engine               - class com.almasb.fxgl.profile.SaveLoadService
10:13:47.655 [FXGL Background Thread 3 ] DEBUG Engine               - class com.almasb.fxgl.ui.FXGLUIFactoryServiceProvider
10:13:47.656 [FXGL Background Thread 3 ] DEBUG Engine               - class com.almasb.fxgl.ui.FXGLDialogFactoryServiceProvider
10:13:47.656 [FXGL Background Thread 3 ] DEBUG Engine               - class com.almasb.fxgl.audio.AudioPlayer
10:13:47.656 [FXGL Background Thread 3 ] DEBUG Engine               - class com.almasb.fxgl.notification.impl.NotificationServiceProvider
10:13:47.656 [FXGL Background Thread 3 ] DEBUG Engine               - class com.almasb.fxgl.achievement.AchievementService
10:13:47.656 [FXGL Background Thread 3 ] DEBUG Engine               - class com.almasb.fxgl.cutscene.CutsceneService
10:13:47.656 [FXGL Background Thread 3 ] DEBUG Engine               - class com.almasb.fxgl.minigames.MiniGameService
10:13:47.657 [FXGL Background Thread 3 ] DEBUG Engine               - class com.almasb.fxgl.net.NetService
10:13:47.657 [FXGL Background Thread 3 ] DEBUG Engine               - class com.almasb.fxgl.app.services.UpdaterService
10:13:47.657 [FXGL Background Thread 3 ] DEBUG Engine               - class com.almasb.fxgl.dev.DevService
10:13:50.148 [JavaFX Application Thread] DEBUG FXGLApplication      - Exiting FXGL
10:13:50.149 [JavaFX Application Thread] DEBUG LoopRunner           - Stopping loop
10:13:50.149 [JavaFX Application Thread] DEBUG SystemBundleService  - Saving FXGL system data
10:13:50.150 [JavaFX Application Thread] DEBUG FileSystemAccess     - Writing to: F:\Proyectos javafx\javafxgl\fxgl-demoImage\system\fxgl.bundle
10:13:50.152 [JavaFX Application Thread] DEBUG Async                - Shutting down background threads
10:13:50.153 [JavaFX Application Thread] DEBUG PrimaryStageWindow   - Closing main window
10:13:50.174 [JavaFX Application Thread] DEBUG Logger               - Closing Logger
