11:18:59.364 [main                     ] DEBUG Logger               - Configured Logger
11:18:59.392 [main                     ] DEBUG GameApplication      - Logging settings
Title: DemoImage
Version: 0.0
Width: 800
Height: 600
Fullscreen: false
Intro: false
Profiling: false
Single step:false
App Mode: DEVELOPER
Menu Key: ESCAPE
Stage Style: DECORATED
Scene Factory: class com.almasb.fxgl.app.scene.SceneFactory

11:18:59.778 [JavaFX Application Thread] DEBUG FXGLApplication      - Initializing FXGL
11:18:59.789 [JavaFX Application Thread] INFO  Engine               - FXGL-21 (28.12.2023 13.35) on WINDOWS (J:21.0.1 FX:21.0.1)
11:18:59.790 [JavaFX Application Thread] DEBUG Engine               - JRE Vendor Name: Oracle Corporation
11:18:59.790 [JavaFX Application Thread] DEBUG Engine               - Running on OS: Windows 10 version 10.0
11:18:59.790 [JavaFX Application Thread] DEBUG Engine               - Architecture: amd64
11:18:59.790 [JavaFX Application Thread] INFO  Engine               - Source code and latest versions at: https://github.com/AlmasB/FXGL
11:18:59.790 [JavaFX Application Thread] INFO  Engine               -       Ask questions and discuss at: https://github.com/AlmasB/FXGL/discussions
11:18:59.791 [JavaFX Application Thread] INFO  Engine               -              Join the FXGL chat at: https://gitter.im/AlmasB/FXGL
11:18:59.915 [JavaFX Application Thread] DEBUG PrimaryStageWindow   - Creating a JavaFX scene
11:18:59.974 [JavaFX Application Thread] DEBUG PrimaryStageWindow   - Target settings size: 800.0 x 600.0
11:18:59.975 [JavaFX Application Thread] DEBUG PrimaryStageWindow   - Scaled scene size:    800.0 x 600.0
11:18:59.975 [JavaFX Application Thread] DEBUG PrimaryStageWindow   - Scaled ratio: (1.0, 1.0)
11:18:59.976 [JavaFX Application Thread] DEBUG PrimaryStageWindow   - Set initial scene to FXGLStartupScene
11:18:59.979 [JavaFX Application Thread] DEBUG PrimaryStageWindow   - Opening main window
11:19:00.088 [JavaFX Application Thread] DEBUG PrimaryStageWindow   - Window border size: (14.4000244140625, 37.5999755859375)
11:19:00.088 [JavaFX Application Thread] DEBUG PrimaryStageWindow   - Scaled size: 800.0 x 600.0
11:19:00.089 [JavaFX Application Thread] DEBUG PrimaryStageWindow   - Scaled ratio: (1.0, 1.0)
11:19:00.089 [JavaFX Application Thread] DEBUG PrimaryStageWindow   - Scene size: 800.0 x 600.0
11:19:00.089 [JavaFX Application Thread] DEBUG PrimaryStageWindow   - Stage size: 814.4000244140625 x 637.5999755859375
11:19:00.099 [FXGL Background Thread 1 ] DEBUG Engine               - Initializing environment variables
11:19:00.199 [FXGL Background Thread 1 ] DEBUG FXGLAssetLoaderServi - User app class for loading assets: class org.example.App
11:19:00.200 [FXGL Background Thread 1 ] DEBUG GameApplicationServi - Applying CSS: fxgl_dark.css
11:19:00.200 [FXGL Background Thread 1 ] DEBUG FXGLAssetLoaderServi - Loading from file system: jar:file:/C:/Users/Usuario/.m2/repository/com/github/almasb/fxgl/21/fxgl-21.jar!/fxglassets/ui/css/fxgl_dark.css
11:19:00.258 [FXGL Background Thread 1 ] DEBUG GameApplicationServi - Initializing application scenes
11:19:00.307 [FXGL Background Thread 1 ] DEBUG GameWorld            - Game world initialized
11:19:00.404 [FXGL Background Thread 1 ] DEBUG PhysicsWorld         - Physics world initialized: appHeight=600, physics.ppm=50,0
11:19:00.405 [FXGL Background Thread 1 ] DEBUG PhysicsWorld         - Using strategy: BRUTE_FORCE
11:19:00.412 [FXGL Background Thread 1 ] DEBUG GameScene            - Game scene initialized: 800x600
11:19:00.432 [FXGL Background Thread 1 ] DEBUG FXGL.DefaultMenu     - createMenuBodyGameMenu()
11:19:00.450 [FXGL Background Thread 1 ] DEBUG FXGL.DefaultMenu     - createOptionsMenu()
11:19:00.461 [FXGL Background Thread 1 ] DEBUG FXGLAssetLoaderServi - Loading from file system: jar:file:/C:/Users/Usuario/.m2/repository/com/github/almasb/fxgl/21/fxgl-21.jar!/fxglassets/textures/particles/smoke.png
11:19:00.581 [FXGL Background Thread 1 ] DEBUG FXGLAssetLoaderServi - Loading from file system: jar:file:/C:/Users/Usuario/.m2/repository/com/github/almasb/fxgl/21/fxgl-21.jar!/fxglassets/textures/particles/trace_horizontal.png
11:19:00.608 [FXGL Background Thread 1 ] DEBUG GameApplicationServi - Application scenes initialized
11:19:00.621 [FXGL Background Thread 1 ] DEBUG SystemBundleService  - Loading FXGL system data
11:19:00.625 [FXGL Background Thread 1 ] DEBUG FileSystemAccess     - Reading from: F:\Proyectos javafx\javafxgl\fxgl-demoImage\system\fxgl.bundle
11:19:00.634 [FXGL Background Thread 1 ] DEBUG SystemBundleService  - Bundle FXGL: {}
11:19:00.634 [FXGL Background Thread 1 ] DEBUG UpdaterService       - Checking for updates
11:19:00.641 [FXGL Background Thread 4 ] DEBUG FXGLApplication      - Loading fonts
11:19:00.642 [FXGL Background Thread 4 ] DEBUG FXGLAssetLoaderServi - Loading from file system: jar:file:/C:/Users/Usuario/.m2/repository/com/github/almasb/fxgl/21/fxgl-21.jar!/fxglassets/ui/fonts/VarelaRound-Regular.ttf
11:19:00.643 [FXGL Background Thread 1 ] DEBUG FXGLApplication      - Loading default localization
11:19:00.643 [FXGL Background Thread 1 ] DEBUG FXGLAssetLoaderServi - Loading from file system: jar:file:/C:/Users/Usuario/.m2/repository/com/github/almasb/fxgl/21/fxgl-21.jar!/fxglassets/languages/english.lang
11:19:00.684 [FXGL Background Thread 1 ] INFO  FXGLApplication      - FXGL initialization took: 0,584 sec
11:19:00.685 [FXGL Background Thread 4 ] DEBUG FXGLAssetLoaderServi - Loading from file system: jar:file:/C:/Users/Usuario/.m2/repository/com/github/almasb/fxgl/21/fxgl-21.jar!/fxglassets/ui/fonts/Abel-Regular.ttf
11:19:00.696 [FXGL Background Thread 4 ] DEBUG FXGLAssetLoaderServi - Loading from file system: jar:file:/C:/Users/Usuario/.m2/repository/com/github/almasb/fxgl/21/fxgl-21.jar!/fxglassets/ui/fonts/TerminalLandMono-Regular.otf
11:19:00.704 [JavaFX Application Thread] DEBUG Input                - Registered new binding: action0 - J
11:19:00.704 [JavaFX Application Thread] DEBUG Input                - Registered new binding: action1 - L
11:19:00.705 [JavaFX Application Thread] DEBUG Input                - Registered new binding: action2 - I
11:19:00.705 [JavaFX Application Thread] DEBUG Input                - Registered new binding: action3 - K
11:19:00.705 [JavaFX Application Thread] DEBUG Input                - Registered new binding: action4 - A
11:19:00.706 [JavaFX Application Thread] DEBUG Input                - Registered new binding: action5 - D
11:19:00.706 [JavaFX Application Thread] DEBUG Input                - Registered new binding: action6 - W
11:19:00.706 [JavaFX Application Thread] DEBUG Input                - Registered new binding: action7 - S
11:19:00.707 [FXGL Background Thread 4 ] DEBUG FXGLAssetLoaderServi - Loading from file system: jar:file:/C:/Users/Usuario/.m2/repository/com/github/almasb/fxgl/21/fxgl-21.jar!/fxglassets/ui/fonts/Courier-Prime.ttf
11:19:00.733 [JavaFX Application Thread] DEBUG FXGLAssetLoaderServi - Loading from file system: jar:file:/C:/Users/Usuario/.m2/repository/com/github/almasb/fxgl/21/fxgl-21.jar!/fxglassets/textures/fxgl_default_cursor.png
11:19:00.735 [JavaFX Application Thread] DEBUG Input                - Registered new binding: Screenshot - CTRL+8
11:19:00.735 [JavaFX Application Thread] DEBUG Input                - Registered new binding: System info dump - CTRL+9
11:19:00.736 [JavaFX Application Thread] DEBUG Input                - Registered new binding: Restart - CTRL+R
11:19:00.737 [JavaFX Application Thread] DEBUG Input                - Registered new binding: Toggle Debug Camera - CTRL+7
11:19:00.741 [JavaFX Application Thread] DEBUG LoopRunner           - Starting loop
11:19:00.741 [JavaFX Application Thread] DEBUG LoopRunner           - Initializing JavaFX AnimationTimerLoop
11:19:00.743 [JavaFX Application Thread] DEBUG GameApplicationServi - Starting new game
11:19:00.744 [JavaFX Application Thread] DEBUG Input                - Clearing active input actions
11:19:00.756 [JavaFX Application Thread] DEBUG GameApplicationServi - Removing overlay from FXGLStartupScene and adding to FXGLLoadingScene
11:19:00.757 [JavaFX Application Thread] DEBUG PrimaryStageWindow   - FXGLStartupScene -> FXGLLoadingScene
11:19:00.757 [JavaFX Application Thread] DEBUG GameApplicationServi - Clearing previous game
11:19:00.757 [JavaFX Application Thread] DEBUG GameScene            - Clearing game scene
11:19:00.757 [JavaFX Application Thread] DEBUG GameWorld            - Clearing game world
11:19:00.757 [JavaFX Application Thread] DEBUG PhysicsWorld         - Clearing physics world
11:19:00.759 [FXGL Background Thread 4 ] DEBUG FXGLApplication      - Initializing game
11:19:00.777 [FXGL Background Thread 4 ] DEBUG FXGLAssetLoaderServi - Loading from file system: file:/F:/Proyectos%20javafx/javafxgl/fxgl-demoImage/target/classes/assets/textures/bosque.jpg
11:19:00.874 [FXGL Background Thread 4 ] DEBUG FXGLAssetLoaderServi - Loading from file system: file:/F:/Proyectos%20javafx/javafxgl/fxgl-demoImage/target/classes/assets/textures/sprite_pug.png
11:19:00.899 [FXGL Background Thread 4 ] DEBUG FXGLAssetLoaderServi - Loading from file system: file:/F:/Proyectos%20javafx/javafxgl/fxgl-demoImage/target/classes/assets/textures/sprite_player.png
11:19:00.916 [FXGL Background Thread 4 ] INFO  FXGLApplication      - Game initialization took: 0,156 sec
11:19:00.940 [JavaFX Application Thread] DEBUG Input                - Clearing active input actions
11:19:00.953 [JavaFX Application Thread] DEBUG GameApplicationServi - Removing overlay from FXGLLoadingScene and adding to GameScene
11:19:00.954 [JavaFX Application Thread] DEBUG PrimaryStageWindow   - FXGLLoadingScene -> GameScene
11:19:01.153 [JavaFX Application Thread] DEBUG FXGLAssetLoaderServi - Loading from file system: file:/F:/Proyectos%20javafx/javafxgl/fxgl-demoImage/target/classes/assets/textures/hueso.png
11:19:03.639 [FXGL Background Thread 3 ] DEBUG Engine               - Logging environment variables
11:19:03.641 [FXGL Background Thread 3 ] DEBUG Engine               - achievements: []
11:19:03.641 [FXGL Background Thread 3 ] DEBUG Engine               - actualHeight: 600.0
11:19:03.642 [FXGL Background Thread 3 ] DEBUG Engine               - actualHeightProperty: ReadOnlyDoubleProperty [value: 600.0]
11:19:03.642 [FXGL Background Thread 3 ] DEBUG Engine               - actualWidth: 800.0
11:19:03.642 [FXGL Background Thread 3 ] DEBUG Engine               - actualWidthProperty: ReadOnlyDoubleProperty [value: 800.0]
11:19:03.642 [FXGL Background Thread 3 ] DEBUG Engine               - appIcon: fxgl_icon.png
11:19:03.643 [FXGL Background Thread 3 ] DEBUG Engine               - applicationMode: DEVELOPER
11:19:03.643 [FXGL Background Thread 3 ] DEBUG Engine               - cSSList: [fxgl_dark.css]
11:19:03.643 [FXGL Background Thread 3 ] DEBUG Engine               - collisionDetectionStrategy: BRUTE_FORCE
11:19:03.643 [FXGL Background Thread 3 ] DEBUG Engine               - configClass: Optional.empty
11:19:03.643 [FXGL Background Thread 3 ] DEBUG Engine               - credits: []
11:19:03.644 [FXGL Background Thread 3 ] DEBUG Engine               - defaultCursor: CursorInfo(imageName=fxgl_default_cursor.png, hotspotX=7.0, hotspotY=6.0)
11:19:03.645 [FXGL Background Thread 3 ] DEBUG Engine               - devBBoxColorProperty: ObjectProperty [value: 0xff0000ff]
11:19:03.645 [FXGL Background Thread 3 ] DEBUG Engine               - devEnableDebugCameraProperty: BooleanProperty [value: false]
11:19:03.646 [FXGL Background Thread 3 ] DEBUG Engine               - devSensorColorProperty: ObjectProperty [value: 0xffff00ff]
11:19:03.646 [FXGL Background Thread 3 ] DEBUG Engine               - devShowBBoxProperty: BooleanProperty [value: false]
11:19:03.646 [FXGL Background Thread 3 ] DEBUG Engine               - devShowPositionProperty: BooleanProperty [value: false]
11:19:03.646 [FXGL Background Thread 3 ] DEBUG Engine               - enabledMenuItems: []
11:19:03.647 [FXGL Background Thread 3 ] DEBUG Engine               - engineServices: [class com.almasb.fxgl.app.services.FXGLAssetLoaderService, class com.almasb.fxgl.app.FXGLApplication$GameApplicationService, class com.almasb.fxgl.app.services.FXGLDialogService, class com.almasb.fxgl.app.services.IOTaskExecutorService, class com.almasb.fxgl.io.FileSystemService, class com.almasb.fxgl.localization.LocalizationService, class com.almasb.fxgl.app.services.SystemBundleService, class com.almasb.fxgl.profile.SaveLoadService, class com.almasb.fxgl.ui.FXGLUIFactoryServiceProvider, class com.almasb.fxgl.ui.FXGLDialogFactoryServiceProvider, class com.almasb.fxgl.audio.AudioPlayer, class com.almasb.fxgl.notification.impl.NotificationServiceProvider, class com.almasb.fxgl.achievement.AchievementService, class com.almasb.fxgl.cutscene.CutsceneService, class com.almasb.fxgl.minigames.MiniGameService, class com.almasb.fxgl.net.NetService, class com.almasb.fxgl.app.services.UpdaterService, class com.almasb.fxgl.dev.DevService]
11:19:03.647 [FXGL Background Thread 3 ] DEBUG Engine               - fontGame: Abel-Regular.ttf
11:19:03.647 [FXGL Background Thread 3 ] DEBUG Engine               - fontMono: TerminalLandMono-Regular.otf
11:19:03.647 [FXGL Background Thread 3 ] DEBUG Engine               - fontSizeScaleUI: 1.0
11:19:03.648 [FXGL Background Thread 3 ] DEBUG Engine               - fontText: Courier-Prime.ttf
11:19:03.648 [FXGL Background Thread 3 ] DEBUG Engine               - fontUI: VarelaRound-Regular.ttf
11:19:03.648 [FXGL Background Thread 3 ] DEBUG Engine               - fullScreen: BooleanProperty [value: false]
11:19:03.648 [FXGL Background Thread 3 ] DEBUG Engine               - gameDifficulty: MEDIUM
11:19:03.649 [FXGL Background Thread 3 ] DEBUG Engine               - gameDifficultyProperty: ObjectProperty [value: MEDIUM]
11:19:03.649 [FXGL Background Thread 3 ] DEBUG Engine               - globalMusicVolume: 0.5
11:19:03.649 [FXGL Background Thread 3 ] DEBUG Engine               - globalMusicVolumeProperty: DoubleProperty [value: 0.5]
11:19:03.650 [FXGL Background Thread 3 ] DEBUG Engine               - globalSoundVolume: 0.5
11:19:03.650 [FXGL Background Thread 3 ] DEBUG Engine               - globalSoundVolumeProperty: DoubleProperty [value: 0.5]
11:19:03.650 [FXGL Background Thread 3 ] DEBUG Engine               - height: 600
11:19:03.650 [FXGL Background Thread 3 ] DEBUG Engine               - is3D: false
11:19:03.651 [FXGL Background Thread 3 ] DEBUG Engine               - isAndroid: false
11:19:03.651 [FXGL Background Thread 3 ] DEBUG Engine               - isBrowser: false
11:19:03.651 [FXGL Background Thread 3 ] DEBUG Engine               - isClickFeedbackEnabled: false
11:19:03.651 [FXGL Background Thread 3 ] DEBUG Engine               - isCloseConfirmation: false
11:19:03.652 [FXGL Background Thread 3 ] DEBUG Engine               - isDesktop: true
11:19:03.652 [FXGL Background Thread 3 ] DEBUG Engine               - isDeveloperMenuEnabled: false
11:19:03.652 [FXGL Background Thread 3 ] DEBUG Engine               - isEmbedded: false
11:19:03.652 [FXGL Background Thread 3 ] DEBUG Engine               - isEntityPreloadEnabled: true
11:19:03.652 [FXGL Background Thread 3 ] DEBUG Engine               - isExperimentalTiledLargeMap: false
11:19:03.653 [FXGL Background Thread 3 ] DEBUG Engine               - isFileSystemWriteAllowed: true
11:19:03.653 [FXGL Background Thread 3 ] DEBUG Engine               - isFullScreenAllowed: false
11:19:03.653 [FXGL Background Thread 3 ] DEBUG Engine               - isFullScreenFromStart: false
11:19:03.653 [FXGL Background Thread 3 ] DEBUG Engine               - isGameMenuEnabled: true
11:19:03.653 [FXGL Background Thread 3 ] DEBUG Engine               - isIOS: false
11:19:03.654 [FXGL Background Thread 3 ] DEBUG Engine               - isIntroEnabled: false
11:19:03.654 [FXGL Background Thread 3 ] DEBUG Engine               - isLinux: false
11:19:03.654 [FXGL Background Thread 3 ] DEBUG Engine               - isMac: false
11:19:03.654 [FXGL Background Thread 3 ] DEBUG Engine               - isMainMenuEnabled: false
11:19:03.654 [FXGL Background Thread 3 ] DEBUG Engine               - isManualResizeEnabled: false
11:19:03.655 [FXGL Background Thread 3 ] DEBUG Engine               - isMobile: false
11:19:03.655 [FXGL Background Thread 3 ] DEBUG Engine               - isNative: false
11:19:03.655 [FXGL Background Thread 3 ] DEBUG Engine               - isPauseMusicWhenMinimized: true
11:19:03.655 [FXGL Background Thread 3 ] DEBUG Engine               - isPreserveResizeRatio: false
11:19:03.655 [FXGL Background Thread 3 ] DEBUG Engine               - isProfilingEnabled: false
11:19:03.656 [FXGL Background Thread 3 ] DEBUG Engine               - isScaleAffectedOnResize: true
11:19:03.656 [FXGL Background Thread 3 ] DEBUG Engine               - isSingleStep: false
11:19:03.656 [FXGL Background Thread 3 ] DEBUG Engine               - isUserProfileEnabled: false
11:19:03.656 [FXGL Background Thread 3 ] DEBUG Engine               - isWindows: true
11:19:03.656 [FXGL Background Thread 3 ] DEBUG Engine               - language: ObjectProperty [value: ENGLISH]
11:19:03.657 [FXGL Background Thread 3 ] DEBUG Engine               - menuKey: ESCAPE
11:19:03.657 [FXGL Background Thread 3 ] DEBUG Engine               - mouseSensitivity: 0.2
11:19:03.657 [FXGL Background Thread 3 ] DEBUG Engine               - notificationViewClass: class com.almasb.fxgl.notification.view.XboxNotificationView
11:19:03.657 [FXGL Background Thread 3 ] DEBUG Engine               - pixelsPerMeter: 50.0
11:19:03.657 [FXGL Background Thread 3 ] DEBUG Engine               - platform: WINDOWS
11:19:03.658 [FXGL Background Thread 3 ] DEBUG Engine               - prefHeightProperty: ReadOnlyDoubleProperty [value: 600.0]
11:19:03.658 [FXGL Background Thread 3 ] DEBUG Engine               - prefWidthProperty: ReadOnlyDoubleProperty [value: 800.0]
11:19:03.658 [FXGL Background Thread 3 ] DEBUG Engine               - profileDir: profiles/
11:19:03.658 [FXGL Background Thread 3 ] DEBUG Engine               - profileName: StringProperty [value: DEFAULT]
11:19:03.658 [FXGL Background Thread 3 ] DEBUG Engine               - randomSeed: -1
11:19:03.659 [FXGL Background Thread 3 ] DEBUG Engine               - runtimeInfo: RuntimeInfo(platform=WINDOWS, version=21, build=28.12.2023 13.35)
11:19:03.660 [FXGL Background Thread 3 ] DEBUG Engine               - saveFileExt: sav
11:19:03.660 [FXGL Background Thread 3 ] DEBUG Engine               - scaledHeightProp$fxgl: DoubleProperty [bound, value: 600.0]
11:19:03.660 [FXGL Background Thread 3 ] DEBUG Engine               - scaledWidthProp$fxgl: DoubleProperty [bound, value: 800.0]
11:19:03.660 [FXGL Background Thread 3 ] DEBUG Engine               - sceneFactory: com.almasb.fxgl.app.scene.SceneFactory@110b111b
11:19:03.660 [FXGL Background Thread 3 ] DEBUG Engine               - secondsIn24h: 60
11:19:03.661 [FXGL Background Thread 3 ] DEBUG Engine               - soundMenuBack: menu/back.wav
11:19:03.661 [FXGL Background Thread 3 ] DEBUG Engine               - soundMenuPress: menu/press.wav
11:19:03.661 [FXGL Background Thread 3 ] DEBUG Engine               - soundMenuSelect: menu/select.wav
11:19:03.661 [FXGL Background Thread 3 ] DEBUG Engine               - soundNotification: core/notification.wav
11:19:03.662 [FXGL Background Thread 3 ] DEBUG Engine               - stageStyle: DECORATED
11:19:03.662 [FXGL Background Thread 3 ] DEBUG Engine               - supportedLanguages: [ENGLISH, FRENCH, GERMAN, HUNGARIAN, RUSSIAN]
11:19:03.662 [FXGL Background Thread 3 ] DEBUG Engine               - ticksPerSecond: -1
11:19:03.662 [FXGL Background Thread 3 ] DEBUG Engine               - title: DemoImage
11:19:03.662 [FXGL Background Thread 3 ] DEBUG Engine               - urlGithub: https://github.com/AlmasB/FXGL
11:19:03.663 [FXGL Background Thread 3 ] DEBUG Engine               - urlLeaderboard: http://fxgl-top.herokuapp.com/
11:19:03.663 [FXGL Background Thread 3 ] DEBUG Engine               - urlPOM: https://raw.githubusercontent.com/AlmasB/FXGL/release/README.md
11:19:03.663 [FXGL Background Thread 3 ] DEBUG Engine               - userAppClass: class org.example.App
11:19:03.663 [FXGL Background Thread 3 ] DEBUG Engine               - version: 0.0
11:19:03.664 [FXGL Background Thread 3 ] DEBUG Engine               - versionCheckDays: 7
11:19:03.664 [FXGL Background Thread 3 ] DEBUG Engine               - width: 800
11:19:03.664 [FXGL Background Thread 3 ] DEBUG Engine               - Logging services
11:19:03.664 [FXGL Background Thread 3 ] DEBUG Engine               - class com.almasb.fxgl.app.services.FXGLAssetLoaderService
11:19:03.664 [FXGL Background Thread 3 ] DEBUG Engine               - class com.almasb.fxgl.app.FXGLApplication$GameApplicationService
11:19:03.665 [FXGL Background Thread 3 ] DEBUG Engine               - class com.almasb.fxgl.app.services.FXGLDialogService
11:19:03.665 [FXGL Background Thread 3 ] DEBUG Engine               - class com.almasb.fxgl.app.services.IOTaskExecutorService
11:19:03.665 [FXGL Background Thread 3 ] DEBUG Engine               - class com.almasb.fxgl.io.FileSystemService
11:19:03.665 [FXGL Background Thread 3 ] DEBUG Engine               - class com.almasb.fxgl.localization.LocalizationService
11:19:03.665 [FXGL Background Thread 3 ] DEBUG Engine               - class com.almasb.fxgl.app.services.SystemBundleService
11:19:03.665 [FXGL Background Thread 3 ] DEBUG Engine               - class com.almasb.fxgl.profile.SaveLoadService
11:19:03.665 [FXGL Background Thread 3 ] DEBUG Engine               - class com.almasb.fxgl.ui.FXGLUIFactoryServiceProvider
11:19:03.666 [FXGL Background Thread 3 ] DEBUG Engine               - class com.almasb.fxgl.ui.FXGLDialogFactoryServiceProvider
11:19:03.666 [FXGL Background Thread 3 ] DEBUG Engine               - class com.almasb.fxgl.audio.AudioPlayer
11:19:03.666 [FXGL Background Thread 3 ] DEBUG Engine               - class com.almasb.fxgl.notification.impl.NotificationServiceProvider
11:19:03.666 [FXGL Background Thread 3 ] DEBUG Engine               - class com.almasb.fxgl.achievement.AchievementService
11:19:03.666 [FXGL Background Thread 3 ] DEBUG Engine               - class com.almasb.fxgl.cutscene.CutsceneService
11:19:03.666 [FXGL Background Thread 3 ] DEBUG Engine               - class com.almasb.fxgl.minigames.MiniGameService
11:19:03.667 [FXGL Background Thread 3 ] DEBUG Engine               - class com.almasb.fxgl.net.NetService
11:19:03.667 [FXGL Background Thread 3 ] DEBUG Engine               - class com.almasb.fxgl.app.services.UpdaterService
11:19:03.667 [FXGL Background Thread 3 ] DEBUG Engine               - class com.almasb.fxgl.dev.DevService
11:19:04.728 [JavaFX Application Thread] DEBUG FXGLApplication      - Exiting FXGL
11:19:04.728 [JavaFX Application Thread] DEBUG LoopRunner           - Stopping loop
11:19:04.728 [JavaFX Application Thread] DEBUG SystemBundleService  - Saving FXGL system data
11:19:04.730 [JavaFX Application Thread] DEBUG FileSystemAccess     - Writing to: F:\Proyectos javafx\javafxgl\fxgl-demoImage\system\fxgl.bundle
11:19:04.732 [JavaFX Application Thread] DEBUG Async                - Shutting down background threads
11:19:04.732 [JavaFX Application Thread] DEBUG PrimaryStageWindow   - Closing main window
11:19:04.751 [JavaFX Application Thread] DEBUG Logger               - Closing Logger
