11:24:39.723 [main                     ] DEBUG Logger               - Configured Logger
11:24:39.749 [main                     ] DEBUG GameApplication      - Logging settings
Title: DemoImage
Version: 0.0
Width: 800
Height: 600
Fullscreen: false
Intro: false
Profiling: false
Single step:false
App Mode: DEVELOPER
Menu Key: ESCAPE
Stage Style: DECORATED
Scene Factory: class com.almasb.fxgl.app.scene.SceneFactory

11:24:40.115 [JavaFX Application Thread] DEBUG FXGLApplication      - Initializing FXGL
11:24:40.127 [JavaFX Application Thread] INFO  Engine               - FXGL-21 (28.12.2023 13.35) on WINDOWS (J:21.0.1 FX:21.0.1)
11:24:40.127 [JavaFX Application Thread] DEBUG Engine               - JRE Vendor Name: Oracle Corporation
11:24:40.127 [JavaFX Application Thread] DEBUG Engine               - Running on OS: Windows 10 version 10.0
11:24:40.128 [JavaFX Application Thread] DEBUG Engine               - Architecture: amd64
11:24:40.128 [JavaFX Application Thread] INFO  Engine               - Source code and latest versions at: https://github.com/AlmasB/FXGL
11:24:40.128 [JavaFX Application Thread] INFO  Engine               -       Ask questions and discuss at: https://github.com/AlmasB/FXGL/discussions
11:24:40.128 [JavaFX Application Thread] INFO  Engine               -              Join the FXGL chat at: https://gitter.im/AlmasB/FXGL
11:24:40.250 [JavaFX Application Thread] DEBUG PrimaryStageWindow   - Creating a JavaFX scene
11:24:40.310 [JavaFX Application Thread] DEBUG PrimaryStageWindow   - Target settings size: 800.0 x 600.0
11:24:40.310 [JavaFX Application Thread] DEBUG PrimaryStageWindow   - Scaled scene size:    800.0 x 600.0
11:24:40.310 [JavaFX Application Thread] DEBUG PrimaryStageWindow   - Scaled ratio: (1.0, 1.0)
11:24:40.311 [JavaFX Application Thread] DEBUG PrimaryStageWindow   - Set initial scene to FXGLStartupScene
11:24:40.315 [JavaFX Application Thread] DEBUG PrimaryStageWindow   - Opening main window
11:24:40.422 [JavaFX Application Thread] DEBUG PrimaryStageWindow   - Window border size: (14.4000244140625, 37.5999755859375)
11:24:40.422 [JavaFX Application Thread] DEBUG PrimaryStageWindow   - Scaled size: 800.0 x 600.0
11:24:40.423 [JavaFX Application Thread] DEBUG PrimaryStageWindow   - Scaled ratio: (1.0, 1.0)
11:24:40.423 [JavaFX Application Thread] DEBUG PrimaryStageWindow   - Scene size: 800.0 x 600.0
11:24:40.423 [JavaFX Application Thread] DEBUG PrimaryStageWindow   - Stage size: 814.4000244140625 x 637.5999755859375
11:24:40.433 [FXGL Background Thread 1 ] DEBUG Engine               - Initializing environment variables
11:24:40.535 [FXGL Background Thread 1 ] DEBUG FXGLAssetLoaderServi - User app class for loading assets: class org.example.App
11:24:40.536 [FXGL Background Thread 1 ] DEBUG GameApplicationServi - Applying CSS: fxgl_dark.css
11:24:40.538 [FXGL Background Thread 1 ] DEBUG FXGLAssetLoaderServi - Loading from file system: jar:file:/C:/Users/Usuario/.m2/repository/com/github/almasb/fxgl/21/fxgl-21.jar!/fxglassets/ui/css/fxgl_dark.css
11:24:40.598 [FXGL Background Thread 1 ] DEBUG GameApplicationServi - Initializing application scenes
11:24:40.653 [FXGL Background Thread 1 ] DEBUG GameWorld            - Game world initialized
11:24:40.749 [FXGL Background Thread 1 ] DEBUG PhysicsWorld         - Physics world initialized: appHeight=600, physics.ppm=50,0
11:24:40.750 [FXGL Background Thread 1 ] DEBUG PhysicsWorld         - Using strategy: BRUTE_FORCE
11:24:40.756 [FXGL Background Thread 1 ] DEBUG GameScene            - Game scene initialized: 800x600
11:24:40.771 [FXGL Background Thread 1 ] DEBUG FXGL.DefaultMenu     - createMenuBodyGameMenu()
11:24:40.789 [FXGL Background Thread 1 ] DEBUG FXGL.DefaultMenu     - createOptionsMenu()
11:24:40.798 [FXGL Background Thread 1 ] DEBUG FXGLAssetLoaderServi - Loading from file system: jar:file:/C:/Users/Usuario/.m2/repository/com/github/almasb/fxgl/21/fxgl-21.jar!/fxglassets/textures/particles/smoke.png
11:24:40.910 [FXGL Background Thread 1 ] DEBUG FXGLAssetLoaderServi - Loading from file system: jar:file:/C:/Users/Usuario/.m2/repository/com/github/almasb/fxgl/21/fxgl-21.jar!/fxglassets/textures/particles/trace_horizontal.png
11:24:40.940 [FXGL Background Thread 1 ] DEBUG GameApplicationServi - Application scenes initialized
11:24:40.955 [FXGL Background Thread 1 ] DEBUG SystemBundleService  - Loading FXGL system data
11:24:40.958 [FXGL Background Thread 1 ] DEBUG FileSystemAccess     - Reading from: F:\Proyectos javafx\javafxgl\fxgl-demoImage\system\fxgl.bundle
11:24:40.968 [FXGL Background Thread 1 ] DEBUG SystemBundleService  - Bundle FXGL: {}
11:24:40.968 [FXGL Background Thread 1 ] DEBUG UpdaterService       - Checking for updates
11:24:40.976 [FXGL Background Thread 4 ] DEBUG FXGLApplication      - Loading fonts
11:24:40.977 [FXGL Background Thread 4 ] DEBUG FXGLAssetLoaderServi - Loading from file system: jar:file:/C:/Users/Usuario/.m2/repository/com/github/almasb/fxgl/21/fxgl-21.jar!/fxglassets/ui/fonts/VarelaRound-Regular.ttf
11:24:40.978 [FXGL Background Thread 1 ] DEBUG FXGLApplication      - Loading default localization
11:24:40.979 [FXGL Background Thread 1 ] DEBUG FXGLAssetLoaderServi - Loading from file system: jar:file:/C:/Users/Usuario/.m2/repository/com/github/almasb/fxgl/21/fxgl-21.jar!/fxglassets/languages/english.lang
11:24:41.024 [FXGL Background Thread 1 ] INFO  FXGLApplication      - FXGL initialization took: 0,591 sec
11:24:41.042 [FXGL Background Thread 4 ] DEBUG FXGLAssetLoaderServi - Loading from file system: jar:file:/C:/Users/Usuario/.m2/repository/com/github/almasb/fxgl/21/fxgl-21.jar!/fxglassets/ui/fonts/Abel-Regular.ttf
11:24:41.046 [JavaFX Application Thread] DEBUG Input                - Registered new binding: action0 - J
11:24:41.046 [JavaFX Application Thread] DEBUG Input                - Registered new binding: action1 - L
11:24:41.047 [JavaFX Application Thread] DEBUG Input                - Registered new binding: action2 - I
11:24:41.047 [JavaFX Application Thread] DEBUG Input                - Registered new binding: action3 - K
11:24:41.047 [JavaFX Application Thread] DEBUG Input                - Registered new binding: action4 - A
11:24:41.048 [JavaFX Application Thread] DEBUG Input                - Registered new binding: action5 - D
11:24:41.048 [JavaFX Application Thread] DEBUG Input                - Registered new binding: action6 - W
11:24:41.049 [JavaFX Application Thread] DEBUG Input                - Registered new binding: action7 - S
11:24:41.049 [JavaFX Application Thread] DEBUG FXGLAssetLoaderServi - Loading from file system: jar:file:/C:/Users/Usuario/.m2/repository/com/github/almasb/fxgl/21/fxgl-21.jar!/fxglassets/textures/fxgl_icon.png
11:24:41.052 [FXGL Background Thread 4 ] DEBUG FXGLAssetLoaderServi - Loading from file system: jar:file:/C:/Users/Usuario/.m2/repository/com/github/almasb/fxgl/21/fxgl-21.jar!/fxglassets/ui/fonts/TerminalLandMono-Regular.otf
11:24:41.061 [FXGL Background Thread 4 ] DEBUG FXGLAssetLoaderServi - Loading from file system: jar:file:/C:/Users/Usuario/.m2/repository/com/github/almasb/fxgl/21/fxgl-21.jar!/fxglassets/ui/fonts/Courier-Prime.ttf
11:24:41.078 [JavaFX Application Thread] DEBUG FXGLAssetLoaderServi - Loading from file system: jar:file:/C:/Users/Usuario/.m2/repository/com/github/almasb/fxgl/21/fxgl-21.jar!/fxglassets/textures/fxgl_default_cursor.png
11:24:41.081 [JavaFX Application Thread] DEBUG Input                - Registered new binding: Screenshot - CTRL+8
11:24:41.081 [JavaFX Application Thread] DEBUG Input                - Registered new binding: System info dump - CTRL+9
11:24:41.082 [JavaFX Application Thread] DEBUG Input                - Registered new binding: Restart - CTRL+R
11:24:41.083 [JavaFX Application Thread] DEBUG Input                - Registered new binding: Toggle Debug Camera - CTRL+7
11:24:41.087 [JavaFX Application Thread] DEBUG LoopRunner           - Starting loop
11:24:41.087 [JavaFX Application Thread] DEBUG LoopRunner           - Initializing JavaFX AnimationTimerLoop
11:24:41.089 [JavaFX Application Thread] DEBUG GameApplicationServi - Starting new game
11:24:41.089 [JavaFX Application Thread] DEBUG Input                - Clearing active input actions
11:24:41.101 [JavaFX Application Thread] DEBUG GameApplicationServi - Removing overlay from FXGLStartupScene and adding to FXGLLoadingScene
11:24:41.102 [JavaFX Application Thread] DEBUG PrimaryStageWindow   - FXGLStartupScene -> FXGLLoadingScene
11:24:41.102 [JavaFX Application Thread] DEBUG GameApplicationServi - Clearing previous game
11:24:41.102 [JavaFX Application Thread] DEBUG GameScene            - Clearing game scene
11:24:41.102 [JavaFX Application Thread] DEBUG GameWorld            - Clearing game world
11:24:41.102 [JavaFX Application Thread] DEBUG PhysicsWorld         - Clearing physics world
11:24:41.105 [FXGL Background Thread 4 ] DEBUG FXGLApplication      - Initializing game
11:24:41.105 [JavaFX Application Thread] DEBUG FXGLApplication      - Registering font factories with UI factory
11:24:41.121 [FXGL Background Thread 4 ] DEBUG FXGLAssetLoaderServi - Loading from file system: file:/F:/Proyectos%20javafx/javafxgl/fxgl-demoImage/target/classes/assets/textures/bosque.jpg
11:24:41.212 [FXGL Background Thread 4 ] DEBUG FXGLAssetLoaderServi - Loading from file system: file:/F:/Proyectos%20javafx/javafxgl/fxgl-demoImage/target/classes/assets/textures/sprite_pug.png
11:24:41.238 [FXGL Background Thread 4 ] DEBUG FXGLAssetLoaderServi - Loading from file system: file:/F:/Proyectos%20javafx/javafxgl/fxgl-demoImage/target/classes/assets/textures/sprite_player.png
11:24:41.252 [FXGL Background Thread 4 ] INFO  FXGLApplication      - Game initialization took: 0,148 sec
11:24:41.256 [JavaFX Application Thread] DEBUG Input                - Clearing active input actions
11:24:41.270 [JavaFX Application Thread] DEBUG GameApplicationServi - Removing overlay from FXGLLoadingScene and adding to GameScene
11:24:41.271 [JavaFX Application Thread] DEBUG PrimaryStageWindow   - FXGLLoadingScene -> GameScene
11:24:41.476 [JavaFX Application Thread] DEBUG FXGLAssetLoaderServi - Loading from file system: file:/F:/Proyectos%20javafx/javafxgl/fxgl-demoImage/target/classes/assets/textures/hueso.png
11:24:43.777 [JavaFX Application Thread] DEBUG FXGLApplication      - Exiting FXGL
11:24:43.777 [JavaFX Application Thread] DEBUG LoopRunner           - Stopping loop
11:24:43.777 [JavaFX Application Thread] DEBUG SystemBundleService  - Saving FXGL system data
11:24:43.779 [JavaFX Application Thread] DEBUG FileSystemAccess     - Writing to: F:\Proyectos javafx\javafxgl\fxgl-demoImage\system\fxgl.bundle
11:24:43.781 [JavaFX Application Thread] DEBUG Async                - Shutting down background threads
11:24:43.781 [JavaFX Application Thread] DEBUG PrimaryStageWindow   - Closing main window
11:24:43.802 [JavaFX Application Thread] DEBUG Logger               - Closing Logger
