06:44:52.810 [main                     ] DEBUG Logger               - Configured Logger
06:44:52.836 [main                     ] DEBUG GameApplication      - Logging settings
Title: DemoImage
Version: 0.0
Width: 800
Height: 600
Fullscreen: false
Intro: false
Profiling: false
Single step:false
App Mode: DEVELOPER
Menu Key: ESCAPE
Stage Style: DECORATED
Scene Factory: class com.almasb.fxgl.app.scene.SceneFactory

06:44:53.348 [JavaFX Application Thread] DEBUG FXGLApplication      - Initializing FXGL
06:44:53.353 [JavaFX Application Thread] INFO  Engine               - FXGL-21 (28.12.2023 13.35) on WINDOWS (J:21.0.1 FX:21.0.1)
06:44:53.354 [JavaFX Application Thread] DEBUG Engine               - JRE Vendor Name: Oracle Corporation
06:44:53.354 [JavaFX Application Thread] DEBUG Engine               - Running on OS: Windows 10 version 10.0
06:44:53.354 [JavaFX Application Thread] DEBUG Engine               - Architecture: amd64
06:44:53.354 [JavaFX Application Thread] INFO  Engine               - Source code and latest versions at: https://github.com/AlmasB/FXGL
06:44:53.355 [JavaFX Application Thread] INFO  Engine               -       Ask questions and discuss at: https://github.com/AlmasB/FXGL/discussions
06:44:53.355 [JavaFX Application Thread] INFO  Engine               -              Join the FXGL chat at: https://gitter.im/AlmasB/FXGL
06:44:53.516 [JavaFX Application Thread] DEBUG PrimaryStageWindow   - Creating a JavaFX scene
06:44:53.605 [JavaFX Application Thread] DEBUG PrimaryStageWindow   - Target settings size: 800.0 x 600.0
06:44:53.605 [JavaFX Application Thread] DEBUG PrimaryStageWindow   - Scaled scene size:    800.0 x 600.0
06:44:53.605 [JavaFX Application Thread] DEBUG PrimaryStageWindow   - Scaled ratio: (1.0, 1.0)
06:44:53.607 [JavaFX Application Thread] DEBUG PrimaryStageWindow   - Set initial scene to FXGLStartupScene
06:44:53.610 [JavaFX Application Thread] DEBUG PrimaryStageWindow   - Opening main window
06:44:53.716 [JavaFX Application Thread] DEBUG PrimaryStageWindow   - Window border size: (14.4000244140625, 37.5999755859375)
06:44:53.716 [JavaFX Application Thread] DEBUG PrimaryStageWindow   - Scaled size: 800.0 x 600.0
06:44:53.716 [JavaFX Application Thread] DEBUG PrimaryStageWindow   - Scaled ratio: (1.0, 1.0)
06:44:53.717 [JavaFX Application Thread] DEBUG PrimaryStageWindow   - Scene size: 800.0 x 600.0
06:44:53.717 [JavaFX Application Thread] DEBUG PrimaryStageWindow   - Stage size: 814.4000244140625 x 637.5999755859375
06:44:53.726 [FXGL Background Thread 1 ] DEBUG Engine               - Initializing environment variables
06:44:53.816 [FXGL Background Thread 1 ] DEBUG FXGLAssetLoaderServi - User app class for loading assets: class org.example.App
06:44:53.816 [FXGL Background Thread 1 ] DEBUG GameApplicationServi - Applying CSS: fxgl_dark.css
06:44:53.817 [FXGL Background Thread 1 ] DEBUG FXGLAssetLoaderServi - Loading from file system: jar:file:/C:/Users/Usuario/.m2/repository/com/github/almasb/fxgl/21/fxgl-21.jar!/fxglassets/ui/css/fxgl_dark.css
06:44:53.863 [FXGL Background Thread 1 ] DEBUG GameApplicationServi - Initializing application scenes
06:44:53.915 [FXGL Background Thread 1 ] DEBUG GameWorld            - Game world initialized
06:44:54.001 [FXGL Background Thread 1 ] DEBUG PhysicsWorld         - Physics world initialized: appHeight=600, physics.ppm=50,0
06:44:54.001 [FXGL Background Thread 1 ] DEBUG PhysicsWorld         - Using strategy: BRUTE_FORCE
06:44:54.007 [FXGL Background Thread 1 ] DEBUG GameScene            - Game scene initialized: 800x600
06:44:54.027 [FXGL Background Thread 1 ] DEBUG FXGL.DefaultMenu     - createMenuBodyGameMenu()
06:44:54.046 [FXGL Background Thread 1 ] DEBUG FXGL.DefaultMenu     - createOptionsMenu()
06:44:54.056 [FXGL Background Thread 1 ] DEBUG FXGLAssetLoaderServi - Loading from file system: jar:file:/C:/Users/Usuario/.m2/repository/com/github/almasb/fxgl/21/fxgl-21.jar!/fxglassets/textures/particles/smoke.png
06:44:54.181 [FXGL Background Thread 1 ] DEBUG FXGLAssetLoaderServi - Loading from file system: jar:file:/C:/Users/Usuario/.m2/repository/com/github/almasb/fxgl/21/fxgl-21.jar!/fxglassets/textures/particles/trace_horizontal.png
06:44:54.229 [FXGL Background Thread 1 ] DEBUG GameApplicationServi - Application scenes initialized
06:44:54.242 [FXGL Background Thread 1 ] DEBUG SystemBundleService  - Loading FXGL system data
06:44:54.246 [FXGL Background Thread 1 ] WARN  SystemBundleService  - Failed to load: java.io.StreamCorruptedException: invalid stream header: 00000000
06:44:54.246 [FXGL Background Thread 1 ] DEBUG SystemBundleService  - Loading default FXGL system data
06:44:54.247 [FXGL Background Thread 1 ] DEBUG UpdaterService       - Checking for updates
06:44:54.251 [FXGL Background Thread 4 ] DEBUG FXGLApplication      - Loading fonts
06:44:54.252 [FXGL Background Thread 4 ] DEBUG FXGLAssetLoaderServi - Loading from file system: jar:file:/C:/Users/Usuario/.m2/repository/com/github/almasb/fxgl/21/fxgl-21.jar!/fxglassets/ui/fonts/VarelaRound-Regular.ttf
06:44:54.254 [FXGL Background Thread 1 ] DEBUG FXGLApplication      - Loading default localization
06:44:54.254 [FXGL Background Thread 1 ] DEBUG FXGLAssetLoaderServi - Loading from file system: jar:file:/C:/Users/Usuario/.m2/repository/com/github/almasb/fxgl/21/fxgl-21.jar!/fxglassets/languages/english.lang
06:44:54.296 [FXGL Background Thread 1 ] INFO  FXGLApplication      - FXGL initialization took: 0,570 sec
06:44:54.298 [JavaFX Application Thread] DEBUG FXGLAssetLoaderServi - Loading from file system: jar:file:/C:/Users/Usuario/.m2/repository/com/github/almasb/fxgl/21/fxgl-21.jar!/fxglassets/textures/fxgl_icon.png
06:44:54.304 [FXGL Background Thread 4 ] DEBUG FXGLAssetLoaderServi - Loading from file system: jar:file:/C:/Users/Usuario/.m2/repository/com/github/almasb/fxgl/21/fxgl-21.jar!/fxglassets/ui/fonts/Abel-Regular.ttf
06:44:54.317 [FXGL Background Thread 4 ] DEBUG FXGLAssetLoaderServi - Loading from file system: jar:file:/C:/Users/Usuario/.m2/repository/com/github/almasb/fxgl/21/fxgl-21.jar!/fxglassets/ui/fonts/TerminalLandMono-Regular.otf
06:44:54.329 [JavaFX Application Thread] DEBUG FXGLAssetLoaderServi - Loading from file system: jar:file:/C:/Users/Usuario/.m2/repository/com/github/almasb/fxgl/21/fxgl-21.jar!/fxglassets/textures/fxgl_default_cursor.png
06:44:54.331 [FXGL Background Thread 4 ] DEBUG FXGLAssetLoaderServi - Loading from file system: jar:file:/C:/Users/Usuario/.m2/repository/com/github/almasb/fxgl/21/fxgl-21.jar!/fxglassets/ui/fonts/Courier-Prime.ttf
06:44:54.348 [JavaFX Application Thread] DEBUG Input                - Registered new binding: Screenshot - CTRL+8
06:44:54.349 [JavaFX Application Thread] DEBUG Input                - Registered new binding: System info dump - CTRL+9
06:44:54.350 [JavaFX Application Thread] DEBUG Input                - Registered new binding: Restart - CTRL+R
06:44:54.351 [JavaFX Application Thread] DEBUG Input                - Registered new binding: Toggle Debug Camera - CTRL+7
06:44:54.355 [JavaFX Application Thread] DEBUG LoopRunner           - Starting loop
06:44:54.355 [JavaFX Application Thread] DEBUG LoopRunner           - Initializing JavaFX AnimationTimerLoop
06:44:54.358 [JavaFX Application Thread] DEBUG GameApplicationServi - Starting new game
06:44:54.359 [JavaFX Application Thread] DEBUG Input                - Clearing active input actions
06:44:54.373 [JavaFX Application Thread] DEBUG GameApplicationServi - Removing overlay from FXGLStartupScene and adding to FXGLLoadingScene
06:44:54.374 [JavaFX Application Thread] DEBUG PrimaryStageWindow   - FXGLStartupScene -> FXGLLoadingScene
06:44:54.374 [JavaFX Application Thread] DEBUG GameApplicationServi - Clearing previous game
06:44:54.374 [JavaFX Application Thread] DEBUG GameScene            - Clearing game scene
06:44:54.374 [JavaFX Application Thread] DEBUG GameWorld            - Clearing game world
06:44:54.374 [JavaFX Application Thread] DEBUG PhysicsWorld         - Clearing physics world
06:44:54.376 [FXGL Background Thread 4 ] DEBUG FXGLApplication      - Initializing game
06:44:54.376 [JavaFX Application Thread] DEBUG FXGLApplication      - Registering font factories with UI factory
06:44:54.377 [FXGL Background Thread 4 ] INFO  FXGLApplication      - Game initialization took: 0,001 sec
06:44:54.431 [JavaFX Application Thread] DEBUG Input                - Clearing active input actions
06:44:54.444 [JavaFX Application Thread] DEBUG GameApplicationServi - Removing overlay from FXGLLoadingScene and adding to GameScene
06:44:54.444 [JavaFX Application Thread] DEBUG PrimaryStageWindow   - FXGLLoadingScene -> GameScene
06:44:57.250 [FXGL Background Thread 3 ] DEBUG Engine               - Logging environment variables
06:44:57.252 [FXGL Background Thread 3 ] DEBUG Engine               - achievements: []
06:44:57.252 [FXGL Background Thread 3 ] DEBUG Engine               - actualHeight: 600.0
06:44:57.252 [FXGL Background Thread 3 ] DEBUG Engine               - actualHeightProperty: ReadOnlyDoubleProperty [value: 600.0]
06:44:57.253 [FXGL Background Thread 3 ] DEBUG Engine               - actualWidth: 800.0
06:44:57.253 [FXGL Background Thread 3 ] DEBUG Engine               - actualWidthProperty: ReadOnlyDoubleProperty [value: 800.0]
06:44:57.253 [FXGL Background Thread 3 ] DEBUG Engine               - appIcon: fxgl_icon.png
06:44:57.254 [FXGL Background Thread 3 ] DEBUG Engine               - applicationMode: DEVELOPER
06:44:57.254 [FXGL Background Thread 3 ] DEBUG Engine               - cSSList: [fxgl_dark.css]
06:44:57.254 [FXGL Background Thread 3 ] DEBUG Engine               - collisionDetectionStrategy: BRUTE_FORCE
06:44:57.254 [FXGL Background Thread 3 ] DEBUG Engine               - configClass: Optional.empty
06:44:57.254 [FXGL Background Thread 3 ] DEBUG Engine               - credits: []
06:44:57.255 [FXGL Background Thread 3 ] DEBUG Engine               - defaultCursor: CursorInfo(imageName=fxgl_default_cursor.png, hotspotX=7.0, hotspotY=6.0)
06:44:57.256 [FXGL Background Thread 3 ] DEBUG Engine               - devBBoxColorProperty: ObjectProperty [value: 0xff0000ff]
06:44:57.256 [FXGL Background Thread 3 ] DEBUG Engine               - devEnableDebugCameraProperty: BooleanProperty [value: false]
06:44:57.257 [FXGL Background Thread 3 ] DEBUG Engine               - devSensorColorProperty: ObjectProperty [value: 0xffff00ff]
06:44:57.257 [FXGL Background Thread 3 ] DEBUG Engine               - devShowBBoxProperty: BooleanProperty [value: false]
06:44:57.257 [FXGL Background Thread 3 ] DEBUG Engine               - devShowPositionProperty: BooleanProperty [value: false]
06:44:57.258 [FXGL Background Thread 3 ] DEBUG Engine               - enabledMenuItems: []
06:44:57.258 [FXGL Background Thread 3 ] DEBUG Engine               - engineServices: [class com.almasb.fxgl.app.services.FXGLAssetLoaderService, class com.almasb.fxgl.app.FXGLApplication$GameApplicationService, class com.almasb.fxgl.app.services.FXGLDialogService, class com.almasb.fxgl.app.services.IOTaskExecutorService, class com.almasb.fxgl.io.FileSystemService, class com.almasb.fxgl.localization.LocalizationService, class com.almasb.fxgl.app.services.SystemBundleService, class com.almasb.fxgl.profile.SaveLoadService, class com.almasb.fxgl.ui.FXGLUIFactoryServiceProvider, class com.almasb.fxgl.ui.FXGLDialogFactoryServiceProvider, class com.almasb.fxgl.audio.AudioPlayer, class com.almasb.fxgl.notification.impl.NotificationServiceProvider, class com.almasb.fxgl.achievement.AchievementService, class com.almasb.fxgl.cutscene.CutsceneService, class com.almasb.fxgl.minigames.MiniGameService, class com.almasb.fxgl.net.NetService, class com.almasb.fxgl.app.services.UpdaterService, class com.almasb.fxgl.dev.DevService]
06:44:57.258 [FXGL Background Thread 3 ] DEBUG Engine               - fontGame: Abel-Regular.ttf
06:44:57.259 [FXGL Background Thread 3 ] DEBUG Engine               - fontMono: TerminalLandMono-Regular.otf
06:44:57.259 [FXGL Background Thread 3 ] DEBUG Engine               - fontSizeScaleUI: 1.0
06:44:57.259 [FXGL Background Thread 3 ] DEBUG Engine               - fontText: Courier-Prime.ttf
06:44:57.259 [FXGL Background Thread 3 ] DEBUG Engine               - fontUI: VarelaRound-Regular.ttf
06:44:57.260 [FXGL Background Thread 3 ] DEBUG Engine               - fullScreen: BooleanProperty [value: false]
06:44:57.260 [FXGL Background Thread 3 ] DEBUG Engine               - gameDifficulty: MEDIUM
06:44:57.260 [FXGL Background Thread 3 ] DEBUG Engine               - gameDifficultyProperty: ObjectProperty [value: MEDIUM]
06:44:57.261 [FXGL Background Thread 3 ] DEBUG Engine               - globalMusicVolume: 0.5
06:44:57.261 [FXGL Background Thread 3 ] DEBUG Engine               - globalMusicVolumeProperty: DoubleProperty [value: 0.5]
06:44:57.261 [FXGL Background Thread 3 ] DEBUG Engine               - globalSoundVolume: 0.5
06:44:57.262 [FXGL Background Thread 3 ] DEBUG Engine               - globalSoundVolumeProperty: DoubleProperty [value: 0.5]
06:44:57.262 [FXGL Background Thread 3 ] DEBUG Engine               - height: 600
06:44:57.262 [FXGL Background Thread 3 ] DEBUG Engine               - is3D: false
06:44:57.263 [FXGL Background Thread 3 ] DEBUG Engine               - isAndroid: false
06:44:57.263 [FXGL Background Thread 3 ] DEBUG Engine               - isBrowser: false
06:44:57.263 [FXGL Background Thread 3 ] DEBUG Engine               - isClickFeedbackEnabled: false
06:44:57.263 [FXGL Background Thread 3 ] DEBUG Engine               - isCloseConfirmation: false
06:44:57.263 [FXGL Background Thread 3 ] DEBUG Engine               - isDesktop: true
06:44:57.264 [FXGL Background Thread 3 ] DEBUG Engine               - isDeveloperMenuEnabled: false
06:44:57.264 [FXGL Background Thread 3 ] DEBUG Engine               - isEmbedded: false
06:44:57.264 [FXGL Background Thread 3 ] DEBUG Engine               - isEntityPreloadEnabled: true
06:44:57.264 [FXGL Background Thread 3 ] DEBUG Engine               - isExperimentalTiledLargeMap: false
06:44:57.265 [FXGL Background Thread 3 ] DEBUG Engine               - isFileSystemWriteAllowed: true
06:44:57.265 [FXGL Background Thread 3 ] DEBUG Engine               - isFullScreenAllowed: false
06:44:57.265 [FXGL Background Thread 3 ] DEBUG Engine               - isFullScreenFromStart: false
06:44:57.265 [FXGL Background Thread 3 ] DEBUG Engine               - isGameMenuEnabled: true
06:44:57.266 [FXGL Background Thread 3 ] DEBUG Engine               - isIOS: false
06:44:57.266 [FXGL Background Thread 3 ] DEBUG Engine               - isIntroEnabled: false
06:44:57.266 [FXGL Background Thread 3 ] DEBUG Engine               - isLinux: false
06:44:57.266 [FXGL Background Thread 3 ] DEBUG Engine               - isMac: false
06:44:57.266 [FXGL Background Thread 3 ] DEBUG Engine               - isMainMenuEnabled: false
06:44:57.267 [FXGL Background Thread 3 ] DEBUG Engine               - isManualResizeEnabled: false
06:44:57.267 [FXGL Background Thread 3 ] DEBUG Engine               - isMobile: false
06:44:57.267 [FXGL Background Thread 3 ] DEBUG Engine               - isNative: false
06:44:57.267 [FXGL Background Thread 3 ] DEBUG Engine               - isPauseMusicWhenMinimized: true
06:44:57.268 [FXGL Background Thread 3 ] DEBUG Engine               - isPreserveResizeRatio: false
06:44:57.268 [FXGL Background Thread 3 ] DEBUG Engine               - isProfilingEnabled: false
06:44:57.268 [FXGL Background Thread 3 ] DEBUG Engine               - isScaleAffectedOnResize: true
06:44:57.268 [FXGL Background Thread 3 ] DEBUG Engine               - isSingleStep: false
06:44:57.269 [FXGL Background Thread 3 ] DEBUG Engine               - isUserProfileEnabled: false
06:44:57.269 [FXGL Background Thread 3 ] DEBUG Engine               - isWindows: true
06:44:57.269 [FXGL Background Thread 3 ] DEBUG Engine               - language: ObjectProperty [value: ENGLISH]
06:44:57.269 [FXGL Background Thread 3 ] DEBUG Engine               - menuKey: ESCAPE
06:44:57.270 [FXGL Background Thread 3 ] DEBUG Engine               - mouseSensitivity: 0.2
06:44:57.270 [FXGL Background Thread 3 ] DEBUG Engine               - notificationViewClass: class com.almasb.fxgl.notification.view.XboxNotificationView
06:44:57.270 [FXGL Background Thread 3 ] DEBUG Engine               - pixelsPerMeter: 50.0
06:44:57.270 [FXGL Background Thread 3 ] DEBUG Engine               - platform: WINDOWS
06:44:57.271 [FXGL Background Thread 3 ] DEBUG Engine               - prefHeightProperty: ReadOnlyDoubleProperty [value: 600.0]
06:44:57.271 [FXGL Background Thread 3 ] DEBUG Engine               - prefWidthProperty: ReadOnlyDoubleProperty [value: 800.0]
06:44:57.271 [FXGL Background Thread 3 ] DEBUG Engine               - profileDir: profiles/
06:44:57.272 [FXGL Background Thread 3 ] DEBUG Engine               - profileName: StringProperty [value: DEFAULT]
06:44:57.272 [FXGL Background Thread 3 ] DEBUG Engine               - randomSeed: -1
06:44:57.273 [FXGL Background Thread 3 ] DEBUG Engine               - runtimeInfo: RuntimeInfo(platform=WINDOWS, version=21, build=28.12.2023 13.35)
06:44:57.273 [FXGL Background Thread 3 ] DEBUG Engine               - saveFileExt: sav
06:44:57.273 [FXGL Background Thread 3 ] DEBUG Engine               - scaledHeightProp$fxgl: DoubleProperty [bound, value: 600.0]
06:44:57.273 [FXGL Background Thread 3 ] DEBUG Engine               - scaledWidthProp$fxgl: DoubleProperty [bound, value: 800.0]
06:44:57.274 [FXGL Background Thread 3 ] DEBUG Engine               - sceneFactory: com.almasb.fxgl.app.scene.SceneFactory@575c490f
06:44:57.274 [FXGL Background Thread 3 ] DEBUG Engine               - secondsIn24h: 60
06:44:57.274 [FXGL Background Thread 3 ] DEBUG Engine               - soundMenuBack: menu/back.wav
06:44:57.274 [FXGL Background Thread 3 ] DEBUG Engine               - soundMenuPress: menu/press.wav
06:44:57.275 [FXGL Background Thread 3 ] DEBUG Engine               - soundMenuSelect: menu/select.wav
06:44:57.275 [FXGL Background Thread 3 ] DEBUG Engine               - soundNotification: core/notification.wav
06:44:57.275 [FXGL Background Thread 3 ] DEBUG Engine               - stageStyle: DECORATED
06:44:57.275 [FXGL Background Thread 3 ] DEBUG Engine               - supportedLanguages: [ENGLISH, FRENCH, GERMAN, HUNGARIAN, RUSSIAN]
06:44:57.275 [FXGL Background Thread 3 ] DEBUG Engine               - ticksPerSecond: -1
06:44:57.276 [FXGL Background Thread 3 ] DEBUG Engine               - title: DemoImage
06:44:57.276 [FXGL Background Thread 3 ] DEBUG Engine               - urlGithub: https://github.com/AlmasB/FXGL
06:44:57.276 [FXGL Background Thread 3 ] DEBUG Engine               - urlLeaderboard: http://fxgl-top.herokuapp.com/
06:44:57.276 [FXGL Background Thread 3 ] DEBUG Engine               - urlPOM: https://raw.githubusercontent.com/AlmasB/FXGL/release/README.md
06:44:57.276 [FXGL Background Thread 3 ] DEBUG Engine               - userAppClass: class org.example.App
06:44:57.277 [FXGL Background Thread 3 ] DEBUG Engine               - version: 0.0
06:44:57.277 [FXGL Background Thread 3 ] DEBUG Engine               - versionCheckDays: 7
06:44:57.277 [FXGL Background Thread 3 ] DEBUG Engine               - width: 800
06:44:57.278 [FXGL Background Thread 3 ] DEBUG Engine               - Logging services
06:44:57.278 [FXGL Background Thread 3 ] DEBUG Engine               - class com.almasb.fxgl.app.services.FXGLAssetLoaderService
06:44:57.278 [FXGL Background Thread 3 ] DEBUG Engine               - class com.almasb.fxgl.app.FXGLApplication$GameApplicationService
06:44:57.278 [FXGL Background Thread 3 ] DEBUG Engine               - class com.almasb.fxgl.app.services.FXGLDialogService
06:44:57.278 [FXGL Background Thread 3 ] DEBUG Engine               - class com.almasb.fxgl.app.services.IOTaskExecutorService
06:44:57.279 [FXGL Background Thread 3 ] DEBUG Engine               - class com.almasb.fxgl.io.FileSystemService
06:44:57.279 [FXGL Background Thread 3 ] DEBUG Engine               - class com.almasb.fxgl.localization.LocalizationService
06:44:57.279 [FXGL Background Thread 3 ] DEBUG Engine               - class com.almasb.fxgl.app.services.SystemBundleService
06:44:57.279 [FXGL Background Thread 3 ] DEBUG Engine               - class com.almasb.fxgl.profile.SaveLoadService
06:44:57.280 [FXGL Background Thread 3 ] DEBUG Engine               - class com.almasb.fxgl.ui.FXGLUIFactoryServiceProvider
06:44:57.280 [FXGL Background Thread 3 ] DEBUG Engine               - class com.almasb.fxgl.ui.FXGLDialogFactoryServiceProvider
06:44:57.280 [FXGL Background Thread 3 ] DEBUG Engine               - class com.almasb.fxgl.audio.AudioPlayer
06:44:57.280 [FXGL Background Thread 3 ] DEBUG Engine               - class com.almasb.fxgl.notification.impl.NotificationServiceProvider
06:44:57.280 [FXGL Background Thread 3 ] DEBUG Engine               - class com.almasb.fxgl.achievement.AchievementService
06:44:57.280 [FXGL Background Thread 3 ] DEBUG Engine               - class com.almasb.fxgl.cutscene.CutsceneService
06:44:57.281 [FXGL Background Thread 3 ] DEBUG Engine               - class com.almasb.fxgl.minigames.MiniGameService
06:44:57.281 [FXGL Background Thread 3 ] DEBUG Engine               - class com.almasb.fxgl.net.NetService
06:44:57.281 [FXGL Background Thread 3 ] DEBUG Engine               - class com.almasb.fxgl.app.services.UpdaterService
06:44:57.282 [FXGL Background Thread 3 ] DEBUG Engine               - class com.almasb.fxgl.dev.DevService
06:45:06.210 [JavaFX Application Thread] DEBUG FXGLApplication      - Exiting FXGL
06:45:06.210 [JavaFX Application Thread] DEBUG LoopRunner           - Stopping loop
06:45:06.210 [JavaFX Application Thread] DEBUG SystemBundleService  - Saving FXGL system data
06:45:06.212 [JavaFX Application Thread] DEBUG FileSystemAccess     - Writing to: F:\Proyectos javafx\fxgl-demoImage\system\fxgl.bundle
06:45:06.220 [JavaFX Application Thread] DEBUG Async                - Shutting down background threads
06:45:06.221 [JavaFX Application Thread] DEBUG PrimaryStageWindow   - Closing main window
06:45:06.238 [JavaFX Application Thread] DEBUG Logger               - Closing Logger
