10:13:25.339 [main                     ] DEBUG Logger               - Configured Logger
10:13:25.369 [main                     ] DEBUG GameApplication      - Logging settings
Title: DemoImage
Version: 0.0
Width: 800
Height: 600
Fullscreen: false
Intro: false
Profiling: false
Single step:false
App Mode: DEVELOPER
Menu Key: ESCAPE
Stage Style: DECORATED
Scene Factory: class com.almasb.fxgl.app.scene.SceneFactory

10:13:25.746 [JavaFX Application Thread] DEBUG FXGLApplication      - Initializing FXGL
10:13:25.758 [JavaFX Application Thread] INFO  Engine               - FXGL-21 (28.12.2023 13.35) on WINDOWS (J:21.0.1 FX:21.0.1)
10:13:25.758 [JavaFX Application Thread] DEBUG Engine               - JRE Vendor Name: Oracle Corporation
10:13:25.759 [JavaFX Application Thread] DEBUG Engine               - Running on OS: Windows 10 version 10.0
10:13:25.759 [JavaFX Application Thread] DEBUG Engine               - Architecture: amd64
10:13:25.759 [JavaFX Application Thread] INFO  Engine               - Source code and latest versions at: https://github.com/AlmasB/FXGL
10:13:25.759 [JavaFX Application Thread] INFO  Engine               -       Ask questions and discuss at: https://github.com/AlmasB/FXGL/discussions
10:13:25.759 [JavaFX Application Thread] INFO  Engine               -              Join the FXGL chat at: https://gitter.im/AlmasB/FXGL
10:13:25.882 [JavaFX Application Thread] DEBUG PrimaryStageWindow   - Creating a JavaFX scene
10:13:25.941 [JavaFX Application Thread] DEBUG PrimaryStageWindow   - Target settings size: 800.0 x 600.0
10:13:25.941 [JavaFX Application Thread] DEBUG PrimaryStageWindow   - Scaled scene size:    800.0 x 600.0
10:13:25.941 [JavaFX Application Thread] DEBUG PrimaryStageWindow   - Scaled ratio: (1.0, 1.0)
10:13:25.942 [JavaFX Application Thread] DEBUG PrimaryStageWindow   - Set initial scene to FXGLStartupScene
10:13:25.945 [JavaFX Application Thread] DEBUG PrimaryStageWindow   - Opening main window
10:13:26.050 [JavaFX Application Thread] DEBUG PrimaryStageWindow   - Window border size: (14.4000244140625, 37.5999755859375)
10:13:26.050 [JavaFX Application Thread] DEBUG PrimaryStageWindow   - Scaled size: 800.0 x 600.0
10:13:26.050 [JavaFX Application Thread] DEBUG PrimaryStageWindow   - Scaled ratio: (1.0, 1.0)
10:13:26.051 [JavaFX Application Thread] DEBUG PrimaryStageWindow   - Scene size: 800.0 x 600.0
10:13:26.051 [JavaFX Application Thread] DEBUG PrimaryStageWindow   - Stage size: 814.4000244140625 x 637.5999755859375
10:13:26.063 [FXGL Background Thread 1 ] DEBUG Engine               - Initializing environment variables
10:13:26.151 [FXGL Background Thread 1 ] DEBUG FXGLAssetLoaderServi - User app class for loading assets: class org.example.App
10:13:26.152 [FXGL Background Thread 1 ] DEBUG GameApplicationServi - Applying CSS: fxgl_dark.css
10:13:26.153 [FXGL Background Thread 1 ] DEBUG FXGLAssetLoaderServi - Loading from file system: jar:file:/C:/Users/Usuario/.m2/repository/com/github/almasb/fxgl/21/fxgl-21.jar!/fxglassets/ui/css/fxgl_dark.css
10:13:26.209 [FXGL Background Thread 1 ] DEBUG GameApplicationServi - Initializing application scenes
10:13:26.261 [FXGL Background Thread 1 ] DEBUG GameWorld            - Game world initialized
10:13:26.354 [FXGL Background Thread 1 ] DEBUG PhysicsWorld         - Physics world initialized: appHeight=600, physics.ppm=50,0
10:13:26.355 [FXGL Background Thread 1 ] DEBUG PhysicsWorld         - Using strategy: BRUTE_FORCE
10:13:26.363 [FXGL Background Thread 1 ] DEBUG GameScene            - Game scene initialized: 800x600
10:13:26.390 [FXGL Background Thread 1 ] DEBUG FXGL.DefaultMenu     - createMenuBodyGameMenu()
10:13:26.408 [FXGL Background Thread 1 ] DEBUG FXGL.DefaultMenu     - createOptionsMenu()
10:13:26.418 [FXGL Background Thread 1 ] DEBUG FXGLAssetLoaderServi - Loading from file system: jar:file:/C:/Users/Usuario/.m2/repository/com/github/almasb/fxgl/21/fxgl-21.jar!/fxglassets/textures/particles/smoke.png
10:13:26.543 [FXGL Background Thread 1 ] DEBUG FXGLAssetLoaderServi - Loading from file system: jar:file:/C:/Users/Usuario/.m2/repository/com/github/almasb/fxgl/21/fxgl-21.jar!/fxglassets/textures/particles/trace_horizontal.png
10:13:26.576 [FXGL Background Thread 1 ] DEBUG GameApplicationServi - Application scenes initialized
10:13:26.591 [FXGL Background Thread 1 ] DEBUG SystemBundleService  - Loading FXGL system data
10:13:26.595 [FXGL Background Thread 1 ] DEBUG FileSystemAccess     - Reading from: F:\Proyectos javafx\javafxgl\fxgl-demoImage\system\fxgl.bundle
10:13:26.605 [FXGL Background Thread 1 ] DEBUG SystemBundleService  - Bundle FXGL: {}
10:13:26.605 [FXGL Background Thread 1 ] DEBUG UpdaterService       - Checking for updates
10:13:26.610 [FXGL Background Thread 4 ] DEBUG FXGLApplication      - Loading fonts
10:13:26.610 [FXGL Background Thread 4 ] DEBUG FXGLAssetLoaderServi - Loading from file system: jar:file:/C:/Users/Usuario/.m2/repository/com/github/almasb/fxgl/21/fxgl-21.jar!/fxglassets/ui/fonts/VarelaRound-Regular.ttf
10:13:26.611 [FXGL Background Thread 1 ] DEBUG FXGLApplication      - Loading default localization
10:13:26.612 [FXGL Background Thread 1 ] DEBUG FXGLAssetLoaderServi - Loading from file system: jar:file:/C:/Users/Usuario/.m2/repository/com/github/almasb/fxgl/21/fxgl-21.jar!/fxglassets/languages/english.lang
10:13:26.653 [FXGL Background Thread 4 ] DEBUG FXGLAssetLoaderServi - Loading from file system: jar:file:/C:/Users/Usuario/.m2/repository/com/github/almasb/fxgl/21/fxgl-21.jar!/fxglassets/ui/fonts/Abel-Regular.ttf
10:13:26.657 [FXGL Background Thread 1 ] INFO  FXGLApplication      - FXGL initialization took: 0,593 sec
10:13:26.664 [FXGL Background Thread 4 ] DEBUG FXGLAssetLoaderServi - Loading from file system: jar:file:/C:/Users/Usuario/.m2/repository/com/github/almasb/fxgl/21/fxgl-21.jar!/fxglassets/ui/fonts/TerminalLandMono-Regular.otf
10:13:26.670 [JavaFX Application Thread] DEBUG Input                - Registered new binding: action0 - A
10:13:26.670 [JavaFX Application Thread] DEBUG Input                - Registered new binding: action1 - D
10:13:26.671 [JavaFX Application Thread] DEBUG Input                - Registered new binding: action2 - W
10:13:26.671 [JavaFX Application Thread] DEBUG Input                - Registered new binding: action3 - S
10:13:26.671 [JavaFX Application Thread] DEBUG FXGLAssetLoaderServi - Loading from file system: jar:file:/C:/Users/Usuario/.m2/repository/com/github/almasb/fxgl/21/fxgl-21.jar!/fxglassets/textures/fxgl_icon.png
10:13:26.689 [FXGL Background Thread 4 ] DEBUG FXGLAssetLoaderServi - Loading from file system: jar:file:/C:/Users/Usuario/.m2/repository/com/github/almasb/fxgl/21/fxgl-21.jar!/fxglassets/ui/fonts/Courier-Prime.ttf
10:13:26.698 [JavaFX Application Thread] DEBUG FXGLAssetLoaderServi - Loading from file system: jar:file:/C:/Users/Usuario/.m2/repository/com/github/almasb/fxgl/21/fxgl-21.jar!/fxglassets/textures/fxgl_default_cursor.png
10:13:26.701 [JavaFX Application Thread] DEBUG Input                - Registered new binding: Screenshot - CTRL+8
10:13:26.702 [JavaFX Application Thread] DEBUG Input                - Registered new binding: System info dump - CTRL+9
10:13:26.703 [JavaFX Application Thread] DEBUG Input                - Registered new binding: Restart - CTRL+R
10:13:26.704 [JavaFX Application Thread] DEBUG Input                - Registered new binding: Toggle Debug Camera - CTRL+7
10:13:26.707 [JavaFX Application Thread] DEBUG LoopRunner           - Starting loop
10:13:26.707 [JavaFX Application Thread] DEBUG LoopRunner           - Initializing JavaFX AnimationTimerLoop
10:13:26.710 [JavaFX Application Thread] DEBUG GameApplicationServi - Starting new game
10:13:26.710 [JavaFX Application Thread] DEBUG Input                - Clearing active input actions
10:13:26.725 [JavaFX Application Thread] DEBUG GameApplicationServi - Removing overlay from FXGLStartupScene and adding to FXGLLoadingScene
10:13:26.725 [JavaFX Application Thread] DEBUG PrimaryStageWindow   - FXGLStartupScene -> FXGLLoadingScene
10:13:26.726 [JavaFX Application Thread] DEBUG GameApplicationServi - Clearing previous game
10:13:26.726 [JavaFX Application Thread] DEBUG GameScene            - Clearing game scene
10:13:26.726 [JavaFX Application Thread] DEBUG GameWorld            - Clearing game world
10:13:26.726 [JavaFX Application Thread] DEBUG PhysicsWorld         - Clearing physics world
10:13:26.728 [JavaFX Application Thread] DEBUG FXGLApplication      - Registering font factories with UI factory
10:13:26.744 [FXGL Background Thread 4 ] DEBUG FXGLAssetLoaderServi - Loading from file system: file:/F:/Proyectos%20javafx/javafxgl/fxgl-demoImage/target/classes/assets/textures/bfrances.png
10:13:26.776 [FXGL Background Thread 4 ] WARN  FXGLAssetLoaderServi - Asset "/assets/textures/nave.png" was not found!
10:13:26.776 [FXGL Background Thread 4 ] WARN  FXGLAssetLoaderServi - Failed to load IMAGE
10:13:26.872 [FXGL Background Thread 4 ] INFO  FXGLApplication      - Game initialization took: 0,144 sec
10:13:26.877 [JavaFX Application Thread] DEBUG Input                - Clearing active input actions
10:13:26.896 [JavaFX Application Thread] DEBUG GameApplicationServi - Removing overlay from FXGLLoadingScene and adding to GameScene
10:13:26.897 [JavaFX Application Thread] DEBUG PrimaryStageWindow   - FXGLLoadingScene -> GameScene
10:13:27.378 [JavaFX Application Thread] DEBUG FXGLAssetLoaderServi - Loading from file system: file:/F:/Proyectos%20javafx/javafxgl/fxgl-demoImage/target/classes/assets/textures/hueso.png
10:13:29.204 [JavaFX Application Thread] DEBUG FXGLApplication      - Exiting FXGL
10:13:29.204 [JavaFX Application Thread] DEBUG LoopRunner           - Stopping loop
10:13:29.204 [JavaFX Application Thread] DEBUG SystemBundleService  - Saving FXGL system data
10:13:29.206 [JavaFX Application Thread] DEBUG FileSystemAccess     - Writing to: F:\Proyectos javafx\javafxgl\fxgl-demoImage\system\fxgl.bundle
10:13:29.208 [JavaFX Application Thread] DEBUG Async                - Shutting down background threads
10:13:29.209 [JavaFX Application Thread] DEBUG PrimaryStageWindow   - Closing main window
10:13:29.228 [JavaFX Application Thread] DEBUG Logger               - Closing Logger
