08:55:32.283 [main                     ] DEBUG Logger               - Configured Logger
08:55:32.309 [main                     ] DEBUG GameApplication      - Logging settings
Title: DemoImage
Version: 0.0
Width: 800
Height: 600
Fullscreen: false
Intro: false
Profiling: false
Single step:false
App Mode: DEVELOPER
Menu Key: ESCAPE
Stage Style: DECORATED
Scene Factory: class com.almasb.fxgl.app.scene.SceneFactory

08:55:32.662 [JavaFX Application Thread] DEBUG FXGLApplication      - Initializing FXGL
08:55:32.672 [JavaFX Application Thread] INFO  Engine               - FXGL-21 (28.12.2023 13.35) on WINDOWS (J:21.0.1 FX:21.0.1)
08:55:32.672 [JavaFX Application Thread] DEBUG Engine               - JRE Vendor Name: Oracle Corporation
08:55:32.672 [JavaFX Application Thread] DEBUG Engine               - Running on OS: Windows 10 version 10.0
08:55:32.672 [JavaFX Application Thread] DEBUG Engine               - Architecture: amd64
08:55:32.672 [JavaFX Application Thread] INFO  Engine               - Source code and latest versions at: https://github.com/AlmasB/FXGL
08:55:32.673 [JavaFX Application Thread] INFO  Engine               -       Ask questions and discuss at: https://github.com/AlmasB/FXGL/discussions
08:55:32.673 [JavaFX Application Thread] INFO  Engine               -              Join the FXGL chat at: https://gitter.im/AlmasB/FXGL
08:55:32.794 [JavaFX Application Thread] DEBUG PrimaryStageWindow   - Creating a JavaFX scene
08:55:32.852 [JavaFX Application Thread] DEBUG PrimaryStageWindow   - Target settings size: 800.0 x 600.0
08:55:32.852 [JavaFX Application Thread] DEBUG PrimaryStageWindow   - Scaled scene size:    800.0 x 600.0
08:55:32.853 [JavaFX Application Thread] DEBUG PrimaryStageWindow   - Scaled ratio: (1.0, 1.0)
08:55:32.854 [JavaFX Application Thread] DEBUG PrimaryStageWindow   - Set initial scene to FXGLStartupScene
08:55:32.857 [JavaFX Application Thread] DEBUG PrimaryStageWindow   - Opening main window
08:55:32.965 [JavaFX Application Thread] DEBUG PrimaryStageWindow   - Window border size: (14.4000244140625, 37.5999755859375)
08:55:32.966 [JavaFX Application Thread] DEBUG PrimaryStageWindow   - Scaled size: 800.0 x 600.0
08:55:32.966 [JavaFX Application Thread] DEBUG PrimaryStageWindow   - Scaled ratio: (1.0, 1.0)
08:55:32.967 [JavaFX Application Thread] DEBUG PrimaryStageWindow   - Scene size: 800.0 x 600.0
08:55:32.967 [JavaFX Application Thread] DEBUG PrimaryStageWindow   - Stage size: 814.4000244140625 x 637.5999755859375
08:55:32.974 [FXGL Background Thread 1 ] DEBUG Engine               - Initializing environment variables
08:55:33.074 [FXGL Background Thread 1 ] DEBUG FXGLAssetLoaderServi - User app class for loading assets: class org.example.App
08:55:33.074 [FXGL Background Thread 1 ] DEBUG GameApplicationServi - Applying CSS: fxgl_dark.css
08:55:33.075 [FXGL Background Thread 1 ] DEBUG FXGLAssetLoaderServi - Loading from file system: jar:file:/C:/Users/Usuario/.m2/repository/com/github/almasb/fxgl/21/fxgl-21.jar!/fxglassets/ui/css/fxgl_dark.css
08:55:33.136 [FXGL Background Thread 1 ] DEBUG GameApplicationServi - Initializing application scenes
08:55:33.192 [FXGL Background Thread 1 ] DEBUG GameWorld            - Game world initialized
08:55:33.284 [FXGL Background Thread 1 ] DEBUG PhysicsWorld         - Physics world initialized: appHeight=600, physics.ppm=50,0
08:55:33.284 [FXGL Background Thread 1 ] DEBUG PhysicsWorld         - Using strategy: BRUTE_FORCE
08:55:33.289 [FXGL Background Thread 1 ] DEBUG GameScene            - Game scene initialized: 800x600
08:55:33.308 [FXGL Background Thread 1 ] DEBUG FXGL.DefaultMenu     - createMenuBodyGameMenu()
08:55:33.325 [FXGL Background Thread 1 ] DEBUG FXGL.DefaultMenu     - createOptionsMenu()
08:55:33.334 [FXGL Background Thread 1 ] DEBUG FXGLAssetLoaderServi - Loading from file system: jar:file:/C:/Users/Usuario/.m2/repository/com/github/almasb/fxgl/21/fxgl-21.jar!/fxglassets/textures/particles/smoke.png
08:55:33.440 [FXGL Background Thread 1 ] DEBUG FXGLAssetLoaderServi - Loading from file system: jar:file:/C:/Users/Usuario/.m2/repository/com/github/almasb/fxgl/21/fxgl-21.jar!/fxglassets/textures/particles/trace_horizontal.png
08:55:33.467 [FXGL Background Thread 1 ] DEBUG GameApplicationServi - Application scenes initialized
08:55:33.481 [FXGL Background Thread 1 ] DEBUG SystemBundleService  - Loading FXGL system data
08:55:33.485 [FXGL Background Thread 1 ] DEBUG FileSystemAccess     - Reading from: F:\Proyectos javafx\javafxgl\fxgl-demoImage\system\fxgl.bundle
08:55:33.495 [FXGL Background Thread 1 ] DEBUG SystemBundleService  - Bundle FXGL: {}
08:55:33.495 [FXGL Background Thread 1 ] DEBUG UpdaterService       - Checking for updates
08:55:33.501 [FXGL Background Thread 4 ] DEBUG FXGLApplication      - Loading fonts
08:55:33.502 [FXGL Background Thread 4 ] DEBUG FXGLAssetLoaderServi - Loading from file system: jar:file:/C:/Users/Usuario/.m2/repository/com/github/almasb/fxgl/21/fxgl-21.jar!/fxglassets/ui/fonts/VarelaRound-Regular.ttf
08:55:33.502 [FXGL Background Thread 1 ] DEBUG FXGLApplication      - Loading default localization
08:55:33.503 [FXGL Background Thread 1 ] DEBUG FXGLAssetLoaderServi - Loading from file system: jar:file:/C:/Users/Usuario/.m2/repository/com/github/almasb/fxgl/21/fxgl-21.jar!/fxglassets/languages/english.lang
08:55:33.543 [FXGL Background Thread 1 ] INFO  FXGLApplication      - FXGL initialization took: 0,569 sec
08:55:33.546 [FXGL Background Thread 4 ] DEBUG FXGLAssetLoaderServi - Loading from file system: jar:file:/C:/Users/Usuario/.m2/repository/com/github/almasb/fxgl/21/fxgl-21.jar!/fxglassets/ui/fonts/Abel-Regular.ttf
08:55:33.557 [FXGL Background Thread 4 ] DEBUG FXGLAssetLoaderServi - Loading from file system: jar:file:/C:/Users/Usuario/.m2/repository/com/github/almasb/fxgl/21/fxgl-21.jar!/fxglassets/ui/fonts/TerminalLandMono-Regular.otf
08:55:33.558 [JavaFX Application Thread] DEBUG Input                - Registered new binding: action0 - A
08:55:33.559 [JavaFX Application Thread] DEBUG Input                - Registered new binding: action1 - D
08:55:33.559 [JavaFX Application Thread] DEBUG Input                - Registered new binding: action2 - W
08:55:33.560 [JavaFX Application Thread] DEBUG Input                - Registered new binding: action3 - S
08:55:33.560 [JavaFX Application Thread] DEBUG FXGLAssetLoaderServi - Loading from file system: jar:file:/C:/Users/Usuario/.m2/repository/com/github/almasb/fxgl/21/fxgl-21.jar!/fxglassets/textures/fxgl_icon.png
08:55:33.566 [FXGL Background Thread 4 ] DEBUG FXGLAssetLoaderServi - Loading from file system: jar:file:/C:/Users/Usuario/.m2/repository/com/github/almasb/fxgl/21/fxgl-21.jar!/fxglassets/ui/fonts/Courier-Prime.ttf
08:55:33.585 [JavaFX Application Thread] DEBUG FXGLAssetLoaderServi - Loading from file system: jar:file:/C:/Users/Usuario/.m2/repository/com/github/almasb/fxgl/21/fxgl-21.jar!/fxglassets/textures/fxgl_default_cursor.png
08:55:33.588 [JavaFX Application Thread] DEBUG Input                - Registered new binding: Screenshot - CTRL+8
08:55:33.588 [JavaFX Application Thread] DEBUG Input                - Registered new binding: System info dump - CTRL+9
08:55:33.589 [JavaFX Application Thread] DEBUG Input                - Registered new binding: Restart - CTRL+R
08:55:33.589 [JavaFX Application Thread] DEBUG Input                - Registered new binding: Toggle Debug Camera - CTRL+7
08:55:33.594 [JavaFX Application Thread] DEBUG LoopRunner           - Starting loop
08:55:33.594 [JavaFX Application Thread] DEBUG LoopRunner           - Initializing JavaFX AnimationTimerLoop
08:55:33.596 [JavaFX Application Thread] DEBUG GameApplicationServi - Starting new game
08:55:33.597 [JavaFX Application Thread] DEBUG Input                - Clearing active input actions
08:55:33.613 [JavaFX Application Thread] DEBUG GameApplicationServi - Removing overlay from FXGLStartupScene and adding to FXGLLoadingScene
08:55:33.613 [JavaFX Application Thread] DEBUG PrimaryStageWindow   - FXGLStartupScene -> FXGLLoadingScene
08:55:33.613 [JavaFX Application Thread] DEBUG GameApplicationServi - Clearing previous game
08:55:33.613 [JavaFX Application Thread] DEBUG GameScene            - Clearing game scene
08:55:33.613 [JavaFX Application Thread] DEBUG GameWorld            - Clearing game world
08:55:33.614 [JavaFX Application Thread] DEBUG PhysicsWorld         - Clearing physics world
08:55:33.616 [FXGL Background Thread 4 ] DEBUG FXGLApplication      - Initializing game
08:55:33.616 [JavaFX Application Thread] DEBUG FXGLApplication      - Registering font factories with UI factory
08:55:33.630 [FXGL Background Thread 4 ] DEBUG FXGLAssetLoaderServi - Loading from file system: file:/F:/Proyectos%20javafx/javafxgl/fxgl-demoImage/target/classes/assets/textures/bosque.jpg
08:55:33.719 [FXGL Background Thread 4 ] DEBUG FXGLAssetLoaderServi - Loading from file system: file:/F:/Proyectos%20javafx/javafxgl/fxgl-demoImage/target/classes/assets/textures/lilpuddinpuggums.png
08:55:33.737 [FXGL Background Thread 4 ] DEBUG FXGLAssetLoaderServi - Loading from file system: file:/F:/Proyectos%20javafx/javafxgl/fxgl-demoImage/target/classes/assets/textures/sprite_player.png
08:55:33.750 [FXGL Background Thread 4 ] INFO  FXGLApplication      - Game initialization took: 0,134 sec
08:55:33.760 [JavaFX Application Thread] DEBUG Input                - Clearing active input actions
08:55:33.775 [JavaFX Application Thread] DEBUG GameApplicationServi - Removing overlay from FXGLLoadingScene and adding to GameScene
08:55:33.776 [JavaFX Application Thread] DEBUG PrimaryStageWindow   - FXGLLoadingScene -> GameScene
08:55:33.960 [JavaFX Application Thread] DEBUG FXGLAssetLoaderServi - Loading from file system: file:/F:/Proyectos%20javafx/javafxgl/fxgl-demoImage/target/classes/assets/textures/hueso.png
08:55:36.500 [FXGL Background Thread 3 ] DEBUG Engine               - Logging environment variables
08:55:36.502 [FXGL Background Thread 3 ] DEBUG Engine               - achievements: []
08:55:36.503 [FXGL Background Thread 3 ] DEBUG Engine               - actualHeight: 600.0
08:55:36.504 [FXGL Background Thread 3 ] DEBUG Engine               - actualHeightProperty: ReadOnlyDoubleProperty [value: 600.0]
08:55:36.504 [FXGL Background Thread 3 ] DEBUG Engine               - actualWidth: 800.0
08:55:36.505 [FXGL Background Thread 3 ] DEBUG Engine               - actualWidthProperty: ReadOnlyDoubleProperty [value: 800.0]
08:55:36.505 [FXGL Background Thread 3 ] DEBUG Engine               - appIcon: fxgl_icon.png
08:55:36.506 [FXGL Background Thread 3 ] DEBUG Engine               - applicationMode: DEVELOPER
08:55:36.506 [FXGL Background Thread 3 ] DEBUG Engine               - cSSList: [fxgl_dark.css]
08:55:36.507 [FXGL Background Thread 3 ] DEBUG Engine               - collisionDetectionStrategy: BRUTE_FORCE
08:55:36.507 [FXGL Background Thread 3 ] DEBUG Engine               - configClass: Optional.empty
08:55:36.507 [FXGL Background Thread 3 ] DEBUG Engine               - credits: []
08:55:36.508 [FXGL Background Thread 3 ] DEBUG Engine               - defaultCursor: CursorInfo(imageName=fxgl_default_cursor.png, hotspotX=7.0, hotspotY=6.0)
08:55:36.509 [FXGL Background Thread 3 ] DEBUG Engine               - devBBoxColorProperty: ObjectProperty [value: 0xff0000ff]
08:55:36.509 [FXGL Background Thread 3 ] DEBUG Engine               - devEnableDebugCameraProperty: BooleanProperty [value: false]
08:55:36.510 [FXGL Background Thread 3 ] DEBUG Engine               - devSensorColorProperty: ObjectProperty [value: 0xffff00ff]
08:55:36.510 [FXGL Background Thread 3 ] DEBUG Engine               - devShowBBoxProperty: BooleanProperty [value: false]
08:55:36.510 [FXGL Background Thread 3 ] DEBUG Engine               - devShowPositionProperty: BooleanProperty [value: false]
08:55:36.510 [FXGL Background Thread 3 ] DEBUG Engine               - enabledMenuItems: []
08:55:36.510 [FXGL Background Thread 3 ] DEBUG Engine               - engineServices: [class com.almasb.fxgl.app.services.FXGLAssetLoaderService, class com.almasb.fxgl.app.FXGLApplication$GameApplicationService, class com.almasb.fxgl.app.services.FXGLDialogService, class com.almasb.fxgl.app.services.IOTaskExecutorService, class com.almasb.fxgl.io.FileSystemService, class com.almasb.fxgl.localization.LocalizationService, class com.almasb.fxgl.app.services.SystemBundleService, class com.almasb.fxgl.profile.SaveLoadService, class com.almasb.fxgl.ui.FXGLUIFactoryServiceProvider, class com.almasb.fxgl.ui.FXGLDialogFactoryServiceProvider, class com.almasb.fxgl.audio.AudioPlayer, class com.almasb.fxgl.notification.impl.NotificationServiceProvider, class com.almasb.fxgl.achievement.AchievementService, class com.almasb.fxgl.cutscene.CutsceneService, class com.almasb.fxgl.minigames.MiniGameService, class com.almasb.fxgl.net.NetService, class com.almasb.fxgl.app.services.UpdaterService, class com.almasb.fxgl.dev.DevService]
08:55:36.511 [FXGL Background Thread 3 ] DEBUG Engine               - fontGame: Abel-Regular.ttf
08:55:36.511 [FXGL Background Thread 3 ] DEBUG Engine               - fontMono: TerminalLandMono-Regular.otf
08:55:36.511 [FXGL Background Thread 3 ] DEBUG Engine               - fontSizeScaleUI: 1.0
08:55:36.511 [FXGL Background Thread 3 ] DEBUG Engine               - fontText: Courier-Prime.ttf
08:55:36.512 [FXGL Background Thread 3 ] DEBUG Engine               - fontUI: VarelaRound-Regular.ttf
08:55:36.512 [FXGL Background Thread 3 ] DEBUG Engine               - fullScreen: BooleanProperty [value: false]
08:55:36.512 [FXGL Background Thread 3 ] DEBUG Engine               - gameDifficulty: MEDIUM
08:55:36.512 [FXGL Background Thread 3 ] DEBUG Engine               - gameDifficultyProperty: ObjectProperty [value: MEDIUM]
08:55:36.512 [FXGL Background Thread 3 ] DEBUG Engine               - globalMusicVolume: 0.5
08:55:36.513 [FXGL Background Thread 3 ] DEBUG Engine               - globalMusicVolumeProperty: DoubleProperty [value: 0.5]
08:55:36.513 [FXGL Background Thread 3 ] DEBUG Engine               - globalSoundVolume: 0.5
08:55:36.513 [FXGL Background Thread 3 ] DEBUG Engine               - globalSoundVolumeProperty: DoubleProperty [value: 0.5]
08:55:36.514 [FXGL Background Thread 3 ] DEBUG Engine               - height: 600
08:55:36.514 [FXGL Background Thread 3 ] DEBUG Engine               - is3D: false
08:55:36.514 [FXGL Background Thread 3 ] DEBUG Engine               - isAndroid: false
08:55:36.514 [FXGL Background Thread 3 ] DEBUG Engine               - isBrowser: false
08:55:36.514 [FXGL Background Thread 3 ] DEBUG Engine               - isClickFeedbackEnabled: false
08:55:36.515 [FXGL Background Thread 3 ] DEBUG Engine               - isCloseConfirmation: false
08:55:36.515 [FXGL Background Thread 3 ] DEBUG Engine               - isDesktop: true
08:55:36.515 [FXGL Background Thread 3 ] DEBUG Engine               - isDeveloperMenuEnabled: false
08:55:36.515 [FXGL Background Thread 3 ] DEBUG Engine               - isEmbedded: false
08:55:36.515 [FXGL Background Thread 3 ] DEBUG Engine               - isEntityPreloadEnabled: true
08:55:36.516 [FXGL Background Thread 3 ] DEBUG Engine               - isExperimentalTiledLargeMap: false
08:55:36.516 [FXGL Background Thread 3 ] DEBUG Engine               - isFileSystemWriteAllowed: true
08:55:36.516 [FXGL Background Thread 3 ] DEBUG Engine               - isFullScreenAllowed: false
08:55:36.516 [FXGL Background Thread 3 ] DEBUG Engine               - isFullScreenFromStart: false
08:55:36.517 [FXGL Background Thread 3 ] DEBUG Engine               - isGameMenuEnabled: true
08:55:36.517 [FXGL Background Thread 3 ] DEBUG Engine               - isIOS: false
08:55:36.517 [FXGL Background Thread 3 ] DEBUG Engine               - isIntroEnabled: false
08:55:36.517 [FXGL Background Thread 3 ] DEBUG Engine               - isLinux: false
08:55:36.518 [FXGL Background Thread 3 ] DEBUG Engine               - isMac: false
08:55:36.518 [FXGL Background Thread 3 ] DEBUG Engine               - isMainMenuEnabled: false
08:55:36.518 [FXGL Background Thread 3 ] DEBUG Engine               - isManualResizeEnabled: false
08:55:36.519 [FXGL Background Thread 3 ] DEBUG Engine               - isMobile: false
08:55:36.519 [FXGL Background Thread 3 ] DEBUG Engine               - isNative: false
08:55:36.519 [FXGL Background Thread 3 ] DEBUG Engine               - isPauseMusicWhenMinimized: true
08:55:36.519 [FXGL Background Thread 3 ] DEBUG Engine               - isPreserveResizeRatio: false
08:55:36.519 [FXGL Background Thread 3 ] DEBUG Engine               - isProfilingEnabled: false
08:55:36.520 [FXGL Background Thread 3 ] DEBUG Engine               - isScaleAffectedOnResize: true
08:55:36.520 [FXGL Background Thread 3 ] DEBUG Engine               - isSingleStep: false
08:55:36.520 [FXGL Background Thread 3 ] DEBUG Engine               - isUserProfileEnabled: false
08:55:36.520 [FXGL Background Thread 3 ] DEBUG Engine               - isWindows: true
08:55:36.521 [FXGL Background Thread 3 ] DEBUG Engine               - language: ObjectProperty [value: ENGLISH]
08:55:36.521 [FXGL Background Thread 3 ] DEBUG Engine               - menuKey: ESCAPE
08:55:36.521 [FXGL Background Thread 3 ] DEBUG Engine               - mouseSensitivity: 0.2
08:55:36.521 [FXGL Background Thread 3 ] DEBUG Engine               - notificationViewClass: class com.almasb.fxgl.notification.view.XboxNotificationView
08:55:36.522 [FXGL Background Thread 3 ] DEBUG Engine               - pixelsPerMeter: 50.0
08:55:36.522 [FXGL Background Thread 3 ] DEBUG Engine               - platform: WINDOWS
08:55:36.522 [FXGL Background Thread 3 ] DEBUG Engine               - prefHeightProperty: ReadOnlyDoubleProperty [value: 600.0]
08:55:36.523 [FXGL Background Thread 3 ] DEBUG Engine               - prefWidthProperty: ReadOnlyDoubleProperty [value: 800.0]
08:55:36.523 [FXGL Background Thread 3 ] DEBUG Engine               - profileDir: profiles/
08:55:36.523 [FXGL Background Thread 3 ] DEBUG Engine               - profileName: StringProperty [value: DEFAULT]
08:55:36.524 [FXGL Background Thread 3 ] DEBUG Engine               - randomSeed: -1
08:55:36.525 [FXGL Background Thread 3 ] DEBUG Engine               - runtimeInfo: RuntimeInfo(platform=WINDOWS, version=21, build=28.12.2023 13.35)
08:55:36.525 [FXGL Background Thread 3 ] DEBUG Engine               - saveFileExt: sav
08:55:36.525 [FXGL Background Thread 3 ] DEBUG Engine               - scaledHeightProp$fxgl: DoubleProperty [bound, value: 600.0]
08:55:36.526 [FXGL Background Thread 3 ] DEBUG Engine               - scaledWidthProp$fxgl: DoubleProperty [bound, value: 800.0]
08:55:36.526 [FXGL Background Thread 3 ] DEBUG Engine               - sceneFactory: com.almasb.fxgl.app.scene.SceneFactory@3e139491
08:55:36.526 [FXGL Background Thread 3 ] DEBUG Engine               - secondsIn24h: 60
08:55:36.526 [FXGL Background Thread 3 ] DEBUG Engine               - soundMenuBack: menu/back.wav
08:55:36.526 [FXGL Background Thread 3 ] DEBUG Engine               - soundMenuPress: menu/press.wav
08:55:36.527 [FXGL Background Thread 3 ] DEBUG Engine               - soundMenuSelect: menu/select.wav
08:55:36.527 [FXGL Background Thread 3 ] DEBUG Engine               - soundNotification: core/notification.wav
08:55:36.527 [FXGL Background Thread 3 ] DEBUG Engine               - stageStyle: DECORATED
08:55:36.527 [FXGL Background Thread 3 ] DEBUG Engine               - supportedLanguages: [ENGLISH, FRENCH, GERMAN, HUNGARIAN, RUSSIAN]
08:55:36.527 [FXGL Background Thread 3 ] DEBUG Engine               - ticksPerSecond: -1
08:55:36.528 [FXGL Background Thread 3 ] DEBUG Engine               - title: DemoImage
08:55:36.528 [FXGL Background Thread 3 ] DEBUG Engine               - urlGithub: https://github.com/AlmasB/FXGL
08:55:36.528 [FXGL Background Thread 3 ] DEBUG Engine               - urlLeaderboard: http://fxgl-top.herokuapp.com/
08:55:36.529 [FXGL Background Thread 3 ] DEBUG Engine               - urlPOM: https://raw.githubusercontent.com/AlmasB/FXGL/release/README.md
08:55:36.529 [FXGL Background Thread 3 ] DEBUG Engine               - userAppClass: class org.example.App
08:55:36.529 [FXGL Background Thread 3 ] DEBUG Engine               - version: 0.0
08:55:36.529 [FXGL Background Thread 3 ] DEBUG Engine               - versionCheckDays: 7
08:55:36.529 [FXGL Background Thread 3 ] DEBUG Engine               - width: 800
08:55:36.530 [FXGL Background Thread 3 ] DEBUG Engine               - Logging services
08:55:36.530 [FXGL Background Thread 3 ] DEBUG Engine               - class com.almasb.fxgl.app.services.FXGLAssetLoaderService
08:55:36.530 [FXGL Background Thread 3 ] DEBUG Engine               - class com.almasb.fxgl.app.FXGLApplication$GameApplicationService
08:55:36.530 [FXGL Background Thread 3 ] DEBUG Engine               - class com.almasb.fxgl.app.services.FXGLDialogService
08:55:36.530 [FXGL Background Thread 3 ] DEBUG Engine               - class com.almasb.fxgl.app.services.IOTaskExecutorService
08:55:36.531 [FXGL Background Thread 3 ] DEBUG Engine               - class com.almasb.fxgl.io.FileSystemService
08:55:36.531 [FXGL Background Thread 3 ] DEBUG Engine               - class com.almasb.fxgl.localization.LocalizationService
08:55:36.531 [FXGL Background Thread 3 ] DEBUG Engine               - class com.almasb.fxgl.app.services.SystemBundleService
08:55:36.531 [FXGL Background Thread 3 ] DEBUG Engine               - class com.almasb.fxgl.profile.SaveLoadService
08:55:36.531 [FXGL Background Thread 3 ] DEBUG Engine               - class com.almasb.fxgl.ui.FXGLUIFactoryServiceProvider
08:55:36.531 [FXGL Background Thread 3 ] DEBUG Engine               - class com.almasb.fxgl.ui.FXGLDialogFactoryServiceProvider
08:55:36.531 [FXGL Background Thread 3 ] DEBUG Engine               - class com.almasb.fxgl.audio.AudioPlayer
08:55:36.532 [FXGL Background Thread 3 ] DEBUG Engine               - class com.almasb.fxgl.notification.impl.NotificationServiceProvider
08:55:36.532 [FXGL Background Thread 3 ] DEBUG Engine               - class com.almasb.fxgl.achievement.AchievementService
08:55:36.532 [FXGL Background Thread 3 ] DEBUG Engine               - class com.almasb.fxgl.cutscene.CutsceneService
08:55:36.532 [FXGL Background Thread 3 ] DEBUG Engine               - class com.almasb.fxgl.minigames.MiniGameService
08:55:36.532 [FXGL Background Thread 3 ] DEBUG Engine               - class com.almasb.fxgl.net.NetService
08:55:36.532 [FXGL Background Thread 3 ] DEBUG Engine               - class com.almasb.fxgl.app.services.UpdaterService
08:55:36.533 [FXGL Background Thread 3 ] DEBUG Engine               - class com.almasb.fxgl.dev.DevService
08:55:38.801 [JavaFX Application Thread] DEBUG FXGLApplication      - Exiting FXGL
08:55:38.801 [JavaFX Application Thread] DEBUG LoopRunner           - Stopping loop
08:55:38.802 [JavaFX Application Thread] DEBUG SystemBundleService  - Saving FXGL system data
08:55:38.804 [JavaFX Application Thread] DEBUG FileSystemAccess     - Writing to: F:\Proyectos javafx\javafxgl\fxgl-demoImage\system\fxgl.bundle
08:55:38.807 [JavaFX Application Thread] DEBUG Async                - Shutting down background threads
08:55:38.807 [JavaFX Application Thread] DEBUG PrimaryStageWindow   - Closing main window
08:55:38.828 [JavaFX Application Thread] DEBUG Logger               - Closing Logger
