15:46:46.103 [main                     ] DEBUG Logger               - Configured Logger
15:46:46.131 [main                     ] DEBUG GameApplication      - Logging settings
Title: DemoImage
Version: 0.0
Width: 800
Height: 600
Fullscreen: false
Intro: false
Profiling: false
Single step:false
App Mode: DEVELOPER
Menu Key: ESCAPE
Stage Style: DECORATED
Scene Factory: class com.almasb.fxgl.app.scene.SceneFactory

15:46:46.510 [JavaFX Application Thread] DEBUG FXGLApplication      - Initializing FXGL
15:46:46.515 [JavaFX Application Thread] INFO  Engine               - FXGL-21 (28.12.2023 13.35) on WINDOWS (J:21.0.1 FX:21.0.1)
15:46:46.515 [JavaFX Application Thread] DEBUG Engine               - JRE Vendor Name: Oracle Corporation
15:46:46.516 [JavaFX Application Thread] DEBUG Engine               - Running on OS: Windows 10 version 10.0
15:46:46.516 [JavaFX Application Thread] DEBUG Engine               - Architecture: amd64
15:46:46.516 [JavaFX Application Thread] INFO  Engine               - Source code and latest versions at: https://github.com/AlmasB/FXGL
15:46:46.516 [JavaFX Application Thread] INFO  Engine               -       Ask questions and discuss at: https://github.com/AlmasB/FXGL/discussions
15:46:46.516 [JavaFX Application Thread] INFO  Engine               -              Join the FXGL chat at: https://gitter.im/AlmasB/FXGL
15:46:46.648 [JavaFX Application Thread] DEBUG PrimaryStageWindow   - Creating a JavaFX scene
15:46:46.701 [JavaFX Application Thread] DEBUG PrimaryStageWindow   - Target settings size: 800.0 x 600.0
15:46:46.701 [JavaFX Application Thread] DEBUG PrimaryStageWindow   - Scaled scene size:    800.0 x 600.0
15:46:46.702 [JavaFX Application Thread] DEBUG PrimaryStageWindow   - Scaled ratio: (1.0, 1.0)
15:46:46.703 [JavaFX Application Thread] DEBUG PrimaryStageWindow   - Set initial scene to FXGLStartupScene
15:46:46.707 [JavaFX Application Thread] DEBUG PrimaryStageWindow   - Opening main window
15:46:46.812 [JavaFX Application Thread] DEBUG PrimaryStageWindow   - Window border size: (14.4000244140625, 37.5999755859375)
15:46:46.812 [JavaFX Application Thread] DEBUG PrimaryStageWindow   - Scaled size: 800.0 x 600.0
15:46:46.813 [JavaFX Application Thread] DEBUG PrimaryStageWindow   - Scaled ratio: (1.0, 1.0)
15:46:46.813 [JavaFX Application Thread] DEBUG PrimaryStageWindow   - Scene size: 800.0 x 600.0
15:46:46.813 [JavaFX Application Thread] DEBUG PrimaryStageWindow   - Stage size: 814.4000244140625 x 637.5999755859375
15:46:46.828 [FXGL Background Thread 1 ] DEBUG Engine               - Initializing environment variables
15:46:46.922 [FXGL Background Thread 1 ] DEBUG FXGLAssetLoaderServi - User app class for loading assets: class org.example.App
15:46:46.923 [FXGL Background Thread 1 ] DEBUG GameApplicationServi - Applying CSS: fxgl_dark.css
15:46:46.923 [FXGL Background Thread 1 ] DEBUG FXGLAssetLoaderServi - Loading from file system: jar:file:/C:/Users/Usuario/.m2/repository/com/github/almasb/fxgl/21/fxgl-21.jar!/fxglassets/ui/css/fxgl_dark.css
15:46:46.977 [FXGL Background Thread 1 ] DEBUG GameApplicationServi - Initializing application scenes
15:46:47.032 [FXGL Background Thread 1 ] DEBUG GameWorld            - Game world initialized
15:46:47.129 [FXGL Background Thread 1 ] DEBUG PhysicsWorld         - Physics world initialized: appHeight=600, physics.ppm=50,0
15:46:47.130 [FXGL Background Thread 1 ] DEBUG PhysicsWorld         - Using strategy: BRUTE_FORCE
15:46:47.137 [FXGL Background Thread 1 ] DEBUG GameScene            - Game scene initialized: 800x600
15:46:47.159 [FXGL Background Thread 1 ] DEBUG FXGL.DefaultMenu     - createMenuBodyGameMenu()
15:46:47.183 [FXGL Background Thread 1 ] DEBUG FXGL.DefaultMenu     - createOptionsMenu()
15:46:47.194 [FXGL Background Thread 1 ] DEBUG FXGLAssetLoaderServi - Loading from file system: jar:file:/C:/Users/Usuario/.m2/repository/com/github/almasb/fxgl/21/fxgl-21.jar!/fxglassets/textures/particles/smoke.png
15:46:47.316 [FXGL Background Thread 1 ] DEBUG FXGLAssetLoaderServi - Loading from file system: jar:file:/C:/Users/Usuario/.m2/repository/com/github/almasb/fxgl/21/fxgl-21.jar!/fxglassets/textures/particles/trace_horizontal.png
15:46:47.350 [FXGL Background Thread 1 ] DEBUG GameApplicationServi - Application scenes initialized
15:46:47.363 [FXGL Background Thread 1 ] DEBUG SystemBundleService  - Loading FXGL system data
15:46:47.366 [FXGL Background Thread 1 ] DEBUG FileSystemAccess     - Reading from: F:\Proyectos javafx\javafxgl\fxgl-demoImage\system\fxgl.bundle
15:46:47.377 [FXGL Background Thread 1 ] DEBUG SystemBundleService  - Bundle FXGL: {}
15:46:47.377 [FXGL Background Thread 1 ] DEBUG UpdaterService       - Checking for updates
15:46:47.384 [FXGL Background Thread 4 ] DEBUG FXGLApplication      - Loading fonts
15:46:47.384 [FXGL Background Thread 4 ] DEBUG FXGLAssetLoaderServi - Loading from file system: jar:file:/C:/Users/Usuario/.m2/repository/com/github/almasb/fxgl/21/fxgl-21.jar!/fxglassets/ui/fonts/VarelaRound-Regular.ttf
15:46:47.386 [FXGL Background Thread 1 ] DEBUG FXGLApplication      - Loading default localization
15:46:47.386 [FXGL Background Thread 1 ] DEBUG FXGLAssetLoaderServi - Loading from file system: jar:file:/C:/Users/Usuario/.m2/repository/com/github/almasb/fxgl/21/fxgl-21.jar!/fxglassets/languages/english.lang
15:46:47.431 [FXGL Background Thread 4 ] DEBUG FXGLAssetLoaderServi - Loading from file system: jar:file:/C:/Users/Usuario/.m2/repository/com/github/almasb/fxgl/21/fxgl-21.jar!/fxglassets/ui/fonts/Abel-Regular.ttf
15:46:47.434 [FXGL Background Thread 1 ] INFO  FXGLApplication      - FXGL initialization took: 0,606 sec
15:46:47.441 [FXGL Background Thread 4 ] DEBUG FXGLAssetLoaderServi - Loading from file system: jar:file:/C:/Users/Usuario/.m2/repository/com/github/almasb/fxgl/21/fxgl-21.jar!/fxglassets/ui/fonts/TerminalLandMono-Regular.otf
15:46:47.451 [JavaFX Application Thread] DEBUG Input                - Registered new binding: action0 - J
15:46:47.451 [JavaFX Application Thread] DEBUG Input                - Registered new binding: action1 - L
15:46:47.452 [JavaFX Application Thread] DEBUG Input                - Registered new binding: action2 - I
15:46:47.452 [FXGL Background Thread 4 ] DEBUG FXGLAssetLoaderServi - Loading from file system: jar:file:/C:/Users/Usuario/.m2/repository/com/github/almasb/fxgl/21/fxgl-21.jar!/fxglassets/ui/fonts/Courier-Prime.ttf
15:46:47.452 [JavaFX Application Thread] DEBUG Input                - Registered new binding: action3 - K
15:46:47.453 [JavaFX Application Thread] DEBUG Input                - Registered new binding: action4 - A
15:46:47.453 [JavaFX Application Thread] DEBUG Input                - Registered new binding: action5 - D
15:46:47.454 [JavaFX Application Thread] DEBUG Input                - Registered new binding: action6 - W
15:46:47.454 [JavaFX Application Thread] DEBUG Input                - Registered new binding: action7 - S
15:46:47.455 [JavaFX Application Thread] DEBUG FXGLAssetLoaderServi - Loading from file system: jar:file:/C:/Users/Usuario/.m2/repository/com/github/almasb/fxgl/21/fxgl-21.jar!/fxglassets/textures/fxgl_icon.png
15:46:47.483 [JavaFX Application Thread] DEBUG FXGLAssetLoaderServi - Loading from file system: jar:file:/C:/Users/Usuario/.m2/repository/com/github/almasb/fxgl/21/fxgl-21.jar!/fxglassets/textures/fxgl_default_cursor.png
15:46:47.487 [JavaFX Application Thread] DEBUG Input                - Registered new binding: Screenshot - CTRL+8
15:46:47.488 [JavaFX Application Thread] DEBUG Input                - Registered new binding: System info dump - CTRL+9
15:46:47.488 [JavaFX Application Thread] DEBUG Input                - Registered new binding: Restart - CTRL+R
15:46:47.489 [JavaFX Application Thread] DEBUG Input                - Registered new binding: Toggle Debug Camera - CTRL+7
15:46:47.492 [JavaFX Application Thread] DEBUG LoopRunner           - Starting loop
15:46:47.492 [JavaFX Application Thread] DEBUG LoopRunner           - Initializing JavaFX AnimationTimerLoop
15:46:47.494 [JavaFX Application Thread] DEBUG GameApplicationServi - Starting new game
15:46:47.495 [JavaFX Application Thread] DEBUG Input                - Clearing active input actions
15:46:47.507 [JavaFX Application Thread] DEBUG GameApplicationServi - Removing overlay from FXGLStartupScene and adding to FXGLLoadingScene
15:46:47.508 [JavaFX Application Thread] DEBUG PrimaryStageWindow   - FXGLStartupScene -> FXGLLoadingScene
15:46:47.508 [JavaFX Application Thread] DEBUG GameApplicationServi - Clearing previous game
15:46:47.508 [JavaFX Application Thread] DEBUG GameScene            - Clearing game scene
15:46:47.508 [JavaFX Application Thread] DEBUG GameWorld            - Clearing game world
15:46:47.508 [JavaFX Application Thread] DEBUG PhysicsWorld         - Clearing physics world
15:46:47.510 [JavaFX Application Thread] DEBUG FXGLApplication      - Registering font factories with UI factory
15:46:47.524 [FXGL Background Thread 4 ] DEBUG FXGLAssetLoaderServi - Loading from file system: file:/F:/Proyectos%20javafx/javafxgl/fxgl-demoImage/target/classes/assets/textures/bosque.jpg
15:46:47.620 [FXGL Background Thread 4 ] DEBUG FXGLAssetLoaderServi - Loading from file system: file:/F:/Proyectos%20javafx/javafxgl/fxgl-demoImage/target/classes/assets/textures/sprite_pug.png
15:46:47.646 [FXGL Background Thread 4 ] DEBUG FXGLAssetLoaderServi - Loading from file system: file:/F:/Proyectos%20javafx/javafxgl/fxgl-demoImage/target/classes/assets/textures/sprite_player.png
15:46:47.657 [FXGL Background Thread 4 ] INFO  FXGLApplication      - Game initialization took: 0,146 sec
15:46:47.658 [JavaFX Application Thread] DEBUG Input                - Clearing active input actions
15:46:47.672 [JavaFX Application Thread] DEBUG GameApplicationServi - Removing overlay from FXGLLoadingScene and adding to GameScene
15:46:47.672 [JavaFX Application Thread] DEBUG PrimaryStageWindow   - FXGLLoadingScene -> GameScene
15:46:47.921 [JavaFX Application Thread] DEBUG FXGLAssetLoaderServi - Loading from file system: file:/F:/Proyectos%20javafx/javafxgl/fxgl-demoImage/target/classes/assets/textures/hueso.png
15:46:50.382 [FXGL Background Thread 3 ] DEBUG Engine               - Logging environment variables
15:46:50.384 [FXGL Background Thread 3 ] DEBUG Engine               - achievements: []
15:46:50.385 [FXGL Background Thread 3 ] DEBUG Engine               - actualHeight: 600.0
15:46:50.385 [FXGL Background Thread 3 ] DEBUG Engine               - actualHeightProperty: ReadOnlyDoubleProperty [value: 600.0]
15:46:50.385 [FXGL Background Thread 3 ] DEBUG Engine               - actualWidth: 800.0
15:46:50.386 [FXGL Background Thread 3 ] DEBUG Engine               - actualWidthProperty: ReadOnlyDoubleProperty [value: 800.0]
15:46:50.386 [FXGL Background Thread 3 ] DEBUG Engine               - appIcon: fxgl_icon.png
15:46:50.386 [FXGL Background Thread 3 ] DEBUG Engine               - applicationMode: DEVELOPER
15:46:50.386 [FXGL Background Thread 3 ] DEBUG Engine               - cSSList: [fxgl_dark.css]
15:46:50.386 [FXGL Background Thread 3 ] DEBUG Engine               - collisionDetectionStrategy: BRUTE_FORCE
15:46:50.387 [FXGL Background Thread 3 ] DEBUG Engine               - configClass: Optional.empty
15:46:50.387 [FXGL Background Thread 3 ] DEBUG Engine               - credits: []
15:46:50.389 [FXGL Background Thread 3 ] DEBUG Engine               - defaultCursor: CursorInfo(imageName=fxgl_default_cursor.png, hotspotX=7.0, hotspotY=6.0)
15:46:50.390 [FXGL Background Thread 3 ] DEBUG Engine               - devBBoxColorProperty: ObjectProperty [value: 0xff0000ff]
15:46:50.390 [FXGL Background Thread 3 ] DEBUG Engine               - devEnableDebugCameraProperty: BooleanProperty [value: false]
15:46:50.391 [FXGL Background Thread 3 ] DEBUG Engine               - devSensorColorProperty: ObjectProperty [value: 0xffff00ff]
15:46:50.391 [FXGL Background Thread 3 ] DEBUG Engine               - devShowBBoxProperty: BooleanProperty [value: false]
15:46:50.392 [FXGL Background Thread 3 ] DEBUG Engine               - devShowPositionProperty: BooleanProperty [value: false]
15:46:50.393 [FXGL Background Thread 3 ] DEBUG Engine               - enabledMenuItems: []
15:46:50.393 [FXGL Background Thread 3 ] DEBUG Engine               - engineServices: [class com.almasb.fxgl.app.services.FXGLAssetLoaderService, class com.almasb.fxgl.app.FXGLApplication$GameApplicationService, class com.almasb.fxgl.app.services.FXGLDialogService, class com.almasb.fxgl.app.services.IOTaskExecutorService, class com.almasb.fxgl.io.FileSystemService, class com.almasb.fxgl.localization.LocalizationService, class com.almasb.fxgl.app.services.SystemBundleService, class com.almasb.fxgl.profile.SaveLoadService, class com.almasb.fxgl.ui.FXGLUIFactoryServiceProvider, class com.almasb.fxgl.ui.FXGLDialogFactoryServiceProvider, class com.almasb.fxgl.audio.AudioPlayer, class com.almasb.fxgl.notification.impl.NotificationServiceProvider, class com.almasb.fxgl.achievement.AchievementService, class com.almasb.fxgl.cutscene.CutsceneService, class com.almasb.fxgl.minigames.MiniGameService, class com.almasb.fxgl.net.NetService, class com.almasb.fxgl.app.services.UpdaterService, class com.almasb.fxgl.dev.DevService]
15:46:50.394 [FXGL Background Thread 3 ] DEBUG Engine               - fontGame: Abel-Regular.ttf
15:46:50.395 [FXGL Background Thread 3 ] DEBUG Engine               - fontMono: TerminalLandMono-Regular.otf
15:46:50.395 [FXGL Background Thread 3 ] DEBUG Engine               - fontSizeScaleUI: 1.0
15:46:50.395 [FXGL Background Thread 3 ] DEBUG Engine               - fontText: Courier-Prime.ttf
15:46:50.395 [FXGL Background Thread 3 ] DEBUG Engine               - fontUI: VarelaRound-Regular.ttf
15:46:50.395 [FXGL Background Thread 3 ] DEBUG Engine               - fullScreen: BooleanProperty [value: false]
15:46:50.395 [FXGL Background Thread 3 ] DEBUG Engine               - gameDifficulty: MEDIUM
15:46:50.395 [FXGL Background Thread 3 ] DEBUG Engine               - gameDifficultyProperty: ObjectProperty [value: MEDIUM]
15:46:50.395 [FXGL Background Thread 3 ] DEBUG Engine               - globalMusicVolume: 0.5
15:46:50.396 [FXGL Background Thread 3 ] DEBUG Engine               - globalMusicVolumeProperty: DoubleProperty [value: 0.5]
15:46:50.396 [FXGL Background Thread 3 ] DEBUG Engine               - globalSoundVolume: 0.5
15:46:50.396 [FXGL Background Thread 3 ] DEBUG Engine               - globalSoundVolumeProperty: DoubleProperty [value: 0.5]
15:46:50.396 [FXGL Background Thread 3 ] DEBUG Engine               - height: 600
15:46:50.396 [FXGL Background Thread 3 ] DEBUG Engine               - is3D: false
15:46:50.396 [FXGL Background Thread 3 ] DEBUG Engine               - isAndroid: false
15:46:50.396 [FXGL Background Thread 3 ] DEBUG Engine               - isBrowser: false
15:46:50.396 [FXGL Background Thread 3 ] DEBUG Engine               - isClickFeedbackEnabled: false
15:46:50.396 [FXGL Background Thread 3 ] DEBUG Engine               - isCloseConfirmation: false
15:46:50.397 [FXGL Background Thread 3 ] DEBUG Engine               - isDesktop: true
15:46:50.397 [FXGL Background Thread 3 ] DEBUG Engine               - isDeveloperMenuEnabled: false
15:46:50.397 [FXGL Background Thread 3 ] DEBUG Engine               - isEmbedded: false
15:46:50.397 [FXGL Background Thread 3 ] DEBUG Engine               - isEntityPreloadEnabled: true
15:46:50.397 [FXGL Background Thread 3 ] DEBUG Engine               - isExperimentalTiledLargeMap: false
15:46:50.397 [FXGL Background Thread 3 ] DEBUG Engine               - isFileSystemWriteAllowed: true
15:46:50.397 [FXGL Background Thread 3 ] DEBUG Engine               - isFullScreenAllowed: false
15:46:50.397 [FXGL Background Thread 3 ] DEBUG Engine               - isFullScreenFromStart: false
15:46:50.398 [FXGL Background Thread 3 ] DEBUG Engine               - isGameMenuEnabled: true
15:46:50.398 [FXGL Background Thread 3 ] DEBUG Engine               - isIOS: false
15:46:50.398 [FXGL Background Thread 3 ] DEBUG Engine               - isIntroEnabled: false
15:46:50.398 [FXGL Background Thread 3 ] DEBUG Engine               - isLinux: false
15:46:50.398 [FXGL Background Thread 3 ] DEBUG Engine               - isMac: false
15:46:50.398 [FXGL Background Thread 3 ] DEBUG Engine               - isMainMenuEnabled: false
15:46:50.398 [FXGL Background Thread 3 ] DEBUG Engine               - isManualResizeEnabled: false
15:46:50.398 [FXGL Background Thread 3 ] DEBUG Engine               - isMobile: false
15:46:50.398 [FXGL Background Thread 3 ] DEBUG Engine               - isNative: false
15:46:50.399 [FXGL Background Thread 3 ] DEBUG Engine               - isPauseMusicWhenMinimized: true
15:46:50.399 [FXGL Background Thread 3 ] DEBUG Engine               - isPreserveResizeRatio: false
15:46:50.399 [FXGL Background Thread 3 ] DEBUG Engine               - isProfilingEnabled: false
15:46:50.399 [FXGL Background Thread 3 ] DEBUG Engine               - isScaleAffectedOnResize: true
15:46:50.399 [FXGL Background Thread 3 ] DEBUG Engine               - isSingleStep: false
15:46:50.399 [FXGL Background Thread 3 ] DEBUG Engine               - isUserProfileEnabled: false
15:46:50.399 [FXGL Background Thread 3 ] DEBUG Engine               - isWindows: true
15:46:50.399 [FXGL Background Thread 3 ] DEBUG Engine               - language: ObjectProperty [value: ENGLISH]
15:46:50.399 [FXGL Background Thread 3 ] DEBUG Engine               - menuKey: ESCAPE
15:46:50.400 [FXGL Background Thread 3 ] DEBUG Engine               - mouseSensitivity: 0.2
15:46:50.400 [FXGL Background Thread 3 ] DEBUG Engine               - notificationViewClass: class com.almasb.fxgl.notification.view.XboxNotificationView
15:46:50.400 [FXGL Background Thread 3 ] DEBUG Engine               - pixelsPerMeter: 50.0
15:46:50.400 [FXGL Background Thread 3 ] DEBUG Engine               - platform: WINDOWS
15:46:50.400 [FXGL Background Thread 3 ] DEBUG Engine               - prefHeightProperty: ReadOnlyDoubleProperty [value: 600.0]
15:46:50.400 [FXGL Background Thread 3 ] DEBUG Engine               - prefWidthProperty: ReadOnlyDoubleProperty [value: 800.0]
15:46:50.400 [FXGL Background Thread 3 ] DEBUG Engine               - profileDir: profiles/
15:46:50.400 [FXGL Background Thread 3 ] DEBUG Engine               - profileName: StringProperty [value: DEFAULT]
15:46:50.401 [FXGL Background Thread 3 ] DEBUG Engine               - randomSeed: -1
15:46:50.401 [FXGL Background Thread 3 ] DEBUG Engine               - runtimeInfo: RuntimeInfo(platform=WINDOWS, version=21, build=28.12.2023 13.35)
15:46:50.402 [FXGL Background Thread 3 ] DEBUG Engine               - saveFileExt: sav
15:46:50.402 [FXGL Background Thread 3 ] DEBUG Engine               - scaledHeightProp$fxgl: DoubleProperty [bound, value: 600.0]
15:46:50.402 [FXGL Background Thread 3 ] DEBUG Engine               - scaledWidthProp$fxgl: DoubleProperty [bound, value: 800.0]
15:46:50.402 [FXGL Background Thread 3 ] DEBUG Engine               - sceneFactory: com.almasb.fxgl.app.scene.SceneFactory@1820577e
15:46:50.403 [FXGL Background Thread 3 ] DEBUG Engine               - secondsIn24h: 60
15:46:50.403 [FXGL Background Thread 3 ] DEBUG Engine               - soundMenuBack: menu/back.wav
15:46:50.403 [FXGL Background Thread 3 ] DEBUG Engine               - soundMenuPress: menu/press.wav
15:46:50.403 [FXGL Background Thread 3 ] DEBUG Engine               - soundMenuSelect: menu/select.wav
15:46:50.403 [FXGL Background Thread 3 ] DEBUG Engine               - soundNotification: core/notification.wav
15:46:50.403 [FXGL Background Thread 3 ] DEBUG Engine               - stageStyle: DECORATED
15:46:50.403 [FXGL Background Thread 3 ] DEBUG Engine               - supportedLanguages: [ENGLISH, FRENCH, GERMAN, HUNGARIAN, RUSSIAN]
15:46:50.404 [FXGL Background Thread 3 ] DEBUG Engine               - ticksPerSecond: -1
15:46:50.404 [FXGL Background Thread 3 ] DEBUG Engine               - title: DemoImage
15:46:50.404 [FXGL Background Thread 3 ] DEBUG Engine               - urlGithub: https://github.com/AlmasB/FXGL
15:46:50.404 [FXGL Background Thread 3 ] DEBUG Engine               - urlLeaderboard: http://fxgl-top.herokuapp.com/
15:46:50.405 [FXGL Background Thread 3 ] DEBUG Engine               - urlPOM: https://raw.githubusercontent.com/AlmasB/FXGL/release/README.md
15:46:50.405 [FXGL Background Thread 3 ] DEBUG Engine               - userAppClass: class org.example.App
15:46:50.405 [FXGL Background Thread 3 ] DEBUG Engine               - version: 0.0
15:46:50.405 [FXGL Background Thread 3 ] DEBUG Engine               - versionCheckDays: 7
15:46:50.405 [FXGL Background Thread 3 ] DEBUG Engine               - width: 800
15:46:50.405 [FXGL Background Thread 3 ] DEBUG Engine               - Logging services
15:46:50.406 [FXGL Background Thread 3 ] DEBUG Engine               - class com.almasb.fxgl.app.services.FXGLAssetLoaderService
15:46:50.406 [FXGL Background Thread 3 ] DEBUG Engine               - class com.almasb.fxgl.app.FXGLApplication$GameApplicationService
15:46:50.406 [FXGL Background Thread 3 ] DEBUG Engine               - class com.almasb.fxgl.app.services.FXGLDialogService
15:46:50.406 [FXGL Background Thread 3 ] DEBUG Engine               - class com.almasb.fxgl.app.services.IOTaskExecutorService
15:46:50.406 [FXGL Background Thread 3 ] DEBUG Engine               - class com.almasb.fxgl.io.FileSystemService
15:46:50.406 [FXGL Background Thread 3 ] DEBUG Engine               - class com.almasb.fxgl.localization.LocalizationService
15:46:50.406 [FXGL Background Thread 3 ] DEBUG Engine               - class com.almasb.fxgl.app.services.SystemBundleService
15:46:50.406 [FXGL Background Thread 3 ] DEBUG Engine               - class com.almasb.fxgl.profile.SaveLoadService
15:46:50.406 [FXGL Background Thread 3 ] DEBUG Engine               - class com.almasb.fxgl.ui.FXGLUIFactoryServiceProvider
15:46:50.406 [FXGL Background Thread 3 ] DEBUG Engine               - class com.almasb.fxgl.ui.FXGLDialogFactoryServiceProvider
15:46:50.406 [FXGL Background Thread 3 ] DEBUG Engine               - class com.almasb.fxgl.audio.AudioPlayer
15:46:50.407 [FXGL Background Thread 3 ] DEBUG Engine               - class com.almasb.fxgl.notification.impl.NotificationServiceProvider
15:46:50.407 [FXGL Background Thread 3 ] DEBUG Engine               - class com.almasb.fxgl.achievement.AchievementService
15:46:50.407 [FXGL Background Thread 3 ] DEBUG Engine               - class com.almasb.fxgl.cutscene.CutsceneService
15:46:50.407 [FXGL Background Thread 3 ] DEBUG Engine               - class com.almasb.fxgl.minigames.MiniGameService
15:46:50.407 [FXGL Background Thread 3 ] DEBUG Engine               - class com.almasb.fxgl.net.NetService
15:46:50.407 [FXGL Background Thread 3 ] DEBUG Engine               - class com.almasb.fxgl.app.services.UpdaterService
15:46:50.407 [FXGL Background Thread 3 ] DEBUG Engine               - class com.almasb.fxgl.dev.DevService
15:46:51.055 [JavaFX Application Thread] DEBUG FXGLApplication      - Exiting FXGL
15:46:51.056 [JavaFX Application Thread] DEBUG LoopRunner           - Stopping loop
15:46:51.056 [JavaFX Application Thread] DEBUG SystemBundleService  - Saving FXGL system data
15:46:51.057 [JavaFX Application Thread] DEBUG FileSystemAccess     - Writing to: F:\Proyectos javafx\javafxgl\fxgl-demoImage\system\fxgl.bundle
15:46:51.059 [JavaFX Application Thread] DEBUG Async                - Shutting down background threads
15:46:51.059 [JavaFX Application Thread] DEBUG PrimaryStageWindow   - Closing main window
15:46:51.077 [JavaFX Application Thread] DEBUG Logger               - Closing Logger
