11:19:30.073 [main                     ] DEBUG Logger               - Configured Logger
11:19:30.095 [main                     ] DEBUG GameApplication      - Logging settings
Title: DemoImage
Version: 0.0
Width: 800
Height: 600
Fullscreen: false
Intro: false
Profiling: false
Single step:false
App Mode: DEVELOPER
Menu Key: ESCAPE
Stage Style: DECORATED
Scene Factory: class com.almasb.fxgl.app.scene.SceneFactory

11:19:30.466 [JavaFX Application Thread] DEBUG FXGLApplication      - Initializing FXGL
11:19:30.476 [JavaFX Application Thread] INFO  Engine               - FXGL-21 (28.12.2023 13.35) on WINDOWS (J:21.0.1 FX:21.0.1)
11:19:30.476 [JavaFX Application Thread] DEBUG Engine               - JRE Vendor Name: Oracle Corporation
11:19:30.477 [JavaFX Application Thread] DEBUG Engine               - Running on OS: Windows 10 version 10.0
11:19:30.477 [JavaFX Application Thread] DEBUG Engine               - Architecture: amd64
11:19:30.477 [JavaFX Application Thread] INFO  Engine               - Source code and latest versions at: https://github.com/AlmasB/FXGL
11:19:30.478 [JavaFX Application Thread] INFO  Engine               -       Ask questions and discuss at: https://github.com/AlmasB/FXGL/discussions
11:19:30.478 [JavaFX Application Thread] INFO  Engine               -              Join the FXGL chat at: https://gitter.im/AlmasB/FXGL
11:19:30.598 [JavaFX Application Thread] DEBUG PrimaryStageWindow   - Creating a JavaFX scene
11:19:30.658 [JavaFX Application Thread] DEBUG PrimaryStageWindow   - Target settings size: 800.0 x 600.0
11:19:30.658 [JavaFX Application Thread] DEBUG PrimaryStageWindow   - Scaled scene size:    800.0 x 600.0
11:19:30.658 [JavaFX Application Thread] DEBUG PrimaryStageWindow   - Scaled ratio: (1.0, 1.0)
11:19:30.659 [JavaFX Application Thread] DEBUG PrimaryStageWindow   - Set initial scene to FXGLStartupScene
11:19:30.662 [JavaFX Application Thread] DEBUG PrimaryStageWindow   - Opening main window
11:19:30.767 [JavaFX Application Thread] DEBUG PrimaryStageWindow   - Window border size: (14.4000244140625, 37.5999755859375)
11:19:30.768 [JavaFX Application Thread] DEBUG PrimaryStageWindow   - Scaled size: 800.0 x 600.0
11:19:30.768 [JavaFX Application Thread] DEBUG PrimaryStageWindow   - Scaled ratio: (1.0, 1.0)
11:19:30.769 [JavaFX Application Thread] DEBUG PrimaryStageWindow   - Scene size: 800.0 x 600.0
11:19:30.769 [JavaFX Application Thread] DEBUG PrimaryStageWindow   - Stage size: 814.4000244140625 x 637.5999755859375
11:19:30.779 [FXGL Background Thread 1 ] DEBUG Engine               - Initializing environment variables
11:19:30.886 [FXGL Background Thread 1 ] DEBUG FXGLAssetLoaderServi - User app class for loading assets: class org.example.App
11:19:30.886 [FXGL Background Thread 1 ] DEBUG GameApplicationServi - Applying CSS: fxgl_dark.css
11:19:30.888 [FXGL Background Thread 1 ] DEBUG FXGLAssetLoaderServi - Loading from file system: jar:file:/C:/Users/Usuario/.m2/repository/com/github/almasb/fxgl/21/fxgl-21.jar!/fxglassets/ui/css/fxgl_dark.css
11:19:30.944 [FXGL Background Thread 1 ] DEBUG GameApplicationServi - Initializing application scenes
11:19:30.998 [FXGL Background Thread 1 ] DEBUG GameWorld            - Game world initialized
11:19:31.087 [FXGL Background Thread 1 ] DEBUG PhysicsWorld         - Physics world initialized: appHeight=600, physics.ppm=50,0
11:19:31.087 [FXGL Background Thread 1 ] DEBUG PhysicsWorld         - Using strategy: BRUTE_FORCE
11:19:31.092 [FXGL Background Thread 1 ] DEBUG GameScene            - Game scene initialized: 800x600
11:19:31.107 [FXGL Background Thread 1 ] DEBUG FXGL.DefaultMenu     - createMenuBodyGameMenu()
11:19:31.127 [FXGL Background Thread 1 ] DEBUG FXGL.DefaultMenu     - createOptionsMenu()
11:19:31.136 [FXGL Background Thread 1 ] DEBUG FXGLAssetLoaderServi - Loading from file system: jar:file:/C:/Users/Usuario/.m2/repository/com/github/almasb/fxgl/21/fxgl-21.jar!/fxglassets/textures/particles/smoke.png
11:19:31.253 [FXGL Background Thread 1 ] DEBUG FXGLAssetLoaderServi - Loading from file system: jar:file:/C:/Users/Usuario/.m2/repository/com/github/almasb/fxgl/21/fxgl-21.jar!/fxglassets/textures/particles/trace_horizontal.png
11:19:31.283 [FXGL Background Thread 1 ] DEBUG GameApplicationServi - Application scenes initialized
11:19:31.297 [FXGL Background Thread 1 ] DEBUG SystemBundleService  - Loading FXGL system data
11:19:31.300 [FXGL Background Thread 1 ] DEBUG FileSystemAccess     - Reading from: F:\Proyectos javafx\javafxgl\fxgl-demoImage\system\fxgl.bundle
11:19:31.311 [FXGL Background Thread 1 ] DEBUG SystemBundleService  - Bundle FXGL: {}
11:19:31.311 [FXGL Background Thread 1 ] DEBUG UpdaterService       - Checking for updates
11:19:31.318 [FXGL Background Thread 4 ] DEBUG FXGLApplication      - Loading fonts
11:19:31.318 [FXGL Background Thread 4 ] DEBUG FXGLAssetLoaderServi - Loading from file system: jar:file:/C:/Users/Usuario/.m2/repository/com/github/almasb/fxgl/21/fxgl-21.jar!/fxglassets/ui/fonts/VarelaRound-Regular.ttf
11:19:31.319 [FXGL Background Thread 1 ] DEBUG FXGLApplication      - Loading default localization
11:19:31.320 [FXGL Background Thread 1 ] DEBUG FXGLAssetLoaderServi - Loading from file system: jar:file:/C:/Users/Usuario/.m2/repository/com/github/almasb/fxgl/21/fxgl-21.jar!/fxglassets/languages/english.lang
11:19:31.361 [FXGL Background Thread 1 ] INFO  FXGLApplication      - FXGL initialization took: 0,582 sec
11:19:31.362 [FXGL Background Thread 4 ] DEBUG FXGLAssetLoaderServi - Loading from file system: jar:file:/C:/Users/Usuario/.m2/repository/com/github/almasb/fxgl/21/fxgl-21.jar!/fxglassets/ui/fonts/Abel-Regular.ttf
11:19:31.373 [JavaFX Application Thread] DEBUG Input                - Registered new binding: action0 - J
11:19:31.374 [JavaFX Application Thread] DEBUG Input                - Registered new binding: action1 - L
11:19:31.374 [FXGL Background Thread 4 ] DEBUG FXGLAssetLoaderServi - Loading from file system: jar:file:/C:/Users/Usuario/.m2/repository/com/github/almasb/fxgl/21/fxgl-21.jar!/fxglassets/ui/fonts/TerminalLandMono-Regular.otf
11:19:31.374 [JavaFX Application Thread] DEBUG Input                - Registered new binding: action2 - I
11:19:31.375 [JavaFX Application Thread] DEBUG Input                - Registered new binding: action3 - K
11:19:31.375 [JavaFX Application Thread] DEBUG Input                - Registered new binding: action4 - A
11:19:31.376 [JavaFX Application Thread] DEBUG Input                - Registered new binding: action5 - D
11:19:31.376 [JavaFX Application Thread] DEBUG Input                - Registered new binding: action6 - W
11:19:31.377 [JavaFX Application Thread] DEBUG Input                - Registered new binding: action7 - S
11:19:31.377 [JavaFX Application Thread] DEBUG FXGLAssetLoaderServi - Loading from file system: jar:file:/C:/Users/Usuario/.m2/repository/com/github/almasb/fxgl/21/fxgl-21.jar!/fxglassets/textures/fxgl_icon.png
11:19:31.386 [FXGL Background Thread 4 ] DEBUG FXGLAssetLoaderServi - Loading from file system: jar:file:/C:/Users/Usuario/.m2/repository/com/github/almasb/fxgl/21/fxgl-21.jar!/fxglassets/ui/fonts/Courier-Prime.ttf
11:19:31.403 [JavaFX Application Thread] DEBUG FXGLAssetLoaderServi - Loading from file system: jar:file:/C:/Users/Usuario/.m2/repository/com/github/almasb/fxgl/21/fxgl-21.jar!/fxglassets/textures/fxgl_default_cursor.png
11:19:31.406 [JavaFX Application Thread] DEBUG Input                - Registered new binding: Screenshot - CTRL+8
11:19:31.407 [JavaFX Application Thread] DEBUG Input                - Registered new binding: System info dump - CTRL+9
11:19:31.408 [JavaFX Application Thread] DEBUG Input                - Registered new binding: Restart - CTRL+R
11:19:31.409 [JavaFX Application Thread] DEBUG Input                - Registered new binding: Toggle Debug Camera - CTRL+7
11:19:31.413 [JavaFX Application Thread] DEBUG LoopRunner           - Starting loop
11:19:31.413 [JavaFX Application Thread] DEBUG LoopRunner           - Initializing JavaFX AnimationTimerLoop
11:19:31.414 [JavaFX Application Thread] DEBUG GameApplicationServi - Starting new game
11:19:31.415 [JavaFX Application Thread] DEBUG Input                - Clearing active input actions
11:19:31.431 [JavaFX Application Thread] DEBUG GameApplicationServi - Removing overlay from FXGLStartupScene and adding to FXGLLoadingScene
11:19:31.431 [JavaFX Application Thread] DEBUG PrimaryStageWindow   - FXGLStartupScene -> FXGLLoadingScene
11:19:31.431 [JavaFX Application Thread] DEBUG GameApplicationServi - Clearing previous game
11:19:31.431 [JavaFX Application Thread] DEBUG GameScene            - Clearing game scene
11:19:31.431 [JavaFX Application Thread] DEBUG GameWorld            - Clearing game world
11:19:31.431 [JavaFX Application Thread] DEBUG PhysicsWorld         - Clearing physics world
11:19:31.434 [FXGL Background Thread 4 ] DEBUG FXGLApplication      - Initializing game
11:19:31.434 [JavaFX Application Thread] DEBUG FXGLApplication      - Registering font factories with UI factory
11:19:31.446 [FXGL Background Thread 4 ] DEBUG FXGLAssetLoaderServi - Loading from file system: file:/F:/Proyectos%20javafx/javafxgl/fxgl-demoImage/target/classes/assets/textures/bosque.jpg
11:19:31.540 [FXGL Background Thread 4 ] DEBUG FXGLAssetLoaderServi - Loading from file system: file:/F:/Proyectos%20javafx/javafxgl/fxgl-demoImage/target/classes/assets/textures/sprite_pug.png
11:19:31.560 [FXGL Background Thread 4 ] DEBUG FXGLAssetLoaderServi - Loading from file system: file:/F:/Proyectos%20javafx/javafxgl/fxgl-demoImage/target/classes/assets/textures/sprite_player.png
11:19:31.572 [FXGL Background Thread 4 ] INFO  FXGLApplication      - Game initialization took: 0,138 sec
11:19:31.580 [JavaFX Application Thread] DEBUG Input                - Clearing active input actions
11:19:31.594 [JavaFX Application Thread] DEBUG GameApplicationServi - Removing overlay from FXGLLoadingScene and adding to GameScene
11:19:31.595 [JavaFX Application Thread] DEBUG PrimaryStageWindow   - FXGLLoadingScene -> GameScene
11:19:31.809 [JavaFX Application Thread] DEBUG FXGLAssetLoaderServi - Loading from file system: file:/F:/Proyectos%20javafx/javafxgl/fxgl-demoImage/target/classes/assets/textures/hueso.png
11:19:33.192 [JavaFX Application Thread] DEBUG FXGLApplication      - Exiting FXGL
11:19:33.192 [JavaFX Application Thread] DEBUG LoopRunner           - Stopping loop
11:19:33.192 [JavaFX Application Thread] DEBUG SystemBundleService  - Saving FXGL system data
11:19:33.194 [JavaFX Application Thread] DEBUG FileSystemAccess     - Writing to: F:\Proyectos javafx\javafxgl\fxgl-demoImage\system\fxgl.bundle
11:19:33.196 [JavaFX Application Thread] DEBUG Async                - Shutting down background threads
11:19:33.197 [JavaFX Application Thread] DEBUG PrimaryStageWindow   - Closing main window
11:19:33.218 [JavaFX Application Thread] DEBUG Logger               - Closing Logger
