21:05:09.204 [main                     ] DEBUG Logger               - Configured Logger
21:05:09.227 [main                     ] DEBUG GameApplication      - Logging settings
Title: DemoImage
Version: 0.0
Width: 300
Height: 400
Fullscreen: false
Intro: false
Profiling: false
Single step:false
App Mode: DEVELOPER
Menu Key: ESCAPE
Stage Style: DECORATED
Scene Factory: class com.almasb.fxgl.app.scene.SceneFactory

21:05:09.786 [JavaFX Application Thread] DEBUG FXGLApplication      - Initializing FXGL
21:05:09.796 [JavaFX Application Thread] INFO  Engine               - FXGL-21 (28.12.2023 13.35) on WINDOWS (J:21.0.1 FX:21.0.1)
21:05:09.796 [JavaFX Application Thread] DEBUG Engine               - JRE Vendor Name: Oracle Corporation
21:05:09.796 [JavaFX Application Thread] DEBUG Engine               - Running on OS: Windows 10 version 10.0
21:05:09.797 [JavaFX Application Thread] DEBUG Engine               - Architecture: amd64
21:05:09.797 [JavaFX Application Thread] INFO  Engine               - Source code and latest versions at: https://github.com/AlmasB/FXGL
21:05:09.797 [JavaFX Application Thread] INFO  Engine               -       Ask questions and discuss at: https://github.com/AlmasB/FXGL/discussions
21:05:09.797 [JavaFX Application Thread] INFO  Engine               -              Join the FXGL chat at: https://gitter.im/AlmasB/FXGL
21:05:10.060 [JavaFX Application Thread] DEBUG PrimaryStageWindow   - Creating a JavaFX scene
21:05:10.147 [JavaFX Application Thread] DEBUG PrimaryStageWindow   - Target settings size: 300.0 x 400.0
21:05:10.147 [JavaFX Application Thread] DEBUG PrimaryStageWindow   - Scaled scene size:    300.0 x 400.0
21:05:10.147 [JavaFX Application Thread] DEBUG PrimaryStageWindow   - Scaled ratio: (1.0, 1.0)
21:05:10.149 [JavaFX Application Thread] DEBUG PrimaryStageWindow   - Set initial scene to FXGLStartupScene
21:05:10.152 [JavaFX Application Thread] DEBUG PrimaryStageWindow   - Opening main window
21:05:10.290 [JavaFX Application Thread] DEBUG PrimaryStageWindow   - Window border size: (14.399993896484375, 37.600006103515625)
21:05:10.291 [JavaFX Application Thread] DEBUG PrimaryStageWindow   - Scaled size: 300.0 x 400.0
21:05:10.291 [JavaFX Application Thread] DEBUG PrimaryStageWindow   - Scaled ratio: (1.0, 1.0)
21:05:10.292 [JavaFX Application Thread] DEBUG PrimaryStageWindow   - Scene size: 300.0 x 400.0
21:05:10.292 [JavaFX Application Thread] DEBUG PrimaryStageWindow   - Stage size: 314.3999938964844 x 437.6000061035156
21:05:10.306 [FXGL Background Thread 1 ] DEBUG Engine               - Initializing environment variables
21:05:10.384 [FXGL Background Thread 1 ] DEBUG FXGLAssetLoaderServi - User app class for loading assets: class org.example.App
21:05:10.384 [FXGL Background Thread 1 ] DEBUG GameApplicationServi - Applying CSS: fxgl_dark.css
21:05:10.385 [FXGL Background Thread 1 ] DEBUG FXGLAssetLoaderServi - Loading from file system: jar:file:/C:/Users/Usuario/.m2/repository/com/github/almasb/fxgl/21/fxgl-21.jar!/fxglassets/ui/css/fxgl_dark.css
21:05:10.428 [FXGL Background Thread 1 ] DEBUG GameApplicationServi - Initializing application scenes
21:05:10.480 [FXGL Background Thread 1 ] DEBUG GameWorld            - Game world initialized
21:05:10.573 [FXGL Background Thread 1 ] DEBUG PhysicsWorld         - Physics world initialized: appHeight=400, physics.ppm=50,0
21:05:10.573 [FXGL Background Thread 1 ] DEBUG PhysicsWorld         - Using strategy: BRUTE_FORCE
21:05:10.581 [FXGL Background Thread 1 ] DEBUG GameScene            - Game scene initialized: 300x400
21:05:10.603 [FXGL Background Thread 1 ] WARN  FXGL.DefaultMenu     - FXGLDefaultMenu is not designed for resolutions < 800x600
21:05:10.603 [FXGL Background Thread 1 ] DEBUG FXGL.DefaultMenu     - createMenuBodyGameMenu()
21:05:10.620 [FXGL Background Thread 1 ] DEBUG FXGL.DefaultMenu     - createOptionsMenu()
21:05:10.641 [FXGL Background Thread 1 ] DEBUG FXGLAssetLoaderServi - Loading from file system: jar:file:/C:/Users/Usuario/.m2/repository/com/github/almasb/fxgl/21/fxgl-21.jar!/fxglassets/textures/particles/smoke.png
21:05:10.769 [FXGL Background Thread 1 ] DEBUG FXGLAssetLoaderServi - Loading from file system: jar:file:/C:/Users/Usuario/.m2/repository/com/github/almasb/fxgl/21/fxgl-21.jar!/fxglassets/textures/particles/trace_horizontal.png
21:05:10.795 [FXGL Background Thread 1 ] DEBUG GameApplicationServi - Application scenes initialized
21:05:10.809 [FXGL Background Thread 1 ] DEBUG SystemBundleService  - Loading FXGL system data
21:05:10.814 [FXGL Background Thread 1 ] DEBUG FileSystemAccess     - Reading from: F:\Proyectos javafx\javafxgl\fxgl-demoImage\system\fxgl.bundle
21:05:10.824 [FXGL Background Thread 1 ] DEBUG SystemBundleService  - Bundle FXGL: {}
21:05:10.824 [FXGL Background Thread 1 ] DEBUG UpdaterService       - Checking for updates
21:05:10.828 [FXGL Background Thread 4 ] DEBUG FXGLApplication      - Loading fonts
21:05:10.829 [FXGL Background Thread 4 ] DEBUG FXGLAssetLoaderServi - Loading from file system: jar:file:/C:/Users/Usuario/.m2/repository/com/github/almasb/fxgl/21/fxgl-21.jar!/fxglassets/ui/fonts/VarelaRound-Regular.ttf
21:05:10.829 [FXGL Background Thread 1 ] DEBUG FXGLApplication      - Loading default localization
21:05:10.830 [FXGL Background Thread 1 ] DEBUG FXGLAssetLoaderServi - Loading from file system: jar:file:/C:/Users/Usuario/.m2/repository/com/github/almasb/fxgl/21/fxgl-21.jar!/fxglassets/languages/english.lang
21:05:10.875 [FXGL Background Thread 1 ] INFO  FXGLApplication      - FXGL initialization took: 0,568 sec
21:05:10.888 [JavaFX Application Thread] DEBUG Input                - Registered new binding: action0 - A
21:05:10.888 [JavaFX Application Thread] DEBUG Input                - Registered new binding: action1 - D
21:05:10.889 [JavaFX Application Thread] DEBUG Input                - Registered new binding: action2 - W
21:05:10.889 [JavaFX Application Thread] DEBUG Input                - Registered new binding: action3 - S
21:05:10.889 [JavaFX Application Thread] DEBUG FXGLAssetLoaderServi - Loading from file system: jar:file:/C:/Users/Usuario/.m2/repository/com/github/almasb/fxgl/21/fxgl-21.jar!/fxglassets/textures/fxgl_icon.png
21:05:10.913 [JavaFX Application Thread] DEBUG FXGLAssetLoaderServi - Loading from file system: jar:file:/C:/Users/Usuario/.m2/repository/com/github/almasb/fxgl/21/fxgl-21.jar!/fxglassets/textures/fxgl_default_cursor.png
21:05:10.915 [JavaFX Application Thread] DEBUG Input                - Registered new binding: Screenshot - CTRL+8
21:05:10.916 [JavaFX Application Thread] DEBUG Input                - Registered new binding: System info dump - CTRL+9
21:05:10.917 [JavaFX Application Thread] DEBUG Input                - Registered new binding: Restart - CTRL+R
21:05:10.918 [JavaFX Application Thread] DEBUG Input                - Registered new binding: Toggle Debug Camera - CTRL+7
21:05:10.921 [JavaFX Application Thread] DEBUG LoopRunner           - Starting loop
21:05:10.921 [JavaFX Application Thread] DEBUG LoopRunner           - Initializing JavaFX AnimationTimerLoop
21:05:10.923 [JavaFX Application Thread] DEBUG GameApplicationServi - Starting new game
21:05:10.924 [JavaFX Application Thread] DEBUG Input                - Clearing active input actions
21:05:10.928 [FXGL Background Thread 4 ] DEBUG FXGLAssetLoaderServi - Loading from file system: jar:file:/C:/Users/Usuario/.m2/repository/com/github/almasb/fxgl/21/fxgl-21.jar!/fxglassets/ui/fonts/Abel-Regular.ttf
21:05:10.940 [FXGL Background Thread 4 ] DEBUG FXGLAssetLoaderServi - Loading from file system: jar:file:/C:/Users/Usuario/.m2/repository/com/github/almasb/fxgl/21/fxgl-21.jar!/fxglassets/ui/fonts/TerminalLandMono-Regular.otf
21:05:10.942 [JavaFX Application Thread] DEBUG GameApplicationServi - Removing overlay from FXGLStartupScene and adding to FXGLLoadingScene
21:05:10.943 [JavaFX Application Thread] DEBUG PrimaryStageWindow   - FXGLStartupScene -> FXGLLoadingScene
21:05:10.943 [JavaFX Application Thread] DEBUG GameApplicationServi - Clearing previous game
21:05:10.943 [JavaFX Application Thread] DEBUG GameScene            - Clearing game scene
21:05:10.943 [JavaFX Application Thread] DEBUG GameWorld            - Clearing game world
21:05:10.943 [JavaFX Application Thread] DEBUG PhysicsWorld         - Clearing physics world
21:05:10.946 [FXGL Background Thread 1 ] DEBUG FXGLApplication      - Initializing game
21:05:10.961 [FXGL Background Thread 1 ] DEBUG FXGLAssetLoaderServi - Loading from file system: file:/F:/Proyectos%20javafx/javafxgl/fxgl-demoImage/target/classes/assets/textures/bosque.jpg
21:05:10.961 [FXGL Background Thread 4 ] DEBUG FXGLAssetLoaderServi - Loading from file system: jar:file:/C:/Users/Usuario/.m2/repository/com/github/almasb/fxgl/21/fxgl-21.jar!/fxglassets/ui/fonts/Courier-Prime.ttf
21:05:11.007 [JavaFX Application Thread] DEBUG FXGLApplication      - Registering font factories with UI factory
21:05:11.800 [FXGL Background Thread 1 ] DEBUG FXGLAssetLoaderServi - Loading from file system: file:/F:/Proyectos%20javafx/javafxgl/fxgl-demoImage/target/classes/assets/textures/perro-right.png
21:05:11.850 [FXGL Background Thread 1 ] DEBUG FXGLAssetLoaderServi - Loading from file system: file:/F:/Proyectos%20javafx/javafxgl/fxgl-demoImage/target/classes/assets/textures/sprite_player.png
21:05:11.870 [FXGL Background Thread 1 ] INFO  FXGLApplication      - Game initialization took: 0,925 sec
21:05:11.878 [JavaFX Application Thread] DEBUG Input                - Clearing active input actions
21:05:11.890 [JavaFX Application Thread] DEBUG GameApplicationServi - Removing overlay from FXGLLoadingScene and adding to GameScene
21:05:11.890 [JavaFX Application Thread] DEBUG PrimaryStageWindow   - FXGLLoadingScene -> GameScene
21:05:12.092 [JavaFX Application Thread] DEBUG FXGLAssetLoaderServi - Loading from file system: file:/F:/Proyectos%20javafx/javafxgl/fxgl-demoImage/target/classes/assets/textures/hueso.png
21:05:13.827 [FXGL Background Thread 3 ] DEBUG Engine               - Logging environment variables
21:05:13.829 [FXGL Background Thread 3 ] DEBUG Engine               - achievements: []
21:05:13.829 [FXGL Background Thread 3 ] DEBUG Engine               - actualHeight: 400.0
21:05:13.830 [FXGL Background Thread 3 ] DEBUG Engine               - actualHeightProperty: ReadOnlyDoubleProperty [value: 400.0]
21:05:13.830 [FXGL Background Thread 3 ] DEBUG Engine               - actualWidth: 300.0
21:05:13.830 [FXGL Background Thread 3 ] DEBUG Engine               - actualWidthProperty: ReadOnlyDoubleProperty [value: 300.0]
21:05:13.831 [FXGL Background Thread 3 ] DEBUG Engine               - appIcon: fxgl_icon.png
21:05:13.831 [FXGL Background Thread 3 ] DEBUG Engine               - applicationMode: DEVELOPER
21:05:13.831 [FXGL Background Thread 3 ] DEBUG Engine               - cSSList: [fxgl_dark.css]
21:05:13.831 [FXGL Background Thread 3 ] DEBUG Engine               - collisionDetectionStrategy: BRUTE_FORCE
21:05:13.832 [FXGL Background Thread 3 ] DEBUG Engine               - configClass: Optional.empty
21:05:13.832 [FXGL Background Thread 3 ] DEBUG Engine               - credits: []
21:05:13.833 [FXGL Background Thread 3 ] DEBUG Engine               - defaultCursor: CursorInfo(imageName=fxgl_default_cursor.png, hotspotX=7.0, hotspotY=6.0)
21:05:13.834 [FXGL Background Thread 3 ] DEBUG Engine               - devBBoxColorProperty: ObjectProperty [value: 0xff0000ff]
21:05:13.834 [FXGL Background Thread 3 ] DEBUG Engine               - devEnableDebugCameraProperty: BooleanProperty [value: false]
21:05:13.834 [FXGL Background Thread 3 ] DEBUG Engine               - devSensorColorProperty: ObjectProperty [value: 0xffff00ff]
21:05:13.835 [FXGL Background Thread 3 ] DEBUG Engine               - devShowBBoxProperty: BooleanProperty [value: false]
21:05:13.835 [FXGL Background Thread 3 ] DEBUG Engine               - devShowPositionProperty: BooleanProperty [value: false]
21:05:13.835 [FXGL Background Thread 3 ] DEBUG Engine               - enabledMenuItems: []
21:05:13.835 [FXGL Background Thread 3 ] DEBUG Engine               - engineServices: [class com.almasb.fxgl.app.services.FXGLAssetLoaderService, class com.almasb.fxgl.app.FXGLApplication$GameApplicationService, class com.almasb.fxgl.app.services.FXGLDialogService, class com.almasb.fxgl.app.services.IOTaskExecutorService, class com.almasb.fxgl.io.FileSystemService, class com.almasb.fxgl.localization.LocalizationService, class com.almasb.fxgl.app.services.SystemBundleService, class com.almasb.fxgl.profile.SaveLoadService, class com.almasb.fxgl.ui.FXGLUIFactoryServiceProvider, class com.almasb.fxgl.ui.FXGLDialogFactoryServiceProvider, class com.almasb.fxgl.audio.AudioPlayer, class com.almasb.fxgl.notification.impl.NotificationServiceProvider, class com.almasb.fxgl.achievement.AchievementService, class com.almasb.fxgl.cutscene.CutsceneService, class com.almasb.fxgl.minigames.MiniGameService, class com.almasb.fxgl.net.NetService, class com.almasb.fxgl.app.services.UpdaterService, class com.almasb.fxgl.dev.DevService]
21:05:13.836 [FXGL Background Thread 3 ] DEBUG Engine               - fontGame: Abel-Regular.ttf
21:05:13.836 [FXGL Background Thread 3 ] DEBUG Engine               - fontMono: TerminalLandMono-Regular.otf
21:05:13.836 [FXGL Background Thread 3 ] DEBUG Engine               - fontSizeScaleUI: 1.0
21:05:13.836 [FXGL Background Thread 3 ] DEBUG Engine               - fontText: Courier-Prime.ttf
21:05:13.837 [FXGL Background Thread 3 ] DEBUG Engine               - fontUI: VarelaRound-Regular.ttf
21:05:13.837 [FXGL Background Thread 3 ] DEBUG Engine               - fullScreen: BooleanProperty [value: false]
21:05:13.837 [FXGL Background Thread 3 ] DEBUG Engine               - gameDifficulty: MEDIUM
21:05:13.837 [FXGL Background Thread 3 ] DEBUG Engine               - gameDifficultyProperty: ObjectProperty [value: MEDIUM]
21:05:13.838 [FXGL Background Thread 3 ] DEBUG Engine               - globalMusicVolume: 0.5
21:05:13.838 [FXGL Background Thread 3 ] DEBUG Engine               - globalMusicVolumeProperty: DoubleProperty [value: 0.5]
21:05:13.838 [FXGL Background Thread 3 ] DEBUG Engine               - globalSoundVolume: 0.5
21:05:13.838 [FXGL Background Thread 3 ] DEBUG Engine               - globalSoundVolumeProperty: DoubleProperty [value: 0.5]
21:05:13.839 [FXGL Background Thread 3 ] DEBUG Engine               - height: 400
21:05:13.839 [FXGL Background Thread 3 ] DEBUG Engine               - is3D: false
21:05:13.839 [FXGL Background Thread 3 ] DEBUG Engine               - isAndroid: false
21:05:13.840 [FXGL Background Thread 3 ] DEBUG Engine               - isBrowser: false
21:05:13.840 [FXGL Background Thread 3 ] DEBUG Engine               - isClickFeedbackEnabled: false
21:05:13.840 [FXGL Background Thread 3 ] DEBUG Engine               - isCloseConfirmation: false
21:05:13.840 [FXGL Background Thread 3 ] DEBUG Engine               - isDesktop: true
21:05:13.841 [FXGL Background Thread 3 ] DEBUG Engine               - isDeveloperMenuEnabled: false
21:05:13.841 [FXGL Background Thread 3 ] DEBUG Engine               - isEmbedded: false
21:05:13.841 [FXGL Background Thread 3 ] DEBUG Engine               - isEntityPreloadEnabled: true
21:05:13.841 [FXGL Background Thread 3 ] DEBUG Engine               - isExperimentalTiledLargeMap: false
21:05:13.841 [FXGL Background Thread 3 ] DEBUG Engine               - isFileSystemWriteAllowed: true
21:05:13.842 [FXGL Background Thread 3 ] DEBUG Engine               - isFullScreenAllowed: false
21:05:13.842 [FXGL Background Thread 3 ] DEBUG Engine               - isFullScreenFromStart: false
21:05:13.842 [FXGL Background Thread 3 ] DEBUG Engine               - isGameMenuEnabled: true
21:05:13.842 [FXGL Background Thread 3 ] DEBUG Engine               - isIOS: false
21:05:13.843 [FXGL Background Thread 3 ] DEBUG Engine               - isIntroEnabled: false
21:05:13.843 [FXGL Background Thread 3 ] DEBUG Engine               - isLinux: false
21:05:13.844 [FXGL Background Thread 3 ] DEBUG Engine               - isMac: false
21:05:13.844 [FXGL Background Thread 3 ] DEBUG Engine               - isMainMenuEnabled: false
21:05:13.844 [FXGL Background Thread 3 ] DEBUG Engine               - isManualResizeEnabled: false
21:05:13.844 [FXGL Background Thread 3 ] DEBUG Engine               - isMobile: false
21:05:13.845 [FXGL Background Thread 3 ] DEBUG Engine               - isNative: false
21:05:13.845 [FXGL Background Thread 3 ] DEBUG Engine               - isPauseMusicWhenMinimized: true
21:05:13.845 [FXGL Background Thread 3 ] DEBUG Engine               - isPreserveResizeRatio: false
21:05:13.845 [FXGL Background Thread 3 ] DEBUG Engine               - isProfilingEnabled: false
21:05:13.846 [FXGL Background Thread 3 ] DEBUG Engine               - isScaleAffectedOnResize: true
21:05:13.846 [FXGL Background Thread 3 ] DEBUG Engine               - isSingleStep: false
21:05:13.846 [FXGL Background Thread 3 ] DEBUG Engine               - isUserProfileEnabled: false
21:05:13.847 [FXGL Background Thread 3 ] DEBUG Engine               - isWindows: true
21:05:13.847 [FXGL Background Thread 3 ] DEBUG Engine               - language: ObjectProperty [value: ENGLISH]
21:05:13.847 [FXGL Background Thread 3 ] DEBUG Engine               - menuKey: ESCAPE
21:05:13.847 [FXGL Background Thread 3 ] DEBUG Engine               - mouseSensitivity: 0.2
21:05:13.848 [FXGL Background Thread 3 ] DEBUG Engine               - notificationViewClass: class com.almasb.fxgl.notification.view.XboxNotificationView
21:05:13.848 [FXGL Background Thread 3 ] DEBUG Engine               - pixelsPerMeter: 50.0
21:05:13.848 [FXGL Background Thread 3 ] DEBUG Engine               - platform: WINDOWS
21:05:13.848 [FXGL Background Thread 3 ] DEBUG Engine               - prefHeightProperty: ReadOnlyDoubleProperty [value: 400.0]
21:05:13.849 [FXGL Background Thread 3 ] DEBUG Engine               - prefWidthProperty: ReadOnlyDoubleProperty [value: 300.0]
21:05:13.849 [FXGL Background Thread 3 ] DEBUG Engine               - profileDir: profiles/
21:05:13.849 [FXGL Background Thread 3 ] DEBUG Engine               - profileName: StringProperty [value: DEFAULT]
21:05:13.849 [FXGL Background Thread 3 ] DEBUG Engine               - randomSeed: -1
21:05:13.850 [FXGL Background Thread 3 ] DEBUG Engine               - runtimeInfo: RuntimeInfo(platform=WINDOWS, version=21, build=28.12.2023 13.35)
21:05:13.851 [FXGL Background Thread 3 ] DEBUG Engine               - saveFileExt: sav
21:05:13.851 [FXGL Background Thread 3 ] DEBUG Engine               - scaledHeightProp$fxgl: DoubleProperty [bound, value: 400.0]
21:05:13.851 [FXGL Background Thread 3 ] DEBUG Engine               - scaledWidthProp$fxgl: DoubleProperty [bound, value: 300.0]
21:05:13.851 [FXGL Background Thread 3 ] DEBUG Engine               - sceneFactory: com.almasb.fxgl.app.scene.SceneFactory@72d728e1
21:05:13.852 [FXGL Background Thread 3 ] DEBUG Engine               - secondsIn24h: 60
21:05:13.852 [FXGL Background Thread 3 ] DEBUG Engine               - soundMenuBack: menu/back.wav
21:05:13.852 [FXGL Background Thread 3 ] DEBUG Engine               - soundMenuPress: menu/press.wav
21:05:13.852 [FXGL Background Thread 3 ] DEBUG Engine               - soundMenuSelect: menu/select.wav
21:05:13.852 [FXGL Background Thread 3 ] DEBUG Engine               - soundNotification: core/notification.wav
21:05:13.852 [FXGL Background Thread 3 ] DEBUG Engine               - stageStyle: DECORATED
21:05:13.852 [FXGL Background Thread 3 ] DEBUG Engine               - supportedLanguages: [ENGLISH, FRENCH, GERMAN, HUNGARIAN, RUSSIAN]
21:05:13.852 [FXGL Background Thread 3 ] DEBUG Engine               - ticksPerSecond: -1
21:05:13.853 [FXGL Background Thread 3 ] DEBUG Engine               - title: DemoImage
21:05:13.853 [FXGL Background Thread 3 ] DEBUG Engine               - urlGithub: https://github.com/AlmasB/FXGL
21:05:13.853 [FXGL Background Thread 3 ] DEBUG Engine               - urlLeaderboard: http://fxgl-top.herokuapp.com/
21:05:13.853 [FXGL Background Thread 3 ] DEBUG Engine               - urlPOM: https://raw.githubusercontent.com/AlmasB/FXGL/release/README.md
21:05:13.853 [FXGL Background Thread 3 ] DEBUG Engine               - userAppClass: class org.example.App
21:05:13.853 [FXGL Background Thread 3 ] DEBUG Engine               - version: 0.0
21:05:13.853 [FXGL Background Thread 3 ] DEBUG Engine               - versionCheckDays: 7
21:05:13.853 [FXGL Background Thread 3 ] DEBUG Engine               - width: 300
21:05:13.854 [FXGL Background Thread 3 ] DEBUG Engine               - Logging services
21:05:13.854 [FXGL Background Thread 3 ] DEBUG Engine               - class com.almasb.fxgl.app.services.FXGLAssetLoaderService
21:05:13.854 [FXGL Background Thread 3 ] DEBUG Engine               - class com.almasb.fxgl.app.FXGLApplication$GameApplicationService
21:05:13.854 [FXGL Background Thread 3 ] DEBUG Engine               - class com.almasb.fxgl.app.services.FXGLDialogService
21:05:13.854 [FXGL Background Thread 3 ] DEBUG Engine               - class com.almasb.fxgl.app.services.IOTaskExecutorService
21:05:13.854 [FXGL Background Thread 3 ] DEBUG Engine               - class com.almasb.fxgl.io.FileSystemService
21:05:13.854 [FXGL Background Thread 3 ] DEBUG Engine               - class com.almasb.fxgl.localization.LocalizationService
21:05:13.854 [FXGL Background Thread 3 ] DEBUG Engine               - class com.almasb.fxgl.app.services.SystemBundleService
21:05:13.854 [FXGL Background Thread 3 ] DEBUG Engine               - class com.almasb.fxgl.profile.SaveLoadService
21:05:13.854 [FXGL Background Thread 3 ] DEBUG Engine               - class com.almasb.fxgl.ui.FXGLUIFactoryServiceProvider
21:05:13.854 [FXGL Background Thread 3 ] DEBUG Engine               - class com.almasb.fxgl.ui.FXGLDialogFactoryServiceProvider
21:05:13.854 [FXGL Background Thread 3 ] DEBUG Engine               - class com.almasb.fxgl.audio.AudioPlayer
21:05:13.855 [FXGL Background Thread 3 ] DEBUG Engine               - class com.almasb.fxgl.notification.impl.NotificationServiceProvider
21:05:13.855 [FXGL Background Thread 3 ] DEBUG Engine               - class com.almasb.fxgl.achievement.AchievementService
21:05:13.855 [FXGL Background Thread 3 ] DEBUG Engine               - class com.almasb.fxgl.cutscene.CutsceneService
21:05:13.855 [FXGL Background Thread 3 ] DEBUG Engine               - class com.almasb.fxgl.minigames.MiniGameService
21:05:13.855 [FXGL Background Thread 3 ] DEBUG Engine               - class com.almasb.fxgl.net.NetService
21:05:13.855 [FXGL Background Thread 3 ] DEBUG Engine               - class com.almasb.fxgl.app.services.UpdaterService
21:05:13.855 [FXGL Background Thread 3 ] DEBUG Engine               - class com.almasb.fxgl.dev.DevService
21:05:28.222 [JavaFX Application Thread] DEBUG FXGLApplication      - Exiting FXGL
21:05:28.222 [JavaFX Application Thread] DEBUG LoopRunner           - Stopping loop
21:05:28.222 [JavaFX Application Thread] DEBUG SystemBundleService  - Saving FXGL system data
21:05:28.224 [JavaFX Application Thread] DEBUG FileSystemAccess     - Writing to: F:\Proyectos javafx\javafxgl\fxgl-demoImage\system\fxgl.bundle
21:05:28.226 [JavaFX Application Thread] DEBUG Async                - Shutting down background threads
21:05:28.226 [JavaFX Application Thread] DEBUG PrimaryStageWindow   - Closing main window
21:05:28.245 [JavaFX Application Thread] DEBUG Logger               - Closing Logger
