07:39:33.970 [main                     ] DEBUG Logger               - Configured Logger
07:39:33.996 [main                     ] DEBUG GameApplication      - Logging settings
Title: DemoImage
Version: 0.0
Width: 800
Height: 600
Fullscreen: false
Intro: false
Profiling: false
Single step:false
App Mode: DEVELOPER
Menu Key: ESCAPE
Stage Style: DECORATED
Scene Factory: class com.almasb.fxgl.app.scene.SceneFactory

07:39:34.355 [JavaFX Application Thread] DEBUG FXGLApplication      - Initializing FXGL
07:39:34.364 [JavaFX Application Thread] INFO  Engine               - FXGL-21 (28.12.2023 13.35) on WINDOWS (J:21.0.1 FX:21.0.1)
07:39:34.365 [JavaFX Application Thread] DEBUG Engine               - JRE Vendor Name: Oracle Corporation
07:39:34.365 [JavaFX Application Thread] DEBUG Engine               - Running on OS: Windows 10 version 10.0
07:39:34.365 [JavaFX Application Thread] DEBUG Engine               - Architecture: amd64
07:39:34.365 [JavaFX Application Thread] INFO  Engine               - Source code and latest versions at: https://github.com/AlmasB/FXGL
07:39:34.365 [JavaFX Application Thread] INFO  Engine               -       Ask questions and discuss at: https://github.com/AlmasB/FXGL/discussions
07:39:34.366 [JavaFX Application Thread] INFO  Engine               -              Join the FXGL chat at: https://gitter.im/AlmasB/FXGL
07:39:34.494 [JavaFX Application Thread] DEBUG PrimaryStageWindow   - Creating a JavaFX scene
07:39:34.547 [JavaFX Application Thread] DEBUG PrimaryStageWindow   - Target settings size: 800.0 x 600.0
07:39:34.547 [JavaFX Application Thread] DEBUG PrimaryStageWindow   - Scaled scene size:    800.0 x 600.0
07:39:34.547 [JavaFX Application Thread] DEBUG PrimaryStageWindow   - Scaled ratio: (1.0, 1.0)
07:39:34.549 [JavaFX Application Thread] DEBUG PrimaryStageWindow   - Set initial scene to FXGLStartupScene
07:39:34.552 [JavaFX Application Thread] DEBUG PrimaryStageWindow   - Opening main window
07:39:34.657 [JavaFX Application Thread] DEBUG PrimaryStageWindow   - Window border size: (14.4000244140625, 37.5999755859375)
07:39:34.657 [JavaFX Application Thread] DEBUG PrimaryStageWindow   - Scaled size: 800.0 x 600.0
07:39:34.657 [JavaFX Application Thread] DEBUG PrimaryStageWindow   - Scaled ratio: (1.0, 1.0)
07:39:34.658 [JavaFX Application Thread] DEBUG PrimaryStageWindow   - Scene size: 800.0 x 600.0
07:39:34.658 [JavaFX Application Thread] DEBUG PrimaryStageWindow   - Stage size: 814.4000244140625 x 637.5999755859375
07:39:34.669 [FXGL Background Thread 1 ] DEBUG Engine               - Initializing environment variables
07:39:34.776 [FXGL Background Thread 1 ] DEBUG FXGLAssetLoaderServi - User app class for loading assets: class org.example.App
07:39:34.776 [FXGL Background Thread 1 ] DEBUG GameApplicationServi - Applying CSS: fxgl_dark.css
07:39:34.777 [FXGL Background Thread 1 ] DEBUG FXGLAssetLoaderServi - Loading from file system: jar:file:/C:/Users/Usuario/.m2/repository/com/github/almasb/fxgl/21/fxgl-21.jar!/fxglassets/ui/css/fxgl_dark.css
07:39:34.829 [FXGL Background Thread 1 ] DEBUG GameApplicationServi - Initializing application scenes
07:39:34.886 [FXGL Background Thread 1 ] DEBUG GameWorld            - Game world initialized
07:39:34.980 [FXGL Background Thread 1 ] DEBUG PhysicsWorld         - Physics world initialized: appHeight=600, physics.ppm=50,0
07:39:34.981 [FXGL Background Thread 1 ] DEBUG PhysicsWorld         - Using strategy: BRUTE_FORCE
07:39:34.988 [FXGL Background Thread 1 ] DEBUG GameScene            - Game scene initialized: 800x600
07:39:35.008 [FXGL Background Thread 1 ] DEBUG FXGL.DefaultMenu     - createMenuBodyGameMenu()
07:39:35.025 [FXGL Background Thread 1 ] DEBUG FXGL.DefaultMenu     - createOptionsMenu()
07:39:35.034 [FXGL Background Thread 1 ] DEBUG FXGLAssetLoaderServi - Loading from file system: jar:file:/C:/Users/Usuario/.m2/repository/com/github/almasb/fxgl/21/fxgl-21.jar!/fxglassets/textures/particles/smoke.png
07:39:35.142 [FXGL Background Thread 1 ] DEBUG FXGLAssetLoaderServi - Loading from file system: jar:file:/C:/Users/Usuario/.m2/repository/com/github/almasb/fxgl/21/fxgl-21.jar!/fxglassets/textures/particles/trace_horizontal.png
07:39:35.168 [FXGL Background Thread 1 ] DEBUG GameApplicationServi - Application scenes initialized
07:39:35.181 [FXGL Background Thread 1 ] DEBUG SystemBundleService  - Loading FXGL system data
07:39:35.185 [FXGL Background Thread 1 ] DEBUG FileSystemAccess     - Reading from: F:\Proyectos javafx\javafxgl\fxgl-demoImage\system\fxgl.bundle
07:39:35.196 [FXGL Background Thread 1 ] DEBUG SystemBundleService  - Bundle FXGL: {}
07:39:35.196 [FXGL Background Thread 1 ] DEBUG UpdaterService       - Checking for updates
07:39:35.202 [FXGL Background Thread 4 ] DEBUG FXGLApplication      - Loading fonts
07:39:35.203 [FXGL Background Thread 4 ] DEBUG FXGLAssetLoaderServi - Loading from file system: jar:file:/C:/Users/Usuario/.m2/repository/com/github/almasb/fxgl/21/fxgl-21.jar!/fxglassets/ui/fonts/VarelaRound-Regular.ttf
07:39:35.205 [FXGL Background Thread 1 ] DEBUG FXGLApplication      - Loading default localization
07:39:35.206 [FXGL Background Thread 1 ] DEBUG FXGLAssetLoaderServi - Loading from file system: jar:file:/C:/Users/Usuario/.m2/repository/com/github/almasb/fxgl/21/fxgl-21.jar!/fxglassets/languages/english.lang
07:39:35.257 [FXGL Background Thread 1 ] INFO  FXGLApplication      - FXGL initialization took: 0,588 sec
07:39:35.258 [FXGL Background Thread 4 ] DEBUG FXGLAssetLoaderServi - Loading from file system: jar:file:/C:/Users/Usuario/.m2/repository/com/github/almasb/fxgl/21/fxgl-21.jar!/fxglassets/ui/fonts/Abel-Regular.ttf
07:39:35.268 [FXGL Background Thread 4 ] DEBUG FXGLAssetLoaderServi - Loading from file system: jar:file:/C:/Users/Usuario/.m2/repository/com/github/almasb/fxgl/21/fxgl-21.jar!/fxglassets/ui/fonts/TerminalLandMono-Regular.otf
07:39:35.277 [JavaFX Application Thread] DEBUG Input                - Registered new binding: action0 - A
07:39:35.277 [JavaFX Application Thread] DEBUG Input                - Registered new binding: action1 - D
07:39:35.278 [JavaFX Application Thread] DEBUG Input                - Registered new binding: action2 - W
07:39:35.278 [JavaFX Application Thread] DEBUG Input                - Registered new binding: action3 - S
07:39:35.278 [FXGL Background Thread 4 ] DEBUG FXGLAssetLoaderServi - Loading from file system: jar:file:/C:/Users/Usuario/.m2/repository/com/github/almasb/fxgl/21/fxgl-21.jar!/fxglassets/ui/fonts/Courier-Prime.ttf
07:39:35.278 [JavaFX Application Thread] DEBUG FXGLAssetLoaderServi - Loading from file system: jar:file:/C:/Users/Usuario/.m2/repository/com/github/almasb/fxgl/21/fxgl-21.jar!/fxglassets/textures/fxgl_icon.png
07:39:35.304 [JavaFX Application Thread] DEBUG FXGLAssetLoaderServi - Loading from file system: jar:file:/C:/Users/Usuario/.m2/repository/com/github/almasb/fxgl/21/fxgl-21.jar!/fxglassets/textures/fxgl_default_cursor.png
07:39:35.307 [JavaFX Application Thread] DEBUG Input                - Registered new binding: Screenshot - CTRL+8
07:39:35.307 [JavaFX Application Thread] DEBUG Input                - Registered new binding: System info dump - CTRL+9
07:39:35.307 [JavaFX Application Thread] DEBUG Input                - Registered new binding: Restart - CTRL+R
07:39:35.308 [JavaFX Application Thread] DEBUG Input                - Registered new binding: Toggle Debug Camera - CTRL+7
07:39:35.311 [JavaFX Application Thread] DEBUG LoopRunner           - Starting loop
07:39:35.311 [JavaFX Application Thread] DEBUG LoopRunner           - Initializing JavaFX AnimationTimerLoop
07:39:35.312 [JavaFX Application Thread] DEBUG GameApplicationServi - Starting new game
07:39:35.313 [JavaFX Application Thread] DEBUG Input                - Clearing active input actions
07:39:35.328 [JavaFX Application Thread] DEBUG GameApplicationServi - Removing overlay from FXGLStartupScene and adding to FXGLLoadingScene
07:39:35.329 [JavaFX Application Thread] DEBUG PrimaryStageWindow   - FXGLStartupScene -> FXGLLoadingScene
07:39:35.329 [JavaFX Application Thread] DEBUG GameApplicationServi - Clearing previous game
07:39:35.329 [JavaFX Application Thread] DEBUG GameScene            - Clearing game scene
07:39:35.329 [JavaFX Application Thread] DEBUG GameWorld            - Clearing game world
07:39:35.329 [JavaFX Application Thread] DEBUG PhysicsWorld         - Clearing physics world
07:39:35.331 [FXGL Background Thread 4 ] DEBUG FXGLApplication      - Initializing game
07:39:35.331 [JavaFX Application Thread] DEBUG FXGLApplication      - Registering font factories with UI factory
07:39:35.347 [FXGL Background Thread 4 ] DEBUG FXGLAssetLoaderServi - Loading from file system: file:/F:/Proyectos%20javafx/javafxgl/fxgl-demoImage/target/classes/assets/textures/bosque.jpg
07:39:35.454 [FXGL Background Thread 4 ] DEBUG FXGLAssetLoaderServi - Loading from file system: file:/F:/Proyectos%20javafx/javafxgl/fxgl-demoImage/target/classes/assets/textures/lilpuddinpuggums.png
07:39:35.482 [FXGL Background Thread 4 ] DEBUG FXGLAssetLoaderServi - Loading from file system: file:/F:/Proyectos%20javafx/javafxgl/fxgl-demoImage/target/classes/assets/textures/sprite_player.png
07:39:35.492 [FXGL Background Thread 4 ] INFO  FXGLApplication      - Game initialization took: 0,161 sec
07:39:35.494 [JavaFX Application Thread] DEBUG Input                - Clearing active input actions
07:39:35.509 [JavaFX Application Thread] DEBUG GameApplicationServi - Removing overlay from FXGLLoadingScene and adding to GameScene
07:39:35.509 [JavaFX Application Thread] DEBUG PrimaryStageWindow   - FXGLLoadingScene -> GameScene
07:39:35.715 [JavaFX Application Thread] DEBUG FXGLAssetLoaderServi - Loading from file system: file:/F:/Proyectos%20javafx/javafxgl/fxgl-demoImage/target/classes/assets/textures/hueso.png
07:39:38.202 [FXGL Background Thread 3 ] DEBUG Engine               - Logging environment variables
07:39:38.204 [FXGL Background Thread 3 ] DEBUG Engine               - achievements: []
07:39:38.204 [FXGL Background Thread 3 ] DEBUG Engine               - actualHeight: 600.0
07:39:38.205 [FXGL Background Thread 3 ] DEBUG Engine               - actualHeightProperty: ReadOnlyDoubleProperty [value: 600.0]
07:39:38.205 [FXGL Background Thread 3 ] DEBUG Engine               - actualWidth: 800.0
07:39:38.205 [FXGL Background Thread 3 ] DEBUG Engine               - actualWidthProperty: ReadOnlyDoubleProperty [value: 800.0]
07:39:38.206 [FXGL Background Thread 3 ] DEBUG Engine               - appIcon: fxgl_icon.png
07:39:38.206 [FXGL Background Thread 3 ] DEBUG Engine               - applicationMode: DEVELOPER
07:39:38.206 [FXGL Background Thread 3 ] DEBUG Engine               - cSSList: [fxgl_dark.css]
07:39:38.206 [FXGL Background Thread 3 ] DEBUG Engine               - collisionDetectionStrategy: BRUTE_FORCE
07:39:38.206 [FXGL Background Thread 3 ] DEBUG Engine               - configClass: Optional.empty
07:39:38.207 [FXGL Background Thread 3 ] DEBUG Engine               - credits: []
07:39:38.208 [FXGL Background Thread 3 ] DEBUG Engine               - defaultCursor: CursorInfo(imageName=fxgl_default_cursor.png, hotspotX=7.0, hotspotY=6.0)
07:39:38.209 [FXGL Background Thread 3 ] DEBUG Engine               - devBBoxColorProperty: ObjectProperty [value: 0xff0000ff]
07:39:38.209 [FXGL Background Thread 3 ] DEBUG Engine               - devEnableDebugCameraProperty: BooleanProperty [value: false]
07:39:38.209 [FXGL Background Thread 3 ] DEBUG Engine               - devSensorColorProperty: ObjectProperty [value: 0xffff00ff]
07:39:38.209 [FXGL Background Thread 3 ] DEBUG Engine               - devShowBBoxProperty: BooleanProperty [value: false]
07:39:38.210 [FXGL Background Thread 3 ] DEBUG Engine               - devShowPositionProperty: BooleanProperty [value: false]
07:39:38.210 [FXGL Background Thread 3 ] DEBUG Engine               - enabledMenuItems: []
07:39:38.210 [FXGL Background Thread 3 ] DEBUG Engine               - engineServices: [class com.almasb.fxgl.app.services.FXGLAssetLoaderService, class com.almasb.fxgl.app.FXGLApplication$GameApplicationService, class com.almasb.fxgl.app.services.FXGLDialogService, class com.almasb.fxgl.app.services.IOTaskExecutorService, class com.almasb.fxgl.io.FileSystemService, class com.almasb.fxgl.localization.LocalizationService, class com.almasb.fxgl.app.services.SystemBundleService, class com.almasb.fxgl.profile.SaveLoadService, class com.almasb.fxgl.ui.FXGLUIFactoryServiceProvider, class com.almasb.fxgl.ui.FXGLDialogFactoryServiceProvider, class com.almasb.fxgl.audio.AudioPlayer, class com.almasb.fxgl.notification.impl.NotificationServiceProvider, class com.almasb.fxgl.achievement.AchievementService, class com.almasb.fxgl.cutscene.CutsceneService, class com.almasb.fxgl.minigames.MiniGameService, class com.almasb.fxgl.net.NetService, class com.almasb.fxgl.app.services.UpdaterService, class com.almasb.fxgl.dev.DevService]
07:39:38.210 [FXGL Background Thread 3 ] DEBUG Engine               - fontGame: Abel-Regular.ttf
07:39:38.211 [FXGL Background Thread 3 ] DEBUG Engine               - fontMono: TerminalLandMono-Regular.otf
07:39:38.211 [FXGL Background Thread 3 ] DEBUG Engine               - fontSizeScaleUI: 1.0
07:39:38.211 [FXGL Background Thread 3 ] DEBUG Engine               - fontText: Courier-Prime.ttf
07:39:38.211 [FXGL Background Thread 3 ] DEBUG Engine               - fontUI: VarelaRound-Regular.ttf
07:39:38.212 [FXGL Background Thread 3 ] DEBUG Engine               - fullScreen: BooleanProperty [value: false]
07:39:38.212 [FXGL Background Thread 3 ] DEBUG Engine               - gameDifficulty: MEDIUM
07:39:38.212 [FXGL Background Thread 3 ] DEBUG Engine               - gameDifficultyProperty: ObjectProperty [value: MEDIUM]
07:39:38.212 [FXGL Background Thread 3 ] DEBUG Engine               - globalMusicVolume: 0.5
07:39:38.213 [FXGL Background Thread 3 ] DEBUG Engine               - globalMusicVolumeProperty: DoubleProperty [value: 0.5]
07:39:38.213 [FXGL Background Thread 3 ] DEBUG Engine               - globalSoundVolume: 0.5
07:39:38.213 [FXGL Background Thread 3 ] DEBUG Engine               - globalSoundVolumeProperty: DoubleProperty [value: 0.5]
07:39:38.213 [FXGL Background Thread 3 ] DEBUG Engine               - height: 600
07:39:38.214 [FXGL Background Thread 3 ] DEBUG Engine               - is3D: false
07:39:38.214 [FXGL Background Thread 3 ] DEBUG Engine               - isAndroid: false
07:39:38.214 [FXGL Background Thread 3 ] DEBUG Engine               - isBrowser: false
07:39:38.214 [FXGL Background Thread 3 ] DEBUG Engine               - isClickFeedbackEnabled: false
07:39:38.214 [FXGL Background Thread 3 ] DEBUG Engine               - isCloseConfirmation: false
07:39:38.215 [FXGL Background Thread 3 ] DEBUG Engine               - isDesktop: true
07:39:38.215 [FXGL Background Thread 3 ] DEBUG Engine               - isDeveloperMenuEnabled: false
07:39:38.215 [FXGL Background Thread 3 ] DEBUG Engine               - isEmbedded: false
07:39:38.215 [FXGL Background Thread 3 ] DEBUG Engine               - isEntityPreloadEnabled: true
07:39:38.215 [FXGL Background Thread 3 ] DEBUG Engine               - isExperimentalTiledLargeMap: false
07:39:38.216 [FXGL Background Thread 3 ] DEBUG Engine               - isFileSystemWriteAllowed: true
07:39:38.216 [FXGL Background Thread 3 ] DEBUG Engine               - isFullScreenAllowed: false
07:39:38.216 [FXGL Background Thread 3 ] DEBUG Engine               - isFullScreenFromStart: false
07:39:38.216 [FXGL Background Thread 3 ] DEBUG Engine               - isGameMenuEnabled: true
07:39:38.217 [FXGL Background Thread 3 ] DEBUG Engine               - isIOS: false
07:39:38.217 [FXGL Background Thread 3 ] DEBUG Engine               - isIntroEnabled: false
07:39:38.217 [FXGL Background Thread 3 ] DEBUG Engine               - isLinux: false
07:39:38.218 [FXGL Background Thread 3 ] DEBUG Engine               - isMac: false
07:39:38.218 [FXGL Background Thread 3 ] DEBUG Engine               - isMainMenuEnabled: false
07:39:38.218 [FXGL Background Thread 3 ] DEBUG Engine               - isManualResizeEnabled: false
07:39:38.219 [FXGL Background Thread 3 ] DEBUG Engine               - isMobile: false
07:39:38.219 [FXGL Background Thread 3 ] DEBUG Engine               - isNative: false
07:39:38.219 [FXGL Background Thread 3 ] DEBUG Engine               - isPauseMusicWhenMinimized: true
07:39:38.219 [FXGL Background Thread 3 ] DEBUG Engine               - isPreserveResizeRatio: false
07:39:38.219 [FXGL Background Thread 3 ] DEBUG Engine               - isProfilingEnabled: false
07:39:38.220 [FXGL Background Thread 3 ] DEBUG Engine               - isScaleAffectedOnResize: true
07:39:38.220 [FXGL Background Thread 3 ] DEBUG Engine               - isSingleStep: false
07:39:38.220 [FXGL Background Thread 3 ] DEBUG Engine               - isUserProfileEnabled: false
07:39:38.220 [FXGL Background Thread 3 ] DEBUG Engine               - isWindows: true
07:39:38.221 [FXGL Background Thread 3 ] DEBUG Engine               - language: ObjectProperty [value: ENGLISH]
07:39:38.221 [FXGL Background Thread 3 ] DEBUG Engine               - menuKey: ESCAPE
07:39:38.221 [FXGL Background Thread 3 ] DEBUG Engine               - mouseSensitivity: 0.2
07:39:38.221 [FXGL Background Thread 3 ] DEBUG Engine               - notificationViewClass: class com.almasb.fxgl.notification.view.XboxNotificationView
07:39:38.222 [FXGL Background Thread 3 ] DEBUG Engine               - pixelsPerMeter: 50.0
07:39:38.222 [FXGL Background Thread 3 ] DEBUG Engine               - platform: WINDOWS
07:39:38.222 [FXGL Background Thread 3 ] DEBUG Engine               - prefHeightProperty: ReadOnlyDoubleProperty [value: 600.0]
07:39:38.222 [FXGL Background Thread 3 ] DEBUG Engine               - prefWidthProperty: ReadOnlyDoubleProperty [value: 800.0]
07:39:38.222 [FXGL Background Thread 3 ] DEBUG Engine               - profileDir: profiles/
07:39:38.223 [FXGL Background Thread 3 ] DEBUG Engine               - profileName: StringProperty [value: DEFAULT]
07:39:38.223 [FXGL Background Thread 3 ] DEBUG Engine               - randomSeed: -1
07:39:38.224 [FXGL Background Thread 3 ] DEBUG Engine               - runtimeInfo: RuntimeInfo(platform=WINDOWS, version=21, build=28.12.2023 13.35)
07:39:38.224 [FXGL Background Thread 3 ] DEBUG Engine               - saveFileExt: sav
07:39:38.224 [FXGL Background Thread 3 ] DEBUG Engine               - scaledHeightProp$fxgl: DoubleProperty [bound, value: 600.0]
07:39:38.225 [FXGL Background Thread 3 ] DEBUG Engine               - scaledWidthProp$fxgl: DoubleProperty [bound, value: 800.0]
07:39:38.225 [FXGL Background Thread 3 ] DEBUG Engine               - sceneFactory: com.almasb.fxgl.app.scene.SceneFactory@1b6e7369
07:39:38.225 [FXGL Background Thread 3 ] DEBUG Engine               - secondsIn24h: 60
07:39:38.225 [FXGL Background Thread 3 ] DEBUG Engine               - soundMenuBack: menu/back.wav
07:39:38.225 [FXGL Background Thread 3 ] DEBUG Engine               - soundMenuPress: menu/press.wav
07:39:38.226 [FXGL Background Thread 3 ] DEBUG Engine               - soundMenuSelect: menu/select.wav
07:39:38.226 [FXGL Background Thread 3 ] DEBUG Engine               - soundNotification: core/notification.wav
07:39:38.226 [FXGL Background Thread 3 ] DEBUG Engine               - stageStyle: DECORATED
07:39:38.226 [FXGL Background Thread 3 ] DEBUG Engine               - supportedLanguages: [ENGLISH, FRENCH, GERMAN, HUNGARIAN, RUSSIAN]
07:39:38.226 [FXGL Background Thread 3 ] DEBUG Engine               - ticksPerSecond: -1
07:39:38.226 [FXGL Background Thread 3 ] DEBUG Engine               - title: DemoImage
07:39:38.226 [FXGL Background Thread 3 ] DEBUG Engine               - urlGithub: https://github.com/AlmasB/FXGL
07:39:38.227 [FXGL Background Thread 3 ] DEBUG Engine               - urlLeaderboard: http://fxgl-top.herokuapp.com/
07:39:38.227 [FXGL Background Thread 3 ] DEBUG Engine               - urlPOM: https://raw.githubusercontent.com/AlmasB/FXGL/release/README.md
07:39:38.227 [FXGL Background Thread 3 ] DEBUG Engine               - userAppClass: class org.example.App
07:39:38.227 [FXGL Background Thread 3 ] DEBUG Engine               - version: 0.0
07:39:38.227 [FXGL Background Thread 3 ] DEBUG Engine               - versionCheckDays: 7
07:39:38.227 [FXGL Background Thread 3 ] DEBUG Engine               - width: 800
07:39:38.227 [FXGL Background Thread 3 ] DEBUG Engine               - Logging services
07:39:38.227 [FXGL Background Thread 3 ] DEBUG Engine               - class com.almasb.fxgl.app.services.FXGLAssetLoaderService
07:39:38.227 [FXGL Background Thread 3 ] DEBUG Engine               - class com.almasb.fxgl.app.FXGLApplication$GameApplicationService
07:39:38.228 [FXGL Background Thread 3 ] DEBUG Engine               - class com.almasb.fxgl.app.services.FXGLDialogService
07:39:38.228 [FXGL Background Thread 3 ] DEBUG Engine               - class com.almasb.fxgl.app.services.IOTaskExecutorService
07:39:38.228 [FXGL Background Thread 3 ] DEBUG Engine               - class com.almasb.fxgl.io.FileSystemService
07:39:38.228 [FXGL Background Thread 3 ] DEBUG Engine               - class com.almasb.fxgl.localization.LocalizationService
07:39:38.228 [FXGL Background Thread 3 ] DEBUG Engine               - class com.almasb.fxgl.app.services.SystemBundleService
07:39:38.228 [FXGL Background Thread 3 ] DEBUG Engine               - class com.almasb.fxgl.profile.SaveLoadService
07:39:38.228 [FXGL Background Thread 3 ] DEBUG Engine               - class com.almasb.fxgl.ui.FXGLUIFactoryServiceProvider
07:39:38.228 [FXGL Background Thread 3 ] DEBUG Engine               - class com.almasb.fxgl.ui.FXGLDialogFactoryServiceProvider
07:39:38.228 [FXGL Background Thread 3 ] DEBUG Engine               - class com.almasb.fxgl.audio.AudioPlayer
07:39:38.228 [FXGL Background Thread 3 ] DEBUG Engine               - class com.almasb.fxgl.notification.impl.NotificationServiceProvider
07:39:38.228 [FXGL Background Thread 3 ] DEBUG Engine               - class com.almasb.fxgl.achievement.AchievementService
07:39:38.228 [FXGL Background Thread 3 ] DEBUG Engine               - class com.almasb.fxgl.cutscene.CutsceneService
07:39:38.228 [FXGL Background Thread 3 ] DEBUG Engine               - class com.almasb.fxgl.minigames.MiniGameService
07:39:38.229 [FXGL Background Thread 3 ] DEBUG Engine               - class com.almasb.fxgl.net.NetService
07:39:38.229 [FXGL Background Thread 3 ] DEBUG Engine               - class com.almasb.fxgl.app.services.UpdaterService
07:39:38.229 [FXGL Background Thread 3 ] DEBUG Engine               - class com.almasb.fxgl.dev.DevService
07:39:46.069 [JavaFX Application Thread] DEBUG FXGLApplication      - Exiting FXGL
07:39:46.069 [JavaFX Application Thread] DEBUG LoopRunner           - Stopping loop
07:39:46.070 [JavaFX Application Thread] DEBUG SystemBundleService  - Saving FXGL system data
07:39:46.071 [JavaFX Application Thread] DEBUG FileSystemAccess     - Writing to: F:\Proyectos javafx\javafxgl\fxgl-demoImage\system\fxgl.bundle
07:39:46.073 [JavaFX Application Thread] DEBUG Async                - Shutting down background threads
07:39:46.073 [JavaFX Application Thread] DEBUG PrimaryStageWindow   - Closing main window
07:39:46.090 [JavaFX Application Thread] DEBUG Logger               - Closing Logger
