12:19:32.480 [main                     ] DEBUG Logger               - Configured Logger
12:19:32.505 [main                     ] DEBUG GameApplication      - Logging settings
Title: DemoImage
Version: 0.0
Width: 800
Height: 600
Fullscreen: false
Intro: false
Profiling: false
Single step:false
App Mode: DEVELOPER
Menu Key: ESCAPE
Stage Style: DECORATED
Scene Factory: class com.almasb.fxgl.app.scene.SceneFactory

12:19:32.868 [JavaFX Application Thread] DEBUG FXGLApplication      - Initializing FXGL
12:19:32.872 [JavaFX Application Thread] INFO  Engine               - FXGL-21 (28.12.2023 13.35) on WINDOWS (J:21.0.1 FX:21.0.1)
12:19:32.873 [JavaFX Application Thread] DEBUG Engine               - JRE Vendor Name: Oracle Corporation
12:19:32.873 [JavaFX Application Thread] DEBUG Engine               - Running on OS: Windows 10 version 10.0
12:19:32.873 [JavaFX Application Thread] DEBUG Engine               - Architecture: amd64
12:19:32.874 [JavaFX Application Thread] INFO  Engine               - Source code and latest versions at: https://github.com/AlmasB/FXGL
12:19:32.874 [JavaFX Application Thread] INFO  Engine               -       Ask questions and discuss at: https://github.com/AlmasB/FXGL/discussions
12:19:32.874 [JavaFX Application Thread] INFO  Engine               -              Join the FXGL chat at: https://gitter.im/AlmasB/FXGL
12:19:33.003 [JavaFX Application Thread] DEBUG PrimaryStageWindow   - Creating a JavaFX scene
12:19:33.056 [JavaFX Application Thread] DEBUG PrimaryStageWindow   - Target settings size: 800.0 x 600.0
12:19:33.057 [JavaFX Application Thread] DEBUG PrimaryStageWindow   - Scaled scene size:    800.0 x 600.0
12:19:33.057 [JavaFX Application Thread] DEBUG PrimaryStageWindow   - Scaled ratio: (1.0, 1.0)
12:19:33.058 [JavaFX Application Thread] DEBUG PrimaryStageWindow   - Set initial scene to FXGLStartupScene
12:19:33.061 [JavaFX Application Thread] DEBUG PrimaryStageWindow   - Opening main window
12:19:33.168 [JavaFX Application Thread] DEBUG PrimaryStageWindow   - Window border size: (14.4000244140625, 37.5999755859375)
12:19:33.168 [JavaFX Application Thread] DEBUG PrimaryStageWindow   - Scaled size: 800.0 x 600.0
12:19:33.169 [JavaFX Application Thread] DEBUG PrimaryStageWindow   - Scaled ratio: (1.0, 1.0)
12:19:33.169 [JavaFX Application Thread] DEBUG PrimaryStageWindow   - Scene size: 800.0 x 600.0
12:19:33.169 [JavaFX Application Thread] DEBUG PrimaryStageWindow   - Stage size: 814.4000244140625 x 637.5999755859375
12:19:33.180 [FXGL Background Thread 1 ] DEBUG Engine               - Initializing environment variables
12:19:33.282 [FXGL Background Thread 1 ] DEBUG FXGLAssetLoaderServi - User app class for loading assets: class org.example.App
12:19:33.283 [FXGL Background Thread 1 ] DEBUG GameApplicationServi - Applying CSS: fxgl_dark.css
12:19:33.284 [FXGL Background Thread 1 ] DEBUG FXGLAssetLoaderServi - Loading from file system: jar:file:/C:/Users/Usuario/.m2/repository/com/github/almasb/fxgl/21/fxgl-21.jar!/fxglassets/ui/css/fxgl_dark.css
12:19:33.337 [FXGL Background Thread 1 ] DEBUG GameApplicationServi - Initializing application scenes
12:19:33.387 [FXGL Background Thread 1 ] DEBUG GameWorld            - Game world initialized
12:19:33.473 [FXGL Background Thread 1 ] DEBUG PhysicsWorld         - Physics world initialized: appHeight=600, physics.ppm=50,0
12:19:33.474 [FXGL Background Thread 1 ] DEBUG PhysicsWorld         - Using strategy: BRUTE_FORCE
12:19:33.479 [FXGL Background Thread 1 ] DEBUG GameScene            - Game scene initialized: 800x600
12:19:33.498 [FXGL Background Thread 1 ] DEBUG FXGL.DefaultMenu     - createMenuBodyGameMenu()
12:19:33.516 [FXGL Background Thread 1 ] DEBUG FXGL.DefaultMenu     - createOptionsMenu()
12:19:33.525 [FXGL Background Thread 1 ] DEBUG FXGLAssetLoaderServi - Loading from file system: jar:file:/C:/Users/Usuario/.m2/repository/com/github/almasb/fxgl/21/fxgl-21.jar!/fxglassets/textures/particles/smoke.png
12:19:33.643 [FXGL Background Thread 1 ] DEBUG FXGLAssetLoaderServi - Loading from file system: jar:file:/C:/Users/Usuario/.m2/repository/com/github/almasb/fxgl/21/fxgl-21.jar!/fxglassets/textures/particles/trace_horizontal.png
12:19:33.674 [FXGL Background Thread 1 ] DEBUG GameApplicationServi - Application scenes initialized
12:19:33.687 [FXGL Background Thread 1 ] DEBUG SystemBundleService  - Loading FXGL system data
12:19:33.690 [FXGL Background Thread 1 ] DEBUG FileSystemAccess     - Reading from: F:\Proyectos javafx\javafxgl\fxgl-demoImage\system\fxgl.bundle
12:19:33.699 [FXGL Background Thread 1 ] DEBUG SystemBundleService  - Bundle FXGL: {}
12:19:33.699 [FXGL Background Thread 1 ] DEBUG UpdaterService       - Checking for updates
12:19:33.705 [FXGL Background Thread 4 ] DEBUG FXGLApplication      - Loading fonts
12:19:33.705 [FXGL Background Thread 4 ] DEBUG FXGLAssetLoaderServi - Loading from file system: jar:file:/C:/Users/Usuario/.m2/repository/com/github/almasb/fxgl/21/fxgl-21.jar!/fxglassets/ui/fonts/VarelaRound-Regular.ttf
12:19:33.706 [FXGL Background Thread 1 ] DEBUG FXGLApplication      - Loading default localization
12:19:33.707 [FXGL Background Thread 1 ] DEBUG FXGLAssetLoaderServi - Loading from file system: jar:file:/C:/Users/Usuario/.m2/repository/com/github/almasb/fxgl/21/fxgl-21.jar!/fxglassets/languages/english.lang
12:19:33.751 [FXGL Background Thread 1 ] INFO  FXGLApplication      - FXGL initialization took: 0,571 sec
12:19:33.753 [FXGL Background Thread 4 ] DEBUG FXGLAssetLoaderServi - Loading from file system: jar:file:/C:/Users/Usuario/.m2/repository/com/github/almasb/fxgl/21/fxgl-21.jar!/fxglassets/ui/fonts/Abel-Regular.ttf
12:19:33.762 [FXGL Background Thread 4 ] DEBUG FXGLAssetLoaderServi - Loading from file system: jar:file:/C:/Users/Usuario/.m2/repository/com/github/almasb/fxgl/21/fxgl-21.jar!/fxglassets/ui/fonts/TerminalLandMono-Regular.otf
12:19:33.770 [JavaFX Application Thread] DEBUG Input                - Registered new binding: action0 - J
12:19:33.771 [JavaFX Application Thread] DEBUG Input                - Registered new binding: action1 - L
12:19:33.771 [JavaFX Application Thread] DEBUG Input                - Registered new binding: action2 - I
12:19:33.771 [FXGL Background Thread 4 ] DEBUG FXGLAssetLoaderServi - Loading from file system: jar:file:/C:/Users/Usuario/.m2/repository/com/github/almasb/fxgl/21/fxgl-21.jar!/fxglassets/ui/fonts/Courier-Prime.ttf
12:19:33.772 [JavaFX Application Thread] DEBUG Input                - Registered new binding: action3 - K
12:19:33.772 [JavaFX Application Thread] DEBUG Input                - Registered new binding: action4 - A
12:19:33.773 [JavaFX Application Thread] DEBUG Input                - Registered new binding: action5 - D
12:19:33.773 [JavaFX Application Thread] DEBUG Input                - Registered new binding: action6 - W
12:19:33.773 [JavaFX Application Thread] DEBUG Input                - Registered new binding: action7 - S
12:19:33.774 [JavaFX Application Thread] DEBUG FXGLAssetLoaderServi - Loading from file system: jar:file:/C:/Users/Usuario/.m2/repository/com/github/almasb/fxgl/21/fxgl-21.jar!/fxglassets/textures/fxgl_icon.png
12:19:33.802 [JavaFX Application Thread] DEBUG FXGLAssetLoaderServi - Loading from file system: jar:file:/C:/Users/Usuario/.m2/repository/com/github/almasb/fxgl/21/fxgl-21.jar!/fxglassets/textures/fxgl_default_cursor.png
12:19:33.805 [JavaFX Application Thread] DEBUG Input                - Registered new binding: Screenshot - CTRL+8
12:19:33.806 [JavaFX Application Thread] DEBUG Input                - Registered new binding: System info dump - CTRL+9
12:19:33.806 [JavaFX Application Thread] DEBUG Input                - Registered new binding: Restart - CTRL+R
12:19:33.807 [JavaFX Application Thread] DEBUG Input                - Registered new binding: Toggle Debug Camera - CTRL+7
12:19:33.811 [JavaFX Application Thread] DEBUG LoopRunner           - Starting loop
12:19:33.811 [JavaFX Application Thread] DEBUG LoopRunner           - Initializing JavaFX AnimationTimerLoop
12:19:33.814 [JavaFX Application Thread] DEBUG GameApplicationServi - Starting new game
12:19:33.814 [JavaFX Application Thread] DEBUG Input                - Clearing active input actions
12:19:33.826 [JavaFX Application Thread] DEBUG GameApplicationServi - Removing overlay from FXGLStartupScene and adding to FXGLLoadingScene
12:19:33.827 [JavaFX Application Thread] DEBUG PrimaryStageWindow   - FXGLStartupScene -> FXGLLoadingScene
12:19:33.827 [JavaFX Application Thread] DEBUG GameApplicationServi - Clearing previous game
12:19:33.827 [JavaFX Application Thread] DEBUG GameScene            - Clearing game scene
12:19:33.827 [JavaFX Application Thread] DEBUG GameWorld            - Clearing game world
12:19:33.827 [JavaFX Application Thread] DEBUG PhysicsWorld         - Clearing physics world
12:19:33.828 [JavaFX Application Thread] DEBUG FXGLApplication      - Registering font factories with UI factory
12:19:33.828 [FXGL Background Thread 4 ] DEBUG FXGLApplication      - Initializing game
12:19:33.844 [FXGL Background Thread 4 ] DEBUG FXGLAssetLoaderServi - Loading from file system: file:/F:/Proyectos%20javafx/javafxgl/fxgl-demoImage/target/classes/assets/textures/bosque.jpg
12:19:33.939 [FXGL Background Thread 4 ] DEBUG FXGLAssetLoaderServi - Loading from file system: file:/F:/Proyectos%20javafx/javafxgl/fxgl-demoImage/target/classes/assets/textures/sprite_pug.png
12:19:33.960 [FXGL Background Thread 4 ] DEBUG FXGLAssetLoaderServi - Loading from file system: file:/F:/Proyectos%20javafx/javafxgl/fxgl-demoImage/target/classes/assets/textures/sprite_player.png
12:19:33.979 [FXGL Background Thread 4 ] INFO  FXGLApplication      - Game initialization took: 0,151 sec
12:19:33.980 [JavaFX Application Thread] DEBUG Input                - Clearing active input actions
12:19:33.998 [JavaFX Application Thread] DEBUG GameApplicationServi - Removing overlay from FXGLLoadingScene and adding to GameScene
12:19:33.998 [JavaFX Application Thread] DEBUG PrimaryStageWindow   - FXGLLoadingScene -> GameScene
12:19:34.246 [JavaFX Application Thread] DEBUG FXGLAssetLoaderServi - Loading from file system: file:/F:/Proyectos%20javafx/javafxgl/fxgl-demoImage/target/classes/assets/textures/hueso.png
12:19:36.041 [JavaFX Application Thread] DEBUG FXGLApplication      - Exiting FXGL
12:19:36.041 [JavaFX Application Thread] DEBUG LoopRunner           - Stopping loop
12:19:36.041 [JavaFX Application Thread] DEBUG SystemBundleService  - Saving FXGL system data
12:19:36.042 [JavaFX Application Thread] DEBUG FileSystemAccess     - Writing to: F:\Proyectos javafx\javafxgl\fxgl-demoImage\system\fxgl.bundle
12:19:36.044 [JavaFX Application Thread] DEBUG Async                - Shutting down background threads
12:19:36.045 [JavaFX Application Thread] DEBUG PrimaryStageWindow   - Closing main window
12:19:36.061 [JavaFX Application Thread] DEBUG Logger               - Closing Logger
