12:21:44.057 [main                     ] DEBUG Logger               - Configured Logger
12:21:44.087 [main                     ] DEBUG GameApplication      - Logging settings
Title: DemoImage
Version: 0.0
Width: 800
Height: 600
Fullscreen: false
Intro: false
Profiling: false
Single step:false
App Mode: DEVELOPER
Menu Key: ESCAPE
Stage Style: DECORATED
Scene Factory: class com.almasb.fxgl.app.scene.SceneFactory

12:21:44.510 [JavaFX Application Thread] DEBUG FXGLApplication      - Initializing FXGL
12:21:44.521 [JavaFX Application Thread] INFO  Engine               - FXGL-21 (28.12.2023 13.35) on WINDOWS (J:21.0.1 FX:21.0.1)
12:21:44.521 [JavaFX Application Thread] DEBUG Engine               - JRE Vendor Name: Oracle Corporation
12:21:44.521 [JavaFX Application Thread] DEBUG Engine               - Running on OS: Windows 10 version 10.0
12:21:44.521 [JavaFX Application Thread] DEBUG Engine               - Architecture: amd64
12:21:44.522 [JavaFX Application Thread] INFO  Engine               - Source code and latest versions at: https://github.com/AlmasB/FXGL
12:21:44.522 [JavaFX Application Thread] INFO  Engine               -       Ask questions and discuss at: https://github.com/AlmasB/FXGL/discussions
12:21:44.522 [JavaFX Application Thread] INFO  Engine               -              Join the FXGL chat at: https://gitter.im/AlmasB/FXGL
12:21:44.649 [JavaFX Application Thread] DEBUG PrimaryStageWindow   - Creating a JavaFX scene
12:21:44.705 [JavaFX Application Thread] DEBUG PrimaryStageWindow   - Target settings size: 800.0 x 600.0
12:21:44.705 [JavaFX Application Thread] DEBUG PrimaryStageWindow   - Scaled scene size:    800.0 x 600.0
12:21:44.705 [JavaFX Application Thread] DEBUG PrimaryStageWindow   - Scaled ratio: (1.0, 1.0)
12:21:44.706 [JavaFX Application Thread] DEBUG PrimaryStageWindow   - Set initial scene to FXGLStartupScene
12:21:44.709 [JavaFX Application Thread] DEBUG PrimaryStageWindow   - Opening main window
12:21:44.820 [JavaFX Application Thread] DEBUG PrimaryStageWindow   - Window border size: (14.4000244140625, 37.5999755859375)
12:21:44.821 [JavaFX Application Thread] DEBUG PrimaryStageWindow   - Scaled size: 800.0 x 600.0
12:21:44.821 [JavaFX Application Thread] DEBUG PrimaryStageWindow   - Scaled ratio: (1.0, 1.0)
12:21:44.821 [JavaFX Application Thread] DEBUG PrimaryStageWindow   - Scene size: 800.0 x 600.0
12:21:44.822 [JavaFX Application Thread] DEBUG PrimaryStageWindow   - Stage size: 814.4000244140625 x 637.5999755859375
12:21:44.832 [FXGL Background Thread 1 ] DEBUG Engine               - Initializing environment variables
12:21:44.916 [FXGL Background Thread 1 ] DEBUG FXGLAssetLoaderServi - User app class for loading assets: class org.example.App
12:21:44.916 [FXGL Background Thread 1 ] DEBUG GameApplicationServi - Applying CSS: fxgl_dark.css
12:21:44.917 [FXGL Background Thread 1 ] DEBUG FXGLAssetLoaderServi - Loading from file system: jar:file:/C:/Users/Usuario/.m2/repository/com/github/almasb/fxgl/21/fxgl-21.jar!/fxglassets/ui/css/fxgl_dark.css
12:21:44.974 [FXGL Background Thread 1 ] DEBUG GameApplicationServi - Initializing application scenes
12:21:45.028 [FXGL Background Thread 1 ] DEBUG GameWorld            - Game world initialized
12:21:45.111 [FXGL Background Thread 1 ] DEBUG PhysicsWorld         - Physics world initialized: appHeight=600, physics.ppm=50,0
12:21:45.112 [FXGL Background Thread 1 ] DEBUG PhysicsWorld         - Using strategy: BRUTE_FORCE
12:21:45.116 [FXGL Background Thread 1 ] DEBUG GameScene            - Game scene initialized: 800x600
12:21:45.132 [FXGL Background Thread 1 ] DEBUG FXGL.DefaultMenu     - createMenuBodyGameMenu()
12:21:45.149 [FXGL Background Thread 1 ] DEBUG FXGL.DefaultMenu     - createOptionsMenu()
12:21:45.158 [FXGL Background Thread 1 ] DEBUG FXGLAssetLoaderServi - Loading from file system: jar:file:/C:/Users/Usuario/.m2/repository/com/github/almasb/fxgl/21/fxgl-21.jar!/fxglassets/textures/particles/smoke.png
12:21:45.287 [FXGL Background Thread 1 ] DEBUG FXGLAssetLoaderServi - Loading from file system: jar:file:/C:/Users/Usuario/.m2/repository/com/github/almasb/fxgl/21/fxgl-21.jar!/fxglassets/textures/particles/trace_horizontal.png
12:21:45.315 [FXGL Background Thread 1 ] DEBUG GameApplicationServi - Application scenes initialized
12:21:45.329 [FXGL Background Thread 1 ] DEBUG SystemBundleService  - Loading FXGL system data
12:21:45.335 [FXGL Background Thread 1 ] DEBUG FileSystemAccess     - Reading from: F:\Proyectos javafx\javafxgl\fxgl-demoImage\system\fxgl.bundle
12:21:45.346 [FXGL Background Thread 1 ] DEBUG SystemBundleService  - Bundle FXGL: {}
12:21:45.346 [FXGL Background Thread 1 ] DEBUG UpdaterService       - Checking for updates
12:21:45.354 [FXGL Background Thread 4 ] DEBUG FXGLApplication      - Loading fonts
12:21:45.354 [FXGL Background Thread 4 ] DEBUG FXGLAssetLoaderServi - Loading from file system: jar:file:/C:/Users/Usuario/.m2/repository/com/github/almasb/fxgl/21/fxgl-21.jar!/fxglassets/ui/fonts/VarelaRound-Regular.ttf
12:21:45.355 [FXGL Background Thread 1 ] DEBUG FXGLApplication      - Loading default localization
12:21:45.355 [FXGL Background Thread 1 ] DEBUG FXGLAssetLoaderServi - Loading from file system: jar:file:/C:/Users/Usuario/.m2/repository/com/github/almasb/fxgl/21/fxgl-21.jar!/fxglassets/languages/english.lang
12:21:45.397 [FXGL Background Thread 1 ] INFO  FXGLApplication      - FXGL initialization took: 0,566 sec
12:21:45.407 [FXGL Background Thread 4 ] DEBUG FXGLAssetLoaderServi - Loading from file system: jar:file:/C:/Users/Usuario/.m2/repository/com/github/almasb/fxgl/21/fxgl-21.jar!/fxglassets/ui/fonts/Abel-Regular.ttf
12:21:45.413 [JavaFX Application Thread] DEBUG Input                - Registered new binding: action0 - J
12:21:45.414 [JavaFX Application Thread] DEBUG Input                - Registered new binding: action1 - L
12:21:45.414 [JavaFX Application Thread] DEBUG Input                - Registered new binding: action2 - I
12:21:45.414 [JavaFX Application Thread] DEBUG Input                - Registered new binding: action3 - K
12:21:45.415 [JavaFX Application Thread] DEBUG Input                - Registered new binding: action4 - A
12:21:45.415 [JavaFX Application Thread] DEBUG Input                - Registered new binding: action5 - D
12:21:45.415 [JavaFX Application Thread] DEBUG Input                - Registered new binding: action6 - W
12:21:45.416 [JavaFX Application Thread] DEBUG Input                - Registered new binding: action7 - S
12:21:45.416 [JavaFX Application Thread] DEBUG FXGLAssetLoaderServi - Loading from file system: jar:file:/C:/Users/Usuario/.m2/repository/com/github/almasb/fxgl/21/fxgl-21.jar!/fxglassets/textures/fxgl_icon.png
12:21:45.426 [FXGL Background Thread 4 ] DEBUG FXGLAssetLoaderServi - Loading from file system: jar:file:/C:/Users/Usuario/.m2/repository/com/github/almasb/fxgl/21/fxgl-21.jar!/fxglassets/ui/fonts/TerminalLandMono-Regular.otf
12:21:45.438 [FXGL Background Thread 4 ] DEBUG FXGLAssetLoaderServi - Loading from file system: jar:file:/C:/Users/Usuario/.m2/repository/com/github/almasb/fxgl/21/fxgl-21.jar!/fxglassets/ui/fonts/Courier-Prime.ttf
12:21:45.440 [JavaFX Application Thread] DEBUG FXGLAssetLoaderServi - Loading from file system: jar:file:/C:/Users/Usuario/.m2/repository/com/github/almasb/fxgl/21/fxgl-21.jar!/fxglassets/textures/fxgl_default_cursor.png
12:21:45.444 [JavaFX Application Thread] DEBUG Input                - Registered new binding: Screenshot - CTRL+8
12:21:45.444 [JavaFX Application Thread] DEBUG Input                - Registered new binding: System info dump - CTRL+9
12:21:45.445 [JavaFX Application Thread] DEBUG Input                - Registered new binding: Restart - CTRL+R
12:21:45.446 [JavaFX Application Thread] DEBUG Input                - Registered new binding: Toggle Debug Camera - CTRL+7
12:21:45.449 [JavaFX Application Thread] DEBUG LoopRunner           - Starting loop
12:21:45.449 [JavaFX Application Thread] DEBUG LoopRunner           - Initializing JavaFX AnimationTimerLoop
12:21:45.453 [JavaFX Application Thread] DEBUG GameApplicationServi - Starting new game
12:21:45.454 [JavaFX Application Thread] DEBUG Input                - Clearing active input actions
12:21:45.468 [JavaFX Application Thread] DEBUG GameApplicationServi - Removing overlay from FXGLStartupScene and adding to FXGLLoadingScene
12:21:45.468 [JavaFX Application Thread] DEBUG PrimaryStageWindow   - FXGLStartupScene -> FXGLLoadingScene
12:21:45.468 [JavaFX Application Thread] DEBUG GameApplicationServi - Clearing previous game
12:21:45.468 [JavaFX Application Thread] DEBUG GameScene            - Clearing game scene
12:21:45.468 [JavaFX Application Thread] DEBUG GameWorld            - Clearing game world
12:21:45.469 [JavaFX Application Thread] DEBUG PhysicsWorld         - Clearing physics world
12:21:45.471 [JavaFX Application Thread] DEBUG FXGLApplication      - Registering font factories with UI factory
12:21:45.471 [FXGL Background Thread 4 ] DEBUG FXGLApplication      - Initializing game
12:21:45.486 [FXGL Background Thread 4 ] DEBUG FXGLAssetLoaderServi - Loading from file system: file:/F:/Proyectos%20javafx/javafxgl/fxgl-demoImage/target/classes/assets/textures/bosque.jpg
12:21:45.582 [FXGL Background Thread 4 ] DEBUG FXGLAssetLoaderServi - Loading from file system: file:/F:/Proyectos%20javafx/javafxgl/fxgl-demoImage/target/classes/assets/textures/sprite_pug.png
12:21:45.604 [FXGL Background Thread 4 ] DEBUG FXGLAssetLoaderServi - Loading from file system: file:/F:/Proyectos%20javafx/javafxgl/fxgl-demoImage/target/classes/assets/textures/sprite_player.png
12:21:45.616 [FXGL Background Thread 4 ] INFO  FXGLApplication      - Game initialization took: 0,145 sec
12:21:45.624 [JavaFX Application Thread] DEBUG Input                - Clearing active input actions
12:21:45.638 [JavaFX Application Thread] DEBUG GameApplicationServi - Removing overlay from FXGLLoadingScene and adding to GameScene
12:21:45.638 [JavaFX Application Thread] DEBUG PrimaryStageWindow   - FXGLLoadingScene -> GameScene
12:21:45.882 [JavaFX Application Thread] DEBUG FXGLAssetLoaderServi - Loading from file system: file:/F:/Proyectos%20javafx/javafxgl/fxgl-demoImage/target/classes/assets/textures/hueso.png
12:21:48.351 [FXGL Background Thread 3 ] DEBUG Engine               - Logging environment variables
12:21:48.352 [FXGL Background Thread 3 ] DEBUG Engine               - achievements: []
12:21:48.353 [FXGL Background Thread 3 ] DEBUG Engine               - actualHeight: 600.0
12:21:48.353 [FXGL Background Thread 3 ] DEBUG Engine               - actualHeightProperty: ReadOnlyDoubleProperty [value: 600.0]
12:21:48.353 [FXGL Background Thread 3 ] DEBUG Engine               - actualWidth: 800.0
12:21:48.354 [FXGL Background Thread 3 ] DEBUG Engine               - actualWidthProperty: ReadOnlyDoubleProperty [value: 800.0]
12:21:48.354 [FXGL Background Thread 3 ] DEBUG Engine               - appIcon: fxgl_icon.png
12:21:48.354 [FXGL Background Thread 3 ] DEBUG Engine               - applicationMode: DEVELOPER
12:21:48.354 [FXGL Background Thread 3 ] DEBUG Engine               - cSSList: [fxgl_dark.css]
12:21:48.354 [FXGL Background Thread 3 ] DEBUG Engine               - collisionDetectionStrategy: BRUTE_FORCE
12:21:48.354 [FXGL Background Thread 3 ] DEBUG Engine               - configClass: Optional.empty
12:21:48.354 [FXGL Background Thread 3 ] DEBUG Engine               - credits: []
12:21:48.355 [FXGL Background Thread 3 ] DEBUG Engine               - defaultCursor: CursorInfo(imageName=fxgl_default_cursor.png, hotspotX=7.0, hotspotY=6.0)
12:21:48.356 [FXGL Background Thread 3 ] DEBUG Engine               - devBBoxColorProperty: ObjectProperty [value: 0xff0000ff]
12:21:48.356 [FXGL Background Thread 3 ] DEBUG Engine               - devEnableDebugCameraProperty: BooleanProperty [value: false]
12:21:48.357 [FXGL Background Thread 3 ] DEBUG Engine               - devSensorColorProperty: ObjectProperty [value: 0xffff00ff]
12:21:48.357 [FXGL Background Thread 3 ] DEBUG Engine               - devShowBBoxProperty: BooleanProperty [value: false]
12:21:48.357 [FXGL Background Thread 3 ] DEBUG Engine               - devShowPositionProperty: BooleanProperty [value: false]
12:21:48.357 [FXGL Background Thread 3 ] DEBUG Engine               - enabledMenuItems: []
12:21:48.357 [FXGL Background Thread 3 ] DEBUG Engine               - engineServices: [class com.almasb.fxgl.app.services.FXGLAssetLoaderService, class com.almasb.fxgl.app.FXGLApplication$GameApplicationService, class com.almasb.fxgl.app.services.FXGLDialogService, class com.almasb.fxgl.app.services.IOTaskExecutorService, class com.almasb.fxgl.io.FileSystemService, class com.almasb.fxgl.localization.LocalizationService, class com.almasb.fxgl.app.services.SystemBundleService, class com.almasb.fxgl.profile.SaveLoadService, class com.almasb.fxgl.ui.FXGLUIFactoryServiceProvider, class com.almasb.fxgl.ui.FXGLDialogFactoryServiceProvider, class com.almasb.fxgl.audio.AudioPlayer, class com.almasb.fxgl.notification.impl.NotificationServiceProvider, class com.almasb.fxgl.achievement.AchievementService, class com.almasb.fxgl.cutscene.CutsceneService, class com.almasb.fxgl.minigames.MiniGameService, class com.almasb.fxgl.net.NetService, class com.almasb.fxgl.app.services.UpdaterService, class com.almasb.fxgl.dev.DevService]
12:21:48.357 [FXGL Background Thread 3 ] DEBUG Engine               - fontGame: Abel-Regular.ttf
12:21:48.358 [FXGL Background Thread 3 ] DEBUG Engine               - fontMono: TerminalLandMono-Regular.otf
12:21:48.358 [FXGL Background Thread 3 ] DEBUG Engine               - fontSizeScaleUI: 1.0
12:21:48.358 [FXGL Background Thread 3 ] DEBUG Engine               - fontText: Courier-Prime.ttf
12:21:48.358 [FXGL Background Thread 3 ] DEBUG Engine               - fontUI: VarelaRound-Regular.ttf
12:21:48.358 [FXGL Background Thread 3 ] DEBUG Engine               - fullScreen: BooleanProperty [value: false]
12:21:48.358 [FXGL Background Thread 3 ] DEBUG Engine               - gameDifficulty: MEDIUM
12:21:48.358 [FXGL Background Thread 3 ] DEBUG Engine               - gameDifficultyProperty: ObjectProperty [value: MEDIUM]
12:21:48.359 [FXGL Background Thread 3 ] DEBUG Engine               - globalMusicVolume: 0.5
12:21:48.359 [FXGL Background Thread 3 ] DEBUG Engine               - globalMusicVolumeProperty: DoubleProperty [value: 0.5]
12:21:48.359 [FXGL Background Thread 3 ] DEBUG Engine               - globalSoundVolume: 0.5
12:21:48.360 [FXGL Background Thread 3 ] DEBUG Engine               - globalSoundVolumeProperty: DoubleProperty [value: 0.5]
12:21:48.360 [FXGL Background Thread 3 ] DEBUG Engine               - height: 600
12:21:48.360 [FXGL Background Thread 3 ] DEBUG Engine               - is3D: false
12:21:48.360 [FXGL Background Thread 3 ] DEBUG Engine               - isAndroid: false
12:21:48.360 [FXGL Background Thread 3 ] DEBUG Engine               - isBrowser: false
12:21:48.360 [FXGL Background Thread 3 ] DEBUG Engine               - isClickFeedbackEnabled: false
12:21:48.360 [FXGL Background Thread 3 ] DEBUG Engine               - isCloseConfirmation: false
12:21:48.361 [FXGL Background Thread 3 ] DEBUG Engine               - isDesktop: true
12:21:48.361 [FXGL Background Thread 3 ] DEBUG Engine               - isDeveloperMenuEnabled: false
12:21:48.361 [FXGL Background Thread 3 ] DEBUG Engine               - isEmbedded: false
12:21:48.361 [FXGL Background Thread 3 ] DEBUG Engine               - isEntityPreloadEnabled: true
12:21:48.361 [FXGL Background Thread 3 ] DEBUG Engine               - isExperimentalTiledLargeMap: false
12:21:48.361 [FXGL Background Thread 3 ] DEBUG Engine               - isFileSystemWriteAllowed: true
12:21:48.361 [FXGL Background Thread 3 ] DEBUG Engine               - isFullScreenAllowed: false
12:21:48.362 [FXGL Background Thread 3 ] DEBUG Engine               - isFullScreenFromStart: false
12:21:48.362 [FXGL Background Thread 3 ] DEBUG Engine               - isGameMenuEnabled: true
12:21:48.362 [FXGL Background Thread 3 ] DEBUG Engine               - isIOS: false
12:21:48.362 [FXGL Background Thread 3 ] DEBUG Engine               - isIntroEnabled: false
12:21:48.362 [FXGL Background Thread 3 ] DEBUG Engine               - isLinux: false
12:21:48.363 [FXGL Background Thread 3 ] DEBUG Engine               - isMac: false
12:21:48.363 [FXGL Background Thread 3 ] DEBUG Engine               - isMainMenuEnabled: false
12:21:48.363 [FXGL Background Thread 3 ] DEBUG Engine               - isManualResizeEnabled: false
12:21:48.363 [FXGL Background Thread 3 ] DEBUG Engine               - isMobile: false
12:21:48.363 [FXGL Background Thread 3 ] DEBUG Engine               - isNative: false
12:21:48.363 [FXGL Background Thread 3 ] DEBUG Engine               - isPauseMusicWhenMinimized: true
12:21:48.363 [FXGL Background Thread 3 ] DEBUG Engine               - isPreserveResizeRatio: false
12:21:48.364 [FXGL Background Thread 3 ] DEBUG Engine               - isProfilingEnabled: false
12:21:48.364 [FXGL Background Thread 3 ] DEBUG Engine               - isScaleAffectedOnResize: true
12:21:48.364 [FXGL Background Thread 3 ] DEBUG Engine               - isSingleStep: false
12:21:48.364 [FXGL Background Thread 3 ] DEBUG Engine               - isUserProfileEnabled: false
12:21:48.364 [FXGL Background Thread 3 ] DEBUG Engine               - isWindows: true
12:21:48.364 [FXGL Background Thread 3 ] DEBUG Engine               - language: ObjectProperty [value: ENGLISH]
12:21:48.364 [FXGL Background Thread 3 ] DEBUG Engine               - menuKey: ESCAPE
12:21:48.364 [FXGL Background Thread 3 ] DEBUG Engine               - mouseSensitivity: 0.2
12:21:48.364 [FXGL Background Thread 3 ] DEBUG Engine               - notificationViewClass: class com.almasb.fxgl.notification.view.XboxNotificationView
12:21:48.365 [FXGL Background Thread 3 ] DEBUG Engine               - pixelsPerMeter: 50.0
12:21:48.365 [FXGL Background Thread 3 ] DEBUG Engine               - platform: WINDOWS
12:21:48.365 [FXGL Background Thread 3 ] DEBUG Engine               - prefHeightProperty: ReadOnlyDoubleProperty [value: 600.0]
12:21:48.365 [FXGL Background Thread 3 ] DEBUG Engine               - prefWidthProperty: ReadOnlyDoubleProperty [value: 800.0]
12:21:48.365 [FXGL Background Thread 3 ] DEBUG Engine               - profileDir: profiles/
12:21:48.365 [FXGL Background Thread 3 ] DEBUG Engine               - profileName: StringProperty [value: DEFAULT]
12:21:48.365 [FXGL Background Thread 3 ] DEBUG Engine               - randomSeed: -1
12:21:48.366 [FXGL Background Thread 3 ] DEBUG Engine               - runtimeInfo: RuntimeInfo(platform=WINDOWS, version=21, build=28.12.2023 13.35)
12:21:48.366 [FXGL Background Thread 3 ] DEBUG Engine               - saveFileExt: sav
12:21:48.366 [FXGL Background Thread 3 ] DEBUG Engine               - scaledHeightProp$fxgl: DoubleProperty [bound, value: 600.0]
12:21:48.366 [FXGL Background Thread 3 ] DEBUG Engine               - scaledWidthProp$fxgl: DoubleProperty [bound, value: 800.0]
12:21:48.367 [FXGL Background Thread 3 ] DEBUG Engine               - sceneFactory: com.almasb.fxgl.app.scene.SceneFactory@4e9c0acd
12:21:48.367 [FXGL Background Thread 3 ] DEBUG Engine               - secondsIn24h: 60
12:21:48.367 [FXGL Background Thread 3 ] DEBUG Engine               - soundMenuBack: menu/back.wav
12:21:48.367 [FXGL Background Thread 3 ] DEBUG Engine               - soundMenuPress: menu/press.wav
12:21:48.367 [FXGL Background Thread 3 ] DEBUG Engine               - soundMenuSelect: menu/select.wav
12:21:48.367 [FXGL Background Thread 3 ] DEBUG Engine               - soundNotification: core/notification.wav
12:21:48.367 [FXGL Background Thread 3 ] DEBUG Engine               - stageStyle: DECORATED
12:21:48.367 [FXGL Background Thread 3 ] DEBUG Engine               - supportedLanguages: [ENGLISH, FRENCH, GERMAN, HUNGARIAN, RUSSIAN]
12:21:48.368 [FXGL Background Thread 3 ] DEBUG Engine               - ticksPerSecond: -1
12:21:48.368 [FXGL Background Thread 3 ] DEBUG Engine               - title: DemoImage
12:21:48.368 [FXGL Background Thread 3 ] DEBUG Engine               - urlGithub: https://github.com/AlmasB/FXGL
12:21:48.368 [FXGL Background Thread 3 ] DEBUG Engine               - urlLeaderboard: http://fxgl-top.herokuapp.com/
12:21:48.368 [FXGL Background Thread 3 ] DEBUG Engine               - urlPOM: https://raw.githubusercontent.com/AlmasB/FXGL/release/README.md
12:21:48.368 [FXGL Background Thread 3 ] DEBUG Engine               - userAppClass: class org.example.App
12:21:48.369 [FXGL Background Thread 3 ] DEBUG Engine               - version: 0.0
12:21:48.369 [FXGL Background Thread 3 ] DEBUG Engine               - versionCheckDays: 7
12:21:48.369 [FXGL Background Thread 3 ] DEBUG Engine               - width: 800
12:21:48.369 [FXGL Background Thread 3 ] DEBUG Engine               - Logging services
12:21:48.369 [FXGL Background Thread 3 ] DEBUG Engine               - class com.almasb.fxgl.app.services.FXGLAssetLoaderService
12:21:48.369 [FXGL Background Thread 3 ] DEBUG Engine               - class com.almasb.fxgl.app.FXGLApplication$GameApplicationService
12:21:48.369 [FXGL Background Thread 3 ] DEBUG Engine               - class com.almasb.fxgl.app.services.FXGLDialogService
12:21:48.369 [FXGL Background Thread 3 ] DEBUG Engine               - class com.almasb.fxgl.app.services.IOTaskExecutorService
12:21:48.369 [FXGL Background Thread 3 ] DEBUG Engine               - class com.almasb.fxgl.io.FileSystemService
12:21:48.369 [FXGL Background Thread 3 ] DEBUG Engine               - class com.almasb.fxgl.localization.LocalizationService
12:21:48.369 [FXGL Background Thread 3 ] DEBUG Engine               - class com.almasb.fxgl.app.services.SystemBundleService
12:21:48.369 [FXGL Background Thread 3 ] DEBUG Engine               - class com.almasb.fxgl.profile.SaveLoadService
12:21:48.369 [FXGL Background Thread 3 ] DEBUG Engine               - class com.almasb.fxgl.ui.FXGLUIFactoryServiceProvider
12:21:48.370 [FXGL Background Thread 3 ] DEBUG Engine               - class com.almasb.fxgl.ui.FXGLDialogFactoryServiceProvider
12:21:48.370 [FXGL Background Thread 3 ] DEBUG Engine               - class com.almasb.fxgl.audio.AudioPlayer
12:21:48.370 [FXGL Background Thread 3 ] DEBUG Engine               - class com.almasb.fxgl.notification.impl.NotificationServiceProvider
12:21:48.370 [FXGL Background Thread 3 ] DEBUG Engine               - class com.almasb.fxgl.achievement.AchievementService
12:21:48.370 [FXGL Background Thread 3 ] DEBUG Engine               - class com.almasb.fxgl.cutscene.CutsceneService
12:21:48.370 [FXGL Background Thread 3 ] DEBUG Engine               - class com.almasb.fxgl.minigames.MiniGameService
12:21:48.370 [FXGL Background Thread 3 ] DEBUG Engine               - class com.almasb.fxgl.net.NetService
12:21:48.370 [FXGL Background Thread 3 ] DEBUG Engine               - class com.almasb.fxgl.app.services.UpdaterService
12:21:48.371 [FXGL Background Thread 3 ] DEBUG Engine               - class com.almasb.fxgl.dev.DevService
12:21:49.768 [JavaFX Application Thread] DEBUG FXGLApplication      - Exiting FXGL
12:21:49.769 [JavaFX Application Thread] DEBUG LoopRunner           - Stopping loop
12:21:49.769 [JavaFX Application Thread] DEBUG SystemBundleService  - Saving FXGL system data
12:21:49.771 [JavaFX Application Thread] DEBUG FileSystemAccess     - Writing to: F:\Proyectos javafx\javafxgl\fxgl-demoImage\system\fxgl.bundle
12:21:49.773 [JavaFX Application Thread] DEBUG Async                - Shutting down background threads
12:21:49.773 [JavaFX Application Thread] DEBUG PrimaryStageWindow   - Closing main window
12:21:49.791 [JavaFX Application Thread] DEBUG Logger               - Closing Logger
