21:06:01.225 [main                     ] DEBUG Logger               - Configured Logger
21:06:01.260 [main                     ] DEBUG GameApplication      - Logging settings
Title: DemoImage
Version: 0.0
Width: 800
Height: 600
Fullscreen: false
Intro: false
Profiling: false
Single step:false
App Mode: DEVELOPER
Menu Key: ESCAPE
Stage Style: DECORATED
Scene Factory: class com.almasb.fxgl.app.scene.SceneFactory

21:06:01.671 [JavaFX Application Thread] DEBUG FXGLApplication      - Initializing FXGL
21:06:01.682 [JavaFX Application Thread] INFO  Engine               - FXGL-21 (28.12.2023 13.35) on WINDOWS (J:21.0.1 FX:21.0.1)
21:06:01.682 [JavaFX Application Thread] DEBUG Engine               - JRE Vendor Name: Oracle Corporation
21:06:01.682 [JavaFX Application Thread] DEBUG Engine               - Running on OS: Windows 10 version 10.0
21:06:01.682 [JavaFX Application Thread] DEBUG Engine               - Architecture: amd64
21:06:01.683 [JavaFX Application Thread] INFO  Engine               - Source code and latest versions at: https://github.com/AlmasB/FXGL
21:06:01.683 [JavaFX Application Thread] INFO  Engine               -       Ask questions and discuss at: https://github.com/AlmasB/FXGL/discussions
21:06:01.683 [JavaFX Application Thread] INFO  Engine               -              Join the FXGL chat at: https://gitter.im/AlmasB/FXGL
21:06:01.806 [JavaFX Application Thread] DEBUG PrimaryStageWindow   - Creating a JavaFX scene
21:06:01.855 [JavaFX Application Thread] DEBUG PrimaryStageWindow   - Target settings size: 800.0 x 600.0
21:06:01.855 [JavaFX Application Thread] DEBUG PrimaryStageWindow   - Scaled scene size:    800.0 x 600.0
21:06:01.855 [JavaFX Application Thread] DEBUG PrimaryStageWindow   - Scaled ratio: (1.0, 1.0)
21:06:01.857 [JavaFX Application Thread] DEBUG PrimaryStageWindow   - Set initial scene to FXGLStartupScene
21:06:01.861 [JavaFX Application Thread] DEBUG PrimaryStageWindow   - Opening main window
21:06:01.970 [JavaFX Application Thread] DEBUG PrimaryStageWindow   - Window border size: (14.4000244140625, 37.5999755859375)
21:06:01.971 [JavaFX Application Thread] DEBUG PrimaryStageWindow   - Scaled size: 800.0 x 600.0
21:06:01.971 [JavaFX Application Thread] DEBUG PrimaryStageWindow   - Scaled ratio: (1.0, 1.0)
21:06:01.971 [JavaFX Application Thread] DEBUG PrimaryStageWindow   - Scene size: 800.0 x 600.0
21:06:01.972 [JavaFX Application Thread] DEBUG PrimaryStageWindow   - Stage size: 814.4000244140625 x 637.5999755859375
21:06:01.982 [FXGL Background Thread 1 ] DEBUG Engine               - Initializing environment variables
21:06:02.076 [FXGL Background Thread 1 ] DEBUG FXGLAssetLoaderServi - User app class for loading assets: class org.example.App
21:06:02.077 [FXGL Background Thread 1 ] DEBUG GameApplicationServi - Applying CSS: fxgl_dark.css
21:06:02.079 [FXGL Background Thread 1 ] DEBUG FXGLAssetLoaderServi - Loading from file system: jar:file:/C:/Users/Usuario/.m2/repository/com/github/almasb/fxgl/21/fxgl-21.jar!/fxglassets/ui/css/fxgl_dark.css
21:06:02.134 [FXGL Background Thread 1 ] DEBUG GameApplicationServi - Initializing application scenes
21:06:02.183 [FXGL Background Thread 1 ] DEBUG GameWorld            - Game world initialized
21:06:02.278 [FXGL Background Thread 1 ] DEBUG PhysicsWorld         - Physics world initialized: appHeight=600, physics.ppm=50,0
21:06:02.279 [FXGL Background Thread 1 ] DEBUG PhysicsWorld         - Using strategy: BRUTE_FORCE
21:06:02.286 [FXGL Background Thread 1 ] DEBUG GameScene            - Game scene initialized: 800x600
21:06:02.309 [FXGL Background Thread 1 ] DEBUG FXGL.DefaultMenu     - createMenuBodyGameMenu()
21:06:02.333 [FXGL Background Thread 1 ] DEBUG FXGL.DefaultMenu     - createOptionsMenu()
21:06:02.344 [FXGL Background Thread 1 ] DEBUG FXGLAssetLoaderServi - Loading from file system: jar:file:/C:/Users/Usuario/.m2/repository/com/github/almasb/fxgl/21/fxgl-21.jar!/fxglassets/textures/particles/smoke.png
21:06:02.454 [FXGL Background Thread 1 ] DEBUG FXGLAssetLoaderServi - Loading from file system: jar:file:/C:/Users/Usuario/.m2/repository/com/github/almasb/fxgl/21/fxgl-21.jar!/fxglassets/textures/particles/trace_horizontal.png
21:06:02.480 [FXGL Background Thread 1 ] DEBUG GameApplicationServi - Application scenes initialized
21:06:02.493 [FXGL Background Thread 1 ] DEBUG SystemBundleService  - Loading FXGL system data
21:06:02.497 [FXGL Background Thread 1 ] DEBUG FileSystemAccess     - Reading from: F:\Proyectos javafx\javafxgl\fxgl-demoImage\system\fxgl.bundle
21:06:02.507 [FXGL Background Thread 1 ] DEBUG SystemBundleService  - Bundle FXGL: {}
21:06:02.507 [FXGL Background Thread 1 ] DEBUG UpdaterService       - Checking for updates
21:06:02.513 [FXGL Background Thread 4 ] DEBUG FXGLApplication      - Loading fonts
21:06:02.513 [FXGL Background Thread 4 ] DEBUG FXGLAssetLoaderServi - Loading from file system: jar:file:/C:/Users/Usuario/.m2/repository/com/github/almasb/fxgl/21/fxgl-21.jar!/fxglassets/ui/fonts/VarelaRound-Regular.ttf
21:06:02.515 [FXGL Background Thread 1 ] DEBUG FXGLApplication      - Loading default localization
21:06:02.516 [FXGL Background Thread 1 ] DEBUG FXGLAssetLoaderServi - Loading from file system: jar:file:/C:/Users/Usuario/.m2/repository/com/github/almasb/fxgl/21/fxgl-21.jar!/fxglassets/languages/english.lang
21:06:02.574 [FXGL Background Thread 1 ] INFO  FXGLApplication      - FXGL initialization took: 0,592 sec
21:06:02.575 [FXGL Background Thread 4 ] DEBUG FXGLAssetLoaderServi - Loading from file system: jar:file:/C:/Users/Usuario/.m2/repository/com/github/almasb/fxgl/21/fxgl-21.jar!/fxglassets/ui/fonts/Abel-Regular.ttf
21:06:02.585 [FXGL Background Thread 4 ] DEBUG FXGLAssetLoaderServi - Loading from file system: jar:file:/C:/Users/Usuario/.m2/repository/com/github/almasb/fxgl/21/fxgl-21.jar!/fxglassets/ui/fonts/TerminalLandMono-Regular.otf
21:06:02.589 [JavaFX Application Thread] DEBUG Input                - Registered new binding: action0 - A
21:06:02.589 [JavaFX Application Thread] DEBUG Input                - Registered new binding: action1 - D
21:06:02.590 [JavaFX Application Thread] DEBUG Input                - Registered new binding: action2 - W
21:06:02.590 [JavaFX Application Thread] DEBUG Input                - Registered new binding: action3 - S
21:06:02.591 [JavaFX Application Thread] DEBUG FXGLAssetLoaderServi - Loading from file system: jar:file:/C:/Users/Usuario/.m2/repository/com/github/almasb/fxgl/21/fxgl-21.jar!/fxglassets/textures/fxgl_icon.png
21:06:02.597 [FXGL Background Thread 4 ] DEBUG FXGLAssetLoaderServi - Loading from file system: jar:file:/C:/Users/Usuario/.m2/repository/com/github/almasb/fxgl/21/fxgl-21.jar!/fxglassets/ui/fonts/Courier-Prime.ttf
21:06:02.618 [JavaFX Application Thread] DEBUG FXGLAssetLoaderServi - Loading from file system: jar:file:/C:/Users/Usuario/.m2/repository/com/github/almasb/fxgl/21/fxgl-21.jar!/fxglassets/textures/fxgl_default_cursor.png
21:06:02.621 [JavaFX Application Thread] DEBUG Input                - Registered new binding: Screenshot - CTRL+8
21:06:02.621 [JavaFX Application Thread] DEBUG Input                - Registered new binding: System info dump - CTRL+9
21:06:02.622 [JavaFX Application Thread] DEBUG Input                - Registered new binding: Restart - CTRL+R
21:06:02.623 [JavaFX Application Thread] DEBUG Input                - Registered new binding: Toggle Debug Camera - CTRL+7
21:06:02.626 [JavaFX Application Thread] DEBUG LoopRunner           - Starting loop
21:06:02.626 [JavaFX Application Thread] DEBUG LoopRunner           - Initializing JavaFX AnimationTimerLoop
21:06:02.630 [JavaFX Application Thread] DEBUG GameApplicationServi - Starting new game
21:06:02.630 [JavaFX Application Thread] DEBUG Input                - Clearing active input actions
21:06:02.643 [JavaFX Application Thread] DEBUG GameApplicationServi - Removing overlay from FXGLStartupScene and adding to FXGLLoadingScene
21:06:02.643 [JavaFX Application Thread] DEBUG PrimaryStageWindow   - FXGLStartupScene -> FXGLLoadingScene
21:06:02.643 [JavaFX Application Thread] DEBUG GameApplicationServi - Clearing previous game
21:06:02.643 [JavaFX Application Thread] DEBUG GameScene            - Clearing game scene
21:06:02.643 [JavaFX Application Thread] DEBUG GameWorld            - Clearing game world
21:06:02.643 [JavaFX Application Thread] DEBUG PhysicsWorld         - Clearing physics world
21:06:02.645 [JavaFX Application Thread] DEBUG FXGLApplication      - Registering font factories with UI factory
21:06:02.661 [FXGL Background Thread 4 ] DEBUG FXGLAssetLoaderServi - Loading from file system: file:/F:/Proyectos%20javafx/javafxgl/fxgl-demoImage/target/classes/assets/textures/bosque.jpg
21:06:02.764 [FXGL Background Thread 4 ] DEBUG FXGLAssetLoaderServi - Loading from file system: file:/F:/Proyectos%20javafx/javafxgl/fxgl-demoImage/target/classes/assets/textures/perro-right.png
21:06:02.807 [FXGL Background Thread 4 ] DEBUG FXGLAssetLoaderServi - Loading from file system: file:/F:/Proyectos%20javafx/javafxgl/fxgl-demoImage/target/classes/assets/textures/sprite_player.png
21:06:02.817 [FXGL Background Thread 4 ] INFO  FXGLApplication      - Game initialization took: 0,172 sec
21:06:02.829 [JavaFX Application Thread] DEBUG Input                - Clearing active input actions
21:06:02.845 [JavaFX Application Thread] DEBUG GameApplicationServi - Removing overlay from FXGLLoadingScene and adding to GameScene
21:06:02.846 [JavaFX Application Thread] DEBUG PrimaryStageWindow   - FXGLLoadingScene -> GameScene
21:06:03.046 [JavaFX Application Thread] DEBUG FXGLAssetLoaderServi - Loading from file system: file:/F:/Proyectos%20javafx/javafxgl/fxgl-demoImage/target/classes/assets/textures/hueso.png
21:06:05.511 [FXGL Background Thread 3 ] DEBUG Engine               - Logging environment variables
21:06:05.513 [FXGL Background Thread 3 ] DEBUG Engine               - achievements: []
21:06:05.513 [FXGL Background Thread 3 ] DEBUG Engine               - actualHeight: 600.0
21:06:05.514 [FXGL Background Thread 3 ] DEBUG Engine               - actualHeightProperty: ReadOnlyDoubleProperty [value: 600.0]
21:06:05.514 [FXGL Background Thread 3 ] DEBUG Engine               - actualWidth: 800.0
21:06:05.514 [FXGL Background Thread 3 ] DEBUG Engine               - actualWidthProperty: ReadOnlyDoubleProperty [value: 800.0]
21:06:05.515 [FXGL Background Thread 3 ] DEBUG Engine               - appIcon: fxgl_icon.png
21:06:05.515 [FXGL Background Thread 3 ] DEBUG Engine               - applicationMode: DEVELOPER
21:06:05.515 [FXGL Background Thread 3 ] DEBUG Engine               - cSSList: [fxgl_dark.css]
21:06:05.515 [FXGL Background Thread 3 ] DEBUG Engine               - collisionDetectionStrategy: BRUTE_FORCE
21:06:05.516 [FXGL Background Thread 3 ] DEBUG Engine               - configClass: Optional.empty
21:06:05.516 [FXGL Background Thread 3 ] DEBUG Engine               - credits: []
21:06:05.517 [FXGL Background Thread 3 ] DEBUG Engine               - defaultCursor: CursorInfo(imageName=fxgl_default_cursor.png, hotspotX=7.0, hotspotY=6.0)
21:06:05.517 [FXGL Background Thread 3 ] DEBUG Engine               - devBBoxColorProperty: ObjectProperty [value: 0xff0000ff]
21:06:05.518 [FXGL Background Thread 3 ] DEBUG Engine               - devEnableDebugCameraProperty: BooleanProperty [value: false]
21:06:05.518 [FXGL Background Thread 3 ] DEBUG Engine               - devSensorColorProperty: ObjectProperty [value: 0xffff00ff]
21:06:05.518 [FXGL Background Thread 3 ] DEBUG Engine               - devShowBBoxProperty: BooleanProperty [value: false]
21:06:05.518 [FXGL Background Thread 3 ] DEBUG Engine               - devShowPositionProperty: BooleanProperty [value: false]
21:06:05.519 [FXGL Background Thread 3 ] DEBUG Engine               - enabledMenuItems: []
21:06:05.519 [FXGL Background Thread 3 ] DEBUG Engine               - engineServices: [class com.almasb.fxgl.app.services.FXGLAssetLoaderService, class com.almasb.fxgl.app.FXGLApplication$GameApplicationService, class com.almasb.fxgl.app.services.FXGLDialogService, class com.almasb.fxgl.app.services.IOTaskExecutorService, class com.almasb.fxgl.io.FileSystemService, class com.almasb.fxgl.localization.LocalizationService, class com.almasb.fxgl.app.services.SystemBundleService, class com.almasb.fxgl.profile.SaveLoadService, class com.almasb.fxgl.ui.FXGLUIFactoryServiceProvider, class com.almasb.fxgl.ui.FXGLDialogFactoryServiceProvider, class com.almasb.fxgl.audio.AudioPlayer, class com.almasb.fxgl.notification.impl.NotificationServiceProvider, class com.almasb.fxgl.achievement.AchievementService, class com.almasb.fxgl.cutscene.CutsceneService, class com.almasb.fxgl.minigames.MiniGameService, class com.almasb.fxgl.net.NetService, class com.almasb.fxgl.app.services.UpdaterService, class com.almasb.fxgl.dev.DevService]
21:06:05.519 [FXGL Background Thread 3 ] DEBUG Engine               - fontGame: Abel-Regular.ttf
21:06:05.520 [FXGL Background Thread 3 ] DEBUG Engine               - fontMono: TerminalLandMono-Regular.otf
21:06:05.520 [FXGL Background Thread 3 ] DEBUG Engine               - fontSizeScaleUI: 1.0
21:06:05.520 [FXGL Background Thread 3 ] DEBUG Engine               - fontText: Courier-Prime.ttf
21:06:05.521 [FXGL Background Thread 3 ] DEBUG Engine               - fontUI: VarelaRound-Regular.ttf
21:06:05.521 [FXGL Background Thread 3 ] DEBUG Engine               - fullScreen: BooleanProperty [value: false]
21:06:05.521 [FXGL Background Thread 3 ] DEBUG Engine               - gameDifficulty: MEDIUM
21:06:05.521 [FXGL Background Thread 3 ] DEBUG Engine               - gameDifficultyProperty: ObjectProperty [value: MEDIUM]
21:06:05.521 [FXGL Background Thread 3 ] DEBUG Engine               - globalMusicVolume: 0.5
21:06:05.522 [FXGL Background Thread 3 ] DEBUG Engine               - globalMusicVolumeProperty: DoubleProperty [value: 0.5]
21:06:05.522 [FXGL Background Thread 3 ] DEBUG Engine               - globalSoundVolume: 0.5
21:06:05.522 [FXGL Background Thread 3 ] DEBUG Engine               - globalSoundVolumeProperty: DoubleProperty [value: 0.5]
21:06:05.523 [FXGL Background Thread 3 ] DEBUG Engine               - height: 600
21:06:05.523 [FXGL Background Thread 3 ] DEBUG Engine               - is3D: false
21:06:05.523 [FXGL Background Thread 3 ] DEBUG Engine               - isAndroid: false
21:06:05.523 [FXGL Background Thread 3 ] DEBUG Engine               - isBrowser: false
21:06:05.524 [FXGL Background Thread 3 ] DEBUG Engine               - isClickFeedbackEnabled: false
21:06:05.524 [FXGL Background Thread 3 ] DEBUG Engine               - isCloseConfirmation: false
21:06:05.524 [FXGL Background Thread 3 ] DEBUG Engine               - isDesktop: true
21:06:05.524 [FXGL Background Thread 3 ] DEBUG Engine               - isDeveloperMenuEnabled: false
21:06:05.524 [FXGL Background Thread 3 ] DEBUG Engine               - isEmbedded: false
21:06:05.525 [FXGL Background Thread 3 ] DEBUG Engine               - isEntityPreloadEnabled: true
21:06:05.525 [FXGL Background Thread 3 ] DEBUG Engine               - isExperimentalTiledLargeMap: false
21:06:05.525 [FXGL Background Thread 3 ] DEBUG Engine               - isFileSystemWriteAllowed: true
21:06:05.525 [FXGL Background Thread 3 ] DEBUG Engine               - isFullScreenAllowed: false
21:06:05.525 [FXGL Background Thread 3 ] DEBUG Engine               - isFullScreenFromStart: false
21:06:05.526 [FXGL Background Thread 3 ] DEBUG Engine               - isGameMenuEnabled: true
21:06:05.526 [FXGL Background Thread 3 ] DEBUG Engine               - isIOS: false
21:06:05.526 [FXGL Background Thread 3 ] DEBUG Engine               - isIntroEnabled: false
21:06:05.526 [FXGL Background Thread 3 ] DEBUG Engine               - isLinux: false
21:06:05.527 [FXGL Background Thread 3 ] DEBUG Engine               - isMac: false
21:06:05.527 [FXGL Background Thread 3 ] DEBUG Engine               - isMainMenuEnabled: false
21:06:05.527 [FXGL Background Thread 3 ] DEBUG Engine               - isManualResizeEnabled: false
21:06:05.528 [FXGL Background Thread 3 ] DEBUG Engine               - isMobile: false
21:06:05.528 [FXGL Background Thread 3 ] DEBUG Engine               - isNative: false
21:06:05.528 [FXGL Background Thread 3 ] DEBUG Engine               - isPauseMusicWhenMinimized: true
21:06:05.528 [FXGL Background Thread 3 ] DEBUG Engine               - isPreserveResizeRatio: false
21:06:05.528 [FXGL Background Thread 3 ] DEBUG Engine               - isProfilingEnabled: false
21:06:05.528 [FXGL Background Thread 3 ] DEBUG Engine               - isScaleAffectedOnResize: true
21:06:05.529 [FXGL Background Thread 3 ] DEBUG Engine               - isSingleStep: false
21:06:05.529 [FXGL Background Thread 3 ] DEBUG Engine               - isUserProfileEnabled: false
21:06:05.529 [FXGL Background Thread 3 ] DEBUG Engine               - isWindows: true
21:06:05.529 [FXGL Background Thread 3 ] DEBUG Engine               - language: ObjectProperty [value: ENGLISH]
21:06:05.529 [FXGL Background Thread 3 ] DEBUG Engine               - menuKey: ESCAPE
21:06:05.530 [FXGL Background Thread 3 ] DEBUG Engine               - mouseSensitivity: 0.2
21:06:05.530 [FXGL Background Thread 3 ] DEBUG Engine               - notificationViewClass: class com.almasb.fxgl.notification.view.XboxNotificationView
21:06:05.530 [FXGL Background Thread 3 ] DEBUG Engine               - pixelsPerMeter: 50.0
21:06:05.530 [FXGL Background Thread 3 ] DEBUG Engine               - platform: WINDOWS
21:06:05.531 [FXGL Background Thread 3 ] DEBUG Engine               - prefHeightProperty: ReadOnlyDoubleProperty [value: 600.0]
21:06:05.531 [FXGL Background Thread 3 ] DEBUG Engine               - prefWidthProperty: ReadOnlyDoubleProperty [value: 800.0]
21:06:05.531 [FXGL Background Thread 3 ] DEBUG Engine               - profileDir: profiles/
21:06:05.531 [FXGL Background Thread 3 ] DEBUG Engine               - profileName: StringProperty [value: DEFAULT]
21:06:05.532 [FXGL Background Thread 3 ] DEBUG Engine               - randomSeed: -1
21:06:05.532 [FXGL Background Thread 3 ] DEBUG Engine               - runtimeInfo: RuntimeInfo(platform=WINDOWS, version=21, build=28.12.2023 13.35)
21:06:05.533 [FXGL Background Thread 3 ] DEBUG Engine               - saveFileExt: sav
21:06:05.533 [FXGL Background Thread 3 ] DEBUG Engine               - scaledHeightProp$fxgl: DoubleProperty [bound, value: 600.0]
21:06:05.533 [FXGL Background Thread 3 ] DEBUG Engine               - scaledWidthProp$fxgl: DoubleProperty [bound, value: 800.0]
21:06:05.533 [FXGL Background Thread 3 ] DEBUG Engine               - sceneFactory: com.almasb.fxgl.app.scene.SceneFactory@62ed2ebe
21:06:05.534 [FXGL Background Thread 3 ] DEBUG Engine               - secondsIn24h: 60
21:06:05.534 [FXGL Background Thread 3 ] DEBUG Engine               - soundMenuBack: menu/back.wav
21:06:05.534 [FXGL Background Thread 3 ] DEBUG Engine               - soundMenuPress: menu/press.wav
21:06:05.534 [FXGL Background Thread 3 ] DEBUG Engine               - soundMenuSelect: menu/select.wav
21:06:05.534 [FXGL Background Thread 3 ] DEBUG Engine               - soundNotification: core/notification.wav
21:06:05.535 [FXGL Background Thread 3 ] DEBUG Engine               - stageStyle: DECORATED
21:06:05.535 [FXGL Background Thread 3 ] DEBUG Engine               - supportedLanguages: [ENGLISH, FRENCH, GERMAN, HUNGARIAN, RUSSIAN]
21:06:05.535 [FXGL Background Thread 3 ] DEBUG Engine               - ticksPerSecond: -1
21:06:05.536 [FXGL Background Thread 3 ] DEBUG Engine               - title: DemoImage
21:06:05.536 [FXGL Background Thread 3 ] DEBUG Engine               - urlGithub: https://github.com/AlmasB/FXGL
21:06:05.536 [FXGL Background Thread 3 ] DEBUG Engine               - urlLeaderboard: http://fxgl-top.herokuapp.com/
21:06:05.536 [FXGL Background Thread 3 ] DEBUG Engine               - urlPOM: https://raw.githubusercontent.com/AlmasB/FXGL/release/README.md
21:06:05.537 [FXGL Background Thread 3 ] DEBUG Engine               - userAppClass: class org.example.App
21:06:05.537 [FXGL Background Thread 3 ] DEBUG Engine               - version: 0.0
21:06:05.537 [FXGL Background Thread 3 ] DEBUG Engine               - versionCheckDays: 7
21:06:05.537 [FXGL Background Thread 3 ] DEBUG Engine               - width: 800
21:06:05.537 [FXGL Background Thread 3 ] DEBUG Engine               - Logging services
21:06:05.538 [FXGL Background Thread 3 ] DEBUG Engine               - class com.almasb.fxgl.app.services.FXGLAssetLoaderService
21:06:05.538 [FXGL Background Thread 3 ] DEBUG Engine               - class com.almasb.fxgl.app.FXGLApplication$GameApplicationService
21:06:05.538 [FXGL Background Thread 3 ] DEBUG Engine               - class com.almasb.fxgl.app.services.FXGLDialogService
21:06:05.538 [FXGL Background Thread 3 ] DEBUG Engine               - class com.almasb.fxgl.app.services.IOTaskExecutorService
21:06:05.538 [FXGL Background Thread 3 ] DEBUG Engine               - class com.almasb.fxgl.io.FileSystemService
21:06:05.539 [FXGL Background Thread 3 ] DEBUG Engine               - class com.almasb.fxgl.localization.LocalizationService
21:06:05.539 [FXGL Background Thread 3 ] DEBUG Engine               - class com.almasb.fxgl.app.services.SystemBundleService
21:06:05.539 [FXGL Background Thread 3 ] DEBUG Engine               - class com.almasb.fxgl.profile.SaveLoadService
21:06:05.539 [FXGL Background Thread 3 ] DEBUG Engine               - class com.almasb.fxgl.ui.FXGLUIFactoryServiceProvider
21:06:05.539 [FXGL Background Thread 3 ] DEBUG Engine               - class com.almasb.fxgl.ui.FXGLDialogFactoryServiceProvider
21:06:05.540 [FXGL Background Thread 3 ] DEBUG Engine               - class com.almasb.fxgl.audio.AudioPlayer
21:06:05.540 [FXGL Background Thread 3 ] DEBUG Engine               - class com.almasb.fxgl.notification.impl.NotificationServiceProvider
21:06:05.540 [FXGL Background Thread 3 ] DEBUG Engine               - class com.almasb.fxgl.achievement.AchievementService
21:06:05.540 [FXGL Background Thread 3 ] DEBUG Engine               - class com.almasb.fxgl.cutscene.CutsceneService
21:06:05.540 [FXGL Background Thread 3 ] DEBUG Engine               - class com.almasb.fxgl.minigames.MiniGameService
21:06:05.540 [FXGL Background Thread 3 ] DEBUG Engine               - class com.almasb.fxgl.net.NetService
21:06:05.541 [FXGL Background Thread 3 ] DEBUG Engine               - class com.almasb.fxgl.app.services.UpdaterService
21:06:05.541 [FXGL Background Thread 3 ] DEBUG Engine               - class com.almasb.fxgl.dev.DevService
21:07:21.550 [JavaFX Application Thread] DEBUG FXGLApplication      - Exiting FXGL
21:07:21.550 [JavaFX Application Thread] DEBUG LoopRunner           - Stopping loop
21:07:21.550 [JavaFX Application Thread] DEBUG SystemBundleService  - Saving FXGL system data
21:07:21.552 [JavaFX Application Thread] DEBUG FileSystemAccess     - Writing to: F:\Proyectos javafx\javafxgl\fxgl-demoImage\system\fxgl.bundle
21:07:21.555 [JavaFX Application Thread] DEBUG Async                - Shutting down background threads
21:07:21.555 [JavaFX Application Thread] DEBUG PrimaryStageWindow   - Closing main window
21:07:21.574 [JavaFX Application Thread] DEBUG Logger               - Closing Logger
